836c836
< CDF3  AE FF 07  LDX $07FF = FB                  A:04 X:69 Y:01 P:27 SP:69 PPU: 16,301 CYC:1919
---
> CDF3  AE FF 07  LDX $07FF                       A:04 X:69 Y:01 P:27 SP:69 PPU: 16,301 CYC:1919
863c863
< CE1E  AD 80 01  LDA $0180 = 33                  A:33 X:80 Y:01 P:27 SP:80 PPU: 17,179 CYC:1992
---
> CE1E  AD 80 01  LDA $0180                       A:33 X:80 Y:01 P:27 SP:80 PPU: 17,179 CYC:1992
866c866
< CE25  AD 7F 01  LDA $017F = 69                  A:33 X:80 Y:01 P:27 SP:80 PPU: 17,203 CYC:2000
---
> CE25  AD 7F 01  LDA $017F                       A:33 X:80 Y:01 P:27 SP:80 PPU: 17,203 CYC:2000
964c964
< CEE9  AE FF 07  LDX $07FF = FB                  A:55 X:99 Y:88 P:27 SP:80 PPU: 19,286 CYC:2255
---
> CEE9  AE FF 07  LDX $07FF                       A:55 X:99 Y:88 P:27 SP:80 PPU: 19,286 CYC:2255
1061c1061
< CFA2  A5 00     LDA $00 = 00                    A:AA X:55 Y:69 P:27 SP:FB PPU: 21,267 CYC:2476
---
> CFA2  A5 00     LDA $00                         A:AA X:55 Y:69 P:27 SP:FB PPU: 21,267 CYC:2476
1087,8991c1087,7359
< CFDB  A1 80     LDA ($80,X) @ 80 = 0200 = 5A    A:5D X:00 Y:69 P:27 SP:FB PPU: 22,139 CYC:2547
< CFDD  C9 5A     CMP #$5A                        A:5A X:00 Y:69 P:25 SP:FB PPU: 22,157 CYC:2553
< CFDF  D0 1F     BNE $D000                       A:5A X:00 Y:69 P:27 SP:FB PPU: 22,163 CYC:2555
< CFE1  E8        INX                             A:5A X:00 Y:69 P:27 SP:FB PPU: 22,169 CYC:2557
< CFE2  E8        INX                             A:5A X:01 Y:69 P:25 SP:FB PPU: 22,175 CYC:2559
< CFE3  A1 80     LDA ($80,X) @ 82 = 0300 = 5B    A:5A X:02 Y:69 P:25 SP:FB PPU: 22,181 CYC:2561
< CFE5  C9 5B     CMP #$5B                        A:5B X:02 Y:69 P:25 SP:FB PPU: 22,199 CYC:2567
< CFE7  D0 17     BNE $D000                       A:5B X:02 Y:69 P:27 SP:FB PPU: 22,205 CYC:2569
< CFE9  E8        INX                             A:5B X:02 Y:69 P:27 SP:FB PPU: 22,211 CYC:2571
< CFEA  A1 80     LDA ($80,X) @ 83 = 0303 = 5C    A:5B X:03 Y:69 P:25 SP:FB PPU: 22,217 CYC:2573
< CFEC  C9 5C     CMP #$5C                        A:5C X:03 Y:69 P:25 SP:FB PPU: 22,235 CYC:2579
< CFEE  D0 10     BNE $D000                       A:5C X:03 Y:69 P:27 SP:FB PPU: 22,241 CYC:2581
< CFF0  A2 00     LDX #$00                        A:5C X:03 Y:69 P:27 SP:FB PPU: 22,247 CYC:2583
< CFF2  A1 FF     LDA ($FF,X) @ FF = 0400 = 5D    A:5C X:00 Y:69 P:27 SP:FB PPU: 22,253 CYC:2585
< CFF4  C9 5D     CMP #$5D                        A:5D X:00 Y:69 P:25 SP:FB PPU: 22,271 CYC:2591
< CFF6  D0 08     BNE $D000                       A:5D X:00 Y:69 P:27 SP:FB PPU: 22,277 CYC:2593
< CFF8  A2 81     LDX #$81                        A:5D X:00 Y:69 P:27 SP:FB PPU: 22,283 CYC:2595
< CFFA  A1 FF     LDA ($FF,X) @ 80 = 0200 = 5A    A:5D X:81 Y:69 P:A5 SP:FB PPU: 22,289 CYC:2597
< CFFC  C9 5A     CMP #$5A                        A:5A X:81 Y:69 P:25 SP:FB PPU: 22,307 CYC:2603
< CFFE  F0 05     BEQ $D005                       A:5A X:81 Y:69 P:27 SP:FB PPU: 22,313 CYC:2605
< D005  A9 AA     LDA #$AA                        A:5A X:81 Y:69 P:27 SP:FB PPU: 22,322 CYC:2608
< D007  A2 00     LDX #$00                        A:AA X:81 Y:69 P:A5 SP:FB PPU: 22,328 CYC:2610
< D009  81 80     STA ($80,X) @ 80 = 0200 = 5A    A:AA X:00 Y:69 P:27 SP:FB PPU: 22,334 CYC:2612
< D00B  E8        INX                             A:AA X:00 Y:69 P:27 SP:FB PPU: 23, 11 CYC:2618
< D00C  E8        INX                             A:AA X:01 Y:69 P:25 SP:FB PPU: 23, 17 CYC:2620
< D00D  A9 AB     LDA #$AB                        A:AA X:02 Y:69 P:25 SP:FB PPU: 23, 23 CYC:2622
< D00F  81 80     STA ($80,X) @ 82 = 0300 = 5B    A:AB X:02 Y:69 P:A5 SP:FB PPU: 23, 29 CYC:2624
< D011  E8        INX                             A:AB X:02 Y:69 P:A5 SP:FB PPU: 23, 47 CYC:2630
< D012  A9 AC     LDA #$AC                        A:AB X:03 Y:69 P:25 SP:FB PPU: 23, 53 CYC:2632
< D014  81 80     STA ($80,X) @ 83 = 0303 = 5C    A:AC X:03 Y:69 P:A5 SP:FB PPU: 23, 59 CYC:2634
< D016  A2 00     LDX #$00                        A:AC X:03 Y:69 P:A5 SP:FB PPU: 23, 77 CYC:2640
< D018  A9 AD     LDA #$AD                        A:AC X:00 Y:69 P:27 SP:FB PPU: 23, 83 CYC:2642
< D01A  81 FF     STA ($FF,X) @ FF = 0400 = 5D    A:AD X:00 Y:69 P:A5 SP:FB PPU: 23, 89 CYC:2644
< D01C  AD 00 02  LDA $0200 = AA                  A:AD X:00 Y:69 P:A5 SP:FB PPU: 23,107 CYC:2650
< D01F  C9 AA     CMP #$AA                        A:AA X:00 Y:69 P:A5 SP:FB PPU: 23,119 CYC:2654
< D021  D0 15     BNE $D038                       A:AA X:00 Y:69 P:27 SP:FB PPU: 23,125 CYC:2656
< D023  AD 00 03  LDA $0300 = AB                  A:AA X:00 Y:69 P:27 SP:FB PPU: 23,131 CYC:2658
< D026  C9 AB     CMP #$AB                        A:AB X:00 Y:69 P:A5 SP:FB PPU: 23,143 CYC:2662
< D028  D0 0E     BNE $D038                       A:AB X:00 Y:69 P:27 SP:FB PPU: 23,149 CYC:2664
< D02A  AD 03 03  LDA $0303 = AC                  A:AB X:00 Y:69 P:27 SP:FB PPU: 23,155 CYC:2666
< D02D  C9 AC     CMP #$AC                        A:AC X:00 Y:69 P:A5 SP:FB PPU: 23,167 CYC:2670
< D02F  D0 07     BNE $D038                       A:AC X:00 Y:69 P:27 SP:FB PPU: 23,173 CYC:2672
< D031  AD 00 04  LDA $0400 = AD                  A:AC X:00 Y:69 P:27 SP:FB PPU: 23,179 CYC:2674
< D034  C9 AD     CMP #$AD                        A:AD X:00 Y:69 P:A5 SP:FB PPU: 23,191 CYC:2678
< D036  F0 05     BEQ $D03D                       A:AD X:00 Y:69 P:27 SP:FB PPU: 23,197 CYC:2680
< D03D  AD FF 07  LDA $07FF = 00                  A:AD X:00 Y:69 P:27 SP:FB PPU: 23,206 CYC:2683
< D040  85 00     STA $00 = 04                    A:00 X:00 Y:69 P:27 SP:FB PPU: 23,218 CYC:2687
< D042  A9 00     LDA #$00                        A:00 X:00 Y:69 P:27 SP:FB PPU: 23,227 CYC:2690
< D044  8D 00 03  STA $0300 = AB                  A:00 X:00 Y:69 P:27 SP:FB PPU: 23,233 CYC:2692
< D047  A9 AA     LDA #$AA                        A:00 X:00 Y:69 P:27 SP:FB PPU: 23,245 CYC:2696
< D049  8D 00 02  STA $0200 = AA                  A:AA X:00 Y:69 P:A5 SP:FB PPU: 23,251 CYC:2698
< D04C  A2 00     LDX #$00                        A:AA X:00 Y:69 P:A5 SP:FB PPU: 23,263 CYC:2702
< D04E  A0 5A     LDY #$5A                        A:AA X:00 Y:69 P:27 SP:FB PPU: 23,269 CYC:2704
< D050  20 B6 F7  JSR $F7B6                       A:AA X:00 Y:5A P:25 SP:FB PPU: 23,275 CYC:2706
< F7B6  18        CLC                             A:AA X:00 Y:5A P:25 SP:F9 PPU: 23,293 CYC:2712
< F7B7  A9 FF     LDA #$FF                        A:AA X:00 Y:5A P:24 SP:F9 PPU: 23,299 CYC:2714
< F7B9  85 01     STA $01 = FF                    A:FF X:00 Y:5A P:A4 SP:F9 PPU: 23,305 CYC:2716
< F7BB  24 01     BIT $01 = FF                    A:FF X:00 Y:5A P:A4 SP:F9 PPU: 23,314 CYC:2719
< F7BD  A9 55     LDA #$55                        A:FF X:00 Y:5A P:E4 SP:F9 PPU: 23,323 CYC:2722
< F7BF  60        RTS                             A:55 X:00 Y:5A P:64 SP:F9 PPU: 23,329 CYC:2724
< D053  01 80     ORA ($80,X) @ 80 = 0200 = AA    A:55 X:00 Y:5A P:64 SP:FB PPU: 24,  6 CYC:2730
< D055  20 C0 F7  JSR $F7C0                       A:FF X:00 Y:5A P:E4 SP:FB PPU: 24, 24 CYC:2736
< F7C0  B0 09     BCS $F7CB                       A:FF X:00 Y:5A P:E4 SP:F9 PPU: 24, 42 CYC:2742
< F7C2  10 07     BPL $F7CB                       A:FF X:00 Y:5A P:E4 SP:F9 PPU: 24, 48 CYC:2744
< F7C4  C9 FF     CMP #$FF                        A:FF X:00 Y:5A P:E4 SP:F9 PPU: 24, 54 CYC:2746
< F7C6  D0 03     BNE $F7CB                       A:FF X:00 Y:5A P:67 SP:F9 PPU: 24, 60 CYC:2748
< F7C8  50 01     BVC $F7CB                       A:FF X:00 Y:5A P:67 SP:F9 PPU: 24, 66 CYC:2750
< F7CA  60        RTS                             A:FF X:00 Y:5A P:67 SP:F9 PPU: 24, 72 CYC:2752
< D058  C8        INY                             A:FF X:00 Y:5A P:67 SP:FB PPU: 24, 90 CYC:2758
< D059  20 CE F7  JSR $F7CE                       A:FF X:00 Y:5B P:65 SP:FB PPU: 24, 96 CYC:2760
< F7CE  38        SEC                             A:FF X:00 Y:5B P:65 SP:F9 PPU: 24,114 CYC:2766
< F7CF  B8        CLV                             A:FF X:00 Y:5B P:65 SP:F9 PPU: 24,120 CYC:2768
< F7D0  A9 00     LDA #$00                        A:FF X:00 Y:5B P:25 SP:F9 PPU: 24,126 CYC:2770
< F7D2  60        RTS                             A:00 X:00 Y:5B P:27 SP:F9 PPU: 24,132 CYC:2772
< D05C  01 82     ORA ($82,X) @ 82 = 0300 = 00    A:00 X:00 Y:5B P:27 SP:FB PPU: 24,150 CYC:2778
< D05E  20 D3 F7  JSR $F7D3                       A:00 X:00 Y:5B P:27 SP:FB PPU: 24,168 CYC:2784
< F7D3  D0 07     BNE $F7DC                       A:00 X:00 Y:5B P:27 SP:F9 PPU: 24,186 CYC:2790
< F7D5  70 05     BVS $F7DC                       A:00 X:00 Y:5B P:27 SP:F9 PPU: 24,192 CYC:2792
< F7D7  90 03     BCC $F7DC                       A:00 X:00 Y:5B P:27 SP:F9 PPU: 24,198 CYC:2794
< F7D9  30 01     BMI $F7DC                       A:00 X:00 Y:5B P:27 SP:F9 PPU: 24,204 CYC:2796
< F7DB  60        RTS                             A:00 X:00 Y:5B P:27 SP:F9 PPU: 24,210 CYC:2798
< D061  C8        INY                             A:00 X:00 Y:5B P:27 SP:FB PPU: 24,228 CYC:2804
< D062  20 DF F7  JSR $F7DF                       A:00 X:00 Y:5C P:25 SP:FB PPU: 24,234 CYC:2806
< F7DF  18        CLC                             A:00 X:00 Y:5C P:25 SP:F9 PPU: 24,252 CYC:2812
< F7E0  24 01     BIT $01 = FF                    A:00 X:00 Y:5C P:24 SP:F9 PPU: 24,258 CYC:2814
< F7E2  A9 55     LDA #$55                        A:00 X:00 Y:5C P:E6 SP:F9 PPU: 24,267 CYC:2817
< F7E4  60        RTS                             A:55 X:00 Y:5C P:64 SP:F9 PPU: 24,273 CYC:2819
< D065  21 80     AND ($80,X) @ 80 = 0200 = AA    A:55 X:00 Y:5C P:64 SP:FB PPU: 24,291 CYC:2825
< D067  20 E5 F7  JSR $F7E5                       A:00 X:00 Y:5C P:66 SP:FB PPU: 24,309 CYC:2831
< F7E5  D0 07     BNE $F7EE                       A:00 X:00 Y:5C P:66 SP:F9 PPU: 24,327 CYC:2837
< F7E7  50 05     BVC $F7EE                       A:00 X:00 Y:5C P:66 SP:F9 PPU: 24,333 CYC:2839
< F7E9  B0 03     BCS $F7EE                       A:00 X:00 Y:5C P:66 SP:F9 PPU: 24,339 CYC:2841
< F7EB  30 01     BMI $F7EE                       A:00 X:00 Y:5C P:66 SP:F9 PPU: 25,  4 CYC:2843
< F7ED  60        RTS                             A:00 X:00 Y:5C P:66 SP:F9 PPU: 25, 10 CYC:2845
< D06A  C8        INY                             A:00 X:00 Y:5C P:66 SP:FB PPU: 25, 28 CYC:2851
< D06B  A9 EF     LDA #$EF                        A:00 X:00 Y:5D P:64 SP:FB PPU: 25, 34 CYC:2853
< D06D  8D 00 03  STA $0300 = 00                  A:EF X:00 Y:5D P:E4 SP:FB PPU: 25, 40 CYC:2855
< D070  20 F1 F7  JSR $F7F1                       A:EF X:00 Y:5D P:E4 SP:FB PPU: 25, 52 CYC:2859
< F7F1  38        SEC                             A:EF X:00 Y:5D P:E4 SP:F9 PPU: 25, 70 CYC:2865
< F7F2  B8        CLV                             A:EF X:00 Y:5D P:E5 SP:F9 PPU: 25, 76 CYC:2867
< F7F3  A9 F8     LDA #$F8                        A:EF X:00 Y:5D P:A5 SP:F9 PPU: 25, 82 CYC:2869
< F7F5  60        RTS                             A:F8 X:00 Y:5D P:A5 SP:F9 PPU: 25, 88 CYC:2871
< D073  21 82     AND ($82,X) @ 82 = 0300 = EF    A:F8 X:00 Y:5D P:A5 SP:FB PPU: 25,106 CYC:2877
< D075  20 F6 F7  JSR $F7F6                       A:E8 X:00 Y:5D P:A5 SP:FB PPU: 25,124 CYC:2883
< F7F6  90 09     BCC $F801                       A:E8 X:00 Y:5D P:A5 SP:F9 PPU: 25,142 CYC:2889
< F7F8  10 07     BPL $F801                       A:E8 X:00 Y:5D P:A5 SP:F9 PPU: 25,148 CYC:2891
< F7FA  C9 E8     CMP #$E8                        A:E8 X:00 Y:5D P:A5 SP:F9 PPU: 25,154 CYC:2893
< F7FC  D0 03     BNE $F801                       A:E8 X:00 Y:5D P:27 SP:F9 PPU: 25,160 CYC:2895
< F7FE  70 01     BVS $F801                       A:E8 X:00 Y:5D P:27 SP:F9 PPU: 25,166 CYC:2897
< F800  60        RTS                             A:E8 X:00 Y:5D P:27 SP:F9 PPU: 25,172 CYC:2899
< D078  C8        INY                             A:E8 X:00 Y:5D P:27 SP:FB PPU: 25,190 CYC:2905
< D079  20 04 F8  JSR $F804                       A:E8 X:00 Y:5E P:25 SP:FB PPU: 25,196 CYC:2907
< F804  18        CLC                             A:E8 X:00 Y:5E P:25 SP:F9 PPU: 25,214 CYC:2913
< F805  24 01     BIT $01 = FF                    A:E8 X:00 Y:5E P:24 SP:F9 PPU: 25,220 CYC:2915
< F807  A9 5F     LDA #$5F                        A:E8 X:00 Y:5E P:E4 SP:F9 PPU: 25,229 CYC:2918
< F809  60        RTS                             A:5F X:00 Y:5E P:64 SP:F9 PPU: 25,235 CYC:2920
< D07C  41 80     EOR ($80,X) @ 80 = 0200 = AA    A:5F X:00 Y:5E P:64 SP:FB PPU: 25,253 CYC:2926
< D07E  20 0A F8  JSR $F80A                       A:F5 X:00 Y:5E P:E4 SP:FB PPU: 25,271 CYC:2932
< F80A  B0 09     BCS $F815                       A:F5 X:00 Y:5E P:E4 SP:F9 PPU: 25,289 CYC:2938
< F80C  10 07     BPL $F815                       A:F5 X:00 Y:5E P:E4 SP:F9 PPU: 25,295 CYC:2940
< F80E  C9 F5     CMP #$F5                        A:F5 X:00 Y:5E P:E4 SP:F9 PPU: 25,301 CYC:2942
< F810  D0 03     BNE $F815                       A:F5 X:00 Y:5E P:67 SP:F9 PPU: 25,307 CYC:2944
< F812  50 01     BVC $F815                       A:F5 X:00 Y:5E P:67 SP:F9 PPU: 25,313 CYC:2946
< F814  60        RTS                             A:F5 X:00 Y:5E P:67 SP:F9 PPU: 25,319 CYC:2948
< D081  C8        INY                             A:F5 X:00 Y:5E P:67 SP:FB PPU: 25,337 CYC:2954
< D082  A9 70     LDA #$70                        A:F5 X:00 Y:5F P:65 SP:FB PPU: 26,  2 CYC:2956
< D084  8D 00 03  STA $0300 = EF                  A:70 X:00 Y:5F P:65 SP:FB PPU: 26,  8 CYC:2958
< D087  20 18 F8  JSR $F818                       A:70 X:00 Y:5F P:65 SP:FB PPU: 26, 20 CYC:2962
< F818  38        SEC                             A:70 X:00 Y:5F P:65 SP:F9 PPU: 26, 38 CYC:2968
< F819  B8        CLV                             A:70 X:00 Y:5F P:65 SP:F9 PPU: 26, 44 CYC:2970
< F81A  A9 70     LDA #$70                        A:70 X:00 Y:5F P:25 SP:F9 PPU: 26, 50 CYC:2972
< F81C  60        RTS                             A:70 X:00 Y:5F P:25 SP:F9 PPU: 26, 56 CYC:2974
< D08A  41 82     EOR ($82,X) @ 82 = 0300 = 70    A:70 X:00 Y:5F P:25 SP:FB PPU: 26, 74 CYC:2980
< D08C  20 1D F8  JSR $F81D                       A:00 X:00 Y:5F P:27 SP:FB PPU: 26, 92 CYC:2986
< F81D  D0 07     BNE $F826                       A:00 X:00 Y:5F P:27 SP:F9 PPU: 26,110 CYC:2992
< F81F  70 05     BVS $F826                       A:00 X:00 Y:5F P:27 SP:F9 PPU: 26,116 CYC:2994
< F821  90 03     BCC $F826                       A:00 X:00 Y:5F P:27 SP:F9 PPU: 26,122 CYC:2996
< F823  30 01     BMI $F826                       A:00 X:00 Y:5F P:27 SP:F9 PPU: 26,128 CYC:2998
< F825  60        RTS                             A:00 X:00 Y:5F P:27 SP:F9 PPU: 26,134 CYC:3000
< D08F  C8        INY                             A:00 X:00 Y:5F P:27 SP:FB PPU: 26,152 CYC:3006
< D090  A9 69     LDA #$69                        A:00 X:00 Y:60 P:25 SP:FB PPU: 26,158 CYC:3008
< D092  8D 00 02  STA $0200 = AA                  A:69 X:00 Y:60 P:25 SP:FB PPU: 26,164 CYC:3010
< D095  20 29 F8  JSR $F829                       A:69 X:00 Y:60 P:25 SP:FB PPU: 26,176 CYC:3014
< F829  18        CLC                             A:69 X:00 Y:60 P:25 SP:F9 PPU: 26,194 CYC:3020
< F82A  24 01     BIT $01 = FF                    A:69 X:00 Y:60 P:24 SP:F9 PPU: 26,200 CYC:3022
< F82C  A9 00     LDA #$00                        A:69 X:00 Y:60 P:E4 SP:F9 PPU: 26,209 CYC:3025
< F82E  60        RTS                             A:00 X:00 Y:60 P:66 SP:F9 PPU: 26,215 CYC:3027
< D098  61 80     ADC ($80,X) @ 80 = 0200 = 69    A:00 X:00 Y:60 P:66 SP:FB PPU: 26,233 CYC:3033
< D09A  20 2F F8  JSR $F82F                       A:69 X:00 Y:60 P:24 SP:FB PPU: 26,251 CYC:3039
< F82F  30 09     BMI $F83A                       A:69 X:00 Y:60 P:24 SP:F9 PPU: 26,269 CYC:3045
< F831  B0 07     BCS $F83A                       A:69 X:00 Y:60 P:24 SP:F9 PPU: 26,275 CYC:3047
< F833  C9 69     CMP #$69                        A:69 X:00 Y:60 P:24 SP:F9 PPU: 26,281 CYC:3049
< F835  D0 03     BNE $F83A                       A:69 X:00 Y:60 P:27 SP:F9 PPU: 26,287 CYC:3051
< F837  70 01     BVS $F83A                       A:69 X:00 Y:60 P:27 SP:F9 PPU: 26,293 CYC:3053
< F839  60        RTS                             A:69 X:00 Y:60 P:27 SP:F9 PPU: 26,299 CYC:3055
< D09D  C8        INY                             A:69 X:00 Y:60 P:27 SP:FB PPU: 26,317 CYC:3061
< D09E  20 3D F8  JSR $F83D                       A:69 X:00 Y:61 P:25 SP:FB PPU: 26,323 CYC:3063
< F83D  38        SEC                             A:69 X:00 Y:61 P:25 SP:F9 PPU: 27,  0 CYC:3069
< F83E  24 01     BIT $01 = FF                    A:69 X:00 Y:61 P:25 SP:F9 PPU: 27,  6 CYC:3071
< F840  A9 00     LDA #$00                        A:69 X:00 Y:61 P:E5 SP:F9 PPU: 27, 15 CYC:3074
< F842  60        RTS                             A:00 X:00 Y:61 P:67 SP:F9 PPU: 27, 21 CYC:3076
< D0A1  61 80     ADC ($80,X) @ 80 = 0200 = 69    A:00 X:00 Y:61 P:67 SP:FB PPU: 27, 39 CYC:3082
< D0A3  20 43 F8  JSR $F843                       A:6A X:00 Y:61 P:24 SP:FB PPU: 27, 57 CYC:3088
< F843  30 09     BMI $F84E                       A:6A X:00 Y:61 P:24 SP:F9 PPU: 27, 75 CYC:3094
< F845  B0 07     BCS $F84E                       A:6A X:00 Y:61 P:24 SP:F9 PPU: 27, 81 CYC:3096
< F847  C9 6A     CMP #$6A                        A:6A X:00 Y:61 P:24 SP:F9 PPU: 27, 87 CYC:3098
< F849  D0 03     BNE $F84E                       A:6A X:00 Y:61 P:27 SP:F9 PPU: 27, 93 CYC:3100
< F84B  70 01     BVS $F84E                       A:6A X:00 Y:61 P:27 SP:F9 PPU: 27, 99 CYC:3102
< F84D  60        RTS                             A:6A X:00 Y:61 P:27 SP:F9 PPU: 27,105 CYC:3104
< D0A6  C8        INY                             A:6A X:00 Y:61 P:27 SP:FB PPU: 27,123 CYC:3110
< D0A7  A9 7F     LDA #$7F                        A:6A X:00 Y:62 P:25 SP:FB PPU: 27,129 CYC:3112
< D0A9  8D 00 02  STA $0200 = 69                  A:7F X:00 Y:62 P:25 SP:FB PPU: 27,135 CYC:3114
< D0AC  20 51 F8  JSR $F851                       A:7F X:00 Y:62 P:25 SP:FB PPU: 27,147 CYC:3118
< F851  38        SEC                             A:7F X:00 Y:62 P:25 SP:F9 PPU: 27,165 CYC:3124
< F852  B8        CLV                             A:7F X:00 Y:62 P:25 SP:F9 PPU: 27,171 CYC:3126
< F853  A9 7F     LDA #$7F                        A:7F X:00 Y:62 P:25 SP:F9 PPU: 27,177 CYC:3128
< F855  60        RTS                             A:7F X:00 Y:62 P:25 SP:F9 PPU: 27,183 CYC:3130
< D0AF  61 80     ADC ($80,X) @ 80 = 0200 = 7F    A:7F X:00 Y:62 P:25 SP:FB PPU: 27,201 CYC:3136
< D0B1  20 56 F8  JSR $F856                       A:FF X:00 Y:62 P:E4 SP:FB PPU: 27,219 CYC:3142
< F856  10 09     BPL $F861                       A:FF X:00 Y:62 P:E4 SP:F9 PPU: 27,237 CYC:3148
< F858  B0 07     BCS $F861                       A:FF X:00 Y:62 P:E4 SP:F9 PPU: 27,243 CYC:3150
< F85A  C9 FF     CMP #$FF                        A:FF X:00 Y:62 P:E4 SP:F9 PPU: 27,249 CYC:3152
< F85C  D0 03     BNE $F861                       A:FF X:00 Y:62 P:67 SP:F9 PPU: 27,255 CYC:3154
< F85E  50 01     BVC $F861                       A:FF X:00 Y:62 P:67 SP:F9 PPU: 27,261 CYC:3156
< F860  60        RTS                             A:FF X:00 Y:62 P:67 SP:F9 PPU: 27,267 CYC:3158
< D0B4  C8        INY                             A:FF X:00 Y:62 P:67 SP:FB PPU: 27,285 CYC:3164
< D0B5  A9 80     LDA #$80                        A:FF X:00 Y:63 P:65 SP:FB PPU: 27,291 CYC:3166
< D0B7  8D 00 02  STA $0200 = 7F                  A:80 X:00 Y:63 P:E5 SP:FB PPU: 27,297 CYC:3168
< D0BA  20 64 F8  JSR $F864                       A:80 X:00 Y:63 P:E5 SP:FB PPU: 27,309 CYC:3172
< F864  18        CLC                             A:80 X:00 Y:63 P:E5 SP:F9 PPU: 27,327 CYC:3178
< F865  24 01     BIT $01 = FF                    A:80 X:00 Y:63 P:E4 SP:F9 PPU: 27,333 CYC:3180
< F867  A9 7F     LDA #$7F                        A:80 X:00 Y:63 P:E4 SP:F9 PPU: 28,  1 CYC:3183
< F869  60        RTS                             A:7F X:00 Y:63 P:64 SP:F9 PPU: 28,  7 CYC:3185
< D0BD  61 80     ADC ($80,X) @ 80 = 0200 = 80    A:7F X:00 Y:63 P:64 SP:FB PPU: 28, 25 CYC:3191
< D0BF  20 6A F8  JSR $F86A                       A:FF X:00 Y:63 P:A4 SP:FB PPU: 28, 43 CYC:3197
< F86A  10 09     BPL $F875                       A:FF X:00 Y:63 P:A4 SP:F9 PPU: 28, 61 CYC:3203
< F86C  B0 07     BCS $F875                       A:FF X:00 Y:63 P:A4 SP:F9 PPU: 28, 67 CYC:3205
< F86E  C9 FF     CMP #$FF                        A:FF X:00 Y:63 P:A4 SP:F9 PPU: 28, 73 CYC:3207
< F870  D0 03     BNE $F875                       A:FF X:00 Y:63 P:27 SP:F9 PPU: 28, 79 CYC:3209
< F872  70 01     BVS $F875                       A:FF X:00 Y:63 P:27 SP:F9 PPU: 28, 85 CYC:3211
< F874  60        RTS                             A:FF X:00 Y:63 P:27 SP:F9 PPU: 28, 91 CYC:3213
< D0C2  C8        INY                             A:FF X:00 Y:63 P:27 SP:FB PPU: 28,109 CYC:3219
< D0C3  20 78 F8  JSR $F878                       A:FF X:00 Y:64 P:25 SP:FB PPU: 28,115 CYC:3221
< F878  38        SEC                             A:FF X:00 Y:64 P:25 SP:F9 PPU: 28,133 CYC:3227
< F879  B8        CLV                             A:FF X:00 Y:64 P:25 SP:F9 PPU: 28,139 CYC:3229
< F87A  A9 7F     LDA #$7F                        A:FF X:00 Y:64 P:25 SP:F9 PPU: 28,145 CYC:3231
< F87C  60        RTS                             A:7F X:00 Y:64 P:25 SP:F9 PPU: 28,151 CYC:3233
< D0C6  61 80     ADC ($80,X) @ 80 = 0200 = 80    A:7F X:00 Y:64 P:25 SP:FB PPU: 28,169 CYC:3239
< D0C8  20 7D F8  JSR $F87D                       A:00 X:00 Y:64 P:27 SP:FB PPU: 28,187 CYC:3245
< F87D  D0 07     BNE $F886                       A:00 X:00 Y:64 P:27 SP:F9 PPU: 28,205 CYC:3251
< F87F  30 05     BMI $F886                       A:00 X:00 Y:64 P:27 SP:F9 PPU: 28,211 CYC:3253
< F881  70 03     BVS $F886                       A:00 X:00 Y:64 P:27 SP:F9 PPU: 28,217 CYC:3255
< F883  90 01     BCC $F886                       A:00 X:00 Y:64 P:27 SP:F9 PPU: 28,223 CYC:3257
< F885  60        RTS                             A:00 X:00 Y:64 P:27 SP:F9 PPU: 28,229 CYC:3259
< D0CB  C8        INY                             A:00 X:00 Y:64 P:27 SP:FB PPU: 28,247 CYC:3265
< D0CC  A9 40     LDA #$40                        A:00 X:00 Y:65 P:25 SP:FB PPU: 28,253 CYC:3267
< D0CE  8D 00 02  STA $0200 = 80                  A:40 X:00 Y:65 P:25 SP:FB PPU: 28,259 CYC:3269
< D0D1  20 89 F8  JSR $F889                       A:40 X:00 Y:65 P:25 SP:FB PPU: 28,271 CYC:3273
< F889  24 01     BIT $01 = FF                    A:40 X:00 Y:65 P:25 SP:F9 PPU: 28,289 CYC:3279
< F88B  A9 40     LDA #$40                        A:40 X:00 Y:65 P:E5 SP:F9 PPU: 28,298 CYC:3282
< F88D  60        RTS                             A:40 X:00 Y:65 P:65 SP:F9 PPU: 28,304 CYC:3284
< D0D4  C1 80     CMP ($80,X) @ 80 = 0200 = 40    A:40 X:00 Y:65 P:65 SP:FB PPU: 28,322 CYC:3290
< D0D6  20 8E F8  JSR $F88E                       A:40 X:00 Y:65 P:67 SP:FB PPU: 28,340 CYC:3296
< F88E  30 07     BMI $F897                       A:40 X:00 Y:65 P:67 SP:F9 PPU: 29, 17 CYC:3302
< F890  90 05     BCC $F897                       A:40 X:00 Y:65 P:67 SP:F9 PPU: 29, 23 CYC:3304
< F892  D0 03     BNE $F897                       A:40 X:00 Y:65 P:67 SP:F9 PPU: 29, 29 CYC:3306
< F894  50 01     BVC $F897                       A:40 X:00 Y:65 P:67 SP:F9 PPU: 29, 35 CYC:3308
< F896  60        RTS                             A:40 X:00 Y:65 P:67 SP:F9 PPU: 29, 41 CYC:3310
< D0D9  C8        INY                             A:40 X:00 Y:65 P:67 SP:FB PPU: 29, 59 CYC:3316
< D0DA  48        PHA                             A:40 X:00 Y:66 P:65 SP:FB PPU: 29, 65 CYC:3318
< D0DB  A9 3F     LDA #$3F                        A:40 X:00 Y:66 P:65 SP:FA PPU: 29, 74 CYC:3321
< D0DD  8D 00 02  STA $0200 = 40                  A:3F X:00 Y:66 P:65 SP:FA PPU: 29, 80 CYC:3323
< D0E0  68        PLA                             A:3F X:00 Y:66 P:65 SP:FA PPU: 29, 92 CYC:3327
< D0E1  20 9A F8  JSR $F89A                       A:40 X:00 Y:66 P:65 SP:FB PPU: 29,104 CYC:3331
< F89A  B8        CLV                             A:40 X:00 Y:66 P:65 SP:F9 PPU: 29,122 CYC:3337
< F89B  60        RTS                             A:40 X:00 Y:66 P:25 SP:F9 PPU: 29,128 CYC:3339
< D0E4  C1 80     CMP ($80,X) @ 80 = 0200 = 3F    A:40 X:00 Y:66 P:25 SP:FB PPU: 29,146 CYC:3345
< D0E6  20 9C F8  JSR $F89C                       A:40 X:00 Y:66 P:25 SP:FB PPU: 29,164 CYC:3351
< F89C  F0 07     BEQ $F8A5                       A:40 X:00 Y:66 P:25 SP:F9 PPU: 29,182 CYC:3357
< F89E  30 05     BMI $F8A5                       A:40 X:00 Y:66 P:25 SP:F9 PPU: 29,188 CYC:3359
< F8A0  90 03     BCC $F8A5                       A:40 X:00 Y:66 P:25 SP:F9 PPU: 29,194 CYC:3361
< F8A2  70 01     BVS $F8A5                       A:40 X:00 Y:66 P:25 SP:F9 PPU: 29,200 CYC:3363
< F8A4  60        RTS                             A:40 X:00 Y:66 P:25 SP:F9 PPU: 29,206 CYC:3365
< D0E9  C8        INY                             A:40 X:00 Y:66 P:25 SP:FB PPU: 29,224 CYC:3371
< D0EA  48        PHA                             A:40 X:00 Y:67 P:25 SP:FB PPU: 29,230 CYC:3373
< D0EB  A9 41     LDA #$41                        A:40 X:00 Y:67 P:25 SP:FA PPU: 29,239 CYC:3376
< D0ED  8D 00 02  STA $0200 = 3F                  A:41 X:00 Y:67 P:25 SP:FA PPU: 29,245 CYC:3378
< D0F0  68        PLA                             A:41 X:00 Y:67 P:25 SP:FA PPU: 29,257 CYC:3382
< D0F1  C1 80     CMP ($80,X) @ 80 = 0200 = 41    A:40 X:00 Y:67 P:25 SP:FB PPU: 29,269 CYC:3386
< D0F3  20 A8 F8  JSR $F8A8                       A:40 X:00 Y:67 P:A4 SP:FB PPU: 29,287 CYC:3392
< F8A8  F0 05     BEQ $F8AF                       A:40 X:00 Y:67 P:A4 SP:F9 PPU: 29,305 CYC:3398
< F8AA  10 03     BPL $F8AF                       A:40 X:00 Y:67 P:A4 SP:F9 PPU: 29,311 CYC:3400
< F8AC  10 01     BPL $F8AF                       A:40 X:00 Y:67 P:A4 SP:F9 PPU: 29,317 CYC:3402
< F8AE  60        RTS                             A:40 X:00 Y:67 P:A4 SP:F9 PPU: 29,323 CYC:3404
< D0F6  C8        INY                             A:40 X:00 Y:67 P:A4 SP:FB PPU: 30,  0 CYC:3410
< D0F7  48        PHA                             A:40 X:00 Y:68 P:24 SP:FB PPU: 30,  6 CYC:3412
< D0F8  A9 00     LDA #$00                        A:40 X:00 Y:68 P:24 SP:FA PPU: 30, 15 CYC:3415
< D0FA  8D 00 02  STA $0200 = 41                  A:00 X:00 Y:68 P:26 SP:FA PPU: 30, 21 CYC:3417
< D0FD  68        PLA                             A:00 X:00 Y:68 P:26 SP:FA PPU: 30, 33 CYC:3421
< D0FE  20 B2 F8  JSR $F8B2                       A:40 X:00 Y:68 P:24 SP:FB PPU: 30, 45 CYC:3425
< F8B2  A9 80     LDA #$80                        A:40 X:00 Y:68 P:24 SP:F9 PPU: 30, 63 CYC:3431
< F8B4  60        RTS                             A:80 X:00 Y:68 P:A4 SP:F9 PPU: 30, 69 CYC:3433
< D101  C1 80     CMP ($80,X) @ 80 = 0200 = 00    A:80 X:00 Y:68 P:A4 SP:FB PPU: 30, 87 CYC:3439
< D103  20 B5 F8  JSR $F8B5                       A:80 X:00 Y:68 P:A5 SP:FB PPU: 30,105 CYC:3445
< F8B5  F0 05     BEQ $F8BC                       A:80 X:00 Y:68 P:A5 SP:F9 PPU: 30,123 CYC:3451
< F8B7  10 03     BPL $F8BC                       A:80 X:00 Y:68 P:A5 SP:F9 PPU: 30,129 CYC:3453
< F8B9  90 01     BCC $F8BC                       A:80 X:00 Y:68 P:A5 SP:F9 PPU: 30,135 CYC:3455
< F8BB  60        RTS                             A:80 X:00 Y:68 P:A5 SP:F9 PPU: 30,141 CYC:3457
< D106  C8        INY                             A:80 X:00 Y:68 P:A5 SP:FB PPU: 30,159 CYC:3463
< D107  48        PHA                             A:80 X:00 Y:69 P:25 SP:FB PPU: 30,165 CYC:3465
< D108  A9 80     LDA #$80                        A:80 X:00 Y:69 P:25 SP:FA PPU: 30,174 CYC:3468
< D10A  8D 00 02  STA $0200 = 00                  A:80 X:00 Y:69 P:A5 SP:FA PPU: 30,180 CYC:3470
< D10D  68        PLA                             A:80 X:00 Y:69 P:A5 SP:FA PPU: 30,192 CYC:3474
< D10E  C1 80     CMP ($80,X) @ 80 = 0200 = 80    A:80 X:00 Y:69 P:A5 SP:FB PPU: 30,204 CYC:3478
< D110  20 BF F8  JSR $F8BF                       A:80 X:00 Y:69 P:27 SP:FB PPU: 30,222 CYC:3484
< F8BF  D0 05     BNE $F8C6                       A:80 X:00 Y:69 P:27 SP:F9 PPU: 30,240 CYC:3490
< F8C1  30 03     BMI $F8C6                       A:80 X:00 Y:69 P:27 SP:F9 PPU: 30,246 CYC:3492
< F8C3  90 01     BCC $F8C6                       A:80 X:00 Y:69 P:27 SP:F9 PPU: 30,252 CYC:3494
< F8C5  60        RTS                             A:80 X:00 Y:69 P:27 SP:F9 PPU: 30,258 CYC:3496
< D113  C8        INY                             A:80 X:00 Y:69 P:27 SP:FB PPU: 30,276 CYC:3502
< D114  48        PHA                             A:80 X:00 Y:6A P:25 SP:FB PPU: 30,282 CYC:3504
< D115  A9 81     LDA #$81                        A:80 X:00 Y:6A P:25 SP:FA PPU: 30,291 CYC:3507
< D117  8D 00 02  STA $0200 = 80                  A:81 X:00 Y:6A P:A5 SP:FA PPU: 30,297 CYC:3509
< D11A  68        PLA                             A:81 X:00 Y:6A P:A5 SP:FA PPU: 30,309 CYC:3513
< D11B  C1 80     CMP ($80,X) @ 80 = 0200 = 81    A:80 X:00 Y:6A P:A5 SP:FB PPU: 30,321 CYC:3517
< D11D  20 C9 F8  JSR $F8C9                       A:80 X:00 Y:6A P:A4 SP:FB PPU: 30,339 CYC:3523
< F8C9  B0 05     BCS $F8D0                       A:80 X:00 Y:6A P:A4 SP:F9 PPU: 31, 16 CYC:3529
< F8CB  F0 03     BEQ $F8D0                       A:80 X:00 Y:6A P:A4 SP:F9 PPU: 31, 22 CYC:3531
< F8CD  10 01     BPL $F8D0                       A:80 X:00 Y:6A P:A4 SP:F9 PPU: 31, 28 CYC:3533
< F8CF  60        RTS                             A:80 X:00 Y:6A P:A4 SP:F9 PPU: 31, 34 CYC:3535
< D120  C8        INY                             A:80 X:00 Y:6A P:A4 SP:FB PPU: 31, 52 CYC:3541
< D121  48        PHA                             A:80 X:00 Y:6B P:24 SP:FB PPU: 31, 58 CYC:3543
< D122  A9 7F     LDA #$7F                        A:80 X:00 Y:6B P:24 SP:FA PPU: 31, 67 CYC:3546
< D124  8D 00 02  STA $0200 = 81                  A:7F X:00 Y:6B P:24 SP:FA PPU: 31, 73 CYC:3548
< D127  68        PLA                             A:7F X:00 Y:6B P:24 SP:FA PPU: 31, 85 CYC:3552
< D128  C1 80     CMP ($80,X) @ 80 = 0200 = 7F    A:80 X:00 Y:6B P:A4 SP:FB PPU: 31, 97 CYC:3556
< D12A  20 D3 F8  JSR $F8D3                       A:80 X:00 Y:6B P:25 SP:FB PPU: 31,115 CYC:3562
< F8D3  90 05     BCC $F8DA                       A:80 X:00 Y:6B P:25 SP:F9 PPU: 31,133 CYC:3568
< F8D5  F0 03     BEQ $F8DA                       A:80 X:00 Y:6B P:25 SP:F9 PPU: 31,139 CYC:3570
< F8D7  30 01     BMI $F8DA                       A:80 X:00 Y:6B P:25 SP:F9 PPU: 31,145 CYC:3572
< F8D9  60        RTS                             A:80 X:00 Y:6B P:25 SP:F9 PPU: 31,151 CYC:3574
< D12D  C8        INY                             A:80 X:00 Y:6B P:25 SP:FB PPU: 31,169 CYC:3580
< D12E  A9 40     LDA #$40                        A:80 X:00 Y:6C P:25 SP:FB PPU: 31,175 CYC:3582
< D130  8D 00 02  STA $0200 = 7F                  A:40 X:00 Y:6C P:25 SP:FB PPU: 31,181 CYC:3584
< D133  20 31 F9  JSR $F931                       A:40 X:00 Y:6C P:25 SP:FB PPU: 31,193 CYC:3588
< F931  24 01     BIT $01 = FF                    A:40 X:00 Y:6C P:25 SP:F9 PPU: 31,211 CYC:3594
< F933  A9 40     LDA #$40                        A:40 X:00 Y:6C P:E5 SP:F9 PPU: 31,220 CYC:3597
< F935  38        SEC                             A:40 X:00 Y:6C P:65 SP:F9 PPU: 31,226 CYC:3599
< F936  60        RTS                             A:40 X:00 Y:6C P:65 SP:F9 PPU: 31,232 CYC:3601
< D136  E1 80     SBC ($80,X) @ 80 = 0200 = 40    A:40 X:00 Y:6C P:65 SP:FB PPU: 31,250 CYC:3607
< D138  20 37 F9  JSR $F937                       A:00 X:00 Y:6C P:27 SP:FB PPU: 31,268 CYC:3613
< F937  30 0B     BMI $F944                       A:00 X:00 Y:6C P:27 SP:F9 PPU: 31,286 CYC:3619
< F939  90 09     BCC $F944                       A:00 X:00 Y:6C P:27 SP:F9 PPU: 31,292 CYC:3621
< F93B  D0 07     BNE $F944                       A:00 X:00 Y:6C P:27 SP:F9 PPU: 31,298 CYC:3623
< F93D  70 05     BVS $F944                       A:00 X:00 Y:6C P:27 SP:F9 PPU: 31,304 CYC:3625
< F93F  C9 00     CMP #$00                        A:00 X:00 Y:6C P:27 SP:F9 PPU: 31,310 CYC:3627
< F941  D0 01     BNE $F944                       A:00 X:00 Y:6C P:27 SP:F9 PPU: 31,316 CYC:3629
< F943  60        RTS                             A:00 X:00 Y:6C P:27 SP:F9 PPU: 31,322 CYC:3631
< D13B  C8        INY                             A:00 X:00 Y:6C P:27 SP:FB PPU: 31,340 CYC:3637
< D13C  A9 3F     LDA #$3F                        A:00 X:00 Y:6D P:25 SP:FB PPU: 32,  5 CYC:3639
< D13E  8D 00 02  STA $0200 = 40                  A:3F X:00 Y:6D P:25 SP:FB PPU: 32, 11 CYC:3641
< D141  20 47 F9  JSR $F947                       A:3F X:00 Y:6D P:25 SP:FB PPU: 32, 23 CYC:3645
< F947  B8        CLV                             A:3F X:00 Y:6D P:25 SP:F9 PPU: 32, 41 CYC:3651
< F948  38        SEC                             A:3F X:00 Y:6D P:25 SP:F9 PPU: 32, 47 CYC:3653
< F949  A9 40     LDA #$40                        A:3F X:00 Y:6D P:25 SP:F9 PPU: 32, 53 CYC:3655
< F94B  60        RTS                             A:40 X:00 Y:6D P:25 SP:F9 PPU: 32, 59 CYC:3657
< D144  E1 80     SBC ($80,X) @ 80 = 0200 = 3F    A:40 X:00 Y:6D P:25 SP:FB PPU: 32, 77 CYC:3663
< D146  20 4C F9  JSR $F94C                       A:01 X:00 Y:6D P:25 SP:FB PPU: 32, 95 CYC:3669
< F94C  F0 0B     BEQ $F959                       A:01 X:00 Y:6D P:25 SP:F9 PPU: 32,113 CYC:3675
< F94E  30 09     BMI $F959                       A:01 X:00 Y:6D P:25 SP:F9 PPU: 32,119 CYC:3677
< F950  90 07     BCC $F959                       A:01 X:00 Y:6D P:25 SP:F9 PPU: 32,125 CYC:3679
< F952  70 05     BVS $F959                       A:01 X:00 Y:6D P:25 SP:F9 PPU: 32,131 CYC:3681
< F954  C9 01     CMP #$01                        A:01 X:00 Y:6D P:25 SP:F9 PPU: 32,137 CYC:3683
< F956  D0 01     BNE $F959                       A:01 X:00 Y:6D P:27 SP:F9 PPU: 32,143 CYC:3685
< F958  60        RTS                             A:01 X:00 Y:6D P:27 SP:F9 PPU: 32,149 CYC:3687
< D149  C8        INY                             A:01 X:00 Y:6D P:27 SP:FB PPU: 32,167 CYC:3693
< D14A  A9 41     LDA #$41                        A:01 X:00 Y:6E P:25 SP:FB PPU: 32,173 CYC:3695
< D14C  8D 00 02  STA $0200 = 3F                  A:41 X:00 Y:6E P:25 SP:FB PPU: 32,179 CYC:3697
< D14F  20 5C F9  JSR $F95C                       A:41 X:00 Y:6E P:25 SP:FB PPU: 32,191 CYC:3701
< F95C  A9 40     LDA #$40                        A:41 X:00 Y:6E P:25 SP:F9 PPU: 32,209 CYC:3707
< F95E  38        SEC                             A:40 X:00 Y:6E P:25 SP:F9 PPU: 32,215 CYC:3709
< F95F  24 01     BIT $01 = FF                    A:40 X:00 Y:6E P:25 SP:F9 PPU: 32,221 CYC:3711
< F961  60        RTS                             A:40 X:00 Y:6E P:E5 SP:F9 PPU: 32,230 CYC:3714
< D152  E1 80     SBC ($80,X) @ 80 = 0200 = 41    A:40 X:00 Y:6E P:E5 SP:FB PPU: 32,248 CYC:3720
< D154  20 62 F9  JSR $F962                       A:FF X:00 Y:6E P:A4 SP:FB PPU: 32,266 CYC:3726
< F962  B0 0B     BCS $F96F                       A:FF X:00 Y:6E P:A4 SP:F9 PPU: 32,284 CYC:3732
< F964  F0 09     BEQ $F96F                       A:FF X:00 Y:6E P:A4 SP:F9 PPU: 32,290 CYC:3734
< F966  10 07     BPL $F96F                       A:FF X:00 Y:6E P:A4 SP:F9 PPU: 32,296 CYC:3736
< F968  70 05     BVS $F96F                       A:FF X:00 Y:6E P:A4 SP:F9 PPU: 32,302 CYC:3738
< F96A  C9 FF     CMP #$FF                        A:FF X:00 Y:6E P:A4 SP:F9 PPU: 32,308 CYC:3740
< F96C  D0 01     BNE $F96F                       A:FF X:00 Y:6E P:27 SP:F9 PPU: 32,314 CYC:3742
< F96E  60        RTS                             A:FF X:00 Y:6E P:27 SP:F9 PPU: 32,320 CYC:3744
< D157  C8        INY                             A:FF X:00 Y:6E P:27 SP:FB PPU: 32,338 CYC:3750
< D158  A9 00     LDA #$00                        A:FF X:00 Y:6F P:25 SP:FB PPU: 33,  3 CYC:3752
< D15A  8D 00 02  STA $0200 = 41                  A:00 X:00 Y:6F P:27 SP:FB PPU: 33,  9 CYC:3754
< D15D  20 72 F9  JSR $F972                       A:00 X:00 Y:6F P:27 SP:FB PPU: 33, 21 CYC:3758
< F972  18        CLC                             A:00 X:00 Y:6F P:27 SP:F9 PPU: 33, 39 CYC:3764
< F973  A9 80     LDA #$80                        A:00 X:00 Y:6F P:26 SP:F9 PPU: 33, 45 CYC:3766
< F975  60        RTS                             A:80 X:00 Y:6F P:A4 SP:F9 PPU: 33, 51 CYC:3768
< D160  E1 80     SBC ($80,X) @ 80 = 0200 = 00    A:80 X:00 Y:6F P:A4 SP:FB PPU: 33, 69 CYC:3774
< D162  20 76 F9  JSR $F976                       A:7F X:00 Y:6F P:65 SP:FB PPU: 33, 87 CYC:3780
< F976  90 05     BCC $F97D                       A:7F X:00 Y:6F P:65 SP:F9 PPU: 33,105 CYC:3786
< F978  C9 7F     CMP #$7F                        A:7F X:00 Y:6F P:65 SP:F9 PPU: 33,111 CYC:3788
< F97A  D0 01     BNE $F97D                       A:7F X:00 Y:6F P:67 SP:F9 PPU: 33,117 CYC:3790
< F97C  60        RTS                             A:7F X:00 Y:6F P:67 SP:F9 PPU: 33,123 CYC:3792
< D165  C8        INY                             A:7F X:00 Y:6F P:67 SP:FB PPU: 33,141 CYC:3798
< D166  A9 7F     LDA #$7F                        A:7F X:00 Y:70 P:65 SP:FB PPU: 33,147 CYC:3800
< D168  8D 00 02  STA $0200 = 00                  A:7F X:00 Y:70 P:65 SP:FB PPU: 33,153 CYC:3802
< D16B  20 80 F9  JSR $F980                       A:7F X:00 Y:70 P:65 SP:FB PPU: 33,165 CYC:3806
< F980  38        SEC                             A:7F X:00 Y:70 P:65 SP:F9 PPU: 33,183 CYC:3812
< F981  A9 81     LDA #$81                        A:7F X:00 Y:70 P:65 SP:F9 PPU: 33,189 CYC:3814
< F983  60        RTS                             A:81 X:00 Y:70 P:E5 SP:F9 PPU: 33,195 CYC:3816
< D16E  E1 80     SBC ($80,X) @ 80 = 0200 = 7F    A:81 X:00 Y:70 P:E5 SP:FB PPU: 33,213 CYC:3822
< D170  20 84 F9  JSR $F984                       A:02 X:00 Y:70 P:65 SP:FB PPU: 33,231 CYC:3828
< F984  50 07     BVC $F98D                       A:02 X:00 Y:70 P:65 SP:F9 PPU: 33,249 CYC:3834
< F986  90 05     BCC $F98D                       A:02 X:00 Y:70 P:65 SP:F9 PPU: 33,255 CYC:3836
< F988  C9 02     CMP #$02                        A:02 X:00 Y:70 P:65 SP:F9 PPU: 33,261 CYC:3838
< F98A  D0 01     BNE $F98D                       A:02 X:00 Y:70 P:67 SP:F9 PPU: 33,267 CYC:3840
< F98C  60        RTS                             A:02 X:00 Y:70 P:67 SP:F9 PPU: 33,273 CYC:3842
< D173  60        RTS                             A:02 X:00 Y:70 P:67 SP:FB PPU: 33,291 CYC:3848
< C612  20 74 D1  JSR $D174                       A:02 X:00 Y:70 P:67 SP:FD PPU: 33,309 CYC:3854
< D174  A9 55     LDA #$55                        A:02 X:00 Y:70 P:67 SP:FB PPU: 33,327 CYC:3860
< D176  85 78     STA $78 = 00                    A:55 X:00 Y:70 P:65 SP:FB PPU: 33,333 CYC:3862
< D178  A9 FF     LDA #$FF                        A:55 X:00 Y:70 P:65 SP:FB PPU: 34,  1 CYC:3865
< D17A  85 01     STA $01 = FF                    A:FF X:00 Y:70 P:E5 SP:FB PPU: 34,  7 CYC:3867
< D17C  24 01     BIT $01 = FF                    A:FF X:00 Y:70 P:E5 SP:FB PPU: 34, 16 CYC:3870
< D17E  A0 11     LDY #$11                        A:FF X:00 Y:70 P:E5 SP:FB PPU: 34, 25 CYC:3873
< D180  A2 23     LDX #$23                        A:FF X:00 Y:11 P:65 SP:FB PPU: 34, 31 CYC:3875
< D182  A9 00     LDA #$00                        A:FF X:23 Y:11 P:65 SP:FB PPU: 34, 37 CYC:3877
< D184  A5 78     LDA $78 = 55                    A:00 X:23 Y:11 P:67 SP:FB PPU: 34, 43 CYC:3879
< D186  F0 10     BEQ $D198                       A:55 X:23 Y:11 P:65 SP:FB PPU: 34, 52 CYC:3882
< D188  30 0E     BMI $D198                       A:55 X:23 Y:11 P:65 SP:FB PPU: 34, 58 CYC:3884
< D18A  C9 55     CMP #$55                        A:55 X:23 Y:11 P:65 SP:FB PPU: 34, 64 CYC:3886
< D18C  D0 0A     BNE $D198                       A:55 X:23 Y:11 P:67 SP:FB PPU: 34, 70 CYC:3888
< D18E  C0 11     CPY #$11                        A:55 X:23 Y:11 P:67 SP:FB PPU: 34, 76 CYC:3890
< D190  D0 06     BNE $D198                       A:55 X:23 Y:11 P:67 SP:FB PPU: 34, 82 CYC:3892
< D192  E0 23     CPX #$23                        A:55 X:23 Y:11 P:67 SP:FB PPU: 34, 88 CYC:3894
< D194  50 02     BVC $D198                       A:55 X:23 Y:11 P:67 SP:FB PPU: 34, 94 CYC:3896
< D196  F0 04     BEQ $D19C                       A:55 X:23 Y:11 P:67 SP:FB PPU: 34,100 CYC:3898
< D19C  A9 46     LDA #$46                        A:55 X:23 Y:11 P:67 SP:FB PPU: 34,109 CYC:3901
< D19E  24 01     BIT $01 = FF                    A:46 X:23 Y:11 P:65 SP:FB PPU: 34,115 CYC:3903
< D1A0  85 78     STA $78 = 55                    A:46 X:23 Y:11 P:E5 SP:FB PPU: 34,124 CYC:3906
< D1A2  F0 0A     BEQ $D1AE                       A:46 X:23 Y:11 P:E5 SP:FB PPU: 34,133 CYC:3909
< D1A4  10 08     BPL $D1AE                       A:46 X:23 Y:11 P:E5 SP:FB PPU: 34,139 CYC:3911
< D1A6  50 06     BVC $D1AE                       A:46 X:23 Y:11 P:E5 SP:FB PPU: 34,145 CYC:3913
< D1A8  A5 78     LDA $78 = 46                    A:46 X:23 Y:11 P:E5 SP:FB PPU: 34,151 CYC:3915
< D1AA  C9 46     CMP #$46                        A:46 X:23 Y:11 P:65 SP:FB PPU: 34,160 CYC:3918
< D1AC  F0 04     BEQ $D1B2                       A:46 X:23 Y:11 P:67 SP:FB PPU: 34,166 CYC:3920
< D1B2  A9 55     LDA #$55                        A:46 X:23 Y:11 P:67 SP:FB PPU: 34,175 CYC:3923
< D1B4  85 78     STA $78 = 46                    A:55 X:23 Y:11 P:65 SP:FB PPU: 34,181 CYC:3925
< D1B6  24 01     BIT $01 = FF                    A:55 X:23 Y:11 P:65 SP:FB PPU: 34,190 CYC:3928
< D1B8  A9 11     LDA #$11                        A:55 X:23 Y:11 P:E5 SP:FB PPU: 34,199 CYC:3931
< D1BA  A2 23     LDX #$23                        A:11 X:23 Y:11 P:65 SP:FB PPU: 34,205 CYC:3933
< D1BC  A0 00     LDY #$00                        A:11 X:23 Y:11 P:65 SP:FB PPU: 34,211 CYC:3935
< D1BE  A4 78     LDY $78 = 55                    A:11 X:23 Y:00 P:67 SP:FB PPU: 34,217 CYC:3937
< D1C0  F0 10     BEQ $D1D2                       A:11 X:23 Y:55 P:65 SP:FB PPU: 34,226 CYC:3940
< D1C2  30 0E     BMI $D1D2                       A:11 X:23 Y:55 P:65 SP:FB PPU: 34,232 CYC:3942
< D1C4  C0 55     CPY #$55                        A:11 X:23 Y:55 P:65 SP:FB PPU: 34,238 CYC:3944
< D1C6  D0 0A     BNE $D1D2                       A:11 X:23 Y:55 P:67 SP:FB PPU: 34,244 CYC:3946
< D1C8  C9 11     CMP #$11                        A:11 X:23 Y:55 P:67 SP:FB PPU: 34,250 CYC:3948
< D1CA  D0 06     BNE $D1D2                       A:11 X:23 Y:55 P:67 SP:FB PPU: 34,256 CYC:3950
< D1CC  E0 23     CPX #$23                        A:11 X:23 Y:55 P:67 SP:FB PPU: 34,262 CYC:3952
< D1CE  50 02     BVC $D1D2                       A:11 X:23 Y:55 P:67 SP:FB PPU: 34,268 CYC:3954
< D1D0  F0 04     BEQ $D1D6                       A:11 X:23 Y:55 P:67 SP:FB PPU: 34,274 CYC:3956
< D1D6  A0 46     LDY #$46                        A:11 X:23 Y:55 P:67 SP:FB PPU: 34,283 CYC:3959
< D1D8  24 01     BIT $01 = FF                    A:11 X:23 Y:46 P:65 SP:FB PPU: 34,289 CYC:3961
< D1DA  84 78     STY $78 = 55                    A:11 X:23 Y:46 P:E5 SP:FB PPU: 34,298 CYC:3964
< D1DC  F0 0A     BEQ $D1E8                       A:11 X:23 Y:46 P:E5 SP:FB PPU: 34,307 CYC:3967
< D1DE  10 08     BPL $D1E8                       A:11 X:23 Y:46 P:E5 SP:FB PPU: 34,313 CYC:3969
< D1E0  50 06     BVC $D1E8                       A:11 X:23 Y:46 P:E5 SP:FB PPU: 34,319 CYC:3971
< D1E2  A4 78     LDY $78 = 46                    A:11 X:23 Y:46 P:E5 SP:FB PPU: 34,325 CYC:3973
< D1E4  C0 46     CPY #$46                        A:11 X:23 Y:46 P:65 SP:FB PPU: 34,334 CYC:3976
< D1E6  F0 04     BEQ $D1EC                       A:11 X:23 Y:46 P:67 SP:FB PPU: 34,340 CYC:3978
< D1EC  24 01     BIT $01 = FF                    A:11 X:23 Y:46 P:67 SP:FB PPU: 35,  8 CYC:3981
< D1EE  A9 55     LDA #$55                        A:11 X:23 Y:46 P:E5 SP:FB PPU: 35, 17 CYC:3984
< D1F0  85 78     STA $78 = 46                    A:55 X:23 Y:46 P:65 SP:FB PPU: 35, 23 CYC:3986
< D1F2  A0 11     LDY #$11                        A:55 X:23 Y:46 P:65 SP:FB PPU: 35, 32 CYC:3989
< D1F4  A9 23     LDA #$23                        A:55 X:23 Y:11 P:65 SP:FB PPU: 35, 38 CYC:3991
< D1F6  A2 00     LDX #$00                        A:23 X:23 Y:11 P:65 SP:FB PPU: 35, 44 CYC:3993
< D1F8  A6 78     LDX $78 = 55                    A:23 X:00 Y:11 P:67 SP:FB PPU: 35, 50 CYC:3995
< D1FA  F0 10     BEQ $D20C                       A:23 X:55 Y:11 P:65 SP:FB PPU: 35, 59 CYC:3998
< D1FC  30 0E     BMI $D20C                       A:23 X:55 Y:11 P:65 SP:FB PPU: 35, 65 CYC:4000
< D1FE  E0 55     CPX #$55                        A:23 X:55 Y:11 P:65 SP:FB PPU: 35, 71 CYC:4002
< D200  D0 0A     BNE $D20C                       A:23 X:55 Y:11 P:67 SP:FB PPU: 35, 77 CYC:4004
< D202  C0 11     CPY #$11                        A:23 X:55 Y:11 P:67 SP:FB PPU: 35, 83 CYC:4006
< D204  D0 06     BNE $D20C                       A:23 X:55 Y:11 P:67 SP:FB PPU: 35, 89 CYC:4008
< D206  C9 23     CMP #$23                        A:23 X:55 Y:11 P:67 SP:FB PPU: 35, 95 CYC:4010
< D208  50 02     BVC $D20C                       A:23 X:55 Y:11 P:67 SP:FB PPU: 35,101 CYC:4012
< D20A  F0 04     BEQ $D210                       A:23 X:55 Y:11 P:67 SP:FB PPU: 35,107 CYC:4014
< D210  A2 46     LDX #$46                        A:23 X:55 Y:11 P:67 SP:FB PPU: 35,116 CYC:4017
< D212  24 01     BIT $01 = FF                    A:23 X:46 Y:11 P:65 SP:FB PPU: 35,122 CYC:4019
< D214  86 78     STX $78 = 55                    A:23 X:46 Y:11 P:E5 SP:FB PPU: 35,131 CYC:4022
< D216  F0 0A     BEQ $D222                       A:23 X:46 Y:11 P:E5 SP:FB PPU: 35,140 CYC:4025
< D218  10 08     BPL $D222                       A:23 X:46 Y:11 P:E5 SP:FB PPU: 35,146 CYC:4027
< D21A  50 06     BVC $D222                       A:23 X:46 Y:11 P:E5 SP:FB PPU: 35,152 CYC:4029
< D21C  A6 78     LDX $78 = 46                    A:23 X:46 Y:11 P:E5 SP:FB PPU: 35,158 CYC:4031
< D21E  E0 46     CPX #$46                        A:23 X:46 Y:11 P:65 SP:FB PPU: 35,167 CYC:4034
< D220  F0 04     BEQ $D226                       A:23 X:46 Y:11 P:67 SP:FB PPU: 35,173 CYC:4036
< D226  A9 C0     LDA #$C0                        A:23 X:46 Y:11 P:67 SP:FB PPU: 35,182 CYC:4039
< D228  85 78     STA $78 = 46                    A:C0 X:46 Y:11 P:E5 SP:FB PPU: 35,188 CYC:4041
< D22A  A2 33     LDX #$33                        A:C0 X:46 Y:11 P:E5 SP:FB PPU: 35,197 CYC:4044
< D22C  A0 88     LDY #$88                        A:C0 X:33 Y:11 P:65 SP:FB PPU: 35,203 CYC:4046
< D22E  A9 05     LDA #$05                        A:C0 X:33 Y:88 P:E5 SP:FB PPU: 35,209 CYC:4048
< D230  24 78     BIT $78 = C0                    A:05 X:33 Y:88 P:65 SP:FB PPU: 35,215 CYC:4050
< D232  10 10     BPL $D244                       A:05 X:33 Y:88 P:E7 SP:FB PPU: 35,224 CYC:4053
< D234  50 0E     BVC $D244                       A:05 X:33 Y:88 P:E7 SP:FB PPU: 35,230 CYC:4055
< D236  D0 0C     BNE $D244                       A:05 X:33 Y:88 P:E7 SP:FB PPU: 35,236 CYC:4057
< D238  C9 05     CMP #$05                        A:05 X:33 Y:88 P:E7 SP:FB PPU: 35,242 CYC:4059
< D23A  D0 08     BNE $D244                       A:05 X:33 Y:88 P:67 SP:FB PPU: 35,248 CYC:4061
< D23C  E0 33     CPX #$33                        A:05 X:33 Y:88 P:67 SP:FB PPU: 35,254 CYC:4063
< D23E  D0 04     BNE $D244                       A:05 X:33 Y:88 P:67 SP:FB PPU: 35,260 CYC:4065
< D240  C0 88     CPY #$88                        A:05 X:33 Y:88 P:67 SP:FB PPU: 35,266 CYC:4067
< D242  F0 04     BEQ $D248                       A:05 X:33 Y:88 P:67 SP:FB PPU: 35,272 CYC:4069
< D248  A9 03     LDA #$03                        A:05 X:33 Y:88 P:67 SP:FB PPU: 35,281 CYC:4072
< D24A  85 78     STA $78 = C0                    A:03 X:33 Y:88 P:65 SP:FB PPU: 35,287 CYC:4074
< D24C  A9 01     LDA #$01                        A:03 X:33 Y:88 P:65 SP:FB PPU: 35,296 CYC:4077
< D24E  24 78     BIT $78 = 03                    A:01 X:33 Y:88 P:65 SP:FB PPU: 35,302 CYC:4079
< D250  30 08     BMI $D25A                       A:01 X:33 Y:88 P:25 SP:FB PPU: 35,311 CYC:4082
< D252  70 06     BVS $D25A                       A:01 X:33 Y:88 P:25 SP:FB PPU: 35,317 CYC:4084
< D254  F0 04     BEQ $D25A                       A:01 X:33 Y:88 P:25 SP:FB PPU: 35,323 CYC:4086
< D256  C9 01     CMP #$01                        A:01 X:33 Y:88 P:25 SP:FB PPU: 35,329 CYC:4088
< D258  F0 04     BEQ $D25E                       A:01 X:33 Y:88 P:27 SP:FB PPU: 35,335 CYC:4090
< D25E  A0 7E     LDY #$7E                        A:01 X:33 Y:88 P:27 SP:FB PPU: 36,  3 CYC:4093
< D260  A9 AA     LDA #$AA                        A:01 X:33 Y:7E P:25 SP:FB PPU: 36,  9 CYC:4095
< D262  85 78     STA $78 = 03                    A:AA X:33 Y:7E P:A5 SP:FB PPU: 36, 15 CYC:4097
< D264  20 B6 F7  JSR $F7B6                       A:AA X:33 Y:7E P:A5 SP:FB PPU: 36, 24 CYC:4100
< F7B6  18        CLC                             A:AA X:33 Y:7E P:A5 SP:F9 PPU: 36, 42 CYC:4106
< F7B7  A9 FF     LDA #$FF                        A:AA X:33 Y:7E P:A4 SP:F9 PPU: 36, 48 CYC:4108
< F7B9  85 01     STA $01 = FF                    A:FF X:33 Y:7E P:A4 SP:F9 PPU: 36, 54 CYC:4110
< F7BB  24 01     BIT $01 = FF                    A:FF X:33 Y:7E P:A4 SP:F9 PPU: 36, 63 CYC:4113
< F7BD  A9 55     LDA #$55                        A:FF X:33 Y:7E P:E4 SP:F9 PPU: 36, 72 CYC:4116
< F7BF  60        RTS                             A:55 X:33 Y:7E P:64 SP:F9 PPU: 36, 78 CYC:4118
< D267  05 78     ORA $78 = AA                    A:55 X:33 Y:7E P:64 SP:FB PPU: 36, 96 CYC:4124
< D269  20 C0 F7  JSR $F7C0                       A:FF X:33 Y:7E P:E4 SP:FB PPU: 36,105 CYC:4127
< F7C0  B0 09     BCS $F7CB                       A:FF X:33 Y:7E P:E4 SP:F9 PPU: 36,123 CYC:4133
< F7C2  10 07     BPL $F7CB                       A:FF X:33 Y:7E P:E4 SP:F9 PPU: 36,129 CYC:4135
< F7C4  C9 FF     CMP #$FF                        A:FF X:33 Y:7E P:E4 SP:F9 PPU: 36,135 CYC:4137
< F7C6  D0 03     BNE $F7CB                       A:FF X:33 Y:7E P:67 SP:F9 PPU: 36,141 CYC:4139
< F7C8  50 01     BVC $F7CB                       A:FF X:33 Y:7E P:67 SP:F9 PPU: 36,147 CYC:4141
< F7CA  60        RTS                             A:FF X:33 Y:7E P:67 SP:F9 PPU: 36,153 CYC:4143
< D26C  C8        INY                             A:FF X:33 Y:7E P:67 SP:FB PPU: 36,171 CYC:4149
< D26D  A9 00     LDA #$00                        A:FF X:33 Y:7F P:65 SP:FB PPU: 36,177 CYC:4151
< D26F  85 78     STA $78 = AA                    A:00 X:33 Y:7F P:67 SP:FB PPU: 36,183 CYC:4153
< D271  20 CE F7  JSR $F7CE                       A:00 X:33 Y:7F P:67 SP:FB PPU: 36,192 CYC:4156
< F7CE  38        SEC                             A:00 X:33 Y:7F P:67 SP:F9 PPU: 36,210 CYC:4162
< F7CF  B8        CLV                             A:00 X:33 Y:7F P:67 SP:F9 PPU: 36,216 CYC:4164
< F7D0  A9 00     LDA #$00                        A:00 X:33 Y:7F P:27 SP:F9 PPU: 36,222 CYC:4166
< F7D2  60        RTS                             A:00 X:33 Y:7F P:27 SP:F9 PPU: 36,228 CYC:4168
< D274  05 78     ORA $78 = 00                    A:00 X:33 Y:7F P:27 SP:FB PPU: 36,246 CYC:4174
< D276  20 D3 F7  JSR $F7D3                       A:00 X:33 Y:7F P:27 SP:FB PPU: 36,255 CYC:4177
< F7D3  D0 07     BNE $F7DC                       A:00 X:33 Y:7F P:27 SP:F9 PPU: 36,273 CYC:4183
< F7D5  70 05     BVS $F7DC                       A:00 X:33 Y:7F P:27 SP:F9 PPU: 36,279 CYC:4185
< F7D7  90 03     BCC $F7DC                       A:00 X:33 Y:7F P:27 SP:F9 PPU: 36,285 CYC:4187
< F7D9  30 01     BMI $F7DC                       A:00 X:33 Y:7F P:27 SP:F9 PPU: 36,291 CYC:4189
< F7DB  60        RTS                             A:00 X:33 Y:7F P:27 SP:F9 PPU: 36,297 CYC:4191
< D279  C8        INY                             A:00 X:33 Y:7F P:27 SP:FB PPU: 36,315 CYC:4197
< D27A  A9 AA     LDA #$AA                        A:00 X:33 Y:80 P:A5 SP:FB PPU: 36,321 CYC:4199
< D27C  85 78     STA $78 = 00                    A:AA X:33 Y:80 P:A5 SP:FB PPU: 36,327 CYC:4201
< D27E  20 DF F7  JSR $F7DF                       A:AA X:33 Y:80 P:A5 SP:FB PPU: 36,336 CYC:4204
< F7DF  18        CLC                             A:AA X:33 Y:80 P:A5 SP:F9 PPU: 37, 13 CYC:4210
< F7E0  24 01     BIT $01 = FF                    A:AA X:33 Y:80 P:A4 SP:F9 PPU: 37, 19 CYC:4212
< F7E2  A9 55     LDA #$55                        A:AA X:33 Y:80 P:E4 SP:F9 PPU: 37, 28 CYC:4215
< F7E4  60        RTS                             A:55 X:33 Y:80 P:64 SP:F9 PPU: 37, 34 CYC:4217
< D281  25 78     AND $78 = AA                    A:55 X:33 Y:80 P:64 SP:FB PPU: 37, 52 CYC:4223
< D283  20 E5 F7  JSR $F7E5                       A:00 X:33 Y:80 P:66 SP:FB PPU: 37, 61 CYC:4226
< F7E5  D0 07     BNE $F7EE                       A:00 X:33 Y:80 P:66 SP:F9 PPU: 37, 79 CYC:4232
< F7E7  50 05     BVC $F7EE                       A:00 X:33 Y:80 P:66 SP:F9 PPU: 37, 85 CYC:4234
< F7E9  B0 03     BCS $F7EE                       A:00 X:33 Y:80 P:66 SP:F9 PPU: 37, 91 CYC:4236
< F7EB  30 01     BMI $F7EE                       A:00 X:33 Y:80 P:66 SP:F9 PPU: 37, 97 CYC:4238
< F7ED  60        RTS                             A:00 X:33 Y:80 P:66 SP:F9 PPU: 37,103 CYC:4240
< D286  C8        INY                             A:00 X:33 Y:80 P:66 SP:FB PPU: 37,121 CYC:4246
< D287  A9 EF     LDA #$EF                        A:00 X:33 Y:81 P:E4 SP:FB PPU: 37,127 CYC:4248
< D289  85 78     STA $78 = AA                    A:EF X:33 Y:81 P:E4 SP:FB PPU: 37,133 CYC:4250
< D28B  20 F1 F7  JSR $F7F1                       A:EF X:33 Y:81 P:E4 SP:FB PPU: 37,142 CYC:4253
< F7F1  38        SEC                             A:EF X:33 Y:81 P:E4 SP:F9 PPU: 37,160 CYC:4259
< F7F2  B8        CLV                             A:EF X:33 Y:81 P:E5 SP:F9 PPU: 37,166 CYC:4261
< F7F3  A9 F8     LDA #$F8                        A:EF X:33 Y:81 P:A5 SP:F9 PPU: 37,172 CYC:4263
< F7F5  60        RTS                             A:F8 X:33 Y:81 P:A5 SP:F9 PPU: 37,178 CYC:4265
< D28E  25 78     AND $78 = EF                    A:F8 X:33 Y:81 P:A5 SP:FB PPU: 37,196 CYC:4271
< D290  20 F6 F7  JSR $F7F6                       A:E8 X:33 Y:81 P:A5 SP:FB PPU: 37,205 CYC:4274
< F7F6  90 09     BCC $F801                       A:E8 X:33 Y:81 P:A5 SP:F9 PPU: 37,223 CYC:4280
< F7F8  10 07     BPL $F801                       A:E8 X:33 Y:81 P:A5 SP:F9 PPU: 37,229 CYC:4282
< F7FA  C9 E8     CMP #$E8                        A:E8 X:33 Y:81 P:A5 SP:F9 PPU: 37,235 CYC:4284
< F7FC  D0 03     BNE $F801                       A:E8 X:33 Y:81 P:27 SP:F9 PPU: 37,241 CYC:4286
< F7FE  70 01     BVS $F801                       A:E8 X:33 Y:81 P:27 SP:F9 PPU: 37,247 CYC:4288
< F800  60        RTS                             A:E8 X:33 Y:81 P:27 SP:F9 PPU: 37,253 CYC:4290
< D293  C8        INY                             A:E8 X:33 Y:81 P:27 SP:FB PPU: 37,271 CYC:4296
< D294  A9 AA     LDA #$AA                        A:E8 X:33 Y:82 P:A5 SP:FB PPU: 37,277 CYC:4298
< D296  85 78     STA $78 = EF                    A:AA X:33 Y:82 P:A5 SP:FB PPU: 37,283 CYC:4300
< D298  20 04 F8  JSR $F804                       A:AA X:33 Y:82 P:A5 SP:FB PPU: 37,292 CYC:4303
< F804  18        CLC                             A:AA X:33 Y:82 P:A5 SP:F9 PPU: 37,310 CYC:4309
< F805  24 01     BIT $01 = FF                    A:AA X:33 Y:82 P:A4 SP:F9 PPU: 37,316 CYC:4311
< F807  A9 5F     LDA #$5F                        A:AA X:33 Y:82 P:E4 SP:F9 PPU: 37,325 CYC:4314
< F809  60        RTS                             A:5F X:33 Y:82 P:64 SP:F9 PPU: 37,331 CYC:4316
< D29B  45 78     EOR $78 = AA                    A:5F X:33 Y:82 P:64 SP:FB PPU: 38,  8 CYC:4322
< D29D  20 0A F8  JSR $F80A                       A:F5 X:33 Y:82 P:E4 SP:FB PPU: 38, 17 CYC:4325
< F80A  B0 09     BCS $F815                       A:F5 X:33 Y:82 P:E4 SP:F9 PPU: 38, 35 CYC:4331
< F80C  10 07     BPL $F815                       A:F5 X:33 Y:82 P:E4 SP:F9 PPU: 38, 41 CYC:4333
< F80E  C9 F5     CMP #$F5                        A:F5 X:33 Y:82 P:E4 SP:F9 PPU: 38, 47 CYC:4335
< F810  D0 03     BNE $F815                       A:F5 X:33 Y:82 P:67 SP:F9 PPU: 38, 53 CYC:4337
< F812  50 01     BVC $F815                       A:F5 X:33 Y:82 P:67 SP:F9 PPU: 38, 59 CYC:4339
< F814  60        RTS                             A:F5 X:33 Y:82 P:67 SP:F9 PPU: 38, 65 CYC:4341
< D2A0  C8        INY                             A:F5 X:33 Y:82 P:67 SP:FB PPU: 38, 83 CYC:4347
< D2A1  A9 70     LDA #$70                        A:F5 X:33 Y:83 P:E5 SP:FB PPU: 38, 89 CYC:4349
< D2A3  85 78     STA $78 = AA                    A:70 X:33 Y:83 P:65 SP:FB PPU: 38, 95 CYC:4351
< D2A5  20 18 F8  JSR $F818                       A:70 X:33 Y:83 P:65 SP:FB PPU: 38,104 CYC:4354
< F818  38        SEC                             A:70 X:33 Y:83 P:65 SP:F9 PPU: 38,122 CYC:4360
< F819  B8        CLV                             A:70 X:33 Y:83 P:65 SP:F9 PPU: 38,128 CYC:4362
< F81A  A9 70     LDA #$70                        A:70 X:33 Y:83 P:25 SP:F9 PPU: 38,134 CYC:4364
< F81C  60        RTS                             A:70 X:33 Y:83 P:25 SP:F9 PPU: 38,140 CYC:4366
< D2A8  45 78     EOR $78 = 70                    A:70 X:33 Y:83 P:25 SP:FB PPU: 38,158 CYC:4372
< D2AA  20 1D F8  JSR $F81D                       A:00 X:33 Y:83 P:27 SP:FB PPU: 38,167 CYC:4375
< F81D  D0 07     BNE $F826                       A:00 X:33 Y:83 P:27 SP:F9 PPU: 38,185 CYC:4381
< F81F  70 05     BVS $F826                       A:00 X:33 Y:83 P:27 SP:F9 PPU: 38,191 CYC:4383
< F821  90 03     BCC $F826                       A:00 X:33 Y:83 P:27 SP:F9 PPU: 38,197 CYC:4385
< F823  30 01     BMI $F826                       A:00 X:33 Y:83 P:27 SP:F9 PPU: 38,203 CYC:4387
< F825  60        RTS                             A:00 X:33 Y:83 P:27 SP:F9 PPU: 38,209 CYC:4389
< D2AD  C8        INY                             A:00 X:33 Y:83 P:27 SP:FB PPU: 38,227 CYC:4395
< D2AE  A9 69     LDA #$69                        A:00 X:33 Y:84 P:A5 SP:FB PPU: 38,233 CYC:4397
< D2B0  85 78     STA $78 = 70                    A:69 X:33 Y:84 P:25 SP:FB PPU: 38,239 CYC:4399
< D2B2  20 29 F8  JSR $F829                       A:69 X:33 Y:84 P:25 SP:FB PPU: 38,248 CYC:4402
< F829  18        CLC                             A:69 X:33 Y:84 P:25 SP:F9 PPU: 38,266 CYC:4408
< F82A  24 01     BIT $01 = FF                    A:69 X:33 Y:84 P:24 SP:F9 PPU: 38,272 CYC:4410
< F82C  A9 00     LDA #$00                        A:69 X:33 Y:84 P:E4 SP:F9 PPU: 38,281 CYC:4413
< F82E  60        RTS                             A:00 X:33 Y:84 P:66 SP:F9 PPU: 38,287 CYC:4415
< D2B5  65 78     ADC $78 = 69                    A:00 X:33 Y:84 P:66 SP:FB PPU: 38,305 CYC:4421
< D2B7  20 2F F8  JSR $F82F                       A:69 X:33 Y:84 P:24 SP:FB PPU: 38,314 CYC:4424
< F82F  30 09     BMI $F83A                       A:69 X:33 Y:84 P:24 SP:F9 PPU: 38,332 CYC:4430
< F831  B0 07     BCS $F83A                       A:69 X:33 Y:84 P:24 SP:F9 PPU: 38,338 CYC:4432
< F833  C9 69     CMP #$69                        A:69 X:33 Y:84 P:24 SP:F9 PPU: 39,  3 CYC:4434
< F835  D0 03     BNE $F83A                       A:69 X:33 Y:84 P:27 SP:F9 PPU: 39,  9 CYC:4436
< F837  70 01     BVS $F83A                       A:69 X:33 Y:84 P:27 SP:F9 PPU: 39, 15 CYC:4438
< F839  60        RTS                             A:69 X:33 Y:84 P:27 SP:F9 PPU: 39, 21 CYC:4440
< D2BA  C8        INY                             A:69 X:33 Y:84 P:27 SP:FB PPU: 39, 39 CYC:4446
< D2BB  20 3D F8  JSR $F83D                       A:69 X:33 Y:85 P:A5 SP:FB PPU: 39, 45 CYC:4448
< F83D  38        SEC                             A:69 X:33 Y:85 P:A5 SP:F9 PPU: 39, 63 CYC:4454
< F83E  24 01     BIT $01 = FF                    A:69 X:33 Y:85 P:A5 SP:F9 PPU: 39, 69 CYC:4456
< F840  A9 00     LDA #$00                        A:69 X:33 Y:85 P:E5 SP:F9 PPU: 39, 78 CYC:4459
< F842  60        RTS                             A:00 X:33 Y:85 P:67 SP:F9 PPU: 39, 84 CYC:4461
< D2BE  65 78     ADC $78 = 69                    A:00 X:33 Y:85 P:67 SP:FB PPU: 39,102 CYC:4467
< D2C0  20 43 F8  JSR $F843                       A:6A X:33 Y:85 P:24 SP:FB PPU: 39,111 CYC:4470
< F843  30 09     BMI $F84E                       A:6A X:33 Y:85 P:24 SP:F9 PPU: 39,129 CYC:4476
< F845  B0 07     BCS $F84E                       A:6A X:33 Y:85 P:24 SP:F9 PPU: 39,135 CYC:4478
< F847  C9 6A     CMP #$6A                        A:6A X:33 Y:85 P:24 SP:F9 PPU: 39,141 CYC:4480
< F849  D0 03     BNE $F84E                       A:6A X:33 Y:85 P:27 SP:F9 PPU: 39,147 CYC:4482
< F84B  70 01     BVS $F84E                       A:6A X:33 Y:85 P:27 SP:F9 PPU: 39,153 CYC:4484
< F84D  60        RTS                             A:6A X:33 Y:85 P:27 SP:F9 PPU: 39,159 CYC:4486
< D2C3  C8        INY                             A:6A X:33 Y:85 P:27 SP:FB PPU: 39,177 CYC:4492
< D2C4  A9 7F     LDA #$7F                        A:6A X:33 Y:86 P:A5 SP:FB PPU: 39,183 CYC:4494
< D2C6  85 78     STA $78 = 69                    A:7F X:33 Y:86 P:25 SP:FB PPU: 39,189 CYC:4496
< D2C8  20 51 F8  JSR $F851                       A:7F X:33 Y:86 P:25 SP:FB PPU: 39,198 CYC:4499
< F851  38        SEC                             A:7F X:33 Y:86 P:25 SP:F9 PPU: 39,216 CYC:4505
< F852  B8        CLV                             A:7F X:33 Y:86 P:25 SP:F9 PPU: 39,222 CYC:4507
< F853  A9 7F     LDA #$7F                        A:7F X:33 Y:86 P:25 SP:F9 PPU: 39,228 CYC:4509
< F855  60        RTS                             A:7F X:33 Y:86 P:25 SP:F9 PPU: 39,234 CYC:4511
< D2CB  65 78     ADC $78 = 7F                    A:7F X:33 Y:86 P:25 SP:FB PPU: 39,252 CYC:4517
< D2CD  20 56 F8  JSR $F856                       A:FF X:33 Y:86 P:E4 SP:FB PPU: 39,261 CYC:4520
< F856  10 09     BPL $F861                       A:FF X:33 Y:86 P:E4 SP:F9 PPU: 39,279 CYC:4526
< F858  B0 07     BCS $F861                       A:FF X:33 Y:86 P:E4 SP:F9 PPU: 39,285 CYC:4528
< F85A  C9 FF     CMP #$FF                        A:FF X:33 Y:86 P:E4 SP:F9 PPU: 39,291 CYC:4530
< F85C  D0 03     BNE $F861                       A:FF X:33 Y:86 P:67 SP:F9 PPU: 39,297 CYC:4532
< F85E  50 01     BVC $F861                       A:FF X:33 Y:86 P:67 SP:F9 PPU: 39,303 CYC:4534
< F860  60        RTS                             A:FF X:33 Y:86 P:67 SP:F9 PPU: 39,309 CYC:4536
< D2D0  C8        INY                             A:FF X:33 Y:86 P:67 SP:FB PPU: 39,327 CYC:4542
< D2D1  A9 80     LDA #$80                        A:FF X:33 Y:87 P:E5 SP:FB PPU: 39,333 CYC:4544
< D2D3  85 78     STA $78 = 7F                    A:80 X:33 Y:87 P:E5 SP:FB PPU: 39,339 CYC:4546
< D2D5  20 64 F8  JSR $F864                       A:80 X:33 Y:87 P:E5 SP:FB PPU: 40,  7 CYC:4549
< F864  18        CLC                             A:80 X:33 Y:87 P:E5 SP:F9 PPU: 40, 25 CYC:4555
< F865  24 01     BIT $01 = FF                    A:80 X:33 Y:87 P:E4 SP:F9 PPU: 40, 31 CYC:4557
< F867  A9 7F     LDA #$7F                        A:80 X:33 Y:87 P:E4 SP:F9 PPU: 40, 40 CYC:4560
< F869  60        RTS                             A:7F X:33 Y:87 P:64 SP:F9 PPU: 40, 46 CYC:4562
< D2D8  65 78     ADC $78 = 80                    A:7F X:33 Y:87 P:64 SP:FB PPU: 40, 64 CYC:4568
< D2DA  20 6A F8  JSR $F86A                       A:FF X:33 Y:87 P:A4 SP:FB PPU: 40, 73 CYC:4571
< F86A  10 09     BPL $F875                       A:FF X:33 Y:87 P:A4 SP:F9 PPU: 40, 91 CYC:4577
< F86C  B0 07     BCS $F875                       A:FF X:33 Y:87 P:A4 SP:F9 PPU: 40, 97 CYC:4579
< F86E  C9 FF     CMP #$FF                        A:FF X:33 Y:87 P:A4 SP:F9 PPU: 40,103 CYC:4581
< F870  D0 03     BNE $F875                       A:FF X:33 Y:87 P:27 SP:F9 PPU: 40,109 CYC:4583
< F872  70 01     BVS $F875                       A:FF X:33 Y:87 P:27 SP:F9 PPU: 40,115 CYC:4585
< F874  60        RTS                             A:FF X:33 Y:87 P:27 SP:F9 PPU: 40,121 CYC:4587
< D2DD  C8        INY                             A:FF X:33 Y:87 P:27 SP:FB PPU: 40,139 CYC:4593
< D2DE  20 78 F8  JSR $F878                       A:FF X:33 Y:88 P:A5 SP:FB PPU: 40,145 CYC:4595
< F878  38        SEC                             A:FF X:33 Y:88 P:A5 SP:F9 PPU: 40,163 CYC:4601
< F879  B8        CLV                             A:FF X:33 Y:88 P:A5 SP:F9 PPU: 40,169 CYC:4603
< F87A  A9 7F     LDA #$7F                        A:FF X:33 Y:88 P:A5 SP:F9 PPU: 40,175 CYC:4605
< F87C  60        RTS                             A:7F X:33 Y:88 P:25 SP:F9 PPU: 40,181 CYC:4607
< D2E1  65 78     ADC $78 = 80                    A:7F X:33 Y:88 P:25 SP:FB PPU: 40,199 CYC:4613
< D2E3  20 7D F8  JSR $F87D                       A:00 X:33 Y:88 P:27 SP:FB PPU: 40,208 CYC:4616
< F87D  D0 07     BNE $F886                       A:00 X:33 Y:88 P:27 SP:F9 PPU: 40,226 CYC:4622
< F87F  30 05     BMI $F886                       A:00 X:33 Y:88 P:27 SP:F9 PPU: 40,232 CYC:4624
< F881  70 03     BVS $F886                       A:00 X:33 Y:88 P:27 SP:F9 PPU: 40,238 CYC:4626
< F883  90 01     BCC $F886                       A:00 X:33 Y:88 P:27 SP:F9 PPU: 40,244 CYC:4628
< F885  60        RTS                             A:00 X:33 Y:88 P:27 SP:F9 PPU: 40,250 CYC:4630
< D2E6  C8        INY                             A:00 X:33 Y:88 P:27 SP:FB PPU: 40,268 CYC:4636
< D2E7  A9 40     LDA #$40                        A:00 X:33 Y:89 P:A5 SP:FB PPU: 40,274 CYC:4638
< D2E9  85 78     STA $78 = 80                    A:40 X:33 Y:89 P:25 SP:FB PPU: 40,280 CYC:4640
< D2EB  20 89 F8  JSR $F889                       A:40 X:33 Y:89 P:25 SP:FB PPU: 40,289 CYC:4643
< F889  24 01     BIT $01 = FF                    A:40 X:33 Y:89 P:25 SP:F9 PPU: 40,307 CYC:4649
< F88B  A9 40     LDA #$40                        A:40 X:33 Y:89 P:E5 SP:F9 PPU: 40,316 CYC:4652
< F88D  60        RTS                             A:40 X:33 Y:89 P:65 SP:F9 PPU: 40,322 CYC:4654
< D2EE  C5 78     CMP $78 = 40                    A:40 X:33 Y:89 P:65 SP:FB PPU: 40,340 CYC:4660
< D2F0  20 8E F8  JSR $F88E                       A:40 X:33 Y:89 P:67 SP:FB PPU: 41,  8 CYC:4663
< F88E  30 07     BMI $F897                       A:40 X:33 Y:89 P:67 SP:F9 PPU: 41, 26 CYC:4669
< F890  90 05     BCC $F897                       A:40 X:33 Y:89 P:67 SP:F9 PPU: 41, 32 CYC:4671
< F892  D0 03     BNE $F897                       A:40 X:33 Y:89 P:67 SP:F9 PPU: 41, 38 CYC:4673
< F894  50 01     BVC $F897                       A:40 X:33 Y:89 P:67 SP:F9 PPU: 41, 44 CYC:4675
< F896  60        RTS                             A:40 X:33 Y:89 P:67 SP:F9 PPU: 41, 50 CYC:4677
< D2F3  C8        INY                             A:40 X:33 Y:89 P:67 SP:FB PPU: 41, 68 CYC:4683
< D2F4  48        PHA                             A:40 X:33 Y:8A P:E5 SP:FB PPU: 41, 74 CYC:4685
< D2F5  A9 3F     LDA #$3F                        A:40 X:33 Y:8A P:E5 SP:FA PPU: 41, 83 CYC:4688
< D2F7  85 78     STA $78 = 40                    A:3F X:33 Y:8A P:65 SP:FA PPU: 41, 89 CYC:4690
< D2F9  68        PLA                             A:3F X:33 Y:8A P:65 SP:FA PPU: 41, 98 CYC:4693
< D2FA  20 9A F8  JSR $F89A                       A:40 X:33 Y:8A P:65 SP:FB PPU: 41,110 CYC:4697
< F89A  B8        CLV                             A:40 X:33 Y:8A P:65 SP:F9 PPU: 41,128 CYC:4703
< F89B  60        RTS                             A:40 X:33 Y:8A P:25 SP:F9 PPU: 41,134 CYC:4705
< D2FD  C5 78     CMP $78 = 3F                    A:40 X:33 Y:8A P:25 SP:FB PPU: 41,152 CYC:4711
< D2FF  20 9C F8  JSR $F89C                       A:40 X:33 Y:8A P:25 SP:FB PPU: 41,161 CYC:4714
< F89C  F0 07     BEQ $F8A5                       A:40 X:33 Y:8A P:25 SP:F9 PPU: 41,179 CYC:4720
< F89E  30 05     BMI $F8A5                       A:40 X:33 Y:8A P:25 SP:F9 PPU: 41,185 CYC:4722
< F8A0  90 03     BCC $F8A5                       A:40 X:33 Y:8A P:25 SP:F9 PPU: 41,191 CYC:4724
< F8A2  70 01     BVS $F8A5                       A:40 X:33 Y:8A P:25 SP:F9 PPU: 41,197 CYC:4726
< F8A4  60        RTS                             A:40 X:33 Y:8A P:25 SP:F9 PPU: 41,203 CYC:4728
< D302  C8        INY                             A:40 X:33 Y:8A P:25 SP:FB PPU: 41,221 CYC:4734
< D303  48        PHA                             A:40 X:33 Y:8B P:A5 SP:FB PPU: 41,227 CYC:4736
< D304  A9 41     LDA #$41                        A:40 X:33 Y:8B P:A5 SP:FA PPU: 41,236 CYC:4739
< D306  85 78     STA $78 = 3F                    A:41 X:33 Y:8B P:25 SP:FA PPU: 41,242 CYC:4741
< D308  68        PLA                             A:41 X:33 Y:8B P:25 SP:FA PPU: 41,251 CYC:4744
< D309  C5 78     CMP $78 = 41                    A:40 X:33 Y:8B P:25 SP:FB PPU: 41,263 CYC:4748
< D30B  20 A8 F8  JSR $F8A8                       A:40 X:33 Y:8B P:A4 SP:FB PPU: 41,272 CYC:4751
< F8A8  F0 05     BEQ $F8AF                       A:40 X:33 Y:8B P:A4 SP:F9 PPU: 41,290 CYC:4757
< F8AA  10 03     BPL $F8AF                       A:40 X:33 Y:8B P:A4 SP:F9 PPU: 41,296 CYC:4759
< F8AC  10 01     BPL $F8AF                       A:40 X:33 Y:8B P:A4 SP:F9 PPU: 41,302 CYC:4761
< F8AE  60        RTS                             A:40 X:33 Y:8B P:A4 SP:F9 PPU: 41,308 CYC:4763
< D30E  C8        INY                             A:40 X:33 Y:8B P:A4 SP:FB PPU: 41,326 CYC:4769
< D30F  48        PHA                             A:40 X:33 Y:8C P:A4 SP:FB PPU: 41,332 CYC:4771
< D310  A9 00     LDA #$00                        A:40 X:33 Y:8C P:A4 SP:FA PPU: 42,  0 CYC:4774
< D312  85 78     STA $78 = 41                    A:00 X:33 Y:8C P:26 SP:FA PPU: 42,  6 CYC:4776
< D314  68        PLA                             A:00 X:33 Y:8C P:26 SP:FA PPU: 42, 15 CYC:4779
< D315  20 B2 F8  JSR $F8B2                       A:40 X:33 Y:8C P:24 SP:FB PPU: 42, 27 CYC:4783
< F8B2  A9 80     LDA #$80                        A:40 X:33 Y:8C P:24 SP:F9 PPU: 42, 45 CYC:4789
< F8B4  60        RTS                             A:80 X:33 Y:8C P:A4 SP:F9 PPU: 42, 51 CYC:4791
< D318  C5 78     CMP $78 = 00                    A:80 X:33 Y:8C P:A4 SP:FB PPU: 42, 69 CYC:4797
< D31A  20 B5 F8  JSR $F8B5                       A:80 X:33 Y:8C P:A5 SP:FB PPU: 42, 78 CYC:4800
< F8B5  F0 05     BEQ $F8BC                       A:80 X:33 Y:8C P:A5 SP:F9 PPU: 42, 96 CYC:4806
< F8B7  10 03     BPL $F8BC                       A:80 X:33 Y:8C P:A5 SP:F9 PPU: 42,102 CYC:4808
< F8B9  90 01     BCC $F8BC                       A:80 X:33 Y:8C P:A5 SP:F9 PPU: 42,108 CYC:4810
< F8BB  60        RTS                             A:80 X:33 Y:8C P:A5 SP:F9 PPU: 42,114 CYC:4812
< D31D  C8        INY                             A:80 X:33 Y:8C P:A5 SP:FB PPU: 42,132 CYC:4818
< D31E  48        PHA                             A:80 X:33 Y:8D P:A5 SP:FB PPU: 42,138 CYC:4820
< D31F  A9 80     LDA #$80                        A:80 X:33 Y:8D P:A5 SP:FA PPU: 42,147 CYC:4823
< D321  85 78     STA $78 = 00                    A:80 X:33 Y:8D P:A5 SP:FA PPU: 42,153 CYC:4825
< D323  68        PLA                             A:80 X:33 Y:8D P:A5 SP:FA PPU: 42,162 CYC:4828
< D324  C5 78     CMP $78 = 80                    A:80 X:33 Y:8D P:A5 SP:FB PPU: 42,174 CYC:4832
< D326  20 BF F8  JSR $F8BF                       A:80 X:33 Y:8D P:27 SP:FB PPU: 42,183 CYC:4835
< F8BF  D0 05     BNE $F8C6                       A:80 X:33 Y:8D P:27 SP:F9 PPU: 42,201 CYC:4841
< F8C1  30 03     BMI $F8C6                       A:80 X:33 Y:8D P:27 SP:F9 PPU: 42,207 CYC:4843
< F8C3  90 01     BCC $F8C6                       A:80 X:33 Y:8D P:27 SP:F9 PPU: 42,213 CYC:4845
< F8C5  60        RTS                             A:80 X:33 Y:8D P:27 SP:F9 PPU: 42,219 CYC:4847
< D329  C8        INY                             A:80 X:33 Y:8D P:27 SP:FB PPU: 42,237 CYC:4853
< D32A  48        PHA                             A:80 X:33 Y:8E P:A5 SP:FB PPU: 42,243 CYC:4855
< D32B  A9 81     LDA #$81                        A:80 X:33 Y:8E P:A5 SP:FA PPU: 42,252 CYC:4858
< D32D  85 78     STA $78 = 80                    A:81 X:33 Y:8E P:A5 SP:FA PPU: 42,258 CYC:4860
< D32F  68        PLA                             A:81 X:33 Y:8E P:A5 SP:FA PPU: 42,267 CYC:4863
< D330  C5 78     CMP $78 = 81                    A:80 X:33 Y:8E P:A5 SP:FB PPU: 42,279 CYC:4867
< D332  20 C9 F8  JSR $F8C9                       A:80 X:33 Y:8E P:A4 SP:FB PPU: 42,288 CYC:4870
< F8C9  B0 05     BCS $F8D0                       A:80 X:33 Y:8E P:A4 SP:F9 PPU: 42,306 CYC:4876
< F8CB  F0 03     BEQ $F8D0                       A:80 X:33 Y:8E P:A4 SP:F9 PPU: 42,312 CYC:4878
< F8CD  10 01     BPL $F8D0                       A:80 X:33 Y:8E P:A4 SP:F9 PPU: 42,318 CYC:4880
< F8CF  60        RTS                             A:80 X:33 Y:8E P:A4 SP:F9 PPU: 42,324 CYC:4882
< D335  C8        INY                             A:80 X:33 Y:8E P:A4 SP:FB PPU: 43,  1 CYC:4888
< D336  48        PHA                             A:80 X:33 Y:8F P:A4 SP:FB PPU: 43,  7 CYC:4890
< D337  A9 7F     LDA #$7F                        A:80 X:33 Y:8F P:A4 SP:FA PPU: 43, 16 CYC:4893
< D339  85 78     STA $78 = 81                    A:7F X:33 Y:8F P:24 SP:FA PPU: 43, 22 CYC:4895
< D33B  68        PLA                             A:7F X:33 Y:8F P:24 SP:FA PPU: 43, 31 CYC:4898
< D33C  C5 78     CMP $78 = 7F                    A:80 X:33 Y:8F P:A4 SP:FB PPU: 43, 43 CYC:4902
< D33E  20 D3 F8  JSR $F8D3                       A:80 X:33 Y:8F P:25 SP:FB PPU: 43, 52 CYC:4905
< F8D3  90 05     BCC $F8DA                       A:80 X:33 Y:8F P:25 SP:F9 PPU: 43, 70 CYC:4911
< F8D5  F0 03     BEQ $F8DA                       A:80 X:33 Y:8F P:25 SP:F9 PPU: 43, 76 CYC:4913
< F8D7  30 01     BMI $F8DA                       A:80 X:33 Y:8F P:25 SP:F9 PPU: 43, 82 CYC:4915
< F8D9  60        RTS                             A:80 X:33 Y:8F P:25 SP:F9 PPU: 43, 88 CYC:4917
< D341  C8        INY                             A:80 X:33 Y:8F P:25 SP:FB PPU: 43,106 CYC:4923
< D342  A9 40     LDA #$40                        A:80 X:33 Y:90 P:A5 SP:FB PPU: 43,112 CYC:4925
< D344  85 78     STA $78 = 7F                    A:40 X:33 Y:90 P:25 SP:FB PPU: 43,118 CYC:4927
< D346  20 31 F9  JSR $F931                       A:40 X:33 Y:90 P:25 SP:FB PPU: 43,127 CYC:4930
< F931  24 01     BIT $01 = FF                    A:40 X:33 Y:90 P:25 SP:F9 PPU: 43,145 CYC:4936
< F933  A9 40     LDA #$40                        A:40 X:33 Y:90 P:E5 SP:F9 PPU: 43,154 CYC:4939
< F935  38        SEC                             A:40 X:33 Y:90 P:65 SP:F9 PPU: 43,160 CYC:4941
< F936  60        RTS                             A:40 X:33 Y:90 P:65 SP:F9 PPU: 43,166 CYC:4943
< D349  E5 78     SBC $78 = 40                    A:40 X:33 Y:90 P:65 SP:FB PPU: 43,184 CYC:4949
< D34B  20 37 F9  JSR $F937                       A:00 X:33 Y:90 P:27 SP:FB PPU: 43,193 CYC:4952
< F937  30 0B     BMI $F944                       A:00 X:33 Y:90 P:27 SP:F9 PPU: 43,211 CYC:4958
< F939  90 09     BCC $F944                       A:00 X:33 Y:90 P:27 SP:F9 PPU: 43,217 CYC:4960
< F93B  D0 07     BNE $F944                       A:00 X:33 Y:90 P:27 SP:F9 PPU: 43,223 CYC:4962
< F93D  70 05     BVS $F944                       A:00 X:33 Y:90 P:27 SP:F9 PPU: 43,229 CYC:4964
< F93F  C9 00     CMP #$00                        A:00 X:33 Y:90 P:27 SP:F9 PPU: 43,235 CYC:4966
< F941  D0 01     BNE $F944                       A:00 X:33 Y:90 P:27 SP:F9 PPU: 43,241 CYC:4968
< F943  60        RTS                             A:00 X:33 Y:90 P:27 SP:F9 PPU: 43,247 CYC:4970
< D34E  C8        INY                             A:00 X:33 Y:90 P:27 SP:FB PPU: 43,265 CYC:4976
< D34F  A9 3F     LDA #$3F                        A:00 X:33 Y:91 P:A5 SP:FB PPU: 43,271 CYC:4978
< D351  85 78     STA $78 = 40                    A:3F X:33 Y:91 P:25 SP:FB PPU: 43,277 CYC:4980
< D353  20 47 F9  JSR $F947                       A:3F X:33 Y:91 P:25 SP:FB PPU: 43,286 CYC:4983
< F947  B8        CLV                             A:3F X:33 Y:91 P:25 SP:F9 PPU: 43,304 CYC:4989
< F948  38        SEC                             A:3F X:33 Y:91 P:25 SP:F9 PPU: 43,310 CYC:4991
< F949  A9 40     LDA #$40                        A:3F X:33 Y:91 P:25 SP:F9 PPU: 43,316 CYC:4993
< F94B  60        RTS                             A:40 X:33 Y:91 P:25 SP:F9 PPU: 43,322 CYC:4995
< D356  E5 78     SBC $78 = 3F                    A:40 X:33 Y:91 P:25 SP:FB PPU: 43,340 CYC:5001
< D358  20 4C F9  JSR $F94C                       A:01 X:33 Y:91 P:25 SP:FB PPU: 44,  8 CYC:5004
< F94C  F0 0B     BEQ $F959                       A:01 X:33 Y:91 P:25 SP:F9 PPU: 44, 26 CYC:5010
< F94E  30 09     BMI $F959                       A:01 X:33 Y:91 P:25 SP:F9 PPU: 44, 32 CYC:5012
< F950  90 07     BCC $F959                       A:01 X:33 Y:91 P:25 SP:F9 PPU: 44, 38 CYC:5014
< F952  70 05     BVS $F959                       A:01 X:33 Y:91 P:25 SP:F9 PPU: 44, 44 CYC:5016
< F954  C9 01     CMP #$01                        A:01 X:33 Y:91 P:25 SP:F9 PPU: 44, 50 CYC:5018
< F956  D0 01     BNE $F959                       A:01 X:33 Y:91 P:27 SP:F9 PPU: 44, 56 CYC:5020
< F958  60        RTS                             A:01 X:33 Y:91 P:27 SP:F9 PPU: 44, 62 CYC:5022
< D35B  C8        INY                             A:01 X:33 Y:91 P:27 SP:FB PPU: 44, 80 CYC:5028
< D35C  A9 41     LDA #$41                        A:01 X:33 Y:92 P:A5 SP:FB PPU: 44, 86 CYC:5030
< D35E  85 78     STA $78 = 3F                    A:41 X:33 Y:92 P:25 SP:FB PPU: 44, 92 CYC:5032
< D360  20 5C F9  JSR $F95C                       A:41 X:33 Y:92 P:25 SP:FB PPU: 44,101 CYC:5035
< F95C  A9 40     LDA #$40                        A:41 X:33 Y:92 P:25 SP:F9 PPU: 44,119 CYC:5041
< F95E  38        SEC                             A:40 X:33 Y:92 P:25 SP:F9 PPU: 44,125 CYC:5043
< F95F  24 01     BIT $01 = FF                    A:40 X:33 Y:92 P:25 SP:F9 PPU: 44,131 CYC:5045
< F961  60        RTS                             A:40 X:33 Y:92 P:E5 SP:F9 PPU: 44,140 CYC:5048
< D363  E5 78     SBC $78 = 41                    A:40 X:33 Y:92 P:E5 SP:FB PPU: 44,158 CYC:5054
< D365  20 62 F9  JSR $F962                       A:FF X:33 Y:92 P:A4 SP:FB PPU: 44,167 CYC:5057
< F962  B0 0B     BCS $F96F                       A:FF X:33 Y:92 P:A4 SP:F9 PPU: 44,185 CYC:5063
< F964  F0 09     BEQ $F96F                       A:FF X:33 Y:92 P:A4 SP:F9 PPU: 44,191 CYC:5065
< F966  10 07     BPL $F96F                       A:FF X:33 Y:92 P:A4 SP:F9 PPU: 44,197 CYC:5067
< F968  70 05     BVS $F96F                       A:FF X:33 Y:92 P:A4 SP:F9 PPU: 44,203 CYC:5069
< F96A  C9 FF     CMP #$FF                        A:FF X:33 Y:92 P:A4 SP:F9 PPU: 44,209 CYC:5071
< F96C  D0 01     BNE $F96F                       A:FF X:33 Y:92 P:27 SP:F9 PPU: 44,215 CYC:5073
< F96E  60        RTS                             A:FF X:33 Y:92 P:27 SP:F9 PPU: 44,221 CYC:5075
< D368  C8        INY                             A:FF X:33 Y:92 P:27 SP:FB PPU: 44,239 CYC:5081
< D369  A9 00     LDA #$00                        A:FF X:33 Y:93 P:A5 SP:FB PPU: 44,245 CYC:5083
< D36B  85 78     STA $78 = 41                    A:00 X:33 Y:93 P:27 SP:FB PPU: 44,251 CYC:5085
< D36D  20 72 F9  JSR $F972                       A:00 X:33 Y:93 P:27 SP:FB PPU: 44,260 CYC:5088
< F972  18        CLC                             A:00 X:33 Y:93 P:27 SP:F9 PPU: 44,278 CYC:5094
< F973  A9 80     LDA #$80                        A:00 X:33 Y:93 P:26 SP:F9 PPU: 44,284 CYC:5096
< F975  60        RTS                             A:80 X:33 Y:93 P:A4 SP:F9 PPU: 44,290 CYC:5098
< D370  E5 78     SBC $78 = 00                    A:80 X:33 Y:93 P:A4 SP:FB PPU: 44,308 CYC:5104
< D372  20 76 F9  JSR $F976                       A:7F X:33 Y:93 P:65 SP:FB PPU: 44,317 CYC:5107
< F976  90 05     BCC $F97D                       A:7F X:33 Y:93 P:65 SP:F9 PPU: 44,335 CYC:5113
< F978  C9 7F     CMP #$7F                        A:7F X:33 Y:93 P:65 SP:F9 PPU: 45,  0 CYC:5115
< F97A  D0 01     BNE $F97D                       A:7F X:33 Y:93 P:67 SP:F9 PPU: 45,  6 CYC:5117
< F97C  60        RTS                             A:7F X:33 Y:93 P:67 SP:F9 PPU: 45, 12 CYC:5119
< D375  C8        INY                             A:7F X:33 Y:93 P:67 SP:FB PPU: 45, 30 CYC:5125
< D376  A9 7F     LDA #$7F                        A:7F X:33 Y:94 P:E5 SP:FB PPU: 45, 36 CYC:5127
< D378  85 78     STA $78 = 00                    A:7F X:33 Y:94 P:65 SP:FB PPU: 45, 42 CYC:5129
< D37A  20 80 F9  JSR $F980                       A:7F X:33 Y:94 P:65 SP:FB PPU: 45, 51 CYC:5132
< F980  38        SEC                             A:7F X:33 Y:94 P:65 SP:F9 PPU: 45, 69 CYC:5138
< F981  A9 81     LDA #$81                        A:7F X:33 Y:94 P:65 SP:F9 PPU: 45, 75 CYC:5140
< F983  60        RTS                             A:81 X:33 Y:94 P:E5 SP:F9 PPU: 45, 81 CYC:5142
< D37D  E5 78     SBC $78 = 7F                    A:81 X:33 Y:94 P:E5 SP:FB PPU: 45, 99 CYC:5148
< D37F  20 84 F9  JSR $F984                       A:02 X:33 Y:94 P:65 SP:FB PPU: 45,108 CYC:5151
< F984  50 07     BVC $F98D                       A:02 X:33 Y:94 P:65 SP:F9 PPU: 45,126 CYC:5157
< F986  90 05     BCC $F98D                       A:02 X:33 Y:94 P:65 SP:F9 PPU: 45,132 CYC:5159
< F988  C9 02     CMP #$02                        A:02 X:33 Y:94 P:65 SP:F9 PPU: 45,138 CYC:5161
< F98A  D0 01     BNE $F98D                       A:02 X:33 Y:94 P:67 SP:F9 PPU: 45,144 CYC:5163
< F98C  60        RTS                             A:02 X:33 Y:94 P:67 SP:F9 PPU: 45,150 CYC:5165
< D382  C8        INY                             A:02 X:33 Y:94 P:67 SP:FB PPU: 45,168 CYC:5171
< D383  A9 40     LDA #$40                        A:02 X:33 Y:95 P:E5 SP:FB PPU: 45,174 CYC:5173
< D385  85 78     STA $78 = 7F                    A:40 X:33 Y:95 P:65 SP:FB PPU: 45,180 CYC:5175
< D387  20 89 F8  JSR $F889                       A:40 X:33 Y:95 P:65 SP:FB PPU: 45,189 CYC:5178
< F889  24 01     BIT $01 = FF                    A:40 X:33 Y:95 P:65 SP:F9 PPU: 45,207 CYC:5184
< F88B  A9 40     LDA #$40                        A:40 X:33 Y:95 P:E5 SP:F9 PPU: 45,216 CYC:5187
< F88D  60        RTS                             A:40 X:33 Y:95 P:65 SP:F9 PPU: 45,222 CYC:5189
< D38A  AA        TAX                             A:40 X:33 Y:95 P:65 SP:FB PPU: 45,240 CYC:5195
< D38B  E4 78     CPX $78 = 40                    A:40 X:40 Y:95 P:65 SP:FB PPU: 45,246 CYC:5197
< D38D  20 8E F8  JSR $F88E                       A:40 X:40 Y:95 P:67 SP:FB PPU: 45,255 CYC:5200
< F88E  30 07     BMI $F897                       A:40 X:40 Y:95 P:67 SP:F9 PPU: 45,273 CYC:5206
< F890  90 05     BCC $F897                       A:40 X:40 Y:95 P:67 SP:F9 PPU: 45,279 CYC:5208
< F892  D0 03     BNE $F897                       A:40 X:40 Y:95 P:67 SP:F9 PPU: 45,285 CYC:5210
< F894  50 01     BVC $F897                       A:40 X:40 Y:95 P:67 SP:F9 PPU: 45,291 CYC:5212
< F896  60        RTS                             A:40 X:40 Y:95 P:67 SP:F9 PPU: 45,297 CYC:5214
< D390  C8        INY                             A:40 X:40 Y:95 P:67 SP:FB PPU: 45,315 CYC:5220
< D391  A9 3F     LDA #$3F                        A:40 X:40 Y:96 P:E5 SP:FB PPU: 45,321 CYC:5222
< D393  85 78     STA $78 = 40                    A:3F X:40 Y:96 P:65 SP:FB PPU: 45,327 CYC:5224
< D395  20 9A F8  JSR $F89A                       A:3F X:40 Y:96 P:65 SP:FB PPU: 45,336 CYC:5227
< F89A  B8        CLV                             A:3F X:40 Y:96 P:65 SP:F9 PPU: 46, 13 CYC:5233
< F89B  60        RTS                             A:3F X:40 Y:96 P:25 SP:F9 PPU: 46, 19 CYC:5235
< D398  E4 78     CPX $78 = 3F                    A:3F X:40 Y:96 P:25 SP:FB PPU: 46, 37 CYC:5241
< D39A  20 9C F8  JSR $F89C                       A:3F X:40 Y:96 P:25 SP:FB PPU: 46, 46 CYC:5244
< F89C  F0 07     BEQ $F8A5                       A:3F X:40 Y:96 P:25 SP:F9 PPU: 46, 64 CYC:5250
< F89E  30 05     BMI $F8A5                       A:3F X:40 Y:96 P:25 SP:F9 PPU: 46, 70 CYC:5252
< F8A0  90 03     BCC $F8A5                       A:3F X:40 Y:96 P:25 SP:F9 PPU: 46, 76 CYC:5254
< F8A2  70 01     BVS $F8A5                       A:3F X:40 Y:96 P:25 SP:F9 PPU: 46, 82 CYC:5256
< F8A4  60        RTS                             A:3F X:40 Y:96 P:25 SP:F9 PPU: 46, 88 CYC:5258
< D39D  C8        INY                             A:3F X:40 Y:96 P:25 SP:FB PPU: 46,106 CYC:5264
< D39E  A9 41     LDA #$41                        A:3F X:40 Y:97 P:A5 SP:FB PPU: 46,112 CYC:5266
< D3A0  85 78     STA $78 = 3F                    A:41 X:40 Y:97 P:25 SP:FB PPU: 46,118 CYC:5268
< D3A2  E4 78     CPX $78 = 41                    A:41 X:40 Y:97 P:25 SP:FB PPU: 46,127 CYC:5271
< D3A4  20 A8 F8  JSR $F8A8                       A:41 X:40 Y:97 P:A4 SP:FB PPU: 46,136 CYC:5274
< F8A8  F0 05     BEQ $F8AF                       A:41 X:40 Y:97 P:A4 SP:F9 PPU: 46,154 CYC:5280
< F8AA  10 03     BPL $F8AF                       A:41 X:40 Y:97 P:A4 SP:F9 PPU: 46,160 CYC:5282
< F8AC  10 01     BPL $F8AF                       A:41 X:40 Y:97 P:A4 SP:F9 PPU: 46,166 CYC:5284
< F8AE  60        RTS                             A:41 X:40 Y:97 P:A4 SP:F9 PPU: 46,172 CYC:5286
< D3A7  C8        INY                             A:41 X:40 Y:97 P:A4 SP:FB PPU: 46,190 CYC:5292
< D3A8  A9 00     LDA #$00                        A:41 X:40 Y:98 P:A4 SP:FB PPU: 46,196 CYC:5294
< D3AA  85 78     STA $78 = 41                    A:00 X:40 Y:98 P:26 SP:FB PPU: 46,202 CYC:5296
< D3AC  20 B2 F8  JSR $F8B2                       A:00 X:40 Y:98 P:26 SP:FB PPU: 46,211 CYC:5299
< F8B2  A9 80     LDA #$80                        A:00 X:40 Y:98 P:26 SP:F9 PPU: 46,229 CYC:5305
< F8B4  60        RTS                             A:80 X:40 Y:98 P:A4 SP:F9 PPU: 46,235 CYC:5307
< D3AF  AA        TAX                             A:80 X:40 Y:98 P:A4 SP:FB PPU: 46,253 CYC:5313
< D3B0  E4 78     CPX $78 = 00                    A:80 X:80 Y:98 P:A4 SP:FB PPU: 46,259 CYC:5315
< D3B2  20 B5 F8  JSR $F8B5                       A:80 X:80 Y:98 P:A5 SP:FB PPU: 46,268 CYC:5318
< F8B5  F0 05     BEQ $F8BC                       A:80 X:80 Y:98 P:A5 SP:F9 PPU: 46,286 CYC:5324
< F8B7  10 03     BPL $F8BC                       A:80 X:80 Y:98 P:A5 SP:F9 PPU: 46,292 CYC:5326
< F8B9  90 01     BCC $F8BC                       A:80 X:80 Y:98 P:A5 SP:F9 PPU: 46,298 CYC:5328
< F8BB  60        RTS                             A:80 X:80 Y:98 P:A5 SP:F9 PPU: 46,304 CYC:5330
< D3B5  C8        INY                             A:80 X:80 Y:98 P:A5 SP:FB PPU: 46,322 CYC:5336
< D3B6  A9 80     LDA #$80                        A:80 X:80 Y:99 P:A5 SP:FB PPU: 46,328 CYC:5338
< D3B8  85 78     STA $78 = 00                    A:80 X:80 Y:99 P:A5 SP:FB PPU: 46,334 CYC:5340
< D3BA  E4 78     CPX $78 = 80                    A:80 X:80 Y:99 P:A5 SP:FB PPU: 47,  2 CYC:5343
< D3BC  20 BF F8  JSR $F8BF                       A:80 X:80 Y:99 P:27 SP:FB PPU: 47, 11 CYC:5346
< F8BF  D0 05     BNE $F8C6                       A:80 X:80 Y:99 P:27 SP:F9 PPU: 47, 29 CYC:5352
< F8C1  30 03     BMI $F8C6                       A:80 X:80 Y:99 P:27 SP:F9 PPU: 47, 35 CYC:5354
< F8C3  90 01     BCC $F8C6                       A:80 X:80 Y:99 P:27 SP:F9 PPU: 47, 41 CYC:5356
< F8C5  60        RTS                             A:80 X:80 Y:99 P:27 SP:F9 PPU: 47, 47 CYC:5358
< D3BF  C8        INY                             A:80 X:80 Y:99 P:27 SP:FB PPU: 47, 65 CYC:5364
< D3C0  A9 81     LDA #$81                        A:80 X:80 Y:9A P:A5 SP:FB PPU: 47, 71 CYC:5366
< D3C2  85 78     STA $78 = 80                    A:81 X:80 Y:9A P:A5 SP:FB PPU: 47, 77 CYC:5368
< D3C4  E4 78     CPX $78 = 81                    A:81 X:80 Y:9A P:A5 SP:FB PPU: 47, 86 CYC:5371
< D3C6  20 C9 F8  JSR $F8C9                       A:81 X:80 Y:9A P:A4 SP:FB PPU: 47, 95 CYC:5374
< F8C9  B0 05     BCS $F8D0                       A:81 X:80 Y:9A P:A4 SP:F9 PPU: 47,113 CYC:5380
< F8CB  F0 03     BEQ $F8D0                       A:81 X:80 Y:9A P:A4 SP:F9 PPU: 47,119 CYC:5382
< F8CD  10 01     BPL $F8D0                       A:81 X:80 Y:9A P:A4 SP:F9 PPU: 47,125 CYC:5384
< F8CF  60        RTS                             A:81 X:80 Y:9A P:A4 SP:F9 PPU: 47,131 CYC:5386
< D3C9  C8        INY                             A:81 X:80 Y:9A P:A4 SP:FB PPU: 47,149 CYC:5392
< D3CA  A9 7F     LDA #$7F                        A:81 X:80 Y:9B P:A4 SP:FB PPU: 47,155 CYC:5394
< D3CC  85 78     STA $78 = 81                    A:7F X:80 Y:9B P:24 SP:FB PPU: 47,161 CYC:5396
< D3CE  E4 78     CPX $78 = 7F                    A:7F X:80 Y:9B P:24 SP:FB PPU: 47,170 CYC:5399
< D3D0  20 D3 F8  JSR $F8D3                       A:7F X:80 Y:9B P:25 SP:FB PPU: 47,179 CYC:5402
< F8D3  90 05     BCC $F8DA                       A:7F X:80 Y:9B P:25 SP:F9 PPU: 47,197 CYC:5408
< F8D5  F0 03     BEQ $F8DA                       A:7F X:80 Y:9B P:25 SP:F9 PPU: 47,203 CYC:5410
< F8D7  30 01     BMI $F8DA                       A:7F X:80 Y:9B P:25 SP:F9 PPU: 47,209 CYC:5412
< F8D9  60        RTS                             A:7F X:80 Y:9B P:25 SP:F9 PPU: 47,215 CYC:5414
< D3D3  C8        INY                             A:7F X:80 Y:9B P:25 SP:FB PPU: 47,233 CYC:5420
< D3D4  98        TYA                             A:7F X:80 Y:9C P:A5 SP:FB PPU: 47,239 CYC:5422
< D3D5  AA        TAX                             A:9C X:80 Y:9C P:A5 SP:FB PPU: 47,245 CYC:5424
< D3D6  A9 40     LDA #$40                        A:9C X:9C Y:9C P:A5 SP:FB PPU: 47,251 CYC:5426
< D3D8  85 78     STA $78 = 7F                    A:40 X:9C Y:9C P:25 SP:FB PPU: 47,257 CYC:5428
< D3DA  20 DD F8  JSR $F8DD                       A:40 X:9C Y:9C P:25 SP:FB PPU: 47,266 CYC:5431
< F8DD  24 01     BIT $01 = FF                    A:40 X:9C Y:9C P:25 SP:F9 PPU: 47,284 CYC:5437
< F8DF  A0 40     LDY #$40                        A:40 X:9C Y:9C P:E5 SP:F9 PPU: 47,293 CYC:5440
< F8E1  60        RTS                             A:40 X:9C Y:40 P:65 SP:F9 PPU: 47,299 CYC:5442
< D3DD  C4 78     CPY $78 = 40                    A:40 X:9C Y:40 P:65 SP:FB PPU: 47,317 CYC:5448
< D3DF  20 E2 F8  JSR $F8E2                       A:40 X:9C Y:40 P:67 SP:FB PPU: 47,326 CYC:5451
< F8E2  30 07     BMI $F8EB                       A:40 X:9C Y:40 P:67 SP:F9 PPU: 48,  3 CYC:5457
< F8E4  90 05     BCC $F8EB                       A:40 X:9C Y:40 P:67 SP:F9 PPU: 48,  9 CYC:5459
< F8E6  D0 03     BNE $F8EB                       A:40 X:9C Y:40 P:67 SP:F9 PPU: 48, 15 CYC:5461
< F8E8  50 01     BVC $F8EB                       A:40 X:9C Y:40 P:67 SP:F9 PPU: 48, 21 CYC:5463
< F8EA  60        RTS                             A:40 X:9C Y:40 P:67 SP:F9 PPU: 48, 27 CYC:5465
< D3E2  E8        INX                             A:40 X:9C Y:40 P:67 SP:FB PPU: 48, 45 CYC:5471
< D3E3  A9 3F     LDA #$3F                        A:40 X:9D Y:40 P:E5 SP:FB PPU: 48, 51 CYC:5473
< D3E5  85 78     STA $78 = 40                    A:3F X:9D Y:40 P:65 SP:FB PPU: 48, 57 CYC:5475
< D3E7  20 EE F8  JSR $F8EE                       A:3F X:9D Y:40 P:65 SP:FB PPU: 48, 66 CYC:5478
< F8EE  B8        CLV                             A:3F X:9D Y:40 P:65 SP:F9 PPU: 48, 84 CYC:5484
< F8EF  60        RTS                             A:3F X:9D Y:40 P:25 SP:F9 PPU: 48, 90 CYC:5486
< D3EA  C4 78     CPY $78 = 3F                    A:3F X:9D Y:40 P:25 SP:FB PPU: 48,108 CYC:5492
< D3EC  20 F0 F8  JSR $F8F0                       A:3F X:9D Y:40 P:25 SP:FB PPU: 48,117 CYC:5495
< F8F0  F0 07     BEQ $F8F9                       A:3F X:9D Y:40 P:25 SP:F9 PPU: 48,135 CYC:5501
< F8F2  30 05     BMI $F8F9                       A:3F X:9D Y:40 P:25 SP:F9 PPU: 48,141 CYC:5503
< F8F4  90 03     BCC $F8F9                       A:3F X:9D Y:40 P:25 SP:F9 PPU: 48,147 CYC:5505
< F8F6  70 01     BVS $F8F9                       A:3F X:9D Y:40 P:25 SP:F9 PPU: 48,153 CYC:5507
< F8F8  60        RTS                             A:3F X:9D Y:40 P:25 SP:F9 PPU: 48,159 CYC:5509
< D3EF  E8        INX                             A:3F X:9D Y:40 P:25 SP:FB PPU: 48,177 CYC:5515
< D3F0  A9 41     LDA #$41                        A:3F X:9E Y:40 P:A5 SP:FB PPU: 48,183 CYC:5517
< D3F2  85 78     STA $78 = 3F                    A:41 X:9E Y:40 P:25 SP:FB PPU: 48,189 CYC:5519
< D3F4  C4 78     CPY $78 = 41                    A:41 X:9E Y:40 P:25 SP:FB PPU: 48,198 CYC:5522
< D3F6  20 FC F8  JSR $F8FC                       A:41 X:9E Y:40 P:A4 SP:FB PPU: 48,207 CYC:5525
< F8FC  F0 05     BEQ $F903                       A:41 X:9E Y:40 P:A4 SP:F9 PPU: 48,225 CYC:5531
< F8FE  10 03     BPL $F903                       A:41 X:9E Y:40 P:A4 SP:F9 PPU: 48,231 CYC:5533
< F900  10 01     BPL $F903                       A:41 X:9E Y:40 P:A4 SP:F9 PPU: 48,237 CYC:5535
< F902  60        RTS                             A:41 X:9E Y:40 P:A4 SP:F9 PPU: 48,243 CYC:5537
< D3F9  E8        INX                             A:41 X:9E Y:40 P:A4 SP:FB PPU: 48,261 CYC:5543
< D3FA  A9 00     LDA #$00                        A:41 X:9F Y:40 P:A4 SP:FB PPU: 48,267 CYC:5545
< D3FC  85 78     STA $78 = 41                    A:00 X:9F Y:40 P:26 SP:FB PPU: 48,273 CYC:5547
< D3FE  20 06 F9  JSR $F906                       A:00 X:9F Y:40 P:26 SP:FB PPU: 48,282 CYC:5550
< F906  A0 80     LDY #$80                        A:00 X:9F Y:40 P:26 SP:F9 PPU: 48,300 CYC:5556
< F908  60        RTS                             A:00 X:9F Y:80 P:A4 SP:F9 PPU: 48,306 CYC:5558
< D401  C4 78     CPY $78 = 00                    A:00 X:9F Y:80 P:A4 SP:FB PPU: 48,324 CYC:5564
< D403  20 09 F9  JSR $F909                       A:00 X:9F Y:80 P:A5 SP:FB PPU: 48,333 CYC:5567
< F909  F0 05     BEQ $F910                       A:00 X:9F Y:80 P:A5 SP:F9 PPU: 49, 10 CYC:5573
< F90B  10 03     BPL $F910                       A:00 X:9F Y:80 P:A5 SP:F9 PPU: 49, 16 CYC:5575
< F90D  90 01     BCC $F910                       A:00 X:9F Y:80 P:A5 SP:F9 PPU: 49, 22 CYC:5577
< F90F  60        RTS                             A:00 X:9F Y:80 P:A5 SP:F9 PPU: 49, 28 CYC:5579
< D406  E8        INX                             A:00 X:9F Y:80 P:A5 SP:FB PPU: 49, 46 CYC:5585
< D407  A9 80     LDA #$80                        A:00 X:A0 Y:80 P:A5 SP:FB PPU: 49, 52 CYC:5587
< D409  85 78     STA $78 = 00                    A:80 X:A0 Y:80 P:A5 SP:FB PPU: 49, 58 CYC:5589
< D40B  C4 78     CPY $78 = 80                    A:80 X:A0 Y:80 P:A5 SP:FB PPU: 49, 67 CYC:5592
< D40D  20 13 F9  JSR $F913                       A:80 X:A0 Y:80 P:27 SP:FB PPU: 49, 76 CYC:5595
< F913  D0 05     BNE $F91A                       A:80 X:A0 Y:80 P:27 SP:F9 PPU: 49, 94 CYC:5601
< F915  30 03     BMI $F91A                       A:80 X:A0 Y:80 P:27 SP:F9 PPU: 49,100 CYC:5603
< F917  90 01     BCC $F91A                       A:80 X:A0 Y:80 P:27 SP:F9 PPU: 49,106 CYC:5605
< F919  60        RTS                             A:80 X:A0 Y:80 P:27 SP:F9 PPU: 49,112 CYC:5607
< D410  E8        INX                             A:80 X:A0 Y:80 P:27 SP:FB PPU: 49,130 CYC:5613
< D411  A9 81     LDA #$81                        A:80 X:A1 Y:80 P:A5 SP:FB PPU: 49,136 CYC:5615
< D413  85 78     STA $78 = 80                    A:81 X:A1 Y:80 P:A5 SP:FB PPU: 49,142 CYC:5617
< D415  C4 78     CPY $78 = 81                    A:81 X:A1 Y:80 P:A5 SP:FB PPU: 49,151 CYC:5620
< D417  20 1D F9  JSR $F91D                       A:81 X:A1 Y:80 P:A4 SP:FB PPU: 49,160 CYC:5623
< F91D  B0 05     BCS $F924                       A:81 X:A1 Y:80 P:A4 SP:F9 PPU: 49,178 CYC:5629
< F91F  F0 03     BEQ $F924                       A:81 X:A1 Y:80 P:A4 SP:F9 PPU: 49,184 CYC:5631
< F921  10 01     BPL $F924                       A:81 X:A1 Y:80 P:A4 SP:F9 PPU: 49,190 CYC:5633
< F923  60        RTS                             A:81 X:A1 Y:80 P:A4 SP:F9 PPU: 49,196 CYC:5635
< D41A  E8        INX                             A:81 X:A1 Y:80 P:A4 SP:FB PPU: 49,214 CYC:5641
< D41B  A9 7F     LDA #$7F                        A:81 X:A2 Y:80 P:A4 SP:FB PPU: 49,220 CYC:5643
< D41D  85 78     STA $78 = 81                    A:7F X:A2 Y:80 P:24 SP:FB PPU: 49,226 CYC:5645
< D41F  C4 78     CPY $78 = 7F                    A:7F X:A2 Y:80 P:24 SP:FB PPU: 49,235 CYC:5648
< D421  20 27 F9  JSR $F927                       A:7F X:A2 Y:80 P:25 SP:FB PPU: 49,244 CYC:5651
< F927  90 05     BCC $F92E                       A:7F X:A2 Y:80 P:25 SP:F9 PPU: 49,262 CYC:5657
< F929  F0 03     BEQ $F92E                       A:7F X:A2 Y:80 P:25 SP:F9 PPU: 49,268 CYC:5659
< F92B  30 01     BMI $F92E                       A:7F X:A2 Y:80 P:25 SP:F9 PPU: 49,274 CYC:5661
< F92D  60        RTS                             A:7F X:A2 Y:80 P:25 SP:F9 PPU: 49,280 CYC:5663
< D424  E8        INX                             A:7F X:A2 Y:80 P:25 SP:FB PPU: 49,298 CYC:5669
< D425  8A        TXA                             A:7F X:A3 Y:80 P:A5 SP:FB PPU: 49,304 CYC:5671
< D426  A8        TAY                             A:A3 X:A3 Y:80 P:A5 SP:FB PPU: 49,310 CYC:5673
< D427  20 90 F9  JSR $F990                       A:A3 X:A3 Y:A3 P:A5 SP:FB PPU: 49,316 CYC:5675
< F990  A2 55     LDX #$55                        A:A3 X:A3 Y:A3 P:A5 SP:F9 PPU: 49,334 CYC:5681
< F992  A9 FF     LDA #$FF                        A:A3 X:55 Y:A3 P:25 SP:F9 PPU: 49,340 CYC:5683
< F994  85 01     STA $01 = FF                    A:FF X:55 Y:A3 P:A5 SP:F9 PPU: 50,  5 CYC:5685
< F996  EA        NOP                             A:FF X:55 Y:A3 P:A5 SP:F9 PPU: 50, 14 CYC:5688
< F997  24 01     BIT $01 = FF                    A:FF X:55 Y:A3 P:A5 SP:F9 PPU: 50, 20 CYC:5690
< F999  38        SEC                             A:FF X:55 Y:A3 P:E5 SP:F9 PPU: 50, 29 CYC:5693
< F99A  A9 01     LDA #$01                        A:FF X:55 Y:A3 P:E5 SP:F9 PPU: 50, 35 CYC:5695
< F99C  60        RTS                             A:01 X:55 Y:A3 P:65 SP:F9 PPU: 50, 41 CYC:5697
< D42A  85 78     STA $78 = 7F                    A:01 X:55 Y:A3 P:65 SP:FB PPU: 50, 59 CYC:5703
< D42C  46 78     LSR $78 = 01                    A:01 X:55 Y:A3 P:65 SP:FB PPU: 50, 68 CYC:5706
< D42E  A5 78     LDA $78 = 00                    A:01 X:55 Y:A3 P:67 SP:FB PPU: 50, 83 CYC:5711
< D430  20 9D F9  JSR $F99D                       A:00 X:55 Y:A3 P:67 SP:FB PPU: 50, 92 CYC:5714
< F99D  90 1B     BCC $F9BA                       A:00 X:55 Y:A3 P:67 SP:F9 PPU: 50,110 CYC:5720
< F99F  D0 19     BNE $F9BA                       A:00 X:55 Y:A3 P:67 SP:F9 PPU: 50,116 CYC:5722
< F9A1  30 17     BMI $F9BA                       A:00 X:55 Y:A3 P:67 SP:F9 PPU: 50,122 CYC:5724
< F9A3  50 15     BVC $F9BA                       A:00 X:55 Y:A3 P:67 SP:F9 PPU: 50,128 CYC:5726
< F9A5  C9 00     CMP #$00                        A:00 X:55 Y:A3 P:67 SP:F9 PPU: 50,134 CYC:5728
< F9A7  D0 11     BNE $F9BA                       A:00 X:55 Y:A3 P:67 SP:F9 PPU: 50,140 CYC:5730
< F9A9  B8        CLV                             A:00 X:55 Y:A3 P:67 SP:F9 PPU: 50,146 CYC:5732
< F9AA  A9 AA     LDA #$AA                        A:00 X:55 Y:A3 P:27 SP:F9 PPU: 50,152 CYC:5734
< F9AC  60        RTS                             A:AA X:55 Y:A3 P:A5 SP:F9 PPU: 50,158 CYC:5736
< D433  C8        INY                             A:AA X:55 Y:A3 P:A5 SP:FB PPU: 50,176 CYC:5742
< D434  85 78     STA $78 = 00                    A:AA X:55 Y:A4 P:A5 SP:FB PPU: 50,182 CYC:5744
< D436  46 78     LSR $78 = AA                    A:AA X:55 Y:A4 P:A5 SP:FB PPU: 50,191 CYC:5747
< D438  A5 78     LDA $78 = 55                    A:AA X:55 Y:A4 P:24 SP:FB PPU: 50,206 CYC:5752
< D43A  20 AD F9  JSR $F9AD                       A:55 X:55 Y:A4 P:24 SP:FB PPU: 50,215 CYC:5755
< F9AD  B0 0B     BCS $F9BA                       A:55 X:55 Y:A4 P:24 SP:F9 PPU: 50,233 CYC:5761
< F9AF  F0 09     BEQ $F9BA                       A:55 X:55 Y:A4 P:24 SP:F9 PPU: 50,239 CYC:5763
< F9B1  30 07     BMI $F9BA                       A:55 X:55 Y:A4 P:24 SP:F9 PPU: 50,245 CYC:5765
< F9B3  70 05     BVS $F9BA                       A:55 X:55 Y:A4 P:24 SP:F9 PPU: 50,251 CYC:5767
< F9B5  C9 55     CMP #$55                        A:55 X:55 Y:A4 P:24 SP:F9 PPU: 50,257 CYC:5769
< F9B7  D0 01     BNE $F9BA                       A:55 X:55 Y:A4 P:27 SP:F9 PPU: 50,263 CYC:5771
< F9B9  60        RTS                             A:55 X:55 Y:A4 P:27 SP:F9 PPU: 50,269 CYC:5773
< D43D  C8        INY                             A:55 X:55 Y:A4 P:27 SP:FB PPU: 50,287 CYC:5779
< D43E  20 BD F9  JSR $F9BD                       A:55 X:55 Y:A5 P:A5 SP:FB PPU: 50,293 CYC:5781
< F9BD  24 01     BIT $01 = FF                    A:55 X:55 Y:A5 P:A5 SP:F9 PPU: 50,311 CYC:5787
< F9BF  38        SEC                             A:55 X:55 Y:A5 P:E5 SP:F9 PPU: 50,320 CYC:5790
< F9C0  A9 80     LDA #$80                        A:55 X:55 Y:A5 P:E5 SP:F9 PPU: 50,326 CYC:5792
< F9C2  60        RTS                             A:80 X:55 Y:A5 P:E5 SP:F9 PPU: 50,332 CYC:5794
< D441  85 78     STA $78 = 55                    A:80 X:55 Y:A5 P:E5 SP:FB PPU: 51,  9 CYC:5800
< D443  06 78     ASL $78 = 80                    A:80 X:55 Y:A5 P:E5 SP:FB PPU: 51, 18 CYC:5803
< D445  A5 78     LDA $78 = 00                    A:80 X:55 Y:A5 P:67 SP:FB PPU: 51, 33 CYC:5808
< D447  20 C3 F9  JSR $F9C3                       A:00 X:55 Y:A5 P:67 SP:FB PPU: 51, 42 CYC:5811
< F9C3  90 1C     BCC $F9E1                       A:00 X:55 Y:A5 P:67 SP:F9 PPU: 51, 60 CYC:5817
< F9C5  D0 1A     BNE $F9E1                       A:00 X:55 Y:A5 P:67 SP:F9 PPU: 51, 66 CYC:5819
< F9C7  30 18     BMI $F9E1                       A:00 X:55 Y:A5 P:67 SP:F9 PPU: 51, 72 CYC:5821
< F9C9  50 16     BVC $F9E1                       A:00 X:55 Y:A5 P:67 SP:F9 PPU: 51, 78 CYC:5823
< F9CB  C9 00     CMP #$00                        A:00 X:55 Y:A5 P:67 SP:F9 PPU: 51, 84 CYC:5825
< F9CD  D0 12     BNE $F9E1                       A:00 X:55 Y:A5 P:67 SP:F9 PPU: 51, 90 CYC:5827
< F9CF  B8        CLV                             A:00 X:55 Y:A5 P:67 SP:F9 PPU: 51, 96 CYC:5829
< F9D0  A9 55     LDA #$55                        A:00 X:55 Y:A5 P:27 SP:F9 PPU: 51,102 CYC:5831
< F9D2  38        SEC                             A:55 X:55 Y:A5 P:25 SP:F9 PPU: 51,108 CYC:5833
< F9D3  60        RTS                             A:55 X:55 Y:A5 P:25 SP:F9 PPU: 51,114 CYC:5835
< D44A  C8        INY                             A:55 X:55 Y:A5 P:25 SP:FB PPU: 51,132 CYC:5841
< D44B  85 78     STA $78 = 00                    A:55 X:55 Y:A6 P:A5 SP:FB PPU: 51,138 CYC:5843
< D44D  06 78     ASL $78 = 55                    A:55 X:55 Y:A6 P:A5 SP:FB PPU: 51,147 CYC:5846
< D44F  A5 78     LDA $78 = AA                    A:55 X:55 Y:A6 P:A4 SP:FB PPU: 51,162 CYC:5851
< D451  20 D4 F9  JSR $F9D4                       A:AA X:55 Y:A6 P:A4 SP:FB PPU: 51,171 CYC:5854
< F9D4  B0 0B     BCS $F9E1                       A:AA X:55 Y:A6 P:A4 SP:F9 PPU: 51,189 CYC:5860
< F9D6  F0 09     BEQ $F9E1                       A:AA X:55 Y:A6 P:A4 SP:F9 PPU: 51,195 CYC:5862
< F9D8  10 07     BPL $F9E1                       A:AA X:55 Y:A6 P:A4 SP:F9 PPU: 51,201 CYC:5864
< F9DA  70 05     BVS $F9E1                       A:AA X:55 Y:A6 P:A4 SP:F9 PPU: 51,207 CYC:5866
< F9DC  C9 AA     CMP #$AA                        A:AA X:55 Y:A6 P:A4 SP:F9 PPU: 51,213 CYC:5868
< F9DE  D0 01     BNE $F9E1                       A:AA X:55 Y:A6 P:27 SP:F9 PPU: 51,219 CYC:5870
< F9E0  60        RTS                             A:AA X:55 Y:A6 P:27 SP:F9 PPU: 51,225 CYC:5872
< D454  C8        INY                             A:AA X:55 Y:A6 P:27 SP:FB PPU: 51,243 CYC:5878
< D455  20 E4 F9  JSR $F9E4                       A:AA X:55 Y:A7 P:A5 SP:FB PPU: 51,249 CYC:5880
< F9E4  24 01     BIT $01 = FF                    A:AA X:55 Y:A7 P:A5 SP:F9 PPU: 51,267 CYC:5886
< F9E6  38        SEC                             A:AA X:55 Y:A7 P:E5 SP:F9 PPU: 51,276 CYC:5889
< F9E7  A9 01     LDA #$01                        A:AA X:55 Y:A7 P:E5 SP:F9 PPU: 51,282 CYC:5891
< F9E9  60        RTS                             A:01 X:55 Y:A7 P:65 SP:F9 PPU: 51,288 CYC:5893
< D458  85 78     STA $78 = AA                    A:01 X:55 Y:A7 P:65 SP:FB PPU: 51,306 CYC:5899
< D45A  66 78     ROR $78 = 01                    A:01 X:55 Y:A7 P:65 SP:FB PPU: 51,315 CYC:5902
< D45C  A5 78     LDA $78 = 80                    A:01 X:55 Y:A7 P:E5 SP:FB PPU: 51,330 CYC:5907
< D45E  20 EA F9  JSR $F9EA                       A:80 X:55 Y:A7 P:E5 SP:FB PPU: 51,339 CYC:5910
< F9EA  90 1C     BCC $FA08                       A:80 X:55 Y:A7 P:E5 SP:F9 PPU: 52, 16 CYC:5916
< F9EC  F0 1A     BEQ $FA08                       A:80 X:55 Y:A7 P:E5 SP:F9 PPU: 52, 22 CYC:5918
< F9EE  10 18     BPL $FA08                       A:80 X:55 Y:A7 P:E5 SP:F9 PPU: 52, 28 CYC:5920
< F9F0  50 16     BVC $FA08                       A:80 X:55 Y:A7 P:E5 SP:F9 PPU: 52, 34 CYC:5922
< F9F2  C9 80     CMP #$80                        A:80 X:55 Y:A7 P:E5 SP:F9 PPU: 52, 40 CYC:5924
< F9F4  D0 12     BNE $FA08                       A:80 X:55 Y:A7 P:67 SP:F9 PPU: 52, 46 CYC:5926
< F9F6  B8        CLV                             A:80 X:55 Y:A7 P:67 SP:F9 PPU: 52, 52 CYC:5928
< F9F7  18        CLC                             A:80 X:55 Y:A7 P:27 SP:F9 PPU: 52, 58 CYC:5930
< F9F8  A9 55     LDA #$55                        A:80 X:55 Y:A7 P:26 SP:F9 PPU: 52, 64 CYC:5932
< F9FA  60        RTS                             A:55 X:55 Y:A7 P:24 SP:F9 PPU: 52, 70 CYC:5934
< D461  C8        INY                             A:55 X:55 Y:A7 P:24 SP:FB PPU: 52, 88 CYC:5940
< D462  85 78     STA $78 = 80                    A:55 X:55 Y:A8 P:A4 SP:FB PPU: 52, 94 CYC:5942
< D464  66 78     ROR $78 = 55                    A:55 X:55 Y:A8 P:A4 SP:FB PPU: 52,103 CYC:5945
< D466  A5 78     LDA $78 = 2A                    A:55 X:55 Y:A8 P:25 SP:FB PPU: 52,118 CYC:5950
< D468  20 FB F9  JSR $F9FB                       A:2A X:55 Y:A8 P:25 SP:FB PPU: 52,127 CYC:5953
< F9FB  90 0B     BCC $FA08                       A:2A X:55 Y:A8 P:25 SP:F9 PPU: 52,145 CYC:5959
< F9FD  F0 09     BEQ $FA08                       A:2A X:55 Y:A8 P:25 SP:F9 PPU: 52,151 CYC:5961
< F9FF  30 07     BMI $FA08                       A:2A X:55 Y:A8 P:25 SP:F9 PPU: 52,157 CYC:5963
< FA01  70 05     BVS $FA08                       A:2A X:55 Y:A8 P:25 SP:F9 PPU: 52,163 CYC:5965
< FA03  C9 2A     CMP #$2A                        A:2A X:55 Y:A8 P:25 SP:F9 PPU: 52,169 CYC:5967
< FA05  D0 01     BNE $FA08                       A:2A X:55 Y:A8 P:27 SP:F9 PPU: 52,175 CYC:5969
< FA07  60        RTS                             A:2A X:55 Y:A8 P:27 SP:F9 PPU: 52,181 CYC:5971
< D46B  C8        INY                             A:2A X:55 Y:A8 P:27 SP:FB PPU: 52,199 CYC:5977
< D46C  20 0A FA  JSR $FA0A                       A:2A X:55 Y:A9 P:A5 SP:FB PPU: 52,205 CYC:5979
< FA0A  24 01     BIT $01 = FF                    A:2A X:55 Y:A9 P:A5 SP:F9 PPU: 52,223 CYC:5985
< FA0C  38        SEC                             A:2A X:55 Y:A9 P:E5 SP:F9 PPU: 52,232 CYC:5988
< FA0D  A9 80     LDA #$80                        A:2A X:55 Y:A9 P:E5 SP:F9 PPU: 52,238 CYC:5990
< FA0F  60        RTS                             A:80 X:55 Y:A9 P:E5 SP:F9 PPU: 52,244 CYC:5992
< D46F  85 78     STA $78 = 2A                    A:80 X:55 Y:A9 P:E5 SP:FB PPU: 52,262 CYC:5998
< D471  26 78     ROL $78 = 80                    A:80 X:55 Y:A9 P:E5 SP:FB PPU: 52,271 CYC:6001
< D473  A5 78     LDA $78 = 01                    A:80 X:55 Y:A9 P:65 SP:FB PPU: 52,286 CYC:6006
< D475  20 10 FA  JSR $FA10                       A:01 X:55 Y:A9 P:65 SP:FB PPU: 52,295 CYC:6009
< FA10  90 1C     BCC $FA2E                       A:01 X:55 Y:A9 P:65 SP:F9 PPU: 52,313 CYC:6015
< FA12  F0 1A     BEQ $FA2E                       A:01 X:55 Y:A9 P:65 SP:F9 PPU: 52,319 CYC:6017
< FA14  30 18     BMI $FA2E                       A:01 X:55 Y:A9 P:65 SP:F9 PPU: 52,325 CYC:6019
< FA16  50 16     BVC $FA2E                       A:01 X:55 Y:A9 P:65 SP:F9 PPU: 52,331 CYC:6021
< FA18  C9 01     CMP #$01                        A:01 X:55 Y:A9 P:65 SP:F9 PPU: 52,337 CYC:6023
< FA1A  D0 12     BNE $FA2E                       A:01 X:55 Y:A9 P:67 SP:F9 PPU: 53,  2 CYC:6025
< FA1C  B8        CLV                             A:01 X:55 Y:A9 P:67 SP:F9 PPU: 53,  8 CYC:6027
< FA1D  18        CLC                             A:01 X:55 Y:A9 P:27 SP:F9 PPU: 53, 14 CYC:6029
< FA1E  A9 55     LDA #$55                        A:01 X:55 Y:A9 P:26 SP:F9 PPU: 53, 20 CYC:6031
< FA20  60        RTS                             A:55 X:55 Y:A9 P:24 SP:F9 PPU: 53, 26 CYC:6033
< D478  C8        INY                             A:55 X:55 Y:A9 P:24 SP:FB PPU: 53, 44 CYC:6039
< D479  85 78     STA $78 = 01                    A:55 X:55 Y:AA P:A4 SP:FB PPU: 53, 50 CYC:6041
< D47B  26 78     ROL $78 = 55                    A:55 X:55 Y:AA P:A4 SP:FB PPU: 53, 59 CYC:6044
< D47D  A5 78     LDA $78 = AA                    A:55 X:55 Y:AA P:A4 SP:FB PPU: 53, 74 CYC:6049
< D47F  20 21 FA  JSR $FA21                       A:AA X:55 Y:AA P:A4 SP:FB PPU: 53, 83 CYC:6052
< FA21  B0 0B     BCS $FA2E                       A:AA X:55 Y:AA P:A4 SP:F9 PPU: 53,101 CYC:6058
< FA23  F0 09     BEQ $FA2E                       A:AA X:55 Y:AA P:A4 SP:F9 PPU: 53,107 CYC:6060
< FA25  10 07     BPL $FA2E                       A:AA X:55 Y:AA P:A4 SP:F9 PPU: 53,113 CYC:6062
< FA27  70 05     BVS $FA2E                       A:AA X:55 Y:AA P:A4 SP:F9 PPU: 53,119 CYC:6064
< FA29  C9 AA     CMP #$AA                        A:AA X:55 Y:AA P:A4 SP:F9 PPU: 53,125 CYC:6066
< FA2B  D0 01     BNE $FA2E                       A:AA X:55 Y:AA P:27 SP:F9 PPU: 53,131 CYC:6068
< FA2D  60        RTS                             A:AA X:55 Y:AA P:27 SP:F9 PPU: 53,137 CYC:6070
< D482  A9 FF     LDA #$FF                        A:AA X:55 Y:AA P:27 SP:FB PPU: 53,155 CYC:6076
< D484  85 78     STA $78 = AA                    A:FF X:55 Y:AA P:A5 SP:FB PPU: 53,161 CYC:6078
< D486  85 01     STA $01 = FF                    A:FF X:55 Y:AA P:A5 SP:FB PPU: 53,170 CYC:6081
< D488  24 01     BIT $01 = FF                    A:FF X:55 Y:AA P:A5 SP:FB PPU: 53,179 CYC:6084
< D48A  38        SEC                             A:FF X:55 Y:AA P:E5 SP:FB PPU: 53,188 CYC:6087
< D48B  E6 78     INC $78 = FF                    A:FF X:55 Y:AA P:E5 SP:FB PPU: 53,194 CYC:6089
< D48D  D0 0C     BNE $D49B                       A:FF X:55 Y:AA P:67 SP:FB PPU: 53,209 CYC:6094
< D48F  30 0A     BMI $D49B                       A:FF X:55 Y:AA P:67 SP:FB PPU: 53,215 CYC:6096
< D491  50 08     BVC $D49B                       A:FF X:55 Y:AA P:67 SP:FB PPU: 53,221 CYC:6098
< D493  90 06     BCC $D49B                       A:FF X:55 Y:AA P:67 SP:FB PPU: 53,227 CYC:6100
< D495  A5 78     LDA $78 = 00                    A:FF X:55 Y:AA P:67 SP:FB PPU: 53,233 CYC:6102
< D497  C9 00     CMP #$00                        A:00 X:55 Y:AA P:67 SP:FB PPU: 53,242 CYC:6105
< D499  F0 04     BEQ $D49F                       A:00 X:55 Y:AA P:67 SP:FB PPU: 53,248 CYC:6107
< D49F  A9 7F     LDA #$7F                        A:00 X:55 Y:AA P:67 SP:FB PPU: 53,257 CYC:6110
< D4A1  85 78     STA $78 = 00                    A:7F X:55 Y:AA P:65 SP:FB PPU: 53,263 CYC:6112
< D4A3  B8        CLV                             A:7F X:55 Y:AA P:65 SP:FB PPU: 53,272 CYC:6115
< D4A4  18        CLC                             A:7F X:55 Y:AA P:25 SP:FB PPU: 53,278 CYC:6117
< D4A5  E6 78     INC $78 = 7F                    A:7F X:55 Y:AA P:24 SP:FB PPU: 53,284 CYC:6119
< D4A7  F0 0C     BEQ $D4B5                       A:7F X:55 Y:AA P:A4 SP:FB PPU: 53,299 CYC:6124
< D4A9  10 0A     BPL $D4B5                       A:7F X:55 Y:AA P:A4 SP:FB PPU: 53,305 CYC:6126
< D4AB  70 08     BVS $D4B5                       A:7F X:55 Y:AA P:A4 SP:FB PPU: 53,311 CYC:6128
< D4AD  B0 06     BCS $D4B5                       A:7F X:55 Y:AA P:A4 SP:FB PPU: 53,317 CYC:6130
< D4AF  A5 78     LDA $78 = 80                    A:7F X:55 Y:AA P:A4 SP:FB PPU: 53,323 CYC:6132
< D4B1  C9 80     CMP #$80                        A:80 X:55 Y:AA P:A4 SP:FB PPU: 53,332 CYC:6135
< D4B3  F0 04     BEQ $D4B9                       A:80 X:55 Y:AA P:27 SP:FB PPU: 53,338 CYC:6137
< D4B9  A9 00     LDA #$00                        A:80 X:55 Y:AA P:27 SP:FB PPU: 54,  6 CYC:6140
< D4BB  85 78     STA $78 = 80                    A:00 X:55 Y:AA P:27 SP:FB PPU: 54, 12 CYC:6142
< D4BD  24 01     BIT $01 = FF                    A:00 X:55 Y:AA P:27 SP:FB PPU: 54, 21 CYC:6145
< D4BF  38        SEC                             A:00 X:55 Y:AA P:E7 SP:FB PPU: 54, 30 CYC:6148
< D4C0  C6 78     DEC $78 = 00                    A:00 X:55 Y:AA P:E7 SP:FB PPU: 54, 36 CYC:6150
< D4C2  F0 0C     BEQ $D4D0                       A:00 X:55 Y:AA P:E5 SP:FB PPU: 54, 51 CYC:6155
< D4C4  10 0A     BPL $D4D0                       A:00 X:55 Y:AA P:E5 SP:FB PPU: 54, 57 CYC:6157
< D4C6  50 08     BVC $D4D0                       A:00 X:55 Y:AA P:E5 SP:FB PPU: 54, 63 CYC:6159
< D4C8  90 06     BCC $D4D0                       A:00 X:55 Y:AA P:E5 SP:FB PPU: 54, 69 CYC:6161
< D4CA  A5 78     LDA $78 = FF                    A:00 X:55 Y:AA P:E5 SP:FB PPU: 54, 75 CYC:6163
< D4CC  C9 FF     CMP #$FF                        A:FF X:55 Y:AA P:E5 SP:FB PPU: 54, 84 CYC:6166
< D4CE  F0 04     BEQ $D4D4                       A:FF X:55 Y:AA P:67 SP:FB PPU: 54, 90 CYC:6168
< D4D4  A9 80     LDA #$80                        A:FF X:55 Y:AA P:67 SP:FB PPU: 54, 99 CYC:6171
< D4D6  85 78     STA $78 = FF                    A:80 X:55 Y:AA P:E5 SP:FB PPU: 54,105 CYC:6173
< D4D8  B8        CLV                             A:80 X:55 Y:AA P:E5 SP:FB PPU: 54,114 CYC:6176
< D4D9  18        CLC                             A:80 X:55 Y:AA P:A5 SP:FB PPU: 54,120 CYC:6178
< D4DA  C6 78     DEC $78 = 80                    A:80 X:55 Y:AA P:A4 SP:FB PPU: 54,126 CYC:6180
< D4DC  F0 0C     BEQ $D4EA                       A:80 X:55 Y:AA P:24 SP:FB PPU: 54,141 CYC:6185
< D4DE  30 0A     BMI $D4EA                       A:80 X:55 Y:AA P:24 SP:FB PPU: 54,147 CYC:6187
< D4E0  70 08     BVS $D4EA                       A:80 X:55 Y:AA P:24 SP:FB PPU: 54,153 CYC:6189
< D4E2  B0 06     BCS $D4EA                       A:80 X:55 Y:AA P:24 SP:FB PPU: 54,159 CYC:6191
< D4E4  A5 78     LDA $78 = 7F                    A:80 X:55 Y:AA P:24 SP:FB PPU: 54,165 CYC:6193
< D4E6  C9 7F     CMP #$7F                        A:7F X:55 Y:AA P:24 SP:FB PPU: 54,174 CYC:6196
< D4E8  F0 04     BEQ $D4EE                       A:7F X:55 Y:AA P:27 SP:FB PPU: 54,180 CYC:6198
< D4EE  A9 01     LDA #$01                        A:7F X:55 Y:AA P:27 SP:FB PPU: 54,189 CYC:6201
< D4F0  85 78     STA $78 = 7F                    A:01 X:55 Y:AA P:25 SP:FB PPU: 54,195 CYC:6203
< D4F2  C6 78     DEC $78 = 01                    A:01 X:55 Y:AA P:25 SP:FB PPU: 54,204 CYC:6206
< D4F4  F0 04     BEQ $D4FA                       A:01 X:55 Y:AA P:27 SP:FB PPU: 54,219 CYC:6211
< D4FA  60        RTS                             A:01 X:55 Y:AA P:27 SP:FB PPU: 54,228 CYC:6214
< C615  20 FB D4  JSR $D4FB                       A:01 X:55 Y:AA P:27 SP:FD PPU: 54,246 CYC:6220
< D4FB  A9 55     LDA #$55                        A:01 X:55 Y:AA P:27 SP:FB PPU: 54,264 CYC:6226
< D4FD  8D 78 06  STA $0678 = 00                  A:55 X:55 Y:AA P:25 SP:FB PPU: 54,270 CYC:6228
< D500  A9 FF     LDA #$FF                        A:55 X:55 Y:AA P:25 SP:FB PPU: 54,282 CYC:6232
< D502  85 01     STA $01 = FF                    A:FF X:55 Y:AA P:A5 SP:FB PPU: 54,288 CYC:6234
< D504  24 01     BIT $01 = FF                    A:FF X:55 Y:AA P:A5 SP:FB PPU: 54,297 CYC:6237
< D506  A0 11     LDY #$11                        A:FF X:55 Y:AA P:E5 SP:FB PPU: 54,306 CYC:6240
< D508  A2 23     LDX #$23                        A:FF X:55 Y:11 P:65 SP:FB PPU: 54,312 CYC:6242
< D50A  A9 00     LDA #$00                        A:FF X:23 Y:11 P:65 SP:FB PPU: 54,318 CYC:6244
< D50C  AD 78 06  LDA $0678 = 55                  A:00 X:23 Y:11 P:67 SP:FB PPU: 54,324 CYC:6246
< D50F  F0 10     BEQ $D521                       A:55 X:23 Y:11 P:65 SP:FB PPU: 54,336 CYC:6250
< D511  30 0E     BMI $D521                       A:55 X:23 Y:11 P:65 SP:FB PPU: 55,  1 CYC:6252
< D513  C9 55     CMP #$55                        A:55 X:23 Y:11 P:65 SP:FB PPU: 55,  7 CYC:6254
< D515  D0 0A     BNE $D521                       A:55 X:23 Y:11 P:67 SP:FB PPU: 55, 13 CYC:6256
< D517  C0 11     CPY #$11                        A:55 X:23 Y:11 P:67 SP:FB PPU: 55, 19 CYC:6258
< D519  D0 06     BNE $D521                       A:55 X:23 Y:11 P:67 SP:FB PPU: 55, 25 CYC:6260
< D51B  E0 23     CPX #$23                        A:55 X:23 Y:11 P:67 SP:FB PPU: 55, 31 CYC:6262
< D51D  50 02     BVC $D521                       A:55 X:23 Y:11 P:67 SP:FB PPU: 55, 37 CYC:6264
< D51F  F0 04     BEQ $D525                       A:55 X:23 Y:11 P:67 SP:FB PPU: 55, 43 CYC:6266
< D525  A9 46     LDA #$46                        A:55 X:23 Y:11 P:67 SP:FB PPU: 55, 52 CYC:6269
< D527  24 01     BIT $01 = FF                    A:46 X:23 Y:11 P:65 SP:FB PPU: 55, 58 CYC:6271
< D529  8D 78 06  STA $0678 = 55                  A:46 X:23 Y:11 P:E5 SP:FB PPU: 55, 67 CYC:6274
< D52C  F0 0B     BEQ $D539                       A:46 X:23 Y:11 P:E5 SP:FB PPU: 55, 79 CYC:6278
< D52E  10 09     BPL $D539                       A:46 X:23 Y:11 P:E5 SP:FB PPU: 55, 85 CYC:6280
< D530  50 07     BVC $D539                       A:46 X:23 Y:11 P:E5 SP:FB PPU: 55, 91 CYC:6282
< D532  AD 78 06  LDA $0678 = 46                  A:46 X:23 Y:11 P:E5 SP:FB PPU: 55, 97 CYC:6284
< D535  C9 46     CMP #$46                        A:46 X:23 Y:11 P:65 SP:FB PPU: 55,109 CYC:6288
< D537  F0 04     BEQ $D53D                       A:46 X:23 Y:11 P:67 SP:FB PPU: 55,115 CYC:6290
< D53D  A9 55     LDA #$55                        A:46 X:23 Y:11 P:67 SP:FB PPU: 55,124 CYC:6293
< D53F  8D 78 06  STA $0678 = 46                  A:55 X:23 Y:11 P:65 SP:FB PPU: 55,130 CYC:6295
< D542  24 01     BIT $01 = FF                    A:55 X:23 Y:11 P:65 SP:FB PPU: 55,142 CYC:6299
< D544  A9 11     LDA #$11                        A:55 X:23 Y:11 P:E5 SP:FB PPU: 55,151 CYC:6302
< D546  A2 23     LDX #$23                        A:11 X:23 Y:11 P:65 SP:FB PPU: 55,157 CYC:6304
< D548  A0 00     LDY #$00                        A:11 X:23 Y:11 P:65 SP:FB PPU: 55,163 CYC:6306
< D54A  AC 78 06  LDY $0678 = 55                  A:11 X:23 Y:00 P:67 SP:FB PPU: 55,169 CYC:6308
< D54D  F0 10     BEQ $D55F                       A:11 X:23 Y:55 P:65 SP:FB PPU: 55,181 CYC:6312
< D54F  30 0E     BMI $D55F                       A:11 X:23 Y:55 P:65 SP:FB PPU: 55,187 CYC:6314
< D551  C0 55     CPY #$55                        A:11 X:23 Y:55 P:65 SP:FB PPU: 55,193 CYC:6316
< D553  D0 0A     BNE $D55F                       A:11 X:23 Y:55 P:67 SP:FB PPU: 55,199 CYC:6318
< D555  C9 11     CMP #$11                        A:11 X:23 Y:55 P:67 SP:FB PPU: 55,205 CYC:6320
< D557  D0 06     BNE $D55F                       A:11 X:23 Y:55 P:67 SP:FB PPU: 55,211 CYC:6322
< D559  E0 23     CPX #$23                        A:11 X:23 Y:55 P:67 SP:FB PPU: 55,217 CYC:6324
< D55B  50 02     BVC $D55F                       A:11 X:23 Y:55 P:67 SP:FB PPU: 55,223 CYC:6326
< D55D  F0 04     BEQ $D563                       A:11 X:23 Y:55 P:67 SP:FB PPU: 55,229 CYC:6328
< D563  A0 46     LDY #$46                        A:11 X:23 Y:55 P:67 SP:FB PPU: 55,238 CYC:6331
< D565  24 01     BIT $01 = FF                    A:11 X:23 Y:46 P:65 SP:FB PPU: 55,244 CYC:6333
< D567  8C 78 06  STY $0678 = 55                  A:11 X:23 Y:46 P:E5 SP:FB PPU: 55,253 CYC:6336
< D56A  F0 0B     BEQ $D577                       A:11 X:23 Y:46 P:E5 SP:FB PPU: 55,265 CYC:6340
< D56C  10 09     BPL $D577                       A:11 X:23 Y:46 P:E5 SP:FB PPU: 55,271 CYC:6342
< D56E  50 07     BVC $D577                       A:11 X:23 Y:46 P:E5 SP:FB PPU: 55,277 CYC:6344
< D570  AC 78 06  LDY $0678 = 46                  A:11 X:23 Y:46 P:E5 SP:FB PPU: 55,283 CYC:6346
< D573  C0 46     CPY #$46                        A:11 X:23 Y:46 P:65 SP:FB PPU: 55,295 CYC:6350
< D575  F0 04     BEQ $D57B                       A:11 X:23 Y:46 P:67 SP:FB PPU: 55,301 CYC:6352
< D57B  24 01     BIT $01 = FF                    A:11 X:23 Y:46 P:67 SP:FB PPU: 55,310 CYC:6355
< D57D  A9 55     LDA #$55                        A:11 X:23 Y:46 P:E5 SP:FB PPU: 55,319 CYC:6358
< D57F  8D 78 06  STA $0678 = 46                  A:55 X:23 Y:46 P:65 SP:FB PPU: 55,325 CYC:6360
< D582  A0 11     LDY #$11                        A:55 X:23 Y:46 P:65 SP:FB PPU: 55,337 CYC:6364
< D584  A9 23     LDA #$23                        A:55 X:23 Y:11 P:65 SP:FB PPU: 56,  2 CYC:6366
< D586  A2 00     LDX #$00                        A:23 X:23 Y:11 P:65 SP:FB PPU: 56,  8 CYC:6368
< D588  AE 78 06  LDX $0678 = 55                  A:23 X:00 Y:11 P:67 SP:FB PPU: 56, 14 CYC:6370
< D58B  F0 10     BEQ $D59D                       A:23 X:55 Y:11 P:65 SP:FB PPU: 56, 26 CYC:6374
< D58D  30 0E     BMI $D59D                       A:23 X:55 Y:11 P:65 SP:FB PPU: 56, 32 CYC:6376
< D58F  E0 55     CPX #$55                        A:23 X:55 Y:11 P:65 SP:FB PPU: 56, 38 CYC:6378
< D591  D0 0A     BNE $D59D                       A:23 X:55 Y:11 P:67 SP:FB PPU: 56, 44 CYC:6380
< D593  C0 11     CPY #$11                        A:23 X:55 Y:11 P:67 SP:FB PPU: 56, 50 CYC:6382
< D595  D0 06     BNE $D59D                       A:23 X:55 Y:11 P:67 SP:FB PPU: 56, 56 CYC:6384
< D597  C9 23     CMP #$23                        A:23 X:55 Y:11 P:67 SP:FB PPU: 56, 62 CYC:6386
< D599  50 02     BVC $D59D                       A:23 X:55 Y:11 P:67 SP:FB PPU: 56, 68 CYC:6388
< D59B  F0 04     BEQ $D5A1                       A:23 X:55 Y:11 P:67 SP:FB PPU: 56, 74 CYC:6390
< D5A1  A2 46     LDX #$46                        A:23 X:55 Y:11 P:67 SP:FB PPU: 56, 83 CYC:6393
< D5A3  24 01     BIT $01 = FF                    A:23 X:46 Y:11 P:65 SP:FB PPU: 56, 89 CYC:6395
< D5A5  8E 78 06  STX $0678 = 55                  A:23 X:46 Y:11 P:E5 SP:FB PPU: 56, 98 CYC:6398
< D5A8  F0 0B     BEQ $D5B5                       A:23 X:46 Y:11 P:E5 SP:FB PPU: 56,110 CYC:6402
< D5AA  10 09     BPL $D5B5                       A:23 X:46 Y:11 P:E5 SP:FB PPU: 56,116 CYC:6404
< D5AC  50 07     BVC $D5B5                       A:23 X:46 Y:11 P:E5 SP:FB PPU: 56,122 CYC:6406
< D5AE  AE 78 06  LDX $0678 = 46                  A:23 X:46 Y:11 P:E5 SP:FB PPU: 56,128 CYC:6408
< D5B1  E0 46     CPX #$46                        A:23 X:46 Y:11 P:65 SP:FB PPU: 56,140 CYC:6412
< D5B3  F0 04     BEQ $D5B9                       A:23 X:46 Y:11 P:67 SP:FB PPU: 56,146 CYC:6414
< D5B9  A9 C0     LDA #$C0                        A:23 X:46 Y:11 P:67 SP:FB PPU: 56,155 CYC:6417
< D5BB  8D 78 06  STA $0678 = 46                  A:C0 X:46 Y:11 P:E5 SP:FB PPU: 56,161 CYC:6419
< D5BE  A2 33     LDX #$33                        A:C0 X:46 Y:11 P:E5 SP:FB PPU: 56,173 CYC:6423
< D5C0  A0 88     LDY #$88                        A:C0 X:33 Y:11 P:65 SP:FB PPU: 56,179 CYC:6425
< D5C2  A9 05     LDA #$05                        A:C0 X:33 Y:88 P:E5 SP:FB PPU: 56,185 CYC:6427
< D5C4  2C 78 06  BIT $0678 = C0                  A:05 X:33 Y:88 P:65 SP:FB PPU: 56,191 CYC:6429
< D5C7  10 10     BPL $D5D9                       A:05 X:33 Y:88 P:E7 SP:FB PPU: 56,203 CYC:6433
< D5C9  50 0E     BVC $D5D9                       A:05 X:33 Y:88 P:E7 SP:FB PPU: 56,209 CYC:6435
< D5CB  D0 0C     BNE $D5D9                       A:05 X:33 Y:88 P:E7 SP:FB PPU: 56,215 CYC:6437
< D5CD  C9 05     CMP #$05                        A:05 X:33 Y:88 P:E7 SP:FB PPU: 56,221 CYC:6439
< D5CF  D0 08     BNE $D5D9                       A:05 X:33 Y:88 P:67 SP:FB PPU: 56,227 CYC:6441
< D5D1  E0 33     CPX #$33                        A:05 X:33 Y:88 P:67 SP:FB PPU: 56,233 CYC:6443
< D5D3  D0 04     BNE $D5D9                       A:05 X:33 Y:88 P:67 SP:FB PPU: 56,239 CYC:6445
< D5D5  C0 88     CPY #$88                        A:05 X:33 Y:88 P:67 SP:FB PPU: 56,245 CYC:6447
< D5D7  F0 04     BEQ $D5DD                       A:05 X:33 Y:88 P:67 SP:FB PPU: 56,251 CYC:6449
< D5DD  A9 03     LDA #$03                        A:05 X:33 Y:88 P:67 SP:FB PPU: 56,260 CYC:6452
< D5DF  8D 78 06  STA $0678 = C0                  A:03 X:33 Y:88 P:65 SP:FB PPU: 56,266 CYC:6454
< D5E2  A9 01     LDA #$01                        A:03 X:33 Y:88 P:65 SP:FB PPU: 56,278 CYC:6458
< D5E4  2C 78 06  BIT $0678 = 03                  A:01 X:33 Y:88 P:65 SP:FB PPU: 56,284 CYC:6460
< D5E7  30 08     BMI $D5F1                       A:01 X:33 Y:88 P:25 SP:FB PPU: 56,296 CYC:6464
< D5E9  70 06     BVS $D5F1                       A:01 X:33 Y:88 P:25 SP:FB PPU: 56,302 CYC:6466
< D5EB  F0 04     BEQ $D5F1                       A:01 X:33 Y:88 P:25 SP:FB PPU: 56,308 CYC:6468
< D5ED  C9 01     CMP #$01                        A:01 X:33 Y:88 P:25 SP:FB PPU: 56,314 CYC:6470
< D5EF  F0 04     BEQ $D5F5                       A:01 X:33 Y:88 P:27 SP:FB PPU: 56,320 CYC:6472
< D5F5  A0 B8     LDY #$B8                        A:01 X:33 Y:88 P:27 SP:FB PPU: 56,329 CYC:6475
< D5F7  A9 AA     LDA #$AA                        A:01 X:33 Y:B8 P:A5 SP:FB PPU: 56,335 CYC:6477
< D5F9  8D 78 06  STA $0678 = 03                  A:AA X:33 Y:B8 P:A5 SP:FB PPU: 57,  0 CYC:6479
< D5FC  20 B6 F7  JSR $F7B6                       A:AA X:33 Y:B8 P:A5 SP:FB PPU: 57, 12 CYC:6483
< F7B6  18        CLC                             A:AA X:33 Y:B8 P:A5 SP:F9 PPU: 57, 30 CYC:6489
< F7B7  A9 FF     LDA #$FF                        A:AA X:33 Y:B8 P:A4 SP:F9 PPU: 57, 36 CYC:6491
< F7B9  85 01     STA $01 = FF                    A:FF X:33 Y:B8 P:A4 SP:F9 PPU: 57, 42 CYC:6493
< F7BB  24 01     BIT $01 = FF                    A:FF X:33 Y:B8 P:A4 SP:F9 PPU: 57, 51 CYC:6496
< F7BD  A9 55     LDA #$55                        A:FF X:33 Y:B8 P:E4 SP:F9 PPU: 57, 60 CYC:6499
< F7BF  60        RTS                             A:55 X:33 Y:B8 P:64 SP:F9 PPU: 57, 66 CYC:6501
< D5FF  0D 78 06  ORA $0678 = AA                  A:55 X:33 Y:B8 P:64 SP:FB PPU: 57, 84 CYC:6507
< D602  20 C0 F7  JSR $F7C0                       A:FF X:33 Y:B8 P:E4 SP:FB PPU: 57, 96 CYC:6511
< F7C0  B0 09     BCS $F7CB                       A:FF X:33 Y:B8 P:E4 SP:F9 PPU: 57,114 CYC:6517
< F7C2  10 07     BPL $F7CB                       A:FF X:33 Y:B8 P:E4 SP:F9 PPU: 57,120 CYC:6519
< F7C4  C9 FF     CMP #$FF                        A:FF X:33 Y:B8 P:E4 SP:F9 PPU: 57,126 CYC:6521
< F7C6  D0 03     BNE $F7CB                       A:FF X:33 Y:B8 P:67 SP:F9 PPU: 57,132 CYC:6523
< F7C8  50 01     BVC $F7CB                       A:FF X:33 Y:B8 P:67 SP:F9 PPU: 57,138 CYC:6525
< F7CA  60        RTS                             A:FF X:33 Y:B8 P:67 SP:F9 PPU: 57,144 CYC:6527
< D605  C8        INY                             A:FF X:33 Y:B8 P:67 SP:FB PPU: 57,162 CYC:6533
< D606  A9 00     LDA #$00                        A:FF X:33 Y:B9 P:E5 SP:FB PPU: 57,168 CYC:6535
< D608  8D 78 06  STA $0678 = AA                  A:00 X:33 Y:B9 P:67 SP:FB PPU: 57,174 CYC:6537
< D60B  20 CE F7  JSR $F7CE                       A:00 X:33 Y:B9 P:67 SP:FB PPU: 57,186 CYC:6541
< F7CE  38        SEC                             A:00 X:33 Y:B9 P:67 SP:F9 PPU: 57,204 CYC:6547
< F7CF  B8        CLV                             A:00 X:33 Y:B9 P:67 SP:F9 PPU: 57,210 CYC:6549
< F7D0  A9 00     LDA #$00                        A:00 X:33 Y:B9 P:27 SP:F9 PPU: 57,216 CYC:6551
< F7D2  60        RTS                             A:00 X:33 Y:B9 P:27 SP:F9 PPU: 57,222 CYC:6553
< D60E  0D 78 06  ORA $0678 = 00                  A:00 X:33 Y:B9 P:27 SP:FB PPU: 57,240 CYC:6559
< D611  20 D3 F7  JSR $F7D3                       A:00 X:33 Y:B9 P:27 SP:FB PPU: 57,252 CYC:6563
< F7D3  D0 07     BNE $F7DC                       A:00 X:33 Y:B9 P:27 SP:F9 PPU: 57,270 CYC:6569
< F7D5  70 05     BVS $F7DC                       A:00 X:33 Y:B9 P:27 SP:F9 PPU: 57,276 CYC:6571
< F7D7  90 03     BCC $F7DC                       A:00 X:33 Y:B9 P:27 SP:F9 PPU: 57,282 CYC:6573
< F7D9  30 01     BMI $F7DC                       A:00 X:33 Y:B9 P:27 SP:F9 PPU: 57,288 CYC:6575
< F7DB  60        RTS                             A:00 X:33 Y:B9 P:27 SP:F9 PPU: 57,294 CYC:6577
< D614  C8        INY                             A:00 X:33 Y:B9 P:27 SP:FB PPU: 57,312 CYC:6583
< D615  A9 AA     LDA #$AA                        A:00 X:33 Y:BA P:A5 SP:FB PPU: 57,318 CYC:6585
< D617  8D 78 06  STA $0678 = 00                  A:AA X:33 Y:BA P:A5 SP:FB PPU: 57,324 CYC:6587
< D61A  20 DF F7  JSR $F7DF                       A:AA X:33 Y:BA P:A5 SP:FB PPU: 57,336 CYC:6591
< F7DF  18        CLC                             A:AA X:33 Y:BA P:A5 SP:F9 PPU: 58, 13 CYC:6597
< F7E0  24 01     BIT $01 = FF                    A:AA X:33 Y:BA P:A4 SP:F9 PPU: 58, 19 CYC:6599
< F7E2  A9 55     LDA #$55                        A:AA X:33 Y:BA P:E4 SP:F9 PPU: 58, 28 CYC:6602
< F7E4  60        RTS                             A:55 X:33 Y:BA P:64 SP:F9 PPU: 58, 34 CYC:6604
< D61D  2D 78 06  AND $0678 = AA                  A:55 X:33 Y:BA P:64 SP:FB PPU: 58, 52 CYC:6610
< D620  20 E5 F7  JSR $F7E5                       A:00 X:33 Y:BA P:66 SP:FB PPU: 58, 64 CYC:6614
< F7E5  D0 07     BNE $F7EE                       A:00 X:33 Y:BA P:66 SP:F9 PPU: 58, 82 CYC:6620
< F7E7  50 05     BVC $F7EE                       A:00 X:33 Y:BA P:66 SP:F9 PPU: 58, 88 CYC:6622
< F7E9  B0 03     BCS $F7EE                       A:00 X:33 Y:BA P:66 SP:F9 PPU: 58, 94 CYC:6624
< F7EB  30 01     BMI $F7EE                       A:00 X:33 Y:BA P:66 SP:F9 PPU: 58,100 CYC:6626
< F7ED  60        RTS                             A:00 X:33 Y:BA P:66 SP:F9 PPU: 58,106 CYC:6628
< D623  C8        INY                             A:00 X:33 Y:BA P:66 SP:FB PPU: 58,124 CYC:6634
< D624  A9 EF     LDA #$EF                        A:00 X:33 Y:BB P:E4 SP:FB PPU: 58,130 CYC:6636
< D626  8D 78 06  STA $0678 = AA                  A:EF X:33 Y:BB P:E4 SP:FB PPU: 58,136 CYC:6638
< D629  20 F1 F7  JSR $F7F1                       A:EF X:33 Y:BB P:E4 SP:FB PPU: 58,148 CYC:6642
< F7F1  38        SEC                             A:EF X:33 Y:BB P:E4 SP:F9 PPU: 58,166 CYC:6648
< F7F2  B8        CLV                             A:EF X:33 Y:BB P:E5 SP:F9 PPU: 58,172 CYC:6650
< F7F3  A9 F8     LDA #$F8                        A:EF X:33 Y:BB P:A5 SP:F9 PPU: 58,178 CYC:6652
< F7F5  60        RTS                             A:F8 X:33 Y:BB P:A5 SP:F9 PPU: 58,184 CYC:6654
< D62C  2D 78 06  AND $0678 = EF                  A:F8 X:33 Y:BB P:A5 SP:FB PPU: 58,202 CYC:6660
< D62F  20 F6 F7  JSR $F7F6                       A:E8 X:33 Y:BB P:A5 SP:FB PPU: 58,214 CYC:6664
< F7F6  90 09     BCC $F801                       A:E8 X:33 Y:BB P:A5 SP:F9 PPU: 58,232 CYC:6670
< F7F8  10 07     BPL $F801                       A:E8 X:33 Y:BB P:A5 SP:F9 PPU: 58,238 CYC:6672
< F7FA  C9 E8     CMP #$E8                        A:E8 X:33 Y:BB P:A5 SP:F9 PPU: 58,244 CYC:6674
< F7FC  D0 03     BNE $F801                       A:E8 X:33 Y:BB P:27 SP:F9 PPU: 58,250 CYC:6676
< F7FE  70 01     BVS $F801                       A:E8 X:33 Y:BB P:27 SP:F9 PPU: 58,256 CYC:6678
< F800  60        RTS                             A:E8 X:33 Y:BB P:27 SP:F9 PPU: 58,262 CYC:6680
< D632  C8        INY                             A:E8 X:33 Y:BB P:27 SP:FB PPU: 58,280 CYC:6686
< D633  A9 AA     LDA #$AA                        A:E8 X:33 Y:BC P:A5 SP:FB PPU: 58,286 CYC:6688
< D635  8D 78 06  STA $0678 = EF                  A:AA X:33 Y:BC P:A5 SP:FB PPU: 58,292 CYC:6690
< D638  20 04 F8  JSR $F804                       A:AA X:33 Y:BC P:A5 SP:FB PPU: 58,304 CYC:6694
< F804  18        CLC                             A:AA X:33 Y:BC P:A5 SP:F9 PPU: 58,322 CYC:6700
< F805  24 01     BIT $01 = FF                    A:AA X:33 Y:BC P:A4 SP:F9 PPU: 58,328 CYC:6702
< F807  A9 5F     LDA #$5F                        A:AA X:33 Y:BC P:E4 SP:F9 PPU: 58,337 CYC:6705
< F809  60        RTS                             A:5F X:33 Y:BC P:64 SP:F9 PPU: 59,  2 CYC:6707
< D63B  4D 78 06  EOR $0678 = AA                  A:5F X:33 Y:BC P:64 SP:FB PPU: 59, 20 CYC:6713
< D63E  20 0A F8  JSR $F80A                       A:F5 X:33 Y:BC P:E4 SP:FB PPU: 59, 32 CYC:6717
< F80A  B0 09     BCS $F815                       A:F5 X:33 Y:BC P:E4 SP:F9 PPU: 59, 50 CYC:6723
< F80C  10 07     BPL $F815                       A:F5 X:33 Y:BC P:E4 SP:F9 PPU: 59, 56 CYC:6725
< F80E  C9 F5     CMP #$F5                        A:F5 X:33 Y:BC P:E4 SP:F9 PPU: 59, 62 CYC:6727
< F810  D0 03     BNE $F815                       A:F5 X:33 Y:BC P:67 SP:F9 PPU: 59, 68 CYC:6729
< F812  50 01     BVC $F815                       A:F5 X:33 Y:BC P:67 SP:F9 PPU: 59, 74 CYC:6731
< F814  60        RTS                             A:F5 X:33 Y:BC P:67 SP:F9 PPU: 59, 80 CYC:6733
< D641  C8        INY                             A:F5 X:33 Y:BC P:67 SP:FB PPU: 59, 98 CYC:6739
< D642  A9 70     LDA #$70                        A:F5 X:33 Y:BD P:E5 SP:FB PPU: 59,104 CYC:6741
< D644  8D 78 06  STA $0678 = AA                  A:70 X:33 Y:BD P:65 SP:FB PPU: 59,110 CYC:6743
< D647  20 18 F8  JSR $F818                       A:70 X:33 Y:BD P:65 SP:FB PPU: 59,122 CYC:6747
< F818  38        SEC                             A:70 X:33 Y:BD P:65 SP:F9 PPU: 59,140 CYC:6753
< F819  B8        CLV                             A:70 X:33 Y:BD P:65 SP:F9 PPU: 59,146 CYC:6755
< F81A  A9 70     LDA #$70                        A:70 X:33 Y:BD P:25 SP:F9 PPU: 59,152 CYC:6757
< F81C  60        RTS                             A:70 X:33 Y:BD P:25 SP:F9 PPU: 59,158 CYC:6759
< D64A  4D 78 06  EOR $0678 = 70                  A:70 X:33 Y:BD P:25 SP:FB PPU: 59,176 CYC:6765
< D64D  20 1D F8  JSR $F81D                       A:00 X:33 Y:BD P:27 SP:FB PPU: 59,188 CYC:6769
< F81D  D0 07     BNE $F826                       A:00 X:33 Y:BD P:27 SP:F9 PPU: 59,206 CYC:6775
< F81F  70 05     BVS $F826                       A:00 X:33 Y:BD P:27 SP:F9 PPU: 59,212 CYC:6777
< F821  90 03     BCC $F826                       A:00 X:33 Y:BD P:27 SP:F9 PPU: 59,218 CYC:6779
< F823  30 01     BMI $F826                       A:00 X:33 Y:BD P:27 SP:F9 PPU: 59,224 CYC:6781
< F825  60        RTS                             A:00 X:33 Y:BD P:27 SP:F9 PPU: 59,230 CYC:6783
< D650  C8        INY                             A:00 X:33 Y:BD P:27 SP:FB PPU: 59,248 CYC:6789
< D651  A9 69     LDA #$69                        A:00 X:33 Y:BE P:A5 SP:FB PPU: 59,254 CYC:6791
< D653  8D 78 06  STA $0678 = 70                  A:69 X:33 Y:BE P:25 SP:FB PPU: 59,260 CYC:6793
< D656  20 29 F8  JSR $F829                       A:69 X:33 Y:BE P:25 SP:FB PPU: 59,272 CYC:6797
< F829  18        CLC                             A:69 X:33 Y:BE P:25 SP:F9 PPU: 59,290 CYC:6803
< F82A  24 01     BIT $01 = FF                    A:69 X:33 Y:BE P:24 SP:F9 PPU: 59,296 CYC:6805
< F82C  A9 00     LDA #$00                        A:69 X:33 Y:BE P:E4 SP:F9 PPU: 59,305 CYC:6808
< F82E  60        RTS                             A:00 X:33 Y:BE P:66 SP:F9 PPU: 59,311 CYC:6810
< D659  6D 78 06  ADC $0678 = 69                  A:00 X:33 Y:BE P:66 SP:FB PPU: 59,329 CYC:6816
< D65C  20 2F F8  JSR $F82F                       A:69 X:33 Y:BE P:24 SP:FB PPU: 60,  0 CYC:6820
< F82F  30 09     BMI $F83A                       A:69 X:33 Y:BE P:24 SP:F9 PPU: 60, 18 CYC:6826
< F831  B0 07     BCS $F83A                       A:69 X:33 Y:BE P:24 SP:F9 PPU: 60, 24 CYC:6828
< F833  C9 69     CMP #$69                        A:69 X:33 Y:BE P:24 SP:F9 PPU: 60, 30 CYC:6830
< F835  D0 03     BNE $F83A                       A:69 X:33 Y:BE P:27 SP:F9 PPU: 60, 36 CYC:6832
< F837  70 01     BVS $F83A                       A:69 X:33 Y:BE P:27 SP:F9 PPU: 60, 42 CYC:6834
< F839  60        RTS                             A:69 X:33 Y:BE P:27 SP:F9 PPU: 60, 48 CYC:6836
< D65F  C8        INY                             A:69 X:33 Y:BE P:27 SP:FB PPU: 60, 66 CYC:6842
< D660  20 3D F8  JSR $F83D                       A:69 X:33 Y:BF P:A5 SP:FB PPU: 60, 72 CYC:6844
< F83D  38        SEC                             A:69 X:33 Y:BF P:A5 SP:F9 PPU: 60, 90 CYC:6850
< F83E  24 01     BIT $01 = FF                    A:69 X:33 Y:BF P:A5 SP:F9 PPU: 60, 96 CYC:6852
< F840  A9 00     LDA #$00                        A:69 X:33 Y:BF P:E5 SP:F9 PPU: 60,105 CYC:6855
< F842  60        RTS                             A:00 X:33 Y:BF P:67 SP:F9 PPU: 60,111 CYC:6857
< D663  6D 78 06  ADC $0678 = 69                  A:00 X:33 Y:BF P:67 SP:FB PPU: 60,129 CYC:6863
< D666  20 43 F8  JSR $F843                       A:6A X:33 Y:BF P:24 SP:FB PPU: 60,141 CYC:6867
< F843  30 09     BMI $F84E                       A:6A X:33 Y:BF P:24 SP:F9 PPU: 60,159 CYC:6873
< F845  B0 07     BCS $F84E                       A:6A X:33 Y:BF P:24 SP:F9 PPU: 60,165 CYC:6875
< F847  C9 6A     CMP #$6A                        A:6A X:33 Y:BF P:24 SP:F9 PPU: 60,171 CYC:6877
< F849  D0 03     BNE $F84E                       A:6A X:33 Y:BF P:27 SP:F9 PPU: 60,177 CYC:6879
< F84B  70 01     BVS $F84E                       A:6A X:33 Y:BF P:27 SP:F9 PPU: 60,183 CYC:6881
< F84D  60        RTS                             A:6A X:33 Y:BF P:27 SP:F9 PPU: 60,189 CYC:6883
< D669  C8        INY                             A:6A X:33 Y:BF P:27 SP:FB PPU: 60,207 CYC:6889
< D66A  A9 7F     LDA #$7F                        A:6A X:33 Y:C0 P:A5 SP:FB PPU: 60,213 CYC:6891
< D66C  8D 78 06  STA $0678 = 69                  A:7F X:33 Y:C0 P:25 SP:FB PPU: 60,219 CYC:6893
< D66F  20 51 F8  JSR $F851                       A:7F X:33 Y:C0 P:25 SP:FB PPU: 60,231 CYC:6897
< F851  38        SEC                             A:7F X:33 Y:C0 P:25 SP:F9 PPU: 60,249 CYC:6903
< F852  B8        CLV                             A:7F X:33 Y:C0 P:25 SP:F9 PPU: 60,255 CYC:6905
< F853  A9 7F     LDA #$7F                        A:7F X:33 Y:C0 P:25 SP:F9 PPU: 60,261 CYC:6907
< F855  60        RTS                             A:7F X:33 Y:C0 P:25 SP:F9 PPU: 60,267 CYC:6909
< D672  6D 78 06  ADC $0678 = 7F                  A:7F X:33 Y:C0 P:25 SP:FB PPU: 60,285 CYC:6915
< D675  20 56 F8  JSR $F856                       A:FF X:33 Y:C0 P:E4 SP:FB PPU: 60,297 CYC:6919
< F856  10 09     BPL $F861                       A:FF X:33 Y:C0 P:E4 SP:F9 PPU: 60,315 CYC:6925
< F858  B0 07     BCS $F861                       A:FF X:33 Y:C0 P:E4 SP:F9 PPU: 60,321 CYC:6927
< F85A  C9 FF     CMP #$FF                        A:FF X:33 Y:C0 P:E4 SP:F9 PPU: 60,327 CYC:6929
< F85C  D0 03     BNE $F861                       A:FF X:33 Y:C0 P:67 SP:F9 PPU: 60,333 CYC:6931
< F85E  50 01     BVC $F861                       A:FF X:33 Y:C0 P:67 SP:F9 PPU: 60,339 CYC:6933
< F860  60        RTS                             A:FF X:33 Y:C0 P:67 SP:F9 PPU: 61,  4 CYC:6935
< D678  C8        INY                             A:FF X:33 Y:C0 P:67 SP:FB PPU: 61, 22 CYC:6941
< D679  A9 80     LDA #$80                        A:FF X:33 Y:C1 P:E5 SP:FB PPU: 61, 28 CYC:6943
< D67B  8D 78 06  STA $0678 = 7F                  A:80 X:33 Y:C1 P:E5 SP:FB PPU: 61, 34 CYC:6945
< D67E  20 64 F8  JSR $F864                       A:80 X:33 Y:C1 P:E5 SP:FB PPU: 61, 46 CYC:6949
< F864  18        CLC                             A:80 X:33 Y:C1 P:E5 SP:F9 PPU: 61, 64 CYC:6955
< F865  24 01     BIT $01 = FF                    A:80 X:33 Y:C1 P:E4 SP:F9 PPU: 61, 70 CYC:6957
< F867  A9 7F     LDA #$7F                        A:80 X:33 Y:C1 P:E4 SP:F9 PPU: 61, 79 CYC:6960
< F869  60        RTS                             A:7F X:33 Y:C1 P:64 SP:F9 PPU: 61, 85 CYC:6962
< D681  6D 78 06  ADC $0678 = 80                  A:7F X:33 Y:C1 P:64 SP:FB PPU: 61,103 CYC:6968
< D684  20 6A F8  JSR $F86A                       A:FF X:33 Y:C1 P:A4 SP:FB PPU: 61,115 CYC:6972
< F86A  10 09     BPL $F875                       A:FF X:33 Y:C1 P:A4 SP:F9 PPU: 61,133 CYC:6978
< F86C  B0 07     BCS $F875                       A:FF X:33 Y:C1 P:A4 SP:F9 PPU: 61,139 CYC:6980
< F86E  C9 FF     CMP #$FF                        A:FF X:33 Y:C1 P:A4 SP:F9 PPU: 61,145 CYC:6982
< F870  D0 03     BNE $F875                       A:FF X:33 Y:C1 P:27 SP:F9 PPU: 61,151 CYC:6984
< F872  70 01     BVS $F875                       A:FF X:33 Y:C1 P:27 SP:F9 PPU: 61,157 CYC:6986
< F874  60        RTS                             A:FF X:33 Y:C1 P:27 SP:F9 PPU: 61,163 CYC:6988
< D687  C8        INY                             A:FF X:33 Y:C1 P:27 SP:FB PPU: 61,181 CYC:6994
< D688  20 78 F8  JSR $F878                       A:FF X:33 Y:C2 P:A5 SP:FB PPU: 61,187 CYC:6996
< F878  38        SEC                             A:FF X:33 Y:C2 P:A5 SP:F9 PPU: 61,205 CYC:7002
< F879  B8        CLV                             A:FF X:33 Y:C2 P:A5 SP:F9 PPU: 61,211 CYC:7004
< F87A  A9 7F     LDA #$7F                        A:FF X:33 Y:C2 P:A5 SP:F9 PPU: 61,217 CYC:7006
< F87C  60        RTS                             A:7F X:33 Y:C2 P:25 SP:F9 PPU: 61,223 CYC:7008
< D68B  6D 78 06  ADC $0678 = 80                  A:7F X:33 Y:C2 P:25 SP:FB PPU: 61,241 CYC:7014
< D68E  20 7D F8  JSR $F87D                       A:00 X:33 Y:C2 P:27 SP:FB PPU: 61,253 CYC:7018
< F87D  D0 07     BNE $F886                       A:00 X:33 Y:C2 P:27 SP:F9 PPU: 61,271 CYC:7024
< F87F  30 05     BMI $F886                       A:00 X:33 Y:C2 P:27 SP:F9 PPU: 61,277 CYC:7026
< F881  70 03     BVS $F886                       A:00 X:33 Y:C2 P:27 SP:F9 PPU: 61,283 CYC:7028
< F883  90 01     BCC $F886                       A:00 X:33 Y:C2 P:27 SP:F9 PPU: 61,289 CYC:7030
< F885  60        RTS                             A:00 X:33 Y:C2 P:27 SP:F9 PPU: 61,295 CYC:7032
< D691  C8        INY                             A:00 X:33 Y:C2 P:27 SP:FB PPU: 61,313 CYC:7038
< D692  A9 40     LDA #$40                        A:00 X:33 Y:C3 P:A5 SP:FB PPU: 61,319 CYC:7040
< D694  8D 78 06  STA $0678 = 80                  A:40 X:33 Y:C3 P:25 SP:FB PPU: 61,325 CYC:7042
< D697  20 89 F8  JSR $F889                       A:40 X:33 Y:C3 P:25 SP:FB PPU: 61,337 CYC:7046
< F889  24 01     BIT $01 = FF                    A:40 X:33 Y:C3 P:25 SP:F9 PPU: 62, 14 CYC:7052
< F88B  A9 40     LDA #$40                        A:40 X:33 Y:C3 P:E5 SP:F9 PPU: 62, 23 CYC:7055
< F88D  60        RTS                             A:40 X:33 Y:C3 P:65 SP:F9 PPU: 62, 29 CYC:7057
< D69A  CD 78 06  CMP $0678 = 40                  A:40 X:33 Y:C3 P:65 SP:FB PPU: 62, 47 CYC:7063
< D69D  20 8E F8  JSR $F88E                       A:40 X:33 Y:C3 P:67 SP:FB PPU: 62, 59 CYC:7067
< F88E  30 07     BMI $F897                       A:40 X:33 Y:C3 P:67 SP:F9 PPU: 62, 77 CYC:7073
< F890  90 05     BCC $F897                       A:40 X:33 Y:C3 P:67 SP:F9 PPU: 62, 83 CYC:7075
< F892  D0 03     BNE $F897                       A:40 X:33 Y:C3 P:67 SP:F9 PPU: 62, 89 CYC:7077
< F894  50 01     BVC $F897                       A:40 X:33 Y:C3 P:67 SP:F9 PPU: 62, 95 CYC:7079
< F896  60        RTS                             A:40 X:33 Y:C3 P:67 SP:F9 PPU: 62,101 CYC:7081
< D6A0  C8        INY                             A:40 X:33 Y:C3 P:67 SP:FB PPU: 62,119 CYC:7087
< D6A1  48        PHA                             A:40 X:33 Y:C4 P:E5 SP:FB PPU: 62,125 CYC:7089
< D6A2  A9 3F     LDA #$3F                        A:40 X:33 Y:C4 P:E5 SP:FA PPU: 62,134 CYC:7092
< D6A4  8D 78 06  STA $0678 = 40                  A:3F X:33 Y:C4 P:65 SP:FA PPU: 62,140 CYC:7094
< D6A7  68        PLA                             A:3F X:33 Y:C4 P:65 SP:FA PPU: 62,152 CYC:7098
< D6A8  20 9A F8  JSR $F89A                       A:40 X:33 Y:C4 P:65 SP:FB PPU: 62,164 CYC:7102
< F89A  B8        CLV                             A:40 X:33 Y:C4 P:65 SP:F9 PPU: 62,182 CYC:7108
< F89B  60        RTS                             A:40 X:33 Y:C4 P:25 SP:F9 PPU: 62,188 CYC:7110
< D6AB  CD 78 06  CMP $0678 = 3F                  A:40 X:33 Y:C4 P:25 SP:FB PPU: 62,206 CYC:7116
< D6AE  20 9C F8  JSR $F89C                       A:40 X:33 Y:C4 P:25 SP:FB PPU: 62,218 CYC:7120
< F89C  F0 07     BEQ $F8A5                       A:40 X:33 Y:C4 P:25 SP:F9 PPU: 62,236 CYC:7126
< F89E  30 05     BMI $F8A5                       A:40 X:33 Y:C4 P:25 SP:F9 PPU: 62,242 CYC:7128
< F8A0  90 03     BCC $F8A5                       A:40 X:33 Y:C4 P:25 SP:F9 PPU: 62,248 CYC:7130
< F8A2  70 01     BVS $F8A5                       A:40 X:33 Y:C4 P:25 SP:F9 PPU: 62,254 CYC:7132
< F8A4  60        RTS                             A:40 X:33 Y:C4 P:25 SP:F9 PPU: 62,260 CYC:7134
< D6B1  C8        INY                             A:40 X:33 Y:C4 P:25 SP:FB PPU: 62,278 CYC:7140
< D6B2  48        PHA                             A:40 X:33 Y:C5 P:A5 SP:FB PPU: 62,284 CYC:7142
< D6B3  A9 41     LDA #$41                        A:40 X:33 Y:C5 P:A5 SP:FA PPU: 62,293 CYC:7145
< D6B5  8D 78 06  STA $0678 = 3F                  A:41 X:33 Y:C5 P:25 SP:FA PPU: 62,299 CYC:7147
< D6B8  68        PLA                             A:41 X:33 Y:C5 P:25 SP:FA PPU: 62,311 CYC:7151
< D6B9  CD 78 06  CMP $0678 = 41                  A:40 X:33 Y:C5 P:25 SP:FB PPU: 62,323 CYC:7155
< D6BC  20 A8 F8  JSR $F8A8                       A:40 X:33 Y:C5 P:A4 SP:FB PPU: 62,335 CYC:7159
< F8A8  F0 05     BEQ $F8AF                       A:40 X:33 Y:C5 P:A4 SP:F9 PPU: 63, 12 CYC:7165
< F8AA  10 03     BPL $F8AF                       A:40 X:33 Y:C5 P:A4 SP:F9 PPU: 63, 18 CYC:7167
< F8AC  10 01     BPL $F8AF                       A:40 X:33 Y:C5 P:A4 SP:F9 PPU: 63, 24 CYC:7169
< F8AE  60        RTS                             A:40 X:33 Y:C5 P:A4 SP:F9 PPU: 63, 30 CYC:7171
< D6BF  C8        INY                             A:40 X:33 Y:C5 P:A4 SP:FB PPU: 63, 48 CYC:7177
< D6C0  48        PHA                             A:40 X:33 Y:C6 P:A4 SP:FB PPU: 63, 54 CYC:7179
< D6C1  A9 00     LDA #$00                        A:40 X:33 Y:C6 P:A4 SP:FA PPU: 63, 63 CYC:7182
< D6C3  8D 78 06  STA $0678 = 41                  A:00 X:33 Y:C6 P:26 SP:FA PPU: 63, 69 CYC:7184
< D6C6  68        PLA                             A:00 X:33 Y:C6 P:26 SP:FA PPU: 63, 81 CYC:7188
< D6C7  20 B2 F8  JSR $F8B2                       A:40 X:33 Y:C6 P:24 SP:FB PPU: 63, 93 CYC:7192
< F8B2  A9 80     LDA #$80                        A:40 X:33 Y:C6 P:24 SP:F9 PPU: 63,111 CYC:7198
< F8B4  60        RTS                             A:80 X:33 Y:C6 P:A4 SP:F9 PPU: 63,117 CYC:7200
< D6CA  CD 78 06  CMP $0678 = 00                  A:80 X:33 Y:C6 P:A4 SP:FB PPU: 63,135 CYC:7206
< D6CD  20 B5 F8  JSR $F8B5                       A:80 X:33 Y:C6 P:A5 SP:FB PPU: 63,147 CYC:7210
< F8B5  F0 05     BEQ $F8BC                       A:80 X:33 Y:C6 P:A5 SP:F9 PPU: 63,165 CYC:7216
< F8B7  10 03     BPL $F8BC                       A:80 X:33 Y:C6 P:A5 SP:F9 PPU: 63,171 CYC:7218
< F8B9  90 01     BCC $F8BC                       A:80 X:33 Y:C6 P:A5 SP:F9 PPU: 63,177 CYC:7220
< F8BB  60        RTS                             A:80 X:33 Y:C6 P:A5 SP:F9 PPU: 63,183 CYC:7222
< D6D0  C8        INY                             A:80 X:33 Y:C6 P:A5 SP:FB PPU: 63,201 CYC:7228
< D6D1  48        PHA                             A:80 X:33 Y:C7 P:A5 SP:FB PPU: 63,207 CYC:7230
< D6D2  A9 80     LDA #$80                        A:80 X:33 Y:C7 P:A5 SP:FA PPU: 63,216 CYC:7233
< D6D4  8D 78 06  STA $0678 = 00                  A:80 X:33 Y:C7 P:A5 SP:FA PPU: 63,222 CYC:7235
< D6D7  68        PLA                             A:80 X:33 Y:C7 P:A5 SP:FA PPU: 63,234 CYC:7239
< D6D8  CD 78 06  CMP $0678 = 80                  A:80 X:33 Y:C7 P:A5 SP:FB PPU: 63,246 CYC:7243
< D6DB  20 BF F8  JSR $F8BF                       A:80 X:33 Y:C7 P:27 SP:FB PPU: 63,258 CYC:7247
< F8BF  D0 05     BNE $F8C6                       A:80 X:33 Y:C7 P:27 SP:F9 PPU: 63,276 CYC:7253
< F8C1  30 03     BMI $F8C6                       A:80 X:33 Y:C7 P:27 SP:F9 PPU: 63,282 CYC:7255
< F8C3  90 01     BCC $F8C6                       A:80 X:33 Y:C7 P:27 SP:F9 PPU: 63,288 CYC:7257
< F8C5  60        RTS                             A:80 X:33 Y:C7 P:27 SP:F9 PPU: 63,294 CYC:7259
< D6DE  C8        INY                             A:80 X:33 Y:C7 P:27 SP:FB PPU: 63,312 CYC:7265
< D6DF  48        PHA                             A:80 X:33 Y:C8 P:A5 SP:FB PPU: 63,318 CYC:7267
< D6E0  A9 81     LDA #$81                        A:80 X:33 Y:C8 P:A5 SP:FA PPU: 63,327 CYC:7270
< D6E2  8D 78 06  STA $0678 = 80                  A:81 X:33 Y:C8 P:A5 SP:FA PPU: 63,333 CYC:7272
< D6E5  68        PLA                             A:81 X:33 Y:C8 P:A5 SP:FA PPU: 64,  4 CYC:7276
< D6E6  CD 78 06  CMP $0678 = 81                  A:80 X:33 Y:C8 P:A5 SP:FB PPU: 64, 16 CYC:7280
< D6E9  20 C9 F8  JSR $F8C9                       A:80 X:33 Y:C8 P:A4 SP:FB PPU: 64, 28 CYC:7284
< F8C9  B0 05     BCS $F8D0                       A:80 X:33 Y:C8 P:A4 SP:F9 PPU: 64, 46 CYC:7290
< F8CB  F0 03     BEQ $F8D0                       A:80 X:33 Y:C8 P:A4 SP:F9 PPU: 64, 52 CYC:7292
< F8CD  10 01     BPL $F8D0                       A:80 X:33 Y:C8 P:A4 SP:F9 PPU: 64, 58 CYC:7294
< F8CF  60        RTS                             A:80 X:33 Y:C8 P:A4 SP:F9 PPU: 64, 64 CYC:7296
< D6EC  C8        INY                             A:80 X:33 Y:C8 P:A4 SP:FB PPU: 64, 82 CYC:7302
< D6ED  48        PHA                             A:80 X:33 Y:C9 P:A4 SP:FB PPU: 64, 88 CYC:7304
< D6EE  A9 7F     LDA #$7F                        A:80 X:33 Y:C9 P:A4 SP:FA PPU: 64, 97 CYC:7307
< D6F0  8D 78 06  STA $0678 = 81                  A:7F X:33 Y:C9 P:24 SP:FA PPU: 64,103 CYC:7309
< D6F3  68        PLA                             A:7F X:33 Y:C9 P:24 SP:FA PPU: 64,115 CYC:7313
< D6F4  CD 78 06  CMP $0678 = 7F                  A:80 X:33 Y:C9 P:A4 SP:FB PPU: 64,127 CYC:7317
< D6F7  20 D3 F8  JSR $F8D3                       A:80 X:33 Y:C9 P:25 SP:FB PPU: 64,139 CYC:7321
< F8D3  90 05     BCC $F8DA                       A:80 X:33 Y:C9 P:25 SP:F9 PPU: 64,157 CYC:7327
< F8D5  F0 03     BEQ $F8DA                       A:80 X:33 Y:C9 P:25 SP:F9 PPU: 64,163 CYC:7329
< F8D7  30 01     BMI $F8DA                       A:80 X:33 Y:C9 P:25 SP:F9 PPU: 64,169 CYC:7331
< F8D9  60        RTS                             A:80 X:33 Y:C9 P:25 SP:F9 PPU: 64,175 CYC:7333
< D6FA  C8        INY                             A:80 X:33 Y:C9 P:25 SP:FB PPU: 64,193 CYC:7339
< D6FB  A9 40     LDA #$40                        A:80 X:33 Y:CA P:A5 SP:FB PPU: 64,199 CYC:7341
< D6FD  8D 78 06  STA $0678 = 7F                  A:40 X:33 Y:CA P:25 SP:FB PPU: 64,205 CYC:7343
< D700  20 31 F9  JSR $F931                       A:40 X:33 Y:CA P:25 SP:FB PPU: 64,217 CYC:7347
< F931  24 01     BIT $01 = FF                    A:40 X:33 Y:CA P:25 SP:F9 PPU: 64,235 CYC:7353
< F933  A9 40     LDA #$40                        A:40 X:33 Y:CA P:E5 SP:F9 PPU: 64,244 CYC:7356
< F935  38        SEC                             A:40 X:33 Y:CA P:65 SP:F9 PPU: 64,250 CYC:7358
< F936  60        RTS                             A:40 X:33 Y:CA P:65 SP:F9 PPU: 64,256 CYC:7360
< D703  ED 78 06  SBC $0678 = 40                  A:40 X:33 Y:CA P:65 SP:FB PPU: 64,274 CYC:7366
< D706  20 37 F9  JSR $F937                       A:00 X:33 Y:CA P:27 SP:FB PPU: 64,286 CYC:7370
< F937  30 0B     BMI $F944                       A:00 X:33 Y:CA P:27 SP:F9 PPU: 64,304 CYC:7376
< F939  90 09     BCC $F944                       A:00 X:33 Y:CA P:27 SP:F9 PPU: 64,310 CYC:7378
< F93B  D0 07     BNE $F944                       A:00 X:33 Y:CA P:27 SP:F9 PPU: 64,316 CYC:7380
< F93D  70 05     BVS $F944                       A:00 X:33 Y:CA P:27 SP:F9 PPU: 64,322 CYC:7382
< F93F  C9 00     CMP #$00                        A:00 X:33 Y:CA P:27 SP:F9 PPU: 64,328 CYC:7384
< F941  D0 01     BNE $F944                       A:00 X:33 Y:CA P:27 SP:F9 PPU: 64,334 CYC:7386
< F943  60        RTS                             A:00 X:33 Y:CA P:27 SP:F9 PPU: 64,340 CYC:7388
< D709  C8        INY                             A:00 X:33 Y:CA P:27 SP:FB PPU: 65, 17 CYC:7394
< D70A  A9 3F     LDA #$3F                        A:00 X:33 Y:CB P:A5 SP:FB PPU: 65, 23 CYC:7396
< D70C  8D 78 06  STA $0678 = 40                  A:3F X:33 Y:CB P:25 SP:FB PPU: 65, 29 CYC:7398
< D70F  20 47 F9  JSR $F947                       A:3F X:33 Y:CB P:25 SP:FB PPU: 65, 41 CYC:7402
< F947  B8        CLV                             A:3F X:33 Y:CB P:25 SP:F9 PPU: 65, 59 CYC:7408
< F948  38        SEC                             A:3F X:33 Y:CB P:25 SP:F9 PPU: 65, 65 CYC:7410
< F949  A9 40     LDA #$40                        A:3F X:33 Y:CB P:25 SP:F9 PPU: 65, 71 CYC:7412
< F94B  60        RTS                             A:40 X:33 Y:CB P:25 SP:F9 PPU: 65, 77 CYC:7414
< D712  ED 78 06  SBC $0678 = 3F                  A:40 X:33 Y:CB P:25 SP:FB PPU: 65, 95 CYC:7420
< D715  20 4C F9  JSR $F94C                       A:01 X:33 Y:CB P:25 SP:FB PPU: 65,107 CYC:7424
< F94C  F0 0B     BEQ $F959                       A:01 X:33 Y:CB P:25 SP:F9 PPU: 65,125 CYC:7430
< F94E  30 09     BMI $F959                       A:01 X:33 Y:CB P:25 SP:F9 PPU: 65,131 CYC:7432
< F950  90 07     BCC $F959                       A:01 X:33 Y:CB P:25 SP:F9 PPU: 65,137 CYC:7434
< F952  70 05     BVS $F959                       A:01 X:33 Y:CB P:25 SP:F9 PPU: 65,143 CYC:7436
< F954  C9 01     CMP #$01                        A:01 X:33 Y:CB P:25 SP:F9 PPU: 65,149 CYC:7438
< F956  D0 01     BNE $F959                       A:01 X:33 Y:CB P:27 SP:F9 PPU: 65,155 CYC:7440
< F958  60        RTS                             A:01 X:33 Y:CB P:27 SP:F9 PPU: 65,161 CYC:7442
< D718  C8        INY                             A:01 X:33 Y:CB P:27 SP:FB PPU: 65,179 CYC:7448
< D719  A9 41     LDA #$41                        A:01 X:33 Y:CC P:A5 SP:FB PPU: 65,185 CYC:7450
< D71B  8D 78 06  STA $0678 = 3F                  A:41 X:33 Y:CC P:25 SP:FB PPU: 65,191 CYC:7452
< D71E  20 5C F9  JSR $F95C                       A:41 X:33 Y:CC P:25 SP:FB PPU: 65,203 CYC:7456
< F95C  A9 40     LDA #$40                        A:41 X:33 Y:CC P:25 SP:F9 PPU: 65,221 CYC:7462
< F95E  38        SEC                             A:40 X:33 Y:CC P:25 SP:F9 PPU: 65,227 CYC:7464
< F95F  24 01     BIT $01 = FF                    A:40 X:33 Y:CC P:25 SP:F9 PPU: 65,233 CYC:7466
< F961  60        RTS                             A:40 X:33 Y:CC P:E5 SP:F9 PPU: 65,242 CYC:7469
< D721  ED 78 06  SBC $0678 = 41                  A:40 X:33 Y:CC P:E5 SP:FB PPU: 65,260 CYC:7475
< D724  20 62 F9  JSR $F962                       A:FF X:33 Y:CC P:A4 SP:FB PPU: 65,272 CYC:7479
< F962  B0 0B     BCS $F96F                       A:FF X:33 Y:CC P:A4 SP:F9 PPU: 65,290 CYC:7485
< F964  F0 09     BEQ $F96F                       A:FF X:33 Y:CC P:A4 SP:F9 PPU: 65,296 CYC:7487
< F966  10 07     BPL $F96F                       A:FF X:33 Y:CC P:A4 SP:F9 PPU: 65,302 CYC:7489
< F968  70 05     BVS $F96F                       A:FF X:33 Y:CC P:A4 SP:F9 PPU: 65,308 CYC:7491
< F96A  C9 FF     CMP #$FF                        A:FF X:33 Y:CC P:A4 SP:F9 PPU: 65,314 CYC:7493
< F96C  D0 01     BNE $F96F                       A:FF X:33 Y:CC P:27 SP:F9 PPU: 65,320 CYC:7495
< F96E  60        RTS                             A:FF X:33 Y:CC P:27 SP:F9 PPU: 65,326 CYC:7497
< D727  C8        INY                             A:FF X:33 Y:CC P:27 SP:FB PPU: 66,  3 CYC:7503
< D728  A9 00     LDA #$00                        A:FF X:33 Y:CD P:A5 SP:FB PPU: 66,  9 CYC:7505
< D72A  8D 78 06  STA $0678 = 41                  A:00 X:33 Y:CD P:27 SP:FB PPU: 66, 15 CYC:7507
< D72D  20 72 F9  JSR $F972                       A:00 X:33 Y:CD P:27 SP:FB PPU: 66, 27 CYC:7511
< F972  18        CLC                             A:00 X:33 Y:CD P:27 SP:F9 PPU: 66, 45 CYC:7517
< F973  A9 80     LDA #$80                        A:00 X:33 Y:CD P:26 SP:F9 PPU: 66, 51 CYC:7519
< F975  60        RTS                             A:80 X:33 Y:CD P:A4 SP:F9 PPU: 66, 57 CYC:7521
< D730  ED 78 06  SBC $0678 = 00                  A:80 X:33 Y:CD P:A4 SP:FB PPU: 66, 75 CYC:7527
< D733  20 76 F9  JSR $F976                       A:7F X:33 Y:CD P:65 SP:FB PPU: 66, 87 CYC:7531
< F976  90 05     BCC $F97D                       A:7F X:33 Y:CD P:65 SP:F9 PPU: 66,105 CYC:7537
< F978  C9 7F     CMP #$7F                        A:7F X:33 Y:CD P:65 SP:F9 PPU: 66,111 CYC:7539
< F97A  D0 01     BNE $F97D                       A:7F X:33 Y:CD P:67 SP:F9 PPU: 66,117 CYC:7541
< F97C  60        RTS                             A:7F X:33 Y:CD P:67 SP:F9 PPU: 66,123 CYC:7543
< D736  C8        INY                             A:7F X:33 Y:CD P:67 SP:FB PPU: 66,141 CYC:7549
< D737  A9 7F     LDA #$7F                        A:7F X:33 Y:CE P:E5 SP:FB PPU: 66,147 CYC:7551
< D739  8D 78 06  STA $0678 = 00                  A:7F X:33 Y:CE P:65 SP:FB PPU: 66,153 CYC:7553
< D73C  20 80 F9  JSR $F980                       A:7F X:33 Y:CE P:65 SP:FB PPU: 66,165 CYC:7557
< F980  38        SEC                             A:7F X:33 Y:CE P:65 SP:F9 PPU: 66,183 CYC:7563
< F981  A9 81     LDA #$81                        A:7F X:33 Y:CE P:65 SP:F9 PPU: 66,189 CYC:7565
< F983  60        RTS                             A:81 X:33 Y:CE P:E5 SP:F9 PPU: 66,195 CYC:7567
< D73F  ED 78 06  SBC $0678 = 7F                  A:81 X:33 Y:CE P:E5 SP:FB PPU: 66,213 CYC:7573
< D742  20 84 F9  JSR $F984                       A:02 X:33 Y:CE P:65 SP:FB PPU: 66,225 CYC:7577
< F984  50 07     BVC $F98D                       A:02 X:33 Y:CE P:65 SP:F9 PPU: 66,243 CYC:7583
< F986  90 05     BCC $F98D                       A:02 X:33 Y:CE P:65 SP:F9 PPU: 66,249 CYC:7585
< F988  C9 02     CMP #$02                        A:02 X:33 Y:CE P:65 SP:F9 PPU: 66,255 CYC:7587
< F98A  D0 01     BNE $F98D                       A:02 X:33 Y:CE P:67 SP:F9 PPU: 66,261 CYC:7589
< F98C  60        RTS                             A:02 X:33 Y:CE P:67 SP:F9 PPU: 66,267 CYC:7591
< D745  C8        INY                             A:02 X:33 Y:CE P:67 SP:FB PPU: 66,285 CYC:7597
< D746  A9 40     LDA #$40                        A:02 X:33 Y:CF P:E5 SP:FB PPU: 66,291 CYC:7599
< D748  8D 78 06  STA $0678 = 7F                  A:40 X:33 Y:CF P:65 SP:FB PPU: 66,297 CYC:7601
< D74B  20 89 F8  JSR $F889                       A:40 X:33 Y:CF P:65 SP:FB PPU: 66,309 CYC:7605
< F889  24 01     BIT $01 = FF                    A:40 X:33 Y:CF P:65 SP:F9 PPU: 66,327 CYC:7611
< F88B  A9 40     LDA #$40                        A:40 X:33 Y:CF P:E5 SP:F9 PPU: 66,336 CYC:7614
< F88D  60        RTS                             A:40 X:33 Y:CF P:65 SP:F9 PPU: 67,  1 CYC:7616
< D74E  AA        TAX                             A:40 X:33 Y:CF P:65 SP:FB PPU: 67, 19 CYC:7622
< D74F  EC 78 06  CPX $0678 = 40                  A:40 X:40 Y:CF P:65 SP:FB PPU: 67, 25 CYC:7624
< D752  20 8E F8  JSR $F88E                       A:40 X:40 Y:CF P:67 SP:FB PPU: 67, 37 CYC:7628
< F88E  30 07     BMI $F897                       A:40 X:40 Y:CF P:67 SP:F9 PPU: 67, 55 CYC:7634
< F890  90 05     BCC $F897                       A:40 X:40 Y:CF P:67 SP:F9 PPU: 67, 61 CYC:7636
< F892  D0 03     BNE $F897                       A:40 X:40 Y:CF P:67 SP:F9 PPU: 67, 67 CYC:7638
< F894  50 01     BVC $F897                       A:40 X:40 Y:CF P:67 SP:F9 PPU: 67, 73 CYC:7640
< F896  60        RTS                             A:40 X:40 Y:CF P:67 SP:F9 PPU: 67, 79 CYC:7642
< D755  C8        INY                             A:40 X:40 Y:CF P:67 SP:FB PPU: 67, 97 CYC:7648
< D756  A9 3F     LDA #$3F                        A:40 X:40 Y:D0 P:E5 SP:FB PPU: 67,103 CYC:7650
< D758  8D 78 06  STA $0678 = 40                  A:3F X:40 Y:D0 P:65 SP:FB PPU: 67,109 CYC:7652
< D75B  20 9A F8  JSR $F89A                       A:3F X:40 Y:D0 P:65 SP:FB PPU: 67,121 CYC:7656
< F89A  B8        CLV                             A:3F X:40 Y:D0 P:65 SP:F9 PPU: 67,139 CYC:7662
< F89B  60        RTS                             A:3F X:40 Y:D0 P:25 SP:F9 PPU: 67,145 CYC:7664
< D75E  EC 78 06  CPX $0678 = 3F                  A:3F X:40 Y:D0 P:25 SP:FB PPU: 67,163 CYC:7670
< D761  20 9C F8  JSR $F89C                       A:3F X:40 Y:D0 P:25 SP:FB PPU: 67,175 CYC:7674
< F89C  F0 07     BEQ $F8A5                       A:3F X:40 Y:D0 P:25 SP:F9 PPU: 67,193 CYC:7680
< F89E  30 05     BMI $F8A5                       A:3F X:40 Y:D0 P:25 SP:F9 PPU: 67,199 CYC:7682
< F8A0  90 03     BCC $F8A5                       A:3F X:40 Y:D0 P:25 SP:F9 PPU: 67,205 CYC:7684
< F8A2  70 01     BVS $F8A5                       A:3F X:40 Y:D0 P:25 SP:F9 PPU: 67,211 CYC:7686
< F8A4  60        RTS                             A:3F X:40 Y:D0 P:25 SP:F9 PPU: 67,217 CYC:7688
< D764  C8        INY                             A:3F X:40 Y:D0 P:25 SP:FB PPU: 67,235 CYC:7694
< D765  A9 41     LDA #$41                        A:3F X:40 Y:D1 P:A5 SP:FB PPU: 67,241 CYC:7696
< D767  8D 78 06  STA $0678 = 3F                  A:41 X:40 Y:D1 P:25 SP:FB PPU: 67,247 CYC:7698
< D76A  EC 78 06  CPX $0678 = 41                  A:41 X:40 Y:D1 P:25 SP:FB PPU: 67,259 CYC:7702
< D76D  20 A8 F8  JSR $F8A8                       A:41 X:40 Y:D1 P:A4 SP:FB PPU: 67,271 CYC:7706
< F8A8  F0 05     BEQ $F8AF                       A:41 X:40 Y:D1 P:A4 SP:F9 PPU: 67,289 CYC:7712
< F8AA  10 03     BPL $F8AF                       A:41 X:40 Y:D1 P:A4 SP:F9 PPU: 67,295 CYC:7714
< F8AC  10 01     BPL $F8AF                       A:41 X:40 Y:D1 P:A4 SP:F9 PPU: 67,301 CYC:7716
< F8AE  60        RTS                             A:41 X:40 Y:D1 P:A4 SP:F9 PPU: 67,307 CYC:7718
< D770  C8        INY                             A:41 X:40 Y:D1 P:A4 SP:FB PPU: 67,325 CYC:7724
< D771  A9 00     LDA #$00                        A:41 X:40 Y:D2 P:A4 SP:FB PPU: 67,331 CYC:7726
< D773  8D 78 06  STA $0678 = 41                  A:00 X:40 Y:D2 P:26 SP:FB PPU: 67,337 CYC:7728
< D776  20 B2 F8  JSR $F8B2                       A:00 X:40 Y:D2 P:26 SP:FB PPU: 68,  8 CYC:7732
< F8B2  A9 80     LDA #$80                        A:00 X:40 Y:D2 P:26 SP:F9 PPU: 68, 26 CYC:7738
< F8B4  60        RTS                             A:80 X:40 Y:D2 P:A4 SP:F9 PPU: 68, 32 CYC:7740
< D779  AA        TAX                             A:80 X:40 Y:D2 P:A4 SP:FB PPU: 68, 50 CYC:7746
< D77A  EC 78 06  CPX $0678 = 00                  A:80 X:80 Y:D2 P:A4 SP:FB PPU: 68, 56 CYC:7748
< D77D  20 B5 F8  JSR $F8B5                       A:80 X:80 Y:D2 P:A5 SP:FB PPU: 68, 68 CYC:7752
< F8B5  F0 05     BEQ $F8BC                       A:80 X:80 Y:D2 P:A5 SP:F9 PPU: 68, 86 CYC:7758
< F8B7  10 03     BPL $F8BC                       A:80 X:80 Y:D2 P:A5 SP:F9 PPU: 68, 92 CYC:7760
< F8B9  90 01     BCC $F8BC                       A:80 X:80 Y:D2 P:A5 SP:F9 PPU: 68, 98 CYC:7762
< F8BB  60        RTS                             A:80 X:80 Y:D2 P:A5 SP:F9 PPU: 68,104 CYC:7764
< D780  C8        INY                             A:80 X:80 Y:D2 P:A5 SP:FB PPU: 68,122 CYC:7770
< D781  A9 80     LDA #$80                        A:80 X:80 Y:D3 P:A5 SP:FB PPU: 68,128 CYC:7772
< D783  8D 78 06  STA $0678 = 00                  A:80 X:80 Y:D3 P:A5 SP:FB PPU: 68,134 CYC:7774
< D786  EC 78 06  CPX $0678 = 80                  A:80 X:80 Y:D3 P:A5 SP:FB PPU: 68,146 CYC:7778
< D789  20 BF F8  JSR $F8BF                       A:80 X:80 Y:D3 P:27 SP:FB PPU: 68,158 CYC:7782
< F8BF  D0 05     BNE $F8C6                       A:80 X:80 Y:D3 P:27 SP:F9 PPU: 68,176 CYC:7788
< F8C1  30 03     BMI $F8C6                       A:80 X:80 Y:D3 P:27 SP:F9 PPU: 68,182 CYC:7790
< F8C3  90 01     BCC $F8C6                       A:80 X:80 Y:D3 P:27 SP:F9 PPU: 68,188 CYC:7792
< F8C5  60        RTS                             A:80 X:80 Y:D3 P:27 SP:F9 PPU: 68,194 CYC:7794
< D78C  C8        INY                             A:80 X:80 Y:D3 P:27 SP:FB PPU: 68,212 CYC:7800
< D78D  A9 81     LDA #$81                        A:80 X:80 Y:D4 P:A5 SP:FB PPU: 68,218 CYC:7802
< D78F  8D 78 06  STA $0678 = 80                  A:81 X:80 Y:D4 P:A5 SP:FB PPU: 68,224 CYC:7804
< D792  EC 78 06  CPX $0678 = 81                  A:81 X:80 Y:D4 P:A5 SP:FB PPU: 68,236 CYC:7808
< D795  20 C9 F8  JSR $F8C9                       A:81 X:80 Y:D4 P:A4 SP:FB PPU: 68,248 CYC:7812
< F8C9  B0 05     BCS $F8D0                       A:81 X:80 Y:D4 P:A4 SP:F9 PPU: 68,266 CYC:7818
< F8CB  F0 03     BEQ $F8D0                       A:81 X:80 Y:D4 P:A4 SP:F9 PPU: 68,272 CYC:7820
< F8CD  10 01     BPL $F8D0                       A:81 X:80 Y:D4 P:A4 SP:F9 PPU: 68,278 CYC:7822
< F8CF  60        RTS                             A:81 X:80 Y:D4 P:A4 SP:F9 PPU: 68,284 CYC:7824
< D798  C8        INY                             A:81 X:80 Y:D4 P:A4 SP:FB PPU: 68,302 CYC:7830
< D799  A9 7F     LDA #$7F                        A:81 X:80 Y:D5 P:A4 SP:FB PPU: 68,308 CYC:7832
< D79B  8D 78 06  STA $0678 = 81                  A:7F X:80 Y:D5 P:24 SP:FB PPU: 68,314 CYC:7834
< D79E  EC 78 06  CPX $0678 = 7F                  A:7F X:80 Y:D5 P:24 SP:FB PPU: 68,326 CYC:7838
< D7A1  20 D3 F8  JSR $F8D3                       A:7F X:80 Y:D5 P:25 SP:FB PPU: 68,338 CYC:7842
< F8D3  90 05     BCC $F8DA                       A:7F X:80 Y:D5 P:25 SP:F9 PPU: 69, 15 CYC:7848
< F8D5  F0 03     BEQ $F8DA                       A:7F X:80 Y:D5 P:25 SP:F9 PPU: 69, 21 CYC:7850
< F8D7  30 01     BMI $F8DA                       A:7F X:80 Y:D5 P:25 SP:F9 PPU: 69, 27 CYC:7852
< F8D9  60        RTS                             A:7F X:80 Y:D5 P:25 SP:F9 PPU: 69, 33 CYC:7854
< D7A4  C8        INY                             A:7F X:80 Y:D5 P:25 SP:FB PPU: 69, 51 CYC:7860
< D7A5  98        TYA                             A:7F X:80 Y:D6 P:A5 SP:FB PPU: 69, 57 CYC:7862
< D7A6  AA        TAX                             A:D6 X:80 Y:D6 P:A5 SP:FB PPU: 69, 63 CYC:7864
< D7A7  A9 40     LDA #$40                        A:D6 X:D6 Y:D6 P:A5 SP:FB PPU: 69, 69 CYC:7866
< D7A9  8D 78 06  STA $0678 = 7F                  A:40 X:D6 Y:D6 P:25 SP:FB PPU: 69, 75 CYC:7868
< D7AC  20 DD F8  JSR $F8DD                       A:40 X:D6 Y:D6 P:25 SP:FB PPU: 69, 87 CYC:7872
< F8DD  24 01     BIT $01 = FF                    A:40 X:D6 Y:D6 P:25 SP:F9 PPU: 69,105 CYC:7878
< F8DF  A0 40     LDY #$40                        A:40 X:D6 Y:D6 P:E5 SP:F9 PPU: 69,114 CYC:7881
< F8E1  60        RTS                             A:40 X:D6 Y:40 P:65 SP:F9 PPU: 69,120 CYC:7883
< D7AF  CC 78 06  CPY $0678 = 40                  A:40 X:D6 Y:40 P:65 SP:FB PPU: 69,138 CYC:7889
< D7B2  20 E2 F8  JSR $F8E2                       A:40 X:D6 Y:40 P:67 SP:FB PPU: 69,150 CYC:7893
< F8E2  30 07     BMI $F8EB                       A:40 X:D6 Y:40 P:67 SP:F9 PPU: 69,168 CYC:7899
< F8E4  90 05     BCC $F8EB                       A:40 X:D6 Y:40 P:67 SP:F9 PPU: 69,174 CYC:7901
< F8E6  D0 03     BNE $F8EB                       A:40 X:D6 Y:40 P:67 SP:F9 PPU: 69,180 CYC:7903
< F8E8  50 01     BVC $F8EB                       A:40 X:D6 Y:40 P:67 SP:F9 PPU: 69,186 CYC:7905
< F8EA  60        RTS                             A:40 X:D6 Y:40 P:67 SP:F9 PPU: 69,192 CYC:7907
< D7B5  E8        INX                             A:40 X:D6 Y:40 P:67 SP:FB PPU: 69,210 CYC:7913
< D7B6  A9 3F     LDA #$3F                        A:40 X:D7 Y:40 P:E5 SP:FB PPU: 69,216 CYC:7915
< D7B8  8D 78 06  STA $0678 = 40                  A:3F X:D7 Y:40 P:65 SP:FB PPU: 69,222 CYC:7917
< D7BB  20 EE F8  JSR $F8EE                       A:3F X:D7 Y:40 P:65 SP:FB PPU: 69,234 CYC:7921
< F8EE  B8        CLV                             A:3F X:D7 Y:40 P:65 SP:F9 PPU: 69,252 CYC:7927
< F8EF  60        RTS                             A:3F X:D7 Y:40 P:25 SP:F9 PPU: 69,258 CYC:7929
< D7BE  CC 78 06  CPY $0678 = 3F                  A:3F X:D7 Y:40 P:25 SP:FB PPU: 69,276 CYC:7935
< D7C1  20 F0 F8  JSR $F8F0                       A:3F X:D7 Y:40 P:25 SP:FB PPU: 69,288 CYC:7939
< F8F0  F0 07     BEQ $F8F9                       A:3F X:D7 Y:40 P:25 SP:F9 PPU: 69,306 CYC:7945
< F8F2  30 05     BMI $F8F9                       A:3F X:D7 Y:40 P:25 SP:F9 PPU: 69,312 CYC:7947
< F8F4  90 03     BCC $F8F9                       A:3F X:D7 Y:40 P:25 SP:F9 PPU: 69,318 CYC:7949
< F8F6  70 01     BVS $F8F9                       A:3F X:D7 Y:40 P:25 SP:F9 PPU: 69,324 CYC:7951
< F8F8  60        RTS                             A:3F X:D7 Y:40 P:25 SP:F9 PPU: 69,330 CYC:7953
< D7C4  E8        INX                             A:3F X:D7 Y:40 P:25 SP:FB PPU: 70,  7 CYC:7959
< D7C5  A9 41     LDA #$41                        A:3F X:D8 Y:40 P:A5 SP:FB PPU: 70, 13 CYC:7961
< D7C7  8D 78 06  STA $0678 = 3F                  A:41 X:D8 Y:40 P:25 SP:FB PPU: 70, 19 CYC:7963
< D7CA  CC 78 06  CPY $0678 = 41                  A:41 X:D8 Y:40 P:25 SP:FB PPU: 70, 31 CYC:7967
< D7CD  20 FC F8  JSR $F8FC                       A:41 X:D8 Y:40 P:A4 SP:FB PPU: 70, 43 CYC:7971
< F8FC  F0 05     BEQ $F903                       A:41 X:D8 Y:40 P:A4 SP:F9 PPU: 70, 61 CYC:7977
< F8FE  10 03     BPL $F903                       A:41 X:D8 Y:40 P:A4 SP:F9 PPU: 70, 67 CYC:7979
< F900  10 01     BPL $F903                       A:41 X:D8 Y:40 P:A4 SP:F9 PPU: 70, 73 CYC:7981
< F902  60        RTS                             A:41 X:D8 Y:40 P:A4 SP:F9 PPU: 70, 79 CYC:7983
< D7D0  E8        INX                             A:41 X:D8 Y:40 P:A4 SP:FB PPU: 70, 97 CYC:7989
< D7D1  A9 00     LDA #$00                        A:41 X:D9 Y:40 P:A4 SP:FB PPU: 70,103 CYC:7991
< D7D3  8D 78 06  STA $0678 = 41                  A:00 X:D9 Y:40 P:26 SP:FB PPU: 70,109 CYC:7993
< D7D6  20 06 F9  JSR $F906                       A:00 X:D9 Y:40 P:26 SP:FB PPU: 70,121 CYC:7997
< F906  A0 80     LDY #$80                        A:00 X:D9 Y:40 P:26 SP:F9 PPU: 70,139 CYC:8003
< F908  60        RTS                             A:00 X:D9 Y:80 P:A4 SP:F9 PPU: 70,145 CYC:8005
< D7D9  CC 78 06  CPY $0678 = 00                  A:00 X:D9 Y:80 P:A4 SP:FB PPU: 70,163 CYC:8011
< D7DC  20 09 F9  JSR $F909                       A:00 X:D9 Y:80 P:A5 SP:FB PPU: 70,175 CYC:8015
< F909  F0 05     BEQ $F910                       A:00 X:D9 Y:80 P:A5 SP:F9 PPU: 70,193 CYC:8021
< F90B  10 03     BPL $F910                       A:00 X:D9 Y:80 P:A5 SP:F9 PPU: 70,199 CYC:8023
< F90D  90 01     BCC $F910                       A:00 X:D9 Y:80 P:A5 SP:F9 PPU: 70,205 CYC:8025
< F90F  60        RTS                             A:00 X:D9 Y:80 P:A5 SP:F9 PPU: 70,211 CYC:8027
< D7DF  E8        INX                             A:00 X:D9 Y:80 P:A5 SP:FB PPU: 70,229 CYC:8033
< D7E0  A9 80     LDA #$80                        A:00 X:DA Y:80 P:A5 SP:FB PPU: 70,235 CYC:8035
< D7E2  8D 78 06  STA $0678 = 00                  A:80 X:DA Y:80 P:A5 SP:FB PPU: 70,241 CYC:8037
< D7E5  CC 78 06  CPY $0678 = 80                  A:80 X:DA Y:80 P:A5 SP:FB PPU: 70,253 CYC:8041
< D7E8  20 13 F9  JSR $F913                       A:80 X:DA Y:80 P:27 SP:FB PPU: 70,265 CYC:8045
< F913  D0 05     BNE $F91A                       A:80 X:DA Y:80 P:27 SP:F9 PPU: 70,283 CYC:8051
< F915  30 03     BMI $F91A                       A:80 X:DA Y:80 P:27 SP:F9 PPU: 70,289 CYC:8053
< F917  90 01     BCC $F91A                       A:80 X:DA Y:80 P:27 SP:F9 PPU: 70,295 CYC:8055
< F919  60        RTS                             A:80 X:DA Y:80 P:27 SP:F9 PPU: 70,301 CYC:8057
< D7EB  E8        INX                             A:80 X:DA Y:80 P:27 SP:FB PPU: 70,319 CYC:8063
< D7EC  A9 81     LDA #$81                        A:80 X:DB Y:80 P:A5 SP:FB PPU: 70,325 CYC:8065
< D7EE  8D 78 06  STA $0678 = 80                  A:81 X:DB Y:80 P:A5 SP:FB PPU: 70,331 CYC:8067
< D7F1  CC 78 06  CPY $0678 = 81                  A:81 X:DB Y:80 P:A5 SP:FB PPU: 71,  2 CYC:8071
< D7F4  20 1D F9  JSR $F91D                       A:81 X:DB Y:80 P:A4 SP:FB PPU: 71, 14 CYC:8075
< F91D  B0 05     BCS $F924                       A:81 X:DB Y:80 P:A4 SP:F9 PPU: 71, 32 CYC:8081
< F91F  F0 03     BEQ $F924                       A:81 X:DB Y:80 P:A4 SP:F9 PPU: 71, 38 CYC:8083
< F921  10 01     BPL $F924                       A:81 X:DB Y:80 P:A4 SP:F9 PPU: 71, 44 CYC:8085
< F923  60        RTS                             A:81 X:DB Y:80 P:A4 SP:F9 PPU: 71, 50 CYC:8087
< D7F7  E8        INX                             A:81 X:DB Y:80 P:A4 SP:FB PPU: 71, 68 CYC:8093
< D7F8  A9 7F     LDA #$7F                        A:81 X:DC Y:80 P:A4 SP:FB PPU: 71, 74 CYC:8095
< D7FA  8D 78 06  STA $0678 = 81                  A:7F X:DC Y:80 P:24 SP:FB PPU: 71, 80 CYC:8097
< D7FD  CC 78 06  CPY $0678 = 7F                  A:7F X:DC Y:80 P:24 SP:FB PPU: 71, 92 CYC:8101
< D800  20 27 F9  JSR $F927                       A:7F X:DC Y:80 P:25 SP:FB PPU: 71,104 CYC:8105
< F927  90 05     BCC $F92E                       A:7F X:DC Y:80 P:25 SP:F9 PPU: 71,122 CYC:8111
< F929  F0 03     BEQ $F92E                       A:7F X:DC Y:80 P:25 SP:F9 PPU: 71,128 CYC:8113
< F92B  30 01     BMI $F92E                       A:7F X:DC Y:80 P:25 SP:F9 PPU: 71,134 CYC:8115
< F92D  60        RTS                             A:7F X:DC Y:80 P:25 SP:F9 PPU: 71,140 CYC:8117
< D803  E8        INX                             A:7F X:DC Y:80 P:25 SP:FB PPU: 71,158 CYC:8123
< D804  8A        TXA                             A:7F X:DD Y:80 P:A5 SP:FB PPU: 71,164 CYC:8125
< D805  A8        TAY                             A:DD X:DD Y:80 P:A5 SP:FB PPU: 71,170 CYC:8127
< D806  20 90 F9  JSR $F990                       A:DD X:DD Y:DD P:A5 SP:FB PPU: 71,176 CYC:8129
< F990  A2 55     LDX #$55                        A:DD X:DD Y:DD P:A5 SP:F9 PPU: 71,194 CYC:8135
< F992  A9 FF     LDA #$FF                        A:DD X:55 Y:DD P:25 SP:F9 PPU: 71,200 CYC:8137
< F994  85 01     STA $01 = FF                    A:FF X:55 Y:DD P:A5 SP:F9 PPU: 71,206 CYC:8139
< F996  EA        NOP                             A:FF X:55 Y:DD P:A5 SP:F9 PPU: 71,215 CYC:8142
< F997  24 01     BIT $01 = FF                    A:FF X:55 Y:DD P:A5 SP:F9 PPU: 71,221 CYC:8144
< F999  38        SEC                             A:FF X:55 Y:DD P:E5 SP:F9 PPU: 71,230 CYC:8147
< F99A  A9 01     LDA #$01                        A:FF X:55 Y:DD P:E5 SP:F9 PPU: 71,236 CYC:8149
< F99C  60        RTS                             A:01 X:55 Y:DD P:65 SP:F9 PPU: 71,242 CYC:8151
< D809  8D 78 06  STA $0678 = 7F                  A:01 X:55 Y:DD P:65 SP:FB PPU: 71,260 CYC:8157
< D80C  4E 78 06  LSR $0678 = 01                  A:01 X:55 Y:DD P:65 SP:FB PPU: 71,272 CYC:8161
< D80F  AD 78 06  LDA $0678 = 00                  A:01 X:55 Y:DD P:67 SP:FB PPU: 71,290 CYC:8167
< D812  20 9D F9  JSR $F99D                       A:00 X:55 Y:DD P:67 SP:FB PPU: 71,302 CYC:8171
< F99D  90 1B     BCC $F9BA                       A:00 X:55 Y:DD P:67 SP:F9 PPU: 71,320 CYC:8177
< F99F  D0 19     BNE $F9BA                       A:00 X:55 Y:DD P:67 SP:F9 PPU: 71,326 CYC:8179
< F9A1  30 17     BMI $F9BA                       A:00 X:55 Y:DD P:67 SP:F9 PPU: 71,332 CYC:8181
< F9A3  50 15     BVC $F9BA                       A:00 X:55 Y:DD P:67 SP:F9 PPU: 71,338 CYC:8183
< F9A5  C9 00     CMP #$00                        A:00 X:55 Y:DD P:67 SP:F9 PPU: 72,  3 CYC:8185
< F9A7  D0 11     BNE $F9BA                       A:00 X:55 Y:DD P:67 SP:F9 PPU: 72,  9 CYC:8187
< F9A9  B8        CLV                             A:00 X:55 Y:DD P:67 SP:F9 PPU: 72, 15 CYC:8189
< F9AA  A9 AA     LDA #$AA                        A:00 X:55 Y:DD P:27 SP:F9 PPU: 72, 21 CYC:8191
< F9AC  60        RTS                             A:AA X:55 Y:DD P:A5 SP:F9 PPU: 72, 27 CYC:8193
< D815  C8        INY                             A:AA X:55 Y:DD P:A5 SP:FB PPU: 72, 45 CYC:8199
< D816  8D 78 06  STA $0678 = 00                  A:AA X:55 Y:DE P:A5 SP:FB PPU: 72, 51 CYC:8201
< D819  4E 78 06  LSR $0678 = AA                  A:AA X:55 Y:DE P:A5 SP:FB PPU: 72, 63 CYC:8205
< D81C  AD 78 06  LDA $0678 = 55                  A:AA X:55 Y:DE P:24 SP:FB PPU: 72, 81 CYC:8211
< D81F  20 AD F9  JSR $F9AD                       A:55 X:55 Y:DE P:24 SP:FB PPU: 72, 93 CYC:8215
< F9AD  B0 0B     BCS $F9BA                       A:55 X:55 Y:DE P:24 SP:F9 PPU: 72,111 CYC:8221
< F9AF  F0 09     BEQ $F9BA                       A:55 X:55 Y:DE P:24 SP:F9 PPU: 72,117 CYC:8223
< F9B1  30 07     BMI $F9BA                       A:55 X:55 Y:DE P:24 SP:F9 PPU: 72,123 CYC:8225
< F9B3  70 05     BVS $F9BA                       A:55 X:55 Y:DE P:24 SP:F9 PPU: 72,129 CYC:8227
< F9B5  C9 55     CMP #$55                        A:55 X:55 Y:DE P:24 SP:F9 PPU: 72,135 CYC:8229
< F9B7  D0 01     BNE $F9BA                       A:55 X:55 Y:DE P:27 SP:F9 PPU: 72,141 CYC:8231
< F9B9  60        RTS                             A:55 X:55 Y:DE P:27 SP:F9 PPU: 72,147 CYC:8233
< D822  C8        INY                             A:55 X:55 Y:DE P:27 SP:FB PPU: 72,165 CYC:8239
< D823  20 BD F9  JSR $F9BD                       A:55 X:55 Y:DF P:A5 SP:FB PPU: 72,171 CYC:8241
< F9BD  24 01     BIT $01 = FF                    A:55 X:55 Y:DF P:A5 SP:F9 PPU: 72,189 CYC:8247
< F9BF  38        SEC                             A:55 X:55 Y:DF P:E5 SP:F9 PPU: 72,198 CYC:8250
< F9C0  A9 80     LDA #$80                        A:55 X:55 Y:DF P:E5 SP:F9 PPU: 72,204 CYC:8252
< F9C2  60        RTS                             A:80 X:55 Y:DF P:E5 SP:F9 PPU: 72,210 CYC:8254
< D826  8D 78 06  STA $0678 = 55                  A:80 X:55 Y:DF P:E5 SP:FB PPU: 72,228 CYC:8260
< D829  0E 78 06  ASL $0678 = 80                  A:80 X:55 Y:DF P:E5 SP:FB PPU: 72,240 CYC:8264
< D82C  AD 78 06  LDA $0678 = 00                  A:80 X:55 Y:DF P:67 SP:FB PPU: 72,258 CYC:8270
< D82F  20 C3 F9  JSR $F9C3                       A:00 X:55 Y:DF P:67 SP:FB PPU: 72,270 CYC:8274
< F9C3  90 1C     BCC $F9E1                       A:00 X:55 Y:DF P:67 SP:F9 PPU: 72,288 CYC:8280
< F9C5  D0 1A     BNE $F9E1                       A:00 X:55 Y:DF P:67 SP:F9 PPU: 72,294 CYC:8282
< F9C7  30 18     BMI $F9E1                       A:00 X:55 Y:DF P:67 SP:F9 PPU: 72,300 CYC:8284
< F9C9  50 16     BVC $F9E1                       A:00 X:55 Y:DF P:67 SP:F9 PPU: 72,306 CYC:8286
< F9CB  C9 00     CMP #$00                        A:00 X:55 Y:DF P:67 SP:F9 PPU: 72,312 CYC:8288
< F9CD  D0 12     BNE $F9E1                       A:00 X:55 Y:DF P:67 SP:F9 PPU: 72,318 CYC:8290
< F9CF  B8        CLV                             A:00 X:55 Y:DF P:67 SP:F9 PPU: 72,324 CYC:8292
< F9D0  A9 55     LDA #$55                        A:00 X:55 Y:DF P:27 SP:F9 PPU: 72,330 CYC:8294
< F9D2  38        SEC                             A:55 X:55 Y:DF P:25 SP:F9 PPU: 72,336 CYC:8296
< F9D3  60        RTS                             A:55 X:55 Y:DF P:25 SP:F9 PPU: 73,  1 CYC:8298
< D832  C8        INY                             A:55 X:55 Y:DF P:25 SP:FB PPU: 73, 19 CYC:8304
< D833  8D 78 06  STA $0678 = 00                  A:55 X:55 Y:E0 P:A5 SP:FB PPU: 73, 25 CYC:8306
< D836  0E 78 06  ASL $0678 = 55                  A:55 X:55 Y:E0 P:A5 SP:FB PPU: 73, 37 CYC:8310
< D839  AD 78 06  LDA $0678 = AA                  A:55 X:55 Y:E0 P:A4 SP:FB PPU: 73, 55 CYC:8316
< D83C  20 D4 F9  JSR $F9D4                       A:AA X:55 Y:E0 P:A4 SP:FB PPU: 73, 67 CYC:8320
< F9D4  B0 0B     BCS $F9E1                       A:AA X:55 Y:E0 P:A4 SP:F9 PPU: 73, 85 CYC:8326
< F9D6  F0 09     BEQ $F9E1                       A:AA X:55 Y:E0 P:A4 SP:F9 PPU: 73, 91 CYC:8328
< F9D8  10 07     BPL $F9E1                       A:AA X:55 Y:E0 P:A4 SP:F9 PPU: 73, 97 CYC:8330
< F9DA  70 05     BVS $F9E1                       A:AA X:55 Y:E0 P:A4 SP:F9 PPU: 73,103 CYC:8332
< F9DC  C9 AA     CMP #$AA                        A:AA X:55 Y:E0 P:A4 SP:F9 PPU: 73,109 CYC:8334
< F9DE  D0 01     BNE $F9E1                       A:AA X:55 Y:E0 P:27 SP:F9 PPU: 73,115 CYC:8336
< F9E0  60        RTS                             A:AA X:55 Y:E0 P:27 SP:F9 PPU: 73,121 CYC:8338
< D83F  C8        INY                             A:AA X:55 Y:E0 P:27 SP:FB PPU: 73,139 CYC:8344
< D840  20 E4 F9  JSR $F9E4                       A:AA X:55 Y:E1 P:A5 SP:FB PPU: 73,145 CYC:8346
< F9E4  24 01     BIT $01 = FF                    A:AA X:55 Y:E1 P:A5 SP:F9 PPU: 73,163 CYC:8352
< F9E6  38        SEC                             A:AA X:55 Y:E1 P:E5 SP:F9 PPU: 73,172 CYC:8355
< F9E7  A9 01     LDA #$01                        A:AA X:55 Y:E1 P:E5 SP:F9 PPU: 73,178 CYC:8357
< F9E9  60        RTS                             A:01 X:55 Y:E1 P:65 SP:F9 PPU: 73,184 CYC:8359
< D843  8D 78 06  STA $0678 = AA                  A:01 X:55 Y:E1 P:65 SP:FB PPU: 73,202 CYC:8365
< D846  6E 78 06  ROR $0678 = 01                  A:01 X:55 Y:E1 P:65 SP:FB PPU: 73,214 CYC:8369
< D849  AD 78 06  LDA $0678 = 80                  A:01 X:55 Y:E1 P:E5 SP:FB PPU: 73,232 CYC:8375
< D84C  20 EA F9  JSR $F9EA                       A:80 X:55 Y:E1 P:E5 SP:FB PPU: 73,244 CYC:8379
< F9EA  90 1C     BCC $FA08                       A:80 X:55 Y:E1 P:E5 SP:F9 PPU: 73,262 CYC:8385
< F9EC  F0 1A     BEQ $FA08                       A:80 X:55 Y:E1 P:E5 SP:F9 PPU: 73,268 CYC:8387
< F9EE  10 18     BPL $FA08                       A:80 X:55 Y:E1 P:E5 SP:F9 PPU: 73,274 CYC:8389
< F9F0  50 16     BVC $FA08                       A:80 X:55 Y:E1 P:E5 SP:F9 PPU: 73,280 CYC:8391
< F9F2  C9 80     CMP #$80                        A:80 X:55 Y:E1 P:E5 SP:F9 PPU: 73,286 CYC:8393
< F9F4  D0 12     BNE $FA08                       A:80 X:55 Y:E1 P:67 SP:F9 PPU: 73,292 CYC:8395
< F9F6  B8        CLV                             A:80 X:55 Y:E1 P:67 SP:F9 PPU: 73,298 CYC:8397
< F9F7  18        CLC                             A:80 X:55 Y:E1 P:27 SP:F9 PPU: 73,304 CYC:8399
< F9F8  A9 55     LDA #$55                        A:80 X:55 Y:E1 P:26 SP:F9 PPU: 73,310 CYC:8401
< F9FA  60        RTS                             A:55 X:55 Y:E1 P:24 SP:F9 PPU: 73,316 CYC:8403
< D84F  C8        INY                             A:55 X:55 Y:E1 P:24 SP:FB PPU: 73,334 CYC:8409
< D850  8D 78 06  STA $0678 = 80                  A:55 X:55 Y:E2 P:A4 SP:FB PPU: 73,340 CYC:8411
< D853  6E 78 06  ROR $0678 = 55                  A:55 X:55 Y:E2 P:A4 SP:FB PPU: 74, 11 CYC:8415
< D856  AD 78 06  LDA $0678 = 2A                  A:55 X:55 Y:E2 P:25 SP:FB PPU: 74, 29 CYC:8421
< D859  20 FB F9  JSR $F9FB                       A:2A X:55 Y:E2 P:25 SP:FB PPU: 74, 41 CYC:8425
< F9FB  90 0B     BCC $FA08                       A:2A X:55 Y:E2 P:25 SP:F9 PPU: 74, 59 CYC:8431
< F9FD  F0 09     BEQ $FA08                       A:2A X:55 Y:E2 P:25 SP:F9 PPU: 74, 65 CYC:8433
< F9FF  30 07     BMI $FA08                       A:2A X:55 Y:E2 P:25 SP:F9 PPU: 74, 71 CYC:8435
< FA01  70 05     BVS $FA08                       A:2A X:55 Y:E2 P:25 SP:F9 PPU: 74, 77 CYC:8437
< FA03  C9 2A     CMP #$2A                        A:2A X:55 Y:E2 P:25 SP:F9 PPU: 74, 83 CYC:8439
< FA05  D0 01     BNE $FA08                       A:2A X:55 Y:E2 P:27 SP:F9 PPU: 74, 89 CYC:8441
< FA07  60        RTS                             A:2A X:55 Y:E2 P:27 SP:F9 PPU: 74, 95 CYC:8443
< D85C  C8        INY                             A:2A X:55 Y:E2 P:27 SP:FB PPU: 74,113 CYC:8449
< D85D  20 0A FA  JSR $FA0A                       A:2A X:55 Y:E3 P:A5 SP:FB PPU: 74,119 CYC:8451
< FA0A  24 01     BIT $01 = FF                    A:2A X:55 Y:E3 P:A5 SP:F9 PPU: 74,137 CYC:8457
< FA0C  38        SEC                             A:2A X:55 Y:E3 P:E5 SP:F9 PPU: 74,146 CYC:8460
< FA0D  A9 80     LDA #$80                        A:2A X:55 Y:E3 P:E5 SP:F9 PPU: 74,152 CYC:8462
< FA0F  60        RTS                             A:80 X:55 Y:E3 P:E5 SP:F9 PPU: 74,158 CYC:8464
< D860  8D 78 06  STA $0678 = 2A                  A:80 X:55 Y:E3 P:E5 SP:FB PPU: 74,176 CYC:8470
< D863  2E 78 06  ROL $0678 = 80                  A:80 X:55 Y:E3 P:E5 SP:FB PPU: 74,188 CYC:8474
< D866  AD 78 06  LDA $0678 = 01                  A:80 X:55 Y:E3 P:65 SP:FB PPU: 74,206 CYC:8480
< D869  20 10 FA  JSR $FA10                       A:01 X:55 Y:E3 P:65 SP:FB PPU: 74,218 CYC:8484
< FA10  90 1C     BCC $FA2E                       A:01 X:55 Y:E3 P:65 SP:F9 PPU: 74,236 CYC:8490
< FA12  F0 1A     BEQ $FA2E                       A:01 X:55 Y:E3 P:65 SP:F9 PPU: 74,242 CYC:8492
< FA14  30 18     BMI $FA2E                       A:01 X:55 Y:E3 P:65 SP:F9 PPU: 74,248 CYC:8494
< FA16  50 16     BVC $FA2E                       A:01 X:55 Y:E3 P:65 SP:F9 PPU: 74,254 CYC:8496
< FA18  C9 01     CMP #$01                        A:01 X:55 Y:E3 P:65 SP:F9 PPU: 74,260 CYC:8498
< FA1A  D0 12     BNE $FA2E                       A:01 X:55 Y:E3 P:67 SP:F9 PPU: 74,266 CYC:8500
< FA1C  B8        CLV                             A:01 X:55 Y:E3 P:67 SP:F9 PPU: 74,272 CYC:8502
< FA1D  18        CLC                             A:01 X:55 Y:E3 P:27 SP:F9 PPU: 74,278 CYC:8504
< FA1E  A9 55     LDA #$55                        A:01 X:55 Y:E3 P:26 SP:F9 PPU: 74,284 CYC:8506
< FA20  60        RTS                             A:55 X:55 Y:E3 P:24 SP:F9 PPU: 74,290 CYC:8508
< D86C  C8        INY                             A:55 X:55 Y:E3 P:24 SP:FB PPU: 74,308 CYC:8514
< D86D  8D 78 06  STA $0678 = 01                  A:55 X:55 Y:E4 P:A4 SP:FB PPU: 74,314 CYC:8516
< D870  2E 78 06  ROL $0678 = 55                  A:55 X:55 Y:E4 P:A4 SP:FB PPU: 74,326 CYC:8520
< D873  AD 78 06  LDA $0678 = AA                  A:55 X:55 Y:E4 P:A4 SP:FB PPU: 75,  3 CYC:8526
< D876  20 21 FA  JSR $FA21                       A:AA X:55 Y:E4 P:A4 SP:FB PPU: 75, 15 CYC:8530
< FA21  B0 0B     BCS $FA2E                       A:AA X:55 Y:E4 P:A4 SP:F9 PPU: 75, 33 CYC:8536
< FA23  F0 09     BEQ $FA2E                       A:AA X:55 Y:E4 P:A4 SP:F9 PPU: 75, 39 CYC:8538
< FA25  10 07     BPL $FA2E                       A:AA X:55 Y:E4 P:A4 SP:F9 PPU: 75, 45 CYC:8540
< FA27  70 05     BVS $FA2E                       A:AA X:55 Y:E4 P:A4 SP:F9 PPU: 75, 51 CYC:8542
< FA29  C9 AA     CMP #$AA                        A:AA X:55 Y:E4 P:A4 SP:F9 PPU: 75, 57 CYC:8544
< FA2B  D0 01     BNE $FA2E                       A:AA X:55 Y:E4 P:27 SP:F9 PPU: 75, 63 CYC:8546
< FA2D  60        RTS                             A:AA X:55 Y:E4 P:27 SP:F9 PPU: 75, 69 CYC:8548
< D879  A9 FF     LDA #$FF                        A:AA X:55 Y:E4 P:27 SP:FB PPU: 75, 87 CYC:8554
< D87B  8D 78 06  STA $0678 = AA                  A:FF X:55 Y:E4 P:A5 SP:FB PPU: 75, 93 CYC:8556
< D87E  85 01     STA $01 = FF                    A:FF X:55 Y:E4 P:A5 SP:FB PPU: 75,105 CYC:8560
< D880  24 01     BIT $01 = FF                    A:FF X:55 Y:E4 P:A5 SP:FB PPU: 75,114 CYC:8563
< D882  38        SEC                             A:FF X:55 Y:E4 P:E5 SP:FB PPU: 75,123 CYC:8566
< D883  EE 78 06  INC $0678 = FF                  A:FF X:55 Y:E4 P:E5 SP:FB PPU: 75,129 CYC:8568
< D886  D0 0D     BNE $D895                       A:FF X:55 Y:E4 P:67 SP:FB PPU: 75,147 CYC:8574
< D888  30 0B     BMI $D895                       A:FF X:55 Y:E4 P:67 SP:FB PPU: 75,153 CYC:8576
< D88A  50 09     BVC $D895                       A:FF X:55 Y:E4 P:67 SP:FB PPU: 75,159 CYC:8578
< D88C  90 07     BCC $D895                       A:FF X:55 Y:E4 P:67 SP:FB PPU: 75,165 CYC:8580
< D88E  AD 78 06  LDA $0678 = 00                  A:FF X:55 Y:E4 P:67 SP:FB PPU: 75,171 CYC:8582
< D891  C9 00     CMP #$00                        A:00 X:55 Y:E4 P:67 SP:FB PPU: 75,183 CYC:8586
< D893  F0 04     BEQ $D899                       A:00 X:55 Y:E4 P:67 SP:FB PPU: 75,189 CYC:8588
< D899  A9 7F     LDA #$7F                        A:00 X:55 Y:E4 P:67 SP:FB PPU: 75,198 CYC:8591
< D89B  8D 78 06  STA $0678 = 00                  A:7F X:55 Y:E4 P:65 SP:FB PPU: 75,204 CYC:8593
< D89E  B8        CLV                             A:7F X:55 Y:E4 P:65 SP:FB PPU: 75,216 CYC:8597
< D89F  18        CLC                             A:7F X:55 Y:E4 P:25 SP:FB PPU: 75,222 CYC:8599
< D8A0  EE 78 06  INC $0678 = 7F                  A:7F X:55 Y:E4 P:24 SP:FB PPU: 75,228 CYC:8601
< D8A3  F0 0D     BEQ $D8B2                       A:7F X:55 Y:E4 P:A4 SP:FB PPU: 75,246 CYC:8607
< D8A5  10 0B     BPL $D8B2                       A:7F X:55 Y:E4 P:A4 SP:FB PPU: 75,252 CYC:8609
< D8A7  70 09     BVS $D8B2                       A:7F X:55 Y:E4 P:A4 SP:FB PPU: 75,258 CYC:8611
< D8A9  B0 07     BCS $D8B2                       A:7F X:55 Y:E4 P:A4 SP:FB PPU: 75,264 CYC:8613
< D8AB  AD 78 06  LDA $0678 = 80                  A:7F X:55 Y:E4 P:A4 SP:FB PPU: 75,270 CYC:8615
< D8AE  C9 80     CMP #$80                        A:80 X:55 Y:E4 P:A4 SP:FB PPU: 75,282 CYC:8619
< D8B0  F0 04     BEQ $D8B6                       A:80 X:55 Y:E4 P:27 SP:FB PPU: 75,288 CYC:8621
< D8B6  A9 00     LDA #$00                        A:80 X:55 Y:E4 P:27 SP:FB PPU: 75,297 CYC:8624
< D8B8  8D 78 06  STA $0678 = 80                  A:00 X:55 Y:E4 P:27 SP:FB PPU: 75,303 CYC:8626
< D8BB  24 01     BIT $01 = FF                    A:00 X:55 Y:E4 P:27 SP:FB PPU: 75,315 CYC:8630
< D8BD  38        SEC                             A:00 X:55 Y:E4 P:E7 SP:FB PPU: 75,324 CYC:8633
< D8BE  CE 78 06  DEC $0678 = 00                  A:00 X:55 Y:E4 P:E7 SP:FB PPU: 75,330 CYC:8635
< D8C1  F0 0D     BEQ $D8D0                       A:00 X:55 Y:E4 P:E5 SP:FB PPU: 76,  7 CYC:8641
< D8C3  10 0B     BPL $D8D0                       A:00 X:55 Y:E4 P:E5 SP:FB PPU: 76, 13 CYC:8643
< D8C5  50 09     BVC $D8D0                       A:00 X:55 Y:E4 P:E5 SP:FB PPU: 76, 19 CYC:8645
< D8C7  90 07     BCC $D8D0                       A:00 X:55 Y:E4 P:E5 SP:FB PPU: 76, 25 CYC:8647
< D8C9  AD 78 06  LDA $0678 = FF                  A:00 X:55 Y:E4 P:E5 SP:FB PPU: 76, 31 CYC:8649
< D8CC  C9 FF     CMP #$FF                        A:FF X:55 Y:E4 P:E5 SP:FB PPU: 76, 43 CYC:8653
< D8CE  F0 04     BEQ $D8D4                       A:FF X:55 Y:E4 P:67 SP:FB PPU: 76, 49 CYC:8655
< D8D4  A9 80     LDA #$80                        A:FF X:55 Y:E4 P:67 SP:FB PPU: 76, 58 CYC:8658
< D8D6  8D 78 06  STA $0678 = FF                  A:80 X:55 Y:E4 P:E5 SP:FB PPU: 76, 64 CYC:8660
< D8D9  B8        CLV                             A:80 X:55 Y:E4 P:E5 SP:FB PPU: 76, 76 CYC:8664
< D8DA  18        CLC                             A:80 X:55 Y:E4 P:A5 SP:FB PPU: 76, 82 CYC:8666
< D8DB  CE 78 06  DEC $0678 = 80                  A:80 X:55 Y:E4 P:A4 SP:FB PPU: 76, 88 CYC:8668
< D8DE  F0 0D     BEQ $D8ED                       A:80 X:55 Y:E4 P:24 SP:FB PPU: 76,106 CYC:8674
< D8E0  30 0B     BMI $D8ED                       A:80 X:55 Y:E4 P:24 SP:FB PPU: 76,112 CYC:8676
< D8E2  70 09     BVS $D8ED                       A:80 X:55 Y:E4 P:24 SP:FB PPU: 76,118 CYC:8678
< D8E4  B0 07     BCS $D8ED                       A:80 X:55 Y:E4 P:24 SP:FB PPU: 76,124 CYC:8680
< D8E6  AD 78 06  LDA $0678 = 7F                  A:80 X:55 Y:E4 P:24 SP:FB PPU: 76,130 CYC:8682
< D8E9  C9 7F     CMP #$7F                        A:7F X:55 Y:E4 P:24 SP:FB PPU: 76,142 CYC:8686
< D8EB  F0 04     BEQ $D8F1                       A:7F X:55 Y:E4 P:27 SP:FB PPU: 76,148 CYC:8688
< D8F1  A9 01     LDA #$01                        A:7F X:55 Y:E4 P:27 SP:FB PPU: 76,157 CYC:8691
< D8F3  8D 78 06  STA $0678 = 7F                  A:01 X:55 Y:E4 P:25 SP:FB PPU: 76,163 CYC:8693
< D8F6  CE 78 06  DEC $0678 = 01                  A:01 X:55 Y:E4 P:25 SP:FB PPU: 76,175 CYC:8697
< D8F9  F0 04     BEQ $D8FF                       A:01 X:55 Y:E4 P:27 SP:FB PPU: 76,193 CYC:8703
< D8FF  60        RTS                             A:01 X:55 Y:E4 P:27 SP:FB PPU: 76,202 CYC:8706
< C618  20 00 D9  JSR $D900                       A:01 X:55 Y:E4 P:27 SP:FD PPU: 76,220 CYC:8712
< D900  A9 A3     LDA #$A3                        A:01 X:55 Y:E4 P:27 SP:FB PPU: 76,238 CYC:8718
< D902  85 33     STA $33 = 00                    A:A3 X:55 Y:E4 P:A5 SP:FB PPU: 76,244 CYC:8720
< D904  A9 89     LDA #$89                        A:A3 X:55 Y:E4 P:A5 SP:FB PPU: 76,253 CYC:8723
< D906  8D 00 03  STA $0300 = 70                  A:89 X:55 Y:E4 P:A5 SP:FB PPU: 76,259 CYC:8725
< D909  A9 12     LDA #$12                        A:89 X:55 Y:E4 P:A5 SP:FB PPU: 76,271 CYC:8729
< D90B  8D 45 02  STA $0245 = 00                  A:12 X:55 Y:E4 P:25 SP:FB PPU: 76,277 CYC:8731
< D90E  A9 FF     LDA #$FF                        A:12 X:55 Y:E4 P:25 SP:FB PPU: 76,289 CYC:8735
< D910  85 01     STA $01 = FF                    A:FF X:55 Y:E4 P:A5 SP:FB PPU: 76,295 CYC:8737
< D912  A2 65     LDX #$65                        A:FF X:55 Y:E4 P:A5 SP:FB PPU: 76,304 CYC:8740
< D914  A9 00     LDA #$00                        A:FF X:65 Y:E4 P:25 SP:FB PPU: 76,310 CYC:8742
< D916  85 89     STA $89 = 00                    A:00 X:65 Y:E4 P:27 SP:FB PPU: 76,316 CYC:8744
< D918  A9 03     LDA #$03                        A:00 X:65 Y:E4 P:27 SP:FB PPU: 76,325 CYC:8747
< D91A  85 8A     STA $8A = 00                    A:03 X:65 Y:E4 P:25 SP:FB PPU: 76,331 CYC:8749
< D91C  A0 00     LDY #$00                        A:03 X:65 Y:E4 P:25 SP:FB PPU: 76,340 CYC:8752
< D91E  38        SEC                             A:03 X:65 Y:00 P:27 SP:FB PPU: 77,  5 CYC:8754
< D91F  A9 00     LDA #$00                        A:03 X:65 Y:00 P:27 SP:FB PPU: 77, 11 CYC:8756
< D921  B8        CLV                             A:00 X:65 Y:00 P:27 SP:FB PPU: 77, 17 CYC:8758
< D922  B1 89     LDA ($89),Y = 0300 @ 0300 = 89  A:00 X:65 Y:00 P:27 SP:FB PPU: 77, 23 CYC:8760
< D924  F0 0C     BEQ $D932                       A:89 X:65 Y:00 P:A5 SP:FB PPU: 77, 38 CYC:8765
< D926  90 0A     BCC $D932                       A:89 X:65 Y:00 P:A5 SP:FB PPU: 77, 44 CYC:8767
< D928  70 08     BVS $D932                       A:89 X:65 Y:00 P:A5 SP:FB PPU: 77, 50 CYC:8769
< D92A  C9 89     CMP #$89                        A:89 X:65 Y:00 P:A5 SP:FB PPU: 77, 56 CYC:8771
< D92C  D0 04     BNE $D932                       A:89 X:65 Y:00 P:27 SP:FB PPU: 77, 62 CYC:8773
< D92E  E0 65     CPX #$65                        A:89 X:65 Y:00 P:27 SP:FB PPU: 77, 68 CYC:8775
< D930  F0 04     BEQ $D936                       A:89 X:65 Y:00 P:27 SP:FB PPU: 77, 74 CYC:8777
< D936  A9 FF     LDA #$FF                        A:89 X:65 Y:00 P:27 SP:FB PPU: 77, 83 CYC:8780
< D938  85 97     STA $97 = 00                    A:FF X:65 Y:00 P:A5 SP:FB PPU: 77, 89 CYC:8782
< D93A  85 98     STA $98 = 00                    A:FF X:65 Y:00 P:A5 SP:FB PPU: 77, 98 CYC:8785
< D93C  24 98     BIT $98 = FF                    A:FF X:65 Y:00 P:A5 SP:FB PPU: 77,107 CYC:8788
< D93E  A0 34     LDY #$34                        A:FF X:65 Y:00 P:E5 SP:FB PPU: 77,116 CYC:8791
< D940  B1 97     LDA ($97),Y = FFFF @ 0033 = A3  A:FF X:65 Y:34 P:65 SP:FB PPU: 77,122 CYC:8793
< D942  C9 A3     CMP #$A3                        A:A3 X:65 Y:34 P:E5 SP:FB PPU: 77,140 CYC:8799
< D944  D0 02     BNE $D948                       A:A3 X:65 Y:34 P:67 SP:FB PPU: 77,146 CYC:8801
< D946  B0 04     BCS $D94C                       A:A3 X:65 Y:34 P:67 SP:FB PPU: 77,152 CYC:8803
< D94C  A5 00     LDA $00 = 00                    A:A3 X:65 Y:34 P:67 SP:FB PPU: 77,161 CYC:8806
< D94E  48        PHA                             A:00 X:65 Y:34 P:67 SP:FB PPU: 77,170 CYC:8809
< D94F  A9 46     LDA #$46                        A:00 X:65 Y:34 P:67 SP:FA PPU: 77,179 CYC:8812
< D951  85 FF     STA $FF = 00                    A:46 X:65 Y:34 P:65 SP:FA PPU: 77,185 CYC:8814
< D953  A9 01     LDA #$01                        A:46 X:65 Y:34 P:65 SP:FA PPU: 77,194 CYC:8817
< D955  85 00     STA $00 = 00                    A:01 X:65 Y:34 P:65 SP:FA PPU: 77,200 CYC:8819
< D957  A0 FF     LDY #$FF                        A:01 X:65 Y:34 P:65 SP:FA PPU: 77,209 CYC:8822
< D959  B1 FF     LDA ($FF),Y = 0146 @ 0245 = 12  A:01 X:65 Y:FF P:E5 SP:FA PPU: 77,215 CYC:8824
< D95B  C9 12     CMP #$12                        A:12 X:65 Y:FF P:65 SP:FA PPU: 77,233 CYC:8830
< D95D  F0 04     BEQ $D963                       A:12 X:65 Y:FF P:67 SP:FA PPU: 77,239 CYC:8832
< D963  68        PLA                             A:12 X:65 Y:FF P:67 SP:FA PPU: 77,248 CYC:8835
< D964  85 00     STA $00 = 01                    A:00 X:65 Y:FF P:67 SP:FB PPU: 77,260 CYC:8839
< D966  A2 ED     LDX #$ED                        A:00 X:65 Y:FF P:67 SP:FB PPU: 77,269 CYC:8842
< D968  A9 00     LDA #$00                        A:00 X:ED Y:FF P:E5 SP:FB PPU: 77,275 CYC:8844
< D96A  85 33     STA $33 = A3                    A:00 X:ED Y:FF P:67 SP:FB PPU: 77,281 CYC:8846
< D96C  A9 04     LDA #$04                        A:00 X:ED Y:FF P:67 SP:FB PPU: 77,290 CYC:8849
< D96E  85 34     STA $34 = 00                    A:04 X:ED Y:FF P:65 SP:FB PPU: 77,296 CYC:8851
< D970  A0 00     LDY #$00                        A:04 X:ED Y:FF P:65 SP:FB PPU: 77,305 CYC:8854
< D972  18        CLC                             A:04 X:ED Y:00 P:67 SP:FB PPU: 77,311 CYC:8856
< D973  A9 FF     LDA #$FF                        A:04 X:ED Y:00 P:66 SP:FB PPU: 77,317 CYC:8858
< D975  85 01     STA $01 = FF                    A:FF X:ED Y:00 P:E4 SP:FB PPU: 77,323 CYC:8860
< D977  24 01     BIT $01 = FF                    A:FF X:ED Y:00 P:E4 SP:FB PPU: 77,332 CYC:8863
< D979  A9 AA     LDA #$AA                        A:FF X:ED Y:00 P:E4 SP:FB PPU: 78,  0 CYC:8866
< D97B  8D 00 04  STA $0400 = AD                  A:AA X:ED Y:00 P:E4 SP:FB PPU: 78,  6 CYC:8868
< D97E  A9 55     LDA #$55                        A:AA X:ED Y:00 P:E4 SP:FB PPU: 78, 18 CYC:8872
< D980  11 33     ORA ($33),Y = 0400 @ 0400 = AA  A:55 X:ED Y:00 P:64 SP:FB PPU: 78, 24 CYC:8874
< D982  B0 08     BCS $D98C                       A:FF X:ED Y:00 P:E4 SP:FB PPU: 78, 39 CYC:8879
< D984  10 06     BPL $D98C                       A:FF X:ED Y:00 P:E4 SP:FB PPU: 78, 45 CYC:8881
< D986  C9 FF     CMP #$FF                        A:FF X:ED Y:00 P:E4 SP:FB PPU: 78, 51 CYC:8883
< D988  D0 02     BNE $D98C                       A:FF X:ED Y:00 P:67 SP:FB PPU: 78, 57 CYC:8885
< D98A  70 02     BVS $D98E                       A:FF X:ED Y:00 P:67 SP:FB PPU: 78, 63 CYC:8887
< D98E  E8        INX                             A:FF X:ED Y:00 P:67 SP:FB PPU: 78, 72 CYC:8890
< D98F  38        SEC                             A:FF X:EE Y:00 P:E5 SP:FB PPU: 78, 78 CYC:8892
< D990  B8        CLV                             A:FF X:EE Y:00 P:E5 SP:FB PPU: 78, 84 CYC:8894
< D991  A9 00     LDA #$00                        A:FF X:EE Y:00 P:A5 SP:FB PPU: 78, 90 CYC:8896
< D993  11 33     ORA ($33),Y = 0400 @ 0400 = AA  A:00 X:EE Y:00 P:27 SP:FB PPU: 78, 96 CYC:8898
< D995  F0 06     BEQ $D99D                       A:AA X:EE Y:00 P:A5 SP:FB PPU: 78,111 CYC:8903
< D997  70 04     BVS $D99D                       A:AA X:EE Y:00 P:A5 SP:FB PPU: 78,117 CYC:8905
< D999  90 02     BCC $D99D                       A:AA X:EE Y:00 P:A5 SP:FB PPU: 78,123 CYC:8907
< D99B  30 02     BMI $D99F                       A:AA X:EE Y:00 P:A5 SP:FB PPU: 78,129 CYC:8909
< D99F  E8        INX                             A:AA X:EE Y:00 P:A5 SP:FB PPU: 78,138 CYC:8912
< D9A0  18        CLC                             A:AA X:EF Y:00 P:A5 SP:FB PPU: 78,144 CYC:8914
< D9A1  24 01     BIT $01 = FF                    A:AA X:EF Y:00 P:A4 SP:FB PPU: 78,150 CYC:8916
< D9A3  A9 55     LDA #$55                        A:AA X:EF Y:00 P:E4 SP:FB PPU: 78,159 CYC:8919
< D9A5  31 33     AND ($33),Y = 0400 @ 0400 = AA  A:55 X:EF Y:00 P:64 SP:FB PPU: 78,165 CYC:8921
< D9A7  D0 06     BNE $D9AF                       A:00 X:EF Y:00 P:66 SP:FB PPU: 78,180 CYC:8926
< D9A9  50 04     BVC $D9AF                       A:00 X:EF Y:00 P:66 SP:FB PPU: 78,186 CYC:8928
< D9AB  B0 02     BCS $D9AF                       A:00 X:EF Y:00 P:66 SP:FB PPU: 78,192 CYC:8930
< D9AD  10 02     BPL $D9B1                       A:00 X:EF Y:00 P:66 SP:FB PPU: 78,198 CYC:8932
< D9B1  E8        INX                             A:00 X:EF Y:00 P:66 SP:FB PPU: 78,207 CYC:8935
< D9B2  38        SEC                             A:00 X:F0 Y:00 P:E4 SP:FB PPU: 78,213 CYC:8937
< D9B3  B8        CLV                             A:00 X:F0 Y:00 P:E5 SP:FB PPU: 78,219 CYC:8939
< D9B4  A9 EF     LDA #$EF                        A:00 X:F0 Y:00 P:A5 SP:FB PPU: 78,225 CYC:8941
< D9B6  8D 00 04  STA $0400 = AA                  A:EF X:F0 Y:00 P:A5 SP:FB PPU: 78,231 CYC:8943
< D9B9  A9 F8     LDA #$F8                        A:EF X:F0 Y:00 P:A5 SP:FB PPU: 78,243 CYC:8947
< D9BB  31 33     AND ($33),Y = 0400 @ 0400 = EF  A:F8 X:F0 Y:00 P:A5 SP:FB PPU: 78,249 CYC:8949
< D9BD  90 08     BCC $D9C7                       A:E8 X:F0 Y:00 P:A5 SP:FB PPU: 78,264 CYC:8954
< D9BF  10 06     BPL $D9C7                       A:E8 X:F0 Y:00 P:A5 SP:FB PPU: 78,270 CYC:8956
< D9C1  C9 E8     CMP #$E8                        A:E8 X:F0 Y:00 P:A5 SP:FB PPU: 78,276 CYC:8958
< D9C3  D0 02     BNE $D9C7                       A:E8 X:F0 Y:00 P:27 SP:FB PPU: 78,282 CYC:8960
< D9C5  50 02     BVC $D9C9                       A:E8 X:F0 Y:00 P:27 SP:FB PPU: 78,288 CYC:8962
< D9C9  E8        INX                             A:E8 X:F0 Y:00 P:27 SP:FB PPU: 78,297 CYC:8965
< D9CA  18        CLC                             A:E8 X:F1 Y:00 P:A5 SP:FB PPU: 78,303 CYC:8967
< D9CB  24 01     BIT $01 = FF                    A:E8 X:F1 Y:00 P:A4 SP:FB PPU: 78,309 CYC:8969
< D9CD  A9 AA     LDA #$AA                        A:E8 X:F1 Y:00 P:E4 SP:FB PPU: 78,318 CYC:8972
< D9CF  8D 00 04  STA $0400 = EF                  A:AA X:F1 Y:00 P:E4 SP:FB PPU: 78,324 CYC:8974
< D9D2  A9 5F     LDA #$5F                        A:AA X:F1 Y:00 P:E4 SP:FB PPU: 78,336 CYC:8978
< D9D4  51 33     EOR ($33),Y = 0400 @ 0400 = AA  A:5F X:F1 Y:00 P:64 SP:FB PPU: 79,  1 CYC:8980
< D9D6  B0 08     BCS $D9E0                       A:F5 X:F1 Y:00 P:E4 SP:FB PPU: 79, 16 CYC:8985
< D9D8  10 06     BPL $D9E0                       A:F5 X:F1 Y:00 P:E4 SP:FB PPU: 79, 22 CYC:8987
< D9DA  C9 F5     CMP #$F5                        A:F5 X:F1 Y:00 P:E4 SP:FB PPU: 79, 28 CYC:8989
< D9DC  D0 02     BNE $D9E0                       A:F5 X:F1 Y:00 P:67 SP:FB PPU: 79, 34 CYC:8991
< D9DE  70 02     BVS $D9E2                       A:F5 X:F1 Y:00 P:67 SP:FB PPU: 79, 40 CYC:8993
< D9E2  E8        INX                             A:F5 X:F1 Y:00 P:67 SP:FB PPU: 79, 49 CYC:8996
< D9E3  38        SEC                             A:F5 X:F2 Y:00 P:E5 SP:FB PPU: 79, 55 CYC:8998
< D9E4  B8        CLV                             A:F5 X:F2 Y:00 P:E5 SP:FB PPU: 79, 61 CYC:9000
< D9E5  A9 70     LDA #$70                        A:F5 X:F2 Y:00 P:A5 SP:FB PPU: 79, 67 CYC:9002
< D9E7  8D 00 04  STA $0400 = AA                  A:70 X:F2 Y:00 P:25 SP:FB PPU: 79, 73 CYC:9004
< D9EA  51 33     EOR ($33),Y = 0400 @ 0400 = 70  A:70 X:F2 Y:00 P:25 SP:FB PPU: 79, 85 CYC:9008
< D9EC  D0 06     BNE $D9F4                       A:00 X:F2 Y:00 P:27 SP:FB PPU: 79,100 CYC:9013
< D9EE  70 04     BVS $D9F4                       A:00 X:F2 Y:00 P:27 SP:FB PPU: 79,106 CYC:9015
< D9F0  90 02     BCC $D9F4                       A:00 X:F2 Y:00 P:27 SP:FB PPU: 79,112 CYC:9017
< D9F2  10 02     BPL $D9F6                       A:00 X:F2 Y:00 P:27 SP:FB PPU: 79,118 CYC:9019
< D9F6  E8        INX                             A:00 X:F2 Y:00 P:27 SP:FB PPU: 79,127 CYC:9022
< D9F7  18        CLC                             A:00 X:F3 Y:00 P:A5 SP:FB PPU: 79,133 CYC:9024
< D9F8  24 01     BIT $01 = FF                    A:00 X:F3 Y:00 P:A4 SP:FB PPU: 79,139 CYC:9026
< D9FA  A9 69     LDA #$69                        A:00 X:F3 Y:00 P:E6 SP:FB PPU: 79,148 CYC:9029
< D9FC  8D 00 04  STA $0400 = 70                  A:69 X:F3 Y:00 P:64 SP:FB PPU: 79,154 CYC:9031
< D9FF  A9 00     LDA #$00                        A:69 X:F3 Y:00 P:64 SP:FB PPU: 79,166 CYC:9035
< DA01  71 33     ADC ($33),Y = 0400 @ 0400 = 69  A:00 X:F3 Y:00 P:66 SP:FB PPU: 79,172 CYC:9037
< DA03  30 08     BMI $DA0D                       A:69 X:F3 Y:00 P:24 SP:FB PPU: 79,187 CYC:9042
< DA05  B0 06     BCS $DA0D                       A:69 X:F3 Y:00 P:24 SP:FB PPU: 79,193 CYC:9044
< DA07  C9 69     CMP #$69                        A:69 X:F3 Y:00 P:24 SP:FB PPU: 79,199 CYC:9046
< DA09  D0 02     BNE $DA0D                       A:69 X:F3 Y:00 P:27 SP:FB PPU: 79,205 CYC:9048
< DA0B  50 02     BVC $DA0F                       A:69 X:F3 Y:00 P:27 SP:FB PPU: 79,211 CYC:9050
< DA0F  E8        INX                             A:69 X:F3 Y:00 P:27 SP:FB PPU: 79,220 CYC:9053
< DA10  38        SEC                             A:69 X:F4 Y:00 P:A5 SP:FB PPU: 79,226 CYC:9055
< DA11  24 01     BIT $01 = FF                    A:69 X:F4 Y:00 P:A5 SP:FB PPU: 79,232 CYC:9057
< DA13  A9 00     LDA #$00                        A:69 X:F4 Y:00 P:E5 SP:FB PPU: 79,241 CYC:9060
< DA15  71 33     ADC ($33),Y = 0400 @ 0400 = 69  A:00 X:F4 Y:00 P:67 SP:FB PPU: 79,247 CYC:9062
< DA17  30 08     BMI $DA21                       A:6A X:F4 Y:00 P:24 SP:FB PPU: 79,262 CYC:9067
< DA19  B0 06     BCS $DA21                       A:6A X:F4 Y:00 P:24 SP:FB PPU: 79,268 CYC:9069
< DA1B  C9 6A     CMP #$6A                        A:6A X:F4 Y:00 P:24 SP:FB PPU: 79,274 CYC:9071
< DA1D  D0 02     BNE $DA21                       A:6A X:F4 Y:00 P:27 SP:FB PPU: 79,280 CYC:9073
< DA1F  50 02     BVC $DA23                       A:6A X:F4 Y:00 P:27 SP:FB PPU: 79,286 CYC:9075
< DA23  E8        INX                             A:6A X:F4 Y:00 P:27 SP:FB PPU: 79,295 CYC:9078
< DA24  38        SEC                             A:6A X:F5 Y:00 P:A5 SP:FB PPU: 79,301 CYC:9080
< DA25  B8        CLV                             A:6A X:F5 Y:00 P:A5 SP:FB PPU: 79,307 CYC:9082
< DA26  A9 7F     LDA #$7F                        A:6A X:F5 Y:00 P:A5 SP:FB PPU: 79,313 CYC:9084
< DA28  8D 00 04  STA $0400 = 69                  A:7F X:F5 Y:00 P:25 SP:FB PPU: 79,319 CYC:9086
< DA2B  71 33     ADC ($33),Y = 0400 @ 0400 = 7F  A:7F X:F5 Y:00 P:25 SP:FB PPU: 79,331 CYC:9090
< DA2D  10 08     BPL $DA37                       A:FF X:F5 Y:00 P:E4 SP:FB PPU: 80,  5 CYC:9095
< DA2F  B0 06     BCS $DA37                       A:FF X:F5 Y:00 P:E4 SP:FB PPU: 80, 11 CYC:9097
< DA31  C9 FF     CMP #$FF                        A:FF X:F5 Y:00 P:E4 SP:FB PPU: 80, 17 CYC:9099
< DA33  D0 02     BNE $DA37                       A:FF X:F5 Y:00 P:67 SP:FB PPU: 80, 23 CYC:9101
< DA35  70 02     BVS $DA39                       A:FF X:F5 Y:00 P:67 SP:FB PPU: 80, 29 CYC:9103
< DA39  E8        INX                             A:FF X:F5 Y:00 P:67 SP:FB PPU: 80, 38 CYC:9106
< DA3A  18        CLC                             A:FF X:F6 Y:00 P:E5 SP:FB PPU: 80, 44 CYC:9108
< DA3B  24 01     BIT $01 = FF                    A:FF X:F6 Y:00 P:E4 SP:FB PPU: 80, 50 CYC:9110
< DA3D  A9 80     LDA #$80                        A:FF X:F6 Y:00 P:E4 SP:FB PPU: 80, 59 CYC:9113
< DA3F  8D 00 04  STA $0400 = 7F                  A:80 X:F6 Y:00 P:E4 SP:FB PPU: 80, 65 CYC:9115
< DA42  A9 7F     LDA #$7F                        A:80 X:F6 Y:00 P:E4 SP:FB PPU: 80, 77 CYC:9119
< DA44  71 33     ADC ($33),Y = 0400 @ 0400 = 80  A:7F X:F6 Y:00 P:64 SP:FB PPU: 80, 83 CYC:9121
< DA46  10 08     BPL $DA50                       A:FF X:F6 Y:00 P:A4 SP:FB PPU: 80, 98 CYC:9126
< DA48  B0 06     BCS $DA50                       A:FF X:F6 Y:00 P:A4 SP:FB PPU: 80,104 CYC:9128
< DA4A  C9 FF     CMP #$FF                        A:FF X:F6 Y:00 P:A4 SP:FB PPU: 80,110 CYC:9130
< DA4C  D0 02     BNE $DA50                       A:FF X:F6 Y:00 P:27 SP:FB PPU: 80,116 CYC:9132
< DA4E  50 02     BVC $DA52                       A:FF X:F6 Y:00 P:27 SP:FB PPU: 80,122 CYC:9134
< DA52  E8        INX                             A:FF X:F6 Y:00 P:27 SP:FB PPU: 80,131 CYC:9137
< DA53  38        SEC                             A:FF X:F7 Y:00 P:A5 SP:FB PPU: 80,137 CYC:9139
< DA54  B8        CLV                             A:FF X:F7 Y:00 P:A5 SP:FB PPU: 80,143 CYC:9141
< DA55  A9 80     LDA #$80                        A:FF X:F7 Y:00 P:A5 SP:FB PPU: 80,149 CYC:9143
< DA57  8D 00 04  STA $0400 = 80                  A:80 X:F7 Y:00 P:A5 SP:FB PPU: 80,155 CYC:9145
< DA5A  A9 7F     LDA #$7F                        A:80 X:F7 Y:00 P:A5 SP:FB PPU: 80,167 CYC:9149
< DA5C  71 33     ADC ($33),Y = 0400 @ 0400 = 80  A:7F X:F7 Y:00 P:25 SP:FB PPU: 80,173 CYC:9151
< DA5E  D0 06     BNE $DA66                       A:00 X:F7 Y:00 P:27 SP:FB PPU: 80,188 CYC:9156
< DA60  30 04     BMI $DA66                       A:00 X:F7 Y:00 P:27 SP:FB PPU: 80,194 CYC:9158
< DA62  70 02     BVS $DA66                       A:00 X:F7 Y:00 P:27 SP:FB PPU: 80,200 CYC:9160
< DA64  B0 02     BCS $DA68                       A:00 X:F7 Y:00 P:27 SP:FB PPU: 80,206 CYC:9162
< DA68  E8        INX                             A:00 X:F7 Y:00 P:27 SP:FB PPU: 80,215 CYC:9165
< DA69  24 01     BIT $01 = FF                    A:00 X:F8 Y:00 P:A5 SP:FB PPU: 80,221 CYC:9167
< DA6B  A9 40     LDA #$40                        A:00 X:F8 Y:00 P:E7 SP:FB PPU: 80,230 CYC:9170
< DA6D  8D 00 04  STA $0400 = 80                  A:40 X:F8 Y:00 P:65 SP:FB PPU: 80,236 CYC:9172
< DA70  D1 33     CMP ($33),Y = 0400 @ 0400 = 40  A:40 X:F8 Y:00 P:65 SP:FB PPU: 80,248 CYC:9176
< DA72  30 06     BMI $DA7A                       A:40 X:F8 Y:00 P:67 SP:FB PPU: 80,263 CYC:9181
< DA74  90 04     BCC $DA7A                       A:40 X:F8 Y:00 P:67 SP:FB PPU: 80,269 CYC:9183
< DA76  D0 02     BNE $DA7A                       A:40 X:F8 Y:00 P:67 SP:FB PPU: 80,275 CYC:9185
< DA78  70 02     BVS $DA7C                       A:40 X:F8 Y:00 P:67 SP:FB PPU: 80,281 CYC:9187
< DA7C  E8        INX                             A:40 X:F8 Y:00 P:67 SP:FB PPU: 80,290 CYC:9190
< DA7D  B8        CLV                             A:40 X:F9 Y:00 P:E5 SP:FB PPU: 80,296 CYC:9192
< DA7E  CE 00 04  DEC $0400 = 40                  A:40 X:F9 Y:00 P:A5 SP:FB PPU: 80,302 CYC:9194
< DA81  D1 33     CMP ($33),Y = 0400 @ 0400 = 3F  A:40 X:F9 Y:00 P:25 SP:FB PPU: 80,320 CYC:9200
< DA83  F0 06     BEQ $DA8B                       A:40 X:F9 Y:00 P:25 SP:FB PPU: 80,335 CYC:9205
< DA85  30 04     BMI $DA8B                       A:40 X:F9 Y:00 P:25 SP:FB PPU: 81,  0 CYC:9207
< DA87  90 02     BCC $DA8B                       A:40 X:F9 Y:00 P:25 SP:FB PPU: 81,  6 CYC:9209
< DA89  50 02     BVC $DA8D                       A:40 X:F9 Y:00 P:25 SP:FB PPU: 81, 12 CYC:9211
< DA8D  E8        INX                             A:40 X:F9 Y:00 P:25 SP:FB PPU: 81, 21 CYC:9214
< DA8E  EE 00 04  INC $0400 = 3F                  A:40 X:FA Y:00 P:A5 SP:FB PPU: 81, 27 CYC:9216
< DA91  EE 00 04  INC $0400 = 40                  A:40 X:FA Y:00 P:25 SP:FB PPU: 81, 45 CYC:9222
< DA94  D1 33     CMP ($33),Y = 0400 @ 0400 = 41  A:40 X:FA Y:00 P:25 SP:FB PPU: 81, 63 CYC:9228
< DA96  F0 02     BEQ $DA9A                       A:40 X:FA Y:00 P:A4 SP:FB PPU: 81, 78 CYC:9233
< DA98  30 02     BMI $DA9C                       A:40 X:FA Y:00 P:A4 SP:FB PPU: 81, 84 CYC:9235
< DA9C  E8        INX                             A:40 X:FA Y:00 P:A4 SP:FB PPU: 81, 93 CYC:9238
< DA9D  A9 00     LDA #$00                        A:40 X:FB Y:00 P:A4 SP:FB PPU: 81, 99 CYC:9240
< DA9F  8D 00 04  STA $0400 = 41                  A:00 X:FB Y:00 P:26 SP:FB PPU: 81,105 CYC:9242
< DAA2  A9 80     LDA #$80                        A:00 X:FB Y:00 P:26 SP:FB PPU: 81,117 CYC:9246
< DAA4  D1 33     CMP ($33),Y = 0400 @ 0400 = 00  A:80 X:FB Y:00 P:A4 SP:FB PPU: 81,123 CYC:9248
< DAA6  F0 04     BEQ $DAAC                       A:80 X:FB Y:00 P:A5 SP:FB PPU: 81,138 CYC:9253
< DAA8  10 02     BPL $DAAC                       A:80 X:FB Y:00 P:A5 SP:FB PPU: 81,144 CYC:9255
< DAAA  B0 02     BCS $DAAE                       A:80 X:FB Y:00 P:A5 SP:FB PPU: 81,150 CYC:9257
< DAAE  E8        INX                             A:80 X:FB Y:00 P:A5 SP:FB PPU: 81,159 CYC:9260
< DAAF  A0 80     LDY #$80                        A:80 X:FC Y:00 P:A5 SP:FB PPU: 81,165 CYC:9262
< DAB1  8C 00 04  STY $0400 = 00                  A:80 X:FC Y:80 P:A5 SP:FB PPU: 81,171 CYC:9264
< DAB4  A0 00     LDY #$00                        A:80 X:FC Y:80 P:A5 SP:FB PPU: 81,183 CYC:9268
< DAB6  D1 33     CMP ($33),Y = 0400 @ 0400 = 80  A:80 X:FC Y:00 P:27 SP:FB PPU: 81,189 CYC:9270
< DAB8  D0 04     BNE $DABE                       A:80 X:FC Y:00 P:27 SP:FB PPU: 81,204 CYC:9275
< DABA  30 02     BMI $DABE                       A:80 X:FC Y:00 P:27 SP:FB PPU: 81,210 CYC:9277
< DABC  B0 02     BCS $DAC0                       A:80 X:FC Y:00 P:27 SP:FB PPU: 81,216 CYC:9279
< DAC0  E8        INX                             A:80 X:FC Y:00 P:27 SP:FB PPU: 81,225 CYC:9282
< DAC1  EE 00 04  INC $0400 = 80                  A:80 X:FD Y:00 P:A5 SP:FB PPU: 81,231 CYC:9284
< DAC4  D1 33     CMP ($33),Y = 0400 @ 0400 = 81  A:80 X:FD Y:00 P:A5 SP:FB PPU: 81,249 CYC:9290
< DAC6  B0 04     BCS $DACC                       A:80 X:FD Y:00 P:A4 SP:FB PPU: 81,264 CYC:9295
< DAC8  F0 02     BEQ $DACC                       A:80 X:FD Y:00 P:A4 SP:FB PPU: 81,270 CYC:9297
< DACA  30 02     BMI $DACE                       A:80 X:FD Y:00 P:A4 SP:FB PPU: 81,276 CYC:9299
< DACE  E8        INX                             A:80 X:FD Y:00 P:A4 SP:FB PPU: 81,285 CYC:9302
< DACF  CE 00 04  DEC $0400 = 81                  A:80 X:FE Y:00 P:A4 SP:FB PPU: 81,291 CYC:9304
< DAD2  CE 00 04  DEC $0400 = 80                  A:80 X:FE Y:00 P:A4 SP:FB PPU: 81,309 CYC:9310
< DAD5  D1 33     CMP ($33),Y = 0400 @ 0400 = 7F  A:80 X:FE Y:00 P:24 SP:FB PPU: 81,327 CYC:9316
< DAD7  90 04     BCC $DADD                       A:80 X:FE Y:00 P:25 SP:FB PPU: 82,  1 CYC:9321
< DAD9  F0 02     BEQ $DADD                       A:80 X:FE Y:00 P:25 SP:FB PPU: 82,  7 CYC:9323
< DADB  10 02     BPL $DADF                       A:80 X:FE Y:00 P:25 SP:FB PPU: 82, 13 CYC:9325
< DADF  60        RTS                             A:80 X:FE Y:00 P:25 SP:FB PPU: 82, 22 CYC:9328
< C61B  A5 00     LDA $00 = 00                    A:80 X:FE Y:00 P:25 SP:FD PPU: 82, 40 CYC:9334
< C61D  85 10     STA $10 = 00                    A:00 X:FE Y:00 P:27 SP:FD PPU: 82, 49 CYC:9337
< C61F  A9 00     LDA #$00                        A:00 X:FE Y:00 P:27 SP:FD PPU: 82, 58 CYC:9340
< C621  85 00     STA $00 = 00                    A:00 X:FE Y:00 P:27 SP:FD PPU: 82, 64 CYC:9342
< C623  20 E0 DA  JSR $DAE0                       A:00 X:FE Y:00 P:27 SP:FD PPU: 82, 73 CYC:9345
< DAE0  A9 00     LDA #$00                        A:00 X:FE Y:00 P:27 SP:FB PPU: 82, 91 CYC:9351
< DAE2  85 33     STA $33 = 00                    A:00 X:FE Y:00 P:27 SP:FB PPU: 82, 97 CYC:9353
< DAE4  A9 04     LDA #$04                        A:00 X:FE Y:00 P:27 SP:FB PPU: 82,106 CYC:9356
< DAE6  85 34     STA $34 = 04                    A:04 X:FE Y:00 P:25 SP:FB PPU: 82,112 CYC:9358
< DAE8  A0 00     LDY #$00                        A:04 X:FE Y:00 P:25 SP:FB PPU: 82,121 CYC:9361
< DAEA  A2 01     LDX #$01                        A:04 X:FE Y:00 P:27 SP:FB PPU: 82,127 CYC:9363
< DAEC  24 01     BIT $01 = FF                    A:04 X:01 Y:00 P:25 SP:FB PPU: 82,133 CYC:9365
< DAEE  A9 40     LDA #$40                        A:04 X:01 Y:00 P:E5 SP:FB PPU: 82,142 CYC:9368
< DAF0  8D 00 04  STA $0400 = 7F                  A:40 X:01 Y:00 P:65 SP:FB PPU: 82,148 CYC:9370
< DAF3  38        SEC                             A:40 X:01 Y:00 P:65 SP:FB PPU: 82,160 CYC:9374
< DAF4  F1 33     SBC ($33),Y = 0400 @ 0400 = 40  A:40 X:01 Y:00 P:65 SP:FB PPU: 82,166 CYC:9376
< DAF6  30 0A     BMI $DB02                       A:00 X:01 Y:00 P:27 SP:FB PPU: 82,181 CYC:9381
< DAF8  90 08     BCC $DB02                       A:00 X:01 Y:00 P:27 SP:FB PPU: 82,187 CYC:9383
< DAFA  D0 06     BNE $DB02                       A:00 X:01 Y:00 P:27 SP:FB PPU: 82,193 CYC:9385
< DAFC  70 04     BVS $DB02                       A:00 X:01 Y:00 P:27 SP:FB PPU: 82,199 CYC:9387
< DAFE  C9 00     CMP #$00                        A:00 X:01 Y:00 P:27 SP:FB PPU: 82,205 CYC:9389
< DB00  F0 02     BEQ $DB04                       A:00 X:01 Y:00 P:27 SP:FB PPU: 82,211 CYC:9391
< DB04  E8        INX                             A:00 X:01 Y:00 P:27 SP:FB PPU: 82,220 CYC:9394
< DB05  B8        CLV                             A:00 X:02 Y:00 P:25 SP:FB PPU: 82,226 CYC:9396
< DB06  38        SEC                             A:00 X:02 Y:00 P:25 SP:FB PPU: 82,232 CYC:9398
< DB07  A9 40     LDA #$40                        A:00 X:02 Y:00 P:25 SP:FB PPU: 82,238 CYC:9400
< DB09  CE 00 04  DEC $0400 = 40                  A:40 X:02 Y:00 P:25 SP:FB PPU: 82,244 CYC:9402
< DB0C  F1 33     SBC ($33),Y = 0400 @ 0400 = 3F  A:40 X:02 Y:00 P:25 SP:FB PPU: 82,262 CYC:9408
< DB0E  F0 0A     BEQ $DB1A                       A:01 X:02 Y:00 P:25 SP:FB PPU: 82,277 CYC:9413
< DB10  30 08     BMI $DB1A                       A:01 X:02 Y:00 P:25 SP:FB PPU: 82,283 CYC:9415
< DB12  90 06     BCC $DB1A                       A:01 X:02 Y:00 P:25 SP:FB PPU: 82,289 CYC:9417
< DB14  70 04     BVS $DB1A                       A:01 X:02 Y:00 P:25 SP:FB PPU: 82,295 CYC:9419
< DB16  C9 01     CMP #$01                        A:01 X:02 Y:00 P:25 SP:FB PPU: 82,301 CYC:9421
< DB18  F0 02     BEQ $DB1C                       A:01 X:02 Y:00 P:27 SP:FB PPU: 82,307 CYC:9423
< DB1C  E8        INX                             A:01 X:02 Y:00 P:27 SP:FB PPU: 82,316 CYC:9426
< DB1D  A9 40     LDA #$40                        A:01 X:03 Y:00 P:25 SP:FB PPU: 82,322 CYC:9428
< DB1F  38        SEC                             A:40 X:03 Y:00 P:25 SP:FB PPU: 82,328 CYC:9430
< DB20  24 01     BIT $01 = FF                    A:40 X:03 Y:00 P:25 SP:FB PPU: 82,334 CYC:9432
< DB22  EE 00 04  INC $0400 = 3F                  A:40 X:03 Y:00 P:E5 SP:FB PPU: 83,  2 CYC:9435
< DB25  EE 00 04  INC $0400 = 40                  A:40 X:03 Y:00 P:65 SP:FB PPU: 83, 20 CYC:9441
< DB28  F1 33     SBC ($33),Y = 0400 @ 0400 = 41  A:40 X:03 Y:00 P:65 SP:FB PPU: 83, 38 CYC:9447
< DB2A  B0 0A     BCS $DB36                       A:FF X:03 Y:00 P:A4 SP:FB PPU: 83, 53 CYC:9452
< DB2C  F0 08     BEQ $DB36                       A:FF X:03 Y:00 P:A4 SP:FB PPU: 83, 59 CYC:9454
< DB2E  10 06     BPL $DB36                       A:FF X:03 Y:00 P:A4 SP:FB PPU: 83, 65 CYC:9456
< DB30  70 04     BVS $DB36                       A:FF X:03 Y:00 P:A4 SP:FB PPU: 83, 71 CYC:9458
< DB32  C9 FF     CMP #$FF                        A:FF X:03 Y:00 P:A4 SP:FB PPU: 83, 77 CYC:9460
< DB34  F0 02     BEQ $DB38                       A:FF X:03 Y:00 P:27 SP:FB PPU: 83, 83 CYC:9462
< DB38  E8        INX                             A:FF X:03 Y:00 P:27 SP:FB PPU: 83, 92 CYC:9465
< DB39  18        CLC                             A:FF X:04 Y:00 P:25 SP:FB PPU: 83, 98 CYC:9467
< DB3A  A9 00     LDA #$00                        A:FF X:04 Y:00 P:24 SP:FB PPU: 83,104 CYC:9469
< DB3C  8D 00 04  STA $0400 = 41                  A:00 X:04 Y:00 P:26 SP:FB PPU: 83,110 CYC:9471
< DB3F  A9 80     LDA #$80                        A:00 X:04 Y:00 P:26 SP:FB PPU: 83,122 CYC:9475
< DB41  F1 33     SBC ($33),Y = 0400 @ 0400 = 00  A:80 X:04 Y:00 P:A4 SP:FB PPU: 83,128 CYC:9477
< DB43  90 04     BCC $DB49                       A:7F X:04 Y:00 P:65 SP:FB PPU: 83,143 CYC:9482
< DB45  C9 7F     CMP #$7F                        A:7F X:04 Y:00 P:65 SP:FB PPU: 83,149 CYC:9484
< DB47  F0 02     BEQ $DB4B                       A:7F X:04 Y:00 P:67 SP:FB PPU: 83,155 CYC:9486
< DB4B  E8        INX                             A:7F X:04 Y:00 P:67 SP:FB PPU: 83,164 CYC:9489
< DB4C  38        SEC                             A:7F X:05 Y:00 P:65 SP:FB PPU: 83,170 CYC:9491
< DB4D  A9 7F     LDA #$7F                        A:7F X:05 Y:00 P:65 SP:FB PPU: 83,176 CYC:9493
< DB4F  8D 00 04  STA $0400 = 00                  A:7F X:05 Y:00 P:65 SP:FB PPU: 83,182 CYC:9495
< DB52  A9 81     LDA #$81                        A:7F X:05 Y:00 P:65 SP:FB PPU: 83,194 CYC:9499
< DB54  F1 33     SBC ($33),Y = 0400 @ 0400 = 7F  A:81 X:05 Y:00 P:E5 SP:FB PPU: 83,200 CYC:9501
< DB56  50 06     BVC $DB5E                       A:02 X:05 Y:00 P:65 SP:FB PPU: 83,215 CYC:9506
< DB58  90 04     BCC $DB5E                       A:02 X:05 Y:00 P:65 SP:FB PPU: 83,221 CYC:9508
< DB5A  C9 02     CMP #$02                        A:02 X:05 Y:00 P:65 SP:FB PPU: 83,227 CYC:9510
< DB5C  F0 02     BEQ $DB60                       A:02 X:05 Y:00 P:67 SP:FB PPU: 83,233 CYC:9512
< DB60  E8        INX                             A:02 X:05 Y:00 P:67 SP:FB PPU: 83,242 CYC:9515
< DB61  A9 00     LDA #$00                        A:02 X:06 Y:00 P:65 SP:FB PPU: 83,248 CYC:9517
< DB63  A9 87     LDA #$87                        A:00 X:06 Y:00 P:67 SP:FB PPU: 83,254 CYC:9519
< DB65  91 33     STA ($33),Y = 0400 @ 0400 = 7F  A:87 X:06 Y:00 P:E5 SP:FB PPU: 83,260 CYC:9521
< DB67  AD 00 04  LDA $0400 = 87                  A:87 X:06 Y:00 P:E5 SP:FB PPU: 83,278 CYC:9527
< DB6A  C9 87     CMP #$87                        A:87 X:06 Y:00 P:E5 SP:FB PPU: 83,290 CYC:9531
< DB6C  F0 02     BEQ $DB70                       A:87 X:06 Y:00 P:67 SP:FB PPU: 83,296 CYC:9533
< DB70  E8        INX                             A:87 X:06 Y:00 P:67 SP:FB PPU: 83,305 CYC:9536
< DB71  A9 7E     LDA #$7E                        A:87 X:07 Y:00 P:65 SP:FB PPU: 83,311 CYC:9538
< DB73  8D 00 02  STA $0200 = 7F                  A:7E X:07 Y:00 P:65 SP:FB PPU: 83,317 CYC:9540
< DB76  A9 DB     LDA #$DB                        A:7E X:07 Y:00 P:65 SP:FB PPU: 83,329 CYC:9544
< DB78  8D 01 02  STA $0201 = 00                  A:DB X:07 Y:00 P:E5 SP:FB PPU: 83,335 CYC:9546
< DB7B  6C 00 02  JMP ($0200) = DB7E              A:DB X:07 Y:00 P:E5 SP:FB PPU: 84,  6 CYC:9550
< DB7E  A9 00     LDA #$00                        A:DB X:07 Y:00 P:E5 SP:FB PPU: 84, 21 CYC:9555
< DB80  8D FF 02  STA $02FF = 00                  A:00 X:07 Y:00 P:67 SP:FB PPU: 84, 27 CYC:9557
< DB83  A9 01     LDA #$01                        A:00 X:07 Y:00 P:67 SP:FB PPU: 84, 39 CYC:9561
< DB85  8D 00 03  STA $0300 = 89                  A:01 X:07 Y:00 P:65 SP:FB PPU: 84, 45 CYC:9563
< DB88  A9 03     LDA #$03                        A:01 X:07 Y:00 P:65 SP:FB PPU: 84, 57 CYC:9567
< DB8A  8D 00 02  STA $0200 = 7E                  A:03 X:07 Y:00 P:65 SP:FB PPU: 84, 63 CYC:9569
< DB8D  A9 A9     LDA #$A9                        A:03 X:07 Y:00 P:65 SP:FB PPU: 84, 75 CYC:9573
< DB8F  8D 00 01  STA $0100 = 00                  A:A9 X:07 Y:00 P:E5 SP:FB PPU: 84, 81 CYC:9575
< DB92  A9 55     LDA #$55                        A:A9 X:07 Y:00 P:E5 SP:FB PPU: 84, 93 CYC:9579
< DB94  8D 01 01  STA $0101 = 00                  A:55 X:07 Y:00 P:65 SP:FB PPU: 84, 99 CYC:9581
< DB97  A9 60     LDA #$60                        A:55 X:07 Y:00 P:65 SP:FB PPU: 84,111 CYC:9585
< DB99  8D 02 01  STA $0102 = 00                  A:60 X:07 Y:00 P:65 SP:FB PPU: 84,117 CYC:9587
< DB9C  A9 A9     LDA #$A9                        A:60 X:07 Y:00 P:65 SP:FB PPU: 84,129 CYC:9591
< DB9E  8D 00 03  STA $0300 = 01                  A:A9 X:07 Y:00 P:E5 SP:FB PPU: 84,135 CYC:9593
< DBA1  A9 AA     LDA #$AA                        A:A9 X:07 Y:00 P:E5 SP:FB PPU: 84,147 CYC:9597
< DBA3  8D 01 03  STA $0301 = 00                  A:AA X:07 Y:00 P:E5 SP:FB PPU: 84,153 CYC:9599
< DBA6  A9 60     LDA #$60                        A:AA X:07 Y:00 P:E5 SP:FB PPU: 84,165 CYC:9603
< DBA8  8D 02 03  STA $0302 = 00                  A:60 X:07 Y:00 P:65 SP:FB PPU: 84,171 CYC:9605
< DBAB  20 B5 DB  JSR $DBB5                       A:60 X:07 Y:00 P:65 SP:FB PPU: 84,183 CYC:9609
< DBB5  6C FF 02  JMP ($02FF) = 0300              A:60 X:07 Y:00 P:65 SP:F9 PPU: 84,201 CYC:9615
< 0300  A9 AA     LDA #$AA                        A:60 X:07 Y:00 P:65 SP:F9 PPU: 84,216 CYC:9620
< 0302  60        RTS                             A:AA X:07 Y:00 P:E5 SP:F9 PPU: 84,222 CYC:9622
< DBAE  C9 AA     CMP #$AA                        A:AA X:07 Y:00 P:E5 SP:FB PPU: 84,240 CYC:9628
< DBB0  F0 02     BEQ $DBB4                       A:AA X:07 Y:00 P:67 SP:FB PPU: 84,246 CYC:9630
< DBB4  60        RTS                             A:AA X:07 Y:00 P:67 SP:FB PPU: 84,255 CYC:9633
< C626  20 4A DF  JSR $DF4A                       A:AA X:07 Y:00 P:67 SP:FD PPU: 84,273 CYC:9639
< DF4A  A9 89     LDA #$89                        A:AA X:07 Y:00 P:67 SP:FB PPU: 84,291 CYC:9645
< DF4C  8D 00 03  STA $0300 = A9                  A:89 X:07 Y:00 P:E5 SP:FB PPU: 84,297 CYC:9647
< DF4F  A9 A3     LDA #$A3                        A:89 X:07 Y:00 P:E5 SP:FB PPU: 84,309 CYC:9651
< DF51  85 33     STA $33 = 00                    A:A3 X:07 Y:00 P:E5 SP:FB PPU: 84,315 CYC:9653
< DF53  A9 12     LDA #$12                        A:A3 X:07 Y:00 P:E5 SP:FB PPU: 84,324 CYC:9656
< DF55  8D 45 02  STA $0245 = 12                  A:12 X:07 Y:00 P:65 SP:FB PPU: 84,330 CYC:9658
< DF58  A2 65     LDX #$65                        A:12 X:07 Y:00 P:65 SP:FB PPU: 85,  1 CYC:9662
< DF5A  A0 00     LDY #$00                        A:12 X:65 Y:00 P:65 SP:FB PPU: 85,  7 CYC:9664
< DF5C  38        SEC                             A:12 X:65 Y:00 P:67 SP:FB PPU: 85, 13 CYC:9666
< DF5D  A9 00     LDA #$00                        A:12 X:65 Y:00 P:67 SP:FB PPU: 85, 19 CYC:9668
< DF5F  B8        CLV                             A:00 X:65 Y:00 P:67 SP:FB PPU: 85, 25 CYC:9670
< DF60  B9 00 03  LDA $0300,Y @ 0300 = 89         A:00 X:65 Y:00 P:27 SP:FB PPU: 85, 31 CYC:9672
< DF63  F0 0C     BEQ $DF71                       A:89 X:65 Y:00 P:A5 SP:FB PPU: 85, 43 CYC:9676
< DF65  90 0A     BCC $DF71                       A:89 X:65 Y:00 P:A5 SP:FB PPU: 85, 49 CYC:9678
< DF67  70 08     BVS $DF71                       A:89 X:65 Y:00 P:A5 SP:FB PPU: 85, 55 CYC:9680
< DF69  C9 89     CMP #$89                        A:89 X:65 Y:00 P:A5 SP:FB PPU: 85, 61 CYC:9682
< DF6B  D0 04     BNE $DF71                       A:89 X:65 Y:00 P:27 SP:FB PPU: 85, 67 CYC:9684
< DF6D  E0 65     CPX #$65                        A:89 X:65 Y:00 P:27 SP:FB PPU: 85, 73 CYC:9686
< DF6F  F0 04     BEQ $DF75                       A:89 X:65 Y:00 P:27 SP:FB PPU: 85, 79 CYC:9688
< DF75  A9 FF     LDA #$FF                        A:89 X:65 Y:00 P:27 SP:FB PPU: 85, 88 CYC:9691
< DF77  85 01     STA $01 = FF                    A:FF X:65 Y:00 P:A5 SP:FB PPU: 85, 94 CYC:9693
< DF79  24 01     BIT $01 = FF                    A:FF X:65 Y:00 P:A5 SP:FB PPU: 85,103 CYC:9696
< DF7B  A0 34     LDY #$34                        A:FF X:65 Y:00 P:E5 SP:FB PPU: 85,112 CYC:9699
< DF7D  B9 FF FF  LDA $FFFF,Y @ 0033 = A3         A:FF X:65 Y:34 P:65 SP:FB PPU: 85,118 CYC:9701
< DF80  C9 A3     CMP #$A3                        A:A3 X:65 Y:34 P:E5 SP:FB PPU: 85,133 CYC:9706
< DF82  D0 02     BNE $DF86                       A:A3 X:65 Y:34 P:67 SP:FB PPU: 85,139 CYC:9708
< DF84  B0 04     BCS $DF8A                       A:A3 X:65 Y:34 P:67 SP:FB PPU: 85,145 CYC:9710
< DF8A  A9 46     LDA #$46                        A:A3 X:65 Y:34 P:67 SP:FB PPU: 85,154 CYC:9713
< DF8C  85 FF     STA $FF = 46                    A:46 X:65 Y:34 P:65 SP:FB PPU: 85,160 CYC:9715
< DF8E  A0 FF     LDY #$FF                        A:46 X:65 Y:34 P:65 SP:FB PPU: 85,169 CYC:9718
< DF90  B9 46 01  LDA $0146,Y @ 0245 = 12         A:46 X:65 Y:FF P:E5 SP:FB PPU: 85,175 CYC:9720
< DF93  C9 12     CMP #$12                        A:12 X:65 Y:FF P:65 SP:FB PPU: 85,190 CYC:9725
< DF95  F0 04     BEQ $DF9B                       A:12 X:65 Y:FF P:67 SP:FB PPU: 85,196 CYC:9727
< DF9B  A2 39     LDX #$39                        A:12 X:65 Y:FF P:67 SP:FB PPU: 85,205 CYC:9730
< DF9D  18        CLC                             A:12 X:39 Y:FF P:65 SP:FB PPU: 85,211 CYC:9732
< DF9E  A9 FF     LDA #$FF                        A:12 X:39 Y:FF P:64 SP:FB PPU: 85,217 CYC:9734
< DFA0  85 01     STA $01 = FF                    A:FF X:39 Y:FF P:E4 SP:FB PPU: 85,223 CYC:9736
< DFA2  24 01     BIT $01 = FF                    A:FF X:39 Y:FF P:E4 SP:FB PPU: 85,232 CYC:9739
< DFA4  A9 AA     LDA #$AA                        A:FF X:39 Y:FF P:E4 SP:FB PPU: 85,241 CYC:9742
< DFA6  8D 00 04  STA $0400 = 87                  A:AA X:39 Y:FF P:E4 SP:FB PPU: 85,247 CYC:9744
< DFA9  A9 55     LDA #$55                        A:AA X:39 Y:FF P:E4 SP:FB PPU: 85,259 CYC:9748
< DFAB  A0 00     LDY #$00                        A:55 X:39 Y:FF P:64 SP:FB PPU: 85,265 CYC:9750
< DFAD  19 00 04  ORA $0400,Y @ 0400 = AA         A:55 X:39 Y:00 P:66 SP:FB PPU: 85,271 CYC:9752
< DFB0  B0 08     BCS $DFBA                       A:FF X:39 Y:00 P:E4 SP:FB PPU: 85,283 CYC:9756
< DFB2  10 06     BPL $DFBA                       A:FF X:39 Y:00 P:E4 SP:FB PPU: 85,289 CYC:9758
< DFB4  C9 FF     CMP #$FF                        A:FF X:39 Y:00 P:E4 SP:FB PPU: 85,295 CYC:9760
< DFB6  D0 02     BNE $DFBA                       A:FF X:39 Y:00 P:67 SP:FB PPU: 85,301 CYC:9762
< DFB8  70 02     BVS $DFBC                       A:FF X:39 Y:00 P:67 SP:FB PPU: 85,307 CYC:9764
< DFBC  E8        INX                             A:FF X:39 Y:00 P:67 SP:FB PPU: 85,316 CYC:9767
< DFBD  38        SEC                             A:FF X:3A Y:00 P:65 SP:FB PPU: 85,322 CYC:9769
< DFBE  B8        CLV                             A:FF X:3A Y:00 P:65 SP:FB PPU: 85,328 CYC:9771
< DFBF  A9 00     LDA #$00                        A:FF X:3A Y:00 P:25 SP:FB PPU: 85,334 CYC:9773
< DFC1  19 00 04  ORA $0400,Y @ 0400 = AA         A:00 X:3A Y:00 P:27 SP:FB PPU: 85,340 CYC:9775
< DFC4  F0 06     BEQ $DFCC                       A:AA X:3A Y:00 P:A5 SP:FB PPU: 86, 11 CYC:9779
< DFC6  70 04     BVS $DFCC                       A:AA X:3A Y:00 P:A5 SP:FB PPU: 86, 17 CYC:9781
< DFC8  90 02     BCC $DFCC                       A:AA X:3A Y:00 P:A5 SP:FB PPU: 86, 23 CYC:9783
< DFCA  30 02     BMI $DFCE                       A:AA X:3A Y:00 P:A5 SP:FB PPU: 86, 29 CYC:9785
< DFCE  E8        INX                             A:AA X:3A Y:00 P:A5 SP:FB PPU: 86, 38 CYC:9788
< DFCF  18        CLC                             A:AA X:3B Y:00 P:25 SP:FB PPU: 86, 44 CYC:9790
< DFD0  24 01     BIT $01 = FF                    A:AA X:3B Y:00 P:24 SP:FB PPU: 86, 50 CYC:9792
< DFD2  A9 55     LDA #$55                        A:AA X:3B Y:00 P:E4 SP:FB PPU: 86, 59 CYC:9795
< DFD4  39 00 04  AND $0400,Y @ 0400 = AA         A:55 X:3B Y:00 P:64 SP:FB PPU: 86, 65 CYC:9797
< DFD7  D0 06     BNE $DFDF                       A:00 X:3B Y:00 P:66 SP:FB PPU: 86, 77 CYC:9801
< DFD9  50 04     BVC $DFDF                       A:00 X:3B Y:00 P:66 SP:FB PPU: 86, 83 CYC:9803
< DFDB  B0 02     BCS $DFDF                       A:00 X:3B Y:00 P:66 SP:FB PPU: 86, 89 CYC:9805
< DFDD  10 02     BPL $DFE1                       A:00 X:3B Y:00 P:66 SP:FB PPU: 86, 95 CYC:9807
< DFE1  E8        INX                             A:00 X:3B Y:00 P:66 SP:FB PPU: 86,104 CYC:9810
< DFE2  38        SEC                             A:00 X:3C Y:00 P:64 SP:FB PPU: 86,110 CYC:9812
< DFE3  B8        CLV                             A:00 X:3C Y:00 P:65 SP:FB PPU: 86,116 CYC:9814
< DFE4  A9 EF     LDA #$EF                        A:00 X:3C Y:00 P:25 SP:FB PPU: 86,122 CYC:9816
< DFE6  8D 00 04  STA $0400 = AA                  A:EF X:3C Y:00 P:A5 SP:FB PPU: 86,128 CYC:9818
< DFE9  A9 F8     LDA #$F8                        A:EF X:3C Y:00 P:A5 SP:FB PPU: 86,140 CYC:9822
< DFEB  39 00 04  AND $0400,Y @ 0400 = EF         A:F8 X:3C Y:00 P:A5 SP:FB PPU: 86,146 CYC:9824
< DFEE  90 08     BCC $DFF8                       A:E8 X:3C Y:00 P:A5 SP:FB PPU: 86,158 CYC:9828
< DFF0  10 06     BPL $DFF8                       A:E8 X:3C Y:00 P:A5 SP:FB PPU: 86,164 CYC:9830
< DFF2  C9 E8     CMP #$E8                        A:E8 X:3C Y:00 P:A5 SP:FB PPU: 86,170 CYC:9832
< DFF4  D0 02     BNE $DFF8                       A:E8 X:3C Y:00 P:27 SP:FB PPU: 86,176 CYC:9834
< DFF6  50 02     BVC $DFFA                       A:E8 X:3C Y:00 P:27 SP:FB PPU: 86,182 CYC:9836
< DFFA  E8        INX                             A:E8 X:3C Y:00 P:27 SP:FB PPU: 86,191 CYC:9839
< DFFB  18        CLC                             A:E8 X:3D Y:00 P:25 SP:FB PPU: 86,197 CYC:9841
< DFFC  24 01     BIT $01 = FF                    A:E8 X:3D Y:00 P:24 SP:FB PPU: 86,203 CYC:9843
< DFFE  A9 AA     LDA #$AA                        A:E8 X:3D Y:00 P:E4 SP:FB PPU: 86,212 CYC:9846
< E000  8D 00 04  STA $0400 = EF                  A:AA X:3D Y:00 P:E4 SP:FB PPU: 86,218 CYC:9848
< E003  A9 5F     LDA #$5F                        A:AA X:3D Y:00 P:E4 SP:FB PPU: 86,230 CYC:9852
< E005  59 00 04  EOR $0400,Y @ 0400 = AA         A:5F X:3D Y:00 P:64 SP:FB PPU: 86,236 CYC:9854
< E008  B0 08     BCS $E012                       A:F5 X:3D Y:00 P:E4 SP:FB PPU: 86,248 CYC:9858
< E00A  10 06     BPL $E012                       A:F5 X:3D Y:00 P:E4 SP:FB PPU: 86,254 CYC:9860
< E00C  C9 F5     CMP #$F5                        A:F5 X:3D Y:00 P:E4 SP:FB PPU: 86,260 CYC:9862
< E00E  D0 02     BNE $E012                       A:F5 X:3D Y:00 P:67 SP:FB PPU: 86,266 CYC:9864
< E010  70 02     BVS $E014                       A:F5 X:3D Y:00 P:67 SP:FB PPU: 86,272 CYC:9866
< E014  E8        INX                             A:F5 X:3D Y:00 P:67 SP:FB PPU: 86,281 CYC:9869
< E015  38        SEC                             A:F5 X:3E Y:00 P:65 SP:FB PPU: 86,287 CYC:9871
< E016  B8        CLV                             A:F5 X:3E Y:00 P:65 SP:FB PPU: 86,293 CYC:9873
< E017  A9 70     LDA #$70                        A:F5 X:3E Y:00 P:25 SP:FB PPU: 86,299 CYC:9875
< E019  8D 00 04  STA $0400 = AA                  A:70 X:3E Y:00 P:25 SP:FB PPU: 86,305 CYC:9877
< E01C  59 00 04  EOR $0400,Y @ 0400 = 70         A:70 X:3E Y:00 P:25 SP:FB PPU: 86,317 CYC:9881
< E01F  D0 06     BNE $E027                       A:00 X:3E Y:00 P:27 SP:FB PPU: 86,329 CYC:9885
< E021  70 04     BVS $E027                       A:00 X:3E Y:00 P:27 SP:FB PPU: 86,335 CYC:9887
< E023  90 02     BCC $E027                       A:00 X:3E Y:00 P:27 SP:FB PPU: 87,  0 CYC:9889
< E025  10 02     BPL $E029                       A:00 X:3E Y:00 P:27 SP:FB PPU: 87,  6 CYC:9891
< E029  E8        INX                             A:00 X:3E Y:00 P:27 SP:FB PPU: 87, 15 CYC:9894
< E02A  18        CLC                             A:00 X:3F Y:00 P:25 SP:FB PPU: 87, 21 CYC:9896
< E02B  24 01     BIT $01 = FF                    A:00 X:3F Y:00 P:24 SP:FB PPU: 87, 27 CYC:9898
< E02D  A9 69     LDA #$69                        A:00 X:3F Y:00 P:E6 SP:FB PPU: 87, 36 CYC:9901
< E02F  8D 00 04  STA $0400 = 70                  A:69 X:3F Y:00 P:64 SP:FB PPU: 87, 42 CYC:9903
< E032  A9 00     LDA #$00                        A:69 X:3F Y:00 P:64 SP:FB PPU: 87, 54 CYC:9907
< E034  79 00 04  ADC $0400,Y @ 0400 = 69         A:00 X:3F Y:00 P:66 SP:FB PPU: 87, 60 CYC:9909
< E037  30 08     BMI $E041                       A:69 X:3F Y:00 P:24 SP:FB PPU: 87, 72 CYC:9913
< E039  B0 06     BCS $E041                       A:69 X:3F Y:00 P:24 SP:FB PPU: 87, 78 CYC:9915
< E03B  C9 69     CMP #$69                        A:69 X:3F Y:00 P:24 SP:FB PPU: 87, 84 CYC:9917
< E03D  D0 02     BNE $E041                       A:69 X:3F Y:00 P:27 SP:FB PPU: 87, 90 CYC:9919
< E03F  50 02     BVC $E043                       A:69 X:3F Y:00 P:27 SP:FB PPU: 87, 96 CYC:9921
< E043  E8        INX                             A:69 X:3F Y:00 P:27 SP:FB PPU: 87,105 CYC:9924
< E044  38        SEC                             A:69 X:40 Y:00 P:25 SP:FB PPU: 87,111 CYC:9926
< E045  24 01     BIT $01 = FF                    A:69 X:40 Y:00 P:25 SP:FB PPU: 87,117 CYC:9928
< E047  A9 00     LDA #$00                        A:69 X:40 Y:00 P:E5 SP:FB PPU: 87,126 CYC:9931
< E049  79 00 04  ADC $0400,Y @ 0400 = 69         A:00 X:40 Y:00 P:67 SP:FB PPU: 87,132 CYC:9933
< E04C  30 08     BMI $E056                       A:6A X:40 Y:00 P:24 SP:FB PPU: 87,144 CYC:9937
< E04E  B0 06     BCS $E056                       A:6A X:40 Y:00 P:24 SP:FB PPU: 87,150 CYC:9939
< E050  C9 6A     CMP #$6A                        A:6A X:40 Y:00 P:24 SP:FB PPU: 87,156 CYC:9941
< E052  D0 02     BNE $E056                       A:6A X:40 Y:00 P:27 SP:FB PPU: 87,162 CYC:9943
< E054  50 02     BVC $E058                       A:6A X:40 Y:00 P:27 SP:FB PPU: 87,168 CYC:9945
< E058  E8        INX                             A:6A X:40 Y:00 P:27 SP:FB PPU: 87,177 CYC:9948
< E059  38        SEC                             A:6A X:41 Y:00 P:25 SP:FB PPU: 87,183 CYC:9950
< E05A  B8        CLV                             A:6A X:41 Y:00 P:25 SP:FB PPU: 87,189 CYC:9952
< E05B  A9 7F     LDA #$7F                        A:6A X:41 Y:00 P:25 SP:FB PPU: 87,195 CYC:9954
< E05D  8D 00 04  STA $0400 = 69                  A:7F X:41 Y:00 P:25 SP:FB PPU: 87,201 CYC:9956
< E060  79 00 04  ADC $0400,Y @ 0400 = 7F         A:7F X:41 Y:00 P:25 SP:FB PPU: 87,213 CYC:9960
< E063  10 08     BPL $E06D                       A:FF X:41 Y:00 P:E4 SP:FB PPU: 87,225 CYC:9964
< E065  B0 06     BCS $E06D                       A:FF X:41 Y:00 P:E4 SP:FB PPU: 87,231 CYC:9966
< E067  C9 FF     CMP #$FF                        A:FF X:41 Y:00 P:E4 SP:FB PPU: 87,237 CYC:9968
< E069  D0 02     BNE $E06D                       A:FF X:41 Y:00 P:67 SP:FB PPU: 87,243 CYC:9970
< E06B  70 02     BVS $E06F                       A:FF X:41 Y:00 P:67 SP:FB PPU: 87,249 CYC:9972
< E06F  E8        INX                             A:FF X:41 Y:00 P:67 SP:FB PPU: 87,258 CYC:9975
< E070  18        CLC                             A:FF X:42 Y:00 P:65 SP:FB PPU: 87,264 CYC:9977
< E071  24 01     BIT $01 = FF                    A:FF X:42 Y:00 P:64 SP:FB PPU: 87,270 CYC:9979
< E073  A9 80     LDA #$80                        A:FF X:42 Y:00 P:E4 SP:FB PPU: 87,279 CYC:9982
< E075  8D 00 04  STA $0400 = 7F                  A:80 X:42 Y:00 P:E4 SP:FB PPU: 87,285 CYC:9984
< E078  A9 7F     LDA #$7F                        A:80 X:42 Y:00 P:E4 SP:FB PPU: 87,297 CYC:9988
< E07A  79 00 04  ADC $0400,Y @ 0400 = 80         A:7F X:42 Y:00 P:64 SP:FB PPU: 87,303 CYC:9990
< E07D  10 08     BPL $E087                       A:FF X:42 Y:00 P:A4 SP:FB PPU: 87,315 CYC:9994
< E07F  B0 06     BCS $E087                       A:FF X:42 Y:00 P:A4 SP:FB PPU: 87,321 CYC:9996
< E081  C9 FF     CMP #$FF                        A:FF X:42 Y:00 P:A4 SP:FB PPU: 87,327 CYC:9998
< E083  D0 02     BNE $E087                       A:FF X:42 Y:00 P:27 SP:FB PPU: 87,333 CYC:10000
< E085  50 02     BVC $E089                       A:FF X:42 Y:00 P:27 SP:FB PPU: 87,339 CYC:10002
< E089  E8        INX                             A:FF X:42 Y:00 P:27 SP:FB PPU: 88,  7 CYC:10005
< E08A  38        SEC                             A:FF X:43 Y:00 P:25 SP:FB PPU: 88, 13 CYC:10007
< E08B  B8        CLV                             A:FF X:43 Y:00 P:25 SP:FB PPU: 88, 19 CYC:10009
< E08C  A9 80     LDA #$80                        A:FF X:43 Y:00 P:25 SP:FB PPU: 88, 25 CYC:10011
< E08E  8D 00 04  STA $0400 = 80                  A:80 X:43 Y:00 P:A5 SP:FB PPU: 88, 31 CYC:10013
< E091  A9 7F     LDA #$7F                        A:80 X:43 Y:00 P:A5 SP:FB PPU: 88, 43 CYC:10017
< E093  79 00 04  ADC $0400,Y @ 0400 = 80         A:7F X:43 Y:00 P:25 SP:FB PPU: 88, 49 CYC:10019
< E096  D0 06     BNE $E09E                       A:00 X:43 Y:00 P:27 SP:FB PPU: 88, 61 CYC:10023
< E098  30 04     BMI $E09E                       A:00 X:43 Y:00 P:27 SP:FB PPU: 88, 67 CYC:10025
< E09A  70 02     BVS $E09E                       A:00 X:43 Y:00 P:27 SP:FB PPU: 88, 73 CYC:10027
< E09C  B0 02     BCS $E0A0                       A:00 X:43 Y:00 P:27 SP:FB PPU: 88, 79 CYC:10029
< E0A0  E8        INX                             A:00 X:43 Y:00 P:27 SP:FB PPU: 88, 88 CYC:10032
< E0A1  24 01     BIT $01 = FF                    A:00 X:44 Y:00 P:25 SP:FB PPU: 88, 94 CYC:10034
< E0A3  A9 40     LDA #$40                        A:00 X:44 Y:00 P:E7 SP:FB PPU: 88,103 CYC:10037
< E0A5  8D 00 04  STA $0400 = 80                  A:40 X:44 Y:00 P:65 SP:FB PPU: 88,109 CYC:10039
< E0A8  D9 00 04  CMP $0400,Y @ 0400 = 40         A:40 X:44 Y:00 P:65 SP:FB PPU: 88,121 CYC:10043
< E0AB  30 06     BMI $E0B3                       A:40 X:44 Y:00 P:67 SP:FB PPU: 88,133 CYC:10047
< E0AD  90 04     BCC $E0B3                       A:40 X:44 Y:00 P:67 SP:FB PPU: 88,139 CYC:10049
< E0AF  D0 02     BNE $E0B3                       A:40 X:44 Y:00 P:67 SP:FB PPU: 88,145 CYC:10051
< E0B1  70 02     BVS $E0B5                       A:40 X:44 Y:00 P:67 SP:FB PPU: 88,151 CYC:10053
< E0B5  E8        INX                             A:40 X:44 Y:00 P:67 SP:FB PPU: 88,160 CYC:10056
< E0B6  B8        CLV                             A:40 X:45 Y:00 P:65 SP:FB PPU: 88,166 CYC:10058
< E0B7  CE 00 04  DEC $0400 = 40                  A:40 X:45 Y:00 P:25 SP:FB PPU: 88,172 CYC:10060
< E0BA  D9 00 04  CMP $0400,Y @ 0400 = 3F         A:40 X:45 Y:00 P:25 SP:FB PPU: 88,190 CYC:10066
< E0BD  F0 06     BEQ $E0C5                       A:40 X:45 Y:00 P:25 SP:FB PPU: 88,202 CYC:10070
< E0BF  30 04     BMI $E0C5                       A:40 X:45 Y:00 P:25 SP:FB PPU: 88,208 CYC:10072
< E0C1  90 02     BCC $E0C5                       A:40 X:45 Y:00 P:25 SP:FB PPU: 88,214 CYC:10074
< E0C3  50 02     BVC $E0C7                       A:40 X:45 Y:00 P:25 SP:FB PPU: 88,220 CYC:10076
< E0C7  E8        INX                             A:40 X:45 Y:00 P:25 SP:FB PPU: 88,229 CYC:10079
< E0C8  EE 00 04  INC $0400 = 3F                  A:40 X:46 Y:00 P:25 SP:FB PPU: 88,235 CYC:10081
< E0CB  EE 00 04  INC $0400 = 40                  A:40 X:46 Y:00 P:25 SP:FB PPU: 88,253 CYC:10087
< E0CE  D9 00 04  CMP $0400,Y @ 0400 = 41         A:40 X:46 Y:00 P:25 SP:FB PPU: 88,271 CYC:10093
< E0D1  F0 02     BEQ $E0D5                       A:40 X:46 Y:00 P:A4 SP:FB PPU: 88,283 CYC:10097
< E0D3  30 02     BMI $E0D7                       A:40 X:46 Y:00 P:A4 SP:FB PPU: 88,289 CYC:10099
< E0D7  E8        INX                             A:40 X:46 Y:00 P:A4 SP:FB PPU: 88,298 CYC:10102
< E0D8  A9 00     LDA #$00                        A:40 X:47 Y:00 P:24 SP:FB PPU: 88,304 CYC:10104
< E0DA  8D 00 04  STA $0400 = 41                  A:00 X:47 Y:00 P:26 SP:FB PPU: 88,310 CYC:10106
< E0DD  A9 80     LDA #$80                        A:00 X:47 Y:00 P:26 SP:FB PPU: 88,322 CYC:10110
< E0DF  D9 00 04  CMP $0400,Y @ 0400 = 00         A:80 X:47 Y:00 P:A4 SP:FB PPU: 88,328 CYC:10112
< E0E2  F0 04     BEQ $E0E8                       A:80 X:47 Y:00 P:A5 SP:FB PPU: 88,340 CYC:10116
< E0E4  10 02     BPL $E0E8                       A:80 X:47 Y:00 P:A5 SP:FB PPU: 89,  5 CYC:10118
< E0E6  B0 02     BCS $E0EA                       A:80 X:47 Y:00 P:A5 SP:FB PPU: 89, 11 CYC:10120
< E0EA  E8        INX                             A:80 X:47 Y:00 P:A5 SP:FB PPU: 89, 20 CYC:10123
< E0EB  A0 80     LDY #$80                        A:80 X:48 Y:00 P:25 SP:FB PPU: 89, 26 CYC:10125
< E0ED  8C 00 04  STY $0400 = 00                  A:80 X:48 Y:80 P:A5 SP:FB PPU: 89, 32 CYC:10127
< E0F0  A0 00     LDY #$00                        A:80 X:48 Y:80 P:A5 SP:FB PPU: 89, 44 CYC:10131
< E0F2  D9 00 04  CMP $0400,Y @ 0400 = 80         A:80 X:48 Y:00 P:27 SP:FB PPU: 89, 50 CYC:10133
< E0F5  D0 04     BNE $E0FB                       A:80 X:48 Y:00 P:27 SP:FB PPU: 89, 62 CYC:10137
< E0F7  30 02     BMI $E0FB                       A:80 X:48 Y:00 P:27 SP:FB PPU: 89, 68 CYC:10139
< E0F9  B0 02     BCS $E0FD                       A:80 X:48 Y:00 P:27 SP:FB PPU: 89, 74 CYC:10141
< E0FD  E8        INX                             A:80 X:48 Y:00 P:27 SP:FB PPU: 89, 83 CYC:10144
< E0FE  EE 00 04  INC $0400 = 80                  A:80 X:49 Y:00 P:25 SP:FB PPU: 89, 89 CYC:10146
< E101  D9 00 04  CMP $0400,Y @ 0400 = 81         A:80 X:49 Y:00 P:A5 SP:FB PPU: 89,107 CYC:10152
< E104  B0 04     BCS $E10A                       A:80 X:49 Y:00 P:A4 SP:FB PPU: 89,119 CYC:10156
< E106  F0 02     BEQ $E10A                       A:80 X:49 Y:00 P:A4 SP:FB PPU: 89,125 CYC:10158
< E108  30 02     BMI $E10C                       A:80 X:49 Y:00 P:A4 SP:FB PPU: 89,131 CYC:10160
< E10C  E8        INX                             A:80 X:49 Y:00 P:A4 SP:FB PPU: 89,140 CYC:10163
< E10D  CE 00 04  DEC $0400 = 81                  A:80 X:4A Y:00 P:24 SP:FB PPU: 89,146 CYC:10165
< E110  CE 00 04  DEC $0400 = 80                  A:80 X:4A Y:00 P:A4 SP:FB PPU: 89,164 CYC:10171
< E113  D9 00 04  CMP $0400,Y @ 0400 = 7F         A:80 X:4A Y:00 P:24 SP:FB PPU: 89,182 CYC:10177
< E116  90 04     BCC $E11C                       A:80 X:4A Y:00 P:25 SP:FB PPU: 89,194 CYC:10181
< E118  F0 02     BEQ $E11C                       A:80 X:4A Y:00 P:25 SP:FB PPU: 89,200 CYC:10183
< E11A  10 02     BPL $E11E                       A:80 X:4A Y:00 P:25 SP:FB PPU: 89,206 CYC:10185
< E11E  E8        INX                             A:80 X:4A Y:00 P:25 SP:FB PPU: 89,215 CYC:10188
< E11F  24 01     BIT $01 = FF                    A:80 X:4B Y:00 P:25 SP:FB PPU: 89,221 CYC:10190
< E121  A9 40     LDA #$40                        A:80 X:4B Y:00 P:E5 SP:FB PPU: 89,230 CYC:10193
< E123  8D 00 04  STA $0400 = 7F                  A:40 X:4B Y:00 P:65 SP:FB PPU: 89,236 CYC:10195
< E126  38        SEC                             A:40 X:4B Y:00 P:65 SP:FB PPU: 89,248 CYC:10199
< E127  F9 00 04  SBC $0400,Y @ 0400 = 40         A:40 X:4B Y:00 P:65 SP:FB PPU: 89,254 CYC:10201
< E12A  30 0A     BMI $E136                       A:00 X:4B Y:00 P:27 SP:FB PPU: 89,266 CYC:10205
< E12C  90 08     BCC $E136                       A:00 X:4B Y:00 P:27 SP:FB PPU: 89,272 CYC:10207
< E12E  D0 06     BNE $E136                       A:00 X:4B Y:00 P:27 SP:FB PPU: 89,278 CYC:10209
< E130  70 04     BVS $E136                       A:00 X:4B Y:00 P:27 SP:FB PPU: 89,284 CYC:10211
< E132  C9 00     CMP #$00                        A:00 X:4B Y:00 P:27 SP:FB PPU: 89,290 CYC:10213
< E134  F0 02     BEQ $E138                       A:00 X:4B Y:00 P:27 SP:FB PPU: 89,296 CYC:10215
< E138  E8        INX                             A:00 X:4B Y:00 P:27 SP:FB PPU: 89,305 CYC:10218
< E139  B8        CLV                             A:00 X:4C Y:00 P:25 SP:FB PPU: 89,311 CYC:10220
< E13A  38        SEC                             A:00 X:4C Y:00 P:25 SP:FB PPU: 89,317 CYC:10222
< E13B  A9 40     LDA #$40                        A:00 X:4C Y:00 P:25 SP:FB PPU: 89,323 CYC:10224
< E13D  CE 00 04  DEC $0400 = 40                  A:40 X:4C Y:00 P:25 SP:FB PPU: 89,329 CYC:10226
< E140  F9 00 04  SBC $0400,Y @ 0400 = 3F         A:40 X:4C Y:00 P:25 SP:FB PPU: 90,  6 CYC:10232
< E143  F0 0A     BEQ $E14F                       A:01 X:4C Y:00 P:25 SP:FB PPU: 90, 18 CYC:10236
< E145  30 08     BMI $E14F                       A:01 X:4C Y:00 P:25 SP:FB PPU: 90, 24 CYC:10238
< E147  90 06     BCC $E14F                       A:01 X:4C Y:00 P:25 SP:FB PPU: 90, 30 CYC:10240
< E149  70 04     BVS $E14F                       A:01 X:4C Y:00 P:25 SP:FB PPU: 90, 36 CYC:10242
< E14B  C9 01     CMP #$01                        A:01 X:4C Y:00 P:25 SP:FB PPU: 90, 42 CYC:10244
< E14D  F0 02     BEQ $E151                       A:01 X:4C Y:00 P:27 SP:FB PPU: 90, 48 CYC:10246
< E151  E8        INX                             A:01 X:4C Y:00 P:27 SP:FB PPU: 90, 57 CYC:10249
< E152  A9 40     LDA #$40                        A:01 X:4D Y:00 P:25 SP:FB PPU: 90, 63 CYC:10251
< E154  38        SEC                             A:40 X:4D Y:00 P:25 SP:FB PPU: 90, 69 CYC:10253
< E155  24 01     BIT $01 = FF                    A:40 X:4D Y:00 P:25 SP:FB PPU: 90, 75 CYC:10255
< E157  EE 00 04  INC $0400 = 3F                  A:40 X:4D Y:00 P:E5 SP:FB PPU: 90, 84 CYC:10258
< E15A  EE 00 04  INC $0400 = 40                  A:40 X:4D Y:00 P:65 SP:FB PPU: 90,102 CYC:10264
< E15D  F9 00 04  SBC $0400,Y @ 0400 = 41         A:40 X:4D Y:00 P:65 SP:FB PPU: 90,120 CYC:10270
< E160  B0 0A     BCS $E16C                       A:FF X:4D Y:00 P:A4 SP:FB PPU: 90,132 CYC:10274
< E162  F0 08     BEQ $E16C                       A:FF X:4D Y:00 P:A4 SP:FB PPU: 90,138 CYC:10276
< E164  10 06     BPL $E16C                       A:FF X:4D Y:00 P:A4 SP:FB PPU: 90,144 CYC:10278
< E166  70 04     BVS $E16C                       A:FF X:4D Y:00 P:A4 SP:FB PPU: 90,150 CYC:10280
< E168  C9 FF     CMP #$FF                        A:FF X:4D Y:00 P:A4 SP:FB PPU: 90,156 CYC:10282
< E16A  F0 02     BEQ $E16E                       A:FF X:4D Y:00 P:27 SP:FB PPU: 90,162 CYC:10284
< E16E  E8        INX                             A:FF X:4D Y:00 P:27 SP:FB PPU: 90,171 CYC:10287
< E16F  18        CLC                             A:FF X:4E Y:00 P:25 SP:FB PPU: 90,177 CYC:10289
< E170  A9 00     LDA #$00                        A:FF X:4E Y:00 P:24 SP:FB PPU: 90,183 CYC:10291
< E172  8D 00 04  STA $0400 = 41                  A:00 X:4E Y:00 P:26 SP:FB PPU: 90,189 CYC:10293
< E175  A9 80     LDA #$80                        A:00 X:4E Y:00 P:26 SP:FB PPU: 90,201 CYC:10297
< E177  F9 00 04  SBC $0400,Y @ 0400 = 00         A:80 X:4E Y:00 P:A4 SP:FB PPU: 90,207 CYC:10299
< E17A  90 04     BCC $E180                       A:7F X:4E Y:00 P:65 SP:FB PPU: 90,219 CYC:10303
< E17C  C9 7F     CMP #$7F                        A:7F X:4E Y:00 P:65 SP:FB PPU: 90,225 CYC:10305
< E17E  F0 02     BEQ $E182                       A:7F X:4E Y:00 P:67 SP:FB PPU: 90,231 CYC:10307
< E182  E8        INX                             A:7F X:4E Y:00 P:67 SP:FB PPU: 90,240 CYC:10310
< E183  38        SEC                             A:7F X:4F Y:00 P:65 SP:FB PPU: 90,246 CYC:10312
< E184  A9 7F     LDA #$7F                        A:7F X:4F Y:00 P:65 SP:FB PPU: 90,252 CYC:10314
< E186  8D 00 04  STA $0400 = 00                  A:7F X:4F Y:00 P:65 SP:FB PPU: 90,258 CYC:10316
< E189  A9 81     LDA #$81                        A:7F X:4F Y:00 P:65 SP:FB PPU: 90,270 CYC:10320
< E18B  F9 00 04  SBC $0400,Y @ 0400 = 7F         A:81 X:4F Y:00 P:E5 SP:FB PPU: 90,276 CYC:10322
< E18E  50 06     BVC $E196                       A:02 X:4F Y:00 P:65 SP:FB PPU: 90,288 CYC:10326
< E190  90 04     BCC $E196                       A:02 X:4F Y:00 P:65 SP:FB PPU: 90,294 CYC:10328
< E192  C9 02     CMP #$02                        A:02 X:4F Y:00 P:65 SP:FB PPU: 90,300 CYC:10330
< E194  F0 02     BEQ $E198                       A:02 X:4F Y:00 P:67 SP:FB PPU: 90,306 CYC:10332
< E198  E8        INX                             A:02 X:4F Y:00 P:67 SP:FB PPU: 90,315 CYC:10335
< E199  A9 00     LDA #$00                        A:02 X:50 Y:00 P:65 SP:FB PPU: 90,321 CYC:10337
< E19B  A9 87     LDA #$87                        A:00 X:50 Y:00 P:67 SP:FB PPU: 90,327 CYC:10339
< E19D  99 00 04  STA $0400,Y @ 0400 = 7F         A:87 X:50 Y:00 P:E5 SP:FB PPU: 90,333 CYC:10341
< E1A0  AD 00 04  LDA $0400 = 87                  A:87 X:50 Y:00 P:E5 SP:FB PPU: 91,  7 CYC:10346
< E1A3  C9 87     CMP #$87                        A:87 X:50 Y:00 P:E5 SP:FB PPU: 91, 19 CYC:10350
< E1A5  F0 02     BEQ $E1A9                       A:87 X:50 Y:00 P:67 SP:FB PPU: 91, 25 CYC:10352
< E1A9  60        RTS                             A:87 X:50 Y:00 P:67 SP:FB PPU: 91, 34 CYC:10355
< C629  20 B8 DB  JSR $DBB8                       A:87 X:50 Y:00 P:67 SP:FD PPU: 91, 52 CYC:10361
< DBB8  A9 FF     LDA #$FF                        A:87 X:50 Y:00 P:67 SP:FB PPU: 91, 70 CYC:10367
< DBBA  85 01     STA $01 = FF                    A:FF X:50 Y:00 P:E5 SP:FB PPU: 91, 76 CYC:10369
< DBBC  A9 AA     LDA #$AA                        A:FF X:50 Y:00 P:E5 SP:FB PPU: 91, 85 CYC:10372
< DBBE  85 33     STA $33 = A3                    A:AA X:50 Y:00 P:E5 SP:FB PPU: 91, 91 CYC:10374
< DBC0  A9 BB     LDA #$BB                        A:AA X:50 Y:00 P:E5 SP:FB PPU: 91,100 CYC:10377
< DBC2  85 89     STA $89 = 00                    A:BB X:50 Y:00 P:E5 SP:FB PPU: 91,106 CYC:10379
< DBC4  A2 00     LDX #$00                        A:BB X:50 Y:00 P:E5 SP:FB PPU: 91,115 CYC:10382
< DBC6  A9 66     LDA #$66                        A:BB X:00 Y:00 P:67 SP:FB PPU: 91,121 CYC:10384
< DBC8  24 01     BIT $01 = FF                    A:66 X:00 Y:00 P:65 SP:FB PPU: 91,127 CYC:10386
< DBCA  38        SEC                             A:66 X:00 Y:00 P:E5 SP:FB PPU: 91,136 CYC:10389
< DBCB  A0 00     LDY #$00                        A:66 X:00 Y:00 P:E5 SP:FB PPU: 91,142 CYC:10391
< DBCD  B4 33     LDY $33,X @ 33 = AA             A:66 X:00 Y:00 P:67 SP:FB PPU: 91,148 CYC:10393
< DBCF  10 12     BPL $DBE3                       A:66 X:00 Y:AA P:E5 SP:FB PPU: 91,160 CYC:10397
< DBD1  F0 10     BEQ $DBE3                       A:66 X:00 Y:AA P:E5 SP:FB PPU: 91,166 CYC:10399
< DBD3  50 0E     BVC $DBE3                       A:66 X:00 Y:AA P:E5 SP:FB PPU: 91,172 CYC:10401
< DBD5  90 0C     BCC $DBE3                       A:66 X:00 Y:AA P:E5 SP:FB PPU: 91,178 CYC:10403
< DBD7  C9 66     CMP #$66                        A:66 X:00 Y:AA P:E5 SP:FB PPU: 91,184 CYC:10405
< DBD9  D0 08     BNE $DBE3                       A:66 X:00 Y:AA P:67 SP:FB PPU: 91,190 CYC:10407
< DBDB  E0 00     CPX #$00                        A:66 X:00 Y:AA P:67 SP:FB PPU: 91,196 CYC:10409
< DBDD  D0 04     BNE $DBE3                       A:66 X:00 Y:AA P:67 SP:FB PPU: 91,202 CYC:10411
< DBDF  C0 AA     CPY #$AA                        A:66 X:00 Y:AA P:67 SP:FB PPU: 91,208 CYC:10413
< DBE1  F0 04     BEQ $DBE7                       A:66 X:00 Y:AA P:67 SP:FB PPU: 91,214 CYC:10415
< DBE7  A2 8A     LDX #$8A                        A:66 X:00 Y:AA P:67 SP:FB PPU: 91,223 CYC:10418
< DBE9  A9 66     LDA #$66                        A:66 X:8A Y:AA P:E5 SP:FB PPU: 91,229 CYC:10420
< DBEB  B8        CLV                             A:66 X:8A Y:AA P:65 SP:FB PPU: 91,235 CYC:10422
< DBEC  18        CLC                             A:66 X:8A Y:AA P:25 SP:FB PPU: 91,241 CYC:10424
< DBED  A0 00     LDY #$00                        A:66 X:8A Y:AA P:24 SP:FB PPU: 91,247 CYC:10426
< DBEF  B4 FF     LDY $FF,X @ 89 = BB             A:66 X:8A Y:00 P:26 SP:FB PPU: 91,253 CYC:10428
< DBF1  10 12     BPL $DC05                       A:66 X:8A Y:BB P:A4 SP:FB PPU: 91,265 CYC:10432
< DBF3  F0 10     BEQ $DC05                       A:66 X:8A Y:BB P:A4 SP:FB PPU: 91,271 CYC:10434
< DBF5  70 0E     BVS $DC05                       A:66 X:8A Y:BB P:A4 SP:FB PPU: 91,277 CYC:10436
< DBF7  B0 0C     BCS $DC05                       A:66 X:8A Y:BB P:A4 SP:FB PPU: 91,283 CYC:10438
< DBF9  C0 BB     CPY #$BB                        A:66 X:8A Y:BB P:A4 SP:FB PPU: 91,289 CYC:10440
< DBFB  D0 08     BNE $DC05                       A:66 X:8A Y:BB P:27 SP:FB PPU: 91,295 CYC:10442
< DBFD  C9 66     CMP #$66                        A:66 X:8A Y:BB P:27 SP:FB PPU: 91,301 CYC:10444
< DBFF  D0 04     BNE $DC05                       A:66 X:8A Y:BB P:27 SP:FB PPU: 91,307 CYC:10446
< DC01  E0 8A     CPX #$8A                        A:66 X:8A Y:BB P:27 SP:FB PPU: 91,313 CYC:10448
< DC03  F0 04     BEQ $DC09                       A:66 X:8A Y:BB P:27 SP:FB PPU: 91,319 CYC:10450
< DC09  24 01     BIT $01 = FF                    A:66 X:8A Y:BB P:27 SP:FB PPU: 91,328 CYC:10453
< DC0B  38        SEC                             A:66 X:8A Y:BB P:E5 SP:FB PPU: 91,337 CYC:10456
< DC0C  A0 44     LDY #$44                        A:66 X:8A Y:BB P:E5 SP:FB PPU: 92,  2 CYC:10458
< DC0E  A2 00     LDX #$00                        A:66 X:8A Y:44 P:65 SP:FB PPU: 92,  8 CYC:10460
< DC10  94 33     STY $33,X @ 33 = AA             A:66 X:00 Y:44 P:67 SP:FB PPU: 92, 14 CYC:10462
< DC12  A5 33     LDA $33 = 44                    A:66 X:00 Y:44 P:67 SP:FB PPU: 92, 26 CYC:10466
< DC14  90 18     BCC $DC2E                       A:44 X:00 Y:44 P:65 SP:FB PPU: 92, 35 CYC:10469
< DC16  C9 44     CMP #$44                        A:44 X:00 Y:44 P:65 SP:FB PPU: 92, 41 CYC:10471
< DC18  D0 14     BNE $DC2E                       A:44 X:00 Y:44 P:67 SP:FB PPU: 92, 47 CYC:10473
< DC1A  50 12     BVC $DC2E                       A:44 X:00 Y:44 P:67 SP:FB PPU: 92, 53 CYC:10475
< DC1C  18        CLC                             A:44 X:00 Y:44 P:67 SP:FB PPU: 92, 59 CYC:10477
< DC1D  B8        CLV                             A:44 X:00 Y:44 P:66 SP:FB PPU: 92, 65 CYC:10479
< DC1E  A0 99     LDY #$99                        A:44 X:00 Y:44 P:26 SP:FB PPU: 92, 71 CYC:10481
< DC20  A2 80     LDX #$80                        A:44 X:00 Y:99 P:A4 SP:FB PPU: 92, 77 CYC:10483
< DC22  94 85     STY $85,X @ 05 = 00             A:44 X:80 Y:99 P:A4 SP:FB PPU: 92, 83 CYC:10485
< DC24  A5 05     LDA $05 = 99                    A:44 X:80 Y:99 P:A4 SP:FB PPU: 92, 95 CYC:10489
< DC26  B0 06     BCS $DC2E                       A:99 X:80 Y:99 P:A4 SP:FB PPU: 92,104 CYC:10492
< DC28  C9 99     CMP #$99                        A:99 X:80 Y:99 P:A4 SP:FB PPU: 92,110 CYC:10494
< DC2A  D0 02     BNE $DC2E                       A:99 X:80 Y:99 P:27 SP:FB PPU: 92,116 CYC:10496
< DC2C  50 04     BVC $DC32                       A:99 X:80 Y:99 P:27 SP:FB PPU: 92,122 CYC:10498
< DC32  A0 0B     LDY #$0B                        A:99 X:80 Y:99 P:27 SP:FB PPU: 92,131 CYC:10501
< DC34  A9 AA     LDA #$AA                        A:99 X:80 Y:0B P:25 SP:FB PPU: 92,137 CYC:10503
< DC36  A2 78     LDX #$78                        A:AA X:80 Y:0B P:A5 SP:FB PPU: 92,143 CYC:10505
< DC38  85 78     STA $78 = 00                    A:AA X:78 Y:0B P:25 SP:FB PPU: 92,149 CYC:10507
< DC3A  20 B6 F7  JSR $F7B6                       A:AA X:78 Y:0B P:25 SP:FB PPU: 92,158 CYC:10510
< F7B6  18        CLC                             A:AA X:78 Y:0B P:25 SP:F9 PPU: 92,176 CYC:10516
< F7B7  A9 FF     LDA #$FF                        A:AA X:78 Y:0B P:24 SP:F9 PPU: 92,182 CYC:10518
< F7B9  85 01     STA $01 = FF                    A:FF X:78 Y:0B P:A4 SP:F9 PPU: 92,188 CYC:10520
< F7BB  24 01     BIT $01 = FF                    A:FF X:78 Y:0B P:A4 SP:F9 PPU: 92,197 CYC:10523
< F7BD  A9 55     LDA #$55                        A:FF X:78 Y:0B P:E4 SP:F9 PPU: 92,206 CYC:10526
< F7BF  60        RTS                             A:55 X:78 Y:0B P:64 SP:F9 PPU: 92,212 CYC:10528
< DC3D  15 00     ORA $00,X @ 78 = AA             A:55 X:78 Y:0B P:64 SP:FB PPU: 92,230 CYC:10534
< DC3F  20 C0 F7  JSR $F7C0                       A:FF X:78 Y:0B P:E4 SP:FB PPU: 92,242 CYC:10538
< F7C0  B0 09     BCS $F7CB                       A:FF X:78 Y:0B P:E4 SP:F9 PPU: 92,260 CYC:10544
< F7C2  10 07     BPL $F7CB                       A:FF X:78 Y:0B P:E4 SP:F9 PPU: 92,266 CYC:10546
< F7C4  C9 FF     CMP #$FF                        A:FF X:78 Y:0B P:E4 SP:F9 PPU: 92,272 CYC:10548
< F7C6  D0 03     BNE $F7CB                       A:FF X:78 Y:0B P:67 SP:F9 PPU: 92,278 CYC:10550
< F7C8  50 01     BVC $F7CB                       A:FF X:78 Y:0B P:67 SP:F9 PPU: 92,284 CYC:10552
< F7CA  60        RTS                             A:FF X:78 Y:0B P:67 SP:F9 PPU: 92,290 CYC:10554
< DC42  C8        INY                             A:FF X:78 Y:0B P:67 SP:FB PPU: 92,308 CYC:10560
< DC43  A9 00     LDA #$00                        A:FF X:78 Y:0C P:65 SP:FB PPU: 92,314 CYC:10562
< DC45  85 78     STA $78 = AA                    A:00 X:78 Y:0C P:67 SP:FB PPU: 92,320 CYC:10564
< DC47  20 CE F7  JSR $F7CE                       A:00 X:78 Y:0C P:67 SP:FB PPU: 92,329 CYC:10567
< F7CE  38        SEC                             A:00 X:78 Y:0C P:67 SP:F9 PPU: 93,  6 CYC:10573
< F7CF  B8        CLV                             A:00 X:78 Y:0C P:67 SP:F9 PPU: 93, 12 CYC:10575
< F7D0  A9 00     LDA #$00                        A:00 X:78 Y:0C P:27 SP:F9 PPU: 93, 18 CYC:10577
< F7D2  60        RTS                             A:00 X:78 Y:0C P:27 SP:F9 PPU: 93, 24 CYC:10579
< DC4A  15 00     ORA $00,X @ 78 = 00             A:00 X:78 Y:0C P:27 SP:FB PPU: 93, 42 CYC:10585
< DC4C  20 D3 F7  JSR $F7D3                       A:00 X:78 Y:0C P:27 SP:FB PPU: 93, 54 CYC:10589
< F7D3  D0 07     BNE $F7DC                       A:00 X:78 Y:0C P:27 SP:F9 PPU: 93, 72 CYC:10595
< F7D5  70 05     BVS $F7DC                       A:00 X:78 Y:0C P:27 SP:F9 PPU: 93, 78 CYC:10597
< F7D7  90 03     BCC $F7DC                       A:00 X:78 Y:0C P:27 SP:F9 PPU: 93, 84 CYC:10599
< F7D9  30 01     BMI $F7DC                       A:00 X:78 Y:0C P:27 SP:F9 PPU: 93, 90 CYC:10601
< F7DB  60        RTS                             A:00 X:78 Y:0C P:27 SP:F9 PPU: 93, 96 CYC:10603
< DC4F  C8        INY                             A:00 X:78 Y:0C P:27 SP:FB PPU: 93,114 CYC:10609
< DC50  A9 AA     LDA #$AA                        A:00 X:78 Y:0D P:25 SP:FB PPU: 93,120 CYC:10611
< DC52  85 78     STA $78 = 00                    A:AA X:78 Y:0D P:A5 SP:FB PPU: 93,126 CYC:10613
< DC54  20 DF F7  JSR $F7DF                       A:AA X:78 Y:0D P:A5 SP:FB PPU: 93,135 CYC:10616
< F7DF  18        CLC                             A:AA X:78 Y:0D P:A5 SP:F9 PPU: 93,153 CYC:10622
< F7E0  24 01     BIT $01 = FF                    A:AA X:78 Y:0D P:A4 SP:F9 PPU: 93,159 CYC:10624
< F7E2  A9 55     LDA #$55                        A:AA X:78 Y:0D P:E4 SP:F9 PPU: 93,168 CYC:10627
< F7E4  60        RTS                             A:55 X:78 Y:0D P:64 SP:F9 PPU: 93,174 CYC:10629
< DC57  35 00     AND $00,X @ 78 = AA             A:55 X:78 Y:0D P:64 SP:FB PPU: 93,192 CYC:10635
< DC59  20 E5 F7  JSR $F7E5                       A:00 X:78 Y:0D P:66 SP:FB PPU: 93,204 CYC:10639
< F7E5  D0 07     BNE $F7EE                       A:00 X:78 Y:0D P:66 SP:F9 PPU: 93,222 CYC:10645
< F7E7  50 05     BVC $F7EE                       A:00 X:78 Y:0D P:66 SP:F9 PPU: 93,228 CYC:10647
< F7E9  B0 03     BCS $F7EE                       A:00 X:78 Y:0D P:66 SP:F9 PPU: 93,234 CYC:10649
< F7EB  30 01     BMI $F7EE                       A:00 X:78 Y:0D P:66 SP:F9 PPU: 93,240 CYC:10651
< F7ED  60        RTS                             A:00 X:78 Y:0D P:66 SP:F9 PPU: 93,246 CYC:10653
< DC5C  C8        INY                             A:00 X:78 Y:0D P:66 SP:FB PPU: 93,264 CYC:10659
< DC5D  A9 EF     LDA #$EF                        A:00 X:78 Y:0E P:64 SP:FB PPU: 93,270 CYC:10661
< DC5F  85 78     STA $78 = AA                    A:EF X:78 Y:0E P:E4 SP:FB PPU: 93,276 CYC:10663
< DC61  20 F1 F7  JSR $F7F1                       A:EF X:78 Y:0E P:E4 SP:FB PPU: 93,285 CYC:10666
< F7F1  38        SEC                             A:EF X:78 Y:0E P:E4 SP:F9 PPU: 93,303 CYC:10672
< F7F2  B8        CLV                             A:EF X:78 Y:0E P:E5 SP:F9 PPU: 93,309 CYC:10674
< F7F3  A9 F8     LDA #$F8                        A:EF X:78 Y:0E P:A5 SP:F9 PPU: 93,315 CYC:10676
< F7F5  60        RTS                             A:F8 X:78 Y:0E P:A5 SP:F9 PPU: 93,321 CYC:10678
< DC64  35 00     AND $00,X @ 78 = EF             A:F8 X:78 Y:0E P:A5 SP:FB PPU: 93,339 CYC:10684
< DC66  20 F6 F7  JSR $F7F6                       A:E8 X:78 Y:0E P:A5 SP:FB PPU: 94, 10 CYC:10688
< F7F6  90 09     BCC $F801                       A:E8 X:78 Y:0E P:A5 SP:F9 PPU: 94, 28 CYC:10694
< F7F8  10 07     BPL $F801                       A:E8 X:78 Y:0E P:A5 SP:F9 PPU: 94, 34 CYC:10696
< F7FA  C9 E8     CMP #$E8                        A:E8 X:78 Y:0E P:A5 SP:F9 PPU: 94, 40 CYC:10698
< F7FC  D0 03     BNE $F801                       A:E8 X:78 Y:0E P:27 SP:F9 PPU: 94, 46 CYC:10700
< F7FE  70 01     BVS $F801                       A:E8 X:78 Y:0E P:27 SP:F9 PPU: 94, 52 CYC:10702
< F800  60        RTS                             A:E8 X:78 Y:0E P:27 SP:F9 PPU: 94, 58 CYC:10704
< DC69  C8        INY                             A:E8 X:78 Y:0E P:27 SP:FB PPU: 94, 76 CYC:10710
< DC6A  A9 AA     LDA #$AA                        A:E8 X:78 Y:0F P:25 SP:FB PPU: 94, 82 CYC:10712
< DC6C  85 78     STA $78 = EF                    A:AA X:78 Y:0F P:A5 SP:FB PPU: 94, 88 CYC:10714
< DC6E  20 04 F8  JSR $F804                       A:AA X:78 Y:0F P:A5 SP:FB PPU: 94, 97 CYC:10717
< F804  18        CLC                             A:AA X:78 Y:0F P:A5 SP:F9 PPU: 94,115 CYC:10723
< F805  24 01     BIT $01 = FF                    A:AA X:78 Y:0F P:A4 SP:F9 PPU: 94,121 CYC:10725
< F807  A9 5F     LDA #$5F                        A:AA X:78 Y:0F P:E4 SP:F9 PPU: 94,130 CYC:10728
< F809  60        RTS                             A:5F X:78 Y:0F P:64 SP:F9 PPU: 94,136 CYC:10730
< DC71  55 00     EOR $00,X @ 78 = AA             A:5F X:78 Y:0F P:64 SP:FB PPU: 94,154 CYC:10736
< DC73  20 0A F8  JSR $F80A                       A:F5 X:78 Y:0F P:E4 SP:FB PPU: 94,166 CYC:10740
< F80A  B0 09     BCS $F815                       A:F5 X:78 Y:0F P:E4 SP:F9 PPU: 94,184 CYC:10746
< F80C  10 07     BPL $F815                       A:F5 X:78 Y:0F P:E4 SP:F9 PPU: 94,190 CYC:10748
< F80E  C9 F5     CMP #$F5                        A:F5 X:78 Y:0F P:E4 SP:F9 PPU: 94,196 CYC:10750
< F810  D0 03     BNE $F815                       A:F5 X:78 Y:0F P:67 SP:F9 PPU: 94,202 CYC:10752
< F812  50 01     BVC $F815                       A:F5 X:78 Y:0F P:67 SP:F9 PPU: 94,208 CYC:10754
< F814  60        RTS                             A:F5 X:78 Y:0F P:67 SP:F9 PPU: 94,214 CYC:10756
< DC76  C8        INY                             A:F5 X:78 Y:0F P:67 SP:FB PPU: 94,232 CYC:10762
< DC77  A9 70     LDA #$70                        A:F5 X:78 Y:10 P:65 SP:FB PPU: 94,238 CYC:10764
< DC79  85 78     STA $78 = AA                    A:70 X:78 Y:10 P:65 SP:FB PPU: 94,244 CYC:10766
< DC7B  20 18 F8  JSR $F818                       A:70 X:78 Y:10 P:65 SP:FB PPU: 94,253 CYC:10769
< F818  38        SEC                             A:70 X:78 Y:10 P:65 SP:F9 PPU: 94,271 CYC:10775
< F819  B8        CLV                             A:70 X:78 Y:10 P:65 SP:F9 PPU: 94,277 CYC:10777
< F81A  A9 70     LDA #$70                        A:70 X:78 Y:10 P:25 SP:F9 PPU: 94,283 CYC:10779
< F81C  60        RTS                             A:70 X:78 Y:10 P:25 SP:F9 PPU: 94,289 CYC:10781
< DC7E  55 00     EOR $00,X @ 78 = 70             A:70 X:78 Y:10 P:25 SP:FB PPU: 94,307 CYC:10787
< DC80  20 1D F8  JSR $F81D                       A:00 X:78 Y:10 P:27 SP:FB PPU: 94,319 CYC:10791
< F81D  D0 07     BNE $F826                       A:00 X:78 Y:10 P:27 SP:F9 PPU: 94,337 CYC:10797
< F81F  70 05     BVS $F826                       A:00 X:78 Y:10 P:27 SP:F9 PPU: 95,  2 CYC:10799
< F821  90 03     BCC $F826                       A:00 X:78 Y:10 P:27 SP:F9 PPU: 95,  8 CYC:10801
< F823  30 01     BMI $F826                       A:00 X:78 Y:10 P:27 SP:F9 PPU: 95, 14 CYC:10803
< F825  60        RTS                             A:00 X:78 Y:10 P:27 SP:F9 PPU: 95, 20 CYC:10805
< DC83  C8        INY                             A:00 X:78 Y:10 P:27 SP:FB PPU: 95, 38 CYC:10811
< DC84  A9 69     LDA #$69                        A:00 X:78 Y:11 P:25 SP:FB PPU: 95, 44 CYC:10813
< DC86  85 78     STA $78 = 70                    A:69 X:78 Y:11 P:25 SP:FB PPU: 95, 50 CYC:10815
< DC88  20 29 F8  JSR $F829                       A:69 X:78 Y:11 P:25 SP:FB PPU: 95, 59 CYC:10818
< F829  18        CLC                             A:69 X:78 Y:11 P:25 SP:F9 PPU: 95, 77 CYC:10824
< F82A  24 01     BIT $01 = FF                    A:69 X:78 Y:11 P:24 SP:F9 PPU: 95, 83 CYC:10826
< F82C  A9 00     LDA #$00                        A:69 X:78 Y:11 P:E4 SP:F9 PPU: 95, 92 CYC:10829
< F82E  60        RTS                             A:00 X:78 Y:11 P:66 SP:F9 PPU: 95, 98 CYC:10831
< DC8B  75 00     ADC $00,X @ 78 = 69             A:00 X:78 Y:11 P:66 SP:FB PPU: 95,116 CYC:10837
< DC8D  20 2F F8  JSR $F82F                       A:69 X:78 Y:11 P:24 SP:FB PPU: 95,128 CYC:10841
< F82F  30 09     BMI $F83A                       A:69 X:78 Y:11 P:24 SP:F9 PPU: 95,146 CYC:10847
< F831  B0 07     BCS $F83A                       A:69 X:78 Y:11 P:24 SP:F9 PPU: 95,152 CYC:10849
< F833  C9 69     CMP #$69                        A:69 X:78 Y:11 P:24 SP:F9 PPU: 95,158 CYC:10851
< F835  D0 03     BNE $F83A                       A:69 X:78 Y:11 P:27 SP:F9 PPU: 95,164 CYC:10853
< F837  70 01     BVS $F83A                       A:69 X:78 Y:11 P:27 SP:F9 PPU: 95,170 CYC:10855
< F839  60        RTS                             A:69 X:78 Y:11 P:27 SP:F9 PPU: 95,176 CYC:10857
< DC90  C8        INY                             A:69 X:78 Y:11 P:27 SP:FB PPU: 95,194 CYC:10863
< DC91  20 3D F8  JSR $F83D                       A:69 X:78 Y:12 P:25 SP:FB PPU: 95,200 CYC:10865
< F83D  38        SEC                             A:69 X:78 Y:12 P:25 SP:F9 PPU: 95,218 CYC:10871
< F83E  24 01     BIT $01 = FF                    A:69 X:78 Y:12 P:25 SP:F9 PPU: 95,224 CYC:10873
< F840  A9 00     LDA #$00                        A:69 X:78 Y:12 P:E5 SP:F9 PPU: 95,233 CYC:10876
< F842  60        RTS                             A:00 X:78 Y:12 P:67 SP:F9 PPU: 95,239 CYC:10878
< DC94  75 00     ADC $00,X @ 78 = 69             A:00 X:78 Y:12 P:67 SP:FB PPU: 95,257 CYC:10884
< DC96  20 43 F8  JSR $F843                       A:6A X:78 Y:12 P:24 SP:FB PPU: 95,269 CYC:10888
< F843  30 09     BMI $F84E                       A:6A X:78 Y:12 P:24 SP:F9 PPU: 95,287 CYC:10894
< F845  B0 07     BCS $F84E                       A:6A X:78 Y:12 P:24 SP:F9 PPU: 95,293 CYC:10896
< F847  C9 6A     CMP #$6A                        A:6A X:78 Y:12 P:24 SP:F9 PPU: 95,299 CYC:10898
< F849  D0 03     BNE $F84E                       A:6A X:78 Y:12 P:27 SP:F9 PPU: 95,305 CYC:10900
< F84B  70 01     BVS $F84E                       A:6A X:78 Y:12 P:27 SP:F9 PPU: 95,311 CYC:10902
< F84D  60        RTS                             A:6A X:78 Y:12 P:27 SP:F9 PPU: 95,317 CYC:10904
< DC99  C8        INY                             A:6A X:78 Y:12 P:27 SP:FB PPU: 95,335 CYC:10910
< DC9A  A9 7F     LDA #$7F                        A:6A X:78 Y:13 P:25 SP:FB PPU: 96,  0 CYC:10912
< DC9C  85 78     STA $78 = 69                    A:7F X:78 Y:13 P:25 SP:FB PPU: 96,  6 CYC:10914
< DC9E  20 51 F8  JSR $F851                       A:7F X:78 Y:13 P:25 SP:FB PPU: 96, 15 CYC:10917
< F851  38        SEC                             A:7F X:78 Y:13 P:25 SP:F9 PPU: 96, 33 CYC:10923
< F852  B8        CLV                             A:7F X:78 Y:13 P:25 SP:F9 PPU: 96, 39 CYC:10925
< F853  A9 7F     LDA #$7F                        A:7F X:78 Y:13 P:25 SP:F9 PPU: 96, 45 CYC:10927
< F855  60        RTS                             A:7F X:78 Y:13 P:25 SP:F9 PPU: 96, 51 CYC:10929
< DCA1  75 00     ADC $00,X @ 78 = 7F             A:7F X:78 Y:13 P:25 SP:FB PPU: 96, 69 CYC:10935
< DCA3  20 56 F8  JSR $F856                       A:FF X:78 Y:13 P:E4 SP:FB PPU: 96, 81 CYC:10939
< F856  10 09     BPL $F861                       A:FF X:78 Y:13 P:E4 SP:F9 PPU: 96, 99 CYC:10945
< F858  B0 07     BCS $F861                       A:FF X:78 Y:13 P:E4 SP:F9 PPU: 96,105 CYC:10947
< F85A  C9 FF     CMP #$FF                        A:FF X:78 Y:13 P:E4 SP:F9 PPU: 96,111 CYC:10949
< F85C  D0 03     BNE $F861                       A:FF X:78 Y:13 P:67 SP:F9 PPU: 96,117 CYC:10951
< F85E  50 01     BVC $F861                       A:FF X:78 Y:13 P:67 SP:F9 PPU: 96,123 CYC:10953
< F860  60        RTS                             A:FF X:78 Y:13 P:67 SP:F9 PPU: 96,129 CYC:10955
< DCA6  C8        INY                             A:FF X:78 Y:13 P:67 SP:FB PPU: 96,147 CYC:10961
< DCA7  A9 80     LDA #$80                        A:FF X:78 Y:14 P:65 SP:FB PPU: 96,153 CYC:10963
< DCA9  85 78     STA $78 = 7F                    A:80 X:78 Y:14 P:E5 SP:FB PPU: 96,159 CYC:10965
< DCAB  20 64 F8  JSR $F864                       A:80 X:78 Y:14 P:E5 SP:FB PPU: 96,168 CYC:10968
< F864  18        CLC                             A:80 X:78 Y:14 P:E5 SP:F9 PPU: 96,186 CYC:10974
< F865  24 01     BIT $01 = FF                    A:80 X:78 Y:14 P:E4 SP:F9 PPU: 96,192 CYC:10976
< F867  A9 7F     LDA #$7F                        A:80 X:78 Y:14 P:E4 SP:F9 PPU: 96,201 CYC:10979
< F869  60        RTS                             A:7F X:78 Y:14 P:64 SP:F9 PPU: 96,207 CYC:10981
< DCAE  75 00     ADC $00,X @ 78 = 80             A:7F X:78 Y:14 P:64 SP:FB PPU: 96,225 CYC:10987
< DCB0  20 6A F8  JSR $F86A                       A:FF X:78 Y:14 P:A4 SP:FB PPU: 96,237 CYC:10991
< F86A  10 09     BPL $F875                       A:FF X:78 Y:14 P:A4 SP:F9 PPU: 96,255 CYC:10997
< F86C  B0 07     BCS $F875                       A:FF X:78 Y:14 P:A4 SP:F9 PPU: 96,261 CYC:10999
< F86E  C9 FF     CMP #$FF                        A:FF X:78 Y:14 P:A4 SP:F9 PPU: 96,267 CYC:11001
< F870  D0 03     BNE $F875                       A:FF X:78 Y:14 P:27 SP:F9 PPU: 96,273 CYC:11003
< F872  70 01     BVS $F875                       A:FF X:78 Y:14 P:27 SP:F9 PPU: 96,279 CYC:11005
< F874  60        RTS                             A:FF X:78 Y:14 P:27 SP:F9 PPU: 96,285 CYC:11007
< DCB3  C8        INY                             A:FF X:78 Y:14 P:27 SP:FB PPU: 96,303 CYC:11013
< DCB4  20 78 F8  JSR $F878                       A:FF X:78 Y:15 P:25 SP:FB PPU: 96,309 CYC:11015
< F878  38        SEC                             A:FF X:78 Y:15 P:25 SP:F9 PPU: 96,327 CYC:11021
< F879  B8        CLV                             A:FF X:78 Y:15 P:25 SP:F9 PPU: 96,333 CYC:11023
< F87A  A9 7F     LDA #$7F                        A:FF X:78 Y:15 P:25 SP:F9 PPU: 96,339 CYC:11025
< F87C  60        RTS                             A:7F X:78 Y:15 P:25 SP:F9 PPU: 97,  4 CYC:11027
< DCB7  75 00     ADC $00,X @ 78 = 80             A:7F X:78 Y:15 P:25 SP:FB PPU: 97, 22 CYC:11033
< DCB9  20 7D F8  JSR $F87D                       A:00 X:78 Y:15 P:27 SP:FB PPU: 97, 34 CYC:11037
< F87D  D0 07     BNE $F886                       A:00 X:78 Y:15 P:27 SP:F9 PPU: 97, 52 CYC:11043
< F87F  30 05     BMI $F886                       A:00 X:78 Y:15 P:27 SP:F9 PPU: 97, 58 CYC:11045
< F881  70 03     BVS $F886                       A:00 X:78 Y:15 P:27 SP:F9 PPU: 97, 64 CYC:11047
< F883  90 01     BCC $F886                       A:00 X:78 Y:15 P:27 SP:F9 PPU: 97, 70 CYC:11049
< F885  60        RTS                             A:00 X:78 Y:15 P:27 SP:F9 PPU: 97, 76 CYC:11051
< DCBC  C8        INY                             A:00 X:78 Y:15 P:27 SP:FB PPU: 97, 94 CYC:11057
< DCBD  A9 40     LDA #$40                        A:00 X:78 Y:16 P:25 SP:FB PPU: 97,100 CYC:11059
< DCBF  85 78     STA $78 = 80                    A:40 X:78 Y:16 P:25 SP:FB PPU: 97,106 CYC:11061
< DCC1  20 89 F8  JSR $F889                       A:40 X:78 Y:16 P:25 SP:FB PPU: 97,115 CYC:11064
< F889  24 01     BIT $01 = FF                    A:40 X:78 Y:16 P:25 SP:F9 PPU: 97,133 CYC:11070
< F88B  A9 40     LDA #$40                        A:40 X:78 Y:16 P:E5 SP:F9 PPU: 97,142 CYC:11073
< F88D  60        RTS                             A:40 X:78 Y:16 P:65 SP:F9 PPU: 97,148 CYC:11075
< DCC4  D5 00     CMP $00,X @ 78 = 40             A:40 X:78 Y:16 P:65 SP:FB PPU: 97,166 CYC:11081
< DCC6  20 8E F8  JSR $F88E                       A:40 X:78 Y:16 P:67 SP:FB PPU: 97,178 CYC:11085
< F88E  30 07     BMI $F897                       A:40 X:78 Y:16 P:67 SP:F9 PPU: 97,196 CYC:11091
< F890  90 05     BCC $F897                       A:40 X:78 Y:16 P:67 SP:F9 PPU: 97,202 CYC:11093
< F892  D0 03     BNE $F897                       A:40 X:78 Y:16 P:67 SP:F9 PPU: 97,208 CYC:11095
< F894  50 01     BVC $F897                       A:40 X:78 Y:16 P:67 SP:F9 PPU: 97,214 CYC:11097
< F896  60        RTS                             A:40 X:78 Y:16 P:67 SP:F9 PPU: 97,220 CYC:11099
< DCC9  C8        INY                             A:40 X:78 Y:16 P:67 SP:FB PPU: 97,238 CYC:11105
< DCCA  48        PHA                             A:40 X:78 Y:17 P:65 SP:FB PPU: 97,244 CYC:11107
< DCCB  A9 3F     LDA #$3F                        A:40 X:78 Y:17 P:65 SP:FA PPU: 97,253 CYC:11110
< DCCD  85 78     STA $78 = 40                    A:3F X:78 Y:17 P:65 SP:FA PPU: 97,259 CYC:11112
< DCCF  68        PLA                             A:3F X:78 Y:17 P:65 SP:FA PPU: 97,268 CYC:11115
< DCD0  20 9A F8  JSR $F89A                       A:40 X:78 Y:17 P:65 SP:FB PPU: 97,280 CYC:11119
< F89A  B8        CLV                             A:40 X:78 Y:17 P:65 SP:F9 PPU: 97,298 CYC:11125
< F89B  60        RTS                             A:40 X:78 Y:17 P:25 SP:F9 PPU: 97,304 CYC:11127
< DCD3  D5 00     CMP $00,X @ 78 = 3F             A:40 X:78 Y:17 P:25 SP:FB PPU: 97,322 CYC:11133
< DCD5  20 9C F8  JSR $F89C                       A:40 X:78 Y:17 P:25 SP:FB PPU: 97,334 CYC:11137
< F89C  F0 07     BEQ $F8A5                       A:40 X:78 Y:17 P:25 SP:F9 PPU: 98, 11 CYC:11143
< F89E  30 05     BMI $F8A5                       A:40 X:78 Y:17 P:25 SP:F9 PPU: 98, 17 CYC:11145
< F8A0  90 03     BCC $F8A5                       A:40 X:78 Y:17 P:25 SP:F9 PPU: 98, 23 CYC:11147
< F8A2  70 01     BVS $F8A5                       A:40 X:78 Y:17 P:25 SP:F9 PPU: 98, 29 CYC:11149
< F8A4  60        RTS                             A:40 X:78 Y:17 P:25 SP:F9 PPU: 98, 35 CYC:11151
< DCD8  C8        INY                             A:40 X:78 Y:17 P:25 SP:FB PPU: 98, 53 CYC:11157
< DCD9  48        PHA                             A:40 X:78 Y:18 P:25 SP:FB PPU: 98, 59 CYC:11159
< DCDA  A9 41     LDA #$41                        A:40 X:78 Y:18 P:25 SP:FA PPU: 98, 68 CYC:11162
< DCDC  85 78     STA $78 = 3F                    A:41 X:78 Y:18 P:25 SP:FA PPU: 98, 74 CYC:11164
< DCDE  68        PLA                             A:41 X:78 Y:18 P:25 SP:FA PPU: 98, 83 CYC:11167
< DCDF  D5 00     CMP $00,X @ 78 = 41             A:40 X:78 Y:18 P:25 SP:FB PPU: 98, 95 CYC:11171
< DCE1  20 A8 F8  JSR $F8A8                       A:40 X:78 Y:18 P:A4 SP:FB PPU: 98,107 CYC:11175
< F8A8  F0 05     BEQ $F8AF                       A:40 X:78 Y:18 P:A4 SP:F9 PPU: 98,125 CYC:11181
< F8AA  10 03     BPL $F8AF                       A:40 X:78 Y:18 P:A4 SP:F9 PPU: 98,131 CYC:11183
< F8AC  10 01     BPL $F8AF                       A:40 X:78 Y:18 P:A4 SP:F9 PPU: 98,137 CYC:11185
< F8AE  60        RTS                             A:40 X:78 Y:18 P:A4 SP:F9 PPU: 98,143 CYC:11187
< DCE4  C8        INY                             A:40 X:78 Y:18 P:A4 SP:FB PPU: 98,161 CYC:11193
< DCE5  48        PHA                             A:40 X:78 Y:19 P:24 SP:FB PPU: 98,167 CYC:11195
< DCE6  A9 00     LDA #$00                        A:40 X:78 Y:19 P:24 SP:FA PPU: 98,176 CYC:11198
< DCE8  85 78     STA $78 = 41                    A:00 X:78 Y:19 P:26 SP:FA PPU: 98,182 CYC:11200
< DCEA  68        PLA                             A:00 X:78 Y:19 P:26 SP:FA PPU: 98,191 CYC:11203
< DCEB  20 B2 F8  JSR $F8B2                       A:40 X:78 Y:19 P:24 SP:FB PPU: 98,203 CYC:11207
< F8B2  A9 80     LDA #$80                        A:40 X:78 Y:19 P:24 SP:F9 PPU: 98,221 CYC:11213
< F8B4  60        RTS                             A:80 X:78 Y:19 P:A4 SP:F9 PPU: 98,227 CYC:11215
< DCEE  D5 00     CMP $00,X @ 78 = 00             A:80 X:78 Y:19 P:A4 SP:FB PPU: 98,245 CYC:11221
< DCF0  20 B5 F8  JSR $F8B5                       A:80 X:78 Y:19 P:A5 SP:FB PPU: 98,257 CYC:11225
< F8B5  F0 05     BEQ $F8BC                       A:80 X:78 Y:19 P:A5 SP:F9 PPU: 98,275 CYC:11231
< F8B7  10 03     BPL $F8BC                       A:80 X:78 Y:19 P:A5 SP:F9 PPU: 98,281 CYC:11233
< F8B9  90 01     BCC $F8BC                       A:80 X:78 Y:19 P:A5 SP:F9 PPU: 98,287 CYC:11235
< F8BB  60        RTS                             A:80 X:78 Y:19 P:A5 SP:F9 PPU: 98,293 CYC:11237
< DCF3  C8        INY                             A:80 X:78 Y:19 P:A5 SP:FB PPU: 98,311 CYC:11243
< DCF4  48        PHA                             A:80 X:78 Y:1A P:25 SP:FB PPU: 98,317 CYC:11245
< DCF5  A9 80     LDA #$80                        A:80 X:78 Y:1A P:25 SP:FA PPU: 98,326 CYC:11248
< DCF7  85 78     STA $78 = 00                    A:80 X:78 Y:1A P:A5 SP:FA PPU: 98,332 CYC:11250
< DCF9  68        PLA                             A:80 X:78 Y:1A P:A5 SP:FA PPU: 99,  0 CYC:11253
< DCFA  D5 00     CMP $00,X @ 78 = 80             A:80 X:78 Y:1A P:A5 SP:FB PPU: 99, 12 CYC:11257
< DCFC  20 BF F8  JSR $F8BF                       A:80 X:78 Y:1A P:27 SP:FB PPU: 99, 24 CYC:11261
< F8BF  D0 05     BNE $F8C6                       A:80 X:78 Y:1A P:27 SP:F9 PPU: 99, 42 CYC:11267
< F8C1  30 03     BMI $F8C6                       A:80 X:78 Y:1A P:27 SP:F9 PPU: 99, 48 CYC:11269
< F8C3  90 01     BCC $F8C6                       A:80 X:78 Y:1A P:27 SP:F9 PPU: 99, 54 CYC:11271
< F8C5  60        RTS                             A:80 X:78 Y:1A P:27 SP:F9 PPU: 99, 60 CYC:11273
< DCFF  C8        INY                             A:80 X:78 Y:1A P:27 SP:FB PPU: 99, 78 CYC:11279
< DD00  48        PHA                             A:80 X:78 Y:1B P:25 SP:FB PPU: 99, 84 CYC:11281
< DD01  A9 81     LDA #$81                        A:80 X:78 Y:1B P:25 SP:FA PPU: 99, 93 CYC:11284
< DD03  85 78     STA $78 = 80                    A:81 X:78 Y:1B P:A5 SP:FA PPU: 99, 99 CYC:11286
< DD05  68        PLA                             A:81 X:78 Y:1B P:A5 SP:FA PPU: 99,108 CYC:11289
< DD06  D5 00     CMP $00,X @ 78 = 81             A:80 X:78 Y:1B P:A5 SP:FB PPU: 99,120 CYC:11293
< DD08  20 C9 F8  JSR $F8C9                       A:80 X:78 Y:1B P:A4 SP:FB PPU: 99,132 CYC:11297
< F8C9  B0 05     BCS $F8D0                       A:80 X:78 Y:1B P:A4 SP:F9 PPU: 99,150 CYC:11303
< F8CB  F0 03     BEQ $F8D0                       A:80 X:78 Y:1B P:A4 SP:F9 PPU: 99,156 CYC:11305
< F8CD  10 01     BPL $F8D0                       A:80 X:78 Y:1B P:A4 SP:F9 PPU: 99,162 CYC:11307
< F8CF  60        RTS                             A:80 X:78 Y:1B P:A4 SP:F9 PPU: 99,168 CYC:11309
< DD0B  C8        INY                             A:80 X:78 Y:1B P:A4 SP:FB PPU: 99,186 CYC:11315
< DD0C  48        PHA                             A:80 X:78 Y:1C P:24 SP:FB PPU: 99,192 CYC:11317
< DD0D  A9 7F     LDA #$7F                        A:80 X:78 Y:1C P:24 SP:FA PPU: 99,201 CYC:11320
< DD0F  85 78     STA $78 = 81                    A:7F X:78 Y:1C P:24 SP:FA PPU: 99,207 CYC:11322
< DD11  68        PLA                             A:7F X:78 Y:1C P:24 SP:FA PPU: 99,216 CYC:11325
< DD12  D5 00     CMP $00,X @ 78 = 7F             A:80 X:78 Y:1C P:A4 SP:FB PPU: 99,228 CYC:11329
< DD14  20 D3 F8  JSR $F8D3                       A:80 X:78 Y:1C P:25 SP:FB PPU: 99,240 CYC:11333
< F8D3  90 05     BCC $F8DA                       A:80 X:78 Y:1C P:25 SP:F9 PPU: 99,258 CYC:11339
< F8D5  F0 03     BEQ $F8DA                       A:80 X:78 Y:1C P:25 SP:F9 PPU: 99,264 CYC:11341
< F8D7  30 01     BMI $F8DA                       A:80 X:78 Y:1C P:25 SP:F9 PPU: 99,270 CYC:11343
< F8D9  60        RTS                             A:80 X:78 Y:1C P:25 SP:F9 PPU: 99,276 CYC:11345
< DD17  C8        INY                             A:80 X:78 Y:1C P:25 SP:FB PPU: 99,294 CYC:11351
< DD18  A9 40     LDA #$40                        A:80 X:78 Y:1D P:25 SP:FB PPU: 99,300 CYC:11353
< DD1A  85 78     STA $78 = 7F                    A:40 X:78 Y:1D P:25 SP:FB PPU: 99,306 CYC:11355
< DD1C  20 31 F9  JSR $F931                       A:40 X:78 Y:1D P:25 SP:FB PPU: 99,315 CYC:11358
< F931  24 01     BIT $01 = FF                    A:40 X:78 Y:1D P:25 SP:F9 PPU: 99,333 CYC:11364
< F933  A9 40     LDA #$40                        A:40 X:78 Y:1D P:E5 SP:F9 PPU:100,  1 CYC:11367
< F935  38        SEC                             A:40 X:78 Y:1D P:65 SP:F9 PPU:100,  7 CYC:11369
< F936  60        RTS                             A:40 X:78 Y:1D P:65 SP:F9 PPU:100, 13 CYC:11371
< DD1F  F5 00     SBC $00,X @ 78 = 40             A:40 X:78 Y:1D P:65 SP:FB PPU:100, 31 CYC:11377
< DD21  20 37 F9  JSR $F937                       A:00 X:78 Y:1D P:27 SP:FB PPU:100, 43 CYC:11381
< F937  30 0B     BMI $F944                       A:00 X:78 Y:1D P:27 SP:F9 PPU:100, 61 CYC:11387
< F939  90 09     BCC $F944                       A:00 X:78 Y:1D P:27 SP:F9 PPU:100, 67 CYC:11389
< F93B  D0 07     BNE $F944                       A:00 X:78 Y:1D P:27 SP:F9 PPU:100, 73 CYC:11391
< F93D  70 05     BVS $F944                       A:00 X:78 Y:1D P:27 SP:F9 PPU:100, 79 CYC:11393
< F93F  C9 00     CMP #$00                        A:00 X:78 Y:1D P:27 SP:F9 PPU:100, 85 CYC:11395
< F941  D0 01     BNE $F944                       A:00 X:78 Y:1D P:27 SP:F9 PPU:100, 91 CYC:11397
< F943  60        RTS                             A:00 X:78 Y:1D P:27 SP:F9 PPU:100, 97 CYC:11399
< DD24  C8        INY                             A:00 X:78 Y:1D P:27 SP:FB PPU:100,115 CYC:11405
< DD25  A9 3F     LDA #$3F                        A:00 X:78 Y:1E P:25 SP:FB PPU:100,121 CYC:11407
< DD27  85 78     STA $78 = 40                    A:3F X:78 Y:1E P:25 SP:FB PPU:100,127 CYC:11409
< DD29  20 47 F9  JSR $F947                       A:3F X:78 Y:1E P:25 SP:FB PPU:100,136 CYC:11412
< F947  B8        CLV                             A:3F X:78 Y:1E P:25 SP:F9 PPU:100,154 CYC:11418
< F948  38        SEC                             A:3F X:78 Y:1E P:25 SP:F9 PPU:100,160 CYC:11420
< F949  A9 40     LDA #$40                        A:3F X:78 Y:1E P:25 SP:F9 PPU:100,166 CYC:11422
< F94B  60        RTS                             A:40 X:78 Y:1E P:25 SP:F9 PPU:100,172 CYC:11424
< DD2C  F5 00     SBC $00,X @ 78 = 3F             A:40 X:78 Y:1E P:25 SP:FB PPU:100,190 CYC:11430
< DD2E  20 4C F9  JSR $F94C                       A:01 X:78 Y:1E P:25 SP:FB PPU:100,202 CYC:11434
< F94C  F0 0B     BEQ $F959                       A:01 X:78 Y:1E P:25 SP:F9 PPU:100,220 CYC:11440
< F94E  30 09     BMI $F959                       A:01 X:78 Y:1E P:25 SP:F9 PPU:100,226 CYC:11442
< F950  90 07     BCC $F959                       A:01 X:78 Y:1E P:25 SP:F9 PPU:100,232 CYC:11444
< F952  70 05     BVS $F959                       A:01 X:78 Y:1E P:25 SP:F9 PPU:100,238 CYC:11446
< F954  C9 01     CMP #$01                        A:01 X:78 Y:1E P:25 SP:F9 PPU:100,244 CYC:11448
< F956  D0 01     BNE $F959                       A:01 X:78 Y:1E P:27 SP:F9 PPU:100,250 CYC:11450
< F958  60        RTS                             A:01 X:78 Y:1E P:27 SP:F9 PPU:100,256 CYC:11452
< DD31  C8        INY                             A:01 X:78 Y:1E P:27 SP:FB PPU:100,274 CYC:11458
< DD32  A9 41     LDA #$41                        A:01 X:78 Y:1F P:25 SP:FB PPU:100,280 CYC:11460
< DD34  85 78     STA $78 = 3F                    A:41 X:78 Y:1F P:25 SP:FB PPU:100,286 CYC:11462
< DD36  20 5C F9  JSR $F95C                       A:41 X:78 Y:1F P:25 SP:FB PPU:100,295 CYC:11465
< F95C  A9 40     LDA #$40                        A:41 X:78 Y:1F P:25 SP:F9 PPU:100,313 CYC:11471
< F95E  38        SEC                             A:40 X:78 Y:1F P:25 SP:F9 PPU:100,319 CYC:11473
< F95F  24 01     BIT $01 = FF                    A:40 X:78 Y:1F P:25 SP:F9 PPU:100,325 CYC:11475
< F961  60        RTS                             A:40 X:78 Y:1F P:E5 SP:F9 PPU:100,334 CYC:11478
< DD39  F5 00     SBC $00,X @ 78 = 41             A:40 X:78 Y:1F P:E5 SP:FB PPU:101, 11 CYC:11484
< DD3B  20 62 F9  JSR $F962                       A:FF X:78 Y:1F P:A4 SP:FB PPU:101, 23 CYC:11488
< F962  B0 0B     BCS $F96F                       A:FF X:78 Y:1F P:A4 SP:F9 PPU:101, 41 CYC:11494
< F964  F0 09     BEQ $F96F                       A:FF X:78 Y:1F P:A4 SP:F9 PPU:101, 47 CYC:11496
< F966  10 07     BPL $F96F                       A:FF X:78 Y:1F P:A4 SP:F9 PPU:101, 53 CYC:11498
< F968  70 05     BVS $F96F                       A:FF X:78 Y:1F P:A4 SP:F9 PPU:101, 59 CYC:11500
< F96A  C9 FF     CMP #$FF                        A:FF X:78 Y:1F P:A4 SP:F9 PPU:101, 65 CYC:11502
< F96C  D0 01     BNE $F96F                       A:FF X:78 Y:1F P:27 SP:F9 PPU:101, 71 CYC:11504
< F96E  60        RTS                             A:FF X:78 Y:1F P:27 SP:F9 PPU:101, 77 CYC:11506
< DD3E  C8        INY                             A:FF X:78 Y:1F P:27 SP:FB PPU:101, 95 CYC:11512
< DD3F  A9 00     LDA #$00                        A:FF X:78 Y:20 P:25 SP:FB PPU:101,101 CYC:11514
< DD41  85 78     STA $78 = 41                    A:00 X:78 Y:20 P:27 SP:FB PPU:101,107 CYC:11516
< DD43  20 72 F9  JSR $F972                       A:00 X:78 Y:20 P:27 SP:FB PPU:101,116 CYC:11519
< F972  18        CLC                             A:00 X:78 Y:20 P:27 SP:F9 PPU:101,134 CYC:11525
< F973  A9 80     LDA #$80                        A:00 X:78 Y:20 P:26 SP:F9 PPU:101,140 CYC:11527
< F975  60        RTS                             A:80 X:78 Y:20 P:A4 SP:F9 PPU:101,146 CYC:11529
< DD46  F5 00     SBC $00,X @ 78 = 00             A:80 X:78 Y:20 P:A4 SP:FB PPU:101,164 CYC:11535
< DD48  20 76 F9  JSR $F976                       A:7F X:78 Y:20 P:65 SP:FB PPU:101,176 CYC:11539
< F976  90 05     BCC $F97D                       A:7F X:78 Y:20 P:65 SP:F9 PPU:101,194 CYC:11545
< F978  C9 7F     CMP #$7F                        A:7F X:78 Y:20 P:65 SP:F9 PPU:101,200 CYC:11547
< F97A  D0 01     BNE $F97D                       A:7F X:78 Y:20 P:67 SP:F9 PPU:101,206 CYC:11549
< F97C  60        RTS                             A:7F X:78 Y:20 P:67 SP:F9 PPU:101,212 CYC:11551
< DD4B  C8        INY                             A:7F X:78 Y:20 P:67 SP:FB PPU:101,230 CYC:11557
< DD4C  A9 7F     LDA #$7F                        A:7F X:78 Y:21 P:65 SP:FB PPU:101,236 CYC:11559
< DD4E  85 78     STA $78 = 00                    A:7F X:78 Y:21 P:65 SP:FB PPU:101,242 CYC:11561
< DD50  20 80 F9  JSR $F980                       A:7F X:78 Y:21 P:65 SP:FB PPU:101,251 CYC:11564
< F980  38        SEC                             A:7F X:78 Y:21 P:65 SP:F9 PPU:101,269 CYC:11570
< F981  A9 81     LDA #$81                        A:7F X:78 Y:21 P:65 SP:F9 PPU:101,275 CYC:11572
< F983  60        RTS                             A:81 X:78 Y:21 P:E5 SP:F9 PPU:101,281 CYC:11574
< DD53  F5 00     SBC $00,X @ 78 = 7F             A:81 X:78 Y:21 P:E5 SP:FB PPU:101,299 CYC:11580
< DD55  20 84 F9  JSR $F984                       A:02 X:78 Y:21 P:65 SP:FB PPU:101,311 CYC:11584
< F984  50 07     BVC $F98D                       A:02 X:78 Y:21 P:65 SP:F9 PPU:101,329 CYC:11590
< F986  90 05     BCC $F98D                       A:02 X:78 Y:21 P:65 SP:F9 PPU:101,335 CYC:11592
< F988  C9 02     CMP #$02                        A:02 X:78 Y:21 P:65 SP:F9 PPU:102,  0 CYC:11594
< F98A  D0 01     BNE $F98D                       A:02 X:78 Y:21 P:67 SP:F9 PPU:102,  6 CYC:11596
< F98C  60        RTS                             A:02 X:78 Y:21 P:67 SP:F9 PPU:102, 12 CYC:11598
< DD58  A9 AA     LDA #$AA                        A:02 X:78 Y:21 P:67 SP:FB PPU:102, 30 CYC:11604
< DD5A  85 33     STA $33 = 44                    A:AA X:78 Y:21 P:E5 SP:FB PPU:102, 36 CYC:11606
< DD5C  A9 BB     LDA #$BB                        A:AA X:78 Y:21 P:E5 SP:FB PPU:102, 45 CYC:11609
< DD5E  85 89     STA $89 = BB                    A:BB X:78 Y:21 P:E5 SP:FB PPU:102, 51 CYC:11611
< DD60  A2 00     LDX #$00                        A:BB X:78 Y:21 P:E5 SP:FB PPU:102, 60 CYC:11614
< DD62  A0 66     LDY #$66                        A:BB X:00 Y:21 P:67 SP:FB PPU:102, 66 CYC:11616
< DD64  24 01     BIT $01 = FF                    A:BB X:00 Y:66 P:65 SP:FB PPU:102, 72 CYC:11618
< DD66  38        SEC                             A:BB X:00 Y:66 P:E5 SP:FB PPU:102, 81 CYC:11621
< DD67  A9 00     LDA #$00                        A:BB X:00 Y:66 P:E5 SP:FB PPU:102, 87 CYC:11623
< DD69  B5 33     LDA $33,X @ 33 = AA             A:00 X:00 Y:66 P:67 SP:FB PPU:102, 93 CYC:11625
< DD6B  10 12     BPL $DD7F                       A:AA X:00 Y:66 P:E5 SP:FB PPU:102,105 CYC:11629
< DD6D  F0 10     BEQ $DD7F                       A:AA X:00 Y:66 P:E5 SP:FB PPU:102,111 CYC:11631
< DD6F  50 0E     BVC $DD7F                       A:AA X:00 Y:66 P:E5 SP:FB PPU:102,117 CYC:11633
< DD71  90 0C     BCC $DD7F                       A:AA X:00 Y:66 P:E5 SP:FB PPU:102,123 CYC:11635
< DD73  C0 66     CPY #$66                        A:AA X:00 Y:66 P:E5 SP:FB PPU:102,129 CYC:11637
< DD75  D0 08     BNE $DD7F                       A:AA X:00 Y:66 P:67 SP:FB PPU:102,135 CYC:11639
< DD77  E0 00     CPX #$00                        A:AA X:00 Y:66 P:67 SP:FB PPU:102,141 CYC:11641
< DD79  D0 04     BNE $DD7F                       A:AA X:00 Y:66 P:67 SP:FB PPU:102,147 CYC:11643
< DD7B  C9 AA     CMP #$AA                        A:AA X:00 Y:66 P:67 SP:FB PPU:102,153 CYC:11645
< DD7D  F0 04     BEQ $DD83                       A:AA X:00 Y:66 P:67 SP:FB PPU:102,159 CYC:11647
< DD83  A2 8A     LDX #$8A                        A:AA X:00 Y:66 P:67 SP:FB PPU:102,168 CYC:11650
< DD85  A0 66     LDY #$66                        A:AA X:8A Y:66 P:E5 SP:FB PPU:102,174 CYC:11652
< DD87  B8        CLV                             A:AA X:8A Y:66 P:65 SP:FB PPU:102,180 CYC:11654
< DD88  18        CLC                             A:AA X:8A Y:66 P:25 SP:FB PPU:102,186 CYC:11656
< DD89  A9 00     LDA #$00                        A:AA X:8A Y:66 P:24 SP:FB PPU:102,192 CYC:11658
< DD8B  B5 FF     LDA $FF,X @ 89 = BB             A:00 X:8A Y:66 P:26 SP:FB PPU:102,198 CYC:11660
< DD8D  10 12     BPL $DDA1                       A:BB X:8A Y:66 P:A4 SP:FB PPU:102,210 CYC:11664
< DD8F  F0 10     BEQ $DDA1                       A:BB X:8A Y:66 P:A4 SP:FB PPU:102,216 CYC:11666
< DD91  70 0E     BVS $DDA1                       A:BB X:8A Y:66 P:A4 SP:FB PPU:102,222 CYC:11668
< DD93  B0 0C     BCS $DDA1                       A:BB X:8A Y:66 P:A4 SP:FB PPU:102,228 CYC:11670
< DD95  C9 BB     CMP #$BB                        A:BB X:8A Y:66 P:A4 SP:FB PPU:102,234 CYC:11672
< DD97  D0 08     BNE $DDA1                       A:BB X:8A Y:66 P:27 SP:FB PPU:102,240 CYC:11674
< DD99  C0 66     CPY #$66                        A:BB X:8A Y:66 P:27 SP:FB PPU:102,246 CYC:11676
< DD9B  D0 04     BNE $DDA1                       A:BB X:8A Y:66 P:27 SP:FB PPU:102,252 CYC:11678
< DD9D  E0 8A     CPX #$8A                        A:BB X:8A Y:66 P:27 SP:FB PPU:102,258 CYC:11680
< DD9F  F0 04     BEQ $DDA5                       A:BB X:8A Y:66 P:27 SP:FB PPU:102,264 CYC:11682
< DDA5  24 01     BIT $01 = FF                    A:BB X:8A Y:66 P:27 SP:FB PPU:102,273 CYC:11685
< DDA7  38        SEC                             A:BB X:8A Y:66 P:E5 SP:FB PPU:102,282 CYC:11688
< DDA8  A9 44     LDA #$44                        A:BB X:8A Y:66 P:E5 SP:FB PPU:102,288 CYC:11690
< DDAA  A2 00     LDX #$00                        A:44 X:8A Y:66 P:65 SP:FB PPU:102,294 CYC:11692
< DDAC  95 33     STA $33,X @ 33 = AA             A:44 X:00 Y:66 P:67 SP:FB PPU:102,300 CYC:11694
< DDAE  A5 33     LDA $33 = 44                    A:44 X:00 Y:66 P:67 SP:FB PPU:102,312 CYC:11698
< DDB0  90 18     BCC $DDCA                       A:44 X:00 Y:66 P:65 SP:FB PPU:102,321 CYC:11701
< DDB2  C9 44     CMP #$44                        A:44 X:00 Y:66 P:65 SP:FB PPU:102,327 CYC:11703
< DDB4  D0 14     BNE $DDCA                       A:44 X:00 Y:66 P:67 SP:FB PPU:102,333 CYC:11705
< DDB6  50 12     BVC $DDCA                       A:44 X:00 Y:66 P:67 SP:FB PPU:102,339 CYC:11707
< DDB8  18        CLC                             A:44 X:00 Y:66 P:67 SP:FB PPU:103,  4 CYC:11709
< DDB9  B8        CLV                             A:44 X:00 Y:66 P:66 SP:FB PPU:103, 10 CYC:11711
< DDBA  A9 99     LDA #$99                        A:44 X:00 Y:66 P:26 SP:FB PPU:103, 16 CYC:11713
< DDBC  A2 80     LDX #$80                        A:99 X:00 Y:66 P:A4 SP:FB PPU:103, 22 CYC:11715
< DDBE  95 85     STA $85,X @ 05 = 99             A:99 X:80 Y:66 P:A4 SP:FB PPU:103, 28 CYC:11717
< DDC0  A5 05     LDA $05 = 99                    A:99 X:80 Y:66 P:A4 SP:FB PPU:103, 40 CYC:11721
< DDC2  B0 06     BCS $DDCA                       A:99 X:80 Y:66 P:A4 SP:FB PPU:103, 49 CYC:11724
< DDC4  C9 99     CMP #$99                        A:99 X:80 Y:66 P:A4 SP:FB PPU:103, 55 CYC:11726
< DDC6  D0 02     BNE $DDCA                       A:99 X:80 Y:66 P:27 SP:FB PPU:103, 61 CYC:11728
< DDC8  50 04     BVC $DDCE                       A:99 X:80 Y:66 P:27 SP:FB PPU:103, 67 CYC:11730
< DDCE  A0 25     LDY #$25                        A:99 X:80 Y:66 P:27 SP:FB PPU:103, 76 CYC:11733
< DDD0  A2 78     LDX #$78                        A:99 X:80 Y:25 P:25 SP:FB PPU:103, 82 CYC:11735
< DDD2  20 90 F9  JSR $F990                       A:99 X:78 Y:25 P:25 SP:FB PPU:103, 88 CYC:11737
< F990  A2 55     LDX #$55                        A:99 X:78 Y:25 P:25 SP:F9 PPU:103,106 CYC:11743
< F992  A9 FF     LDA #$FF                        A:99 X:55 Y:25 P:25 SP:F9 PPU:103,112 CYC:11745
< F994  85 01     STA $01 = FF                    A:FF X:55 Y:25 P:A5 SP:F9 PPU:103,118 CYC:11747
< F996  EA        NOP                             A:FF X:55 Y:25 P:A5 SP:F9 PPU:103,127 CYC:11750
< F997  24 01     BIT $01 = FF                    A:FF X:55 Y:25 P:A5 SP:F9 PPU:103,133 CYC:11752
< F999  38        SEC                             A:FF X:55 Y:25 P:E5 SP:F9 PPU:103,142 CYC:11755
< F99A  A9 01     LDA #$01                        A:FF X:55 Y:25 P:E5 SP:F9 PPU:103,148 CYC:11757
< F99C  60        RTS                             A:01 X:55 Y:25 P:65 SP:F9 PPU:103,154 CYC:11759
< DDD5  95 00     STA $00,X @ 55 = 00             A:01 X:55 Y:25 P:65 SP:FB PPU:103,172 CYC:11765
< DDD7  56 00     LSR $00,X @ 55 = 01             A:01 X:55 Y:25 P:65 SP:FB PPU:103,184 CYC:11769
< DDD9  B5 00     LDA $00,X @ 55 = 00             A:01 X:55 Y:25 P:67 SP:FB PPU:103,202 CYC:11775
< DDDB  20 9D F9  JSR $F99D                       A:00 X:55 Y:25 P:67 SP:FB PPU:103,214 CYC:11779
< F99D  90 1B     BCC $F9BA                       A:00 X:55 Y:25 P:67 SP:F9 PPU:103,232 CYC:11785
< F99F  D0 19     BNE $F9BA                       A:00 X:55 Y:25 P:67 SP:F9 PPU:103,238 CYC:11787
< F9A1  30 17     BMI $F9BA                       A:00 X:55 Y:25 P:67 SP:F9 PPU:103,244 CYC:11789
< F9A3  50 15     BVC $F9BA                       A:00 X:55 Y:25 P:67 SP:F9 PPU:103,250 CYC:11791
< F9A5  C9 00     CMP #$00                        A:00 X:55 Y:25 P:67 SP:F9 PPU:103,256 CYC:11793
< F9A7  D0 11     BNE $F9BA                       A:00 X:55 Y:25 P:67 SP:F9 PPU:103,262 CYC:11795
< F9A9  B8        CLV                             A:00 X:55 Y:25 P:67 SP:F9 PPU:103,268 CYC:11797
< F9AA  A9 AA     LDA #$AA                        A:00 X:55 Y:25 P:27 SP:F9 PPU:103,274 CYC:11799
< F9AC  60        RTS                             A:AA X:55 Y:25 P:A5 SP:F9 PPU:103,280 CYC:11801
< DDDE  C8        INY                             A:AA X:55 Y:25 P:A5 SP:FB PPU:103,298 CYC:11807
< DDDF  95 00     STA $00,X @ 55 = 00             A:AA X:55 Y:26 P:25 SP:FB PPU:103,304 CYC:11809
< DDE1  56 00     LSR $00,X @ 55 = AA             A:AA X:55 Y:26 P:25 SP:FB PPU:103,316 CYC:11813
< DDE3  B5 00     LDA $00,X @ 55 = 55             A:AA X:55 Y:26 P:24 SP:FB PPU:103,334 CYC:11819
< DDE5  20 AD F9  JSR $F9AD                       A:55 X:55 Y:26 P:24 SP:FB PPU:104,  5 CYC:11823
< F9AD  B0 0B     BCS $F9BA                       A:55 X:55 Y:26 P:24 SP:F9 PPU:104, 23 CYC:11829
< F9AF  F0 09     BEQ $F9BA                       A:55 X:55 Y:26 P:24 SP:F9 PPU:104, 29 CYC:11831
< F9B1  30 07     BMI $F9BA                       A:55 X:55 Y:26 P:24 SP:F9 PPU:104, 35 CYC:11833
< F9B3  70 05     BVS $F9BA                       A:55 X:55 Y:26 P:24 SP:F9 PPU:104, 41 CYC:11835
< F9B5  C9 55     CMP #$55                        A:55 X:55 Y:26 P:24 SP:F9 PPU:104, 47 CYC:11837
< F9B7  D0 01     BNE $F9BA                       A:55 X:55 Y:26 P:27 SP:F9 PPU:104, 53 CYC:11839
< F9B9  60        RTS                             A:55 X:55 Y:26 P:27 SP:F9 PPU:104, 59 CYC:11841
< DDE8  C8        INY                             A:55 X:55 Y:26 P:27 SP:FB PPU:104, 77 CYC:11847
< DDE9  20 BD F9  JSR $F9BD                       A:55 X:55 Y:27 P:25 SP:FB PPU:104, 83 CYC:11849
< F9BD  24 01     BIT $01 = FF                    A:55 X:55 Y:27 P:25 SP:F9 PPU:104,101 CYC:11855
< F9BF  38        SEC                             A:55 X:55 Y:27 P:E5 SP:F9 PPU:104,110 CYC:11858
< F9C0  A9 80     LDA #$80                        A:55 X:55 Y:27 P:E5 SP:F9 PPU:104,116 CYC:11860
< F9C2  60        RTS                             A:80 X:55 Y:27 P:E5 SP:F9 PPU:104,122 CYC:11862
< DDEC  95 00     STA $00,X @ 55 = 55             A:80 X:55 Y:27 P:E5 SP:FB PPU:104,140 CYC:11868
< DDEE  16 00     ASL $00,X @ 55 = 80             A:80 X:55 Y:27 P:E5 SP:FB PPU:104,152 CYC:11872
< DDF0  B5 00     LDA $00,X @ 55 = 00             A:80 X:55 Y:27 P:67 SP:FB PPU:104,170 CYC:11878
< DDF2  20 C3 F9  JSR $F9C3                       A:00 X:55 Y:27 P:67 SP:FB PPU:104,182 CYC:11882
< F9C3  90 1C     BCC $F9E1                       A:00 X:55 Y:27 P:67 SP:F9 PPU:104,200 CYC:11888
< F9C5  D0 1A     BNE $F9E1                       A:00 X:55 Y:27 P:67 SP:F9 PPU:104,206 CYC:11890
< F9C7  30 18     BMI $F9E1                       A:00 X:55 Y:27 P:67 SP:F9 PPU:104,212 CYC:11892
< F9C9  50 16     BVC $F9E1                       A:00 X:55 Y:27 P:67 SP:F9 PPU:104,218 CYC:11894
< F9CB  C9 00     CMP #$00                        A:00 X:55 Y:27 P:67 SP:F9 PPU:104,224 CYC:11896
< F9CD  D0 12     BNE $F9E1                       A:00 X:55 Y:27 P:67 SP:F9 PPU:104,230 CYC:11898
< F9CF  B8        CLV                             A:00 X:55 Y:27 P:67 SP:F9 PPU:104,236 CYC:11900
< F9D0  A9 55     LDA #$55                        A:00 X:55 Y:27 P:27 SP:F9 PPU:104,242 CYC:11902
< F9D2  38        SEC                             A:55 X:55 Y:27 P:25 SP:F9 PPU:104,248 CYC:11904
< F9D3  60        RTS                             A:55 X:55 Y:27 P:25 SP:F9 PPU:104,254 CYC:11906
< DDF5  C8        INY                             A:55 X:55 Y:27 P:25 SP:FB PPU:104,272 CYC:11912
< DDF6  95 00     STA $00,X @ 55 = 00             A:55 X:55 Y:28 P:25 SP:FB PPU:104,278 CYC:11914
< DDF8  16 00     ASL $00,X @ 55 = 55             A:55 X:55 Y:28 P:25 SP:FB PPU:104,290 CYC:11918
< DDFA  B5 00     LDA $00,X @ 55 = AA             A:55 X:55 Y:28 P:A4 SP:FB PPU:104,308 CYC:11924
< DDFC  20 D4 F9  JSR $F9D4                       A:AA X:55 Y:28 P:A4 SP:FB PPU:104,320 CYC:11928
< F9D4  B0 0B     BCS $F9E1                       A:AA X:55 Y:28 P:A4 SP:F9 PPU:104,338 CYC:11934
< F9D6  F0 09     BEQ $F9E1                       A:AA X:55 Y:28 P:A4 SP:F9 PPU:105,  3 CYC:11936
< F9D8  10 07     BPL $F9E1                       A:AA X:55 Y:28 P:A4 SP:F9 PPU:105,  9 CYC:11938
< F9DA  70 05     BVS $F9E1                       A:AA X:55 Y:28 P:A4 SP:F9 PPU:105, 15 CYC:11940
< F9DC  C9 AA     CMP #$AA                        A:AA X:55 Y:28 P:A4 SP:F9 PPU:105, 21 CYC:11942
< F9DE  D0 01     BNE $F9E1                       A:AA X:55 Y:28 P:27 SP:F9 PPU:105, 27 CYC:11944
< F9E0  60        RTS                             A:AA X:55 Y:28 P:27 SP:F9 PPU:105, 33 CYC:11946
< DDFF  C8        INY                             A:AA X:55 Y:28 P:27 SP:FB PPU:105, 51 CYC:11952
< DE00  20 E4 F9  JSR $F9E4                       A:AA X:55 Y:29 P:25 SP:FB PPU:105, 57 CYC:11954
< F9E4  24 01     BIT $01 = FF                    A:AA X:55 Y:29 P:25 SP:F9 PPU:105, 75 CYC:11960
< F9E6  38        SEC                             A:AA X:55 Y:29 P:E5 SP:F9 PPU:105, 84 CYC:11963
< F9E7  A9 01     LDA #$01                        A:AA X:55 Y:29 P:E5 SP:F9 PPU:105, 90 CYC:11965
< F9E9  60        RTS                             A:01 X:55 Y:29 P:65 SP:F9 PPU:105, 96 CYC:11967
< DE03  95 00     STA $00,X @ 55 = AA             A:01 X:55 Y:29 P:65 SP:FB PPU:105,114 CYC:11973
< DE05  76 00     ROR $00,X @ 55 = 01             A:01 X:55 Y:29 P:65 SP:FB PPU:105,126 CYC:11977
< DE07  B5 00     LDA $00,X @ 55 = 80             A:01 X:55 Y:29 P:E5 SP:FB PPU:105,144 CYC:11983
< DE09  20 EA F9  JSR $F9EA                       A:80 X:55 Y:29 P:E5 SP:FB PPU:105,156 CYC:11987
< F9EA  90 1C     BCC $FA08                       A:80 X:55 Y:29 P:E5 SP:F9 PPU:105,174 CYC:11993
< F9EC  F0 1A     BEQ $FA08                       A:80 X:55 Y:29 P:E5 SP:F9 PPU:105,180 CYC:11995
< F9EE  10 18     BPL $FA08                       A:80 X:55 Y:29 P:E5 SP:F9 PPU:105,186 CYC:11997
< F9F0  50 16     BVC $FA08                       A:80 X:55 Y:29 P:E5 SP:F9 PPU:105,192 CYC:11999
< F9F2  C9 80     CMP #$80                        A:80 X:55 Y:29 P:E5 SP:F9 PPU:105,198 CYC:12001
< F9F4  D0 12     BNE $FA08                       A:80 X:55 Y:29 P:67 SP:F9 PPU:105,204 CYC:12003
< F9F6  B8        CLV                             A:80 X:55 Y:29 P:67 SP:F9 PPU:105,210 CYC:12005
< F9F7  18        CLC                             A:80 X:55 Y:29 P:27 SP:F9 PPU:105,216 CYC:12007
< F9F8  A9 55     LDA #$55                        A:80 X:55 Y:29 P:26 SP:F9 PPU:105,222 CYC:12009
< F9FA  60        RTS                             A:55 X:55 Y:29 P:24 SP:F9 PPU:105,228 CYC:12011
< DE0C  C8        INY                             A:55 X:55 Y:29 P:24 SP:FB PPU:105,246 CYC:12017
< DE0D  95 00     STA $00,X @ 55 = 80             A:55 X:55 Y:2A P:24 SP:FB PPU:105,252 CYC:12019
< DE0F  76 00     ROR $00,X @ 55 = 55             A:55 X:55 Y:2A P:24 SP:FB PPU:105,264 CYC:12023
< DE11  B5 00     LDA $00,X @ 55 = 2A             A:55 X:55 Y:2A P:25 SP:FB PPU:105,282 CYC:12029
< DE13  20 FB F9  JSR $F9FB                       A:2A X:55 Y:2A P:25 SP:FB PPU:105,294 CYC:12033
< F9FB  90 0B     BCC $FA08                       A:2A X:55 Y:2A P:25 SP:F9 PPU:105,312 CYC:12039
< F9FD  F0 09     BEQ $FA08                       A:2A X:55 Y:2A P:25 SP:F9 PPU:105,318 CYC:12041
< F9FF  30 07     BMI $FA08                       A:2A X:55 Y:2A P:25 SP:F9 PPU:105,324 CYC:12043
< FA01  70 05     BVS $FA08                       A:2A X:55 Y:2A P:25 SP:F9 PPU:105,330 CYC:12045
< FA03  C9 2A     CMP #$2A                        A:2A X:55 Y:2A P:25 SP:F9 PPU:105,336 CYC:12047
< FA05  D0 01     BNE $FA08                       A:2A X:55 Y:2A P:27 SP:F9 PPU:106,  1 CYC:12049
< FA07  60        RTS                             A:2A X:55 Y:2A P:27 SP:F9 PPU:106,  7 CYC:12051
< DE16  C8        INY                             A:2A X:55 Y:2A P:27 SP:FB PPU:106, 25 CYC:12057
< DE17  20 0A FA  JSR $FA0A                       A:2A X:55 Y:2B P:25 SP:FB PPU:106, 31 CYC:12059
< FA0A  24 01     BIT $01 = FF                    A:2A X:55 Y:2B P:25 SP:F9 PPU:106, 49 CYC:12065
< FA0C  38        SEC                             A:2A X:55 Y:2B P:E5 SP:F9 PPU:106, 58 CYC:12068
< FA0D  A9 80     LDA #$80                        A:2A X:55 Y:2B P:E5 SP:F9 PPU:106, 64 CYC:12070
< FA0F  60        RTS                             A:80 X:55 Y:2B P:E5 SP:F9 PPU:106, 70 CYC:12072
< DE1A  95 00     STA $00,X @ 55 = 2A             A:80 X:55 Y:2B P:E5 SP:FB PPU:106, 88 CYC:12078
< DE1C  36 00     ROL $00,X @ 55 = 80             A:80 X:55 Y:2B P:E5 SP:FB PPU:106,100 CYC:12082
< DE1E  B5 00     LDA $00,X @ 55 = 01             A:80 X:55 Y:2B P:65 SP:FB PPU:106,118 CYC:12088
< DE20  20 10 FA  JSR $FA10                       A:01 X:55 Y:2B P:65 SP:FB PPU:106,130 CYC:12092
< FA10  90 1C     BCC $FA2E                       A:01 X:55 Y:2B P:65 SP:F9 PPU:106,148 CYC:12098
< FA12  F0 1A     BEQ $FA2E                       A:01 X:55 Y:2B P:65 SP:F9 PPU:106,154 CYC:12100
< FA14  30 18     BMI $FA2E                       A:01 X:55 Y:2B P:65 SP:F9 PPU:106,160 CYC:12102
< FA16  50 16     BVC $FA2E                       A:01 X:55 Y:2B P:65 SP:F9 PPU:106,166 CYC:12104
< FA18  C9 01     CMP #$01                        A:01 X:55 Y:2B P:65 SP:F9 PPU:106,172 CYC:12106
< FA1A  D0 12     BNE $FA2E                       A:01 X:55 Y:2B P:67 SP:F9 PPU:106,178 CYC:12108
< FA1C  B8        CLV                             A:01 X:55 Y:2B P:67 SP:F9 PPU:106,184 CYC:12110
< FA1D  18        CLC                             A:01 X:55 Y:2B P:27 SP:F9 PPU:106,190 CYC:12112
< FA1E  A9 55     LDA #$55                        A:01 X:55 Y:2B P:26 SP:F9 PPU:106,196 CYC:12114
< FA20  60        RTS                             A:55 X:55 Y:2B P:24 SP:F9 PPU:106,202 CYC:12116
< DE23  C8        INY                             A:55 X:55 Y:2B P:24 SP:FB PPU:106,220 CYC:12122
< DE24  95 00     STA $00,X @ 55 = 01             A:55 X:55 Y:2C P:24 SP:FB PPU:106,226 CYC:12124
< DE26  36 00     ROL $00,X @ 55 = 55             A:55 X:55 Y:2C P:24 SP:FB PPU:106,238 CYC:12128
< DE28  B5 00     LDA $00,X @ 55 = AA             A:55 X:55 Y:2C P:A4 SP:FB PPU:106,256 CYC:12134
< DE2A  20 21 FA  JSR $FA21                       A:AA X:55 Y:2C P:A4 SP:FB PPU:106,268 CYC:12138
< FA21  B0 0B     BCS $FA2E                       A:AA X:55 Y:2C P:A4 SP:F9 PPU:106,286 CYC:12144
< FA23  F0 09     BEQ $FA2E                       A:AA X:55 Y:2C P:A4 SP:F9 PPU:106,292 CYC:12146
< FA25  10 07     BPL $FA2E                       A:AA X:55 Y:2C P:A4 SP:F9 PPU:106,298 CYC:12148
< FA27  70 05     BVS $FA2E                       A:AA X:55 Y:2C P:A4 SP:F9 PPU:106,304 CYC:12150
< FA29  C9 AA     CMP #$AA                        A:AA X:55 Y:2C P:A4 SP:F9 PPU:106,310 CYC:12152
< FA2B  D0 01     BNE $FA2E                       A:AA X:55 Y:2C P:27 SP:F9 PPU:106,316 CYC:12154
< FA2D  60        RTS                             A:AA X:55 Y:2C P:27 SP:F9 PPU:106,322 CYC:12156
< DE2D  A9 FF     LDA #$FF                        A:AA X:55 Y:2C P:27 SP:FB PPU:106,340 CYC:12162
< DE2F  95 00     STA $00,X @ 55 = AA             A:FF X:55 Y:2C P:A5 SP:FB PPU:107,  5 CYC:12164
< DE31  85 01     STA $01 = FF                    A:FF X:55 Y:2C P:A5 SP:FB PPU:107, 17 CYC:12168
< DE33  24 01     BIT $01 = FF                    A:FF X:55 Y:2C P:A5 SP:FB PPU:107, 26 CYC:12171
< DE35  38        SEC                             A:FF X:55 Y:2C P:E5 SP:FB PPU:107, 35 CYC:12174
< DE36  F6 00     INC $00,X @ 55 = FF             A:FF X:55 Y:2C P:E5 SP:FB PPU:107, 41 CYC:12176
< DE38  D0 0C     BNE $DE46                       A:FF X:55 Y:2C P:67 SP:FB PPU:107, 59 CYC:12182
< DE3A  30 0A     BMI $DE46                       A:FF X:55 Y:2C P:67 SP:FB PPU:107, 65 CYC:12184
< DE3C  50 08     BVC $DE46                       A:FF X:55 Y:2C P:67 SP:FB PPU:107, 71 CYC:12186
< DE3E  90 06     BCC $DE46                       A:FF X:55 Y:2C P:67 SP:FB PPU:107, 77 CYC:12188
< DE40  B5 00     LDA $00,X @ 55 = 00             A:FF X:55 Y:2C P:67 SP:FB PPU:107, 83 CYC:12190
< DE42  C9 00     CMP #$00                        A:00 X:55 Y:2C P:67 SP:FB PPU:107, 95 CYC:12194
< DE44  F0 04     BEQ $DE4A                       A:00 X:55 Y:2C P:67 SP:FB PPU:107,101 CYC:12196
< DE4A  A9 7F     LDA #$7F                        A:00 X:55 Y:2C P:67 SP:FB PPU:107,110 CYC:12199
< DE4C  95 00     STA $00,X @ 55 = 00             A:7F X:55 Y:2C P:65 SP:FB PPU:107,116 CYC:12201
< DE4E  B8        CLV                             A:7F X:55 Y:2C P:65 SP:FB PPU:107,128 CYC:12205
< DE4F  18        CLC                             A:7F X:55 Y:2C P:25 SP:FB PPU:107,134 CYC:12207
< DE50  F6 00     INC $00,X @ 55 = 7F             A:7F X:55 Y:2C P:24 SP:FB PPU:107,140 CYC:12209
< DE52  F0 0C     BEQ $DE60                       A:7F X:55 Y:2C P:A4 SP:FB PPU:107,158 CYC:12215
< DE54  10 0A     BPL $DE60                       A:7F X:55 Y:2C P:A4 SP:FB PPU:107,164 CYC:12217
< DE56  70 08     BVS $DE60                       A:7F X:55 Y:2C P:A4 SP:FB PPU:107,170 CYC:12219
< DE58  B0 06     BCS $DE60                       A:7F X:55 Y:2C P:A4 SP:FB PPU:107,176 CYC:12221
< DE5A  B5 00     LDA $00,X @ 55 = 80             A:7F X:55 Y:2C P:A4 SP:FB PPU:107,182 CYC:12223
< DE5C  C9 80     CMP #$80                        A:80 X:55 Y:2C P:A4 SP:FB PPU:107,194 CYC:12227
< DE5E  F0 04     BEQ $DE64                       A:80 X:55 Y:2C P:27 SP:FB PPU:107,200 CYC:12229
< DE64  A9 00     LDA #$00                        A:80 X:55 Y:2C P:27 SP:FB PPU:107,209 CYC:12232
< DE66  95 00     STA $00,X @ 55 = 80             A:00 X:55 Y:2C P:27 SP:FB PPU:107,215 CYC:12234
< DE68  24 01     BIT $01 = FF                    A:00 X:55 Y:2C P:27 SP:FB PPU:107,227 CYC:12238
< DE6A  38        SEC                             A:00 X:55 Y:2C P:E7 SP:FB PPU:107,236 CYC:12241
< DE6B  D6 00     DEC $00,X @ 55 = 00             A:00 X:55 Y:2C P:E7 SP:FB PPU:107,242 CYC:12243
< DE6D  F0 0C     BEQ $DE7B                       A:00 X:55 Y:2C P:E5 SP:FB PPU:107,260 CYC:12249
< DE6F  10 0A     BPL $DE7B                       A:00 X:55 Y:2C P:E5 SP:FB PPU:107,266 CYC:12251
< DE71  50 08     BVC $DE7B                       A:00 X:55 Y:2C P:E5 SP:FB PPU:107,272 CYC:12253
< DE73  90 06     BCC $DE7B                       A:00 X:55 Y:2C P:E5 SP:FB PPU:107,278 CYC:12255
< DE75  B5 00     LDA $00,X @ 55 = FF             A:00 X:55 Y:2C P:E5 SP:FB PPU:107,284 CYC:12257
< DE77  C9 FF     CMP #$FF                        A:FF X:55 Y:2C P:E5 SP:FB PPU:107,296 CYC:12261
< DE79  F0 04     BEQ $DE7F                       A:FF X:55 Y:2C P:67 SP:FB PPU:107,302 CYC:12263
< DE7F  A9 80     LDA #$80                        A:FF X:55 Y:2C P:67 SP:FB PPU:107,311 CYC:12266
< DE81  95 00     STA $00,X @ 55 = FF             A:80 X:55 Y:2C P:E5 SP:FB PPU:107,317 CYC:12268
< DE83  B8        CLV                             A:80 X:55 Y:2C P:E5 SP:FB PPU:107,329 CYC:12272
< DE84  18        CLC                             A:80 X:55 Y:2C P:A5 SP:FB PPU:107,335 CYC:12274
< DE85  D6 00     DEC $00,X @ 55 = 80             A:80 X:55 Y:2C P:A4 SP:FB PPU:108,  0 CYC:12276
< DE87  F0 0C     BEQ $DE95                       A:80 X:55 Y:2C P:24 SP:FB PPU:108, 18 CYC:12282
< DE89  30 0A     BMI $DE95                       A:80 X:55 Y:2C P:24 SP:FB PPU:108, 24 CYC:12284
< DE8B  70 08     BVS $DE95                       A:80 X:55 Y:2C P:24 SP:FB PPU:108, 30 CYC:12286
< DE8D  B0 06     BCS $DE95                       A:80 X:55 Y:2C P:24 SP:FB PPU:108, 36 CYC:12288
< DE8F  B5 00     LDA $00,X @ 55 = 7F             A:80 X:55 Y:2C P:24 SP:FB PPU:108, 42 CYC:12290
< DE91  C9 7F     CMP #$7F                        A:7F X:55 Y:2C P:24 SP:FB PPU:108, 54 CYC:12294
< DE93  F0 04     BEQ $DE99                       A:7F X:55 Y:2C P:27 SP:FB PPU:108, 60 CYC:12296
< DE99  A9 01     LDA #$01                        A:7F X:55 Y:2C P:27 SP:FB PPU:108, 69 CYC:12299
< DE9B  95 00     STA $00,X @ 55 = 7F             A:01 X:55 Y:2C P:25 SP:FB PPU:108, 75 CYC:12301
< DE9D  D6 00     DEC $00,X @ 55 = 01             A:01 X:55 Y:2C P:25 SP:FB PPU:108, 87 CYC:12305
< DE9F  F0 04     BEQ $DEA5                       A:01 X:55 Y:2C P:27 SP:FB PPU:108,105 CYC:12311
< DEA5  A9 33     LDA #$33                        A:01 X:55 Y:2C P:27 SP:FB PPU:108,114 CYC:12314
< DEA7  85 78     STA $78 = 7F                    A:33 X:55 Y:2C P:25 SP:FB PPU:108,120 CYC:12316
< DEA9  A9 44     LDA #$44                        A:33 X:55 Y:2C P:25 SP:FB PPU:108,129 CYC:12319
< DEAB  A0 78     LDY #$78                        A:44 X:55 Y:2C P:25 SP:FB PPU:108,135 CYC:12321
< DEAD  A2 00     LDX #$00                        A:44 X:55 Y:78 P:25 SP:FB PPU:108,141 CYC:12323
< DEAF  38        SEC                             A:44 X:00 Y:78 P:27 SP:FB PPU:108,147 CYC:12325
< DEB0  24 01     BIT $01 = FF                    A:44 X:00 Y:78 P:27 SP:FB PPU:108,153 CYC:12327
< DEB2  B6 00     LDX $00,Y @ 78 = 33             A:44 X:00 Y:78 P:E5 SP:FB PPU:108,162 CYC:12330
< DEB4  90 12     BCC $DEC8                       A:44 X:33 Y:78 P:65 SP:FB PPU:108,174 CYC:12334
< DEB6  50 10     BVC $DEC8                       A:44 X:33 Y:78 P:65 SP:FB PPU:108,180 CYC:12336
< DEB8  30 0E     BMI $DEC8                       A:44 X:33 Y:78 P:65 SP:FB PPU:108,186 CYC:12338
< DEBA  F0 0C     BEQ $DEC8                       A:44 X:33 Y:78 P:65 SP:FB PPU:108,192 CYC:12340
< DEBC  E0 33     CPX #$33                        A:44 X:33 Y:78 P:65 SP:FB PPU:108,198 CYC:12342
< DEBE  D0 08     BNE $DEC8                       A:44 X:33 Y:78 P:67 SP:FB PPU:108,204 CYC:12344
< DEC0  C0 78     CPY #$78                        A:44 X:33 Y:78 P:67 SP:FB PPU:108,210 CYC:12346
< DEC2  D0 04     BNE $DEC8                       A:44 X:33 Y:78 P:67 SP:FB PPU:108,216 CYC:12348
< DEC4  C9 44     CMP #$44                        A:44 X:33 Y:78 P:67 SP:FB PPU:108,222 CYC:12350
< DEC6  F0 04     BEQ $DECC                       A:44 X:33 Y:78 P:67 SP:FB PPU:108,228 CYC:12352
< DECC  A9 97     LDA #$97                        A:44 X:33 Y:78 P:67 SP:FB PPU:108,237 CYC:12355
< DECE  85 7F     STA $7F = 00                    A:97 X:33 Y:78 P:E5 SP:FB PPU:108,243 CYC:12357
< DED0  A9 47     LDA #$47                        A:97 X:33 Y:78 P:E5 SP:FB PPU:108,252 CYC:12360
< DED2  A0 FF     LDY #$FF                        A:47 X:33 Y:78 P:65 SP:FB PPU:108,258 CYC:12362
< DED4  A2 00     LDX #$00                        A:47 X:33 Y:FF P:E5 SP:FB PPU:108,264 CYC:12364
< DED6  18        CLC                             A:47 X:00 Y:FF P:67 SP:FB PPU:108,270 CYC:12366
< DED7  B8        CLV                             A:47 X:00 Y:FF P:66 SP:FB PPU:108,276 CYC:12368
< DED8  B6 80     LDX $80,Y @ 7F = 97             A:47 X:00 Y:FF P:26 SP:FB PPU:108,282 CYC:12370
< DEDA  B0 12     BCS $DEEE                       A:47 X:97 Y:FF P:A4 SP:FB PPU:108,294 CYC:12374
< DEDC  70 10     BVS $DEEE                       A:47 X:97 Y:FF P:A4 SP:FB PPU:108,300 CYC:12376
< DEDE  10 0E     BPL $DEEE                       A:47 X:97 Y:FF P:A4 SP:FB PPU:108,306 CYC:12378
< DEE0  F0 0C     BEQ $DEEE                       A:47 X:97 Y:FF P:A4 SP:FB PPU:108,312 CYC:12380
< DEE2  E0 97     CPX #$97                        A:47 X:97 Y:FF P:A4 SP:FB PPU:108,318 CYC:12382
< DEE4  D0 08     BNE $DEEE                       A:47 X:97 Y:FF P:27 SP:FB PPU:108,324 CYC:12384
< DEE6  C0 FF     CPY #$FF                        A:47 X:97 Y:FF P:27 SP:FB PPU:108,330 CYC:12386
< DEE8  D0 04     BNE $DEEE                       A:47 X:97 Y:FF P:27 SP:FB PPU:108,336 CYC:12388
< DEEA  C9 47     CMP #$47                        A:47 X:97 Y:FF P:27 SP:FB PPU:109,  1 CYC:12390
< DEEC  F0 04     BEQ $DEF2                       A:47 X:97 Y:FF P:27 SP:FB PPU:109,  7 CYC:12392
< DEF2  A9 00     LDA #$00                        A:47 X:97 Y:FF P:27 SP:FB PPU:109, 16 CYC:12395
< DEF4  85 7F     STA $7F = 97                    A:00 X:97 Y:FF P:27 SP:FB PPU:109, 22 CYC:12397
< DEF6  A9 47     LDA #$47                        A:00 X:97 Y:FF P:27 SP:FB PPU:109, 31 CYC:12400
< DEF8  A0 FF     LDY #$FF                        A:47 X:97 Y:FF P:25 SP:FB PPU:109, 37 CYC:12402
< DEFA  A2 69     LDX #$69                        A:47 X:97 Y:FF P:A5 SP:FB PPU:109, 43 CYC:12404
< DEFC  18        CLC                             A:47 X:69 Y:FF P:25 SP:FB PPU:109, 49 CYC:12406
< DEFD  B8        CLV                             A:47 X:69 Y:FF P:24 SP:FB PPU:109, 55 CYC:12408
< DEFE  96 80     STX $80,Y @ 7F = 00             A:47 X:69 Y:FF P:24 SP:FB PPU:109, 61 CYC:12410
< DF00  B0 18     BCS $DF1A                       A:47 X:69 Y:FF P:24 SP:FB PPU:109, 73 CYC:12414
< DF02  70 16     BVS $DF1A                       A:47 X:69 Y:FF P:24 SP:FB PPU:109, 79 CYC:12416
< DF04  30 14     BMI $DF1A                       A:47 X:69 Y:FF P:24 SP:FB PPU:109, 85 CYC:12418
< DF06  F0 12     BEQ $DF1A                       A:47 X:69 Y:FF P:24 SP:FB PPU:109, 91 CYC:12420
< DF08  E0 69     CPX #$69                        A:47 X:69 Y:FF P:24 SP:FB PPU:109, 97 CYC:12422
< DF0A  D0 0E     BNE $DF1A                       A:47 X:69 Y:FF P:27 SP:FB PPU:109,103 CYC:12424
< DF0C  C0 FF     CPY #$FF                        A:47 X:69 Y:FF P:27 SP:FB PPU:109,109 CYC:12426
< DF0E  D0 0A     BNE $DF1A                       A:47 X:69 Y:FF P:27 SP:FB PPU:109,115 CYC:12428
< DF10  C9 47     CMP #$47                        A:47 X:69 Y:FF P:27 SP:FB PPU:109,121 CYC:12430
< DF12  D0 06     BNE $DF1A                       A:47 X:69 Y:FF P:27 SP:FB PPU:109,127 CYC:12432
< DF14  A5 7F     LDA $7F = 69                    A:47 X:69 Y:FF P:27 SP:FB PPU:109,133 CYC:12434
< DF16  C9 69     CMP #$69                        A:69 X:69 Y:FF P:25 SP:FB PPU:109,142 CYC:12437
< DF18  F0 04     BEQ $DF1E                       A:69 X:69 Y:FF P:27 SP:FB PPU:109,148 CYC:12439
< DF1E  A9 F5     LDA #$F5                        A:69 X:69 Y:FF P:27 SP:FB PPU:109,157 CYC:12442
< DF20  85 4F     STA $4F = 00                    A:F5 X:69 Y:FF P:A5 SP:FB PPU:109,163 CYC:12444
< DF22  A9 47     LDA #$47                        A:F5 X:69 Y:FF P:A5 SP:FB PPU:109,172 CYC:12447
< DF24  A0 4F     LDY #$4F                        A:47 X:69 Y:FF P:25 SP:FB PPU:109,178 CYC:12449
< DF26  24 01     BIT $01 = FF                    A:47 X:69 Y:4F P:25 SP:FB PPU:109,184 CYC:12451
< DF28  A2 00     LDX #$00                        A:47 X:69 Y:4F P:E5 SP:FB PPU:109,193 CYC:12454
< DF2A  38        SEC                             A:47 X:00 Y:4F P:67 SP:FB PPU:109,199 CYC:12456
< DF2B  96 00     STX $00,Y @ 4F = F5             A:47 X:00 Y:4F P:67 SP:FB PPU:109,205 CYC:12458
< DF2D  90 16     BCC $DF45                       A:47 X:00 Y:4F P:67 SP:FB PPU:109,217 CYC:12462
< DF2F  50 14     BVC $DF45                       A:47 X:00 Y:4F P:67 SP:FB PPU:109,223 CYC:12464
< DF31  30 12     BMI $DF45                       A:47 X:00 Y:4F P:67 SP:FB PPU:109,229 CYC:12466
< DF33  D0 10     BNE $DF45                       A:47 X:00 Y:4F P:67 SP:FB PPU:109,235 CYC:12468
< DF35  E0 00     CPX #$00                        A:47 X:00 Y:4F P:67 SP:FB PPU:109,241 CYC:12470
< DF37  D0 0C     BNE $DF45                       A:47 X:00 Y:4F P:67 SP:FB PPU:109,247 CYC:12472
< DF39  C0 4F     CPY #$4F                        A:47 X:00 Y:4F P:67 SP:FB PPU:109,253 CYC:12474
< DF3B  D0 08     BNE $DF45                       A:47 X:00 Y:4F P:67 SP:FB PPU:109,259 CYC:12476
< DF3D  C9 47     CMP #$47                        A:47 X:00 Y:4F P:67 SP:FB PPU:109,265 CYC:12478
< DF3F  D0 04     BNE $DF45                       A:47 X:00 Y:4F P:67 SP:FB PPU:109,271 CYC:12480
< DF41  A5 4F     LDA $4F = 00                    A:47 X:00 Y:4F P:67 SP:FB PPU:109,277 CYC:12482
< DF43  F0 04     BEQ $DF49                       A:00 X:00 Y:4F P:67 SP:FB PPU:109,286 CYC:12485
< DF49  60        RTS                             A:00 X:00 Y:4F P:67 SP:FB PPU:109,295 CYC:12488
< C62C  20 AA E1  JSR $E1AA                       A:00 X:00 Y:4F P:67 SP:FD PPU:109,313 CYC:12494
< E1AA  A9 FF     LDA #$FF                        A:00 X:00 Y:4F P:67 SP:FB PPU:109,331 CYC:12500
< E1AC  85 01     STA $01 = FF                    A:FF X:00 Y:4F P:E5 SP:FB PPU:109,337 CYC:12502
< E1AE  A9 AA     LDA #$AA                        A:FF X:00 Y:4F P:E5 SP:FB PPU:110,  5 CYC:12505
< E1B0  8D 33 06  STA $0633 = 00                  A:AA X:00 Y:4F P:E5 SP:FB PPU:110, 11 CYC:12507
< E1B3  A9 BB     LDA #$BB                        A:AA X:00 Y:4F P:E5 SP:FB PPU:110, 23 CYC:12511
< E1B5  8D 89 06  STA $0689 = 00                  A:BB X:00 Y:4F P:E5 SP:FB PPU:110, 29 CYC:12513
< E1B8  A2 00     LDX #$00                        A:BB X:00 Y:4F P:E5 SP:FB PPU:110, 41 CYC:12517
< E1BA  A9 66     LDA #$66                        A:BB X:00 Y:4F P:67 SP:FB PPU:110, 47 CYC:12519
< E1BC  24 01     BIT $01 = FF                    A:66 X:00 Y:4F P:65 SP:FB PPU:110, 53 CYC:12521
< E1BE  38        SEC                             A:66 X:00 Y:4F P:E5 SP:FB PPU:110, 62 CYC:12524
< E1BF  A0 00     LDY #$00                        A:66 X:00 Y:4F P:E5 SP:FB PPU:110, 68 CYC:12526
< E1C1  BC 33 06  LDY $0633,X @ 0633 = AA         A:66 X:00 Y:00 P:67 SP:FB PPU:110, 74 CYC:12528
< E1C4  10 12     BPL $E1D8                       A:66 X:00 Y:AA P:E5 SP:FB PPU:110, 86 CYC:12532
< E1C6  F0 10     BEQ $E1D8                       A:66 X:00 Y:AA P:E5 SP:FB PPU:110, 92 CYC:12534
< E1C8  50 0E     BVC $E1D8                       A:66 X:00 Y:AA P:E5 SP:FB PPU:110, 98 CYC:12536
< E1CA  90 0C     BCC $E1D8                       A:66 X:00 Y:AA P:E5 SP:FB PPU:110,104 CYC:12538
< E1CC  C9 66     CMP #$66                        A:66 X:00 Y:AA P:E5 SP:FB PPU:110,110 CYC:12540
< E1CE  D0 08     BNE $E1D8                       A:66 X:00 Y:AA P:67 SP:FB PPU:110,116 CYC:12542
< E1D0  E0 00     CPX #$00                        A:66 X:00 Y:AA P:67 SP:FB PPU:110,122 CYC:12544
< E1D2  D0 04     BNE $E1D8                       A:66 X:00 Y:AA P:67 SP:FB PPU:110,128 CYC:12546
< E1D4  C0 AA     CPY #$AA                        A:66 X:00 Y:AA P:67 SP:FB PPU:110,134 CYC:12548
< E1D6  F0 04     BEQ $E1DC                       A:66 X:00 Y:AA P:67 SP:FB PPU:110,140 CYC:12550
< E1DC  A2 8A     LDX #$8A                        A:66 X:00 Y:AA P:67 SP:FB PPU:110,149 CYC:12553
< E1DE  A9 66     LDA #$66                        A:66 X:8A Y:AA P:E5 SP:FB PPU:110,155 CYC:12555
< E1E0  B8        CLV                             A:66 X:8A Y:AA P:65 SP:FB PPU:110,161 CYC:12557
< E1E1  18        CLC                             A:66 X:8A Y:AA P:25 SP:FB PPU:110,167 CYC:12559
< E1E2  A0 00     LDY #$00                        A:66 X:8A Y:AA P:24 SP:FB PPU:110,173 CYC:12561
< E1E4  BC FF 05  LDY $05FF,X @ 0689 = BB         A:66 X:8A Y:00 P:26 SP:FB PPU:110,179 CYC:12563
< E1E7  10 12     BPL $E1FB                       A:66 X:8A Y:BB P:A4 SP:FB PPU:110,194 CYC:12568
< E1E9  F0 10     BEQ $E1FB                       A:66 X:8A Y:BB P:A4 SP:FB PPU:110,200 CYC:12570
< E1EB  70 0E     BVS $E1FB                       A:66 X:8A Y:BB P:A4 SP:FB PPU:110,206 CYC:12572
< E1ED  B0 0C     BCS $E1FB                       A:66 X:8A Y:BB P:A4 SP:FB PPU:110,212 CYC:12574
< E1EF  C0 BB     CPY #$BB                        A:66 X:8A Y:BB P:A4 SP:FB PPU:110,218 CYC:12576
< E1F1  D0 08     BNE $E1FB                       A:66 X:8A Y:BB P:27 SP:FB PPU:110,224 CYC:12578
< E1F3  C9 66     CMP #$66                        A:66 X:8A Y:BB P:27 SP:FB PPU:110,230 CYC:12580
< E1F5  D0 04     BNE $E1FB                       A:66 X:8A Y:BB P:27 SP:FB PPU:110,236 CYC:12582
< E1F7  E0 8A     CPX #$8A                        A:66 X:8A Y:BB P:27 SP:FB PPU:110,242 CYC:12584
< E1F9  F0 04     BEQ $E1FF                       A:66 X:8A Y:BB P:27 SP:FB PPU:110,248 CYC:12586
< E1FF  A0 53     LDY #$53                        A:66 X:8A Y:BB P:27 SP:FB PPU:110,257 CYC:12589
< E201  A9 AA     LDA #$AA                        A:66 X:8A Y:53 P:25 SP:FB PPU:110,263 CYC:12591
< E203  A2 78     LDX #$78                        A:AA X:8A Y:53 P:A5 SP:FB PPU:110,269 CYC:12593
< E205  8D 78 06  STA $0678 = 00                  A:AA X:78 Y:53 P:25 SP:FB PPU:110,275 CYC:12595
< E208  20 B6 F7  JSR $F7B6                       A:AA X:78 Y:53 P:25 SP:FB PPU:110,287 CYC:12599
< F7B6  18        CLC                             A:AA X:78 Y:53 P:25 SP:F9 PPU:110,305 CYC:12605
< F7B7  A9 FF     LDA #$FF                        A:AA X:78 Y:53 P:24 SP:F9 PPU:110,311 CYC:12607
< F7B9  85 01     STA $01 = FF                    A:FF X:78 Y:53 P:A4 SP:F9 PPU:110,317 CYC:12609
< F7BB  24 01     BIT $01 = FF                    A:FF X:78 Y:53 P:A4 SP:F9 PPU:110,326 CYC:12612
< F7BD  A9 55     LDA #$55                        A:FF X:78 Y:53 P:E4 SP:F9 PPU:110,335 CYC:12615
< F7BF  60        RTS                             A:55 X:78 Y:53 P:64 SP:F9 PPU:111,  0 CYC:12617
< E20B  1D 00 06  ORA $0600,X @ 0678 = AA         A:55 X:78 Y:53 P:64 SP:FB PPU:111, 18 CYC:12623
< E20E  20 C0 F7  JSR $F7C0                       A:FF X:78 Y:53 P:E4 SP:FB PPU:111, 30 CYC:12627
< F7C0  B0 09     BCS $F7CB                       A:FF X:78 Y:53 P:E4 SP:F9 PPU:111, 48 CYC:12633
< F7C2  10 07     BPL $F7CB                       A:FF X:78 Y:53 P:E4 SP:F9 PPU:111, 54 CYC:12635
< F7C4  C9 FF     CMP #$FF                        A:FF X:78 Y:53 P:E4 SP:F9 PPU:111, 60 CYC:12637
< F7C6  D0 03     BNE $F7CB                       A:FF X:78 Y:53 P:67 SP:F9 PPU:111, 66 CYC:12639
< F7C8  50 01     BVC $F7CB                       A:FF X:78 Y:53 P:67 SP:F9 PPU:111, 72 CYC:12641
< F7CA  60        RTS                             A:FF X:78 Y:53 P:67 SP:F9 PPU:111, 78 CYC:12643
< E211  C8        INY                             A:FF X:78 Y:53 P:67 SP:FB PPU:111, 96 CYC:12649
< E212  A9 00     LDA #$00                        A:FF X:78 Y:54 P:65 SP:FB PPU:111,102 CYC:12651
< E214  8D 78 06  STA $0678 = AA                  A:00 X:78 Y:54 P:67 SP:FB PPU:111,108 CYC:12653
< E217  20 CE F7  JSR $F7CE                       A:00 X:78 Y:54 P:67 SP:FB PPU:111,120 CYC:12657
< F7CE  38        SEC                             A:00 X:78 Y:54 P:67 SP:F9 PPU:111,138 CYC:12663
< F7CF  B8        CLV                             A:00 X:78 Y:54 P:67 SP:F9 PPU:111,144 CYC:12665
< F7D0  A9 00     LDA #$00                        A:00 X:78 Y:54 P:27 SP:F9 PPU:111,150 CYC:12667
< F7D2  60        RTS                             A:00 X:78 Y:54 P:27 SP:F9 PPU:111,156 CYC:12669
< E21A  1D 00 06  ORA $0600,X @ 0678 = 00         A:00 X:78 Y:54 P:27 SP:FB PPU:111,174 CYC:12675
< E21D  20 D3 F7  JSR $F7D3                       A:00 X:78 Y:54 P:27 SP:FB PPU:111,186 CYC:12679
< F7D3  D0 07     BNE $F7DC                       A:00 X:78 Y:54 P:27 SP:F9 PPU:111,204 CYC:12685
< F7D5  70 05     BVS $F7DC                       A:00 X:78 Y:54 P:27 SP:F9 PPU:111,210 CYC:12687
< F7D7  90 03     BCC $F7DC                       A:00 X:78 Y:54 P:27 SP:F9 PPU:111,216 CYC:12689
< F7D9  30 01     BMI $F7DC                       A:00 X:78 Y:54 P:27 SP:F9 PPU:111,222 CYC:12691
< F7DB  60        RTS                             A:00 X:78 Y:54 P:27 SP:F9 PPU:111,228 CYC:12693
< E220  C8        INY                             A:00 X:78 Y:54 P:27 SP:FB PPU:111,246 CYC:12699
< E221  A9 AA     LDA #$AA                        A:00 X:78 Y:55 P:25 SP:FB PPU:111,252 CYC:12701
< E223  8D 78 06  STA $0678 = 00                  A:AA X:78 Y:55 P:A5 SP:FB PPU:111,258 CYC:12703
< E226  20 DF F7  JSR $F7DF                       A:AA X:78 Y:55 P:A5 SP:FB PPU:111,270 CYC:12707
< F7DF  18        CLC                             A:AA X:78 Y:55 P:A5 SP:F9 PPU:111,288 CYC:12713
< F7E0  24 01     BIT $01 = FF                    A:AA X:78 Y:55 P:A4 SP:F9 PPU:111,294 CYC:12715
< F7E2  A9 55     LDA #$55                        A:AA X:78 Y:55 P:E4 SP:F9 PPU:111,303 CYC:12718
< F7E4  60        RTS                             A:55 X:78 Y:55 P:64 SP:F9 PPU:111,309 CYC:12720
< E229  3D 00 06  AND $0600,X @ 0678 = AA         A:55 X:78 Y:55 P:64 SP:FB PPU:111,327 CYC:12726
< E22C  20 E5 F7  JSR $F7E5                       A:00 X:78 Y:55 P:66 SP:FB PPU:111,339 CYC:12730
< F7E5  D0 07     BNE $F7EE                       A:00 X:78 Y:55 P:66 SP:F9 PPU:112, 16 CYC:12736
< F7E7  50 05     BVC $F7EE                       A:00 X:78 Y:55 P:66 SP:F9 PPU:112, 22 CYC:12738
< F7E9  B0 03     BCS $F7EE                       A:00 X:78 Y:55 P:66 SP:F9 PPU:112, 28 CYC:12740
< F7EB  30 01     BMI $F7EE                       A:00 X:78 Y:55 P:66 SP:F9 PPU:112, 34 CYC:12742
< F7ED  60        RTS                             A:00 X:78 Y:55 P:66 SP:F9 PPU:112, 40 CYC:12744
< E22F  C8        INY                             A:00 X:78 Y:55 P:66 SP:FB PPU:112, 58 CYC:12750
< E230  A9 EF     LDA #$EF                        A:00 X:78 Y:56 P:64 SP:FB PPU:112, 64 CYC:12752
< E232  8D 78 06  STA $0678 = AA                  A:EF X:78 Y:56 P:E4 SP:FB PPU:112, 70 CYC:12754
< E235  20 F1 F7  JSR $F7F1                       A:EF X:78 Y:56 P:E4 SP:FB PPU:112, 82 CYC:12758
< F7F1  38        SEC                             A:EF X:78 Y:56 P:E4 SP:F9 PPU:112,100 CYC:12764
< F7F2  B8        CLV                             A:EF X:78 Y:56 P:E5 SP:F9 PPU:112,106 CYC:12766
< F7F3  A9 F8     LDA #$F8                        A:EF X:78 Y:56 P:A5 SP:F9 PPU:112,112 CYC:12768
< F7F5  60        RTS                             A:F8 X:78 Y:56 P:A5 SP:F9 PPU:112,118 CYC:12770
< E238  3D 00 06  AND $0600,X @ 0678 = EF         A:F8 X:78 Y:56 P:A5 SP:FB PPU:112,136 CYC:12776
< E23B  20 F6 F7  JSR $F7F6                       A:E8 X:78 Y:56 P:A5 SP:FB PPU:112,148 CYC:12780
< F7F6  90 09     BCC $F801                       A:E8 X:78 Y:56 P:A5 SP:F9 PPU:112,166 CYC:12786
< F7F8  10 07     BPL $F801                       A:E8 X:78 Y:56 P:A5 SP:F9 PPU:112,172 CYC:12788
< F7FA  C9 E8     CMP #$E8                        A:E8 X:78 Y:56 P:A5 SP:F9 PPU:112,178 CYC:12790
< F7FC  D0 03     BNE $F801                       A:E8 X:78 Y:56 P:27 SP:F9 PPU:112,184 CYC:12792
< F7FE  70 01     BVS $F801                       A:E8 X:78 Y:56 P:27 SP:F9 PPU:112,190 CYC:12794
< F800  60        RTS                             A:E8 X:78 Y:56 P:27 SP:F9 PPU:112,196 CYC:12796
< E23E  C8        INY                             A:E8 X:78 Y:56 P:27 SP:FB PPU:112,214 CYC:12802
< E23F  A9 AA     LDA #$AA                        A:E8 X:78 Y:57 P:25 SP:FB PPU:112,220 CYC:12804
< E241  8D 78 06  STA $0678 = EF                  A:AA X:78 Y:57 P:A5 SP:FB PPU:112,226 CYC:12806
< E244  20 04 F8  JSR $F804                       A:AA X:78 Y:57 P:A5 SP:FB PPU:112,238 CYC:12810
< F804  18        CLC                             A:AA X:78 Y:57 P:A5 SP:F9 PPU:112,256 CYC:12816
< F805  24 01     BIT $01 = FF                    A:AA X:78 Y:57 P:A4 SP:F9 PPU:112,262 CYC:12818
< F807  A9 5F     LDA #$5F                        A:AA X:78 Y:57 P:E4 SP:F9 PPU:112,271 CYC:12821
< F809  60        RTS                             A:5F X:78 Y:57 P:64 SP:F9 PPU:112,277 CYC:12823
< E247  5D 00 06  EOR $0600,X @ 0678 = AA         A:5F X:78 Y:57 P:64 SP:FB PPU:112,295 CYC:12829
< E24A  20 0A F8  JSR $F80A                       A:F5 X:78 Y:57 P:E4 SP:FB PPU:112,307 CYC:12833
< F80A  B0 09     BCS $F815                       A:F5 X:78 Y:57 P:E4 SP:F9 PPU:112,325 CYC:12839
< F80C  10 07     BPL $F815                       A:F5 X:78 Y:57 P:E4 SP:F9 PPU:112,331 CYC:12841
< F80E  C9 F5     CMP #$F5                        A:F5 X:78 Y:57 P:E4 SP:F9 PPU:112,337 CYC:12843
< F810  D0 03     BNE $F815                       A:F5 X:78 Y:57 P:67 SP:F9 PPU:113,  2 CYC:12845
< F812  50 01     BVC $F815                       A:F5 X:78 Y:57 P:67 SP:F9 PPU:113,  8 CYC:12847
< F814  60        RTS                             A:F5 X:78 Y:57 P:67 SP:F9 PPU:113, 14 CYC:12849
< E24D  C8        INY                             A:F5 X:78 Y:57 P:67 SP:FB PPU:113, 32 CYC:12855
< E24E  A9 70     LDA #$70                        A:F5 X:78 Y:58 P:65 SP:FB PPU:113, 38 CYC:12857
< E250  8D 78 06  STA $0678 = AA                  A:70 X:78 Y:58 P:65 SP:FB PPU:113, 44 CYC:12859
< E253  20 18 F8  JSR $F818                       A:70 X:78 Y:58 P:65 SP:FB PPU:113, 56 CYC:12863
< F818  38        SEC                             A:70 X:78 Y:58 P:65 SP:F9 PPU:113, 74 CYC:12869
< F819  B8        CLV                             A:70 X:78 Y:58 P:65 SP:F9 PPU:113, 80 CYC:12871
< F81A  A9 70     LDA #$70                        A:70 X:78 Y:58 P:25 SP:F9 PPU:113, 86 CYC:12873
< F81C  60        RTS                             A:70 X:78 Y:58 P:25 SP:F9 PPU:113, 92 CYC:12875
< E256  5D 00 06  EOR $0600,X @ 0678 = 70         A:70 X:78 Y:58 P:25 SP:FB PPU:113,110 CYC:12881
< E259  20 1D F8  JSR $F81D                       A:00 X:78 Y:58 P:27 SP:FB PPU:113,122 CYC:12885
< F81D  D0 07     BNE $F826                       A:00 X:78 Y:58 P:27 SP:F9 PPU:113,140 CYC:12891
< F81F  70 05     BVS $F826                       A:00 X:78 Y:58 P:27 SP:F9 PPU:113,146 CYC:12893
< F821  90 03     BCC $F826                       A:00 X:78 Y:58 P:27 SP:F9 PPU:113,152 CYC:12895
< F823  30 01     BMI $F826                       A:00 X:78 Y:58 P:27 SP:F9 PPU:113,158 CYC:12897
< F825  60        RTS                             A:00 X:78 Y:58 P:27 SP:F9 PPU:113,164 CYC:12899
< E25C  C8        INY                             A:00 X:78 Y:58 P:27 SP:FB PPU:113,182 CYC:12905
< E25D  A9 69     LDA #$69                        A:00 X:78 Y:59 P:25 SP:FB PPU:113,188 CYC:12907
< E25F  8D 78 06  STA $0678 = 70                  A:69 X:78 Y:59 P:25 SP:FB PPU:113,194 CYC:12909
< E262  20 29 F8  JSR $F829                       A:69 X:78 Y:59 P:25 SP:FB PPU:113,206 CYC:12913
< F829  18        CLC                             A:69 X:78 Y:59 P:25 SP:F9 PPU:113,224 CYC:12919
< F82A  24 01     BIT $01 = FF                    A:69 X:78 Y:59 P:24 SP:F9 PPU:113,230 CYC:12921
< F82C  A9 00     LDA #$00                        A:69 X:78 Y:59 P:E4 SP:F9 PPU:113,239 CYC:12924
< F82E  60        RTS                             A:00 X:78 Y:59 P:66 SP:F9 PPU:113,245 CYC:12926
< E265  7D 00 06  ADC $0600,X @ 0678 = 69         A:00 X:78 Y:59 P:66 SP:FB PPU:113,263 CYC:12932
< E268  20 2F F8  JSR $F82F                       A:69 X:78 Y:59 P:24 SP:FB PPU:113,275 CYC:12936
< F82F  30 09     BMI $F83A                       A:69 X:78 Y:59 P:24 SP:F9 PPU:113,293 CYC:12942
< F831  B0 07     BCS $F83A                       A:69 X:78 Y:59 P:24 SP:F9 PPU:113,299 CYC:12944
< F833  C9 69     CMP #$69                        A:69 X:78 Y:59 P:24 SP:F9 PPU:113,305 CYC:12946
< F835  D0 03     BNE $F83A                       A:69 X:78 Y:59 P:27 SP:F9 PPU:113,311 CYC:12948
< F837  70 01     BVS $F83A                       A:69 X:78 Y:59 P:27 SP:F9 PPU:113,317 CYC:12950
< F839  60        RTS                             A:69 X:78 Y:59 P:27 SP:F9 PPU:113,323 CYC:12952
< E26B  C8        INY                             A:69 X:78 Y:59 P:27 SP:FB PPU:114,  0 CYC:12958
< E26C  20 3D F8  JSR $F83D                       A:69 X:78 Y:5A P:25 SP:FB PPU:114,  6 CYC:12960
< F83D  38        SEC                             A:69 X:78 Y:5A P:25 SP:F9 PPU:114, 24 CYC:12966
< F83E  24 01     BIT $01 = FF                    A:69 X:78 Y:5A P:25 SP:F9 PPU:114, 30 CYC:12968
< F840  A9 00     LDA #$00                        A:69 X:78 Y:5A P:E5 SP:F9 PPU:114, 39 CYC:12971
< F842  60        RTS                             A:00 X:78 Y:5A P:67 SP:F9 PPU:114, 45 CYC:12973
< E26F  7D 00 06  ADC $0600,X @ 0678 = 69         A:00 X:78 Y:5A P:67 SP:FB PPU:114, 63 CYC:12979
< E272  20 43 F8  JSR $F843                       A:6A X:78 Y:5A P:24 SP:FB PPU:114, 75 CYC:12983
< F843  30 09     BMI $F84E                       A:6A X:78 Y:5A P:24 SP:F9 PPU:114, 93 CYC:12989
< F845  B0 07     BCS $F84E                       A:6A X:78 Y:5A P:24 SP:F9 PPU:114, 99 CYC:12991
< F847  C9 6A     CMP #$6A                        A:6A X:78 Y:5A P:24 SP:F9 PPU:114,105 CYC:12993
< F849  D0 03     BNE $F84E                       A:6A X:78 Y:5A P:27 SP:F9 PPU:114,111 CYC:12995
< F84B  70 01     BVS $F84E                       A:6A X:78 Y:5A P:27 SP:F9 PPU:114,117 CYC:12997
< F84D  60        RTS                             A:6A X:78 Y:5A P:27 SP:F9 PPU:114,123 CYC:12999
< E275  C8        INY                             A:6A X:78 Y:5A P:27 SP:FB PPU:114,141 CYC:13005
< E276  A9 7F     LDA #$7F                        A:6A X:78 Y:5B P:25 SP:FB PPU:114,147 CYC:13007
< E278  8D 78 06  STA $0678 = 69                  A:7F X:78 Y:5B P:25 SP:FB PPU:114,153 CYC:13009
< E27B  20 51 F8  JSR $F851                       A:7F X:78 Y:5B P:25 SP:FB PPU:114,165 CYC:13013
< F851  38        SEC                             A:7F X:78 Y:5B P:25 SP:F9 PPU:114,183 CYC:13019
< F852  B8        CLV                             A:7F X:78 Y:5B P:25 SP:F9 PPU:114,189 CYC:13021
< F853  A9 7F     LDA #$7F                        A:7F X:78 Y:5B P:25 SP:F9 PPU:114,195 CYC:13023
< F855  60        RTS                             A:7F X:78 Y:5B P:25 SP:F9 PPU:114,201 CYC:13025
< E27E  7D 00 06  ADC $0600,X @ 0678 = 7F         A:7F X:78 Y:5B P:25 SP:FB PPU:114,219 CYC:13031
< E281  20 56 F8  JSR $F856                       A:FF X:78 Y:5B P:E4 SP:FB PPU:114,231 CYC:13035
< F856  10 09     BPL $F861                       A:FF X:78 Y:5B P:E4 SP:F9 PPU:114,249 CYC:13041
< F858  B0 07     BCS $F861                       A:FF X:78 Y:5B P:E4 SP:F9 PPU:114,255 CYC:13043
< F85A  C9 FF     CMP #$FF                        A:FF X:78 Y:5B P:E4 SP:F9 PPU:114,261 CYC:13045
< F85C  D0 03     BNE $F861                       A:FF X:78 Y:5B P:67 SP:F9 PPU:114,267 CYC:13047
< F85E  50 01     BVC $F861                       A:FF X:78 Y:5B P:67 SP:F9 PPU:114,273 CYC:13049
< F860  60        RTS                             A:FF X:78 Y:5B P:67 SP:F9 PPU:114,279 CYC:13051
< E284  C8        INY                             A:FF X:78 Y:5B P:67 SP:FB PPU:114,297 CYC:13057
< E285  A9 80     LDA #$80                        A:FF X:78 Y:5C P:65 SP:FB PPU:114,303 CYC:13059
< E287  8D 78 06  STA $0678 = 7F                  A:80 X:78 Y:5C P:E5 SP:FB PPU:114,309 CYC:13061
< E28A  20 64 F8  JSR $F864                       A:80 X:78 Y:5C P:E5 SP:FB PPU:114,321 CYC:13065
< F864  18        CLC                             A:80 X:78 Y:5C P:E5 SP:F9 PPU:114,339 CYC:13071
< F865  24 01     BIT $01 = FF                    A:80 X:78 Y:5C P:E4 SP:F9 PPU:115,  4 CYC:13073
< F867  A9 7F     LDA #$7F                        A:80 X:78 Y:5C P:E4 SP:F9 PPU:115, 13 CYC:13076
< F869  60        RTS                             A:7F X:78 Y:5C P:64 SP:F9 PPU:115, 19 CYC:13078
< E28D  7D 00 06  ADC $0600,X @ 0678 = 80         A:7F X:78 Y:5C P:64 SP:FB PPU:115, 37 CYC:13084
< E290  20 6A F8  JSR $F86A                       A:FF X:78 Y:5C P:A4 SP:FB PPU:115, 49 CYC:13088
< F86A  10 09     BPL $F875                       A:FF X:78 Y:5C P:A4 SP:F9 PPU:115, 67 CYC:13094
< F86C  B0 07     BCS $F875                       A:FF X:78 Y:5C P:A4 SP:F9 PPU:115, 73 CYC:13096
< F86E  C9 FF     CMP #$FF                        A:FF X:78 Y:5C P:A4 SP:F9 PPU:115, 79 CYC:13098
< F870  D0 03     BNE $F875                       A:FF X:78 Y:5C P:27 SP:F9 PPU:115, 85 CYC:13100
< F872  70 01     BVS $F875                       A:FF X:78 Y:5C P:27 SP:F9 PPU:115, 91 CYC:13102
< F874  60        RTS                             A:FF X:78 Y:5C P:27 SP:F9 PPU:115, 97 CYC:13104
< E293  C8        INY                             A:FF X:78 Y:5C P:27 SP:FB PPU:115,115 CYC:13110
< E294  20 78 F8  JSR $F878                       A:FF X:78 Y:5D P:25 SP:FB PPU:115,121 CYC:13112
< F878  38        SEC                             A:FF X:78 Y:5D P:25 SP:F9 PPU:115,139 CYC:13118
< F879  B8        CLV                             A:FF X:78 Y:5D P:25 SP:F9 PPU:115,145 CYC:13120
< F87A  A9 7F     LDA #$7F                        A:FF X:78 Y:5D P:25 SP:F9 PPU:115,151 CYC:13122
< F87C  60        RTS                             A:7F X:78 Y:5D P:25 SP:F9 PPU:115,157 CYC:13124
< E297  7D 00 06  ADC $0600,X @ 0678 = 80         A:7F X:78 Y:5D P:25 SP:FB PPU:115,175 CYC:13130
< E29A  20 7D F8  JSR $F87D                       A:00 X:78 Y:5D P:27 SP:FB PPU:115,187 CYC:13134
< F87D  D0 07     BNE $F886                       A:00 X:78 Y:5D P:27 SP:F9 PPU:115,205 CYC:13140
< F87F  30 05     BMI $F886                       A:00 X:78 Y:5D P:27 SP:F9 PPU:115,211 CYC:13142
< F881  70 03     BVS $F886                       A:00 X:78 Y:5D P:27 SP:F9 PPU:115,217 CYC:13144
< F883  90 01     BCC $F886                       A:00 X:78 Y:5D P:27 SP:F9 PPU:115,223 CYC:13146
< F885  60        RTS                             A:00 X:78 Y:5D P:27 SP:F9 PPU:115,229 CYC:13148
< E29D  C8        INY                             A:00 X:78 Y:5D P:27 SP:FB PPU:115,247 CYC:13154
< E29E  A9 40     LDA #$40                        A:00 X:78 Y:5E P:25 SP:FB PPU:115,253 CYC:13156
< E2A0  8D 78 06  STA $0678 = 80                  A:40 X:78 Y:5E P:25 SP:FB PPU:115,259 CYC:13158
< E2A3  20 89 F8  JSR $F889                       A:40 X:78 Y:5E P:25 SP:FB PPU:115,271 CYC:13162
< F889  24 01     BIT $01 = FF                    A:40 X:78 Y:5E P:25 SP:F9 PPU:115,289 CYC:13168
< F88B  A9 40     LDA #$40                        A:40 X:78 Y:5E P:E5 SP:F9 PPU:115,298 CYC:13171
< F88D  60        RTS                             A:40 X:78 Y:5E P:65 SP:F9 PPU:115,304 CYC:13173
< E2A6  DD 00 06  CMP $0600,X @ 0678 = 40         A:40 X:78 Y:5E P:65 SP:FB PPU:115,322 CYC:13179
< E2A9  20 8E F8  JSR $F88E                       A:40 X:78 Y:5E P:67 SP:FB PPU:115,334 CYC:13183
< F88E  30 07     BMI $F897                       A:40 X:78 Y:5E P:67 SP:F9 PPU:116, 11 CYC:13189
< F890  90 05     BCC $F897                       A:40 X:78 Y:5E P:67 SP:F9 PPU:116, 17 CYC:13191
< F892  D0 03     BNE $F897                       A:40 X:78 Y:5E P:67 SP:F9 PPU:116, 23 CYC:13193
< F894  50 01     BVC $F897                       A:40 X:78 Y:5E P:67 SP:F9 PPU:116, 29 CYC:13195
< F896  60        RTS                             A:40 X:78 Y:5E P:67 SP:F9 PPU:116, 35 CYC:13197
< E2AC  C8        INY                             A:40 X:78 Y:5E P:67 SP:FB PPU:116, 53 CYC:13203
< E2AD  48        PHA                             A:40 X:78 Y:5F P:65 SP:FB PPU:116, 59 CYC:13205
< E2AE  A9 3F     LDA #$3F                        A:40 X:78 Y:5F P:65 SP:FA PPU:116, 68 CYC:13208
< E2B0  8D 78 06  STA $0678 = 40                  A:3F X:78 Y:5F P:65 SP:FA PPU:116, 74 CYC:13210
< E2B3  68        PLA                             A:3F X:78 Y:5F P:65 SP:FA PPU:116, 86 CYC:13214
< E2B4  20 9A F8  JSR $F89A                       A:40 X:78 Y:5F P:65 SP:FB PPU:116, 98 CYC:13218
< F89A  B8        CLV                             A:40 X:78 Y:5F P:65 SP:F9 PPU:116,116 CYC:13224
< F89B  60        RTS                             A:40 X:78 Y:5F P:25 SP:F9 PPU:116,122 CYC:13226
< E2B7  DD 00 06  CMP $0600,X @ 0678 = 3F         A:40 X:78 Y:5F P:25 SP:FB PPU:116,140 CYC:13232
< E2BA  20 9C F8  JSR $F89C                       A:40 X:78 Y:5F P:25 SP:FB PPU:116,152 CYC:13236
< F89C  F0 07     BEQ $F8A5                       A:40 X:78 Y:5F P:25 SP:F9 PPU:116,170 CYC:13242
< F89E  30 05     BMI $F8A5                       A:40 X:78 Y:5F P:25 SP:F9 PPU:116,176 CYC:13244
< F8A0  90 03     BCC $F8A5                       A:40 X:78 Y:5F P:25 SP:F9 PPU:116,182 CYC:13246
< F8A2  70 01     BVS $F8A5                       A:40 X:78 Y:5F P:25 SP:F9 PPU:116,188 CYC:13248
< F8A4  60        RTS                             A:40 X:78 Y:5F P:25 SP:F9 PPU:116,194 CYC:13250
< E2BD  C8        INY                             A:40 X:78 Y:5F P:25 SP:FB PPU:116,212 CYC:13256
< E2BE  48        PHA                             A:40 X:78 Y:60 P:25 SP:FB PPU:116,218 CYC:13258
< E2BF  A9 41     LDA #$41                        A:40 X:78 Y:60 P:25 SP:FA PPU:116,227 CYC:13261
< E2C1  8D 78 06  STA $0678 = 3F                  A:41 X:78 Y:60 P:25 SP:FA PPU:116,233 CYC:13263
< E2C4  68        PLA                             A:41 X:78 Y:60 P:25 SP:FA PPU:116,245 CYC:13267
< E2C5  DD 00 06  CMP $0600,X @ 0678 = 41         A:40 X:78 Y:60 P:25 SP:FB PPU:116,257 CYC:13271
< E2C8  20 A8 F8  JSR $F8A8                       A:40 X:78 Y:60 P:A4 SP:FB PPU:116,269 CYC:13275
< F8A8  F0 05     BEQ $F8AF                       A:40 X:78 Y:60 P:A4 SP:F9 PPU:116,287 CYC:13281
< F8AA  10 03     BPL $F8AF                       A:40 X:78 Y:60 P:A4 SP:F9 PPU:116,293 CYC:13283
< F8AC  10 01     BPL $F8AF                       A:40 X:78 Y:60 P:A4 SP:F9 PPU:116,299 CYC:13285
< F8AE  60        RTS                             A:40 X:78 Y:60 P:A4 SP:F9 PPU:116,305 CYC:13287
< E2CB  C8        INY                             A:40 X:78 Y:60 P:A4 SP:FB PPU:116,323 CYC:13293
< E2CC  48        PHA                             A:40 X:78 Y:61 P:24 SP:FB PPU:116,329 CYC:13295
< E2CD  A9 00     LDA #$00                        A:40 X:78 Y:61 P:24 SP:FA PPU:116,338 CYC:13298
< E2CF  8D 78 06  STA $0678 = 41                  A:00 X:78 Y:61 P:26 SP:FA PPU:117,  3 CYC:13300
< E2D2  68        PLA                             A:00 X:78 Y:61 P:26 SP:FA PPU:117, 15 CYC:13304
< E2D3  20 B2 F8  JSR $F8B2                       A:40 X:78 Y:61 P:24 SP:FB PPU:117, 27 CYC:13308
< F8B2  A9 80     LDA #$80                        A:40 X:78 Y:61 P:24 SP:F9 PPU:117, 45 CYC:13314
< F8B4  60        RTS                             A:80 X:78 Y:61 P:A4 SP:F9 PPU:117, 51 CYC:13316
< E2D6  DD 00 06  CMP $0600,X @ 0678 = 00         A:80 X:78 Y:61 P:A4 SP:FB PPU:117, 69 CYC:13322
< E2D9  20 B5 F8  JSR $F8B5                       A:80 X:78 Y:61 P:A5 SP:FB PPU:117, 81 CYC:13326
< F8B5  F0 05     BEQ $F8BC                       A:80 X:78 Y:61 P:A5 SP:F9 PPU:117, 99 CYC:13332
< F8B7  10 03     BPL $F8BC                       A:80 X:78 Y:61 P:A5 SP:F9 PPU:117,105 CYC:13334
< F8B9  90 01     BCC $F8BC                       A:80 X:78 Y:61 P:A5 SP:F9 PPU:117,111 CYC:13336
< F8BB  60        RTS                             A:80 X:78 Y:61 P:A5 SP:F9 PPU:117,117 CYC:13338
< E2DC  C8        INY                             A:80 X:78 Y:61 P:A5 SP:FB PPU:117,135 CYC:13344
< E2DD  48        PHA                             A:80 X:78 Y:62 P:25 SP:FB PPU:117,141 CYC:13346
< E2DE  A9 80     LDA #$80                        A:80 X:78 Y:62 P:25 SP:FA PPU:117,150 CYC:13349
< E2E0  8D 78 06  STA $0678 = 00                  A:80 X:78 Y:62 P:A5 SP:FA PPU:117,156 CYC:13351
< E2E3  68        PLA                             A:80 X:78 Y:62 P:A5 SP:FA PPU:117,168 CYC:13355
< E2E4  DD 00 06  CMP $0600,X @ 0678 = 80         A:80 X:78 Y:62 P:A5 SP:FB PPU:117,180 CYC:13359
< E2E7  20 BF F8  JSR $F8BF                       A:80 X:78 Y:62 P:27 SP:FB PPU:117,192 CYC:13363
< F8BF  D0 05     BNE $F8C6                       A:80 X:78 Y:62 P:27 SP:F9 PPU:117,210 CYC:13369
< F8C1  30 03     BMI $F8C6                       A:80 X:78 Y:62 P:27 SP:F9 PPU:117,216 CYC:13371
< F8C3  90 01     BCC $F8C6                       A:80 X:78 Y:62 P:27 SP:F9 PPU:117,222 CYC:13373
< F8C5  60        RTS                             A:80 X:78 Y:62 P:27 SP:F9 PPU:117,228 CYC:13375
< E2EA  C8        INY                             A:80 X:78 Y:62 P:27 SP:FB PPU:117,246 CYC:13381
< E2EB  48        PHA                             A:80 X:78 Y:63 P:25 SP:FB PPU:117,252 CYC:13383
< E2EC  A9 81     LDA #$81                        A:80 X:78 Y:63 P:25 SP:FA PPU:117,261 CYC:13386
< E2EE  8D 78 06  STA $0678 = 80                  A:81 X:78 Y:63 P:A5 SP:FA PPU:117,267 CYC:13388
< E2F1  68        PLA                             A:81 X:78 Y:63 P:A5 SP:FA PPU:117,279 CYC:13392
< E2F2  DD 00 06  CMP $0600,X @ 0678 = 81         A:80 X:78 Y:63 P:A5 SP:FB PPU:117,291 CYC:13396
< E2F5  20 C9 F8  JSR $F8C9                       A:80 X:78 Y:63 P:A4 SP:FB PPU:117,303 CYC:13400
< F8C9  B0 05     BCS $F8D0                       A:80 X:78 Y:63 P:A4 SP:F9 PPU:117,321 CYC:13406
< F8CB  F0 03     BEQ $F8D0                       A:80 X:78 Y:63 P:A4 SP:F9 PPU:117,327 CYC:13408
< F8CD  10 01     BPL $F8D0                       A:80 X:78 Y:63 P:A4 SP:F9 PPU:117,333 CYC:13410
< F8CF  60        RTS                             A:80 X:78 Y:63 P:A4 SP:F9 PPU:117,339 CYC:13412
< E2F8  C8        INY                             A:80 X:78 Y:63 P:A4 SP:FB PPU:118, 16 CYC:13418
< E2F9  48        PHA                             A:80 X:78 Y:64 P:24 SP:FB PPU:118, 22 CYC:13420
< E2FA  A9 7F     LDA #$7F                        A:80 X:78 Y:64 P:24 SP:FA PPU:118, 31 CYC:13423
< E2FC  8D 78 06  STA $0678 = 81                  A:7F X:78 Y:64 P:24 SP:FA PPU:118, 37 CYC:13425
< E2FF  68        PLA                             A:7F X:78 Y:64 P:24 SP:FA PPU:118, 49 CYC:13429
< E300  DD 00 06  CMP $0600,X @ 0678 = 7F         A:80 X:78 Y:64 P:A4 SP:FB PPU:118, 61 CYC:13433
< E303  20 D3 F8  JSR $F8D3                       A:80 X:78 Y:64 P:25 SP:FB PPU:118, 73 CYC:13437
< F8D3  90 05     BCC $F8DA                       A:80 X:78 Y:64 P:25 SP:F9 PPU:118, 91 CYC:13443
< F8D5  F0 03     BEQ $F8DA                       A:80 X:78 Y:64 P:25 SP:F9 PPU:118, 97 CYC:13445
< F8D7  30 01     BMI $F8DA                       A:80 X:78 Y:64 P:25 SP:F9 PPU:118,103 CYC:13447
< F8D9  60        RTS                             A:80 X:78 Y:64 P:25 SP:F9 PPU:118,109 CYC:13449
< E306  C8        INY                             A:80 X:78 Y:64 P:25 SP:FB PPU:118,127 CYC:13455
< E307  A9 40     LDA #$40                        A:80 X:78 Y:65 P:25 SP:FB PPU:118,133 CYC:13457
< E309  8D 78 06  STA $0678 = 7F                  A:40 X:78 Y:65 P:25 SP:FB PPU:118,139 CYC:13459
< E30C  20 31 F9  JSR $F931                       A:40 X:78 Y:65 P:25 SP:FB PPU:118,151 CYC:13463
< F931  24 01     BIT $01 = FF                    A:40 X:78 Y:65 P:25 SP:F9 PPU:118,169 CYC:13469
< F933  A9 40     LDA #$40                        A:40 X:78 Y:65 P:E5 SP:F9 PPU:118,178 CYC:13472
< F935  38        SEC                             A:40 X:78 Y:65 P:65 SP:F9 PPU:118,184 CYC:13474
< F936  60        RTS                             A:40 X:78 Y:65 P:65 SP:F9 PPU:118,190 CYC:13476
< E30F  FD 00 06  SBC $0600,X @ 0678 = 40         A:40 X:78 Y:65 P:65 SP:FB PPU:118,208 CYC:13482
< E312  20 37 F9  JSR $F937                       A:00 X:78 Y:65 P:27 SP:FB PPU:118,220 CYC:13486
< F937  30 0B     BMI $F944                       A:00 X:78 Y:65 P:27 SP:F9 PPU:118,238 CYC:13492
< F939  90 09     BCC $F944                       A:00 X:78 Y:65 P:27 SP:F9 PPU:118,244 CYC:13494
< F93B  D0 07     BNE $F944                       A:00 X:78 Y:65 P:27 SP:F9 PPU:118,250 CYC:13496
< F93D  70 05     BVS $F944                       A:00 X:78 Y:65 P:27 SP:F9 PPU:118,256 CYC:13498
< F93F  C9 00     CMP #$00                        A:00 X:78 Y:65 P:27 SP:F9 PPU:118,262 CYC:13500
< F941  D0 01     BNE $F944                       A:00 X:78 Y:65 P:27 SP:F9 PPU:118,268 CYC:13502
< F943  60        RTS                             A:00 X:78 Y:65 P:27 SP:F9 PPU:118,274 CYC:13504
< E315  C8        INY                             A:00 X:78 Y:65 P:27 SP:FB PPU:118,292 CYC:13510
< E316  A9 3F     LDA #$3F                        A:00 X:78 Y:66 P:25 SP:FB PPU:118,298 CYC:13512
< E318  8D 78 06  STA $0678 = 40                  A:3F X:78 Y:66 P:25 SP:FB PPU:118,304 CYC:13514
< E31B  20 47 F9  JSR $F947                       A:3F X:78 Y:66 P:25 SP:FB PPU:118,316 CYC:13518
< F947  B8        CLV                             A:3F X:78 Y:66 P:25 SP:F9 PPU:118,334 CYC:13524
< F948  38        SEC                             A:3F X:78 Y:66 P:25 SP:F9 PPU:118,340 CYC:13526
< F949  A9 40     LDA #$40                        A:3F X:78 Y:66 P:25 SP:F9 PPU:119,  5 CYC:13528
< F94B  60        RTS                             A:40 X:78 Y:66 P:25 SP:F9 PPU:119, 11 CYC:13530
< E31E  FD 00 06  SBC $0600,X @ 0678 = 3F         A:40 X:78 Y:66 P:25 SP:FB PPU:119, 29 CYC:13536
< E321  20 4C F9  JSR $F94C                       A:01 X:78 Y:66 P:25 SP:FB PPU:119, 41 CYC:13540
< F94C  F0 0B     BEQ $F959                       A:01 X:78 Y:66 P:25 SP:F9 PPU:119, 59 CYC:13546
< F94E  30 09     BMI $F959                       A:01 X:78 Y:66 P:25 SP:F9 PPU:119, 65 CYC:13548
< F950  90 07     BCC $F959                       A:01 X:78 Y:66 P:25 SP:F9 PPU:119, 71 CYC:13550
< F952  70 05     BVS $F959                       A:01 X:78 Y:66 P:25 SP:F9 PPU:119, 77 CYC:13552
< F954  C9 01     CMP #$01                        A:01 X:78 Y:66 P:25 SP:F9 PPU:119, 83 CYC:13554
< F956  D0 01     BNE $F959                       A:01 X:78 Y:66 P:27 SP:F9 PPU:119, 89 CYC:13556
< F958  60        RTS                             A:01 X:78 Y:66 P:27 SP:F9 PPU:119, 95 CYC:13558
< E324  C8        INY                             A:01 X:78 Y:66 P:27 SP:FB PPU:119,113 CYC:13564
< E325  A9 41     LDA #$41                        A:01 X:78 Y:67 P:25 SP:FB PPU:119,119 CYC:13566
< E327  8D 78 06  STA $0678 = 3F                  A:41 X:78 Y:67 P:25 SP:FB PPU:119,125 CYC:13568
< E32A  20 5C F9  JSR $F95C                       A:41 X:78 Y:67 P:25 SP:FB PPU:119,137 CYC:13572
< F95C  A9 40     LDA #$40                        A:41 X:78 Y:67 P:25 SP:F9 PPU:119,155 CYC:13578
< F95E  38        SEC                             A:40 X:78 Y:67 P:25 SP:F9 PPU:119,161 CYC:13580
< F95F  24 01     BIT $01 = FF                    A:40 X:78 Y:67 P:25 SP:F9 PPU:119,167 CYC:13582
< F961  60        RTS                             A:40 X:78 Y:67 P:E5 SP:F9 PPU:119,176 CYC:13585
< E32D  FD 00 06  SBC $0600,X @ 0678 = 41         A:40 X:78 Y:67 P:E5 SP:FB PPU:119,194 CYC:13591
< E330  20 62 F9  JSR $F962                       A:FF X:78 Y:67 P:A4 SP:FB PPU:119,206 CYC:13595
< F962  B0 0B     BCS $F96F                       A:FF X:78 Y:67 P:A4 SP:F9 PPU:119,224 CYC:13601
< F964  F0 09     BEQ $F96F                       A:FF X:78 Y:67 P:A4 SP:F9 PPU:119,230 CYC:13603
< F966  10 07     BPL $F96F                       A:FF X:78 Y:67 P:A4 SP:F9 PPU:119,236 CYC:13605
< F968  70 05     BVS $F96F                       A:FF X:78 Y:67 P:A4 SP:F9 PPU:119,242 CYC:13607
< F96A  C9 FF     CMP #$FF                        A:FF X:78 Y:67 P:A4 SP:F9 PPU:119,248 CYC:13609
< F96C  D0 01     BNE $F96F                       A:FF X:78 Y:67 P:27 SP:F9 PPU:119,254 CYC:13611
< F96E  60        RTS                             A:FF X:78 Y:67 P:27 SP:F9 PPU:119,260 CYC:13613
< E333  C8        INY                             A:FF X:78 Y:67 P:27 SP:FB PPU:119,278 CYC:13619
< E334  A9 00     LDA #$00                        A:FF X:78 Y:68 P:25 SP:FB PPU:119,284 CYC:13621
< E336  8D 78 06  STA $0678 = 41                  A:00 X:78 Y:68 P:27 SP:FB PPU:119,290 CYC:13623
< E339  20 72 F9  JSR $F972                       A:00 X:78 Y:68 P:27 SP:FB PPU:119,302 CYC:13627
< F972  18        CLC                             A:00 X:78 Y:68 P:27 SP:F9 PPU:119,320 CYC:13633
< F973  A9 80     LDA #$80                        A:00 X:78 Y:68 P:26 SP:F9 PPU:119,326 CYC:13635
< F975  60        RTS                             A:80 X:78 Y:68 P:A4 SP:F9 PPU:119,332 CYC:13637
< E33C  FD 00 06  SBC $0600,X @ 0678 = 00         A:80 X:78 Y:68 P:A4 SP:FB PPU:120,  9 CYC:13643
< E33F  20 76 F9  JSR $F976                       A:7F X:78 Y:68 P:65 SP:FB PPU:120, 21 CYC:13647
< F976  90 05     BCC $F97D                       A:7F X:78 Y:68 P:65 SP:F9 PPU:120, 39 CYC:13653
< F978  C9 7F     CMP #$7F                        A:7F X:78 Y:68 P:65 SP:F9 PPU:120, 45 CYC:13655
< F97A  D0 01     BNE $F97D                       A:7F X:78 Y:68 P:67 SP:F9 PPU:120, 51 CYC:13657
< F97C  60        RTS                             A:7F X:78 Y:68 P:67 SP:F9 PPU:120, 57 CYC:13659
< E342  C8        INY                             A:7F X:78 Y:68 P:67 SP:FB PPU:120, 75 CYC:13665
< E343  A9 7F     LDA #$7F                        A:7F X:78 Y:69 P:65 SP:FB PPU:120, 81 CYC:13667
< E345  8D 78 06  STA $0678 = 00                  A:7F X:78 Y:69 P:65 SP:FB PPU:120, 87 CYC:13669
< E348  20 80 F9  JSR $F980                       A:7F X:78 Y:69 P:65 SP:FB PPU:120, 99 CYC:13673
< F980  38        SEC                             A:7F X:78 Y:69 P:65 SP:F9 PPU:120,117 CYC:13679
< F981  A9 81     LDA #$81                        A:7F X:78 Y:69 P:65 SP:F9 PPU:120,123 CYC:13681
< F983  60        RTS                             A:81 X:78 Y:69 P:E5 SP:F9 PPU:120,129 CYC:13683
< E34B  FD 00 06  SBC $0600,X @ 0678 = 7F         A:81 X:78 Y:69 P:E5 SP:FB PPU:120,147 CYC:13689
< E34E  20 84 F9  JSR $F984                       A:02 X:78 Y:69 P:65 SP:FB PPU:120,159 CYC:13693
< F984  50 07     BVC $F98D                       A:02 X:78 Y:69 P:65 SP:F9 PPU:120,177 CYC:13699
< F986  90 05     BCC $F98D                       A:02 X:78 Y:69 P:65 SP:F9 PPU:120,183 CYC:13701
< F988  C9 02     CMP #$02                        A:02 X:78 Y:69 P:65 SP:F9 PPU:120,189 CYC:13703
< F98A  D0 01     BNE $F98D                       A:02 X:78 Y:69 P:67 SP:F9 PPU:120,195 CYC:13705
< F98C  60        RTS                             A:02 X:78 Y:69 P:67 SP:F9 PPU:120,201 CYC:13707
< E351  A9 AA     LDA #$AA                        A:02 X:78 Y:69 P:67 SP:FB PPU:120,219 CYC:13713
< E353  8D 33 06  STA $0633 = AA                  A:AA X:78 Y:69 P:E5 SP:FB PPU:120,225 CYC:13715
< E356  A9 BB     LDA #$BB                        A:AA X:78 Y:69 P:E5 SP:FB PPU:120,237 CYC:13719
< E358  8D 89 06  STA $0689 = BB                  A:BB X:78 Y:69 P:E5 SP:FB PPU:120,243 CYC:13721
< E35B  A2 00     LDX #$00                        A:BB X:78 Y:69 P:E5 SP:FB PPU:120,255 CYC:13725
< E35D  A0 66     LDY #$66                        A:BB X:00 Y:69 P:67 SP:FB PPU:120,261 CYC:13727
< E35F  24 01     BIT $01 = FF                    A:BB X:00 Y:66 P:65 SP:FB PPU:120,267 CYC:13729
< E361  38        SEC                             A:BB X:00 Y:66 P:E5 SP:FB PPU:120,276 CYC:13732
< E362  A9 00     LDA #$00                        A:BB X:00 Y:66 P:E5 SP:FB PPU:120,282 CYC:13734
< E364  BD 33 06  LDA $0633,X @ 0633 = AA         A:00 X:00 Y:66 P:67 SP:FB PPU:120,288 CYC:13736
< E367  10 12     BPL $E37B                       A:AA X:00 Y:66 P:E5 SP:FB PPU:120,300 CYC:13740
< E369  F0 10     BEQ $E37B                       A:AA X:00 Y:66 P:E5 SP:FB PPU:120,306 CYC:13742
< E36B  50 0E     BVC $E37B                       A:AA X:00 Y:66 P:E5 SP:FB PPU:120,312 CYC:13744
< E36D  90 0C     BCC $E37B                       A:AA X:00 Y:66 P:E5 SP:FB PPU:120,318 CYC:13746
< E36F  C0 66     CPY #$66                        A:AA X:00 Y:66 P:E5 SP:FB PPU:120,324 CYC:13748
< E371  D0 08     BNE $E37B                       A:AA X:00 Y:66 P:67 SP:FB PPU:120,330 CYC:13750
< E373  E0 00     CPX #$00                        A:AA X:00 Y:66 P:67 SP:FB PPU:120,336 CYC:13752
< E375  D0 04     BNE $E37B                       A:AA X:00 Y:66 P:67 SP:FB PPU:121,  1 CYC:13754
< E377  C9 AA     CMP #$AA                        A:AA X:00 Y:66 P:67 SP:FB PPU:121,  7 CYC:13756
< E379  F0 04     BEQ $E37F                       A:AA X:00 Y:66 P:67 SP:FB PPU:121, 13 CYC:13758
< E37F  A2 8A     LDX #$8A                        A:AA X:00 Y:66 P:67 SP:FB PPU:121, 22 CYC:13761
< E381  A0 66     LDY #$66                        A:AA X:8A Y:66 P:E5 SP:FB PPU:121, 28 CYC:13763
< E383  B8        CLV                             A:AA X:8A Y:66 P:65 SP:FB PPU:121, 34 CYC:13765
< E384  18        CLC                             A:AA X:8A Y:66 P:25 SP:FB PPU:121, 40 CYC:13767
< E385  A9 00     LDA #$00                        A:AA X:8A Y:66 P:24 SP:FB PPU:121, 46 CYC:13769
< E387  BD FF 05  LDA $05FF,X @ 0689 = BB         A:00 X:8A Y:66 P:26 SP:FB PPU:121, 52 CYC:13771
< E38A  10 12     BPL $E39E                       A:BB X:8A Y:66 P:A4 SP:FB PPU:121, 67 CYC:13776
< E38C  F0 10     BEQ $E39E                       A:BB X:8A Y:66 P:A4 SP:FB PPU:121, 73 CYC:13778
< E38E  70 0E     BVS $E39E                       A:BB X:8A Y:66 P:A4 SP:FB PPU:121, 79 CYC:13780
< E390  B0 0C     BCS $E39E                       A:BB X:8A Y:66 P:A4 SP:FB PPU:121, 85 CYC:13782
< E392  C9 BB     CMP #$BB                        A:BB X:8A Y:66 P:A4 SP:FB PPU:121, 91 CYC:13784
< E394  D0 08     BNE $E39E                       A:BB X:8A Y:66 P:27 SP:FB PPU:121, 97 CYC:13786
< E396  C0 66     CPY #$66                        A:BB X:8A Y:66 P:27 SP:FB PPU:121,103 CYC:13788
< E398  D0 04     BNE $E39E                       A:BB X:8A Y:66 P:27 SP:FB PPU:121,109 CYC:13790
< E39A  E0 8A     CPX #$8A                        A:BB X:8A Y:66 P:27 SP:FB PPU:121,115 CYC:13792
< E39C  F0 04     BEQ $E3A2                       A:BB X:8A Y:66 P:27 SP:FB PPU:121,121 CYC:13794
< E3A2  24 01     BIT $01 = FF                    A:BB X:8A Y:66 P:27 SP:FB PPU:121,130 CYC:13797
< E3A4  38        SEC                             A:BB X:8A Y:66 P:E5 SP:FB PPU:121,139 CYC:13800
< E3A5  A9 44     LDA #$44                        A:BB X:8A Y:66 P:E5 SP:FB PPU:121,145 CYC:13802
< E3A7  A2 00     LDX #$00                        A:44 X:8A Y:66 P:65 SP:FB PPU:121,151 CYC:13804
< E3A9  9D 33 06  STA $0633,X @ 0633 = AA         A:44 X:00 Y:66 P:67 SP:FB PPU:121,157 CYC:13806
< E3AC  AD 33 06  LDA $0633 = 44                  A:44 X:00 Y:66 P:67 SP:FB PPU:121,172 CYC:13811
< E3AF  90 1A     BCC $E3CB                       A:44 X:00 Y:66 P:65 SP:FB PPU:121,184 CYC:13815
< E3B1  C9 44     CMP #$44                        A:44 X:00 Y:66 P:65 SP:FB PPU:121,190 CYC:13817
< E3B3  D0 16     BNE $E3CB                       A:44 X:00 Y:66 P:67 SP:FB PPU:121,196 CYC:13819
< E3B5  50 14     BVC $E3CB                       A:44 X:00 Y:66 P:67 SP:FB PPU:121,202 CYC:13821
< E3B7  18        CLC                             A:44 X:00 Y:66 P:67 SP:FB PPU:121,208 CYC:13823
< E3B8  B8        CLV                             A:44 X:00 Y:66 P:66 SP:FB PPU:121,214 CYC:13825
< E3B9  A9 99     LDA #$99                        A:44 X:00 Y:66 P:26 SP:FB PPU:121,220 CYC:13827
< E3BB  A2 80     LDX #$80                        A:99 X:00 Y:66 P:A4 SP:FB PPU:121,226 CYC:13829
< E3BD  9D 85 05  STA $0585,X @ 0605 = 00         A:99 X:80 Y:66 P:A4 SP:FB PPU:121,232 CYC:13831
< E3C0  AD 05 06  LDA $0605 = 99                  A:99 X:80 Y:66 P:A4 SP:FB PPU:121,247 CYC:13836
< E3C3  B0 06     BCS $E3CB                       A:99 X:80 Y:66 P:A4 SP:FB PPU:121,259 CYC:13840
< E3C5  C9 99     CMP #$99                        A:99 X:80 Y:66 P:A4 SP:FB PPU:121,265 CYC:13842
< E3C7  D0 02     BNE $E3CB                       A:99 X:80 Y:66 P:27 SP:FB PPU:121,271 CYC:13844
< E3C9  50 04     BVC $E3CF                       A:99 X:80 Y:66 P:27 SP:FB PPU:121,277 CYC:13846
< E3CF  A0 6D     LDY #$6D                        A:99 X:80 Y:66 P:27 SP:FB PPU:121,286 CYC:13849
< E3D1  A2 6D     LDX #$6D                        A:99 X:80 Y:6D P:25 SP:FB PPU:121,292 CYC:13851
< E3D3  20 90 F9  JSR $F990                       A:99 X:6D Y:6D P:25 SP:FB PPU:121,298 CYC:13853
< F990  A2 55     LDX #$55                        A:99 X:6D Y:6D P:25 SP:F9 PPU:121,316 CYC:13859
< F992  A9 FF     LDA #$FF                        A:99 X:55 Y:6D P:25 SP:F9 PPU:121,322 CYC:13861
< F994  85 01     STA $01 = FF                    A:FF X:55 Y:6D P:A5 SP:F9 PPU:121,328 CYC:13863
< F996  EA        NOP                             A:FF X:55 Y:6D P:A5 SP:F9 PPU:121,337 CYC:13866
< F997  24 01     BIT $01 = FF                    A:FF X:55 Y:6D P:A5 SP:F9 PPU:122,  2 CYC:13868
< F999  38        SEC                             A:FF X:55 Y:6D P:E5 SP:F9 PPU:122, 11 CYC:13871
< F99A  A9 01     LDA #$01                        A:FF X:55 Y:6D P:E5 SP:F9 PPU:122, 17 CYC:13873
< F99C  60        RTS                             A:01 X:55 Y:6D P:65 SP:F9 PPU:122, 23 CYC:13875
< E3D6  9D 00 06  STA $0600,X @ 0655 = 00         A:01 X:55 Y:6D P:65 SP:FB PPU:122, 41 CYC:13881
< E3D9  5E 00 06  LSR $0600,X @ 0655 = 01         A:01 X:55 Y:6D P:65 SP:FB PPU:122, 56 CYC:13886
< E3DC  BD 00 06  LDA $0600,X @ 0655 = 00         A:01 X:55 Y:6D P:67 SP:FB PPU:122, 77 CYC:13893
< E3DF  20 9D F9  JSR $F99D                       A:00 X:55 Y:6D P:67 SP:FB PPU:122, 89 CYC:13897
< F99D  90 1B     BCC $F9BA                       A:00 X:55 Y:6D P:67 SP:F9 PPU:122,107 CYC:13903
< F99F  D0 19     BNE $F9BA                       A:00 X:55 Y:6D P:67 SP:F9 PPU:122,113 CYC:13905
< F9A1  30 17     BMI $F9BA                       A:00 X:55 Y:6D P:67 SP:F9 PPU:122,119 CYC:13907
< F9A3  50 15     BVC $F9BA                       A:00 X:55 Y:6D P:67 SP:F9 PPU:122,125 CYC:13909
< F9A5  C9 00     CMP #$00                        A:00 X:55 Y:6D P:67 SP:F9 PPU:122,131 CYC:13911
< F9A7  D0 11     BNE $F9BA                       A:00 X:55 Y:6D P:67 SP:F9 PPU:122,137 CYC:13913
< F9A9  B8        CLV                             A:00 X:55 Y:6D P:67 SP:F9 PPU:122,143 CYC:13915
< F9AA  A9 AA     LDA #$AA                        A:00 X:55 Y:6D P:27 SP:F9 PPU:122,149 CYC:13917
< F9AC  60        RTS                             A:AA X:55 Y:6D P:A5 SP:F9 PPU:122,155 CYC:13919
< E3E2  C8        INY                             A:AA X:55 Y:6D P:A5 SP:FB PPU:122,173 CYC:13925
< E3E3  9D 00 06  STA $0600,X @ 0655 = 00         A:AA X:55 Y:6E P:25 SP:FB PPU:122,179 CYC:13927
< E3E6  5E 00 06  LSR $0600,X @ 0655 = AA         A:AA X:55 Y:6E P:25 SP:FB PPU:122,194 CYC:13932
< E3E9  BD 00 06  LDA $0600,X @ 0655 = 55         A:AA X:55 Y:6E P:24 SP:FB PPU:122,215 CYC:13939
< E3EC  20 AD F9  JSR $F9AD                       A:55 X:55 Y:6E P:24 SP:FB PPU:122,227 CYC:13943
< F9AD  B0 0B     BCS $F9BA                       A:55 X:55 Y:6E P:24 SP:F9 PPU:122,245 CYC:13949
< F9AF  F0 09     BEQ $F9BA                       A:55 X:55 Y:6E P:24 SP:F9 PPU:122,251 CYC:13951
< F9B1  30 07     BMI $F9BA                       A:55 X:55 Y:6E P:24 SP:F9 PPU:122,257 CYC:13953
< F9B3  70 05     BVS $F9BA                       A:55 X:55 Y:6E P:24 SP:F9 PPU:122,263 CYC:13955
< F9B5  C9 55     CMP #$55                        A:55 X:55 Y:6E P:24 SP:F9 PPU:122,269 CYC:13957
< F9B7  D0 01     BNE $F9BA                       A:55 X:55 Y:6E P:27 SP:F9 PPU:122,275 CYC:13959
< F9B9  60        RTS                             A:55 X:55 Y:6E P:27 SP:F9 PPU:122,281 CYC:13961
< E3EF  C8        INY                             A:55 X:55 Y:6E P:27 SP:FB PPU:122,299 CYC:13967
< E3F0  20 BD F9  JSR $F9BD                       A:55 X:55 Y:6F P:25 SP:FB PPU:122,305 CYC:13969
< F9BD  24 01     BIT $01 = FF                    A:55 X:55 Y:6F P:25 SP:F9 PPU:122,323 CYC:13975
< F9BF  38        SEC                             A:55 X:55 Y:6F P:E5 SP:F9 PPU:122,332 CYC:13978
< F9C0  A9 80     LDA #$80                        A:55 X:55 Y:6F P:E5 SP:F9 PPU:122,338 CYC:13980
< F9C2  60        RTS                             A:80 X:55 Y:6F P:E5 SP:F9 PPU:123,  3 CYC:13982
< E3F3  9D 00 06  STA $0600,X @ 0655 = 55         A:80 X:55 Y:6F P:E5 SP:FB PPU:123, 21 CYC:13988
< E3F6  1E 00 06  ASL $0600,X @ 0655 = 80         A:80 X:55 Y:6F P:E5 SP:FB PPU:123, 36 CYC:13993
< E3F9  BD 00 06  LDA $0600,X @ 0655 = 00         A:80 X:55 Y:6F P:67 SP:FB PPU:123, 57 CYC:14000
< E3FC  20 C3 F9  JSR $F9C3                       A:00 X:55 Y:6F P:67 SP:FB PPU:123, 69 CYC:14004
< F9C3  90 1C     BCC $F9E1                       A:00 X:55 Y:6F P:67 SP:F9 PPU:123, 87 CYC:14010
< F9C5  D0 1A     BNE $F9E1                       A:00 X:55 Y:6F P:67 SP:F9 PPU:123, 93 CYC:14012
< F9C7  30 18     BMI $F9E1                       A:00 X:55 Y:6F P:67 SP:F9 PPU:123, 99 CYC:14014
< F9C9  50 16     BVC $F9E1                       A:00 X:55 Y:6F P:67 SP:F9 PPU:123,105 CYC:14016
< F9CB  C9 00     CMP #$00                        A:00 X:55 Y:6F P:67 SP:F9 PPU:123,111 CYC:14018
< F9CD  D0 12     BNE $F9E1                       A:00 X:55 Y:6F P:67 SP:F9 PPU:123,117 CYC:14020
< F9CF  B8        CLV                             A:00 X:55 Y:6F P:67 SP:F9 PPU:123,123 CYC:14022
< F9D0  A9 55     LDA #$55                        A:00 X:55 Y:6F P:27 SP:F9 PPU:123,129 CYC:14024
< F9D2  38        SEC                             A:55 X:55 Y:6F P:25 SP:F9 PPU:123,135 CYC:14026
< F9D3  60        RTS                             A:55 X:55 Y:6F P:25 SP:F9 PPU:123,141 CYC:14028
< E3FF  C8        INY                             A:55 X:55 Y:6F P:25 SP:FB PPU:123,159 CYC:14034
< E400  9D 00 06  STA $0600,X @ 0655 = 00         A:55 X:55 Y:70 P:25 SP:FB PPU:123,165 CYC:14036
< E403  1E 00 06  ASL $0600,X @ 0655 = 55         A:55 X:55 Y:70 P:25 SP:FB PPU:123,180 CYC:14041
< E406  BD 00 06  LDA $0600,X @ 0655 = AA         A:55 X:55 Y:70 P:A4 SP:FB PPU:123,201 CYC:14048
< E409  20 D4 F9  JSR $F9D4                       A:AA X:55 Y:70 P:A4 SP:FB PPU:123,213 CYC:14052
< F9D4  B0 0B     BCS $F9E1                       A:AA X:55 Y:70 P:A4 SP:F9 PPU:123,231 CYC:14058
< F9D6  F0 09     BEQ $F9E1                       A:AA X:55 Y:70 P:A4 SP:F9 PPU:123,237 CYC:14060
< F9D8  10 07     BPL $F9E1                       A:AA X:55 Y:70 P:A4 SP:F9 PPU:123,243 CYC:14062
< F9DA  70 05     BVS $F9E1                       A:AA X:55 Y:70 P:A4 SP:F9 PPU:123,249 CYC:14064
< F9DC  C9 AA     CMP #$AA                        A:AA X:55 Y:70 P:A4 SP:F9 PPU:123,255 CYC:14066
< F9DE  D0 01     BNE $F9E1                       A:AA X:55 Y:70 P:27 SP:F9 PPU:123,261 CYC:14068
< F9E0  60        RTS                             A:AA X:55 Y:70 P:27 SP:F9 PPU:123,267 CYC:14070
< E40C  C8        INY                             A:AA X:55 Y:70 P:27 SP:FB PPU:123,285 CYC:14076
< E40D  20 E4 F9  JSR $F9E4                       A:AA X:55 Y:71 P:25 SP:FB PPU:123,291 CYC:14078
< F9E4  24 01     BIT $01 = FF                    A:AA X:55 Y:71 P:25 SP:F9 PPU:123,309 CYC:14084
< F9E6  38        SEC                             A:AA X:55 Y:71 P:E5 SP:F9 PPU:123,318 CYC:14087
< F9E7  A9 01     LDA #$01                        A:AA X:55 Y:71 P:E5 SP:F9 PPU:123,324 CYC:14089
< F9E9  60        RTS                             A:01 X:55 Y:71 P:65 SP:F9 PPU:123,330 CYC:14091
< E410  9D 00 06  STA $0600,X @ 0655 = AA         A:01 X:55 Y:71 P:65 SP:FB PPU:124,  7 CYC:14097
< E413  7E 00 06  ROR $0600,X @ 0655 = 01         A:01 X:55 Y:71 P:65 SP:FB PPU:124, 22 CYC:14102
< E416  BD 00 06  LDA $0600,X @ 0655 = 80         A:01 X:55 Y:71 P:E5 SP:FB PPU:124, 43 CYC:14109
< E419  20 EA F9  JSR $F9EA                       A:80 X:55 Y:71 P:E5 SP:FB PPU:124, 55 CYC:14113
< F9EA  90 1C     BCC $FA08                       A:80 X:55 Y:71 P:E5 SP:F9 PPU:124, 73 CYC:14119
< F9EC  F0 1A     BEQ $FA08                       A:80 X:55 Y:71 P:E5 SP:F9 PPU:124, 79 CYC:14121
< F9EE  10 18     BPL $FA08                       A:80 X:55 Y:71 P:E5 SP:F9 PPU:124, 85 CYC:14123
< F9F0  50 16     BVC $FA08                       A:80 X:55 Y:71 P:E5 SP:F9 PPU:124, 91 CYC:14125
< F9F2  C9 80     CMP #$80                        A:80 X:55 Y:71 P:E5 SP:F9 PPU:124, 97 CYC:14127
< F9F4  D0 12     BNE $FA08                       A:80 X:55 Y:71 P:67 SP:F9 PPU:124,103 CYC:14129
< F9F6  B8        CLV                             A:80 X:55 Y:71 P:67 SP:F9 PPU:124,109 CYC:14131
< F9F7  18        CLC                             A:80 X:55 Y:71 P:27 SP:F9 PPU:124,115 CYC:14133
< F9F8  A9 55     LDA #$55                        A:80 X:55 Y:71 P:26 SP:F9 PPU:124,121 CYC:14135
< F9FA  60        RTS                             A:55 X:55 Y:71 P:24 SP:F9 PPU:124,127 CYC:14137
< E41C  C8        INY                             A:55 X:55 Y:71 P:24 SP:FB PPU:124,145 CYC:14143
< E41D  9D 00 06  STA $0600,X @ 0655 = 80         A:55 X:55 Y:72 P:24 SP:FB PPU:124,151 CYC:14145
< E420  7E 00 06  ROR $0600,X @ 0655 = 55         A:55 X:55 Y:72 P:24 SP:FB PPU:124,166 CYC:14150
< E423  BD 00 06  LDA $0600,X @ 0655 = 2A         A:55 X:55 Y:72 P:25 SP:FB PPU:124,187 CYC:14157
< E426  20 FB F9  JSR $F9FB                       A:2A X:55 Y:72 P:25 SP:FB PPU:124,199 CYC:14161
< F9FB  90 0B     BCC $FA08                       A:2A X:55 Y:72 P:25 SP:F9 PPU:124,217 CYC:14167
< F9FD  F0 09     BEQ $FA08                       A:2A X:55 Y:72 P:25 SP:F9 PPU:124,223 CYC:14169
< F9FF  30 07     BMI $FA08                       A:2A X:55 Y:72 P:25 SP:F9 PPU:124,229 CYC:14171
< FA01  70 05     BVS $FA08                       A:2A X:55 Y:72 P:25 SP:F9 PPU:124,235 CYC:14173
< FA03  C9 2A     CMP #$2A                        A:2A X:55 Y:72 P:25 SP:F9 PPU:124,241 CYC:14175
< FA05  D0 01     BNE $FA08                       A:2A X:55 Y:72 P:27 SP:F9 PPU:124,247 CYC:14177
< FA07  60        RTS                             A:2A X:55 Y:72 P:27 SP:F9 PPU:124,253 CYC:14179
< E429  C8        INY                             A:2A X:55 Y:72 P:27 SP:FB PPU:124,271 CYC:14185
< E42A  20 0A FA  JSR $FA0A                       A:2A X:55 Y:73 P:25 SP:FB PPU:124,277 CYC:14187
< FA0A  24 01     BIT $01 = FF                    A:2A X:55 Y:73 P:25 SP:F9 PPU:124,295 CYC:14193
< FA0C  38        SEC                             A:2A X:55 Y:73 P:E5 SP:F9 PPU:124,304 CYC:14196
< FA0D  A9 80     LDA #$80                        A:2A X:55 Y:73 P:E5 SP:F9 PPU:124,310 CYC:14198
< FA0F  60        RTS                             A:80 X:55 Y:73 P:E5 SP:F9 PPU:124,316 CYC:14200
< E42D  9D 00 06  STA $0600,X @ 0655 = 2A         A:80 X:55 Y:73 P:E5 SP:FB PPU:124,334 CYC:14206
< E430  3E 00 06  ROL $0600,X @ 0655 = 80         A:80 X:55 Y:73 P:E5 SP:FB PPU:125,  8 CYC:14211
< E433  BD 00 06  LDA $0600,X @ 0655 = 01         A:80 X:55 Y:73 P:65 SP:FB PPU:125, 29 CYC:14218
< E436  20 10 FA  JSR $FA10                       A:01 X:55 Y:73 P:65 SP:FB PPU:125, 41 CYC:14222
< FA10  90 1C     BCC $FA2E                       A:01 X:55 Y:73 P:65 SP:F9 PPU:125, 59 CYC:14228
< FA12  F0 1A     BEQ $FA2E                       A:01 X:55 Y:73 P:65 SP:F9 PPU:125, 65 CYC:14230
< FA14  30 18     BMI $FA2E                       A:01 X:55 Y:73 P:65 SP:F9 PPU:125, 71 CYC:14232
< FA16  50 16     BVC $FA2E                       A:01 X:55 Y:73 P:65 SP:F9 PPU:125, 77 CYC:14234
< FA18  C9 01     CMP #$01                        A:01 X:55 Y:73 P:65 SP:F9 PPU:125, 83 CYC:14236
< FA1A  D0 12     BNE $FA2E                       A:01 X:55 Y:73 P:67 SP:F9 PPU:125, 89 CYC:14238
< FA1C  B8        CLV                             A:01 X:55 Y:73 P:67 SP:F9 PPU:125, 95 CYC:14240
< FA1D  18        CLC                             A:01 X:55 Y:73 P:27 SP:F9 PPU:125,101 CYC:14242
< FA1E  A9 55     LDA #$55                        A:01 X:55 Y:73 P:26 SP:F9 PPU:125,107 CYC:14244
< FA20  60        RTS                             A:55 X:55 Y:73 P:24 SP:F9 PPU:125,113 CYC:14246
< E439  C8        INY                             A:55 X:55 Y:73 P:24 SP:FB PPU:125,131 CYC:14252
< E43A  9D 00 06  STA $0600,X @ 0655 = 01         A:55 X:55 Y:74 P:24 SP:FB PPU:125,137 CYC:14254
< E43D  3E 00 06  ROL $0600,X @ 0655 = 55         A:55 X:55 Y:74 P:24 SP:FB PPU:125,152 CYC:14259
< E440  BD 00 06  LDA $0600,X @ 0655 = AA         A:55 X:55 Y:74 P:A4 SP:FB PPU:125,173 CYC:14266
< E443  20 21 FA  JSR $FA21                       A:AA X:55 Y:74 P:A4 SP:FB PPU:125,185 CYC:14270
< FA21  B0 0B     BCS $FA2E                       A:AA X:55 Y:74 P:A4 SP:F9 PPU:125,203 CYC:14276
< FA23  F0 09     BEQ $FA2E                       A:AA X:55 Y:74 P:A4 SP:F9 PPU:125,209 CYC:14278
< FA25  10 07     BPL $FA2E                       A:AA X:55 Y:74 P:A4 SP:F9 PPU:125,215 CYC:14280
< FA27  70 05     BVS $FA2E                       A:AA X:55 Y:74 P:A4 SP:F9 PPU:125,221 CYC:14282
< FA29  C9 AA     CMP #$AA                        A:AA X:55 Y:74 P:A4 SP:F9 PPU:125,227 CYC:14284
< FA2B  D0 01     BNE $FA2E                       A:AA X:55 Y:74 P:27 SP:F9 PPU:125,233 CYC:14286
< FA2D  60        RTS                             A:AA X:55 Y:74 P:27 SP:F9 PPU:125,239 CYC:14288
< E446  A9 FF     LDA #$FF                        A:AA X:55 Y:74 P:27 SP:FB PPU:125,257 CYC:14294
< E448  9D 00 06  STA $0600,X @ 0655 = AA         A:FF X:55 Y:74 P:A5 SP:FB PPU:125,263 CYC:14296
< E44B  85 01     STA $01 = FF                    A:FF X:55 Y:74 P:A5 SP:FB PPU:125,278 CYC:14301
< E44D  24 01     BIT $01 = FF                    A:FF X:55 Y:74 P:A5 SP:FB PPU:125,287 CYC:14304
< E44F  38        SEC                             A:FF X:55 Y:74 P:E5 SP:FB PPU:125,296 CYC:14307
< E450  FE 00 06  INC $0600,X @ 0655 = FF         A:FF X:55 Y:74 P:E5 SP:FB PPU:125,302 CYC:14309
< E453  D0 0D     BNE $E462                       A:FF X:55 Y:74 P:67 SP:FB PPU:125,323 CYC:14316
< E455  30 0B     BMI $E462                       A:FF X:55 Y:74 P:67 SP:FB PPU:125,329 CYC:14318
< E457  50 09     BVC $E462                       A:FF X:55 Y:74 P:67 SP:FB PPU:125,335 CYC:14320
< E459  90 07     BCC $E462                       A:FF X:55 Y:74 P:67 SP:FB PPU:126,  0 CYC:14322
< E45B  BD 00 06  LDA $0600,X @ 0655 = 00         A:FF X:55 Y:74 P:67 SP:FB PPU:126,  6 CYC:14324
< E45E  C9 00     CMP #$00                        A:00 X:55 Y:74 P:67 SP:FB PPU:126, 18 CYC:14328
< E460  F0 04     BEQ $E466                       A:00 X:55 Y:74 P:67 SP:FB PPU:126, 24 CYC:14330
< E466  A9 7F     LDA #$7F                        A:00 X:55 Y:74 P:67 SP:FB PPU:126, 33 CYC:14333
< E468  9D 00 06  STA $0600,X @ 0655 = 00         A:7F X:55 Y:74 P:65 SP:FB PPU:126, 39 CYC:14335
< E46B  B8        CLV                             A:7F X:55 Y:74 P:65 SP:FB PPU:126, 54 CYC:14340
< E46C  18        CLC                             A:7F X:55 Y:74 P:25 SP:FB PPU:126, 60 CYC:14342
< E46D  FE 00 06  INC $0600,X @ 0655 = 7F         A:7F X:55 Y:74 P:24 SP:FB PPU:126, 66 CYC:14344
< E470  F0 0D     BEQ $E47F                       A:7F X:55 Y:74 P:A4 SP:FB PPU:126, 87 CYC:14351
< E472  10 0B     BPL $E47F                       A:7F X:55 Y:74 P:A4 SP:FB PPU:126, 93 CYC:14353
< E474  70 09     BVS $E47F                       A:7F X:55 Y:74 P:A4 SP:FB PPU:126, 99 CYC:14355
< E476  B0 07     BCS $E47F                       A:7F X:55 Y:74 P:A4 SP:FB PPU:126,105 CYC:14357
< E478  BD 00 06  LDA $0600,X @ 0655 = 80         A:7F X:55 Y:74 P:A4 SP:FB PPU:126,111 CYC:14359
< E47B  C9 80     CMP #$80                        A:80 X:55 Y:74 P:A4 SP:FB PPU:126,123 CYC:14363
< E47D  F0 04     BEQ $E483                       A:80 X:55 Y:74 P:27 SP:FB PPU:126,129 CYC:14365
< E483  A9 00     LDA #$00                        A:80 X:55 Y:74 P:27 SP:FB PPU:126,138 CYC:14368
< E485  9D 00 06  STA $0600,X @ 0655 = 80         A:00 X:55 Y:74 P:27 SP:FB PPU:126,144 CYC:14370
< E488  24 01     BIT $01 = FF                    A:00 X:55 Y:74 P:27 SP:FB PPU:126,159 CYC:14375
< E48A  38        SEC                             A:00 X:55 Y:74 P:E7 SP:FB PPU:126,168 CYC:14378
< E48B  DE 00 06  DEC $0600,X @ 0655 = 00         A:00 X:55 Y:74 P:E7 SP:FB PPU:126,174 CYC:14380
< E48E  F0 0D     BEQ $E49D                       A:00 X:55 Y:74 P:E5 SP:FB PPU:126,195 CYC:14387
< E490  10 0B     BPL $E49D                       A:00 X:55 Y:74 P:E5 SP:FB PPU:126,201 CYC:14389
< E492  50 09     BVC $E49D                       A:00 X:55 Y:74 P:E5 SP:FB PPU:126,207 CYC:14391
< E494  90 07     BCC $E49D                       A:00 X:55 Y:74 P:E5 SP:FB PPU:126,213 CYC:14393
< E496  BD 00 06  LDA $0600,X @ 0655 = FF         A:00 X:55 Y:74 P:E5 SP:FB PPU:126,219 CYC:14395
< E499  C9 FF     CMP #$FF                        A:FF X:55 Y:74 P:E5 SP:FB PPU:126,231 CYC:14399
< E49B  F0 04     BEQ $E4A1                       A:FF X:55 Y:74 P:67 SP:FB PPU:126,237 CYC:14401
< E4A1  A9 80     LDA #$80                        A:FF X:55 Y:74 P:67 SP:FB PPU:126,246 CYC:14404
< E4A3  9D 00 06  STA $0600,X @ 0655 = FF         A:80 X:55 Y:74 P:E5 SP:FB PPU:126,252 CYC:14406
< E4A6  B8        CLV                             A:80 X:55 Y:74 P:E5 SP:FB PPU:126,267 CYC:14411
< E4A7  18        CLC                             A:80 X:55 Y:74 P:A5 SP:FB PPU:126,273 CYC:14413
< E4A8  DE 00 06  DEC $0600,X @ 0655 = 80         A:80 X:55 Y:74 P:A4 SP:FB PPU:126,279 CYC:14415
< E4AB  F0 0D     BEQ $E4BA                       A:80 X:55 Y:74 P:24 SP:FB PPU:126,300 CYC:14422
< E4AD  30 0B     BMI $E4BA                       A:80 X:55 Y:74 P:24 SP:FB PPU:126,306 CYC:14424
< E4AF  70 09     BVS $E4BA                       A:80 X:55 Y:74 P:24 SP:FB PPU:126,312 CYC:14426
< E4B1  B0 07     BCS $E4BA                       A:80 X:55 Y:74 P:24 SP:FB PPU:126,318 CYC:14428
< E4B3  BD 00 06  LDA $0600,X @ 0655 = 7F         A:80 X:55 Y:74 P:24 SP:FB PPU:126,324 CYC:14430
< E4B6  C9 7F     CMP #$7F                        A:7F X:55 Y:74 P:24 SP:FB PPU:126,336 CYC:14434
< E4B8  F0 04     BEQ $E4BE                       A:7F X:55 Y:74 P:27 SP:FB PPU:127,  1 CYC:14436
< E4BE  A9 01     LDA #$01                        A:7F X:55 Y:74 P:27 SP:FB PPU:127, 10 CYC:14439
< E4C0  9D 00 06  STA $0600,X @ 0655 = 7F         A:01 X:55 Y:74 P:25 SP:FB PPU:127, 16 CYC:14441
< E4C3  DE 00 06  DEC $0600,X @ 0655 = 01         A:01 X:55 Y:74 P:25 SP:FB PPU:127, 31 CYC:14446
< E4C6  F0 04     BEQ $E4CC                       A:01 X:55 Y:74 P:27 SP:FB PPU:127, 52 CYC:14453
< E4CC  A9 33     LDA #$33                        A:01 X:55 Y:74 P:27 SP:FB PPU:127, 61 CYC:14456
< E4CE  8D 78 06  STA $0678 = 7F                  A:33 X:55 Y:74 P:25 SP:FB PPU:127, 67 CYC:14458
< E4D1  A9 44     LDA #$44                        A:33 X:55 Y:74 P:25 SP:FB PPU:127, 79 CYC:14462
< E4D3  A0 78     LDY #$78                        A:44 X:55 Y:74 P:25 SP:FB PPU:127, 85 CYC:14464
< E4D5  A2 00     LDX #$00                        A:44 X:55 Y:78 P:25 SP:FB PPU:127, 91 CYC:14466
< E4D7  38        SEC                             A:44 X:00 Y:78 P:27 SP:FB PPU:127, 97 CYC:14468
< E4D8  24 01     BIT $01 = FF                    A:44 X:00 Y:78 P:27 SP:FB PPU:127,103 CYC:14470
< E4DA  BE 00 06  LDX $0600,Y @ 0678 = 33         A:44 X:00 Y:78 P:E5 SP:FB PPU:127,112 CYC:14473
< E4DD  90 12     BCC $E4F1                       A:44 X:33 Y:78 P:65 SP:FB PPU:127,124 CYC:14477
< E4DF  50 10     BVC $E4F1                       A:44 X:33 Y:78 P:65 SP:FB PPU:127,130 CYC:14479
< E4E1  30 0E     BMI $E4F1                       A:44 X:33 Y:78 P:65 SP:FB PPU:127,136 CYC:14481
< E4E3  F0 0C     BEQ $E4F1                       A:44 X:33 Y:78 P:65 SP:FB PPU:127,142 CYC:14483
< E4E5  E0 33     CPX #$33                        A:44 X:33 Y:78 P:65 SP:FB PPU:127,148 CYC:14485
< E4E7  D0 08     BNE $E4F1                       A:44 X:33 Y:78 P:67 SP:FB PPU:127,154 CYC:14487
< E4E9  C0 78     CPY #$78                        A:44 X:33 Y:78 P:67 SP:FB PPU:127,160 CYC:14489
< E4EB  D0 04     BNE $E4F1                       A:44 X:33 Y:78 P:67 SP:FB PPU:127,166 CYC:14491
< E4ED  C9 44     CMP #$44                        A:44 X:33 Y:78 P:67 SP:FB PPU:127,172 CYC:14493
< E4EF  F0 04     BEQ $E4F5                       A:44 X:33 Y:78 P:67 SP:FB PPU:127,178 CYC:14495
< E4F5  A9 97     LDA #$97                        A:44 X:33 Y:78 P:67 SP:FB PPU:127,187 CYC:14498
< E4F7  8D 7F 06  STA $067F = 00                  A:97 X:33 Y:78 P:E5 SP:FB PPU:127,193 CYC:14500
< E4FA  A9 47     LDA #$47                        A:97 X:33 Y:78 P:E5 SP:FB PPU:127,205 CYC:14504
< E4FC  A0 FF     LDY #$FF                        A:47 X:33 Y:78 P:65 SP:FB PPU:127,211 CYC:14506
< E4FE  A2 00     LDX #$00                        A:47 X:33 Y:FF P:E5 SP:FB PPU:127,217 CYC:14508
< E500  18        CLC                             A:47 X:00 Y:FF P:67 SP:FB PPU:127,223 CYC:14510
< E501  B8        CLV                             A:47 X:00 Y:FF P:66 SP:FB PPU:127,229 CYC:14512
< E502  BE 80 05  LDX $0580,Y @ 067F = 97         A:47 X:00 Y:FF P:26 SP:FB PPU:127,235 CYC:14514
< E505  B0 12     BCS $E519                       A:47 X:97 Y:FF P:A4 SP:FB PPU:127,250 CYC:14519
< E507  70 10     BVS $E519                       A:47 X:97 Y:FF P:A4 SP:FB PPU:127,256 CYC:14521
< E509  10 0E     BPL $E519                       A:47 X:97 Y:FF P:A4 SP:FB PPU:127,262 CYC:14523
< E50B  F0 0C     BEQ $E519                       A:47 X:97 Y:FF P:A4 SP:FB PPU:127,268 CYC:14525
< E50D  E0 97     CPX #$97                        A:47 X:97 Y:FF P:A4 SP:FB PPU:127,274 CYC:14527
< E50F  D0 08     BNE $E519                       A:47 X:97 Y:FF P:27 SP:FB PPU:127,280 CYC:14529
< E511  C0 FF     CPY #$FF                        A:47 X:97 Y:FF P:27 SP:FB PPU:127,286 CYC:14531
< E513  D0 04     BNE $E519                       A:47 X:97 Y:FF P:27 SP:FB PPU:127,292 CYC:14533
< E515  C9 47     CMP #$47                        A:47 X:97 Y:FF P:27 SP:FB PPU:127,298 CYC:14535
< E517  F0 04     BEQ $E51D                       A:47 X:97 Y:FF P:27 SP:FB PPU:127,304 CYC:14537
< E51D  60        RTS                             A:47 X:97 Y:FF P:27 SP:FB PPU:127,313 CYC:14540
< C62F  20 A3 C6  JSR $C6A3                       A:47 X:97 Y:FF P:27 SP:FD PPU:127,331 CYC:14546
< C6A3  A0 4E     LDY #$4E                        A:47 X:97 Y:FF P:27 SP:FB PPU:128,  8 CYC:14552
< C6A5  A9 FF     LDA #$FF                        A:47 X:97 Y:4E P:25 SP:FB PPU:128, 14 CYC:14554
< C6A7  85 01     STA $01 = FF                    A:FF X:97 Y:4E P:A5 SP:FB PPU:128, 20 CYC:14556
< C6A9  20 B0 C6  JSR $C6B0                       A:FF X:97 Y:4E P:A5 SP:FB PPU:128, 29 CYC:14559
< C6B0  A9 FF     LDA #$FF                        A:FF X:97 Y:4E P:A5 SP:F9 PPU:128, 47 CYC:14565
< C6B2  48        PHA                             A:FF X:97 Y:4E P:A5 SP:F9 PPU:128, 53 CYC:14567
< C6B3  A9 AA     LDA #$AA                        A:FF X:97 Y:4E P:A5 SP:F8 PPU:128, 62 CYC:14570
< C6B5  D0 05     BNE $C6BC                       A:AA X:97 Y:4E P:A5 SP:F8 PPU:128, 68 CYC:14572
< C6BC  28        PLP                             A:AA X:97 Y:4E P:A5 SP:F8 PPU:128, 77 CYC:14575
< C6BD  04 A9    *NOP $A9 = 00                    A:AA X:97 Y:4E P:EF SP:F9 PPU:128, 89 CYC:14579
< C6BF  44 A9    *NOP $A9 = 00                    A:AA X:97 Y:4E P:EF SP:F9 PPU:128, 98 CYC:14582
< C6C1  64 A9    *NOP $A9 = 00                    A:AA X:97 Y:4E P:EF SP:F9 PPU:128,107 CYC:14585
< C6C3  EA        NOP                             A:AA X:97 Y:4E P:EF SP:F9 PPU:128,116 CYC:14588
< C6C4  EA        NOP                             A:AA X:97 Y:4E P:EF SP:F9 PPU:128,122 CYC:14590
< C6C5  EA        NOP                             A:AA X:97 Y:4E P:EF SP:F9 PPU:128,128 CYC:14592
< C6C6  EA        NOP                             A:AA X:97 Y:4E P:EF SP:F9 PPU:128,134 CYC:14594
< C6C7  08        PHP                             A:AA X:97 Y:4E P:EF SP:F9 PPU:128,140 CYC:14596
< C6C8  48        PHA                             A:AA X:97 Y:4E P:EF SP:F8 PPU:128,149 CYC:14599
< C6C9  0C A9 A9 *NOP $A9A9 = A9                  A:AA X:97 Y:4E P:EF SP:F7 PPU:128,158 CYC:14602
< C6CC  EA        NOP                             A:AA X:97 Y:4E P:EF SP:F7 PPU:128,170 CYC:14606
< C6CD  EA        NOP                             A:AA X:97 Y:4E P:EF SP:F7 PPU:128,176 CYC:14608
< C6CE  EA        NOP                             A:AA X:97 Y:4E P:EF SP:F7 PPU:128,182 CYC:14610
< C6CF  EA        NOP                             A:AA X:97 Y:4E P:EF SP:F7 PPU:128,188 CYC:14612
< C6D0  08        PHP                             A:AA X:97 Y:4E P:EF SP:F7 PPU:128,194 CYC:14614
< C6D1  48        PHA                             A:AA X:97 Y:4E P:EF SP:F6 PPU:128,203 CYC:14617
< C6D2  14 A9    *NOP $A9,X @ 40 = 00             A:AA X:97 Y:4E P:EF SP:F5 PPU:128,212 CYC:14620
< C6D4  34 A9    *NOP $A9,X @ 40 = 00             A:AA X:97 Y:4E P:EF SP:F5 PPU:128,224 CYC:14624
< C6D6  54 A9    *NOP $A9,X @ 40 = 00             A:AA X:97 Y:4E P:EF SP:F5 PPU:128,236 CYC:14628
< C6D8  74 A9    *NOP $A9,X @ 40 = 00             A:AA X:97 Y:4E P:EF SP:F5 PPU:128,248 CYC:14632
< C6DA  D4 A9    *NOP $A9,X @ 40 = 00             A:AA X:97 Y:4E P:EF SP:F5 PPU:128,260 CYC:14636
< C6DC  F4 A9    *NOP $A9,X @ 40 = 00             A:AA X:97 Y:4E P:EF SP:F5 PPU:128,272 CYC:14640
< C6DE  EA        NOP                             A:AA X:97 Y:4E P:EF SP:F5 PPU:128,284 CYC:14644
< C6DF  EA        NOP                             A:AA X:97 Y:4E P:EF SP:F5 PPU:128,290 CYC:14646
< C6E0  EA        NOP                             A:AA X:97 Y:4E P:EF SP:F5 PPU:128,296 CYC:14648
< C6E1  EA        NOP                             A:AA X:97 Y:4E P:EF SP:F5 PPU:128,302 CYC:14650
< C6E2  08        PHP                             A:AA X:97 Y:4E P:EF SP:F5 PPU:128,308 CYC:14652
< C6E3  48        PHA                             A:AA X:97 Y:4E P:EF SP:F4 PPU:128,317 CYC:14655
< C6E4  1A       *NOP                             A:AA X:97 Y:4E P:EF SP:F3 PPU:128,326 CYC:14658
< C6E5  3A       *NOP                             A:AA X:97 Y:4E P:EF SP:F3 PPU:128,332 CYC:14660
< C6E6  5A       *NOP                             A:AA X:97 Y:4E P:EF SP:F3 PPU:128,338 CYC:14662
< C6E7  7A       *NOP                             A:AA X:97 Y:4E P:EF SP:F3 PPU:129,  3 CYC:14664
< C6E8  DA       *NOP                             A:AA X:97 Y:4E P:EF SP:F3 PPU:129,  9 CYC:14666
< C6E9  FA       *NOP                             A:AA X:97 Y:4E P:EF SP:F3 PPU:129, 15 CYC:14668
< C6EA  80 89    *NOP #$89                        A:AA X:97 Y:4E P:EF SP:F3 PPU:129, 21 CYC:14670
< C6EC  EA        NOP                             A:AA X:97 Y:4E P:EF SP:F3 PPU:129, 27 CYC:14672
< C6ED  EA        NOP                             A:AA X:97 Y:4E P:EF SP:F3 PPU:129, 33 CYC:14674
< C6EE  EA        NOP                             A:AA X:97 Y:4E P:EF SP:F3 PPU:129, 39 CYC:14676
< C6EF  EA        NOP                             A:AA X:97 Y:4E P:EF SP:F3 PPU:129, 45 CYC:14678
< C6F0  08        PHP                             A:AA X:97 Y:4E P:EF SP:F3 PPU:129, 51 CYC:14680
< C6F1  48        PHA                             A:AA X:97 Y:4E P:EF SP:F2 PPU:129, 60 CYC:14683
< C6F2  1C A9 A9 *NOP $A9A9,X @ AA40 = 00         A:AA X:97 Y:4E P:EF SP:F1 PPU:129, 69 CYC:14686
< C6F5  3C A9 A9 *NOP $A9A9,X @ AA40 = 00         A:AA X:97 Y:4E P:EF SP:F1 PPU:129, 84 CYC:14691
< C6F8  5C A9 A9 *NOP $A9A9,X @ AA40 = 00         A:AA X:97 Y:4E P:EF SP:F1 PPU:129, 99 CYC:14696
< C6FB  7C A9 A9 *NOP $A9A9,X @ AA40 = 00         A:AA X:97 Y:4E P:EF SP:F1 PPU:129,114 CYC:14701
< C6FE  DC A9 A9 *NOP $A9A9,X @ AA40 = 00         A:AA X:97 Y:4E P:EF SP:F1 PPU:129,129 CYC:14706
< C701  FC A9 A9 *NOP $A9A9,X @ AA40 = 00         A:AA X:97 Y:4E P:EF SP:F1 PPU:129,144 CYC:14711
< C704  EA        NOP                             A:AA X:97 Y:4E P:EF SP:F1 PPU:129,159 CYC:14716
< C705  EA        NOP                             A:AA X:97 Y:4E P:EF SP:F1 PPU:129,165 CYC:14718
< C706  EA        NOP                             A:AA X:97 Y:4E P:EF SP:F1 PPU:129,171 CYC:14720
< C707  EA        NOP                             A:AA X:97 Y:4E P:EF SP:F1 PPU:129,177 CYC:14722
< C708  08        PHP                             A:AA X:97 Y:4E P:EF SP:F1 PPU:129,183 CYC:14724
< C709  48        PHA                             A:AA X:97 Y:4E P:EF SP:F0 PPU:129,192 CYC:14727
< C70A  A2 05     LDX #$05                        A:AA X:97 Y:4E P:EF SP:EF PPU:129,201 CYC:14730
< C70C  68        PLA                             A:AA X:05 Y:4E P:6D SP:EF PPU:129,207 CYC:14732
< C70D  C9 55     CMP #$55                        A:AA X:05 Y:4E P:ED SP:F0 PPU:129,219 CYC:14736
< C70F  F0 0A     BEQ $C71B                       A:AA X:05 Y:4E P:6D SP:F0 PPU:129,225 CYC:14738
< C711  C9 AA     CMP #$AA                        A:AA X:05 Y:4E P:6D SP:F0 PPU:129,231 CYC:14740
< C713  F0 06     BEQ $C71B                       A:AA X:05 Y:4E P:6F SP:F0 PPU:129,237 CYC:14742
< C71B  68        PLA                             A:AA X:05 Y:4E P:6F SP:F0 PPU:129,246 CYC:14745
< C71C  29 CB     AND #$CB                        A:FF X:05 Y:4E P:ED SP:F1 PPU:129,258 CYC:14749
< C71E  C9 00     CMP #$00                        A:CB X:05 Y:4E P:ED SP:F1 PPU:129,264 CYC:14751
< C720  F0 06     BEQ $C728                       A:CB X:05 Y:4E P:ED SP:F1 PPU:129,270 CYC:14753
< C722  C9 CB     CMP #$CB                        A:CB X:05 Y:4E P:ED SP:F1 PPU:129,276 CYC:14755
< C724  F0 02     BEQ $C728                       A:CB X:05 Y:4E P:6F SP:F1 PPU:129,282 CYC:14757
< C728  C8        INY                             A:CB X:05 Y:4E P:6F SP:F1 PPU:129,291 CYC:14760
< C729  CA        DEX                             A:CB X:05 Y:4F P:6D SP:F1 PPU:129,297 CYC:14762
< C72A  D0 E0     BNE $C70C                       A:CB X:04 Y:4F P:6D SP:F1 PPU:129,303 CYC:14764
< C70C  68        PLA                             A:CB X:04 Y:4F P:6D SP:F1 PPU:129,312 CYC:14767
< C70D  C9 55     CMP #$55                        A:AA X:04 Y:4F P:ED SP:F2 PPU:129,324 CYC:14771
< C70F  F0 0A     BEQ $C71B                       A:AA X:04 Y:4F P:6D SP:F2 PPU:129,330 CYC:14773
< C711  C9 AA     CMP #$AA                        A:AA X:04 Y:4F P:6D SP:F2 PPU:129,336 CYC:14775
< C713  F0 06     BEQ $C71B                       A:AA X:04 Y:4F P:6F SP:F2 PPU:130,  1 CYC:14777
< C71B  68        PLA                             A:AA X:04 Y:4F P:6F SP:F2 PPU:130, 10 CYC:14780
< C71C  29 CB     AND #$CB                        A:FF X:04 Y:4F P:ED SP:F3 PPU:130, 22 CYC:14784
< C71E  C9 00     CMP #$00                        A:CB X:04 Y:4F P:ED SP:F3 PPU:130, 28 CYC:14786
< C720  F0 06     BEQ $C728                       A:CB X:04 Y:4F P:ED SP:F3 PPU:130, 34 CYC:14788
< C722  C9 CB     CMP #$CB                        A:CB X:04 Y:4F P:ED SP:F3 PPU:130, 40 CYC:14790
< C724  F0 02     BEQ $C728                       A:CB X:04 Y:4F P:6F SP:F3 PPU:130, 46 CYC:14792
< C728  C8        INY                             A:CB X:04 Y:4F P:6F SP:F3 PPU:130, 55 CYC:14795
< C729  CA        DEX                             A:CB X:04 Y:50 P:6D SP:F3 PPU:130, 61 CYC:14797
< C72A  D0 E0     BNE $C70C                       A:CB X:03 Y:50 P:6D SP:F3 PPU:130, 67 CYC:14799
< C70C  68        PLA                             A:CB X:03 Y:50 P:6D SP:F3 PPU:130, 76 CYC:14802
< C70D  C9 55     CMP #$55                        A:AA X:03 Y:50 P:ED SP:F4 PPU:130, 88 CYC:14806
< C70F  F0 0A     BEQ $C71B                       A:AA X:03 Y:50 P:6D SP:F4 PPU:130, 94 CYC:14808
< C711  C9 AA     CMP #$AA                        A:AA X:03 Y:50 P:6D SP:F4 PPU:130,100 CYC:14810
< C713  F0 06     BEQ $C71B                       A:AA X:03 Y:50 P:6F SP:F4 PPU:130,106 CYC:14812
< C71B  68        PLA                             A:AA X:03 Y:50 P:6F SP:F4 PPU:130,115 CYC:14815
< C71C  29 CB     AND #$CB                        A:FF X:03 Y:50 P:ED SP:F5 PPU:130,127 CYC:14819
< C71E  C9 00     CMP #$00                        A:CB X:03 Y:50 P:ED SP:F5 PPU:130,133 CYC:14821
< C720  F0 06     BEQ $C728                       A:CB X:03 Y:50 P:ED SP:F5 PPU:130,139 CYC:14823
< C722  C9 CB     CMP #$CB                        A:CB X:03 Y:50 P:ED SP:F5 PPU:130,145 CYC:14825
< C724  F0 02     BEQ $C728                       A:CB X:03 Y:50 P:6F SP:F5 PPU:130,151 CYC:14827
< C728  C8        INY                             A:CB X:03 Y:50 P:6F SP:F5 PPU:130,160 CYC:14830
< C729  CA        DEX                             A:CB X:03 Y:51 P:6D SP:F5 PPU:130,166 CYC:14832
< C72A  D0 E0     BNE $C70C                       A:CB X:02 Y:51 P:6D SP:F5 PPU:130,172 CYC:14834
< C70C  68        PLA                             A:CB X:02 Y:51 P:6D SP:F5 PPU:130,181 CYC:14837
< C70D  C9 55     CMP #$55                        A:AA X:02 Y:51 P:ED SP:F6 PPU:130,193 CYC:14841
< C70F  F0 0A     BEQ $C71B                       A:AA X:02 Y:51 P:6D SP:F6 PPU:130,199 CYC:14843
< C711  C9 AA     CMP #$AA                        A:AA X:02 Y:51 P:6D SP:F6 PPU:130,205 CYC:14845
< C713  F0 06     BEQ $C71B                       A:AA X:02 Y:51 P:6F SP:F6 PPU:130,211 CYC:14847
< C71B  68        PLA                             A:AA X:02 Y:51 P:6F SP:F6 PPU:130,220 CYC:14850
< C71C  29 CB     AND #$CB                        A:FF X:02 Y:51 P:ED SP:F7 PPU:130,232 CYC:14854
< C71E  C9 00     CMP #$00                        A:CB X:02 Y:51 P:ED SP:F7 PPU:130,238 CYC:14856
< C720  F0 06     BEQ $C728                       A:CB X:02 Y:51 P:ED SP:F7 PPU:130,244 CYC:14858
< C722  C9 CB     CMP #$CB                        A:CB X:02 Y:51 P:ED SP:F7 PPU:130,250 CYC:14860
< C724  F0 02     BEQ $C728                       A:CB X:02 Y:51 P:6F SP:F7 PPU:130,256 CYC:14862
< C728  C8        INY                             A:CB X:02 Y:51 P:6F SP:F7 PPU:130,265 CYC:14865
< C729  CA        DEX                             A:CB X:02 Y:52 P:6D SP:F7 PPU:130,271 CYC:14867
< C72A  D0 E0     BNE $C70C                       A:CB X:01 Y:52 P:6D SP:F7 PPU:130,277 CYC:14869
< C70C  68        PLA                             A:CB X:01 Y:52 P:6D SP:F7 PPU:130,286 CYC:14872
< C70D  C9 55     CMP #$55                        A:AA X:01 Y:52 P:ED SP:F8 PPU:130,298 CYC:14876
< C70F  F0 0A     BEQ $C71B                       A:AA X:01 Y:52 P:6D SP:F8 PPU:130,304 CYC:14878
< C711  C9 AA     CMP #$AA                        A:AA X:01 Y:52 P:6D SP:F8 PPU:130,310 CYC:14880
< C713  F0 06     BEQ $C71B                       A:AA X:01 Y:52 P:6F SP:F8 PPU:130,316 CYC:14882
< C71B  68        PLA                             A:AA X:01 Y:52 P:6F SP:F8 PPU:130,325 CYC:14885
< C71C  29 CB     AND #$CB                        A:FF X:01 Y:52 P:ED SP:F9 PPU:130,337 CYC:14889
< C71E  C9 00     CMP #$00                        A:CB X:01 Y:52 P:ED SP:F9 PPU:131,  2 CYC:14891
< C720  F0 06     BEQ $C728                       A:CB X:01 Y:52 P:ED SP:F9 PPU:131,  8 CYC:14893
< C722  C9 CB     CMP #$CB                        A:CB X:01 Y:52 P:ED SP:F9 PPU:131, 14 CYC:14895
< C724  F0 02     BEQ $C728                       A:CB X:01 Y:52 P:6F SP:F9 PPU:131, 20 CYC:14897
< C728  C8        INY                             A:CB X:01 Y:52 P:6F SP:F9 PPU:131, 29 CYC:14900
< C729  CA        DEX                             A:CB X:01 Y:53 P:6D SP:F9 PPU:131, 35 CYC:14902
< C72A  D0 E0     BNE $C70C                       A:CB X:00 Y:53 P:6F SP:F9 PPU:131, 41 CYC:14904
< C72C  60        RTS                             A:CB X:00 Y:53 P:6F SP:F9 PPU:131, 47 CYC:14906
< C6AC  20 B7 C6  JSR $C6B7                       A:CB X:00 Y:53 P:6F SP:FB PPU:131, 65 CYC:14912
< C6B7  A9 34     LDA #$34                        A:CB X:00 Y:53 P:6F SP:F9 PPU:131, 83 CYC:14918
< C6B9  48        PHA                             A:34 X:00 Y:53 P:6D SP:F9 PPU:131, 89 CYC:14920
< C6BA  A9 55     LDA #$55                        A:34 X:00 Y:53 P:6D SP:F8 PPU:131, 98 CYC:14923
< C6BC  28        PLP                             A:55 X:00 Y:53 P:6D SP:F8 PPU:131,104 CYC:14925
< C6BD  04 A9    *NOP $A9 = 00                    A:55 X:00 Y:53 P:24 SP:F9 PPU:131,116 CYC:14929
< C6BF  44 A9    *NOP $A9 = 00                    A:55 X:00 Y:53 P:24 SP:F9 PPU:131,125 CYC:14932
< C6C1  64 A9    *NOP $A9 = 00                    A:55 X:00 Y:53 P:24 SP:F9 PPU:131,134 CYC:14935
< C6C3  EA        NOP                             A:55 X:00 Y:53 P:24 SP:F9 PPU:131,143 CYC:14938
< C6C4  EA        NOP                             A:55 X:00 Y:53 P:24 SP:F9 PPU:131,149 CYC:14940
< C6C5  EA        NOP                             A:55 X:00 Y:53 P:24 SP:F9 PPU:131,155 CYC:14942
< C6C6  EA        NOP                             A:55 X:00 Y:53 P:24 SP:F9 PPU:131,161 CYC:14944
< C6C7  08        PHP                             A:55 X:00 Y:53 P:24 SP:F9 PPU:131,167 CYC:14946
< C6C8  48        PHA                             A:55 X:00 Y:53 P:24 SP:F8 PPU:131,176 CYC:14949
< C6C9  0C A9 A9 *NOP $A9A9 = A9                  A:55 X:00 Y:53 P:24 SP:F7 PPU:131,185 CYC:14952
< C6CC  EA        NOP                             A:55 X:00 Y:53 P:24 SP:F7 PPU:131,197 CYC:14956
< C6CD  EA        NOP                             A:55 X:00 Y:53 P:24 SP:F7 PPU:131,203 CYC:14958
< C6CE  EA        NOP                             A:55 X:00 Y:53 P:24 SP:F7 PPU:131,209 CYC:14960
< C6CF  EA        NOP                             A:55 X:00 Y:53 P:24 SP:F7 PPU:131,215 CYC:14962
< C6D0  08        PHP                             A:55 X:00 Y:53 P:24 SP:F7 PPU:131,221 CYC:14964
< C6D1  48        PHA                             A:55 X:00 Y:53 P:24 SP:F6 PPU:131,230 CYC:14967
< C6D2  14 A9    *NOP $A9,X @ A9 = 00             A:55 X:00 Y:53 P:24 SP:F5 PPU:131,239 CYC:14970
< C6D4  34 A9    *NOP $A9,X @ A9 = 00             A:55 X:00 Y:53 P:24 SP:F5 PPU:131,251 CYC:14974
< C6D6  54 A9    *NOP $A9,X @ A9 = 00             A:55 X:00 Y:53 P:24 SP:F5 PPU:131,263 CYC:14978
< C6D8  74 A9    *NOP $A9,X @ A9 = 00             A:55 X:00 Y:53 P:24 SP:F5 PPU:131,275 CYC:14982
< C6DA  D4 A9    *NOP $A9,X @ A9 = 00             A:55 X:00 Y:53 P:24 SP:F5 PPU:131,287 CYC:14986
< C6DC  F4 A9    *NOP $A9,X @ A9 = 00             A:55 X:00 Y:53 P:24 SP:F5 PPU:131,299 CYC:14990
< C6DE  EA        NOP                             A:55 X:00 Y:53 P:24 SP:F5 PPU:131,311 CYC:14994
< C6DF  EA        NOP                             A:55 X:00 Y:53 P:24 SP:F5 PPU:131,317 CYC:14996
< C6E0  EA        NOP                             A:55 X:00 Y:53 P:24 SP:F5 PPU:131,323 CYC:14998
< C6E1  EA        NOP                             A:55 X:00 Y:53 P:24 SP:F5 PPU:131,329 CYC:15000
< C6E2  08        PHP                             A:55 X:00 Y:53 P:24 SP:F5 PPU:131,335 CYC:15002
< C6E3  48        PHA                             A:55 X:00 Y:53 P:24 SP:F4 PPU:132,  3 CYC:15005
< C6E4  1A       *NOP                             A:55 X:00 Y:53 P:24 SP:F3 PPU:132, 12 CYC:15008
< C6E5  3A       *NOP                             A:55 X:00 Y:53 P:24 SP:F3 PPU:132, 18 CYC:15010
< C6E6  5A       *NOP                             A:55 X:00 Y:53 P:24 SP:F3 PPU:132, 24 CYC:15012
< C6E7  7A       *NOP                             A:55 X:00 Y:53 P:24 SP:F3 PPU:132, 30 CYC:15014
< C6E8  DA       *NOP                             A:55 X:00 Y:53 P:24 SP:F3 PPU:132, 36 CYC:15016
< C6E9  FA       *NOP                             A:55 X:00 Y:53 P:24 SP:F3 PPU:132, 42 CYC:15018
< C6EA  80 89    *NOP #$89                        A:55 X:00 Y:53 P:24 SP:F3 PPU:132, 48 CYC:15020
< C6EC  EA        NOP                             A:55 X:00 Y:53 P:24 SP:F3 PPU:132, 54 CYC:15022
< C6ED  EA        NOP                             A:55 X:00 Y:53 P:24 SP:F3 PPU:132, 60 CYC:15024
< C6EE  EA        NOP                             A:55 X:00 Y:53 P:24 SP:F3 PPU:132, 66 CYC:15026
< C6EF  EA        NOP                             A:55 X:00 Y:53 P:24 SP:F3 PPU:132, 72 CYC:15028
< C6F0  08        PHP                             A:55 X:00 Y:53 P:24 SP:F3 PPU:132, 78 CYC:15030
< C6F1  48        PHA                             A:55 X:00 Y:53 P:24 SP:F2 PPU:132, 87 CYC:15033
< C6F2  1C A9 A9 *NOP $A9A9,X @ A9A9 = A9         A:55 X:00 Y:53 P:24 SP:F1 PPU:132, 96 CYC:15036
< C6F5  3C A9 A9 *NOP $A9A9,X @ A9A9 = A9         A:55 X:00 Y:53 P:24 SP:F1 PPU:132,108 CYC:15040
< C6F8  5C A9 A9 *NOP $A9A9,X @ A9A9 = A9         A:55 X:00 Y:53 P:24 SP:F1 PPU:132,120 CYC:15044
< C6FB  7C A9 A9 *NOP $A9A9,X @ A9A9 = A9         A:55 X:00 Y:53 P:24 SP:F1 PPU:132,132 CYC:15048
< C6FE  DC A9 A9 *NOP $A9A9,X @ A9A9 = A9         A:55 X:00 Y:53 P:24 SP:F1 PPU:132,144 CYC:15052
< C701  FC A9 A9 *NOP $A9A9,X @ A9A9 = A9         A:55 X:00 Y:53 P:24 SP:F1 PPU:132,156 CYC:15056
< C704  EA        NOP                             A:55 X:00 Y:53 P:24 SP:F1 PPU:132,168 CYC:15060
< C705  EA        NOP                             A:55 X:00 Y:53 P:24 SP:F1 PPU:132,174 CYC:15062
< C706  EA        NOP                             A:55 X:00 Y:53 P:24 SP:F1 PPU:132,180 CYC:15064
< C707  EA        NOP                             A:55 X:00 Y:53 P:24 SP:F1 PPU:132,186 CYC:15066
< C708  08        PHP                             A:55 X:00 Y:53 P:24 SP:F1 PPU:132,192 CYC:15068
< C709  48        PHA                             A:55 X:00 Y:53 P:24 SP:F0 PPU:132,201 CYC:15071
< C70A  A2 05     LDX #$05                        A:55 X:00 Y:53 P:24 SP:EF PPU:132,210 CYC:15074
< C70C  68        PLA                             A:55 X:05 Y:53 P:24 SP:EF PPU:132,216 CYC:15076
< C70D  C9 55     CMP #$55                        A:55 X:05 Y:53 P:24 SP:F0 PPU:132,228 CYC:15080
< C70F  F0 0A     BEQ $C71B                       A:55 X:05 Y:53 P:27 SP:F0 PPU:132,234 CYC:15082
< C71B  68        PLA                             A:55 X:05 Y:53 P:27 SP:F0 PPU:132,243 CYC:15085
< C71C  29 CB     AND #$CB                        A:34 X:05 Y:53 P:25 SP:F1 PPU:132,255 CYC:15089
< C71E  C9 00     CMP #$00                        A:00 X:05 Y:53 P:27 SP:F1 PPU:132,261 CYC:15091
< C720  F0 06     BEQ $C728                       A:00 X:05 Y:53 P:27 SP:F1 PPU:132,267 CYC:15093
< C728  C8        INY                             A:00 X:05 Y:53 P:27 SP:F1 PPU:132,276 CYC:15096
< C729  CA        DEX                             A:00 X:05 Y:54 P:25 SP:F1 PPU:132,282 CYC:15098
< C72A  D0 E0     BNE $C70C                       A:00 X:04 Y:54 P:25 SP:F1 PPU:132,288 CYC:15100
< C70C  68        PLA                             A:00 X:04 Y:54 P:25 SP:F1 PPU:132,297 CYC:15103
< C70D  C9 55     CMP #$55                        A:55 X:04 Y:54 P:25 SP:F2 PPU:132,309 CYC:15107
< C70F  F0 0A     BEQ $C71B                       A:55 X:04 Y:54 P:27 SP:F2 PPU:132,315 CYC:15109
< C71B  68        PLA                             A:55 X:04 Y:54 P:27 SP:F2 PPU:132,324 CYC:15112
< C71C  29 CB     AND #$CB                        A:34 X:04 Y:54 P:25 SP:F3 PPU:132,336 CYC:15116
< C71E  C9 00     CMP #$00                        A:00 X:04 Y:54 P:27 SP:F3 PPU:133,  1 CYC:15118
< C720  F0 06     BEQ $C728                       A:00 X:04 Y:54 P:27 SP:F3 PPU:133,  7 CYC:15120
< C728  C8        INY                             A:00 X:04 Y:54 P:27 SP:F3 PPU:133, 16 CYC:15123
< C729  CA        DEX                             A:00 X:04 Y:55 P:25 SP:F3 PPU:133, 22 CYC:15125
< C72A  D0 E0     BNE $C70C                       A:00 X:03 Y:55 P:25 SP:F3 PPU:133, 28 CYC:15127
< C70C  68        PLA                             A:00 X:03 Y:55 P:25 SP:F3 PPU:133, 37 CYC:15130
< C70D  C9 55     CMP #$55                        A:55 X:03 Y:55 P:25 SP:F4 PPU:133, 49 CYC:15134
< C70F  F0 0A     BEQ $C71B                       A:55 X:03 Y:55 P:27 SP:F4 PPU:133, 55 CYC:15136
< C71B  68        PLA                             A:55 X:03 Y:55 P:27 SP:F4 PPU:133, 64 CYC:15139
< C71C  29 CB     AND #$CB                        A:34 X:03 Y:55 P:25 SP:F5 PPU:133, 76 CYC:15143
< C71E  C9 00     CMP #$00                        A:00 X:03 Y:55 P:27 SP:F5 PPU:133, 82 CYC:15145
< C720  F0 06     BEQ $C728                       A:00 X:03 Y:55 P:27 SP:F5 PPU:133, 88 CYC:15147
< C728  C8        INY                             A:00 X:03 Y:55 P:27 SP:F5 PPU:133, 97 CYC:15150
< C729  CA        DEX                             A:00 X:03 Y:56 P:25 SP:F5 PPU:133,103 CYC:15152
< C72A  D0 E0     BNE $C70C                       A:00 X:02 Y:56 P:25 SP:F5 PPU:133,109 CYC:15154
< C70C  68        PLA                             A:00 X:02 Y:56 P:25 SP:F5 PPU:133,118 CYC:15157
< C70D  C9 55     CMP #$55                        A:55 X:02 Y:56 P:25 SP:F6 PPU:133,130 CYC:15161
< C70F  F0 0A     BEQ $C71B                       A:55 X:02 Y:56 P:27 SP:F6 PPU:133,136 CYC:15163
< C71B  68        PLA                             A:55 X:02 Y:56 P:27 SP:F6 PPU:133,145 CYC:15166
< C71C  29 CB     AND #$CB                        A:34 X:02 Y:56 P:25 SP:F7 PPU:133,157 CYC:15170
< C71E  C9 00     CMP #$00                        A:00 X:02 Y:56 P:27 SP:F7 PPU:133,163 CYC:15172
< C720  F0 06     BEQ $C728                       A:00 X:02 Y:56 P:27 SP:F7 PPU:133,169 CYC:15174
< C728  C8        INY                             A:00 X:02 Y:56 P:27 SP:F7 PPU:133,178 CYC:15177
< C729  CA        DEX                             A:00 X:02 Y:57 P:25 SP:F7 PPU:133,184 CYC:15179
< C72A  D0 E0     BNE $C70C                       A:00 X:01 Y:57 P:25 SP:F7 PPU:133,190 CYC:15181
< C70C  68        PLA                             A:00 X:01 Y:57 P:25 SP:F7 PPU:133,199 CYC:15184
< C70D  C9 55     CMP #$55                        A:55 X:01 Y:57 P:25 SP:F8 PPU:133,211 CYC:15188
< C70F  F0 0A     BEQ $C71B                       A:55 X:01 Y:57 P:27 SP:F8 PPU:133,217 CYC:15190
< C71B  68        PLA                             A:55 X:01 Y:57 P:27 SP:F8 PPU:133,226 CYC:15193
< C71C  29 CB     AND #$CB                        A:34 X:01 Y:57 P:25 SP:F9 PPU:133,238 CYC:15197
< C71E  C9 00     CMP #$00                        A:00 X:01 Y:57 P:27 SP:F9 PPU:133,244 CYC:15199
< C720  F0 06     BEQ $C728                       A:00 X:01 Y:57 P:27 SP:F9 PPU:133,250 CYC:15201
< C728  C8        INY                             A:00 X:01 Y:57 P:27 SP:F9 PPU:133,259 CYC:15204
< C729  CA        DEX                             A:00 X:01 Y:58 P:25 SP:F9 PPU:133,265 CYC:15206
< C72A  D0 E0     BNE $C70C                       A:00 X:00 Y:58 P:27 SP:F9 PPU:133,271 CYC:15208
< C72C  60        RTS                             A:00 X:00 Y:58 P:27 SP:F9 PPU:133,277 CYC:15210
< C6AF  60        RTS                             A:00 X:00 Y:58 P:27 SP:FB PPU:133,295 CYC:15216
< C632  20 1E E5  JSR $E51E                       A:00 X:00 Y:58 P:27 SP:FD PPU:133,313 CYC:15222
< E51E  A9 55     LDA #$55                        A:00 X:00 Y:58 P:27 SP:FB PPU:133,331 CYC:15228
< E520  8D 80 05  STA $0580 = 00                  A:55 X:00 Y:58 P:25 SP:FB PPU:133,337 CYC:15230
< E523  A9 AA     LDA #$AA                        A:55 X:00 Y:58 P:25 SP:FB PPU:134,  8 CYC:15234
< E525  8D 32 04  STA $0432 = 00                  A:AA X:00 Y:58 P:A5 SP:FB PPU:134, 14 CYC:15236
< E528  A9 80     LDA #$80                        A:AA X:00 Y:58 P:A5 SP:FB PPU:134, 26 CYC:15240
< E52A  85 43     STA $43 = 00                    A:80 X:00 Y:58 P:A5 SP:FB PPU:134, 32 CYC:15242
< E52C  A9 05     LDA #$05                        A:80 X:00 Y:58 P:A5 SP:FB PPU:134, 41 CYC:15245
< E52E  85 44     STA $44 = 00                    A:05 X:00 Y:58 P:25 SP:FB PPU:134, 47 CYC:15247
< E530  A9 32     LDA #$32                        A:05 X:00 Y:58 P:25 SP:FB PPU:134, 56 CYC:15250
< E532  85 45     STA $45 = 00                    A:32 X:00 Y:58 P:25 SP:FB PPU:134, 62 CYC:15252
< E534  A9 04     LDA #$04                        A:32 X:00 Y:58 P:25 SP:FB PPU:134, 71 CYC:15255
< E536  85 46     STA $46 = 00                    A:04 X:00 Y:58 P:25 SP:FB PPU:134, 77 CYC:15257
< E538  A2 03     LDX #$03                        A:04 X:00 Y:58 P:25 SP:FB PPU:134, 86 CYC:15260
< E53A  A0 77     LDY #$77                        A:04 X:03 Y:58 P:25 SP:FB PPU:134, 92 CYC:15262
< E53C  A9 FF     LDA #$FF                        A:04 X:03 Y:77 P:25 SP:FB PPU:134, 98 CYC:15264
< E53E  85 01     STA $01 = FF                    A:FF X:03 Y:77 P:A5 SP:FB PPU:134,104 CYC:15266
< E540  24 01     BIT $01 = FF                    A:FF X:03 Y:77 P:A5 SP:FB PPU:134,113 CYC:15269
< E542  38        SEC                             A:FF X:03 Y:77 P:E5 SP:FB PPU:134,122 CYC:15272
< E543  A9 00     LDA #$00                        A:FF X:03 Y:77 P:E5 SP:FB PPU:134,128 CYC:15274
< E545  A3 40    *LAX ($40,X) @ 43 = 0580 = 55    A:00 X:03 Y:77 P:67 SP:FB PPU:134,134 CYC:15276
< E547  EA        NOP                             A:55 X:55 Y:77 P:65 SP:FB PPU:134,152 CYC:15282
< E548  EA        NOP                             A:55 X:55 Y:77 P:65 SP:FB PPU:134,158 CYC:15284
< E549  EA        NOP                             A:55 X:55 Y:77 P:65 SP:FB PPU:134,164 CYC:15286
< E54A  EA        NOP                             A:55 X:55 Y:77 P:65 SP:FB PPU:134,170 CYC:15288
< E54B  F0 12     BEQ $E55F                       A:55 X:55 Y:77 P:65 SP:FB PPU:134,176 CYC:15290
< E54D  30 10     BMI $E55F                       A:55 X:55 Y:77 P:65 SP:FB PPU:134,182 CYC:15292
< E54F  50 0E     BVC $E55F                       A:55 X:55 Y:77 P:65 SP:FB PPU:134,188 CYC:15294
< E551  90 0C     BCC $E55F                       A:55 X:55 Y:77 P:65 SP:FB PPU:134,194 CYC:15296
< E553  C9 55     CMP #$55                        A:55 X:55 Y:77 P:65 SP:FB PPU:134,200 CYC:15298
< E555  D0 08     BNE $E55F                       A:55 X:55 Y:77 P:67 SP:FB PPU:134,206 CYC:15300
< E557  E0 55     CPX #$55                        A:55 X:55 Y:77 P:67 SP:FB PPU:134,212 CYC:15302
< E559  D0 04     BNE $E55F                       A:55 X:55 Y:77 P:67 SP:FB PPU:134,218 CYC:15304
< E55B  C0 77     CPY #$77                        A:55 X:55 Y:77 P:67 SP:FB PPU:134,224 CYC:15306
< E55D  F0 04     BEQ $E563                       A:55 X:55 Y:77 P:67 SP:FB PPU:134,230 CYC:15308
< E563  A2 05     LDX #$05                        A:55 X:55 Y:77 P:67 SP:FB PPU:134,239 CYC:15311
< E565  A0 33     LDY #$33                        A:55 X:05 Y:77 P:65 SP:FB PPU:134,245 CYC:15313
< E567  B8        CLV                             A:55 X:05 Y:33 P:65 SP:FB PPU:134,251 CYC:15315
< E568  18        CLC                             A:55 X:05 Y:33 P:25 SP:FB PPU:134,257 CYC:15317
< E569  A9 00     LDA #$00                        A:55 X:05 Y:33 P:24 SP:FB PPU:134,263 CYC:15319
< E56B  A3 40    *LAX ($40,X) @ 45 = 0432 = AA    A:00 X:05 Y:33 P:26 SP:FB PPU:134,269 CYC:15321
< E56D  EA        NOP                             A:AA X:AA Y:33 P:A4 SP:FB PPU:134,287 CYC:15327
< E56E  EA        NOP                             A:AA X:AA Y:33 P:A4 SP:FB PPU:134,293 CYC:15329
< E56F  EA        NOP                             A:AA X:AA Y:33 P:A4 SP:FB PPU:134,299 CYC:15331
< E570  EA        NOP                             A:AA X:AA Y:33 P:A4 SP:FB PPU:134,305 CYC:15333
< E571  F0 12     BEQ $E585                       A:AA X:AA Y:33 P:A4 SP:FB PPU:134,311 CYC:15335
< E573  10 10     BPL $E585                       A:AA X:AA Y:33 P:A4 SP:FB PPU:134,317 CYC:15337
< E575  70 0E     BVS $E585                       A:AA X:AA Y:33 P:A4 SP:FB PPU:134,323 CYC:15339
< E577  B0 0C     BCS $E585                       A:AA X:AA Y:33 P:A4 SP:FB PPU:134,329 CYC:15341
< E579  C9 AA     CMP #$AA                        A:AA X:AA Y:33 P:A4 SP:FB PPU:134,335 CYC:15343
< E57B  D0 08     BNE $E585                       A:AA X:AA Y:33 P:27 SP:FB PPU:135,  0 CYC:15345
< E57D  E0 AA     CPX #$AA                        A:AA X:AA Y:33 P:27 SP:FB PPU:135,  6 CYC:15347
< E57F  D0 04     BNE $E585                       A:AA X:AA Y:33 P:27 SP:FB PPU:135, 12 CYC:15349
< E581  C0 33     CPY #$33                        A:AA X:AA Y:33 P:27 SP:FB PPU:135, 18 CYC:15351
< E583  F0 04     BEQ $E589                       A:AA X:AA Y:33 P:27 SP:FB PPU:135, 24 CYC:15353
< E589  A9 87     LDA #$87                        A:AA X:AA Y:33 P:27 SP:FB PPU:135, 33 CYC:15356
< E58B  85 67     STA $67 = 00                    A:87 X:AA Y:33 P:A5 SP:FB PPU:135, 39 CYC:15358
< E58D  A9 32     LDA #$32                        A:87 X:AA Y:33 P:A5 SP:FB PPU:135, 48 CYC:15361
< E58F  85 68     STA $68 = 00                    A:32 X:AA Y:33 P:25 SP:FB PPU:135, 54 CYC:15363
< E591  A0 57     LDY #$57                        A:32 X:AA Y:33 P:25 SP:FB PPU:135, 63 CYC:15366
< E593  24 01     BIT $01 = FF                    A:32 X:AA Y:57 P:25 SP:FB PPU:135, 69 CYC:15368
< E595  38        SEC                             A:32 X:AA Y:57 P:E5 SP:FB PPU:135, 78 CYC:15371
< E596  A9 00     LDA #$00                        A:32 X:AA Y:57 P:E5 SP:FB PPU:135, 84 CYC:15373
< E598  A7 67    *LAX $67 = 87                    A:00 X:AA Y:57 P:67 SP:FB PPU:135, 90 CYC:15375
< E59A  EA        NOP                             A:87 X:87 Y:57 P:E5 SP:FB PPU:135, 99 CYC:15378
< E59B  EA        NOP                             A:87 X:87 Y:57 P:E5 SP:FB PPU:135,105 CYC:15380
< E59C  EA        NOP                             A:87 X:87 Y:57 P:E5 SP:FB PPU:135,111 CYC:15382
< E59D  EA        NOP                             A:87 X:87 Y:57 P:E5 SP:FB PPU:135,117 CYC:15384
< E59E  F0 12     BEQ $E5B2                       A:87 X:87 Y:57 P:E5 SP:FB PPU:135,123 CYC:15386
< E5A0  10 10     BPL $E5B2                       A:87 X:87 Y:57 P:E5 SP:FB PPU:135,129 CYC:15388
< E5A2  50 0E     BVC $E5B2                       A:87 X:87 Y:57 P:E5 SP:FB PPU:135,135 CYC:15390
< E5A4  90 0C     BCC $E5B2                       A:87 X:87 Y:57 P:E5 SP:FB PPU:135,141 CYC:15392
< E5A6  C9 87     CMP #$87                        A:87 X:87 Y:57 P:E5 SP:FB PPU:135,147 CYC:15394
< E5A8  D0 08     BNE $E5B2                       A:87 X:87 Y:57 P:67 SP:FB PPU:135,153 CYC:15396
< E5AA  E0 87     CPX #$87                        A:87 X:87 Y:57 P:67 SP:FB PPU:135,159 CYC:15398
< E5AC  D0 04     BNE $E5B2                       A:87 X:87 Y:57 P:67 SP:FB PPU:135,165 CYC:15400
< E5AE  C0 57     CPY #$57                        A:87 X:87 Y:57 P:67 SP:FB PPU:135,171 CYC:15402
< E5B0  F0 04     BEQ $E5B6                       A:87 X:87 Y:57 P:67 SP:FB PPU:135,177 CYC:15404
< E5B6  A0 53     LDY #$53                        A:87 X:87 Y:57 P:67 SP:FB PPU:135,186 CYC:15407
< E5B8  B8        CLV                             A:87 X:87 Y:53 P:65 SP:FB PPU:135,192 CYC:15409
< E5B9  18        CLC                             A:87 X:87 Y:53 P:25 SP:FB PPU:135,198 CYC:15411
< E5BA  A9 00     LDA #$00                        A:87 X:87 Y:53 P:24 SP:FB PPU:135,204 CYC:15413
< E5BC  A7 68    *LAX $68 = 32                    A:00 X:87 Y:53 P:26 SP:FB PPU:135,210 CYC:15415
< E5BE  EA        NOP                             A:32 X:32 Y:53 P:24 SP:FB PPU:135,219 CYC:15418
< E5BF  EA        NOP                             A:32 X:32 Y:53 P:24 SP:FB PPU:135,225 CYC:15420
< E5C0  EA        NOP                             A:32 X:32 Y:53 P:24 SP:FB PPU:135,231 CYC:15422
< E5C1  EA        NOP                             A:32 X:32 Y:53 P:24 SP:FB PPU:135,237 CYC:15424
< E5C2  F0 12     BEQ $E5D6                       A:32 X:32 Y:53 P:24 SP:FB PPU:135,243 CYC:15426
< E5C4  30 10     BMI $E5D6                       A:32 X:32 Y:53 P:24 SP:FB PPU:135,249 CYC:15428
< E5C6  70 0E     BVS $E5D6                       A:32 X:32 Y:53 P:24 SP:FB PPU:135,255 CYC:15430
< E5C8  B0 0C     BCS $E5D6                       A:32 X:32 Y:53 P:24 SP:FB PPU:135,261 CYC:15432
< E5CA  C9 32     CMP #$32                        A:32 X:32 Y:53 P:24 SP:FB PPU:135,267 CYC:15434
< E5CC  D0 08     BNE $E5D6                       A:32 X:32 Y:53 P:27 SP:FB PPU:135,273 CYC:15436
< E5CE  E0 32     CPX #$32                        A:32 X:32 Y:53 P:27 SP:FB PPU:135,279 CYC:15438
< E5D0  D0 04     BNE $E5D6                       A:32 X:32 Y:53 P:27 SP:FB PPU:135,285 CYC:15440
< E5D2  C0 53     CPY #$53                        A:32 X:32 Y:53 P:27 SP:FB PPU:135,291 CYC:15442
< E5D4  F0 04     BEQ $E5DA                       A:32 X:32 Y:53 P:27 SP:FB PPU:135,297 CYC:15444
< E5DA  A9 87     LDA #$87                        A:32 X:32 Y:53 P:27 SP:FB PPU:135,306 CYC:15447
< E5DC  8D 77 05  STA $0577 = 00                  A:87 X:32 Y:53 P:A5 SP:FB PPU:135,312 CYC:15449
< E5DF  A9 32     LDA #$32                        A:87 X:32 Y:53 P:A5 SP:FB PPU:135,324 CYC:15453
< E5E1  8D 78 05  STA $0578 = 00                  A:32 X:32 Y:53 P:25 SP:FB PPU:135,330 CYC:15455
< E5E4  A0 57     LDY #$57                        A:32 X:32 Y:53 P:25 SP:FB PPU:136,  1 CYC:15459
< E5E6  24 01     BIT $01 = FF                    A:32 X:32 Y:57 P:25 SP:FB PPU:136,  7 CYC:15461
< E5E8  38        SEC                             A:32 X:32 Y:57 P:E5 SP:FB PPU:136, 16 CYC:15464
< E5E9  A9 00     LDA #$00                        A:32 X:32 Y:57 P:E5 SP:FB PPU:136, 22 CYC:15466
< E5EB  AF 77 05 *LAX $0577 = 87                  A:00 X:32 Y:57 P:67 SP:FB PPU:136, 28 CYC:15468
< E5EE  EA        NOP                             A:87 X:87 Y:57 P:E5 SP:FB PPU:136, 40 CYC:15472
< E5EF  EA        NOP                             A:87 X:87 Y:57 P:E5 SP:FB PPU:136, 46 CYC:15474
< E5F0  EA        NOP                             A:87 X:87 Y:57 P:E5 SP:FB PPU:136, 52 CYC:15476
< E5F1  EA        NOP                             A:87 X:87 Y:57 P:E5 SP:FB PPU:136, 58 CYC:15478
< E5F2  F0 12     BEQ $E606                       A:87 X:87 Y:57 P:E5 SP:FB PPU:136, 64 CYC:15480
< E5F4  10 10     BPL $E606                       A:87 X:87 Y:57 P:E5 SP:FB PPU:136, 70 CYC:15482
< E5F6  50 0E     BVC $E606                       A:87 X:87 Y:57 P:E5 SP:FB PPU:136, 76 CYC:15484
< E5F8  90 0C     BCC $E606                       A:87 X:87 Y:57 P:E5 SP:FB PPU:136, 82 CYC:15486
< E5FA  C9 87     CMP #$87                        A:87 X:87 Y:57 P:E5 SP:FB PPU:136, 88 CYC:15488
< E5FC  D0 08     BNE $E606                       A:87 X:87 Y:57 P:67 SP:FB PPU:136, 94 CYC:15490
< E5FE  E0 87     CPX #$87                        A:87 X:87 Y:57 P:67 SP:FB PPU:136,100 CYC:15492
< E600  D0 04     BNE $E606                       A:87 X:87 Y:57 P:67 SP:FB PPU:136,106 CYC:15494
< E602  C0 57     CPY #$57                        A:87 X:87 Y:57 P:67 SP:FB PPU:136,112 CYC:15496
< E604  F0 04     BEQ $E60A                       A:87 X:87 Y:57 P:67 SP:FB PPU:136,118 CYC:15498
< E60A  A0 53     LDY #$53                        A:87 X:87 Y:57 P:67 SP:FB PPU:136,127 CYC:15501
< E60C  B8        CLV                             A:87 X:87 Y:53 P:65 SP:FB PPU:136,133 CYC:15503
< E60D  18        CLC                             A:87 X:87 Y:53 P:25 SP:FB PPU:136,139 CYC:15505
< E60E  A9 00     LDA #$00                        A:87 X:87 Y:53 P:24 SP:FB PPU:136,145 CYC:15507
< E610  AF 78 05 *LAX $0578 = 32                  A:00 X:87 Y:53 P:26 SP:FB PPU:136,151 CYC:15509
< E613  EA        NOP                             A:32 X:32 Y:53 P:24 SP:FB PPU:136,163 CYC:15513
< E614  EA        NOP                             A:32 X:32 Y:53 P:24 SP:FB PPU:136,169 CYC:15515
< E615  EA        NOP                             A:32 X:32 Y:53 P:24 SP:FB PPU:136,175 CYC:15517
< E616  EA        NOP                             A:32 X:32 Y:53 P:24 SP:FB PPU:136,181 CYC:15519
< E617  F0 12     BEQ $E62B                       A:32 X:32 Y:53 P:24 SP:FB PPU:136,187 CYC:15521
< E619  30 10     BMI $E62B                       A:32 X:32 Y:53 P:24 SP:FB PPU:136,193 CYC:15523
< E61B  70 0E     BVS $E62B                       A:32 X:32 Y:53 P:24 SP:FB PPU:136,199 CYC:15525
< E61D  B0 0C     BCS $E62B                       A:32 X:32 Y:53 P:24 SP:FB PPU:136,205 CYC:15527
< E61F  C9 32     CMP #$32                        A:32 X:32 Y:53 P:24 SP:FB PPU:136,211 CYC:15529
< E621  D0 08     BNE $E62B                       A:32 X:32 Y:53 P:27 SP:FB PPU:136,217 CYC:15531
< E623  E0 32     CPX #$32                        A:32 X:32 Y:53 P:27 SP:FB PPU:136,223 CYC:15533
< E625  D0 04     BNE $E62B                       A:32 X:32 Y:53 P:27 SP:FB PPU:136,229 CYC:15535
< E627  C0 53     CPY #$53                        A:32 X:32 Y:53 P:27 SP:FB PPU:136,235 CYC:15537
< E629  F0 04     BEQ $E62F                       A:32 X:32 Y:53 P:27 SP:FB PPU:136,241 CYC:15539
< E62F  A9 FF     LDA #$FF                        A:32 X:32 Y:53 P:27 SP:FB PPU:136,250 CYC:15542
< E631  85 43     STA $43 = 80                    A:FF X:32 Y:53 P:A5 SP:FB PPU:136,256 CYC:15544
< E633  A9 04     LDA #$04                        A:FF X:32 Y:53 P:A5 SP:FB PPU:136,265 CYC:15547
< E635  85 44     STA $44 = 05                    A:04 X:32 Y:53 P:25 SP:FB PPU:136,271 CYC:15549
< E637  A9 32     LDA #$32                        A:04 X:32 Y:53 P:25 SP:FB PPU:136,280 CYC:15552
< E639  85 45     STA $45 = 32                    A:32 X:32 Y:53 P:25 SP:FB PPU:136,286 CYC:15554
< E63B  A9 04     LDA #$04                        A:32 X:32 Y:53 P:25 SP:FB PPU:136,295 CYC:15557
< E63D  85 46     STA $46 = 04                    A:04 X:32 Y:53 P:25 SP:FB PPU:136,301 CYC:15559
< E63F  A9 55     LDA #$55                        A:04 X:32 Y:53 P:25 SP:FB PPU:136,310 CYC:15562
< E641  8D 80 05  STA $0580 = 55                  A:55 X:32 Y:53 P:25 SP:FB PPU:136,316 CYC:15564
< E644  A9 AA     LDA #$AA                        A:55 X:32 Y:53 P:25 SP:FB PPU:136,328 CYC:15568
< E646  8D 32 04  STA $0432 = AA                  A:AA X:32 Y:53 P:A5 SP:FB PPU:136,334 CYC:15570
< E649  A2 03     LDX #$03                        A:AA X:32 Y:53 P:A5 SP:FB PPU:137,  5 CYC:15574
< E64B  A0 81     LDY #$81                        A:AA X:03 Y:53 P:25 SP:FB PPU:137, 11 CYC:15576
< E64D  24 01     BIT $01 = FF                    A:AA X:03 Y:81 P:A5 SP:FB PPU:137, 17 CYC:15578
< E64F  38        SEC                             A:AA X:03 Y:81 P:E5 SP:FB PPU:137, 26 CYC:15581
< E650  A9 00     LDA #$00                        A:AA X:03 Y:81 P:E5 SP:FB PPU:137, 32 CYC:15583
< E652  B3 43    *LAX ($43),Y = 04FF @ 0580 = 55  A:00 X:03 Y:81 P:67 SP:FB PPU:137, 38 CYC:15585
< E654  EA        NOP                             A:55 X:55 Y:81 P:65 SP:FB PPU:137, 56 CYC:15591
< E655  EA        NOP                             A:55 X:55 Y:81 P:65 SP:FB PPU:137, 62 CYC:15593
< E656  EA        NOP                             A:55 X:55 Y:81 P:65 SP:FB PPU:137, 68 CYC:15595
< E657  EA        NOP                             A:55 X:55 Y:81 P:65 SP:FB PPU:137, 74 CYC:15597
< E658  F0 12     BEQ $E66C                       A:55 X:55 Y:81 P:65 SP:FB PPU:137, 80 CYC:15599
< E65A  30 10     BMI $E66C                       A:55 X:55 Y:81 P:65 SP:FB PPU:137, 86 CYC:15601
< E65C  50 0E     BVC $E66C                       A:55 X:55 Y:81 P:65 SP:FB PPU:137, 92 CYC:15603
< E65E  90 0C     BCC $E66C                       A:55 X:55 Y:81 P:65 SP:FB PPU:137, 98 CYC:15605
< E660  C9 55     CMP #$55                        A:55 X:55 Y:81 P:65 SP:FB PPU:137,104 CYC:15607
< E662  D0 08     BNE $E66C                       A:55 X:55 Y:81 P:67 SP:FB PPU:137,110 CYC:15609
< E664  E0 55     CPX #$55                        A:55 X:55 Y:81 P:67 SP:FB PPU:137,116 CYC:15611
< E666  D0 04     BNE $E66C                       A:55 X:55 Y:81 P:67 SP:FB PPU:137,122 CYC:15613
< E668  C0 81     CPY #$81                        A:55 X:55 Y:81 P:67 SP:FB PPU:137,128 CYC:15615
< E66A  F0 04     BEQ $E670                       A:55 X:55 Y:81 P:67 SP:FB PPU:137,134 CYC:15617
< E670  A2 05     LDX #$05                        A:55 X:55 Y:81 P:67 SP:FB PPU:137,143 CYC:15620
< E672  A0 00     LDY #$00                        A:55 X:05 Y:81 P:65 SP:FB PPU:137,149 CYC:15622
< E674  B8        CLV                             A:55 X:05 Y:00 P:67 SP:FB PPU:137,155 CYC:15624
< E675  18        CLC                             A:55 X:05 Y:00 P:27 SP:FB PPU:137,161 CYC:15626
< E676  A9 00     LDA #$00                        A:55 X:05 Y:00 P:26 SP:FB PPU:137,167 CYC:15628
< E678  B3 45    *LAX ($45),Y = 0432 @ 0432 = AA  A:00 X:05 Y:00 P:26 SP:FB PPU:137,173 CYC:15630
< E67A  EA        NOP                             A:AA X:AA Y:00 P:A4 SP:FB PPU:137,188 CYC:15635
< E67B  EA        NOP                             A:AA X:AA Y:00 P:A4 SP:FB PPU:137,194 CYC:15637
< E67C  EA        NOP                             A:AA X:AA Y:00 P:A4 SP:FB PPU:137,200 CYC:15639
< E67D  EA        NOP                             A:AA X:AA Y:00 P:A4 SP:FB PPU:137,206 CYC:15641
< E67E  F0 12     BEQ $E692                       A:AA X:AA Y:00 P:A4 SP:FB PPU:137,212 CYC:15643
< E680  10 10     BPL $E692                       A:AA X:AA Y:00 P:A4 SP:FB PPU:137,218 CYC:15645
< E682  70 0E     BVS $E692                       A:AA X:AA Y:00 P:A4 SP:FB PPU:137,224 CYC:15647
< E684  B0 0C     BCS $E692                       A:AA X:AA Y:00 P:A4 SP:FB PPU:137,230 CYC:15649
< E686  C9 AA     CMP #$AA                        A:AA X:AA Y:00 P:A4 SP:FB PPU:137,236 CYC:15651
< E688  D0 08     BNE $E692                       A:AA X:AA Y:00 P:27 SP:FB PPU:137,242 CYC:15653
< E68A  E0 AA     CPX #$AA                        A:AA X:AA Y:00 P:27 SP:FB PPU:137,248 CYC:15655
< E68C  D0 04     BNE $E692                       A:AA X:AA Y:00 P:27 SP:FB PPU:137,254 CYC:15657
< E68E  C0 00     CPY #$00                        A:AA X:AA Y:00 P:27 SP:FB PPU:137,260 CYC:15659
< E690  F0 04     BEQ $E696                       A:AA X:AA Y:00 P:27 SP:FB PPU:137,266 CYC:15661
< E696  A9 87     LDA #$87                        A:AA X:AA Y:00 P:27 SP:FB PPU:137,275 CYC:15664
< E698  85 67     STA $67 = 87                    A:87 X:AA Y:00 P:A5 SP:FB PPU:137,281 CYC:15666
< E69A  A9 32     LDA #$32                        A:87 X:AA Y:00 P:A5 SP:FB PPU:137,290 CYC:15669
< E69C  85 68     STA $68 = 32                    A:32 X:AA Y:00 P:25 SP:FB PPU:137,296 CYC:15671
< E69E  A0 57     LDY #$57                        A:32 X:AA Y:00 P:25 SP:FB PPU:137,305 CYC:15674
< E6A0  24 01     BIT $01 = FF                    A:32 X:AA Y:57 P:25 SP:FB PPU:137,311 CYC:15676
< E6A2  38        SEC                             A:32 X:AA Y:57 P:E5 SP:FB PPU:137,320 CYC:15679
< E6A3  A9 00     LDA #$00                        A:32 X:AA Y:57 P:E5 SP:FB PPU:137,326 CYC:15681
< E6A5  B7 10    *LAX $10,Y @ 67 = 87             A:00 X:AA Y:57 P:67 SP:FB PPU:137,332 CYC:15683
< E6A7  EA        NOP                             A:87 X:87 Y:57 P:E5 SP:FB PPU:138,  3 CYC:15687
< E6A8  EA        NOP                             A:87 X:87 Y:57 P:E5 SP:FB PPU:138,  9 CYC:15689
< E6A9  EA        NOP                             A:87 X:87 Y:57 P:E5 SP:FB PPU:138, 15 CYC:15691
< E6AA  EA        NOP                             A:87 X:87 Y:57 P:E5 SP:FB PPU:138, 21 CYC:15693
< E6AB  F0 12     BEQ $E6BF                       A:87 X:87 Y:57 P:E5 SP:FB PPU:138, 27 CYC:15695
< E6AD  10 10     BPL $E6BF                       A:87 X:87 Y:57 P:E5 SP:FB PPU:138, 33 CYC:15697
< E6AF  50 0E     BVC $E6BF                       A:87 X:87 Y:57 P:E5 SP:FB PPU:138, 39 CYC:15699
< E6B1  90 0C     BCC $E6BF                       A:87 X:87 Y:57 P:E5 SP:FB PPU:138, 45 CYC:15701
< E6B3  C9 87     CMP #$87                        A:87 X:87 Y:57 P:E5 SP:FB PPU:138, 51 CYC:15703
< E6B5  D0 08     BNE $E6BF                       A:87 X:87 Y:57 P:67 SP:FB PPU:138, 57 CYC:15705
< E6B7  E0 87     CPX #$87                        A:87 X:87 Y:57 P:67 SP:FB PPU:138, 63 CYC:15707
< E6B9  D0 04     BNE $E6BF                       A:87 X:87 Y:57 P:67 SP:FB PPU:138, 69 CYC:15709
< E6BB  C0 57     CPY #$57                        A:87 X:87 Y:57 P:67 SP:FB PPU:138, 75 CYC:15711
< E6BD  F0 04     BEQ $E6C3                       A:87 X:87 Y:57 P:67 SP:FB PPU:138, 81 CYC:15713
< E6C3  A0 FF     LDY #$FF                        A:87 X:87 Y:57 P:67 SP:FB PPU:138, 90 CYC:15716
< E6C5  B8        CLV                             A:87 X:87 Y:FF P:E5 SP:FB PPU:138, 96 CYC:15718
< E6C6  18        CLC                             A:87 X:87 Y:FF P:A5 SP:FB PPU:138,102 CYC:15720
< E6C7  A9 00     LDA #$00                        A:87 X:87 Y:FF P:A4 SP:FB PPU:138,108 CYC:15722
< E6C9  B7 69    *LAX $69,Y @ 68 = 32             A:00 X:87 Y:FF P:26 SP:FB PPU:138,114 CYC:15724
< E6CB  EA        NOP                             A:32 X:32 Y:FF P:24 SP:FB PPU:138,126 CYC:15728
< E6CC  EA        NOP                             A:32 X:32 Y:FF P:24 SP:FB PPU:138,132 CYC:15730
< E6CD  EA        NOP                             A:32 X:32 Y:FF P:24 SP:FB PPU:138,138 CYC:15732
< E6CE  EA        NOP                             A:32 X:32 Y:FF P:24 SP:FB PPU:138,144 CYC:15734
< E6CF  F0 12     BEQ $E6E3                       A:32 X:32 Y:FF P:24 SP:FB PPU:138,150 CYC:15736
< E6D1  30 10     BMI $E6E3                       A:32 X:32 Y:FF P:24 SP:FB PPU:138,156 CYC:15738
< E6D3  70 0E     BVS $E6E3                       A:32 X:32 Y:FF P:24 SP:FB PPU:138,162 CYC:15740
< E6D5  B0 0C     BCS $E6E3                       A:32 X:32 Y:FF P:24 SP:FB PPU:138,168 CYC:15742
< E6D7  C9 32     CMP #$32                        A:32 X:32 Y:FF P:24 SP:FB PPU:138,174 CYC:15744
< E6D9  D0 08     BNE $E6E3                       A:32 X:32 Y:FF P:27 SP:FB PPU:138,180 CYC:15746
< E6DB  E0 32     CPX #$32                        A:32 X:32 Y:FF P:27 SP:FB PPU:138,186 CYC:15748
< E6DD  D0 04     BNE $E6E3                       A:32 X:32 Y:FF P:27 SP:FB PPU:138,192 CYC:15750
< E6DF  C0 FF     CPY #$FF                        A:32 X:32 Y:FF P:27 SP:FB PPU:138,198 CYC:15752
< E6E1  F0 04     BEQ $E6E7                       A:32 X:32 Y:FF P:27 SP:FB PPU:138,204 CYC:15754
< E6E7  A9 87     LDA #$87                        A:32 X:32 Y:FF P:27 SP:FB PPU:138,213 CYC:15757
< E6E9  8D 87 05  STA $0587 = 00                  A:87 X:32 Y:FF P:A5 SP:FB PPU:138,219 CYC:15759
< E6EC  A9 32     LDA #$32                        A:87 X:32 Y:FF P:A5 SP:FB PPU:138,231 CYC:15763
< E6EE  8D 88 05  STA $0588 = 00                  A:32 X:32 Y:FF P:25 SP:FB PPU:138,237 CYC:15765
< E6F1  A0 30     LDY #$30                        A:32 X:32 Y:FF P:25 SP:FB PPU:138,249 CYC:15769
< E6F3  24 01     BIT $01 = FF                    A:32 X:32 Y:30 P:25 SP:FB PPU:138,255 CYC:15771
< E6F5  38        SEC                             A:32 X:32 Y:30 P:E5 SP:FB PPU:138,264 CYC:15774
< E6F6  A9 00     LDA #$00                        A:32 X:32 Y:30 P:E5 SP:FB PPU:138,270 CYC:15776
< E6F8  BF 57 05 *LAX $0557,Y @ 0587 = 87         A:00 X:32 Y:30 P:67 SP:FB PPU:138,276 CYC:15778
< E6FB  EA        NOP                             A:87 X:87 Y:30 P:E5 SP:FB PPU:138,288 CYC:15782
< E6FC  EA        NOP                             A:87 X:87 Y:30 P:E5 SP:FB PPU:138,294 CYC:15784
< E6FD  EA        NOP                             A:87 X:87 Y:30 P:E5 SP:FB PPU:138,300 CYC:15786
< E6FE  EA        NOP                             A:87 X:87 Y:30 P:E5 SP:FB PPU:138,306 CYC:15788
< E6FF  F0 12     BEQ $E713                       A:87 X:87 Y:30 P:E5 SP:FB PPU:138,312 CYC:15790
< E701  10 10     BPL $E713                       A:87 X:87 Y:30 P:E5 SP:FB PPU:138,318 CYC:15792
< E703  50 0E     BVC $E713                       A:87 X:87 Y:30 P:E5 SP:FB PPU:138,324 CYC:15794
< E705  90 0C     BCC $E713                       A:87 X:87 Y:30 P:E5 SP:FB PPU:138,330 CYC:15796
< E707  C9 87     CMP #$87                        A:87 X:87 Y:30 P:E5 SP:FB PPU:138,336 CYC:15798
< E709  D0 08     BNE $E713                       A:87 X:87 Y:30 P:67 SP:FB PPU:139,  1 CYC:15800
< E70B  E0 87     CPX #$87                        A:87 X:87 Y:30 P:67 SP:FB PPU:139,  7 CYC:15802
< E70D  D0 04     BNE $E713                       A:87 X:87 Y:30 P:67 SP:FB PPU:139, 13 CYC:15804
< E70F  C0 30     CPY #$30                        A:87 X:87 Y:30 P:67 SP:FB PPU:139, 19 CYC:15806
< E711  F0 04     BEQ $E717                       A:87 X:87 Y:30 P:67 SP:FB PPU:139, 25 CYC:15808
< E717  A0 40     LDY #$40                        A:87 X:87 Y:30 P:67 SP:FB PPU:139, 34 CYC:15811
< E719  B8        CLV                             A:87 X:87 Y:40 P:65 SP:FB PPU:139, 40 CYC:15813
< E71A  18        CLC                             A:87 X:87 Y:40 P:25 SP:FB PPU:139, 46 CYC:15815
< E71B  A9 00     LDA #$00                        A:87 X:87 Y:40 P:24 SP:FB PPU:139, 52 CYC:15817
< E71D  BF 48 05 *LAX $0548,Y @ 0588 = 32         A:00 X:87 Y:40 P:26 SP:FB PPU:139, 58 CYC:15819
< E720  EA        NOP                             A:32 X:32 Y:40 P:24 SP:FB PPU:139, 70 CYC:15823
< E721  EA        NOP                             A:32 X:32 Y:40 P:24 SP:FB PPU:139, 76 CYC:15825
< E722  EA        NOP                             A:32 X:32 Y:40 P:24 SP:FB PPU:139, 82 CYC:15827
< E723  EA        NOP                             A:32 X:32 Y:40 P:24 SP:FB PPU:139, 88 CYC:15829
< E724  F0 12     BEQ $E738                       A:32 X:32 Y:40 P:24 SP:FB PPU:139, 94 CYC:15831
< E726  30 10     BMI $E738                       A:32 X:32 Y:40 P:24 SP:FB PPU:139,100 CYC:15833
< E728  70 0E     BVS $E738                       A:32 X:32 Y:40 P:24 SP:FB PPU:139,106 CYC:15835
< E72A  B0 0C     BCS $E738                       A:32 X:32 Y:40 P:24 SP:FB PPU:139,112 CYC:15837
< E72C  C9 32     CMP #$32                        A:32 X:32 Y:40 P:24 SP:FB PPU:139,118 CYC:15839
< E72E  D0 08     BNE $E738                       A:32 X:32 Y:40 P:27 SP:FB PPU:139,124 CYC:15841
< E730  E0 32     CPX #$32                        A:32 X:32 Y:40 P:27 SP:FB PPU:139,130 CYC:15843
< E732  D0 04     BNE $E738                       A:32 X:32 Y:40 P:27 SP:FB PPU:139,136 CYC:15845
< E734  C0 40     CPY #$40                        A:32 X:32 Y:40 P:27 SP:FB PPU:139,142 CYC:15847
< E736  F0 04     BEQ $E73C                       A:32 X:32 Y:40 P:27 SP:FB PPU:139,148 CYC:15849
< E73C  60        RTS                             A:32 X:32 Y:40 P:27 SP:FB PPU:139,157 CYC:15852
< C635  20 3D E7  JSR $E73D                       A:32 X:32 Y:40 P:27 SP:FD PPU:139,175 CYC:15858
< E73D  A9 C0     LDA #$C0                        A:32 X:32 Y:40 P:27 SP:FB PPU:139,193 CYC:15864
< E73F  85 01     STA $01 = FF                    A:C0 X:32 Y:40 P:A5 SP:FB PPU:139,199 CYC:15866
< E741  A9 00     LDA #$00                        A:C0 X:32 Y:40 P:A5 SP:FB PPU:139,208 CYC:15869
< E743  8D 89 04  STA $0489 = 00                  A:00 X:32 Y:40 P:27 SP:FB PPU:139,214 CYC:15871
< E746  A9 89     LDA #$89                        A:00 X:32 Y:40 P:27 SP:FB PPU:139,226 CYC:15875
< E748  85 60     STA $60 = 00                    A:89 X:32 Y:40 P:A5 SP:FB PPU:139,232 CYC:15877
< E74A  A9 04     LDA #$04                        A:89 X:32 Y:40 P:A5 SP:FB PPU:139,241 CYC:15880
< E74C  85 61     STA $61 = 00                    A:04 X:32 Y:40 P:25 SP:FB PPU:139,247 CYC:15882
< E74E  A0 44     LDY #$44                        A:04 X:32 Y:40 P:25 SP:FB PPU:139,256 CYC:15885
< E750  A2 17     LDX #$17                        A:04 X:32 Y:44 P:25 SP:FB PPU:139,262 CYC:15887
< E752  A9 3E     LDA #$3E                        A:04 X:17 Y:44 P:25 SP:FB PPU:139,268 CYC:15889
< E754  24 01     BIT $01 = C0                    A:3E X:17 Y:44 P:25 SP:FB PPU:139,274 CYC:15891
< E756  18        CLC                             A:3E X:17 Y:44 P:E7 SP:FB PPU:139,283 CYC:15894
< E757  83 49    *SAX ($49,X) @ 60 = 0489 = 00    A:3E X:17 Y:44 P:E6 SP:FB PPU:139,289 CYC:15896
< E759  EA        NOP                             A:3E X:17 Y:44 P:E6 SP:FB PPU:139,307 CYC:15902
< E75A  EA        NOP                             A:3E X:17 Y:44 P:E6 SP:FB PPU:139,313 CYC:15904
< E75B  EA        NOP                             A:3E X:17 Y:44 P:E6 SP:FB PPU:139,319 CYC:15906
< E75C  EA        NOP                             A:3E X:17 Y:44 P:E6 SP:FB PPU:139,325 CYC:15908
< E75D  D0 19     BNE $E778                       A:3E X:17 Y:44 P:E6 SP:FB PPU:139,331 CYC:15910
< E75F  B0 17     BCS $E778                       A:3E X:17 Y:44 P:E6 SP:FB PPU:139,337 CYC:15912
< E761  50 15     BVC $E778                       A:3E X:17 Y:44 P:E6 SP:FB PPU:140,  2 CYC:15914
< E763  10 13     BPL $E778                       A:3E X:17 Y:44 P:E6 SP:FB PPU:140,  8 CYC:15916
< E765  C9 3E     CMP #$3E                        A:3E X:17 Y:44 P:E6 SP:FB PPU:140, 14 CYC:15918
< E767  D0 0F     BNE $E778                       A:3E X:17 Y:44 P:67 SP:FB PPU:140, 20 CYC:15920
< E769  C0 44     CPY #$44                        A:3E X:17 Y:44 P:67 SP:FB PPU:140, 26 CYC:15922
< E76B  D0 0B     BNE $E778                       A:3E X:17 Y:44 P:67 SP:FB PPU:140, 32 CYC:15924
< E76D  E0 17     CPX #$17                        A:3E X:17 Y:44 P:67 SP:FB PPU:140, 38 CYC:15926
< E76F  D0 07     BNE $E778                       A:3E X:17 Y:44 P:67 SP:FB PPU:140, 44 CYC:15928
< E771  AD 89 04  LDA $0489 = 16                  A:3E X:17 Y:44 P:67 SP:FB PPU:140, 50 CYC:15930
< E774  C9 16     CMP #$16                        A:16 X:17 Y:44 P:65 SP:FB PPU:140, 62 CYC:15934
< E776  F0 04     BEQ $E77C                       A:16 X:17 Y:44 P:67 SP:FB PPU:140, 68 CYC:15936
< E77C  A0 44     LDY #$44                        A:16 X:17 Y:44 P:67 SP:FB PPU:140, 77 CYC:15939
< E77E  A2 7A     LDX #$7A                        A:16 X:17 Y:44 P:65 SP:FB PPU:140, 83 CYC:15941
< E780  A9 66     LDA #$66                        A:16 X:7A Y:44 P:65 SP:FB PPU:140, 89 CYC:15943
< E782  38        SEC                             A:66 X:7A Y:44 P:65 SP:FB PPU:140, 95 CYC:15945
< E783  B8        CLV                             A:66 X:7A Y:44 P:65 SP:FB PPU:140,101 CYC:15947
< E784  83 E6    *SAX ($E6,X) @ 60 = 0489 = 16    A:66 X:7A Y:44 P:25 SP:FB PPU:140,107 CYC:15949
< E786  EA        NOP                             A:66 X:7A Y:44 P:25 SP:FB PPU:140,125 CYC:15955
< E787  EA        NOP                             A:66 X:7A Y:44 P:25 SP:FB PPU:140,131 CYC:15957
< E788  EA        NOP                             A:66 X:7A Y:44 P:25 SP:FB PPU:140,137 CYC:15959
< E789  EA        NOP                             A:66 X:7A Y:44 P:25 SP:FB PPU:140,143 CYC:15961
< E78A  F0 19     BEQ $E7A5                       A:66 X:7A Y:44 P:25 SP:FB PPU:140,149 CYC:15963
< E78C  90 17     BCC $E7A5                       A:66 X:7A Y:44 P:25 SP:FB PPU:140,155 CYC:15965
< E78E  70 15     BVS $E7A5                       A:66 X:7A Y:44 P:25 SP:FB PPU:140,161 CYC:15967
< E790  30 13     BMI $E7A5                       A:66 X:7A Y:44 P:25 SP:FB PPU:140,167 CYC:15969
< E792  C9 66     CMP #$66                        A:66 X:7A Y:44 P:25 SP:FB PPU:140,173 CYC:15971
< E794  D0 0F     BNE $E7A5                       A:66 X:7A Y:44 P:27 SP:FB PPU:140,179 CYC:15973
< E796  C0 44     CPY #$44                        A:66 X:7A Y:44 P:27 SP:FB PPU:140,185 CYC:15975
< E798  D0 0B     BNE $E7A5                       A:66 X:7A Y:44 P:27 SP:FB PPU:140,191 CYC:15977
< E79A  E0 7A     CPX #$7A                        A:66 X:7A Y:44 P:27 SP:FB PPU:140,197 CYC:15979
< E79C  D0 07     BNE $E7A5                       A:66 X:7A Y:44 P:27 SP:FB PPU:140,203 CYC:15981
< E79E  AD 89 04  LDA $0489 = 62                  A:66 X:7A Y:44 P:27 SP:FB PPU:140,209 CYC:15983
< E7A1  C9 62     CMP #$62                        A:62 X:7A Y:44 P:25 SP:FB PPU:140,221 CYC:15987
< E7A3  F0 04     BEQ $E7A9                       A:62 X:7A Y:44 P:27 SP:FB PPU:140,227 CYC:15989
< E7A9  A9 FF     LDA #$FF                        A:62 X:7A Y:44 P:27 SP:FB PPU:140,236 CYC:15992
< E7AB  85 49     STA $49 = 00                    A:FF X:7A Y:44 P:A5 SP:FB PPU:140,242 CYC:15994
< E7AD  A0 44     LDY #$44                        A:FF X:7A Y:44 P:A5 SP:FB PPU:140,251 CYC:15997
< E7AF  A2 AA     LDX #$AA                        A:FF X:7A Y:44 P:25 SP:FB PPU:140,257 CYC:15999
< E7B1  A9 55     LDA #$55                        A:FF X:AA Y:44 P:A5 SP:FB PPU:140,263 CYC:16001
< E7B3  24 01     BIT $01 = C0                    A:55 X:AA Y:44 P:25 SP:FB PPU:140,269 CYC:16003
< E7B5  18        CLC                             A:55 X:AA Y:44 P:E5 SP:FB PPU:140,278 CYC:16006
< E7B6  87 49    *SAX $49 = FF                    A:55 X:AA Y:44 P:E4 SP:FB PPU:140,284 CYC:16008
< E7B8  EA        NOP                             A:55 X:AA Y:44 P:E4 SP:FB PPU:140,293 CYC:16011
< E7B9  EA        NOP                             A:55 X:AA Y:44 P:E4 SP:FB PPU:140,299 CYC:16013
< E7BA  EA        NOP                             A:55 X:AA Y:44 P:E4 SP:FB PPU:140,305 CYC:16015
< E7BB  EA        NOP                             A:55 X:AA Y:44 P:E4 SP:FB PPU:140,311 CYC:16017
< E7BC  F0 18     BEQ $E7D6                       A:55 X:AA Y:44 P:E4 SP:FB PPU:140,317 CYC:16019
< E7BE  B0 16     BCS $E7D6                       A:55 X:AA Y:44 P:E4 SP:FB PPU:140,323 CYC:16021
< E7C0  50 14     BVC $E7D6                       A:55 X:AA Y:44 P:E4 SP:FB PPU:140,329 CYC:16023
< E7C2  10 12     BPL $E7D6                       A:55 X:AA Y:44 P:E4 SP:FB PPU:140,335 CYC:16025
< E7C4  C9 55     CMP #$55                        A:55 X:AA Y:44 P:E4 SP:FB PPU:141,  0 CYC:16027
< E7C6  D0 0E     BNE $E7D6                       A:55 X:AA Y:44 P:67 SP:FB PPU:141,  6 CYC:16029
< E7C8  C0 44     CPY #$44                        A:55 X:AA Y:44 P:67 SP:FB PPU:141, 12 CYC:16031
< E7CA  D0 0A     BNE $E7D6                       A:55 X:AA Y:44 P:67 SP:FB PPU:141, 18 CYC:16033
< E7CC  E0 AA     CPX #$AA                        A:55 X:AA Y:44 P:67 SP:FB PPU:141, 24 CYC:16035
< E7CE  D0 06     BNE $E7D6                       A:55 X:AA Y:44 P:67 SP:FB PPU:141, 30 CYC:16037
< E7D0  A5 49     LDA $49 = 00                    A:55 X:AA Y:44 P:67 SP:FB PPU:141, 36 CYC:16039
< E7D2  C9 00     CMP #$00                        A:00 X:AA Y:44 P:67 SP:FB PPU:141, 45 CYC:16042
< E7D4  F0 04     BEQ $E7DA                       A:00 X:AA Y:44 P:67 SP:FB PPU:141, 51 CYC:16044
< E7DA  A9 00     LDA #$00                        A:00 X:AA Y:44 P:67 SP:FB PPU:141, 60 CYC:16047
< E7DC  85 56     STA $56 = 00                    A:00 X:AA Y:44 P:67 SP:FB PPU:141, 66 CYC:16049
< E7DE  A0 58     LDY #$58                        A:00 X:AA Y:44 P:67 SP:FB PPU:141, 75 CYC:16052
< E7E0  A2 EF     LDX #$EF                        A:00 X:AA Y:58 P:65 SP:FB PPU:141, 81 CYC:16054
< E7E2  A9 66     LDA #$66                        A:00 X:EF Y:58 P:E5 SP:FB PPU:141, 87 CYC:16056
< E7E4  38        SEC                             A:66 X:EF Y:58 P:65 SP:FB PPU:141, 93 CYC:16058
< E7E5  B8        CLV                             A:66 X:EF Y:58 P:65 SP:FB PPU:141, 99 CYC:16060
< E7E6  87 56    *SAX $56 = 00                    A:66 X:EF Y:58 P:25 SP:FB PPU:141,105 CYC:16062
< E7E8  EA        NOP                             A:66 X:EF Y:58 P:25 SP:FB PPU:141,114 CYC:16065
< E7E9  EA        NOP                             A:66 X:EF Y:58 P:25 SP:FB PPU:141,120 CYC:16067
< E7EA  EA        NOP                             A:66 X:EF Y:58 P:25 SP:FB PPU:141,126 CYC:16069
< E7EB  EA        NOP                             A:66 X:EF Y:58 P:25 SP:FB PPU:141,132 CYC:16071
< E7EC  F0 18     BEQ $E806                       A:66 X:EF Y:58 P:25 SP:FB PPU:141,138 CYC:16073
< E7EE  90 16     BCC $E806                       A:66 X:EF Y:58 P:25 SP:FB PPU:141,144 CYC:16075
< E7F0  70 14     BVS $E806                       A:66 X:EF Y:58 P:25 SP:FB PPU:141,150 CYC:16077
< E7F2  30 12     BMI $E806                       A:66 X:EF Y:58 P:25 SP:FB PPU:141,156 CYC:16079
< E7F4  C9 66     CMP #$66                        A:66 X:EF Y:58 P:25 SP:FB PPU:141,162 CYC:16081
< E7F6  D0 0E     BNE $E806                       A:66 X:EF Y:58 P:27 SP:FB PPU:141,168 CYC:16083
< E7F8  C0 58     CPY #$58                        A:66 X:EF Y:58 P:27 SP:FB PPU:141,174 CYC:16085
< E7FA  D0 0A     BNE $E806                       A:66 X:EF Y:58 P:27 SP:FB PPU:141,180 CYC:16087
< E7FC  E0 EF     CPX #$EF                        A:66 X:EF Y:58 P:27 SP:FB PPU:141,186 CYC:16089
< E7FE  D0 06     BNE $E806                       A:66 X:EF Y:58 P:27 SP:FB PPU:141,192 CYC:16091
< E800  A5 56     LDA $56 = 66                    A:66 X:EF Y:58 P:27 SP:FB PPU:141,198 CYC:16093
< E802  C9 66     CMP #$66                        A:66 X:EF Y:58 P:25 SP:FB PPU:141,207 CYC:16096
< E804  F0 04     BEQ $E80A                       A:66 X:EF Y:58 P:27 SP:FB PPU:141,213 CYC:16098
< E80A  A9 FF     LDA #$FF                        A:66 X:EF Y:58 P:27 SP:FB PPU:141,222 CYC:16101
< E80C  8D 49 05  STA $0549 = 00                  A:FF X:EF Y:58 P:A5 SP:FB PPU:141,228 CYC:16103
< E80F  A0 E5     LDY #$E5                        A:FF X:EF Y:58 P:A5 SP:FB PPU:141,240 CYC:16107
< E811  A2 AF     LDX #$AF                        A:FF X:EF Y:E5 P:A5 SP:FB PPU:141,246 CYC:16109
< E813  A9 F5     LDA #$F5                        A:FF X:AF Y:E5 P:A5 SP:FB PPU:141,252 CYC:16111
< E815  24 01     BIT $01 = C0                    A:F5 X:AF Y:E5 P:A5 SP:FB PPU:141,258 CYC:16113
< E817  18        CLC                             A:F5 X:AF Y:E5 P:E5 SP:FB PPU:141,267 CYC:16116
< E818  8F 49 05 *SAX $0549 = FF                  A:F5 X:AF Y:E5 P:E4 SP:FB PPU:141,273 CYC:16118
< E81B  EA        NOP                             A:F5 X:AF Y:E5 P:E4 SP:FB PPU:141,285 CYC:16122
< E81C  EA        NOP                             A:F5 X:AF Y:E5 P:E4 SP:FB PPU:141,291 CYC:16124
< E81D  EA        NOP                             A:F5 X:AF Y:E5 P:E4 SP:FB PPU:141,297 CYC:16126
< E81E  EA        NOP                             A:F5 X:AF Y:E5 P:E4 SP:FB PPU:141,303 CYC:16128
< E81F  F0 19     BEQ $E83A                       A:F5 X:AF Y:E5 P:E4 SP:FB PPU:141,309 CYC:16130
< E821  B0 17     BCS $E83A                       A:F5 X:AF Y:E5 P:E4 SP:FB PPU:141,315 CYC:16132
< E823  50 15     BVC $E83A                       A:F5 X:AF Y:E5 P:E4 SP:FB PPU:141,321 CYC:16134
< E825  10 13     BPL $E83A                       A:F5 X:AF Y:E5 P:E4 SP:FB PPU:141,327 CYC:16136
< E827  C9 F5     CMP #$F5                        A:F5 X:AF Y:E5 P:E4 SP:FB PPU:141,333 CYC:16138
< E829  D0 0F     BNE $E83A                       A:F5 X:AF Y:E5 P:67 SP:FB PPU:141,339 CYC:16140
< E82B  C0 E5     CPY #$E5                        A:F5 X:AF Y:E5 P:67 SP:FB PPU:142,  4 CYC:16142
< E82D  D0 0B     BNE $E83A                       A:F5 X:AF Y:E5 P:67 SP:FB PPU:142, 10 CYC:16144
< E82F  E0 AF     CPX #$AF                        A:F5 X:AF Y:E5 P:67 SP:FB PPU:142, 16 CYC:16146
< E831  D0 07     BNE $E83A                       A:F5 X:AF Y:E5 P:67 SP:FB PPU:142, 22 CYC:16148
< E833  AD 49 05  LDA $0549 = A5                  A:F5 X:AF Y:E5 P:67 SP:FB PPU:142, 28 CYC:16150
< E836  C9 A5     CMP #$A5                        A:A5 X:AF Y:E5 P:E5 SP:FB PPU:142, 40 CYC:16154
< E838  F0 04     BEQ $E83E                       A:A5 X:AF Y:E5 P:67 SP:FB PPU:142, 46 CYC:16156
< E83E  A9 00     LDA #$00                        A:A5 X:AF Y:E5 P:67 SP:FB PPU:142, 55 CYC:16159
< E840  8D 56 05  STA $0556 = 00                  A:00 X:AF Y:E5 P:67 SP:FB PPU:142, 61 CYC:16161
< E843  A0 58     LDY #$58                        A:00 X:AF Y:E5 P:67 SP:FB PPU:142, 73 CYC:16165
< E845  A2 B3     LDX #$B3                        A:00 X:AF Y:58 P:65 SP:FB PPU:142, 79 CYC:16167
< E847  A9 97     LDA #$97                        A:00 X:B3 Y:58 P:E5 SP:FB PPU:142, 85 CYC:16169
< E849  38        SEC                             A:97 X:B3 Y:58 P:E5 SP:FB PPU:142, 91 CYC:16171
< E84A  B8        CLV                             A:97 X:B3 Y:58 P:E5 SP:FB PPU:142, 97 CYC:16173
< E84B  8F 56 05 *SAX $0556 = 00                  A:97 X:B3 Y:58 P:A5 SP:FB PPU:142,103 CYC:16175
< E84E  EA        NOP                             A:97 X:B3 Y:58 P:A5 SP:FB PPU:142,115 CYC:16179
< E84F  EA        NOP                             A:97 X:B3 Y:58 P:A5 SP:FB PPU:142,121 CYC:16181
< E850  EA        NOP                             A:97 X:B3 Y:58 P:A5 SP:FB PPU:142,127 CYC:16183
< E851  EA        NOP                             A:97 X:B3 Y:58 P:A5 SP:FB PPU:142,133 CYC:16185
< E852  F0 19     BEQ $E86D                       A:97 X:B3 Y:58 P:A5 SP:FB PPU:142,139 CYC:16187
< E854  90 17     BCC $E86D                       A:97 X:B3 Y:58 P:A5 SP:FB PPU:142,145 CYC:16189
< E856  70 15     BVS $E86D                       A:97 X:B3 Y:58 P:A5 SP:FB PPU:142,151 CYC:16191
< E858  10 13     BPL $E86D                       A:97 X:B3 Y:58 P:A5 SP:FB PPU:142,157 CYC:16193
< E85A  C9 97     CMP #$97                        A:97 X:B3 Y:58 P:A5 SP:FB PPU:142,163 CYC:16195
< E85C  D0 0F     BNE $E86D                       A:97 X:B3 Y:58 P:27 SP:FB PPU:142,169 CYC:16197
< E85E  C0 58     CPY #$58                        A:97 X:B3 Y:58 P:27 SP:FB PPU:142,175 CYC:16199
< E860  D0 0B     BNE $E86D                       A:97 X:B3 Y:58 P:27 SP:FB PPU:142,181 CYC:16201
< E862  E0 B3     CPX #$B3                        A:97 X:B3 Y:58 P:27 SP:FB PPU:142,187 CYC:16203
< E864  D0 07     BNE $E86D                       A:97 X:B3 Y:58 P:27 SP:FB PPU:142,193 CYC:16205
< E866  AD 56 05  LDA $0556 = 93                  A:97 X:B3 Y:58 P:27 SP:FB PPU:142,199 CYC:16207
< E869  C9 93     CMP #$93                        A:93 X:B3 Y:58 P:A5 SP:FB PPU:142,211 CYC:16211
< E86B  F0 04     BEQ $E871                       A:93 X:B3 Y:58 P:27 SP:FB PPU:142,217 CYC:16213
< E871  A9 FF     LDA #$FF                        A:93 X:B3 Y:58 P:27 SP:FB PPU:142,226 CYC:16216
< E873  85 49     STA $49 = 00                    A:FF X:B3 Y:58 P:A5 SP:FB PPU:142,232 CYC:16218
< E875  A0 FF     LDY #$FF                        A:FF X:B3 Y:58 P:A5 SP:FB PPU:142,241 CYC:16221
< E877  A2 AA     LDX #$AA                        A:FF X:B3 Y:FF P:A5 SP:FB PPU:142,247 CYC:16223
< E879  A9 55     LDA #$55                        A:FF X:AA Y:FF P:A5 SP:FB PPU:142,253 CYC:16225
< E87B  24 01     BIT $01 = C0                    A:55 X:AA Y:FF P:25 SP:FB PPU:142,259 CYC:16227
< E87D  18        CLC                             A:55 X:AA Y:FF P:E5 SP:FB PPU:142,268 CYC:16230
< E87E  97 4A    *SAX $4A,Y @ 49 = FF             A:55 X:AA Y:FF P:E4 SP:FB PPU:142,274 CYC:16232
< E880  EA        NOP                             A:55 X:AA Y:FF P:E4 SP:FB PPU:142,286 CYC:16236
< E881  EA        NOP                             A:55 X:AA Y:FF P:E4 SP:FB PPU:142,292 CYC:16238
< E882  EA        NOP                             A:55 X:AA Y:FF P:E4 SP:FB PPU:142,298 CYC:16240
< E883  EA        NOP                             A:55 X:AA Y:FF P:E4 SP:FB PPU:142,304 CYC:16242
< E884  F0 18     BEQ $E89E                       A:55 X:AA Y:FF P:E4 SP:FB PPU:142,310 CYC:16244
< E886  B0 16     BCS $E89E                       A:55 X:AA Y:FF P:E4 SP:FB PPU:142,316 CYC:16246
< E888  50 14     BVC $E89E                       A:55 X:AA Y:FF P:E4 SP:FB PPU:142,322 CYC:16248
< E88A  10 12     BPL $E89E                       A:55 X:AA Y:FF P:E4 SP:FB PPU:142,328 CYC:16250
< E88C  C9 55     CMP #$55                        A:55 X:AA Y:FF P:E4 SP:FB PPU:142,334 CYC:16252
< E88E  D0 0E     BNE $E89E                       A:55 X:AA Y:FF P:67 SP:FB PPU:142,340 CYC:16254
< E890  C0 FF     CPY #$FF                        A:55 X:AA Y:FF P:67 SP:FB PPU:143,  5 CYC:16256
< E892  D0 0A     BNE $E89E                       A:55 X:AA Y:FF P:67 SP:FB PPU:143, 11 CYC:16258
< E894  E0 AA     CPX #$AA                        A:55 X:AA Y:FF P:67 SP:FB PPU:143, 17 CYC:16260
< E896  D0 06     BNE $E89E                       A:55 X:AA Y:FF P:67 SP:FB PPU:143, 23 CYC:16262
< E898  A5 49     LDA $49 = 00                    A:55 X:AA Y:FF P:67 SP:FB PPU:143, 29 CYC:16264
< E89A  C9 00     CMP #$00                        A:00 X:AA Y:FF P:67 SP:FB PPU:143, 38 CYC:16267
< E89C  F0 04     BEQ $E8A2                       A:00 X:AA Y:FF P:67 SP:FB PPU:143, 44 CYC:16269
< E8A2  A9 00     LDA #$00                        A:00 X:AA Y:FF P:67 SP:FB PPU:143, 53 CYC:16272
< E8A4  85 56     STA $56 = 66                    A:00 X:AA Y:FF P:67 SP:FB PPU:143, 59 CYC:16274
< E8A6  A0 06     LDY #$06                        A:00 X:AA Y:FF P:67 SP:FB PPU:143, 68 CYC:16277
< E8A8  A2 EF     LDX #$EF                        A:00 X:AA Y:06 P:65 SP:FB PPU:143, 74 CYC:16279
< E8AA  A9 66     LDA #$66                        A:00 X:EF Y:06 P:E5 SP:FB PPU:143, 80 CYC:16281
< E8AC  38        SEC                             A:66 X:EF Y:06 P:65 SP:FB PPU:143, 86 CYC:16283
< E8AD  B8        CLV                             A:66 X:EF Y:06 P:65 SP:FB PPU:143, 92 CYC:16285
< E8AE  97 50    *SAX $50,Y @ 56 = 00             A:66 X:EF Y:06 P:25 SP:FB PPU:143, 98 CYC:16287
< E8B0  EA        NOP                             A:66 X:EF Y:06 P:25 SP:FB PPU:143,110 CYC:16291
< E8B1  EA        NOP                             A:66 X:EF Y:06 P:25 SP:FB PPU:143,116 CYC:16293
< E8B2  EA        NOP                             A:66 X:EF Y:06 P:25 SP:FB PPU:143,122 CYC:16295
< E8B3  EA        NOP                             A:66 X:EF Y:06 P:25 SP:FB PPU:143,128 CYC:16297
< E8B4  F0 18     BEQ $E8CE                       A:66 X:EF Y:06 P:25 SP:FB PPU:143,134 CYC:16299
< E8B6  90 16     BCC $E8CE                       A:66 X:EF Y:06 P:25 SP:FB PPU:143,140 CYC:16301
< E8B8  70 14     BVS $E8CE                       A:66 X:EF Y:06 P:25 SP:FB PPU:143,146 CYC:16303
< E8BA  30 12     BMI $E8CE                       A:66 X:EF Y:06 P:25 SP:FB PPU:143,152 CYC:16305
< E8BC  C9 66     CMP #$66                        A:66 X:EF Y:06 P:25 SP:FB PPU:143,158 CYC:16307
< E8BE  D0 0E     BNE $E8CE                       A:66 X:EF Y:06 P:27 SP:FB PPU:143,164 CYC:16309
< E8C0  C0 06     CPY #$06                        A:66 X:EF Y:06 P:27 SP:FB PPU:143,170 CYC:16311
< E8C2  D0 0A     BNE $E8CE                       A:66 X:EF Y:06 P:27 SP:FB PPU:143,176 CYC:16313
< E8C4  E0 EF     CPX #$EF                        A:66 X:EF Y:06 P:27 SP:FB PPU:143,182 CYC:16315
< E8C6  D0 06     BNE $E8CE                       A:66 X:EF Y:06 P:27 SP:FB PPU:143,188 CYC:16317
< E8C8  A5 56     LDA $56 = 66                    A:66 X:EF Y:06 P:27 SP:FB PPU:143,194 CYC:16319
< E8CA  C9 66     CMP #$66                        A:66 X:EF Y:06 P:25 SP:FB PPU:143,203 CYC:16322
< E8CC  F0 04     BEQ $E8D2                       A:66 X:EF Y:06 P:27 SP:FB PPU:143,209 CYC:16324
< E8D2  60        RTS                             A:66 X:EF Y:06 P:27 SP:FB PPU:143,218 CYC:16327
< C638  20 D3 E8  JSR $E8D3                       A:66 X:EF Y:06 P:27 SP:FD PPU:143,236 CYC:16333
< E8D3  A0 90     LDY #$90                        A:66 X:EF Y:06 P:27 SP:FB PPU:143,254 CYC:16339
< E8D5  20 31 F9  JSR $F931                       A:66 X:EF Y:90 P:A5 SP:FB PPU:143,260 CYC:16341
< F931  24 01     BIT $01 = C0                    A:66 X:EF Y:90 P:A5 SP:F9 PPU:143,278 CYC:16347
< F933  A9 40     LDA #$40                        A:66 X:EF Y:90 P:E5 SP:F9 PPU:143,287 CYC:16350
< F935  38        SEC                             A:40 X:EF Y:90 P:65 SP:F9 PPU:143,293 CYC:16352
< F936  60        RTS                             A:40 X:EF Y:90 P:65 SP:F9 PPU:143,299 CYC:16354
< E8D8  EB 40    *SBC #$40                        A:40 X:EF Y:90 P:65 SP:FB PPU:143,317 CYC:16360
< E8DA  EA        NOP                             A:00 X:EF Y:90 P:27 SP:FB PPU:143,323 CYC:16362
< E8DB  EA        NOP                             A:00 X:EF Y:90 P:27 SP:FB PPU:143,329 CYC:16364
< E8DC  EA        NOP                             A:00 X:EF Y:90 P:27 SP:FB PPU:143,335 CYC:16366
< E8DD  EA        NOP                             A:00 X:EF Y:90 P:27 SP:FB PPU:144,  0 CYC:16368
< E8DE  20 37 F9  JSR $F937                       A:00 X:EF Y:90 P:27 SP:FB PPU:144,  6 CYC:16370
< F937  30 0B     BMI $F944                       A:00 X:EF Y:90 P:27 SP:F9 PPU:144, 24 CYC:16376
< F939  90 09     BCC $F944                       A:00 X:EF Y:90 P:27 SP:F9 PPU:144, 30 CYC:16378
< F93B  D0 07     BNE $F944                       A:00 X:EF Y:90 P:27 SP:F9 PPU:144, 36 CYC:16380
< F93D  70 05     BVS $F944                       A:00 X:EF Y:90 P:27 SP:F9 PPU:144, 42 CYC:16382
< F93F  C9 00     CMP #$00                        A:00 X:EF Y:90 P:27 SP:F9 PPU:144, 48 CYC:16384
< F941  D0 01     BNE $F944                       A:00 X:EF Y:90 P:27 SP:F9 PPU:144, 54 CYC:16386
< F943  60        RTS                             A:00 X:EF Y:90 P:27 SP:F9 PPU:144, 60 CYC:16388
< E8E1  C8        INY                             A:00 X:EF Y:90 P:27 SP:FB PPU:144, 78 CYC:16394
< E8E2  20 47 F9  JSR $F947                       A:00 X:EF Y:91 P:A5 SP:FB PPU:144, 84 CYC:16396
< F947  B8        CLV                             A:00 X:EF Y:91 P:A5 SP:F9 PPU:144,102 CYC:16402
< F948  38        SEC                             A:00 X:EF Y:91 P:A5 SP:F9 PPU:144,108 CYC:16404
< F949  A9 40     LDA #$40                        A:00 X:EF Y:91 P:A5 SP:F9 PPU:144,114 CYC:16406
< F94B  60        RTS                             A:40 X:EF Y:91 P:25 SP:F9 PPU:144,120 CYC:16408
< E8E5  EB 3F    *SBC #$3F                        A:40 X:EF Y:91 P:25 SP:FB PPU:144,138 CYC:16414
< E8E7  EA        NOP                             A:01 X:EF Y:91 P:25 SP:FB PPU:144,144 CYC:16416
< E8E8  EA        NOP                             A:01 X:EF Y:91 P:25 SP:FB PPU:144,150 CYC:16418
< E8E9  EA        NOP                             A:01 X:EF Y:91 P:25 SP:FB PPU:144,156 CYC:16420
< E8EA  EA        NOP                             A:01 X:EF Y:91 P:25 SP:FB PPU:144,162 CYC:16422
< E8EB  20 4C F9  JSR $F94C                       A:01 X:EF Y:91 P:25 SP:FB PPU:144,168 CYC:16424
< F94C  F0 0B     BEQ $F959                       A:01 X:EF Y:91 P:25 SP:F9 PPU:144,186 CYC:16430
< F94E  30 09     BMI $F959                       A:01 X:EF Y:91 P:25 SP:F9 PPU:144,192 CYC:16432
< F950  90 07     BCC $F959                       A:01 X:EF Y:91 P:25 SP:F9 PPU:144,198 CYC:16434
< F952  70 05     BVS $F959                       A:01 X:EF Y:91 P:25 SP:F9 PPU:144,204 CYC:16436
< F954  C9 01     CMP #$01                        A:01 X:EF Y:91 P:25 SP:F9 PPU:144,210 CYC:16438
< F956  D0 01     BNE $F959                       A:01 X:EF Y:91 P:27 SP:F9 PPU:144,216 CYC:16440
< F958  60        RTS                             A:01 X:EF Y:91 P:27 SP:F9 PPU:144,222 CYC:16442
< E8EE  C8        INY                             A:01 X:EF Y:91 P:27 SP:FB PPU:144,240 CYC:16448
< E8EF  20 5C F9  JSR $F95C                       A:01 X:EF Y:92 P:A5 SP:FB PPU:144,246 CYC:16450
< F95C  A9 40     LDA #$40                        A:01 X:EF Y:92 P:A5 SP:F9 PPU:144,264 CYC:16456
< F95E  38        SEC                             A:40 X:EF Y:92 P:25 SP:F9 PPU:144,270 CYC:16458
< F95F  24 01     BIT $01 = C0                    A:40 X:EF Y:92 P:25 SP:F9 PPU:144,276 CYC:16460
< F961  60        RTS                             A:40 X:EF Y:92 P:E5 SP:F9 PPU:144,285 CYC:16463
< E8F2  EB 41    *SBC #$41                        A:40 X:EF Y:92 P:E5 SP:FB PPU:144,303 CYC:16469
< E8F4  EA        NOP                             A:FF X:EF Y:92 P:A4 SP:FB PPU:144,309 CYC:16471
< E8F5  EA        NOP                             A:FF X:EF Y:92 P:A4 SP:FB PPU:144,315 CYC:16473
< E8F6  EA        NOP                             A:FF X:EF Y:92 P:A4 SP:FB PPU:144,321 CYC:16475
< E8F7  EA        NOP                             A:FF X:EF Y:92 P:A4 SP:FB PPU:144,327 CYC:16477
< E8F8  20 62 F9  JSR $F962                       A:FF X:EF Y:92 P:A4 SP:FB PPU:144,333 CYC:16479
< F962  B0 0B     BCS $F96F                       A:FF X:EF Y:92 P:A4 SP:F9 PPU:145, 10 CYC:16485
< F964  F0 09     BEQ $F96F                       A:FF X:EF Y:92 P:A4 SP:F9 PPU:145, 16 CYC:16487
< F966  10 07     BPL $F96F                       A:FF X:EF Y:92 P:A4 SP:F9 PPU:145, 22 CYC:16489
< F968  70 05     BVS $F96F                       A:FF X:EF Y:92 P:A4 SP:F9 PPU:145, 28 CYC:16491
< F96A  C9 FF     CMP #$FF                        A:FF X:EF Y:92 P:A4 SP:F9 PPU:145, 34 CYC:16493
< F96C  D0 01     BNE $F96F                       A:FF X:EF Y:92 P:27 SP:F9 PPU:145, 40 CYC:16495
< F96E  60        RTS                             A:FF X:EF Y:92 P:27 SP:F9 PPU:145, 46 CYC:16497
< E8FB  C8        INY                             A:FF X:EF Y:92 P:27 SP:FB PPU:145, 64 CYC:16503
< E8FC  20 72 F9  JSR $F972                       A:FF X:EF Y:93 P:A5 SP:FB PPU:145, 70 CYC:16505
< F972  18        CLC                             A:FF X:EF Y:93 P:A5 SP:F9 PPU:145, 88 CYC:16511
< F973  A9 80     LDA #$80                        A:FF X:EF Y:93 P:A4 SP:F9 PPU:145, 94 CYC:16513
< F975  60        RTS                             A:80 X:EF Y:93 P:A4 SP:F9 PPU:145,100 CYC:16515
< E8FF  EB 00    *SBC #$00                        A:80 X:EF Y:93 P:A4 SP:FB PPU:145,118 CYC:16521
< E901  EA        NOP                             A:7F X:EF Y:93 P:65 SP:FB PPU:145,124 CYC:16523
< E902  EA        NOP                             A:7F X:EF Y:93 P:65 SP:FB PPU:145,130 CYC:16525
< E903  EA        NOP                             A:7F X:EF Y:93 P:65 SP:FB PPU:145,136 CYC:16527
< E904  EA        NOP                             A:7F X:EF Y:93 P:65 SP:FB PPU:145,142 CYC:16529
< E905  20 76 F9  JSR $F976                       A:7F X:EF Y:93 P:65 SP:FB PPU:145,148 CYC:16531
< F976  90 05     BCC $F97D                       A:7F X:EF Y:93 P:65 SP:F9 PPU:145,166 CYC:16537
< F978  C9 7F     CMP #$7F                        A:7F X:EF Y:93 P:65 SP:F9 PPU:145,172 CYC:16539
< F97A  D0 01     BNE $F97D                       A:7F X:EF Y:93 P:67 SP:F9 PPU:145,178 CYC:16541
< F97C  60        RTS                             A:7F X:EF Y:93 P:67 SP:F9 PPU:145,184 CYC:16543
< E908  C8        INY                             A:7F X:EF Y:93 P:67 SP:FB PPU:145,202 CYC:16549
< E909  20 80 F9  JSR $F980                       A:7F X:EF Y:94 P:E5 SP:FB PPU:145,208 CYC:16551
< F980  38        SEC                             A:7F X:EF Y:94 P:E5 SP:F9 PPU:145,226 CYC:16557
< F981  A9 81     LDA #$81                        A:7F X:EF Y:94 P:E5 SP:F9 PPU:145,232 CYC:16559
< F983  60        RTS                             A:81 X:EF Y:94 P:E5 SP:F9 PPU:145,238 CYC:16561
< E90C  EB 7F    *SBC #$7F                        A:81 X:EF Y:94 P:E5 SP:FB PPU:145,256 CYC:16567
< E90E  EA        NOP                             A:02 X:EF Y:94 P:65 SP:FB PPU:145,262 CYC:16569
< E90F  EA        NOP                             A:02 X:EF Y:94 P:65 SP:FB PPU:145,268 CYC:16571
< E910  EA        NOP                             A:02 X:EF Y:94 P:65 SP:FB PPU:145,274 CYC:16573
< E911  EA        NOP                             A:02 X:EF Y:94 P:65 SP:FB PPU:145,280 CYC:16575
< E912  20 84 F9  JSR $F984                       A:02 X:EF Y:94 P:65 SP:FB PPU:145,286 CYC:16577
< F984  50 07     BVC $F98D                       A:02 X:EF Y:94 P:65 SP:F9 PPU:145,304 CYC:16583
< F986  90 05     BCC $F98D                       A:02 X:EF Y:94 P:65 SP:F9 PPU:145,310 CYC:16585
< F988  C9 02     CMP #$02                        A:02 X:EF Y:94 P:65 SP:F9 PPU:145,316 CYC:16587
< F98A  D0 01     BNE $F98D                       A:02 X:EF Y:94 P:67 SP:F9 PPU:145,322 CYC:16589
< F98C  60        RTS                             A:02 X:EF Y:94 P:67 SP:F9 PPU:145,328 CYC:16591
< E915  60        RTS                             A:02 X:EF Y:94 P:67 SP:FB PPU:146,  5 CYC:16597
< C63B  20 16 E9  JSR $E916                       A:02 X:EF Y:94 P:67 SP:FD PPU:146, 23 CYC:16603
< E916  A9 FF     LDA #$FF                        A:02 X:EF Y:94 P:67 SP:FB PPU:146, 41 CYC:16609
< E918  85 01     STA $01 = C0                    A:FF X:EF Y:94 P:E5 SP:FB PPU:146, 47 CYC:16611
< E91A  A0 95     LDY #$95                        A:FF X:EF Y:94 P:E5 SP:FB PPU:146, 56 CYC:16614
< E91C  A2 02     LDX #$02                        A:FF X:EF Y:95 P:E5 SP:FB PPU:146, 62 CYC:16616
< E91E  A9 47     LDA #$47                        A:FF X:02 Y:95 P:65 SP:FB PPU:146, 68 CYC:16618
< E920  85 47     STA $47 = 00                    A:47 X:02 Y:95 P:65 SP:FB PPU:146, 74 CYC:16620
< E922  A9 06     LDA #$06                        A:47 X:02 Y:95 P:65 SP:FB PPU:146, 83 CYC:16623
< E924  85 48     STA $48 = 00                    A:06 X:02 Y:95 P:65 SP:FB PPU:146, 89 CYC:16625
< E926  A9 EB     LDA #$EB                        A:06 X:02 Y:95 P:65 SP:FB PPU:146, 98 CYC:16628
< E928  8D 47 06  STA $0647 = 00                  A:EB X:02 Y:95 P:E5 SP:FB PPU:146,104 CYC:16630
< E92B  20 31 FA  JSR $FA31                       A:EB X:02 Y:95 P:E5 SP:FB PPU:146,116 CYC:16634
< FA31  24 01     BIT $01 = FF                    A:EB X:02 Y:95 P:E5 SP:F9 PPU:146,134 CYC:16640
< FA33  18        CLC                             A:EB X:02 Y:95 P:E5 SP:F9 PPU:146,143 CYC:16643
< FA34  A9 40     LDA #$40                        A:EB X:02 Y:95 P:E4 SP:F9 PPU:146,149 CYC:16645
< FA36  60        RTS                             A:40 X:02 Y:95 P:64 SP:F9 PPU:146,155 CYC:16647
< E92E  C3 45    *DCP ($45,X) @ 47 = 0647 = EB    A:40 X:02 Y:95 P:64 SP:FB PPU:146,173 CYC:16653
< E930  EA        NOP                             A:40 X:02 Y:95 P:64 SP:FB PPU:146,197 CYC:16661
< E931  EA        NOP                             A:40 X:02 Y:95 P:64 SP:FB PPU:146,203 CYC:16663
< E932  EA        NOP                             A:40 X:02 Y:95 P:64 SP:FB PPU:146,209 CYC:16665
< E933  EA        NOP                             A:40 X:02 Y:95 P:64 SP:FB PPU:146,215 CYC:16667
< E934  20 37 FA  JSR $FA37                       A:40 X:02 Y:95 P:64 SP:FB PPU:146,221 CYC:16669
< FA37  50 2C     BVC $FA65                       A:40 X:02 Y:95 P:64 SP:F9 PPU:146,239 CYC:16675
< FA39  B0 2A     BCS $FA65                       A:40 X:02 Y:95 P:64 SP:F9 PPU:146,245 CYC:16677
< FA3B  30 28     BMI $FA65                       A:40 X:02 Y:95 P:64 SP:F9 PPU:146,251 CYC:16679
< FA3D  C9 40     CMP #$40                        A:40 X:02 Y:95 P:64 SP:F9 PPU:146,257 CYC:16681
< FA3F  D0 24     BNE $FA65                       A:40 X:02 Y:95 P:67 SP:F9 PPU:146,263 CYC:16683
< FA41  60        RTS                             A:40 X:02 Y:95 P:67 SP:F9 PPU:146,269 CYC:16685
< E937  AD 47 06  LDA $0647 = EA                  A:40 X:02 Y:95 P:67 SP:FB PPU:146,287 CYC:16691
< E93A  C9 EA     CMP #$EA                        A:EA X:02 Y:95 P:E5 SP:FB PPU:146,299 CYC:16695
< E93C  F0 02     BEQ $E940                       A:EA X:02 Y:95 P:67 SP:FB PPU:146,305 CYC:16697
< E940  C8        INY                             A:EA X:02 Y:95 P:67 SP:FB PPU:146,314 CYC:16700
< E941  A9 00     LDA #$00                        A:EA X:02 Y:96 P:E5 SP:FB PPU:146,320 CYC:16702
< E943  8D 47 06  STA $0647 = EA                  A:00 X:02 Y:96 P:67 SP:FB PPU:146,326 CYC:16704
< E946  20 42 FA  JSR $FA42                       A:00 X:02 Y:96 P:67 SP:FB PPU:146,338 CYC:16708
< FA42  B8        CLV                             A:00 X:02 Y:96 P:67 SP:F9 PPU:147, 15 CYC:16714
< FA43  38        SEC                             A:00 X:02 Y:96 P:27 SP:F9 PPU:147, 21 CYC:16716
< FA44  A9 FF     LDA #$FF                        A:00 X:02 Y:96 P:27 SP:F9 PPU:147, 27 CYC:16718
< FA46  60        RTS                             A:FF X:02 Y:96 P:A5 SP:F9 PPU:147, 33 CYC:16720
< E949  C3 45    *DCP ($45,X) @ 47 = 0647 = 00    A:FF X:02 Y:96 P:A5 SP:FB PPU:147, 51 CYC:16726
< E94B  EA        NOP                             A:FF X:02 Y:96 P:27 SP:FB PPU:147, 75 CYC:16734
< E94C  EA        NOP                             A:FF X:02 Y:96 P:27 SP:FB PPU:147, 81 CYC:16736
< E94D  EA        NOP                             A:FF X:02 Y:96 P:27 SP:FB PPU:147, 87 CYC:16738
< E94E  EA        NOP                             A:FF X:02 Y:96 P:27 SP:FB PPU:147, 93 CYC:16740
< E94F  20 47 FA  JSR $FA47                       A:FF X:02 Y:96 P:27 SP:FB PPU:147, 99 CYC:16742
< FA47  70 1C     BVS $FA65                       A:FF X:02 Y:96 P:27 SP:F9 PPU:147,117 CYC:16748
< FA49  D0 1A     BNE $FA65                       A:FF X:02 Y:96 P:27 SP:F9 PPU:147,123 CYC:16750
< FA4B  30 18     BMI $FA65                       A:FF X:02 Y:96 P:27 SP:F9 PPU:147,129 CYC:16752
< FA4D  90 16     BCC $FA65                       A:FF X:02 Y:96 P:27 SP:F9 PPU:147,135 CYC:16754
< FA4F  C9 FF     CMP #$FF                        A:FF X:02 Y:96 P:27 SP:F9 PPU:147,141 CYC:16756
< FA51  D0 12     BNE $FA65                       A:FF X:02 Y:96 P:27 SP:F9 PPU:147,147 CYC:16758
< FA53  60        RTS                             A:FF X:02 Y:96 P:27 SP:F9 PPU:147,153 CYC:16760
< E952  AD 47 06  LDA $0647 = FF                  A:FF X:02 Y:96 P:27 SP:FB PPU:147,171 CYC:16766
< E955  C9 FF     CMP #$FF                        A:FF X:02 Y:96 P:A5 SP:FB PPU:147,183 CYC:16770
< E957  F0 02     BEQ $E95B                       A:FF X:02 Y:96 P:27 SP:FB PPU:147,189 CYC:16772
< E95B  C8        INY                             A:FF X:02 Y:96 P:27 SP:FB PPU:147,198 CYC:16775
< E95C  A9 37     LDA #$37                        A:FF X:02 Y:97 P:A5 SP:FB PPU:147,204 CYC:16777
< E95E  8D 47 06  STA $0647 = FF                  A:37 X:02 Y:97 P:25 SP:FB PPU:147,210 CYC:16779
< E961  20 54 FA  JSR $FA54                       A:37 X:02 Y:97 P:25 SP:FB PPU:147,222 CYC:16783
< FA54  24 01     BIT $01 = FF                    A:37 X:02 Y:97 P:25 SP:F9 PPU:147,240 CYC:16789
< FA56  A9 F0     LDA #$F0                        A:37 X:02 Y:97 P:E5 SP:F9 PPU:147,249 CYC:16792
< FA58  60        RTS                             A:F0 X:02 Y:97 P:E5 SP:F9 PPU:147,255 CYC:16794
< E964  C3 45    *DCP ($45,X) @ 47 = 0647 = 37    A:F0 X:02 Y:97 P:E5 SP:FB PPU:147,273 CYC:16800
< E966  EA        NOP                             A:F0 X:02 Y:97 P:E5 SP:FB PPU:147,297 CYC:16808
< E967  EA        NOP                             A:F0 X:02 Y:97 P:E5 SP:FB PPU:147,303 CYC:16810
< E968  EA        NOP                             A:F0 X:02 Y:97 P:E5 SP:FB PPU:147,309 CYC:16812
< E969  EA        NOP                             A:F0 X:02 Y:97 P:E5 SP:FB PPU:147,315 CYC:16814
< E96A  20 59 FA  JSR $FA59                       A:F0 X:02 Y:97 P:E5 SP:FB PPU:147,321 CYC:16816
< FA59  50 0A     BVC $FA65                       A:F0 X:02 Y:97 P:E5 SP:F9 PPU:147,339 CYC:16822
< FA5B  F0 08     BEQ $FA65                       A:F0 X:02 Y:97 P:E5 SP:F9 PPU:148,  4 CYC:16824
< FA5D  10 06     BPL $FA65                       A:F0 X:02 Y:97 P:E5 SP:F9 PPU:148, 10 CYC:16826
< FA5F  90 04     BCC $FA65                       A:F0 X:02 Y:97 P:E5 SP:F9 PPU:148, 16 CYC:16828
< FA61  C9 F0     CMP #$F0                        A:F0 X:02 Y:97 P:E5 SP:F9 PPU:148, 22 CYC:16830
< FA63  F0 02     BEQ $FA67                       A:F0 X:02 Y:97 P:67 SP:F9 PPU:148, 28 CYC:16832
< FA67  60        RTS                             A:F0 X:02 Y:97 P:67 SP:F9 PPU:148, 37 CYC:16835
< E96D  AD 47 06  LDA $0647 = 36                  A:F0 X:02 Y:97 P:67 SP:FB PPU:148, 55 CYC:16841
< E970  C9 36     CMP #$36                        A:36 X:02 Y:97 P:65 SP:FB PPU:148, 67 CYC:16845
< E972  F0 02     BEQ $E976                       A:36 X:02 Y:97 P:67 SP:FB PPU:148, 73 CYC:16847
< E976  C8        INY                             A:36 X:02 Y:97 P:67 SP:FB PPU:148, 82 CYC:16850
< E977  A9 EB     LDA #$EB                        A:36 X:02 Y:98 P:E5 SP:FB PPU:148, 88 CYC:16852
< E979  85 47     STA $47 = 47                    A:EB X:02 Y:98 P:E5 SP:FB PPU:148, 94 CYC:16854
< E97B  20 31 FA  JSR $FA31                       A:EB X:02 Y:98 P:E5 SP:FB PPU:148,103 CYC:16857
< FA31  24 01     BIT $01 = FF                    A:EB X:02 Y:98 P:E5 SP:F9 PPU:148,121 CYC:16863
< FA33  18        CLC                             A:EB X:02 Y:98 P:E5 SP:F9 PPU:148,130 CYC:16866
< FA34  A9 40     LDA #$40                        A:EB X:02 Y:98 P:E4 SP:F9 PPU:148,136 CYC:16868
< FA36  60        RTS                             A:40 X:02 Y:98 P:64 SP:F9 PPU:148,142 CYC:16870
< E97E  C7 47    *DCP $47 = EB                    A:40 X:02 Y:98 P:64 SP:FB PPU:148,160 CYC:16876
< E980  EA        NOP                             A:40 X:02 Y:98 P:64 SP:FB PPU:148,175 CYC:16881
< E981  EA        NOP                             A:40 X:02 Y:98 P:64 SP:FB PPU:148,181 CYC:16883
< E982  EA        NOP                             A:40 X:02 Y:98 P:64 SP:FB PPU:148,187 CYC:16885
< E983  EA        NOP                             A:40 X:02 Y:98 P:64 SP:FB PPU:148,193 CYC:16887
< E984  20 37 FA  JSR $FA37                       A:40 X:02 Y:98 P:64 SP:FB PPU:148,199 CYC:16889
< FA37  50 2C     BVC $FA65                       A:40 X:02 Y:98 P:64 SP:F9 PPU:148,217 CYC:16895
< FA39  B0 2A     BCS $FA65                       A:40 X:02 Y:98 P:64 SP:F9 PPU:148,223 CYC:16897
< FA3B  30 28     BMI $FA65                       A:40 X:02 Y:98 P:64 SP:F9 PPU:148,229 CYC:16899
< FA3D  C9 40     CMP #$40                        A:40 X:02 Y:98 P:64 SP:F9 PPU:148,235 CYC:16901
< FA3F  D0 24     BNE $FA65                       A:40 X:02 Y:98 P:67 SP:F9 PPU:148,241 CYC:16903
< FA41  60        RTS                             A:40 X:02 Y:98 P:67 SP:F9 PPU:148,247 CYC:16905
< E987  A5 47     LDA $47 = EA                    A:40 X:02 Y:98 P:67 SP:FB PPU:148,265 CYC:16911
< E989  C9 EA     CMP #$EA                        A:EA X:02 Y:98 P:E5 SP:FB PPU:148,274 CYC:16914
< E98B  F0 02     BEQ $E98F                       A:EA X:02 Y:98 P:67 SP:FB PPU:148,280 CYC:16916
< E98F  C8        INY                             A:EA X:02 Y:98 P:67 SP:FB PPU:148,289 CYC:16919
< E990  A9 00     LDA #$00                        A:EA X:02 Y:99 P:E5 SP:FB PPU:148,295 CYC:16921
< E992  85 47     STA $47 = EA                    A:00 X:02 Y:99 P:67 SP:FB PPU:148,301 CYC:16923
< E994  20 42 FA  JSR $FA42                       A:00 X:02 Y:99 P:67 SP:FB PPU:148,310 CYC:16926
< FA42  B8        CLV                             A:00 X:02 Y:99 P:67 SP:F9 PPU:148,328 CYC:16932
< FA43  38        SEC                             A:00 X:02 Y:99 P:27 SP:F9 PPU:148,334 CYC:16934
< FA44  A9 FF     LDA #$FF                        A:00 X:02 Y:99 P:27 SP:F9 PPU:148,340 CYC:16936
< FA46  60        RTS                             A:FF X:02 Y:99 P:A5 SP:F9 PPU:149,  5 CYC:16938
< E997  C7 47    *DCP $47 = 00                    A:FF X:02 Y:99 P:A5 SP:FB PPU:149, 23 CYC:16944
< E999  EA        NOP                             A:FF X:02 Y:99 P:27 SP:FB PPU:149, 38 CYC:16949
< E99A  EA        NOP                             A:FF X:02 Y:99 P:27 SP:FB PPU:149, 44 CYC:16951
< E99B  EA        NOP                             A:FF X:02 Y:99 P:27 SP:FB PPU:149, 50 CYC:16953
< E99C  EA        NOP                             A:FF X:02 Y:99 P:27 SP:FB PPU:149, 56 CYC:16955
< E99D  20 47 FA  JSR $FA47                       A:FF X:02 Y:99 P:27 SP:FB PPU:149, 62 CYC:16957
< FA47  70 1C     BVS $FA65                       A:FF X:02 Y:99 P:27 SP:F9 PPU:149, 80 CYC:16963
< FA49  D0 1A     BNE $FA65                       A:FF X:02 Y:99 P:27 SP:F9 PPU:149, 86 CYC:16965
< FA4B  30 18     BMI $FA65                       A:FF X:02 Y:99 P:27 SP:F9 PPU:149, 92 CYC:16967
< FA4D  90 16     BCC $FA65                       A:FF X:02 Y:99 P:27 SP:F9 PPU:149, 98 CYC:16969
< FA4F  C9 FF     CMP #$FF                        A:FF X:02 Y:99 P:27 SP:F9 PPU:149,104 CYC:16971
< FA51  D0 12     BNE $FA65                       A:FF X:02 Y:99 P:27 SP:F9 PPU:149,110 CYC:16973
< FA53  60        RTS                             A:FF X:02 Y:99 P:27 SP:F9 PPU:149,116 CYC:16975
< E9A0  A5 47     LDA $47 = FF                    A:FF X:02 Y:99 P:27 SP:FB PPU:149,134 CYC:16981
< E9A2  C9 FF     CMP #$FF                        A:FF X:02 Y:99 P:A5 SP:FB PPU:149,143 CYC:16984
< E9A4  F0 02     BEQ $E9A8                       A:FF X:02 Y:99 P:27 SP:FB PPU:149,149 CYC:16986
< E9A8  C8        INY                             A:FF X:02 Y:99 P:27 SP:FB PPU:149,158 CYC:16989
< E9A9  A9 37     LDA #$37                        A:FF X:02 Y:9A P:A5 SP:FB PPU:149,164 CYC:16991
< E9AB  85 47     STA $47 = FF                    A:37 X:02 Y:9A P:25 SP:FB PPU:149,170 CYC:16993
< E9AD  20 54 FA  JSR $FA54                       A:37 X:02 Y:9A P:25 SP:FB PPU:149,179 CYC:16996
< FA54  24 01     BIT $01 = FF                    A:37 X:02 Y:9A P:25 SP:F9 PPU:149,197 CYC:17002
< FA56  A9 F0     LDA #$F0                        A:37 X:02 Y:9A P:E5 SP:F9 PPU:149,206 CYC:17005
< FA58  60        RTS                             A:F0 X:02 Y:9A P:E5 SP:F9 PPU:149,212 CYC:17007
< E9B0  C7 47    *DCP $47 = 37                    A:F0 X:02 Y:9A P:E5 SP:FB PPU:149,230 CYC:17013
< E9B2  EA        NOP                             A:F0 X:02 Y:9A P:E5 SP:FB PPU:149,245 CYC:17018
< E9B3  EA        NOP                             A:F0 X:02 Y:9A P:E5 SP:FB PPU:149,251 CYC:17020
< E9B4  EA        NOP                             A:F0 X:02 Y:9A P:E5 SP:FB PPU:149,257 CYC:17022
< E9B5  EA        NOP                             A:F0 X:02 Y:9A P:E5 SP:FB PPU:149,263 CYC:17024
< E9B6  20 59 FA  JSR $FA59                       A:F0 X:02 Y:9A P:E5 SP:FB PPU:149,269 CYC:17026
< FA59  50 0A     BVC $FA65                       A:F0 X:02 Y:9A P:E5 SP:F9 PPU:149,287 CYC:17032
< FA5B  F0 08     BEQ $FA65                       A:F0 X:02 Y:9A P:E5 SP:F9 PPU:149,293 CYC:17034
< FA5D  10 06     BPL $FA65                       A:F0 X:02 Y:9A P:E5 SP:F9 PPU:149,299 CYC:17036
< FA5F  90 04     BCC $FA65                       A:F0 X:02 Y:9A P:E5 SP:F9 PPU:149,305 CYC:17038
< FA61  C9 F0     CMP #$F0                        A:F0 X:02 Y:9A P:E5 SP:F9 PPU:149,311 CYC:17040
< FA63  F0 02     BEQ $FA67                       A:F0 X:02 Y:9A P:67 SP:F9 PPU:149,317 CYC:17042
< FA67  60        RTS                             A:F0 X:02 Y:9A P:67 SP:F9 PPU:149,326 CYC:17045
< E9B9  A5 47     LDA $47 = 36                    A:F0 X:02 Y:9A P:67 SP:FB PPU:150,  3 CYC:17051
< E9BB  C9 36     CMP #$36                        A:36 X:02 Y:9A P:65 SP:FB PPU:150, 12 CYC:17054
< E9BD  F0 02     BEQ $E9C1                       A:36 X:02 Y:9A P:67 SP:FB PPU:150, 18 CYC:17056
< E9C1  C8        INY                             A:36 X:02 Y:9A P:67 SP:FB PPU:150, 27 CYC:17059
< E9C2  A9 EB     LDA #$EB                        A:36 X:02 Y:9B P:E5 SP:FB PPU:150, 33 CYC:17061
< E9C4  8D 47 06  STA $0647 = 36                  A:EB X:02 Y:9B P:E5 SP:FB PPU:150, 39 CYC:17063
< E9C7  20 31 FA  JSR $FA31                       A:EB X:02 Y:9B P:E5 SP:FB PPU:150, 51 CYC:17067
< FA31  24 01     BIT $01 = FF                    A:EB X:02 Y:9B P:E5 SP:F9 PPU:150, 69 CYC:17073
< FA33  18        CLC                             A:EB X:02 Y:9B P:E5 SP:F9 PPU:150, 78 CYC:17076
< FA34  A9 40     LDA #$40                        A:EB X:02 Y:9B P:E4 SP:F9 PPU:150, 84 CYC:17078
< FA36  60        RTS                             A:40 X:02 Y:9B P:64 SP:F9 PPU:150, 90 CYC:17080
< E9CA  CF 47 06 *DCP $0647 = EB                  A:40 X:02 Y:9B P:64 SP:FB PPU:150,108 CYC:17086
< E9CD  EA        NOP                             A:40 X:02 Y:9B P:64 SP:FB PPU:150,126 CYC:17092
< E9CE  EA        NOP                             A:40 X:02 Y:9B P:64 SP:FB PPU:150,132 CYC:17094
< E9CF  EA        NOP                             A:40 X:02 Y:9B P:64 SP:FB PPU:150,138 CYC:17096
< E9D0  EA        NOP                             A:40 X:02 Y:9B P:64 SP:FB PPU:150,144 CYC:17098
< E9D1  20 37 FA  JSR $FA37                       A:40 X:02 Y:9B P:64 SP:FB PPU:150,150 CYC:17100
< FA37  50 2C     BVC $FA65                       A:40 X:02 Y:9B P:64 SP:F9 PPU:150,168 CYC:17106
< FA39  B0 2A     BCS $FA65                       A:40 X:02 Y:9B P:64 SP:F9 PPU:150,174 CYC:17108
< FA3B  30 28     BMI $FA65                       A:40 X:02 Y:9B P:64 SP:F9 PPU:150,180 CYC:17110
< FA3D  C9 40     CMP #$40                        A:40 X:02 Y:9B P:64 SP:F9 PPU:150,186 CYC:17112
< FA3F  D0 24     BNE $FA65                       A:40 X:02 Y:9B P:67 SP:F9 PPU:150,192 CYC:17114
< FA41  60        RTS                             A:40 X:02 Y:9B P:67 SP:F9 PPU:150,198 CYC:17116
< E9D4  AD 47 06  LDA $0647 = EA                  A:40 X:02 Y:9B P:67 SP:FB PPU:150,216 CYC:17122
< E9D7  C9 EA     CMP #$EA                        A:EA X:02 Y:9B P:E5 SP:FB PPU:150,228 CYC:17126
< E9D9  F0 02     BEQ $E9DD                       A:EA X:02 Y:9B P:67 SP:FB PPU:150,234 CYC:17128
< E9DD  C8        INY                             A:EA X:02 Y:9B P:67 SP:FB PPU:150,243 CYC:17131
< E9DE  A9 00     LDA #$00                        A:EA X:02 Y:9C P:E5 SP:FB PPU:150,249 CYC:17133
< E9E0  8D 47 06  STA $0647 = EA                  A:00 X:02 Y:9C P:67 SP:FB PPU:150,255 CYC:17135
< E9E3  20 42 FA  JSR $FA42                       A:00 X:02 Y:9C P:67 SP:FB PPU:150,267 CYC:17139
< FA42  B8        CLV                             A:00 X:02 Y:9C P:67 SP:F9 PPU:150,285 CYC:17145
< FA43  38        SEC                             A:00 X:02 Y:9C P:27 SP:F9 PPU:150,291 CYC:17147
< FA44  A9 FF     LDA #$FF                        A:00 X:02 Y:9C P:27 SP:F9 PPU:150,297 CYC:17149
< FA46  60        RTS                             A:FF X:02 Y:9C P:A5 SP:F9 PPU:150,303 CYC:17151
< E9E6  CF 47 06 *DCP $0647 = 00                  A:FF X:02 Y:9C P:A5 SP:FB PPU:150,321 CYC:17157
< E9E9  EA        NOP                             A:FF X:02 Y:9C P:27 SP:FB PPU:150,339 CYC:17163
< E9EA  EA        NOP                             A:FF X:02 Y:9C P:27 SP:FB PPU:151,  4 CYC:17165
< E9EB  EA        NOP                             A:FF X:02 Y:9C P:27 SP:FB PPU:151, 10 CYC:17167
< E9EC  EA        NOP                             A:FF X:02 Y:9C P:27 SP:FB PPU:151, 16 CYC:17169
< E9ED  20 47 FA  JSR $FA47                       A:FF X:02 Y:9C P:27 SP:FB PPU:151, 22 CYC:17171
< FA47  70 1C     BVS $FA65                       A:FF X:02 Y:9C P:27 SP:F9 PPU:151, 40 CYC:17177
< FA49  D0 1A     BNE $FA65                       A:FF X:02 Y:9C P:27 SP:F9 PPU:151, 46 CYC:17179
< FA4B  30 18     BMI $FA65                       A:FF X:02 Y:9C P:27 SP:F9 PPU:151, 52 CYC:17181
< FA4D  90 16     BCC $FA65                       A:FF X:02 Y:9C P:27 SP:F9 PPU:151, 58 CYC:17183
< FA4F  C9 FF     CMP #$FF                        A:FF X:02 Y:9C P:27 SP:F9 PPU:151, 64 CYC:17185
< FA51  D0 12     BNE $FA65                       A:FF X:02 Y:9C P:27 SP:F9 PPU:151, 70 CYC:17187
< FA53  60        RTS                             A:FF X:02 Y:9C P:27 SP:F9 PPU:151, 76 CYC:17189
< E9F0  AD 47 06  LDA $0647 = FF                  A:FF X:02 Y:9C P:27 SP:FB PPU:151, 94 CYC:17195
< E9F3  C9 FF     CMP #$FF                        A:FF X:02 Y:9C P:A5 SP:FB PPU:151,106 CYC:17199
< E9F5  F0 02     BEQ $E9F9                       A:FF X:02 Y:9C P:27 SP:FB PPU:151,112 CYC:17201
< E9F9  C8        INY                             A:FF X:02 Y:9C P:27 SP:FB PPU:151,121 CYC:17204
< E9FA  A9 37     LDA #$37                        A:FF X:02 Y:9D P:A5 SP:FB PPU:151,127 CYC:17206
< E9FC  8D 47 06  STA $0647 = FF                  A:37 X:02 Y:9D P:25 SP:FB PPU:151,133 CYC:17208
< E9FF  20 54 FA  JSR $FA54                       A:37 X:02 Y:9D P:25 SP:FB PPU:151,145 CYC:17212
< FA54  24 01     BIT $01 = FF                    A:37 X:02 Y:9D P:25 SP:F9 PPU:151,163 CYC:17218
< FA56  A9 F0     LDA #$F0                        A:37 X:02 Y:9D P:E5 SP:F9 PPU:151,172 CYC:17221
< FA58  60        RTS                             A:F0 X:02 Y:9D P:E5 SP:F9 PPU:151,178 CYC:17223
< EA02  CF 47 06 *DCP $0647 = 37                  A:F0 X:02 Y:9D P:E5 SP:FB PPU:151,196 CYC:17229
< EA05  EA        NOP                             A:F0 X:02 Y:9D P:E5 SP:FB PPU:151,214 CYC:17235
< EA06  EA        NOP                             A:F0 X:02 Y:9D P:E5 SP:FB PPU:151,220 CYC:17237
< EA07  EA        NOP                             A:F0 X:02 Y:9D P:E5 SP:FB PPU:151,226 CYC:17239
< EA08  EA        NOP                             A:F0 X:02 Y:9D P:E5 SP:FB PPU:151,232 CYC:17241
< EA09  20 59 FA  JSR $FA59                       A:F0 X:02 Y:9D P:E5 SP:FB PPU:151,238 CYC:17243
< FA59  50 0A     BVC $FA65                       A:F0 X:02 Y:9D P:E5 SP:F9 PPU:151,256 CYC:17249
< FA5B  F0 08     BEQ $FA65                       A:F0 X:02 Y:9D P:E5 SP:F9 PPU:151,262 CYC:17251
< FA5D  10 06     BPL $FA65                       A:F0 X:02 Y:9D P:E5 SP:F9 PPU:151,268 CYC:17253
< FA5F  90 04     BCC $FA65                       A:F0 X:02 Y:9D P:E5 SP:F9 PPU:151,274 CYC:17255
< FA61  C9 F0     CMP #$F0                        A:F0 X:02 Y:9D P:E5 SP:F9 PPU:151,280 CYC:17257
< FA63  F0 02     BEQ $FA67                       A:F0 X:02 Y:9D P:67 SP:F9 PPU:151,286 CYC:17259
< FA67  60        RTS                             A:F0 X:02 Y:9D P:67 SP:F9 PPU:151,295 CYC:17262
< EA0C  AD 47 06  LDA $0647 = 36                  A:F0 X:02 Y:9D P:67 SP:FB PPU:151,313 CYC:17268
< EA0F  C9 36     CMP #$36                        A:36 X:02 Y:9D P:65 SP:FB PPU:151,325 CYC:17272
< EA11  F0 02     BEQ $EA15                       A:36 X:02 Y:9D P:67 SP:FB PPU:151,331 CYC:17274
< EA15  A9 EB     LDA #$EB                        A:36 X:02 Y:9D P:67 SP:FB PPU:151,340 CYC:17277
< EA17  8D 47 06  STA $0647 = 36                  A:EB X:02 Y:9D P:E5 SP:FB PPU:152,  5 CYC:17279
< EA1A  A9 48     LDA #$48                        A:EB X:02 Y:9D P:E5 SP:FB PPU:152, 17 CYC:17283
< EA1C  85 45     STA $45 = 32                    A:48 X:02 Y:9D P:65 SP:FB PPU:152, 23 CYC:17285
< EA1E  A9 05     LDA #$05                        A:48 X:02 Y:9D P:65 SP:FB PPU:152, 32 CYC:17288
< EA20  85 46     STA $46 = 04                    A:05 X:02 Y:9D P:65 SP:FB PPU:152, 38 CYC:17290
< EA22  A0 FF     LDY #$FF                        A:05 X:02 Y:9D P:65 SP:FB PPU:152, 47 CYC:17293
< EA24  20 31 FA  JSR $FA31                       A:05 X:02 Y:FF P:E5 SP:FB PPU:152, 53 CYC:17295
< FA31  24 01     BIT $01 = FF                    A:05 X:02 Y:FF P:E5 SP:F9 PPU:152, 71 CYC:17301
< FA33  18        CLC                             A:05 X:02 Y:FF P:E5 SP:F9 PPU:152, 80 CYC:17304
< FA34  A9 40     LDA #$40                        A:05 X:02 Y:FF P:E4 SP:F9 PPU:152, 86 CYC:17306
< FA36  60        RTS                             A:40 X:02 Y:FF P:64 SP:F9 PPU:152, 92 CYC:17308
< EA27  D3 45    *DCP ($45),Y = 0548 @ 0647 = EB  A:40 X:02 Y:FF P:64 SP:FB PPU:152,110 CYC:17314
< EA29  EA        NOP                             A:40 X:02 Y:FF P:64 SP:FB PPU:152,134 CYC:17322
< EA2A  EA        NOP                             A:40 X:02 Y:FF P:64 SP:FB PPU:152,140 CYC:17324
< EA2B  08        PHP                             A:40 X:02 Y:FF P:64 SP:FB PPU:152,146 CYC:17326
< EA2C  48        PHA                             A:40 X:02 Y:FF P:64 SP:FA PPU:152,155 CYC:17329
< EA2D  A0 9E     LDY #$9E                        A:40 X:02 Y:FF P:64 SP:F9 PPU:152,164 CYC:17332
< EA2F  68        PLA                             A:40 X:02 Y:9E P:E4 SP:F9 PPU:152,170 CYC:17334
< EA30  28        PLP                             A:40 X:02 Y:9E P:64 SP:FA PPU:152,182 CYC:17338
< EA31  20 37 FA  JSR $FA37                       A:40 X:02 Y:9E P:64 SP:FB PPU:152,194 CYC:17342
< FA37  50 2C     BVC $FA65                       A:40 X:02 Y:9E P:64 SP:F9 PPU:152,212 CYC:17348
< FA39  B0 2A     BCS $FA65                       A:40 X:02 Y:9E P:64 SP:F9 PPU:152,218 CYC:17350
< FA3B  30 28     BMI $FA65                       A:40 X:02 Y:9E P:64 SP:F9 PPU:152,224 CYC:17352
< FA3D  C9 40     CMP #$40                        A:40 X:02 Y:9E P:64 SP:F9 PPU:152,230 CYC:17354
< FA3F  D0 24     BNE $FA65                       A:40 X:02 Y:9E P:67 SP:F9 PPU:152,236 CYC:17356
< FA41  60        RTS                             A:40 X:02 Y:9E P:67 SP:F9 PPU:152,242 CYC:17358
< EA34  AD 47 06  LDA $0647 = EA                  A:40 X:02 Y:9E P:67 SP:FB PPU:152,260 CYC:17364
< EA37  C9 EA     CMP #$EA                        A:EA X:02 Y:9E P:E5 SP:FB PPU:152,272 CYC:17368
< EA39  F0 02     BEQ $EA3D                       A:EA X:02 Y:9E P:67 SP:FB PPU:152,278 CYC:17370
< EA3D  A0 FF     LDY #$FF                        A:EA X:02 Y:9E P:67 SP:FB PPU:152,287 CYC:17373
< EA3F  A9 00     LDA #$00                        A:EA X:02 Y:FF P:E5 SP:FB PPU:152,293 CYC:17375
< EA41  8D 47 06  STA $0647 = EA                  A:00 X:02 Y:FF P:67 SP:FB PPU:152,299 CYC:17377
< EA44  20 42 FA  JSR $FA42                       A:00 X:02 Y:FF P:67 SP:FB PPU:152,311 CYC:17381
< FA42  B8        CLV                             A:00 X:02 Y:FF P:67 SP:F9 PPU:152,329 CYC:17387
< FA43  38        SEC                             A:00 X:02 Y:FF P:27 SP:F9 PPU:152,335 CYC:17389
< FA44  A9 FF     LDA #$FF                        A:00 X:02 Y:FF P:27 SP:F9 PPU:153,  0 CYC:17391
< FA46  60        RTS                             A:FF X:02 Y:FF P:A5 SP:F9 PPU:153,  6 CYC:17393
< EA47  D3 45    *DCP ($45),Y = 0548 @ 0647 = 00  A:FF X:02 Y:FF P:A5 SP:FB PPU:153, 24 CYC:17399
< EA49  EA        NOP                             A:FF X:02 Y:FF P:27 SP:FB PPU:153, 48 CYC:17407
< EA4A  EA        NOP                             A:FF X:02 Y:FF P:27 SP:FB PPU:153, 54 CYC:17409
< EA4B  08        PHP                             A:FF X:02 Y:FF P:27 SP:FB PPU:153, 60 CYC:17411
< EA4C  48        PHA                             A:FF X:02 Y:FF P:27 SP:FA PPU:153, 69 CYC:17414
< EA4D  A0 9F     LDY #$9F                        A:FF X:02 Y:FF P:27 SP:F9 PPU:153, 78 CYC:17417
< EA4F  68        PLA                             A:FF X:02 Y:9F P:A5 SP:F9 PPU:153, 84 CYC:17419
< EA50  28        PLP                             A:FF X:02 Y:9F P:A5 SP:FA PPU:153, 96 CYC:17423
< EA51  20 47 FA  JSR $FA47                       A:FF X:02 Y:9F P:27 SP:FB PPU:153,108 CYC:17427
< FA47  70 1C     BVS $FA65                       A:FF X:02 Y:9F P:27 SP:F9 PPU:153,126 CYC:17433
< FA49  D0 1A     BNE $FA65                       A:FF X:02 Y:9F P:27 SP:F9 PPU:153,132 CYC:17435
< FA4B  30 18     BMI $FA65                       A:FF X:02 Y:9F P:27 SP:F9 PPU:153,138 CYC:17437
< FA4D  90 16     BCC $FA65                       A:FF X:02 Y:9F P:27 SP:F9 PPU:153,144 CYC:17439
< FA4F  C9 FF     CMP #$FF                        A:FF X:02 Y:9F P:27 SP:F9 PPU:153,150 CYC:17441
< FA51  D0 12     BNE $FA65                       A:FF X:02 Y:9F P:27 SP:F9 PPU:153,156 CYC:17443
< FA53  60        RTS                             A:FF X:02 Y:9F P:27 SP:F9 PPU:153,162 CYC:17445
< EA54  AD 47 06  LDA $0647 = FF                  A:FF X:02 Y:9F P:27 SP:FB PPU:153,180 CYC:17451
< EA57  C9 FF     CMP #$FF                        A:FF X:02 Y:9F P:A5 SP:FB PPU:153,192 CYC:17455
< EA59  F0 02     BEQ $EA5D                       A:FF X:02 Y:9F P:27 SP:FB PPU:153,198 CYC:17457
< EA5D  A0 FF     LDY #$FF                        A:FF X:02 Y:9F P:27 SP:FB PPU:153,207 CYC:17460
< EA5F  A9 37     LDA #$37                        A:FF X:02 Y:FF P:A5 SP:FB PPU:153,213 CYC:17462
< EA61  8D 47 06  STA $0647 = FF                  A:37 X:02 Y:FF P:25 SP:FB PPU:153,219 CYC:17464
< EA64  20 54 FA  JSR $FA54                       A:37 X:02 Y:FF P:25 SP:FB PPU:153,231 CYC:17468
< FA54  24 01     BIT $01 = FF                    A:37 X:02 Y:FF P:25 SP:F9 PPU:153,249 CYC:17474
< FA56  A9 F0     LDA #$F0                        A:37 X:02 Y:FF P:E5 SP:F9 PPU:153,258 CYC:17477
< FA58  60        RTS                             A:F0 X:02 Y:FF P:E5 SP:F9 PPU:153,264 CYC:17479
< EA67  D3 45    *DCP ($45),Y = 0548 @ 0647 = 37  A:F0 X:02 Y:FF P:E5 SP:FB PPU:153,282 CYC:17485
< EA69  EA        NOP                             A:F0 X:02 Y:FF P:E5 SP:FB PPU:153,306 CYC:17493
< EA6A  EA        NOP                             A:F0 X:02 Y:FF P:E5 SP:FB PPU:153,312 CYC:17495
< EA6B  08        PHP                             A:F0 X:02 Y:FF P:E5 SP:FB PPU:153,318 CYC:17497
< EA6C  48        PHA                             A:F0 X:02 Y:FF P:E5 SP:FA PPU:153,327 CYC:17500
< EA6D  A0 A0     LDY #$A0                        A:F0 X:02 Y:FF P:E5 SP:F9 PPU:153,336 CYC:17503
< EA6F  68        PLA                             A:F0 X:02 Y:A0 P:E5 SP:F9 PPU:154,  1 CYC:17505
< EA70  28        PLP                             A:F0 X:02 Y:A0 P:E5 SP:FA PPU:154, 13 CYC:17509
< EA71  20 59 FA  JSR $FA59                       A:F0 X:02 Y:A0 P:E5 SP:FB PPU:154, 25 CYC:17513
< FA59  50 0A     BVC $FA65                       A:F0 X:02 Y:A0 P:E5 SP:F9 PPU:154, 43 CYC:17519
< FA5B  F0 08     BEQ $FA65                       A:F0 X:02 Y:A0 P:E5 SP:F9 PPU:154, 49 CYC:17521
< FA5D  10 06     BPL $FA65                       A:F0 X:02 Y:A0 P:E5 SP:F9 PPU:154, 55 CYC:17523
< FA5F  90 04     BCC $FA65                       A:F0 X:02 Y:A0 P:E5 SP:F9 PPU:154, 61 CYC:17525
< FA61  C9 F0     CMP #$F0                        A:F0 X:02 Y:A0 P:E5 SP:F9 PPU:154, 67 CYC:17527
< FA63  F0 02     BEQ $FA67                       A:F0 X:02 Y:A0 P:67 SP:F9 PPU:154, 73 CYC:17529
< FA67  60        RTS                             A:F0 X:02 Y:A0 P:67 SP:F9 PPU:154, 82 CYC:17532
< EA74  AD 47 06  LDA $0647 = 36                  A:F0 X:02 Y:A0 P:67 SP:FB PPU:154,100 CYC:17538
< EA77  C9 36     CMP #$36                        A:36 X:02 Y:A0 P:65 SP:FB PPU:154,112 CYC:17542
< EA79  F0 02     BEQ $EA7D                       A:36 X:02 Y:A0 P:67 SP:FB PPU:154,118 CYC:17544
< EA7D  A0 A1     LDY #$A1                        A:36 X:02 Y:A0 P:67 SP:FB PPU:154,127 CYC:17547
< EA7F  A2 FF     LDX #$FF                        A:36 X:02 Y:A1 P:E5 SP:FB PPU:154,133 CYC:17549
< EA81  A9 EB     LDA #$EB                        A:36 X:FF Y:A1 P:E5 SP:FB PPU:154,139 CYC:17551
< EA83  85 47     STA $47 = 36                    A:EB X:FF Y:A1 P:E5 SP:FB PPU:154,145 CYC:17553
< EA85  20 31 FA  JSR $FA31                       A:EB X:FF Y:A1 P:E5 SP:FB PPU:154,154 CYC:17556
< FA31  24 01     BIT $01 = FF                    A:EB X:FF Y:A1 P:E5 SP:F9 PPU:154,172 CYC:17562
< FA33  18        CLC                             A:EB X:FF Y:A1 P:E5 SP:F9 PPU:154,181 CYC:17565
< FA34  A9 40     LDA #$40                        A:EB X:FF Y:A1 P:E4 SP:F9 PPU:154,187 CYC:17567
< FA36  60        RTS                             A:40 X:FF Y:A1 P:64 SP:F9 PPU:154,193 CYC:17569
< EA88  D7 48    *DCP $48,X @ 47 = EB             A:40 X:FF Y:A1 P:64 SP:FB PPU:154,211 CYC:17575
< EA8A  EA        NOP                             A:40 X:FF Y:A1 P:64 SP:FB PPU:154,229 CYC:17581
< EA8B  EA        NOP                             A:40 X:FF Y:A1 P:64 SP:FB PPU:154,235 CYC:17583
< EA8C  EA        NOP                             A:40 X:FF Y:A1 P:64 SP:FB PPU:154,241 CYC:17585
< EA8D  EA        NOP                             A:40 X:FF Y:A1 P:64 SP:FB PPU:154,247 CYC:17587
< EA8E  20 37 FA  JSR $FA37                       A:40 X:FF Y:A1 P:64 SP:FB PPU:154,253 CYC:17589
< FA37  50 2C     BVC $FA65                       A:40 X:FF Y:A1 P:64 SP:F9 PPU:154,271 CYC:17595
< FA39  B0 2A     BCS $FA65                       A:40 X:FF Y:A1 P:64 SP:F9 PPU:154,277 CYC:17597
< FA3B  30 28     BMI $FA65                       A:40 X:FF Y:A1 P:64 SP:F9 PPU:154,283 CYC:17599
< FA3D  C9 40     CMP #$40                        A:40 X:FF Y:A1 P:64 SP:F9 PPU:154,289 CYC:17601
< FA3F  D0 24     BNE $FA65                       A:40 X:FF Y:A1 P:67 SP:F9 PPU:154,295 CYC:17603
< FA41  60        RTS                             A:40 X:FF Y:A1 P:67 SP:F9 PPU:154,301 CYC:17605
< EA91  A5 47     LDA $47 = EA                    A:40 X:FF Y:A1 P:67 SP:FB PPU:154,319 CYC:17611
< EA93  C9 EA     CMP #$EA                        A:EA X:FF Y:A1 P:E5 SP:FB PPU:154,328 CYC:17614
< EA95  F0 02     BEQ $EA99                       A:EA X:FF Y:A1 P:67 SP:FB PPU:154,334 CYC:17616
< EA99  C8        INY                             A:EA X:FF Y:A1 P:67 SP:FB PPU:155,  2 CYC:17619
< EA9A  A9 00     LDA #$00                        A:EA X:FF Y:A2 P:E5 SP:FB PPU:155,  8 CYC:17621
< EA9C  85 47     STA $47 = EA                    A:00 X:FF Y:A2 P:67 SP:FB PPU:155, 14 CYC:17623
< EA9E  20 42 FA  JSR $FA42                       A:00 X:FF Y:A2 P:67 SP:FB PPU:155, 23 CYC:17626
< FA42  B8        CLV                             A:00 X:FF Y:A2 P:67 SP:F9 PPU:155, 41 CYC:17632
< FA43  38        SEC                             A:00 X:FF Y:A2 P:27 SP:F9 PPU:155, 47 CYC:17634
< FA44  A9 FF     LDA #$FF                        A:00 X:FF Y:A2 P:27 SP:F9 PPU:155, 53 CYC:17636
< FA46  60        RTS                             A:FF X:FF Y:A2 P:A5 SP:F9 PPU:155, 59 CYC:17638
< EAA1  D7 48    *DCP $48,X @ 47 = 00             A:FF X:FF Y:A2 P:A5 SP:FB PPU:155, 77 CYC:17644
< EAA3  EA        NOP                             A:FF X:FF Y:A2 P:27 SP:FB PPU:155, 95 CYC:17650
< EAA4  EA        NOP                             A:FF X:FF Y:A2 P:27 SP:FB PPU:155,101 CYC:17652
< EAA5  EA        NOP                             A:FF X:FF Y:A2 P:27 SP:FB PPU:155,107 CYC:17654
< EAA6  EA        NOP                             A:FF X:FF Y:A2 P:27 SP:FB PPU:155,113 CYC:17656
< EAA7  20 47 FA  JSR $FA47                       A:FF X:FF Y:A2 P:27 SP:FB PPU:155,119 CYC:17658
< FA47  70 1C     BVS $FA65                       A:FF X:FF Y:A2 P:27 SP:F9 PPU:155,137 CYC:17664
< FA49  D0 1A     BNE $FA65                       A:FF X:FF Y:A2 P:27 SP:F9 PPU:155,143 CYC:17666
< FA4B  30 18     BMI $FA65                       A:FF X:FF Y:A2 P:27 SP:F9 PPU:155,149 CYC:17668
< FA4D  90 16     BCC $FA65                       A:FF X:FF Y:A2 P:27 SP:F9 PPU:155,155 CYC:17670
< FA4F  C9 FF     CMP #$FF                        A:FF X:FF Y:A2 P:27 SP:F9 PPU:155,161 CYC:17672
< FA51  D0 12     BNE $FA65                       A:FF X:FF Y:A2 P:27 SP:F9 PPU:155,167 CYC:17674
< FA53  60        RTS                             A:FF X:FF Y:A2 P:27 SP:F9 PPU:155,173 CYC:17676
< EAAA  A5 47     LDA $47 = FF                    A:FF X:FF Y:A2 P:27 SP:FB PPU:155,191 CYC:17682
< EAAC  C9 FF     CMP #$FF                        A:FF X:FF Y:A2 P:A5 SP:FB PPU:155,200 CYC:17685
< EAAE  F0 02     BEQ $EAB2                       A:FF X:FF Y:A2 P:27 SP:FB PPU:155,206 CYC:17687
< EAB2  C8        INY                             A:FF X:FF Y:A2 P:27 SP:FB PPU:155,215 CYC:17690
< EAB3  A9 37     LDA #$37                        A:FF X:FF Y:A3 P:A5 SP:FB PPU:155,221 CYC:17692
< EAB5  85 47     STA $47 = FF                    A:37 X:FF Y:A3 P:25 SP:FB PPU:155,227 CYC:17694
< EAB7  20 54 FA  JSR $FA54                       A:37 X:FF Y:A3 P:25 SP:FB PPU:155,236 CYC:17697
< FA54  24 01     BIT $01 = FF                    A:37 X:FF Y:A3 P:25 SP:F9 PPU:155,254 CYC:17703
< FA56  A9 F0     LDA #$F0                        A:37 X:FF Y:A3 P:E5 SP:F9 PPU:155,263 CYC:17706
< FA58  60        RTS                             A:F0 X:FF Y:A3 P:E5 SP:F9 PPU:155,269 CYC:17708
< EABA  D7 48    *DCP $48,X @ 47 = 37             A:F0 X:FF Y:A3 P:E5 SP:FB PPU:155,287 CYC:17714
< EABC  EA        NOP                             A:F0 X:FF Y:A3 P:E5 SP:FB PPU:155,305 CYC:17720
< EABD  EA        NOP                             A:F0 X:FF Y:A3 P:E5 SP:FB PPU:155,311 CYC:17722
< EABE  EA        NOP                             A:F0 X:FF Y:A3 P:E5 SP:FB PPU:155,317 CYC:17724
< EABF  EA        NOP                             A:F0 X:FF Y:A3 P:E5 SP:FB PPU:155,323 CYC:17726
< EAC0  20 59 FA  JSR $FA59                       A:F0 X:FF Y:A3 P:E5 SP:FB PPU:155,329 CYC:17728
< FA59  50 0A     BVC $FA65                       A:F0 X:FF Y:A3 P:E5 SP:F9 PPU:156,  6 CYC:17734
< FA5B  F0 08     BEQ $FA65                       A:F0 X:FF Y:A3 P:E5 SP:F9 PPU:156, 12 CYC:17736
< FA5D  10 06     BPL $FA65                       A:F0 X:FF Y:A3 P:E5 SP:F9 PPU:156, 18 CYC:17738
< FA5F  90 04     BCC $FA65                       A:F0 X:FF Y:A3 P:E5 SP:F9 PPU:156, 24 CYC:17740
< FA61  C9 F0     CMP #$F0                        A:F0 X:FF Y:A3 P:E5 SP:F9 PPU:156, 30 CYC:17742
< FA63  F0 02     BEQ $FA67                       A:F0 X:FF Y:A3 P:67 SP:F9 PPU:156, 36 CYC:17744
< FA67  60        RTS                             A:F0 X:FF Y:A3 P:67 SP:F9 PPU:156, 45 CYC:17747
< EAC3  A5 47     LDA $47 = 36                    A:F0 X:FF Y:A3 P:67 SP:FB PPU:156, 63 CYC:17753
< EAC5  C9 36     CMP #$36                        A:36 X:FF Y:A3 P:65 SP:FB PPU:156, 72 CYC:17756
< EAC7  F0 02     BEQ $EACB                       A:36 X:FF Y:A3 P:67 SP:FB PPU:156, 78 CYC:17758
< EACB  A9 EB     LDA #$EB                        A:36 X:FF Y:A3 P:67 SP:FB PPU:156, 87 CYC:17761
< EACD  8D 47 06  STA $0647 = 36                  A:EB X:FF Y:A3 P:E5 SP:FB PPU:156, 93 CYC:17763
< EAD0  A0 FF     LDY #$FF                        A:EB X:FF Y:A3 P:E5 SP:FB PPU:156,105 CYC:17767
< EAD2  20 31 FA  JSR $FA31                       A:EB X:FF Y:FF P:E5 SP:FB PPU:156,111 CYC:17769
< FA31  24 01     BIT $01 = FF                    A:EB X:FF Y:FF P:E5 SP:F9 PPU:156,129 CYC:17775
< FA33  18        CLC                             A:EB X:FF Y:FF P:E5 SP:F9 PPU:156,138 CYC:17778
< FA34  A9 40     LDA #$40                        A:EB X:FF Y:FF P:E4 SP:F9 PPU:156,144 CYC:17780
< FA36  60        RTS                             A:40 X:FF Y:FF P:64 SP:F9 PPU:156,150 CYC:17782
< EAD5  DB 48 05 *DCP $0548,Y @ 0647 = EB         A:40 X:FF Y:FF P:64 SP:FB PPU:156,168 CYC:17788
< EAD8  EA        NOP                             A:40 X:FF Y:FF P:64 SP:FB PPU:156,189 CYC:17795
< EAD9  EA        NOP                             A:40 X:FF Y:FF P:64 SP:FB PPU:156,195 CYC:17797
< EADA  08        PHP                             A:40 X:FF Y:FF P:64 SP:FB PPU:156,201 CYC:17799
< EADB  48        PHA                             A:40 X:FF Y:FF P:64 SP:FA PPU:156,210 CYC:17802
< EADC  A0 A4     LDY #$A4                        A:40 X:FF Y:FF P:64 SP:F9 PPU:156,219 CYC:17805
< EADE  68        PLA                             A:40 X:FF Y:A4 P:E4 SP:F9 PPU:156,225 CYC:17807
< EADF  28        PLP                             A:40 X:FF Y:A4 P:64 SP:FA PPU:156,237 CYC:17811
< EAE0  20 37 FA  JSR $FA37                       A:40 X:FF Y:A4 P:64 SP:FB PPU:156,249 CYC:17815
< FA37  50 2C     BVC $FA65                       A:40 X:FF Y:A4 P:64 SP:F9 PPU:156,267 CYC:17821
< FA39  B0 2A     BCS $FA65                       A:40 X:FF Y:A4 P:64 SP:F9 PPU:156,273 CYC:17823
< FA3B  30 28     BMI $FA65                       A:40 X:FF Y:A4 P:64 SP:F9 PPU:156,279 CYC:17825
< FA3D  C9 40     CMP #$40                        A:40 X:FF Y:A4 P:64 SP:F9 PPU:156,285 CYC:17827
< FA3F  D0 24     BNE $FA65                       A:40 X:FF Y:A4 P:67 SP:F9 PPU:156,291 CYC:17829
< FA41  60        RTS                             A:40 X:FF Y:A4 P:67 SP:F9 PPU:156,297 CYC:17831
< EAE3  AD 47 06  LDA $0647 = EA                  A:40 X:FF Y:A4 P:67 SP:FB PPU:156,315 CYC:17837
< EAE6  C9 EA     CMP #$EA                        A:EA X:FF Y:A4 P:E5 SP:FB PPU:156,327 CYC:17841
< EAE8  F0 02     BEQ $EAEC                       A:EA X:FF Y:A4 P:67 SP:FB PPU:156,333 CYC:17843
< EAEC  A0 FF     LDY #$FF                        A:EA X:FF Y:A4 P:67 SP:FB PPU:157,  1 CYC:17846
< EAEE  A9 00     LDA #$00                        A:EA X:FF Y:FF P:E5 SP:FB PPU:157,  7 CYC:17848
< EAF0  8D 47 06  STA $0647 = EA                  A:00 X:FF Y:FF P:67 SP:FB PPU:157, 13 CYC:17850
< EAF3  20 42 FA  JSR $FA42                       A:00 X:FF Y:FF P:67 SP:FB PPU:157, 25 CYC:17854
< FA42  B8        CLV                             A:00 X:FF Y:FF P:67 SP:F9 PPU:157, 43 CYC:17860
< FA43  38        SEC                             A:00 X:FF Y:FF P:27 SP:F9 PPU:157, 49 CYC:17862
< FA44  A9 FF     LDA #$FF                        A:00 X:FF Y:FF P:27 SP:F9 PPU:157, 55 CYC:17864
< FA46  60        RTS                             A:FF X:FF Y:FF P:A5 SP:F9 PPU:157, 61 CYC:17866
< EAF6  DB 48 05 *DCP $0548,Y @ 0647 = 00         A:FF X:FF Y:FF P:A5 SP:FB PPU:157, 79 CYC:17872
< EAF9  EA        NOP                             A:FF X:FF Y:FF P:27 SP:FB PPU:157,100 CYC:17879
< EAFA  EA        NOP                             A:FF X:FF Y:FF P:27 SP:FB PPU:157,106 CYC:17881
< EAFB  08        PHP                             A:FF X:FF Y:FF P:27 SP:FB PPU:157,112 CYC:17883
< EAFC  48        PHA                             A:FF X:FF Y:FF P:27 SP:FA PPU:157,121 CYC:17886
< EAFD  A0 A5     LDY #$A5                        A:FF X:FF Y:FF P:27 SP:F9 PPU:157,130 CYC:17889
< EAFF  68        PLA                             A:FF X:FF Y:A5 P:A5 SP:F9 PPU:157,136 CYC:17891
< EB00  28        PLP                             A:FF X:FF Y:A5 P:A5 SP:FA PPU:157,148 CYC:17895
< EB01  20 47 FA  JSR $FA47                       A:FF X:FF Y:A5 P:27 SP:FB PPU:157,160 CYC:17899
< FA47  70 1C     BVS $FA65                       A:FF X:FF Y:A5 P:27 SP:F9 PPU:157,178 CYC:17905
< FA49  D0 1A     BNE $FA65                       A:FF X:FF Y:A5 P:27 SP:F9 PPU:157,184 CYC:17907
< FA4B  30 18     BMI $FA65                       A:FF X:FF Y:A5 P:27 SP:F9 PPU:157,190 CYC:17909
< FA4D  90 16     BCC $FA65                       A:FF X:FF Y:A5 P:27 SP:F9 PPU:157,196 CYC:17911
< FA4F  C9 FF     CMP #$FF                        A:FF X:FF Y:A5 P:27 SP:F9 PPU:157,202 CYC:17913
< FA51  D0 12     BNE $FA65                       A:FF X:FF Y:A5 P:27 SP:F9 PPU:157,208 CYC:17915
< FA53  60        RTS                             A:FF X:FF Y:A5 P:27 SP:F9 PPU:157,214 CYC:17917
< EB04  AD 47 06  LDA $0647 = FF                  A:FF X:FF Y:A5 P:27 SP:FB PPU:157,232 CYC:17923
< EB07  C9 FF     CMP #$FF                        A:FF X:FF Y:A5 P:A5 SP:FB PPU:157,244 CYC:17927
< EB09  F0 02     BEQ $EB0D                       A:FF X:FF Y:A5 P:27 SP:FB PPU:157,250 CYC:17929
< EB0D  A0 FF     LDY #$FF                        A:FF X:FF Y:A5 P:27 SP:FB PPU:157,259 CYC:17932
< EB0F  A9 37     LDA #$37                        A:FF X:FF Y:FF P:A5 SP:FB PPU:157,265 CYC:17934
< EB11  8D 47 06  STA $0647 = FF                  A:37 X:FF Y:FF P:25 SP:FB PPU:157,271 CYC:17936
< EB14  20 54 FA  JSR $FA54                       A:37 X:FF Y:FF P:25 SP:FB PPU:157,283 CYC:17940
< FA54  24 01     BIT $01 = FF                    A:37 X:FF Y:FF P:25 SP:F9 PPU:157,301 CYC:17946
< FA56  A9 F0     LDA #$F0                        A:37 X:FF Y:FF P:E5 SP:F9 PPU:157,310 CYC:17949
< FA58  60        RTS                             A:F0 X:FF Y:FF P:E5 SP:F9 PPU:157,316 CYC:17951
< EB17  DB 48 05 *DCP $0548,Y @ 0647 = 37         A:F0 X:FF Y:FF P:E5 SP:FB PPU:157,334 CYC:17957
< EB1A  EA        NOP                             A:F0 X:FF Y:FF P:E5 SP:FB PPU:158, 14 CYC:17964
< EB1B  EA        NOP                             A:F0 X:FF Y:FF P:E5 SP:FB PPU:158, 20 CYC:17966
< EB1C  08        PHP                             A:F0 X:FF Y:FF P:E5 SP:FB PPU:158, 26 CYC:17968
< EB1D  48        PHA                             A:F0 X:FF Y:FF P:E5 SP:FA PPU:158, 35 CYC:17971
< EB1E  A0 A6     LDY #$A6                        A:F0 X:FF Y:FF P:E5 SP:F9 PPU:158, 44 CYC:17974
< EB20  68        PLA                             A:F0 X:FF Y:A6 P:E5 SP:F9 PPU:158, 50 CYC:17976
< EB21  28        PLP                             A:F0 X:FF Y:A6 P:E5 SP:FA PPU:158, 62 CYC:17980
< EB22  20 59 FA  JSR $FA59                       A:F0 X:FF Y:A6 P:E5 SP:FB PPU:158, 74 CYC:17984
< FA59  50 0A     BVC $FA65                       A:F0 X:FF Y:A6 P:E5 SP:F9 PPU:158, 92 CYC:17990
< FA5B  F0 08     BEQ $FA65                       A:F0 X:FF Y:A6 P:E5 SP:F9 PPU:158, 98 CYC:17992
< FA5D  10 06     BPL $FA65                       A:F0 X:FF Y:A6 P:E5 SP:F9 PPU:158,104 CYC:17994
< FA5F  90 04     BCC $FA65                       A:F0 X:FF Y:A6 P:E5 SP:F9 PPU:158,110 CYC:17996
< FA61  C9 F0     CMP #$F0                        A:F0 X:FF Y:A6 P:E5 SP:F9 PPU:158,116 CYC:17998
< FA63  F0 02     BEQ $FA67                       A:F0 X:FF Y:A6 P:67 SP:F9 PPU:158,122 CYC:18000
< FA67  60        RTS                             A:F0 X:FF Y:A6 P:67 SP:F9 PPU:158,131 CYC:18003
< EB25  AD 47 06  LDA $0647 = 36                  A:F0 X:FF Y:A6 P:67 SP:FB PPU:158,149 CYC:18009
< EB28  C9 36     CMP #$36                        A:36 X:FF Y:A6 P:65 SP:FB PPU:158,161 CYC:18013
< EB2A  F0 02     BEQ $EB2E                       A:36 X:FF Y:A6 P:67 SP:FB PPU:158,167 CYC:18015
< EB2E  A0 A7     LDY #$A7                        A:36 X:FF Y:A6 P:67 SP:FB PPU:158,176 CYC:18018
< EB30  A2 FF     LDX #$FF                        A:36 X:FF Y:A7 P:E5 SP:FB PPU:158,182 CYC:18020
< EB32  A9 EB     LDA #$EB                        A:36 X:FF Y:A7 P:E5 SP:FB PPU:158,188 CYC:18022
< EB34  8D 47 06  STA $0647 = 36                  A:EB X:FF Y:A7 P:E5 SP:FB PPU:158,194 CYC:18024
< EB37  20 31 FA  JSR $FA31                       A:EB X:FF Y:A7 P:E5 SP:FB PPU:158,206 CYC:18028
< FA31  24 01     BIT $01 = FF                    A:EB X:FF Y:A7 P:E5 SP:F9 PPU:158,224 CYC:18034
< FA33  18        CLC                             A:EB X:FF Y:A7 P:E5 SP:F9 PPU:158,233 CYC:18037
< FA34  A9 40     LDA #$40                        A:EB X:FF Y:A7 P:E4 SP:F9 PPU:158,239 CYC:18039
< FA36  60        RTS                             A:40 X:FF Y:A7 P:64 SP:F9 PPU:158,245 CYC:18041
< EB3A  DF 48 05 *DCP $0548,X @ 0647 = EB         A:40 X:FF Y:A7 P:64 SP:FB PPU:158,263 CYC:18047
< EB3D  EA        NOP                             A:40 X:FF Y:A7 P:64 SP:FB PPU:158,284 CYC:18054
< EB3E  EA        NOP                             A:40 X:FF Y:A7 P:64 SP:FB PPU:158,290 CYC:18056
< EB3F  EA        NOP                             A:40 X:FF Y:A7 P:64 SP:FB PPU:158,296 CYC:18058
< EB40  EA        NOP                             A:40 X:FF Y:A7 P:64 SP:FB PPU:158,302 CYC:18060
< EB41  20 37 FA  JSR $FA37                       A:40 X:FF Y:A7 P:64 SP:FB PPU:158,308 CYC:18062
< FA37  50 2C     BVC $FA65                       A:40 X:FF Y:A7 P:64 SP:F9 PPU:158,326 CYC:18068
< FA39  B0 2A     BCS $FA65                       A:40 X:FF Y:A7 P:64 SP:F9 PPU:158,332 CYC:18070
< FA3B  30 28     BMI $FA65                       A:40 X:FF Y:A7 P:64 SP:F9 PPU:158,338 CYC:18072
< FA3D  C9 40     CMP #$40                        A:40 X:FF Y:A7 P:64 SP:F9 PPU:159,  3 CYC:18074
< FA3F  D0 24     BNE $FA65                       A:40 X:FF Y:A7 P:67 SP:F9 PPU:159,  9 CYC:18076
< FA41  60        RTS                             A:40 X:FF Y:A7 P:67 SP:F9 PPU:159, 15 CYC:18078
< EB44  AD 47 06  LDA $0647 = EA                  A:40 X:FF Y:A7 P:67 SP:FB PPU:159, 33 CYC:18084
< EB47  C9 EA     CMP #$EA                        A:EA X:FF Y:A7 P:E5 SP:FB PPU:159, 45 CYC:18088
< EB49  F0 02     BEQ $EB4D                       A:EA X:FF Y:A7 P:67 SP:FB PPU:159, 51 CYC:18090
< EB4D  C8        INY                             A:EA X:FF Y:A7 P:67 SP:FB PPU:159, 60 CYC:18093
< EB4E  A9 00     LDA #$00                        A:EA X:FF Y:A8 P:E5 SP:FB PPU:159, 66 CYC:18095
< EB50  8D 47 06  STA $0647 = EA                  A:00 X:FF Y:A8 P:67 SP:FB PPU:159, 72 CYC:18097
< EB53  20 42 FA  JSR $FA42                       A:00 X:FF Y:A8 P:67 SP:FB PPU:159, 84 CYC:18101
< FA42  B8        CLV                             A:00 X:FF Y:A8 P:67 SP:F9 PPU:159,102 CYC:18107
< FA43  38        SEC                             A:00 X:FF Y:A8 P:27 SP:F9 PPU:159,108 CYC:18109
< FA44  A9 FF     LDA #$FF                        A:00 X:FF Y:A8 P:27 SP:F9 PPU:159,114 CYC:18111
< FA46  60        RTS                             A:FF X:FF Y:A8 P:A5 SP:F9 PPU:159,120 CYC:18113
< EB56  DF 48 05 *DCP $0548,X @ 0647 = 00         A:FF X:FF Y:A8 P:A5 SP:FB PPU:159,138 CYC:18119
< EB59  EA        NOP                             A:FF X:FF Y:A8 P:27 SP:FB PPU:159,159 CYC:18126
< EB5A  EA        NOP                             A:FF X:FF Y:A8 P:27 SP:FB PPU:159,165 CYC:18128
< EB5B  EA        NOP                             A:FF X:FF Y:A8 P:27 SP:FB PPU:159,171 CYC:18130
< EB5C  EA        NOP                             A:FF X:FF Y:A8 P:27 SP:FB PPU:159,177 CYC:18132
< EB5D  20 47 FA  JSR $FA47                       A:FF X:FF Y:A8 P:27 SP:FB PPU:159,183 CYC:18134
< FA47  70 1C     BVS $FA65                       A:FF X:FF Y:A8 P:27 SP:F9 PPU:159,201 CYC:18140
< FA49  D0 1A     BNE $FA65                       A:FF X:FF Y:A8 P:27 SP:F9 PPU:159,207 CYC:18142
< FA4B  30 18     BMI $FA65                       A:FF X:FF Y:A8 P:27 SP:F9 PPU:159,213 CYC:18144
< FA4D  90 16     BCC $FA65                       A:FF X:FF Y:A8 P:27 SP:F9 PPU:159,219 CYC:18146
< FA4F  C9 FF     CMP #$FF                        A:FF X:FF Y:A8 P:27 SP:F9 PPU:159,225 CYC:18148
< FA51  D0 12     BNE $FA65                       A:FF X:FF Y:A8 P:27 SP:F9 PPU:159,231 CYC:18150
< FA53  60        RTS                             A:FF X:FF Y:A8 P:27 SP:F9 PPU:159,237 CYC:18152
< EB60  AD 47 06  LDA $0647 = FF                  A:FF X:FF Y:A8 P:27 SP:FB PPU:159,255 CYC:18158
< EB63  C9 FF     CMP #$FF                        A:FF X:FF Y:A8 P:A5 SP:FB PPU:159,267 CYC:18162
< EB65  F0 02     BEQ $EB69                       A:FF X:FF Y:A8 P:27 SP:FB PPU:159,273 CYC:18164
< EB69  C8        INY                             A:FF X:FF Y:A8 P:27 SP:FB PPU:159,282 CYC:18167
< EB6A  A9 37     LDA #$37                        A:FF X:FF Y:A9 P:A5 SP:FB PPU:159,288 CYC:18169
< EB6C  8D 47 06  STA $0647 = FF                  A:37 X:FF Y:A9 P:25 SP:FB PPU:159,294 CYC:18171
< EB6F  20 54 FA  JSR $FA54                       A:37 X:FF Y:A9 P:25 SP:FB PPU:159,306 CYC:18175
< FA54  24 01     BIT $01 = FF                    A:37 X:FF Y:A9 P:25 SP:F9 PPU:159,324 CYC:18181
< FA56  A9 F0     LDA #$F0                        A:37 X:FF Y:A9 P:E5 SP:F9 PPU:159,333 CYC:18184
< FA58  60        RTS                             A:F0 X:FF Y:A9 P:E5 SP:F9 PPU:159,339 CYC:18186
< EB72  DF 48 05 *DCP $0548,X @ 0647 = 37         A:F0 X:FF Y:A9 P:E5 SP:FB PPU:160, 16 CYC:18192
< EB75  EA        NOP                             A:F0 X:FF Y:A9 P:E5 SP:FB PPU:160, 37 CYC:18199
< EB76  EA        NOP                             A:F0 X:FF Y:A9 P:E5 SP:FB PPU:160, 43 CYC:18201
< EB77  EA        NOP                             A:F0 X:FF Y:A9 P:E5 SP:FB PPU:160, 49 CYC:18203
< EB78  EA        NOP                             A:F0 X:FF Y:A9 P:E5 SP:FB PPU:160, 55 CYC:18205
< EB79  20 59 FA  JSR $FA59                       A:F0 X:FF Y:A9 P:E5 SP:FB PPU:160, 61 CYC:18207
< FA59  50 0A     BVC $FA65                       A:F0 X:FF Y:A9 P:E5 SP:F9 PPU:160, 79 CYC:18213
< FA5B  F0 08     BEQ $FA65                       A:F0 X:FF Y:A9 P:E5 SP:F9 PPU:160, 85 CYC:18215
< FA5D  10 06     BPL $FA65                       A:F0 X:FF Y:A9 P:E5 SP:F9 PPU:160, 91 CYC:18217
< FA5F  90 04     BCC $FA65                       A:F0 X:FF Y:A9 P:E5 SP:F9 PPU:160, 97 CYC:18219
< FA61  C9 F0     CMP #$F0                        A:F0 X:FF Y:A9 P:E5 SP:F9 PPU:160,103 CYC:18221
< FA63  F0 02     BEQ $FA67                       A:F0 X:FF Y:A9 P:67 SP:F9 PPU:160,109 CYC:18223
< FA67  60        RTS                             A:F0 X:FF Y:A9 P:67 SP:F9 PPU:160,118 CYC:18226
< EB7C  AD 47 06  LDA $0647 = 36                  A:F0 X:FF Y:A9 P:67 SP:FB PPU:160,136 CYC:18232
< EB7F  C9 36     CMP #$36                        A:36 X:FF Y:A9 P:65 SP:FB PPU:160,148 CYC:18236
< EB81  F0 02     BEQ $EB85                       A:36 X:FF Y:A9 P:67 SP:FB PPU:160,154 CYC:18238
< EB85  60        RTS                             A:36 X:FF Y:A9 P:67 SP:FB PPU:160,163 CYC:18241
< C63E  20 86 EB  JSR $EB86                       A:36 X:FF Y:A9 P:67 SP:FD PPU:160,181 CYC:18247
< EB86  A9 FF     LDA #$FF                        A:36 X:FF Y:A9 P:67 SP:FB PPU:160,199 CYC:18253
< EB88  85 01     STA $01 = FF                    A:FF X:FF Y:A9 P:E5 SP:FB PPU:160,205 CYC:18255
< EB8A  A0 AA     LDY #$AA                        A:FF X:FF Y:A9 P:E5 SP:FB PPU:160,214 CYC:18258
< EB8C  A2 02     LDX #$02                        A:FF X:FF Y:AA P:E5 SP:FB PPU:160,220 CYC:18260
< EB8E  A9 47     LDA #$47                        A:FF X:02 Y:AA P:65 SP:FB PPU:160,226 CYC:18262
< EB90  85 47     STA $47 = 36                    A:47 X:02 Y:AA P:65 SP:FB PPU:160,232 CYC:18264
< EB92  A9 06     LDA #$06                        A:47 X:02 Y:AA P:65 SP:FB PPU:160,241 CYC:18267
< EB94  85 48     STA $48 = 06                    A:06 X:02 Y:AA P:65 SP:FB PPU:160,247 CYC:18269
< EB96  A9 EB     LDA #$EB                        A:06 X:02 Y:AA P:65 SP:FB PPU:160,256 CYC:18272
< EB98  8D 47 06  STA $0647 = 36                  A:EB X:02 Y:AA P:E5 SP:FB PPU:160,262 CYC:18274
< EB9B  20 B1 FA  JSR $FAB1                       A:EB X:02 Y:AA P:E5 SP:FB PPU:160,274 CYC:18278
< FAB1  24 01     BIT $01 = FF                    A:EB X:02 Y:AA P:E5 SP:F9 PPU:160,292 CYC:18284
< FAB3  18        CLC                             A:EB X:02 Y:AA P:E5 SP:F9 PPU:160,301 CYC:18287
< FAB4  A9 40     LDA #$40                        A:EB X:02 Y:AA P:E4 SP:F9 PPU:160,307 CYC:18289
< FAB6  60        RTS                             A:40 X:02 Y:AA P:64 SP:F9 PPU:160,313 CYC:18291
< EB9E  E3 45    *ISB ($45,X) @ 47 = 0647 = EB    A:40 X:02 Y:AA P:64 SP:FB PPU:160,331 CYC:18297
< EBA0  EA        NOP                             A:53 X:02 Y:AA P:24 SP:FB PPU:161, 14 CYC:18305
< EBA1  EA        NOP                             A:53 X:02 Y:AA P:24 SP:FB PPU:161, 20 CYC:18307
< EBA2  EA        NOP                             A:53 X:02 Y:AA P:24 SP:FB PPU:161, 26 CYC:18309
< EBA3  EA        NOP                             A:53 X:02 Y:AA P:24 SP:FB PPU:161, 32 CYC:18311
< EBA4  20 B7 FA  JSR $FAB7                       A:53 X:02 Y:AA P:24 SP:FB PPU:161, 38 CYC:18313
< FAB7  70 2D     BVS $FAE6                       A:53 X:02 Y:AA P:24 SP:F9 PPU:161, 56 CYC:18319
< FAB9  B0 2B     BCS $FAE6                       A:53 X:02 Y:AA P:24 SP:F9 PPU:161, 62 CYC:18321
< FABB  30 29     BMI $FAE6                       A:53 X:02 Y:AA P:24 SP:F9 PPU:161, 68 CYC:18323
< FABD  C9 53     CMP #$53                        A:53 X:02 Y:AA P:24 SP:F9 PPU:161, 74 CYC:18325
< FABF  D0 25     BNE $FAE6                       A:53 X:02 Y:AA P:27 SP:F9 PPU:161, 80 CYC:18327
< FAC1  60        RTS                             A:53 X:02 Y:AA P:27 SP:F9 PPU:161, 86 CYC:18329
< EBA7  AD 47 06  LDA $0647 = EC                  A:53 X:02 Y:AA P:27 SP:FB PPU:161,104 CYC:18335
< EBAA  C9 EC     CMP #$EC                        A:EC X:02 Y:AA P:A5 SP:FB PPU:161,116 CYC:18339
< EBAC  F0 02     BEQ $EBB0                       A:EC X:02 Y:AA P:27 SP:FB PPU:161,122 CYC:18341
< EBB0  C8        INY                             A:EC X:02 Y:AA P:27 SP:FB PPU:161,131 CYC:18344
< EBB1  A9 FF     LDA #$FF                        A:EC X:02 Y:AB P:A5 SP:FB PPU:161,137 CYC:18346
< EBB3  8D 47 06  STA $0647 = EC                  A:FF X:02 Y:AB P:A5 SP:FB PPU:161,143 CYC:18348
< EBB6  20 C2 FA  JSR $FAC2                       A:FF X:02 Y:AB P:A5 SP:FB PPU:161,155 CYC:18352
< FAC2  B8        CLV                             A:FF X:02 Y:AB P:A5 SP:F9 PPU:161,173 CYC:18358
< FAC3  38        SEC                             A:FF X:02 Y:AB P:A5 SP:F9 PPU:161,179 CYC:18360
< FAC4  A9 FF     LDA #$FF                        A:FF X:02 Y:AB P:A5 SP:F9 PPU:161,185 CYC:18362
< FAC6  60        RTS                             A:FF X:02 Y:AB P:A5 SP:F9 PPU:161,191 CYC:18364
< EBB9  E3 45    *ISB ($45,X) @ 47 = 0647 = FF    A:FF X:02 Y:AB P:A5 SP:FB PPU:161,209 CYC:18370
< EBBB  EA        NOP                             A:FF X:02 Y:AB P:A5 SP:FB PPU:161,233 CYC:18378
< EBBC  EA        NOP                             A:FF X:02 Y:AB P:A5 SP:FB PPU:161,239 CYC:18380
< EBBD  EA        NOP                             A:FF X:02 Y:AB P:A5 SP:FB PPU:161,245 CYC:18382
< EBBE  EA        NOP                             A:FF X:02 Y:AB P:A5 SP:FB PPU:161,251 CYC:18384
< EBBF  20 C7 FA  JSR $FAC7                       A:FF X:02 Y:AB P:A5 SP:FB PPU:161,257 CYC:18386
< FAC7  70 1D     BVS $FAE6                       A:FF X:02 Y:AB P:A5 SP:F9 PPU:161,275 CYC:18392
< FAC9  F0 1B     BEQ $FAE6                       A:FF X:02 Y:AB P:A5 SP:F9 PPU:161,281 CYC:18394
< FACB  10 19     BPL $FAE6                       A:FF X:02 Y:AB P:A5 SP:F9 PPU:161,287 CYC:18396
< FACD  90 17     BCC $FAE6                       A:FF X:02 Y:AB P:A5 SP:F9 PPU:161,293 CYC:18398
< FACF  C9 FF     CMP #$FF                        A:FF X:02 Y:AB P:A5 SP:F9 PPU:161,299 CYC:18400
< FAD1  D0 13     BNE $FAE6                       A:FF X:02 Y:AB P:27 SP:F9 PPU:161,305 CYC:18402
< FAD3  60        RTS                             A:FF X:02 Y:AB P:27 SP:F9 PPU:161,311 CYC:18404
< EBC2  AD 47 06  LDA $0647 = 00                  A:FF X:02 Y:AB P:27 SP:FB PPU:161,329 CYC:18410
< EBC5  C9 00     CMP #$00                        A:00 X:02 Y:AB P:27 SP:FB PPU:162,  0 CYC:18414
< EBC7  F0 02     BEQ $EBCB                       A:00 X:02 Y:AB P:27 SP:FB PPU:162,  6 CYC:18416
< EBCB  C8        INY                             A:00 X:02 Y:AB P:27 SP:FB PPU:162, 15 CYC:18419
< EBCC  A9 37     LDA #$37                        A:00 X:02 Y:AC P:A5 SP:FB PPU:162, 21 CYC:18421
< EBCE  8D 47 06  STA $0647 = 00                  A:37 X:02 Y:AC P:25 SP:FB PPU:162, 27 CYC:18423
< EBD1  20 D4 FA  JSR $FAD4                       A:37 X:02 Y:AC P:25 SP:FB PPU:162, 39 CYC:18427
< FAD4  24 01     BIT $01 = FF                    A:37 X:02 Y:AC P:25 SP:F9 PPU:162, 57 CYC:18433
< FAD6  38        SEC                             A:37 X:02 Y:AC P:E5 SP:F9 PPU:162, 66 CYC:18436
< FAD7  A9 F0     LDA #$F0                        A:37 X:02 Y:AC P:E5 SP:F9 PPU:162, 72 CYC:18438
< FAD9  60        RTS                             A:F0 X:02 Y:AC P:E5 SP:F9 PPU:162, 78 CYC:18440
< EBD4  E3 45    *ISB ($45,X) @ 47 = 0647 = 37    A:F0 X:02 Y:AC P:E5 SP:FB PPU:162, 96 CYC:18446
< EBD6  EA        NOP                             A:B8 X:02 Y:AC P:A5 SP:FB PPU:162,120 CYC:18454
< EBD7  EA        NOP                             A:B8 X:02 Y:AC P:A5 SP:FB PPU:162,126 CYC:18456
< EBD8  EA        NOP                             A:B8 X:02 Y:AC P:A5 SP:FB PPU:162,132 CYC:18458
< EBD9  EA        NOP                             A:B8 X:02 Y:AC P:A5 SP:FB PPU:162,138 CYC:18460
< EBDA  20 DA FA  JSR $FADA                       A:B8 X:02 Y:AC P:A5 SP:FB PPU:162,144 CYC:18462
< FADA  70 0A     BVS $FAE6                       A:B8 X:02 Y:AC P:A5 SP:F9 PPU:162,162 CYC:18468
< FADC  F0 08     BEQ $FAE6                       A:B8 X:02 Y:AC P:A5 SP:F9 PPU:162,168 CYC:18470
< FADE  10 06     BPL $FAE6                       A:B8 X:02 Y:AC P:A5 SP:F9 PPU:162,174 CYC:18472
< FAE0  90 04     BCC $FAE6                       A:B8 X:02 Y:AC P:A5 SP:F9 PPU:162,180 CYC:18474
< FAE2  C9 B8     CMP #$B8                        A:B8 X:02 Y:AC P:A5 SP:F9 PPU:162,186 CYC:18476
< FAE4  F0 02     BEQ $FAE8                       A:B8 X:02 Y:AC P:27 SP:F9 PPU:162,192 CYC:18478
< FAE8  60        RTS                             A:B8 X:02 Y:AC P:27 SP:F9 PPU:162,201 CYC:18481
< EBDD  AD 47 06  LDA $0647 = 38                  A:B8 X:02 Y:AC P:27 SP:FB PPU:162,219 CYC:18487
< EBE0  C9 38     CMP #$38                        A:38 X:02 Y:AC P:25 SP:FB PPU:162,231 CYC:18491
< EBE2  F0 02     BEQ $EBE6                       A:38 X:02 Y:AC P:27 SP:FB PPU:162,237 CYC:18493
< EBE6  C8        INY                             A:38 X:02 Y:AC P:27 SP:FB PPU:162,246 CYC:18496
< EBE7  A9 EB     LDA #$EB                        A:38 X:02 Y:AD P:A5 SP:FB PPU:162,252 CYC:18498
< EBE9  85 47     STA $47 = 47                    A:EB X:02 Y:AD P:A5 SP:FB PPU:162,258 CYC:18500
< EBEB  20 B1 FA  JSR $FAB1                       A:EB X:02 Y:AD P:A5 SP:FB PPU:162,267 CYC:18503
< FAB1  24 01     BIT $01 = FF                    A:EB X:02 Y:AD P:A5 SP:F9 PPU:162,285 CYC:18509
< FAB3  18        CLC                             A:EB X:02 Y:AD P:E5 SP:F9 PPU:162,294 CYC:18512
< FAB4  A9 40     LDA #$40                        A:EB X:02 Y:AD P:E4 SP:F9 PPU:162,300 CYC:18514
< FAB6  60        RTS                             A:40 X:02 Y:AD P:64 SP:F9 PPU:162,306 CYC:18516
< EBEE  E7 47    *ISB $47 = EB                    A:40 X:02 Y:AD P:64 SP:FB PPU:162,324 CYC:18522
< EBF0  EA        NOP                             A:53 X:02 Y:AD P:24 SP:FB PPU:162,339 CYC:18527
< EBF1  EA        NOP                             A:53 X:02 Y:AD P:24 SP:FB PPU:163,  4 CYC:18529
< EBF2  EA        NOP                             A:53 X:02 Y:AD P:24 SP:FB PPU:163, 10 CYC:18531
< EBF3  EA        NOP                             A:53 X:02 Y:AD P:24 SP:FB PPU:163, 16 CYC:18533
< EBF4  20 B7 FA  JSR $FAB7                       A:53 X:02 Y:AD P:24 SP:FB PPU:163, 22 CYC:18535
< FAB7  70 2D     BVS $FAE6                       A:53 X:02 Y:AD P:24 SP:F9 PPU:163, 40 CYC:18541
< FAB9  B0 2B     BCS $FAE6                       A:53 X:02 Y:AD P:24 SP:F9 PPU:163, 46 CYC:18543
< FABB  30 29     BMI $FAE6                       A:53 X:02 Y:AD P:24 SP:F9 PPU:163, 52 CYC:18545
< FABD  C9 53     CMP #$53                        A:53 X:02 Y:AD P:24 SP:F9 PPU:163, 58 CYC:18547
< FABF  D0 25     BNE $FAE6                       A:53 X:02 Y:AD P:27 SP:F9 PPU:163, 64 CYC:18549
< FAC1  60        RTS                             A:53 X:02 Y:AD P:27 SP:F9 PPU:163, 70 CYC:18551
< EBF7  A5 47     LDA $47 = EC                    A:53 X:02 Y:AD P:27 SP:FB PPU:163, 88 CYC:18557
< EBF9  C9 EC     CMP #$EC                        A:EC X:02 Y:AD P:A5 SP:FB PPU:163, 97 CYC:18560
< EBFB  F0 02     BEQ $EBFF                       A:EC X:02 Y:AD P:27 SP:FB PPU:163,103 CYC:18562
< EBFF  C8        INY                             A:EC X:02 Y:AD P:27 SP:FB PPU:163,112 CYC:18565
< EC00  A9 FF     LDA #$FF                        A:EC X:02 Y:AE P:A5 SP:FB PPU:163,118 CYC:18567
< EC02  85 47     STA $47 = EC                    A:FF X:02 Y:AE P:A5 SP:FB PPU:163,124 CYC:18569
< EC04  20 C2 FA  JSR $FAC2                       A:FF X:02 Y:AE P:A5 SP:FB PPU:163,133 CYC:18572
< FAC2  B8        CLV                             A:FF X:02 Y:AE P:A5 SP:F9 PPU:163,151 CYC:18578
< FAC3  38        SEC                             A:FF X:02 Y:AE P:A5 SP:F9 PPU:163,157 CYC:18580
< FAC4  A9 FF     LDA #$FF                        A:FF X:02 Y:AE P:A5 SP:F9 PPU:163,163 CYC:18582
< FAC6  60        RTS                             A:FF X:02 Y:AE P:A5 SP:F9 PPU:163,169 CYC:18584
< EC07  E7 47    *ISB $47 = FF                    A:FF X:02 Y:AE P:A5 SP:FB PPU:163,187 CYC:18590
< EC09  EA        NOP                             A:FF X:02 Y:AE P:A5 SP:FB PPU:163,202 CYC:18595
< EC0A  EA        NOP                             A:FF X:02 Y:AE P:A5 SP:FB PPU:163,208 CYC:18597
< EC0B  EA        NOP                             A:FF X:02 Y:AE P:A5 SP:FB PPU:163,214 CYC:18599
< EC0C  EA        NOP                             A:FF X:02 Y:AE P:A5 SP:FB PPU:163,220 CYC:18601
< EC0D  20 C7 FA  JSR $FAC7                       A:FF X:02 Y:AE P:A5 SP:FB PPU:163,226 CYC:18603
< FAC7  70 1D     BVS $FAE6                       A:FF X:02 Y:AE P:A5 SP:F9 PPU:163,244 CYC:18609
< FAC9  F0 1B     BEQ $FAE6                       A:FF X:02 Y:AE P:A5 SP:F9 PPU:163,250 CYC:18611
< FACB  10 19     BPL $FAE6                       A:FF X:02 Y:AE P:A5 SP:F9 PPU:163,256 CYC:18613
< FACD  90 17     BCC $FAE6                       A:FF X:02 Y:AE P:A5 SP:F9 PPU:163,262 CYC:18615
< FACF  C9 FF     CMP #$FF                        A:FF X:02 Y:AE P:A5 SP:F9 PPU:163,268 CYC:18617
< FAD1  D0 13     BNE $FAE6                       A:FF X:02 Y:AE P:27 SP:F9 PPU:163,274 CYC:18619
< FAD3  60        RTS                             A:FF X:02 Y:AE P:27 SP:F9 PPU:163,280 CYC:18621
< EC10  A5 47     LDA $47 = 00                    A:FF X:02 Y:AE P:27 SP:FB PPU:163,298 CYC:18627
< EC12  C9 00     CMP #$00                        A:00 X:02 Y:AE P:27 SP:FB PPU:163,307 CYC:18630
< EC14  F0 02     BEQ $EC18                       A:00 X:02 Y:AE P:27 SP:FB PPU:163,313 CYC:18632
< EC18  C8        INY                             A:00 X:02 Y:AE P:27 SP:FB PPU:163,322 CYC:18635
< EC19  A9 37     LDA #$37                        A:00 X:02 Y:AF P:A5 SP:FB PPU:163,328 CYC:18637
< EC1B  85 47     STA $47 = 00                    A:37 X:02 Y:AF P:25 SP:FB PPU:163,334 CYC:18639
< EC1D  20 D4 FA  JSR $FAD4                       A:37 X:02 Y:AF P:25 SP:FB PPU:164,  2 CYC:18642
< FAD4  24 01     BIT $01 = FF                    A:37 X:02 Y:AF P:25 SP:F9 PPU:164, 20 CYC:18648
< FAD6  38        SEC                             A:37 X:02 Y:AF P:E5 SP:F9 PPU:164, 29 CYC:18651
< FAD7  A9 F0     LDA #$F0                        A:37 X:02 Y:AF P:E5 SP:F9 PPU:164, 35 CYC:18653
< FAD9  60        RTS                             A:F0 X:02 Y:AF P:E5 SP:F9 PPU:164, 41 CYC:18655
< EC20  E7 47    *ISB $47 = 37                    A:F0 X:02 Y:AF P:E5 SP:FB PPU:164, 59 CYC:18661
< EC22  EA        NOP                             A:B8 X:02 Y:AF P:A5 SP:FB PPU:164, 74 CYC:18666
< EC23  EA        NOP                             A:B8 X:02 Y:AF P:A5 SP:FB PPU:164, 80 CYC:18668
< EC24  EA        NOP                             A:B8 X:02 Y:AF P:A5 SP:FB PPU:164, 86 CYC:18670
< EC25  EA        NOP                             A:B8 X:02 Y:AF P:A5 SP:FB PPU:164, 92 CYC:18672
< EC26  20 DA FA  JSR $FADA                       A:B8 X:02 Y:AF P:A5 SP:FB PPU:164, 98 CYC:18674
< FADA  70 0A     BVS $FAE6                       A:B8 X:02 Y:AF P:A5 SP:F9 PPU:164,116 CYC:18680
< FADC  F0 08     BEQ $FAE6                       A:B8 X:02 Y:AF P:A5 SP:F9 PPU:164,122 CYC:18682
< FADE  10 06     BPL $FAE6                       A:B8 X:02 Y:AF P:A5 SP:F9 PPU:164,128 CYC:18684
< FAE0  90 04     BCC $FAE6                       A:B8 X:02 Y:AF P:A5 SP:F9 PPU:164,134 CYC:18686
< FAE2  C9 B8     CMP #$B8                        A:B8 X:02 Y:AF P:A5 SP:F9 PPU:164,140 CYC:18688
< FAE4  F0 02     BEQ $FAE8                       A:B8 X:02 Y:AF P:27 SP:F9 PPU:164,146 CYC:18690
< FAE8  60        RTS                             A:B8 X:02 Y:AF P:27 SP:F9 PPU:164,155 CYC:18693
< EC29  A5 47     LDA $47 = 38                    A:B8 X:02 Y:AF P:27 SP:FB PPU:164,173 CYC:18699
< EC2B  C9 38     CMP #$38                        A:38 X:02 Y:AF P:25 SP:FB PPU:164,182 CYC:18702
< EC2D  F0 02     BEQ $EC31                       A:38 X:02 Y:AF P:27 SP:FB PPU:164,188 CYC:18704
< EC31  C8        INY                             A:38 X:02 Y:AF P:27 SP:FB PPU:164,197 CYC:18707
< EC32  A9 EB     LDA #$EB                        A:38 X:02 Y:B0 P:A5 SP:FB PPU:164,203 CYC:18709
< EC34  8D 47 06  STA $0647 = 38                  A:EB X:02 Y:B0 P:A5 SP:FB PPU:164,209 CYC:18711
< EC37  20 B1 FA  JSR $FAB1                       A:EB X:02 Y:B0 P:A5 SP:FB PPU:164,221 CYC:18715
< FAB1  24 01     BIT $01 = FF                    A:EB X:02 Y:B0 P:A5 SP:F9 PPU:164,239 CYC:18721
< FAB3  18        CLC                             A:EB X:02 Y:B0 P:E5 SP:F9 PPU:164,248 CYC:18724
< FAB4  A9 40     LDA #$40                        A:EB X:02 Y:B0 P:E4 SP:F9 PPU:164,254 CYC:18726
< FAB6  60        RTS                             A:40 X:02 Y:B0 P:64 SP:F9 PPU:164,260 CYC:18728
< EC3A  EF 47 06 *ISB $0647 = EB                  A:40 X:02 Y:B0 P:64 SP:FB PPU:164,278 CYC:18734
< EC3D  EA        NOP                             A:53 X:02 Y:B0 P:24 SP:FB PPU:164,296 CYC:18740
< EC3E  EA        NOP                             A:53 X:02 Y:B0 P:24 SP:FB PPU:164,302 CYC:18742
< EC3F  EA        NOP                             A:53 X:02 Y:B0 P:24 SP:FB PPU:164,308 CYC:18744
< EC40  EA        NOP                             A:53 X:02 Y:B0 P:24 SP:FB PPU:164,314 CYC:18746
< EC41  20 B7 FA  JSR $FAB7                       A:53 X:02 Y:B0 P:24 SP:FB PPU:164,320 CYC:18748
< FAB7  70 2D     BVS $FAE6                       A:53 X:02 Y:B0 P:24 SP:F9 PPU:164,338 CYC:18754
< FAB9  B0 2B     BCS $FAE6                       A:53 X:02 Y:B0 P:24 SP:F9 PPU:165,  3 CYC:18756
< FABB  30 29     BMI $FAE6                       A:53 X:02 Y:B0 P:24 SP:F9 PPU:165,  9 CYC:18758
< FABD  C9 53     CMP #$53                        A:53 X:02 Y:B0 P:24 SP:F9 PPU:165, 15 CYC:18760
< FABF  D0 25     BNE $FAE6                       A:53 X:02 Y:B0 P:27 SP:F9 PPU:165, 21 CYC:18762
< FAC1  60        RTS                             A:53 X:02 Y:B0 P:27 SP:F9 PPU:165, 27 CYC:18764
< EC44  AD 47 06  LDA $0647 = EC                  A:53 X:02 Y:B0 P:27 SP:FB PPU:165, 45 CYC:18770
< EC47  C9 EC     CMP #$EC                        A:EC X:02 Y:B0 P:A5 SP:FB PPU:165, 57 CYC:18774
< EC49  F0 02     BEQ $EC4D                       A:EC X:02 Y:B0 P:27 SP:FB PPU:165, 63 CYC:18776
< EC4D  C8        INY                             A:EC X:02 Y:B0 P:27 SP:FB PPU:165, 72 CYC:18779
< EC4E  A9 FF     LDA #$FF                        A:EC X:02 Y:B1 P:A5 SP:FB PPU:165, 78 CYC:18781
< EC50  8D 47 06  STA $0647 = EC                  A:FF X:02 Y:B1 P:A5 SP:FB PPU:165, 84 CYC:18783
< EC53  20 C2 FA  JSR $FAC2                       A:FF X:02 Y:B1 P:A5 SP:FB PPU:165, 96 CYC:18787
< FAC2  B8        CLV                             A:FF X:02 Y:B1 P:A5 SP:F9 PPU:165,114 CYC:18793
< FAC3  38        SEC                             A:FF X:02 Y:B1 P:A5 SP:F9 PPU:165,120 CYC:18795
< FAC4  A9 FF     LDA #$FF                        A:FF X:02 Y:B1 P:A5 SP:F9 PPU:165,126 CYC:18797
< FAC6  60        RTS                             A:FF X:02 Y:B1 P:A5 SP:F9 PPU:165,132 CYC:18799
< EC56  EF 47 06 *ISB $0647 = FF                  A:FF X:02 Y:B1 P:A5 SP:FB PPU:165,150 CYC:18805
< EC59  EA        NOP                             A:FF X:02 Y:B1 P:A5 SP:FB PPU:165,168 CYC:18811
< EC5A  EA        NOP                             A:FF X:02 Y:B1 P:A5 SP:FB PPU:165,174 CYC:18813
< EC5B  EA        NOP                             A:FF X:02 Y:B1 P:A5 SP:FB PPU:165,180 CYC:18815
< EC5C  EA        NOP                             A:FF X:02 Y:B1 P:A5 SP:FB PPU:165,186 CYC:18817
< EC5D  20 C7 FA  JSR $FAC7                       A:FF X:02 Y:B1 P:A5 SP:FB PPU:165,192 CYC:18819
< FAC7  70 1D     BVS $FAE6                       A:FF X:02 Y:B1 P:A5 SP:F9 PPU:165,210 CYC:18825
< FAC9  F0 1B     BEQ $FAE6                       A:FF X:02 Y:B1 P:A5 SP:F9 PPU:165,216 CYC:18827
< FACB  10 19     BPL $FAE6                       A:FF X:02 Y:B1 P:A5 SP:F9 PPU:165,222 CYC:18829
< FACD  90 17     BCC $FAE6                       A:FF X:02 Y:B1 P:A5 SP:F9 PPU:165,228 CYC:18831
< FACF  C9 FF     CMP #$FF                        A:FF X:02 Y:B1 P:A5 SP:F9 PPU:165,234 CYC:18833
< FAD1  D0 13     BNE $FAE6                       A:FF X:02 Y:B1 P:27 SP:F9 PPU:165,240 CYC:18835
< FAD3  60        RTS                             A:FF X:02 Y:B1 P:27 SP:F9 PPU:165,246 CYC:18837
< EC60  AD 47 06  LDA $0647 = 00                  A:FF X:02 Y:B1 P:27 SP:FB PPU:165,264 CYC:18843
< EC63  C9 00     CMP #$00                        A:00 X:02 Y:B1 P:27 SP:FB PPU:165,276 CYC:18847
< EC65  F0 02     BEQ $EC69                       A:00 X:02 Y:B1 P:27 SP:FB PPU:165,282 CYC:18849
< EC69  C8        INY                             A:00 X:02 Y:B1 P:27 SP:FB PPU:165,291 CYC:18852
< EC6A  A9 37     LDA #$37                        A:00 X:02 Y:B2 P:A5 SP:FB PPU:165,297 CYC:18854
< EC6C  8D 47 06  STA $0647 = 00                  A:37 X:02 Y:B2 P:25 SP:FB PPU:165,303 CYC:18856
< EC6F  20 D4 FA  JSR $FAD4                       A:37 X:02 Y:B2 P:25 SP:FB PPU:165,315 CYC:18860
< FAD4  24 01     BIT $01 = FF                    A:37 X:02 Y:B2 P:25 SP:F9 PPU:165,333 CYC:18866
< FAD6  38        SEC                             A:37 X:02 Y:B2 P:E5 SP:F9 PPU:166,  1 CYC:18869
< FAD7  A9 F0     LDA #$F0                        A:37 X:02 Y:B2 P:E5 SP:F9 PPU:166,  7 CYC:18871
< FAD9  60        RTS                             A:F0 X:02 Y:B2 P:E5 SP:F9 PPU:166, 13 CYC:18873
< EC72  EF 47 06 *ISB $0647 = 37                  A:F0 X:02 Y:B2 P:E5 SP:FB PPU:166, 31 CYC:18879
< EC75  EA        NOP                             A:B8 X:02 Y:B2 P:A5 SP:FB PPU:166, 49 CYC:18885
< EC76  EA        NOP                             A:B8 X:02 Y:B2 P:A5 SP:FB PPU:166, 55 CYC:18887
< EC77  EA        NOP                             A:B8 X:02 Y:B2 P:A5 SP:FB PPU:166, 61 CYC:18889
< EC78  EA        NOP                             A:B8 X:02 Y:B2 P:A5 SP:FB PPU:166, 67 CYC:18891
< EC79  20 DA FA  JSR $FADA                       A:B8 X:02 Y:B2 P:A5 SP:FB PPU:166, 73 CYC:18893
< FADA  70 0A     BVS $FAE6                       A:B8 X:02 Y:B2 P:A5 SP:F9 PPU:166, 91 CYC:18899
< FADC  F0 08     BEQ $FAE6                       A:B8 X:02 Y:B2 P:A5 SP:F9 PPU:166, 97 CYC:18901
< FADE  10 06     BPL $FAE6                       A:B8 X:02 Y:B2 P:A5 SP:F9 PPU:166,103 CYC:18903
< FAE0  90 04     BCC $FAE6                       A:B8 X:02 Y:B2 P:A5 SP:F9 PPU:166,109 CYC:18905
< FAE2  C9 B8     CMP #$B8                        A:B8 X:02 Y:B2 P:A5 SP:F9 PPU:166,115 CYC:18907
< FAE4  F0 02     BEQ $FAE8                       A:B8 X:02 Y:B2 P:27 SP:F9 PPU:166,121 CYC:18909
< FAE8  60        RTS                             A:B8 X:02 Y:B2 P:27 SP:F9 PPU:166,130 CYC:18912
< EC7C  AD 47 06  LDA $0647 = 38                  A:B8 X:02 Y:B2 P:27 SP:FB PPU:166,148 CYC:18918
< EC7F  C9 38     CMP #$38                        A:38 X:02 Y:B2 P:25 SP:FB PPU:166,160 CYC:18922
< EC81  F0 02     BEQ $EC85                       A:38 X:02 Y:B2 P:27 SP:FB PPU:166,166 CYC:18924
< EC85  A9 EB     LDA #$EB                        A:38 X:02 Y:B2 P:27 SP:FB PPU:166,175 CYC:18927
< EC87  8D 47 06  STA $0647 = 38                  A:EB X:02 Y:B2 P:A5 SP:FB PPU:166,181 CYC:18929
< EC8A  A9 48     LDA #$48                        A:EB X:02 Y:B2 P:A5 SP:FB PPU:166,193 CYC:18933
< EC8C  85 45     STA $45 = 48                    A:48 X:02 Y:B2 P:25 SP:FB PPU:166,199 CYC:18935
< EC8E  A9 05     LDA #$05                        A:48 X:02 Y:B2 P:25 SP:FB PPU:166,208 CYC:18938
< EC90  85 46     STA $46 = 05                    A:05 X:02 Y:B2 P:25 SP:FB PPU:166,214 CYC:18940
< EC92  A0 FF     LDY #$FF                        A:05 X:02 Y:B2 P:25 SP:FB PPU:166,223 CYC:18943
< EC94  20 B1 FA  JSR $FAB1                       A:05 X:02 Y:FF P:A5 SP:FB PPU:166,229 CYC:18945
< FAB1  24 01     BIT $01 = FF                    A:05 X:02 Y:FF P:A5 SP:F9 PPU:166,247 CYC:18951
< FAB3  18        CLC                             A:05 X:02 Y:FF P:E5 SP:F9 PPU:166,256 CYC:18954
< FAB4  A9 40     LDA #$40                        A:05 X:02 Y:FF P:E4 SP:F9 PPU:166,262 CYC:18956
< FAB6  60        RTS                             A:40 X:02 Y:FF P:64 SP:F9 PPU:166,268 CYC:18958
< EC97  F3 45    *ISB ($45),Y = 0548 @ 0647 = EB  A:40 X:02 Y:FF P:64 SP:FB PPU:166,286 CYC:18964
< EC99  EA        NOP                             A:53 X:02 Y:FF P:24 SP:FB PPU:166,310 CYC:18972
< EC9A  EA        NOP                             A:53 X:02 Y:FF P:24 SP:FB PPU:166,316 CYC:18974
< EC9B  08        PHP                             A:53 X:02 Y:FF P:24 SP:FB PPU:166,322 CYC:18976
< EC9C  48        PHA                             A:53 X:02 Y:FF P:24 SP:FA PPU:166,331 CYC:18979
< EC9D  A0 B3     LDY #$B3                        A:53 X:02 Y:FF P:24 SP:F9 PPU:166,340 CYC:18982
< EC9F  68        PLA                             A:53 X:02 Y:B3 P:A4 SP:F9 PPU:167,  5 CYC:18984
< ECA0  28        PLP                             A:53 X:02 Y:B3 P:24 SP:FA PPU:167, 17 CYC:18988
< ECA1  20 B7 FA  JSR $FAB7                       A:53 X:02 Y:B3 P:24 SP:FB PPU:167, 29 CYC:18992
< FAB7  70 2D     BVS $FAE6                       A:53 X:02 Y:B3 P:24 SP:F9 PPU:167, 47 CYC:18998
< FAB9  B0 2B     BCS $FAE6                       A:53 X:02 Y:B3 P:24 SP:F9 PPU:167, 53 CYC:19000
< FABB  30 29     BMI $FAE6                       A:53 X:02 Y:B3 P:24 SP:F9 PPU:167, 59 CYC:19002
< FABD  C9 53     CMP #$53                        A:53 X:02 Y:B3 P:24 SP:F9 PPU:167, 65 CYC:19004
< FABF  D0 25     BNE $FAE6                       A:53 X:02 Y:B3 P:27 SP:F9 PPU:167, 71 CYC:19006
< FAC1  60        RTS                             A:53 X:02 Y:B3 P:27 SP:F9 PPU:167, 77 CYC:19008
< ECA4  AD 47 06  LDA $0647 = EC                  A:53 X:02 Y:B3 P:27 SP:FB PPU:167, 95 CYC:19014
< ECA7  C9 EC     CMP #$EC                        A:EC X:02 Y:B3 P:A5 SP:FB PPU:167,107 CYC:19018
< ECA9  F0 02     BEQ $ECAD                       A:EC X:02 Y:B3 P:27 SP:FB PPU:167,113 CYC:19020
< ECAD  A0 FF     LDY #$FF                        A:EC X:02 Y:B3 P:27 SP:FB PPU:167,122 CYC:19023
< ECAF  A9 FF     LDA #$FF                        A:EC X:02 Y:FF P:A5 SP:FB PPU:167,128 CYC:19025
< ECB1  8D 47 06  STA $0647 = EC                  A:FF X:02 Y:FF P:A5 SP:FB PPU:167,134 CYC:19027
< ECB4  20 C2 FA  JSR $FAC2                       A:FF X:02 Y:FF P:A5 SP:FB PPU:167,146 CYC:19031
< FAC2  B8        CLV                             A:FF X:02 Y:FF P:A5 SP:F9 PPU:167,164 CYC:19037
< FAC3  38        SEC                             A:FF X:02 Y:FF P:A5 SP:F9 PPU:167,170 CYC:19039
< FAC4  A9 FF     LDA #$FF                        A:FF X:02 Y:FF P:A5 SP:F9 PPU:167,176 CYC:19041
< FAC6  60        RTS                             A:FF X:02 Y:FF P:A5 SP:F9 PPU:167,182 CYC:19043
< ECB7  F3 45    *ISB ($45),Y = 0548 @ 0647 = FF  A:FF X:02 Y:FF P:A5 SP:FB PPU:167,200 CYC:19049
< ECB9  EA        NOP                             A:FF X:02 Y:FF P:A5 SP:FB PPU:167,224 CYC:19057
< ECBA  EA        NOP                             A:FF X:02 Y:FF P:A5 SP:FB PPU:167,230 CYC:19059
< ECBB  08        PHP                             A:FF X:02 Y:FF P:A5 SP:FB PPU:167,236 CYC:19061
< ECBC  48        PHA                             A:FF X:02 Y:FF P:A5 SP:FA PPU:167,245 CYC:19064
< ECBD  A0 B4     LDY #$B4                        A:FF X:02 Y:FF P:A5 SP:F9 PPU:167,254 CYC:19067
< ECBF  68        PLA                             A:FF X:02 Y:B4 P:A5 SP:F9 PPU:167,260 CYC:19069
< ECC0  28        PLP                             A:FF X:02 Y:B4 P:A5 SP:FA PPU:167,272 CYC:19073
< ECC1  20 C7 FA  JSR $FAC7                       A:FF X:02 Y:B4 P:A5 SP:FB PPU:167,284 CYC:19077
< FAC7  70 1D     BVS $FAE6                       A:FF X:02 Y:B4 P:A5 SP:F9 PPU:167,302 CYC:19083
< FAC9  F0 1B     BEQ $FAE6                       A:FF X:02 Y:B4 P:A5 SP:F9 PPU:167,308 CYC:19085
< FACB  10 19     BPL $FAE6                       A:FF X:02 Y:B4 P:A5 SP:F9 PPU:167,314 CYC:19087
< FACD  90 17     BCC $FAE6                       A:FF X:02 Y:B4 P:A5 SP:F9 PPU:167,320 CYC:19089
< FACF  C9 FF     CMP #$FF                        A:FF X:02 Y:B4 P:A5 SP:F9 PPU:167,326 CYC:19091
< FAD1  D0 13     BNE $FAE6                       A:FF X:02 Y:B4 P:27 SP:F9 PPU:167,332 CYC:19093
< FAD3  60        RTS                             A:FF X:02 Y:B4 P:27 SP:F9 PPU:167,338 CYC:19095
< ECC4  AD 47 06  LDA $0647 = 00                  A:FF X:02 Y:B4 P:27 SP:FB PPU:168, 15 CYC:19101
< ECC7  C9 00     CMP #$00                        A:00 X:02 Y:B4 P:27 SP:FB PPU:168, 27 CYC:19105
< ECC9  F0 02     BEQ $ECCD                       A:00 X:02 Y:B4 P:27 SP:FB PPU:168, 33 CYC:19107
< ECCD  A0 FF     LDY #$FF                        A:00 X:02 Y:B4 P:27 SP:FB PPU:168, 42 CYC:19110
< ECCF  A9 37     LDA #$37                        A:00 X:02 Y:FF P:A5 SP:FB PPU:168, 48 CYC:19112
< ECD1  8D 47 06  STA $0647 = 00                  A:37 X:02 Y:FF P:25 SP:FB PPU:168, 54 CYC:19114
< ECD4  20 D4 FA  JSR $FAD4                       A:37 X:02 Y:FF P:25 SP:FB PPU:168, 66 CYC:19118
< FAD4  24 01     BIT $01 = FF                    A:37 X:02 Y:FF P:25 SP:F9 PPU:168, 84 CYC:19124
< FAD6  38        SEC                             A:37 X:02 Y:FF P:E5 SP:F9 PPU:168, 93 CYC:19127
< FAD7  A9 F0     LDA #$F0                        A:37 X:02 Y:FF P:E5 SP:F9 PPU:168, 99 CYC:19129
< FAD9  60        RTS                             A:F0 X:02 Y:FF P:E5 SP:F9 PPU:168,105 CYC:19131
< ECD7  F3 45    *ISB ($45),Y = 0548 @ 0647 = 37  A:F0 X:02 Y:FF P:E5 SP:FB PPU:168,123 CYC:19137
< ECD9  EA        NOP                             A:B8 X:02 Y:FF P:A5 SP:FB PPU:168,147 CYC:19145
< ECDA  EA        NOP                             A:B8 X:02 Y:FF P:A5 SP:FB PPU:168,153 CYC:19147
< ECDB  08        PHP                             A:B8 X:02 Y:FF P:A5 SP:FB PPU:168,159 CYC:19149
< ECDC  48        PHA                             A:B8 X:02 Y:FF P:A5 SP:FA PPU:168,168 CYC:19152
< ECDD  A0 B5     LDY #$B5                        A:B8 X:02 Y:FF P:A5 SP:F9 PPU:168,177 CYC:19155
< ECDF  68        PLA                             A:B8 X:02 Y:B5 P:A5 SP:F9 PPU:168,183 CYC:19157
< ECE0  28        PLP                             A:B8 X:02 Y:B5 P:A5 SP:FA PPU:168,195 CYC:19161
< ECE1  20 DA FA  JSR $FADA                       A:B8 X:02 Y:B5 P:A5 SP:FB PPU:168,207 CYC:19165
< FADA  70 0A     BVS $FAE6                       A:B8 X:02 Y:B5 P:A5 SP:F9 PPU:168,225 CYC:19171
< FADC  F0 08     BEQ $FAE6                       A:B8 X:02 Y:B5 P:A5 SP:F9 PPU:168,231 CYC:19173
< FADE  10 06     BPL $FAE6                       A:B8 X:02 Y:B5 P:A5 SP:F9 PPU:168,237 CYC:19175
< FAE0  90 04     BCC $FAE6                       A:B8 X:02 Y:B5 P:A5 SP:F9 PPU:168,243 CYC:19177
< FAE2  C9 B8     CMP #$B8                        A:B8 X:02 Y:B5 P:A5 SP:F9 PPU:168,249 CYC:19179
< FAE4  F0 02     BEQ $FAE8                       A:B8 X:02 Y:B5 P:27 SP:F9 PPU:168,255 CYC:19181
< FAE8  60        RTS                             A:B8 X:02 Y:B5 P:27 SP:F9 PPU:168,264 CYC:19184
< ECE4  AD 47 06  LDA $0647 = 38                  A:B8 X:02 Y:B5 P:27 SP:FB PPU:168,282 CYC:19190
< ECE7  C9 38     CMP #$38                        A:38 X:02 Y:B5 P:25 SP:FB PPU:168,294 CYC:19194
< ECE9  F0 02     BEQ $ECED                       A:38 X:02 Y:B5 P:27 SP:FB PPU:168,300 CYC:19196
< ECED  A0 B6     LDY #$B6                        A:38 X:02 Y:B5 P:27 SP:FB PPU:168,309 CYC:19199
< ECEF  A2 FF     LDX #$FF                        A:38 X:02 Y:B6 P:A5 SP:FB PPU:168,315 CYC:19201
< ECF1  A9 EB     LDA #$EB                        A:38 X:FF Y:B6 P:A5 SP:FB PPU:168,321 CYC:19203
< ECF3  85 47     STA $47 = 38                    A:EB X:FF Y:B6 P:A5 SP:FB PPU:168,327 CYC:19205
< ECF5  20 B1 FA  JSR $FAB1                       A:EB X:FF Y:B6 P:A5 SP:FB PPU:168,336 CYC:19208
< FAB1  24 01     BIT $01 = FF                    A:EB X:FF Y:B6 P:A5 SP:F9 PPU:169, 13 CYC:19214
< FAB3  18        CLC                             A:EB X:FF Y:B6 P:E5 SP:F9 PPU:169, 22 CYC:19217
< FAB4  A9 40     LDA #$40                        A:EB X:FF Y:B6 P:E4 SP:F9 PPU:169, 28 CYC:19219
< FAB6  60        RTS                             A:40 X:FF Y:B6 P:64 SP:F9 PPU:169, 34 CYC:19221
< ECF8  F7 48    *ISB $48,X @ 47 = EB             A:40 X:FF Y:B6 P:64 SP:FB PPU:169, 52 CYC:19227
< ECFA  EA        NOP                             A:53 X:FF Y:B6 P:24 SP:FB PPU:169, 70 CYC:19233
< ECFB  EA        NOP                             A:53 X:FF Y:B6 P:24 SP:FB PPU:169, 76 CYC:19235
< ECFC  EA        NOP                             A:53 X:FF Y:B6 P:24 SP:FB PPU:169, 82 CYC:19237
< ECFD  EA        NOP                             A:53 X:FF Y:B6 P:24 SP:FB PPU:169, 88 CYC:19239
< ECFE  20 B7 FA  JSR $FAB7                       A:53 X:FF Y:B6 P:24 SP:FB PPU:169, 94 CYC:19241
< FAB7  70 2D     BVS $FAE6                       A:53 X:FF Y:B6 P:24 SP:F9 PPU:169,112 CYC:19247
< FAB9  B0 2B     BCS $FAE6                       A:53 X:FF Y:B6 P:24 SP:F9 PPU:169,118 CYC:19249
< FABB  30 29     BMI $FAE6                       A:53 X:FF Y:B6 P:24 SP:F9 PPU:169,124 CYC:19251
< FABD  C9 53     CMP #$53                        A:53 X:FF Y:B6 P:24 SP:F9 PPU:169,130 CYC:19253
< FABF  D0 25     BNE $FAE6                       A:53 X:FF Y:B6 P:27 SP:F9 PPU:169,136 CYC:19255
< FAC1  60        RTS                             A:53 X:FF Y:B6 P:27 SP:F9 PPU:169,142 CYC:19257
< ED01  A5 47     LDA $47 = EC                    A:53 X:FF Y:B6 P:27 SP:FB PPU:169,160 CYC:19263
< ED03  C9 EC     CMP #$EC                        A:EC X:FF Y:B6 P:A5 SP:FB PPU:169,169 CYC:19266
< ED05  F0 02     BEQ $ED09                       A:EC X:FF Y:B6 P:27 SP:FB PPU:169,175 CYC:19268
< ED09  C8        INY                             A:EC X:FF Y:B6 P:27 SP:FB PPU:169,184 CYC:19271
< ED0A  A9 FF     LDA #$FF                        A:EC X:FF Y:B7 P:A5 SP:FB PPU:169,190 CYC:19273
< ED0C  85 47     STA $47 = EC                    A:FF X:FF Y:B7 P:A5 SP:FB PPU:169,196 CYC:19275
< ED0E  20 C2 FA  JSR $FAC2                       A:FF X:FF Y:B7 P:A5 SP:FB PPU:169,205 CYC:19278
< FAC2  B8        CLV                             A:FF X:FF Y:B7 P:A5 SP:F9 PPU:169,223 CYC:19284
< FAC3  38        SEC                             A:FF X:FF Y:B7 P:A5 SP:F9 PPU:169,229 CYC:19286
< FAC4  A9 FF     LDA #$FF                        A:FF X:FF Y:B7 P:A5 SP:F9 PPU:169,235 CYC:19288
< FAC6  60        RTS                             A:FF X:FF Y:B7 P:A5 SP:F9 PPU:169,241 CYC:19290
< ED11  F7 48    *ISB $48,X @ 47 = FF             A:FF X:FF Y:B7 P:A5 SP:FB PPU:169,259 CYC:19296
< ED13  EA        NOP                             A:FF X:FF Y:B7 P:A5 SP:FB PPU:169,277 CYC:19302
< ED14  EA        NOP                             A:FF X:FF Y:B7 P:A5 SP:FB PPU:169,283 CYC:19304
< ED15  EA        NOP                             A:FF X:FF Y:B7 P:A5 SP:FB PPU:169,289 CYC:19306
< ED16  EA        NOP                             A:FF X:FF Y:B7 P:A5 SP:FB PPU:169,295 CYC:19308
< ED17  20 C7 FA  JSR $FAC7                       A:FF X:FF Y:B7 P:A5 SP:FB PPU:169,301 CYC:19310
< FAC7  70 1D     BVS $FAE6                       A:FF X:FF Y:B7 P:A5 SP:F9 PPU:169,319 CYC:19316
< FAC9  F0 1B     BEQ $FAE6                       A:FF X:FF Y:B7 P:A5 SP:F9 PPU:169,325 CYC:19318
< FACB  10 19     BPL $FAE6                       A:FF X:FF Y:B7 P:A5 SP:F9 PPU:169,331 CYC:19320
< FACD  90 17     BCC $FAE6                       A:FF X:FF Y:B7 P:A5 SP:F9 PPU:169,337 CYC:19322
< FACF  C9 FF     CMP #$FF                        A:FF X:FF Y:B7 P:A5 SP:F9 PPU:170,  2 CYC:19324
< FAD1  D0 13     BNE $FAE6                       A:FF X:FF Y:B7 P:27 SP:F9 PPU:170,  8 CYC:19326
< FAD3  60        RTS                             A:FF X:FF Y:B7 P:27 SP:F9 PPU:170, 14 CYC:19328
< ED1A  A5 47     LDA $47 = 00                    A:FF X:FF Y:B7 P:27 SP:FB PPU:170, 32 CYC:19334
< ED1C  C9 00     CMP #$00                        A:00 X:FF Y:B7 P:27 SP:FB PPU:170, 41 CYC:19337
< ED1E  F0 02     BEQ $ED22                       A:00 X:FF Y:B7 P:27 SP:FB PPU:170, 47 CYC:19339
< ED22  C8        INY                             A:00 X:FF Y:B7 P:27 SP:FB PPU:170, 56 CYC:19342
< ED23  A9 37     LDA #$37                        A:00 X:FF Y:B8 P:A5 SP:FB PPU:170, 62 CYC:19344
< ED25  85 47     STA $47 = 00                    A:37 X:FF Y:B8 P:25 SP:FB PPU:170, 68 CYC:19346
< ED27  20 D4 FA  JSR $FAD4                       A:37 X:FF Y:B8 P:25 SP:FB PPU:170, 77 CYC:19349
< FAD4  24 01     BIT $01 = FF                    A:37 X:FF Y:B8 P:25 SP:F9 PPU:170, 95 CYC:19355
< FAD6  38        SEC                             A:37 X:FF Y:B8 P:E5 SP:F9 PPU:170,104 CYC:19358
< FAD7  A9 F0     LDA #$F0                        A:37 X:FF Y:B8 P:E5 SP:F9 PPU:170,110 CYC:19360
< FAD9  60        RTS                             A:F0 X:FF Y:B8 P:E5 SP:F9 PPU:170,116 CYC:19362
< ED2A  F7 48    *ISB $48,X @ 47 = 37             A:F0 X:FF Y:B8 P:E5 SP:FB PPU:170,134 CYC:19368
< ED2C  EA        NOP                             A:B8 X:FF Y:B8 P:A5 SP:FB PPU:170,152 CYC:19374
< ED2D  EA        NOP                             A:B8 X:FF Y:B8 P:A5 SP:FB PPU:170,158 CYC:19376
< ED2E  EA        NOP                             A:B8 X:FF Y:B8 P:A5 SP:FB PPU:170,164 CYC:19378
< ED2F  EA        NOP                             A:B8 X:FF Y:B8 P:A5 SP:FB PPU:170,170 CYC:19380
< ED30  20 DA FA  JSR $FADA                       A:B8 X:FF Y:B8 P:A5 SP:FB PPU:170,176 CYC:19382
< FADA  70 0A     BVS $FAE6                       A:B8 X:FF Y:B8 P:A5 SP:F9 PPU:170,194 CYC:19388
< FADC  F0 08     BEQ $FAE6                       A:B8 X:FF Y:B8 P:A5 SP:F9 PPU:170,200 CYC:19390
< FADE  10 06     BPL $FAE6                       A:B8 X:FF Y:B8 P:A5 SP:F9 PPU:170,206 CYC:19392
< FAE0  90 04     BCC $FAE6                       A:B8 X:FF Y:B8 P:A5 SP:F9 PPU:170,212 CYC:19394
< FAE2  C9 B8     CMP #$B8                        A:B8 X:FF Y:B8 P:A5 SP:F9 PPU:170,218 CYC:19396
< FAE4  F0 02     BEQ $FAE8                       A:B8 X:FF Y:B8 P:27 SP:F9 PPU:170,224 CYC:19398
< FAE8  60        RTS                             A:B8 X:FF Y:B8 P:27 SP:F9 PPU:170,233 CYC:19401
< ED33  A5 47     LDA $47 = 38                    A:B8 X:FF Y:B8 P:27 SP:FB PPU:170,251 CYC:19407
< ED35  C9 38     CMP #$38                        A:38 X:FF Y:B8 P:25 SP:FB PPU:170,260 CYC:19410
< ED37  F0 02     BEQ $ED3B                       A:38 X:FF Y:B8 P:27 SP:FB PPU:170,266 CYC:19412
< ED3B  A9 EB     LDA #$EB                        A:38 X:FF Y:B8 P:27 SP:FB PPU:170,275 CYC:19415
< ED3D  8D 47 06  STA $0647 = 38                  A:EB X:FF Y:B8 P:A5 SP:FB PPU:170,281 CYC:19417
< ED40  A0 FF     LDY #$FF                        A:EB X:FF Y:B8 P:A5 SP:FB PPU:170,293 CYC:19421
< ED42  20 B1 FA  JSR $FAB1                       A:EB X:FF Y:FF P:A5 SP:FB PPU:170,299 CYC:19423
< FAB1  24 01     BIT $01 = FF                    A:EB X:FF Y:FF P:A5 SP:F9 PPU:170,317 CYC:19429
< FAB3  18        CLC                             A:EB X:FF Y:FF P:E5 SP:F9 PPU:170,326 CYC:19432
< FAB4  A9 40     LDA #$40                        A:EB X:FF Y:FF P:E4 SP:F9 PPU:170,332 CYC:19434
< FAB6  60        RTS                             A:40 X:FF Y:FF P:64 SP:F9 PPU:170,338 CYC:19436
< ED45  FB 48 05 *ISB $0548,Y @ 0647 = EB         A:40 X:FF Y:FF P:64 SP:FB PPU:171, 15 CYC:19442
< ED48  EA        NOP                             A:53 X:FF Y:FF P:24 SP:FB PPU:171, 36 CYC:19449
< ED49  EA        NOP                             A:53 X:FF Y:FF P:24 SP:FB PPU:171, 42 CYC:19451
< ED4A  08        PHP                             A:53 X:FF Y:FF P:24 SP:FB PPU:171, 48 CYC:19453
< ED4B  48        PHA                             A:53 X:FF Y:FF P:24 SP:FA PPU:171, 57 CYC:19456
< ED4C  A0 B9     LDY #$B9                        A:53 X:FF Y:FF P:24 SP:F9 PPU:171, 66 CYC:19459
< ED4E  68        PLA                             A:53 X:FF Y:B9 P:A4 SP:F9 PPU:171, 72 CYC:19461
< ED4F  28        PLP                             A:53 X:FF Y:B9 P:24 SP:FA PPU:171, 84 CYC:19465
< ED50  20 B7 FA  JSR $FAB7                       A:53 X:FF Y:B9 P:24 SP:FB PPU:171, 96 CYC:19469
< FAB7  70 2D     BVS $FAE6                       A:53 X:FF Y:B9 P:24 SP:F9 PPU:171,114 CYC:19475
< FAB9  B0 2B     BCS $FAE6                       A:53 X:FF Y:B9 P:24 SP:F9 PPU:171,120 CYC:19477
< FABB  30 29     BMI $FAE6                       A:53 X:FF Y:B9 P:24 SP:F9 PPU:171,126 CYC:19479
< FABD  C9 53     CMP #$53                        A:53 X:FF Y:B9 P:24 SP:F9 PPU:171,132 CYC:19481
< FABF  D0 25     BNE $FAE6                       A:53 X:FF Y:B9 P:27 SP:F9 PPU:171,138 CYC:19483
< FAC1  60        RTS                             A:53 X:FF Y:B9 P:27 SP:F9 PPU:171,144 CYC:19485
< ED53  AD 47 06  LDA $0647 = EC                  A:53 X:FF Y:B9 P:27 SP:FB PPU:171,162 CYC:19491
< ED56  C9 EC     CMP #$EC                        A:EC X:FF Y:B9 P:A5 SP:FB PPU:171,174 CYC:19495
< ED58  F0 02     BEQ $ED5C                       A:EC X:FF Y:B9 P:27 SP:FB PPU:171,180 CYC:19497
< ED5C  A0 FF     LDY #$FF                        A:EC X:FF Y:B9 P:27 SP:FB PPU:171,189 CYC:19500
< ED5E  A9 FF     LDA #$FF                        A:EC X:FF Y:FF P:A5 SP:FB PPU:171,195 CYC:19502
< ED60  8D 47 06  STA $0647 = EC                  A:FF X:FF Y:FF P:A5 SP:FB PPU:171,201 CYC:19504
< ED63  20 C2 FA  JSR $FAC2                       A:FF X:FF Y:FF P:A5 SP:FB PPU:171,213 CYC:19508
< FAC2  B8        CLV                             A:FF X:FF Y:FF P:A5 SP:F9 PPU:171,231 CYC:19514
< FAC3  38        SEC                             A:FF X:FF Y:FF P:A5 SP:F9 PPU:171,237 CYC:19516
< FAC4  A9 FF     LDA #$FF                        A:FF X:FF Y:FF P:A5 SP:F9 PPU:171,243 CYC:19518
< FAC6  60        RTS                             A:FF X:FF Y:FF P:A5 SP:F9 PPU:171,249 CYC:19520
< ED66  FB 48 05 *ISB $0548,Y @ 0647 = FF         A:FF X:FF Y:FF P:A5 SP:FB PPU:171,267 CYC:19526
< ED69  EA        NOP                             A:FF X:FF Y:FF P:A5 SP:FB PPU:171,288 CYC:19533
< ED6A  EA        NOP                             A:FF X:FF Y:FF P:A5 SP:FB PPU:171,294 CYC:19535
< ED6B  08        PHP                             A:FF X:FF Y:FF P:A5 SP:FB PPU:171,300 CYC:19537
< ED6C  48        PHA                             A:FF X:FF Y:FF P:A5 SP:FA PPU:171,309 CYC:19540
< ED6D  A0 BA     LDY #$BA                        A:FF X:FF Y:FF P:A5 SP:F9 PPU:171,318 CYC:19543
< ED6F  68        PLA                             A:FF X:FF Y:BA P:A5 SP:F9 PPU:171,324 CYC:19545
< ED70  28        PLP                             A:FF X:FF Y:BA P:A5 SP:FA PPU:171,336 CYC:19549
< ED71  20 C7 FA  JSR $FAC7                       A:FF X:FF Y:BA P:A5 SP:FB PPU:172,  7 CYC:19553
< FAC7  70 1D     BVS $FAE6                       A:FF X:FF Y:BA P:A5 SP:F9 PPU:172, 25 CYC:19559
< FAC9  F0 1B     BEQ $FAE6                       A:FF X:FF Y:BA P:A5 SP:F9 PPU:172, 31 CYC:19561
< FACB  10 19     BPL $FAE6                       A:FF X:FF Y:BA P:A5 SP:F9 PPU:172, 37 CYC:19563
< FACD  90 17     BCC $FAE6                       A:FF X:FF Y:BA P:A5 SP:F9 PPU:172, 43 CYC:19565
< FACF  C9 FF     CMP #$FF                        A:FF X:FF Y:BA P:A5 SP:F9 PPU:172, 49 CYC:19567
< FAD1  D0 13     BNE $FAE6                       A:FF X:FF Y:BA P:27 SP:F9 PPU:172, 55 CYC:19569
< FAD3  60        RTS                             A:FF X:FF Y:BA P:27 SP:F9 PPU:172, 61 CYC:19571
< ED74  AD 47 06  LDA $0647 = 00                  A:FF X:FF Y:BA P:27 SP:FB PPU:172, 79 CYC:19577
< ED77  C9 00     CMP #$00                        A:00 X:FF Y:BA P:27 SP:FB PPU:172, 91 CYC:19581
< ED79  F0 02     BEQ $ED7D                       A:00 X:FF Y:BA P:27 SP:FB PPU:172, 97 CYC:19583
< ED7D  A0 FF     LDY #$FF                        A:00 X:FF Y:BA P:27 SP:FB PPU:172,106 CYC:19586
< ED7F  A9 37     LDA #$37                        A:00 X:FF Y:FF P:A5 SP:FB PPU:172,112 CYC:19588
< ED81  8D 47 06  STA $0647 = 00                  A:37 X:FF Y:FF P:25 SP:FB PPU:172,118 CYC:19590
< ED84  20 D4 FA  JSR $FAD4                       A:37 X:FF Y:FF P:25 SP:FB PPU:172,130 CYC:19594
< FAD4  24 01     BIT $01 = FF                    A:37 X:FF Y:FF P:25 SP:F9 PPU:172,148 CYC:19600
< FAD6  38        SEC                             A:37 X:FF Y:FF P:E5 SP:F9 PPU:172,157 CYC:19603
< FAD7  A9 F0     LDA #$F0                        A:37 X:FF Y:FF P:E5 SP:F9 PPU:172,163 CYC:19605
< FAD9  60        RTS                             A:F0 X:FF Y:FF P:E5 SP:F9 PPU:172,169 CYC:19607
< ED87  FB 48 05 *ISB $0548,Y @ 0647 = 37         A:F0 X:FF Y:FF P:E5 SP:FB PPU:172,187 CYC:19613
< ED8A  EA        NOP                             A:B8 X:FF Y:FF P:A5 SP:FB PPU:172,208 CYC:19620
< ED8B  EA        NOP                             A:B8 X:FF Y:FF P:A5 SP:FB PPU:172,214 CYC:19622
< ED8C  08        PHP                             A:B8 X:FF Y:FF P:A5 SP:FB PPU:172,220 CYC:19624
< ED8D  48        PHA                             A:B8 X:FF Y:FF P:A5 SP:FA PPU:172,229 CYC:19627
< ED8E  A0 BB     LDY #$BB                        A:B8 X:FF Y:FF P:A5 SP:F9 PPU:172,238 CYC:19630
< ED90  68        PLA                             A:B8 X:FF Y:BB P:A5 SP:F9 PPU:172,244 CYC:19632
< ED91  28        PLP                             A:B8 X:FF Y:BB P:A5 SP:FA PPU:172,256 CYC:19636
< ED92  20 DA FA  JSR $FADA                       A:B8 X:FF Y:BB P:A5 SP:FB PPU:172,268 CYC:19640
< FADA  70 0A     BVS $FAE6                       A:B8 X:FF Y:BB P:A5 SP:F9 PPU:172,286 CYC:19646
< FADC  F0 08     BEQ $FAE6                       A:B8 X:FF Y:BB P:A5 SP:F9 PPU:172,292 CYC:19648
< FADE  10 06     BPL $FAE6                       A:B8 X:FF Y:BB P:A5 SP:F9 PPU:172,298 CYC:19650
< FAE0  90 04     BCC $FAE6                       A:B8 X:FF Y:BB P:A5 SP:F9 PPU:172,304 CYC:19652
< FAE2  C9 B8     CMP #$B8                        A:B8 X:FF Y:BB P:A5 SP:F9 PPU:172,310 CYC:19654
< FAE4  F0 02     BEQ $FAE8                       A:B8 X:FF Y:BB P:27 SP:F9 PPU:172,316 CYC:19656
< FAE8  60        RTS                             A:B8 X:FF Y:BB P:27 SP:F9 PPU:172,325 CYC:19659
< ED95  AD 47 06  LDA $0647 = 38                  A:B8 X:FF Y:BB P:27 SP:FB PPU:173,  2 CYC:19665
< ED98  C9 38     CMP #$38                        A:38 X:FF Y:BB P:25 SP:FB PPU:173, 14 CYC:19669
< ED9A  F0 02     BEQ $ED9E                       A:38 X:FF Y:BB P:27 SP:FB PPU:173, 20 CYC:19671
< ED9E  A0 BC     LDY #$BC                        A:38 X:FF Y:BB P:27 SP:FB PPU:173, 29 CYC:19674
< EDA0  A2 FF     LDX #$FF                        A:38 X:FF Y:BC P:A5 SP:FB PPU:173, 35 CYC:19676
< EDA2  A9 EB     LDA #$EB                        A:38 X:FF Y:BC P:A5 SP:FB PPU:173, 41 CYC:19678
< EDA4  8D 47 06  STA $0647 = 38                  A:EB X:FF Y:BC P:A5 SP:FB PPU:173, 47 CYC:19680
< EDA7  20 B1 FA  JSR $FAB1                       A:EB X:FF Y:BC P:A5 SP:FB PPU:173, 59 CYC:19684
< FAB1  24 01     BIT $01 = FF                    A:EB X:FF Y:BC P:A5 SP:F9 PPU:173, 77 CYC:19690
< FAB3  18        CLC                             A:EB X:FF Y:BC P:E5 SP:F9 PPU:173, 86 CYC:19693
< FAB4  A9 40     LDA #$40                        A:EB X:FF Y:BC P:E4 SP:F9 PPU:173, 92 CYC:19695
< FAB6  60        RTS                             A:40 X:FF Y:BC P:64 SP:F9 PPU:173, 98 CYC:19697
< EDAA  FF 48 05 *ISB $0548,X @ 0647 = EB         A:40 X:FF Y:BC P:64 SP:FB PPU:173,116 CYC:19703
< EDAD  EA        NOP                             A:53 X:FF Y:BC P:24 SP:FB PPU:173,137 CYC:19710
< EDAE  EA        NOP                             A:53 X:FF Y:BC P:24 SP:FB PPU:173,143 CYC:19712
< EDAF  EA        NOP                             A:53 X:FF Y:BC P:24 SP:FB PPU:173,149 CYC:19714
< EDB0  EA        NOP                             A:53 X:FF Y:BC P:24 SP:FB PPU:173,155 CYC:19716
< EDB1  20 B7 FA  JSR $FAB7                       A:53 X:FF Y:BC P:24 SP:FB PPU:173,161 CYC:19718
< FAB7  70 2D     BVS $FAE6                       A:53 X:FF Y:BC P:24 SP:F9 PPU:173,179 CYC:19724
< FAB9  B0 2B     BCS $FAE6                       A:53 X:FF Y:BC P:24 SP:F9 PPU:173,185 CYC:19726
< FABB  30 29     BMI $FAE6                       A:53 X:FF Y:BC P:24 SP:F9 PPU:173,191 CYC:19728
< FABD  C9 53     CMP #$53                        A:53 X:FF Y:BC P:24 SP:F9 PPU:173,197 CYC:19730
< FABF  D0 25     BNE $FAE6                       A:53 X:FF Y:BC P:27 SP:F9 PPU:173,203 CYC:19732
< FAC1  60        RTS                             A:53 X:FF Y:BC P:27 SP:F9 PPU:173,209 CYC:19734
< EDB4  AD 47 06  LDA $0647 = EC                  A:53 X:FF Y:BC P:27 SP:FB PPU:173,227 CYC:19740
< EDB7  C9 EC     CMP #$EC                        A:EC X:FF Y:BC P:A5 SP:FB PPU:173,239 CYC:19744
< EDB9  F0 02     BEQ $EDBD                       A:EC X:FF Y:BC P:27 SP:FB PPU:173,245 CYC:19746
< EDBD  C8        INY                             A:EC X:FF Y:BC P:27 SP:FB PPU:173,254 CYC:19749
< EDBE  A9 FF     LDA #$FF                        A:EC X:FF Y:BD P:A5 SP:FB PPU:173,260 CYC:19751
< EDC0  8D 47 06  STA $0647 = EC                  A:FF X:FF Y:BD P:A5 SP:FB PPU:173,266 CYC:19753
< EDC3  20 C2 FA  JSR $FAC2                       A:FF X:FF Y:BD P:A5 SP:FB PPU:173,278 CYC:19757
< FAC2  B8        CLV                             A:FF X:FF Y:BD P:A5 SP:F9 PPU:173,296 CYC:19763
< FAC3  38        SEC                             A:FF X:FF Y:BD P:A5 SP:F9 PPU:173,302 CYC:19765
< FAC4  A9 FF     LDA #$FF                        A:FF X:FF Y:BD P:A5 SP:F9 PPU:173,308 CYC:19767
< FAC6  60        RTS                             A:FF X:FF Y:BD P:A5 SP:F9 PPU:173,314 CYC:19769
< EDC6  FF 48 05 *ISB $0548,X @ 0647 = FF         A:FF X:FF Y:BD P:A5 SP:FB PPU:173,332 CYC:19775
< EDC9  EA        NOP                             A:FF X:FF Y:BD P:A5 SP:FB PPU:174, 12 CYC:19782
< EDCA  EA        NOP                             A:FF X:FF Y:BD P:A5 SP:FB PPU:174, 18 CYC:19784
< EDCB  EA        NOP                             A:FF X:FF Y:BD P:A5 SP:FB PPU:174, 24 CYC:19786
< EDCC  EA        NOP                             A:FF X:FF Y:BD P:A5 SP:FB PPU:174, 30 CYC:19788
< EDCD  20 C7 FA  JSR $FAC7                       A:FF X:FF Y:BD P:A5 SP:FB PPU:174, 36 CYC:19790
< FAC7  70 1D     BVS $FAE6                       A:FF X:FF Y:BD P:A5 SP:F9 PPU:174, 54 CYC:19796
< FAC9  F0 1B     BEQ $FAE6                       A:FF X:FF Y:BD P:A5 SP:F9 PPU:174, 60 CYC:19798
< FACB  10 19     BPL $FAE6                       A:FF X:FF Y:BD P:A5 SP:F9 PPU:174, 66 CYC:19800
< FACD  90 17     BCC $FAE6                       A:FF X:FF Y:BD P:A5 SP:F9 PPU:174, 72 CYC:19802
< FACF  C9 FF     CMP #$FF                        A:FF X:FF Y:BD P:A5 SP:F9 PPU:174, 78 CYC:19804
< FAD1  D0 13     BNE $FAE6                       A:FF X:FF Y:BD P:27 SP:F9 PPU:174, 84 CYC:19806
< FAD3  60        RTS                             A:FF X:FF Y:BD P:27 SP:F9 PPU:174, 90 CYC:19808
< EDD0  AD 47 06  LDA $0647 = 00                  A:FF X:FF Y:BD P:27 SP:FB PPU:174,108 CYC:19814
< EDD3  C9 00     CMP #$00                        A:00 X:FF Y:BD P:27 SP:FB PPU:174,120 CYC:19818
< EDD5  F0 02     BEQ $EDD9                       A:00 X:FF Y:BD P:27 SP:FB PPU:174,126 CYC:19820
< EDD9  C8        INY                             A:00 X:FF Y:BD P:27 SP:FB PPU:174,135 CYC:19823
< EDDA  A9 37     LDA #$37                        A:00 X:FF Y:BE P:A5 SP:FB PPU:174,141 CYC:19825
< EDDC  8D 47 06  STA $0647 = 00                  A:37 X:FF Y:BE P:25 SP:FB PPU:174,147 CYC:19827
< EDDF  20 D4 FA  JSR $FAD4                       A:37 X:FF Y:BE P:25 SP:FB PPU:174,159 CYC:19831
< FAD4  24 01     BIT $01 = FF                    A:37 X:FF Y:BE P:25 SP:F9 PPU:174,177 CYC:19837
< FAD6  38        SEC                             A:37 X:FF Y:BE P:E5 SP:F9 PPU:174,186 CYC:19840
< FAD7  A9 F0     LDA #$F0                        A:37 X:FF Y:BE P:E5 SP:F9 PPU:174,192 CYC:19842
< FAD9  60        RTS                             A:F0 X:FF Y:BE P:E5 SP:F9 PPU:174,198 CYC:19844
< EDE2  FF 48 05 *ISB $0548,X @ 0647 = 37         A:F0 X:FF Y:BE P:E5 SP:FB PPU:174,216 CYC:19850
< EDE5  EA        NOP                             A:B8 X:FF Y:BE P:A5 SP:FB PPU:174,237 CYC:19857
< EDE6  EA        NOP                             A:B8 X:FF Y:BE P:A5 SP:FB PPU:174,243 CYC:19859
< EDE7  EA        NOP                             A:B8 X:FF Y:BE P:A5 SP:FB PPU:174,249 CYC:19861
< EDE8  EA        NOP                             A:B8 X:FF Y:BE P:A5 SP:FB PPU:174,255 CYC:19863
< EDE9  20 DA FA  JSR $FADA                       A:B8 X:FF Y:BE P:A5 SP:FB PPU:174,261 CYC:19865
< FADA  70 0A     BVS $FAE6                       A:B8 X:FF Y:BE P:A5 SP:F9 PPU:174,279 CYC:19871
< FADC  F0 08     BEQ $FAE6                       A:B8 X:FF Y:BE P:A5 SP:F9 PPU:174,285 CYC:19873
< FADE  10 06     BPL $FAE6                       A:B8 X:FF Y:BE P:A5 SP:F9 PPU:174,291 CYC:19875
< FAE0  90 04     BCC $FAE6                       A:B8 X:FF Y:BE P:A5 SP:F9 PPU:174,297 CYC:19877
< FAE2  C9 B8     CMP #$B8                        A:B8 X:FF Y:BE P:A5 SP:F9 PPU:174,303 CYC:19879
< FAE4  F0 02     BEQ $FAE8                       A:B8 X:FF Y:BE P:27 SP:F9 PPU:174,309 CYC:19881
< FAE8  60        RTS                             A:B8 X:FF Y:BE P:27 SP:F9 PPU:174,318 CYC:19884
< EDEC  AD 47 06  LDA $0647 = 38                  A:B8 X:FF Y:BE P:27 SP:FB PPU:174,336 CYC:19890
< EDEF  C9 38     CMP #$38                        A:38 X:FF Y:BE P:25 SP:FB PPU:175,  7 CYC:19894
< EDF1  F0 02     BEQ $EDF5                       A:38 X:FF Y:BE P:27 SP:FB PPU:175, 13 CYC:19896
< EDF5  60        RTS                             A:38 X:FF Y:BE P:27 SP:FB PPU:175, 22 CYC:19899
< C641  20 F6 ED  JSR $EDF6                       A:38 X:FF Y:BE P:27 SP:FD PPU:175, 40 CYC:19905
< EDF6  A9 FF     LDA #$FF                        A:38 X:FF Y:BE P:27 SP:FB PPU:175, 58 CYC:19911
< EDF8  85 01     STA $01 = FF                    A:FF X:FF Y:BE P:A5 SP:FB PPU:175, 64 CYC:19913
< EDFA  A0 BF     LDY #$BF                        A:FF X:FF Y:BE P:A5 SP:FB PPU:175, 73 CYC:19916
< EDFC  A2 02     LDX #$02                        A:FF X:FF Y:BF P:A5 SP:FB PPU:175, 79 CYC:19918
< EDFE  A9 47     LDA #$47                        A:FF X:02 Y:BF P:25 SP:FB PPU:175, 85 CYC:19920
< EE00  85 47     STA $47 = 38                    A:47 X:02 Y:BF P:25 SP:FB PPU:175, 91 CYC:19922
< EE02  A9 06     LDA #$06                        A:47 X:02 Y:BF P:25 SP:FB PPU:175,100 CYC:19925
< EE04  85 48     STA $48 = 06                    A:06 X:02 Y:BF P:25 SP:FB PPU:175,106 CYC:19927
< EE06  A9 A5     LDA #$A5                        A:06 X:02 Y:BF P:25 SP:FB PPU:175,115 CYC:19930
< EE08  8D 47 06  STA $0647 = 38                  A:A5 X:02 Y:BF P:A5 SP:FB PPU:175,121 CYC:19932
< EE0B  20 7B FA  JSR $FA7B                       A:A5 X:02 Y:BF P:A5 SP:FB PPU:175,133 CYC:19936
< FA7B  24 01     BIT $01 = FF                    A:A5 X:02 Y:BF P:A5 SP:F9 PPU:175,151 CYC:19942
< FA7D  18        CLC                             A:A5 X:02 Y:BF P:E5 SP:F9 PPU:175,160 CYC:19945
< FA7E  A9 B3     LDA #$B3                        A:A5 X:02 Y:BF P:E4 SP:F9 PPU:175,166 CYC:19947
< FA80  60        RTS                             A:B3 X:02 Y:BF P:E4 SP:F9 PPU:175,172 CYC:19949
< EE0E  03 45    *SLO ($45,X) @ 47 = 0647 = A5    A:B3 X:02 Y:BF P:E4 SP:FB PPU:175,190 CYC:19955
< EE10  EA        NOP                             A:FB X:02 Y:BF P:E5 SP:FB PPU:175,214 CYC:19963
< EE11  EA        NOP                             A:FB X:02 Y:BF P:E5 SP:FB PPU:175,220 CYC:19965
< EE12  EA        NOP                             A:FB X:02 Y:BF P:E5 SP:FB PPU:175,226 CYC:19967
< EE13  EA        NOP                             A:FB X:02 Y:BF P:E5 SP:FB PPU:175,232 CYC:19969
< EE14  20 81 FA  JSR $FA81                       A:FB X:02 Y:BF P:E5 SP:FB PPU:175,238 CYC:19971
< FA81  50 63     BVC $FAE6                       A:FB X:02 Y:BF P:E5 SP:F9 PPU:175,256 CYC:19977
< FA83  90 61     BCC $FAE6                       A:FB X:02 Y:BF P:E5 SP:F9 PPU:175,262 CYC:19979
< FA85  10 5F     BPL $FAE6                       A:FB X:02 Y:BF P:E5 SP:F9 PPU:175,268 CYC:19981
< FA87  C9 FB     CMP #$FB                        A:FB X:02 Y:BF P:E5 SP:F9 PPU:175,274 CYC:19983
< FA89  D0 5B     BNE $FAE6                       A:FB X:02 Y:BF P:67 SP:F9 PPU:175,280 CYC:19985
< FA8B  60        RTS                             A:FB X:02 Y:BF P:67 SP:F9 PPU:175,286 CYC:19987
< EE17  AD 47 06  LDA $0647 = 4A                  A:FB X:02 Y:BF P:67 SP:FB PPU:175,304 CYC:19993
< EE1A  C9 4A     CMP #$4A                        A:4A X:02 Y:BF P:65 SP:FB PPU:175,316 CYC:19997
< EE1C  F0 02     BEQ $EE20                       A:4A X:02 Y:BF P:67 SP:FB PPU:175,322 CYC:19999
< EE20  C8        INY                             A:4A X:02 Y:BF P:67 SP:FB PPU:175,331 CYC:20002
< EE21  A9 29     LDA #$29                        A:4A X:02 Y:C0 P:E5 SP:FB PPU:175,337 CYC:20004
< EE23  8D 47 06  STA $0647 = 4A                  A:29 X:02 Y:C0 P:65 SP:FB PPU:176,  2 CYC:20006
< EE26  20 8C FA  JSR $FA8C                       A:29 X:02 Y:C0 P:65 SP:FB PPU:176, 14 CYC:20010
< FA8C  B8        CLV                             A:29 X:02 Y:C0 P:65 SP:F9 PPU:176, 32 CYC:20016
< FA8D  18        CLC                             A:29 X:02 Y:C0 P:25 SP:F9 PPU:176, 38 CYC:20018
< FA8E  A9 C3     LDA #$C3                        A:29 X:02 Y:C0 P:24 SP:F9 PPU:176, 44 CYC:20020
< FA90  60        RTS                             A:C3 X:02 Y:C0 P:A4 SP:F9 PPU:176, 50 CYC:20022
< EE29  03 45    *SLO ($45,X) @ 47 = 0647 = 29    A:C3 X:02 Y:C0 P:A4 SP:FB PPU:176, 68 CYC:20028
< EE2B  EA        NOP                             A:D3 X:02 Y:C0 P:A4 SP:FB PPU:176, 92 CYC:20036
< EE2C  EA        NOP                             A:D3 X:02 Y:C0 P:A4 SP:FB PPU:176, 98 CYC:20038
< EE2D  EA        NOP                             A:D3 X:02 Y:C0 P:A4 SP:FB PPU:176,104 CYC:20040
< EE2E  EA        NOP                             A:D3 X:02 Y:C0 P:A4 SP:FB PPU:176,110 CYC:20042
< EE2F  20 91 FA  JSR $FA91                       A:D3 X:02 Y:C0 P:A4 SP:FB PPU:176,116 CYC:20044
< FA91  70 53     BVS $FAE6                       A:D3 X:02 Y:C0 P:A4 SP:F9 PPU:176,134 CYC:20050
< FA93  F0 51     BEQ $FAE6                       A:D3 X:02 Y:C0 P:A4 SP:F9 PPU:176,140 CYC:20052
< FA95  10 4F     BPL $FAE6                       A:D3 X:02 Y:C0 P:A4 SP:F9 PPU:176,146 CYC:20054
< FA97  B0 4D     BCS $FAE6                       A:D3 X:02 Y:C0 P:A4 SP:F9 PPU:176,152 CYC:20056
< FA99  C9 D3     CMP #$D3                        A:D3 X:02 Y:C0 P:A4 SP:F9 PPU:176,158 CYC:20058
< FA9B  D0 49     BNE $FAE6                       A:D3 X:02 Y:C0 P:27 SP:F9 PPU:176,164 CYC:20060
< FA9D  60        RTS                             A:D3 X:02 Y:C0 P:27 SP:F9 PPU:176,170 CYC:20062
< EE32  AD 47 06  LDA $0647 = 52                  A:D3 X:02 Y:C0 P:27 SP:FB PPU:176,188 CYC:20068
< EE35  C9 52     CMP #$52                        A:52 X:02 Y:C0 P:25 SP:FB PPU:176,200 CYC:20072
< EE37  F0 02     BEQ $EE3B                       A:52 X:02 Y:C0 P:27 SP:FB PPU:176,206 CYC:20074
< EE3B  C8        INY                             A:52 X:02 Y:C0 P:27 SP:FB PPU:176,215 CYC:20077
< EE3C  A9 37     LDA #$37                        A:52 X:02 Y:C1 P:A5 SP:FB PPU:176,221 CYC:20079
< EE3E  8D 47 06  STA $0647 = 52                  A:37 X:02 Y:C1 P:25 SP:FB PPU:176,227 CYC:20081
< EE41  20 9E FA  JSR $FA9E                       A:37 X:02 Y:C1 P:25 SP:FB PPU:176,239 CYC:20085
< FA9E  24 01     BIT $01 = FF                    A:37 X:02 Y:C1 P:25 SP:F9 PPU:176,257 CYC:20091
< FAA0  38        SEC                             A:37 X:02 Y:C1 P:E5 SP:F9 PPU:176,266 CYC:20094
< FAA1  A9 10     LDA #$10                        A:37 X:02 Y:C1 P:E5 SP:F9 PPU:176,272 CYC:20096
< FAA3  60        RTS                             A:10 X:02 Y:C1 P:65 SP:F9 PPU:176,278 CYC:20098
< EE44  03 45    *SLO ($45,X) @ 47 = 0647 = 37    A:10 X:02 Y:C1 P:65 SP:FB PPU:176,296 CYC:20104
< EE46  EA        NOP                             A:7E X:02 Y:C1 P:64 SP:FB PPU:176,320 CYC:20112
< EE47  EA        NOP                             A:7E X:02 Y:C1 P:64 SP:FB PPU:176,326 CYC:20114
< EE48  EA        NOP                             A:7E X:02 Y:C1 P:64 SP:FB PPU:176,332 CYC:20116
< EE49  EA        NOP                             A:7E X:02 Y:C1 P:64 SP:FB PPU:176,338 CYC:20118
< EE4A  20 A4 FA  JSR $FAA4                       A:7E X:02 Y:C1 P:64 SP:FB PPU:177,  3 CYC:20120
< FAA4  50 40     BVC $FAE6                       A:7E X:02 Y:C1 P:64 SP:F9 PPU:177, 21 CYC:20126
< FAA6  F0 3E     BEQ $FAE6                       A:7E X:02 Y:C1 P:64 SP:F9 PPU:177, 27 CYC:20128
< FAA8  30 3C     BMI $FAE6                       A:7E X:02 Y:C1 P:64 SP:F9 PPU:177, 33 CYC:20130
< FAAA  B0 3A     BCS $FAE6                       A:7E X:02 Y:C1 P:64 SP:F9 PPU:177, 39 CYC:20132
< FAAC  C9 7E     CMP #$7E                        A:7E X:02 Y:C1 P:64 SP:F9 PPU:177, 45 CYC:20134
< FAAE  D0 36     BNE $FAE6                       A:7E X:02 Y:C1 P:67 SP:F9 PPU:177, 51 CYC:20136
< FAB0  60        RTS                             A:7E X:02 Y:C1 P:67 SP:F9 PPU:177, 57 CYC:20138
< EE4D  AD 47 06  LDA $0647 = 6E                  A:7E X:02 Y:C1 P:67 SP:FB PPU:177, 75 CYC:20144
< EE50  C9 6E     CMP #$6E                        A:6E X:02 Y:C1 P:65 SP:FB PPU:177, 87 CYC:20148
< EE52  F0 02     BEQ $EE56                       A:6E X:02 Y:C1 P:67 SP:FB PPU:177, 93 CYC:20150
< EE56  C8        INY                             A:6E X:02 Y:C1 P:67 SP:FB PPU:177,102 CYC:20153
< EE57  A9 A5     LDA #$A5                        A:6E X:02 Y:C2 P:E5 SP:FB PPU:177,108 CYC:20155
< EE59  85 47     STA $47 = 47                    A:A5 X:02 Y:C2 P:E5 SP:FB PPU:177,114 CYC:20157
< EE5B  20 7B FA  JSR $FA7B                       A:A5 X:02 Y:C2 P:E5 SP:FB PPU:177,123 CYC:20160
< FA7B  24 01     BIT $01 = FF                    A:A5 X:02 Y:C2 P:E5 SP:F9 PPU:177,141 CYC:20166
< FA7D  18        CLC                             A:A5 X:02 Y:C2 P:E5 SP:F9 PPU:177,150 CYC:20169
< FA7E  A9 B3     LDA #$B3                        A:A5 X:02 Y:C2 P:E4 SP:F9 PPU:177,156 CYC:20171
< FA80  60        RTS                             A:B3 X:02 Y:C2 P:E4 SP:F9 PPU:177,162 CYC:20173
< EE5E  07 47    *SLO $47 = A5                    A:B3 X:02 Y:C2 P:E4 SP:FB PPU:177,180 CYC:20179
< EE60  EA        NOP                             A:FB X:02 Y:C2 P:E5 SP:FB PPU:177,195 CYC:20184
< EE61  EA        NOP                             A:FB X:02 Y:C2 P:E5 SP:FB PPU:177,201 CYC:20186
< EE62  EA        NOP                             A:FB X:02 Y:C2 P:E5 SP:FB PPU:177,207 CYC:20188
< EE63  EA        NOP                             A:FB X:02 Y:C2 P:E5 SP:FB PPU:177,213 CYC:20190
< EE64  20 81 FA  JSR $FA81                       A:FB X:02 Y:C2 P:E5 SP:FB PPU:177,219 CYC:20192
< FA81  50 63     BVC $FAE6                       A:FB X:02 Y:C2 P:E5 SP:F9 PPU:177,237 CYC:20198
< FA83  90 61     BCC $FAE6                       A:FB X:02 Y:C2 P:E5 SP:F9 PPU:177,243 CYC:20200
< FA85  10 5F     BPL $FAE6                       A:FB X:02 Y:C2 P:E5 SP:F9 PPU:177,249 CYC:20202
< FA87  C9 FB     CMP #$FB                        A:FB X:02 Y:C2 P:E5 SP:F9 PPU:177,255 CYC:20204
< FA89  D0 5B     BNE $FAE6                       A:FB X:02 Y:C2 P:67 SP:F9 PPU:177,261 CYC:20206
< FA8B  60        RTS                             A:FB X:02 Y:C2 P:67 SP:F9 PPU:177,267 CYC:20208
< EE67  A5 47     LDA $47 = 4A                    A:FB X:02 Y:C2 P:67 SP:FB PPU:177,285 CYC:20214
< EE69  C9 4A     CMP #$4A                        A:4A X:02 Y:C2 P:65 SP:FB PPU:177,294 CYC:20217
< EE6B  F0 02     BEQ $EE6F                       A:4A X:02 Y:C2 P:67 SP:FB PPU:177,300 CYC:20219
< EE6F  C8        INY                             A:4A X:02 Y:C2 P:67 SP:FB PPU:177,309 CYC:20222
< EE70  A9 29     LDA #$29                        A:4A X:02 Y:C3 P:E5 SP:FB PPU:177,315 CYC:20224
< EE72  85 47     STA $47 = 4A                    A:29 X:02 Y:C3 P:65 SP:FB PPU:177,321 CYC:20226
< EE74  20 8C FA  JSR $FA8C                       A:29 X:02 Y:C3 P:65 SP:FB PPU:177,330 CYC:20229
< FA8C  B8        CLV                             A:29 X:02 Y:C3 P:65 SP:F9 PPU:178,  7 CYC:20235
< FA8D  18        CLC                             A:29 X:02 Y:C3 P:25 SP:F9 PPU:178, 13 CYC:20237
< FA8E  A9 C3     LDA #$C3                        A:29 X:02 Y:C3 P:24 SP:F9 PPU:178, 19 CYC:20239
< FA90  60        RTS                             A:C3 X:02 Y:C3 P:A4 SP:F9 PPU:178, 25 CYC:20241
< EE77  07 47    *SLO $47 = 29                    A:C3 X:02 Y:C3 P:A4 SP:FB PPU:178, 43 CYC:20247
< EE79  EA        NOP                             A:D3 X:02 Y:C3 P:A4 SP:FB PPU:178, 58 CYC:20252
< EE7A  EA        NOP                             A:D3 X:02 Y:C3 P:A4 SP:FB PPU:178, 64 CYC:20254
< EE7B  EA        NOP                             A:D3 X:02 Y:C3 P:A4 SP:FB PPU:178, 70 CYC:20256
< EE7C  EA        NOP                             A:D3 X:02 Y:C3 P:A4 SP:FB PPU:178, 76 CYC:20258
< EE7D  20 91 FA  JSR $FA91                       A:D3 X:02 Y:C3 P:A4 SP:FB PPU:178, 82 CYC:20260
< FA91  70 53     BVS $FAE6                       A:D3 X:02 Y:C3 P:A4 SP:F9 PPU:178,100 CYC:20266
< FA93  F0 51     BEQ $FAE6                       A:D3 X:02 Y:C3 P:A4 SP:F9 PPU:178,106 CYC:20268
< FA95  10 4F     BPL $FAE6                       A:D3 X:02 Y:C3 P:A4 SP:F9 PPU:178,112 CYC:20270
< FA97  B0 4D     BCS $FAE6                       A:D3 X:02 Y:C3 P:A4 SP:F9 PPU:178,118 CYC:20272
< FA99  C9 D3     CMP #$D3                        A:D3 X:02 Y:C3 P:A4 SP:F9 PPU:178,124 CYC:20274
< FA9B  D0 49     BNE $FAE6                       A:D3 X:02 Y:C3 P:27 SP:F9 PPU:178,130 CYC:20276
< FA9D  60        RTS                             A:D3 X:02 Y:C3 P:27 SP:F9 PPU:178,136 CYC:20278
< EE80  A5 47     LDA $47 = 52                    A:D3 X:02 Y:C3 P:27 SP:FB PPU:178,154 CYC:20284
< EE82  C9 52     CMP #$52                        A:52 X:02 Y:C3 P:25 SP:FB PPU:178,163 CYC:20287
< EE84  F0 02     BEQ $EE88                       A:52 X:02 Y:C3 P:27 SP:FB PPU:178,169 CYC:20289
< EE88  C8        INY                             A:52 X:02 Y:C3 P:27 SP:FB PPU:178,178 CYC:20292
< EE89  A9 37     LDA #$37                        A:52 X:02 Y:C4 P:A5 SP:FB PPU:178,184 CYC:20294
< EE8B  85 47     STA $47 = 52                    A:37 X:02 Y:C4 P:25 SP:FB PPU:178,190 CYC:20296
< EE8D  20 9E FA  JSR $FA9E                       A:37 X:02 Y:C4 P:25 SP:FB PPU:178,199 CYC:20299
< FA9E  24 01     BIT $01 = FF                    A:37 X:02 Y:C4 P:25 SP:F9 PPU:178,217 CYC:20305
< FAA0  38        SEC                             A:37 X:02 Y:C4 P:E5 SP:F9 PPU:178,226 CYC:20308
< FAA1  A9 10     LDA #$10                        A:37 X:02 Y:C4 P:E5 SP:F9 PPU:178,232 CYC:20310
< FAA3  60        RTS                             A:10 X:02 Y:C4 P:65 SP:F9 PPU:178,238 CYC:20312
< EE90  07 47    *SLO $47 = 37                    A:10 X:02 Y:C4 P:65 SP:FB PPU:178,256 CYC:20318
< EE92  EA        NOP                             A:7E X:02 Y:C4 P:64 SP:FB PPU:178,271 CYC:20323
< EE93  EA        NOP                             A:7E X:02 Y:C4 P:64 SP:FB PPU:178,277 CYC:20325
< EE94  EA        NOP                             A:7E X:02 Y:C4 P:64 SP:FB PPU:178,283 CYC:20327
< EE95  EA        NOP                             A:7E X:02 Y:C4 P:64 SP:FB PPU:178,289 CYC:20329
< EE96  20 A4 FA  JSR $FAA4                       A:7E X:02 Y:C4 P:64 SP:FB PPU:178,295 CYC:20331
< FAA4  50 40     BVC $FAE6                       A:7E X:02 Y:C4 P:64 SP:F9 PPU:178,313 CYC:20337
< FAA6  F0 3E     BEQ $FAE6                       A:7E X:02 Y:C4 P:64 SP:F9 PPU:178,319 CYC:20339
< FAA8  30 3C     BMI $FAE6                       A:7E X:02 Y:C4 P:64 SP:F9 PPU:178,325 CYC:20341
< FAAA  B0 3A     BCS $FAE6                       A:7E X:02 Y:C4 P:64 SP:F9 PPU:178,331 CYC:20343
< FAAC  C9 7E     CMP #$7E                        A:7E X:02 Y:C4 P:64 SP:F9 PPU:178,337 CYC:20345
< FAAE  D0 36     BNE $FAE6                       A:7E X:02 Y:C4 P:67 SP:F9 PPU:179,  2 CYC:20347
< FAB0  60        RTS                             A:7E X:02 Y:C4 P:67 SP:F9 PPU:179,  8 CYC:20349
< EE99  A5 47     LDA $47 = 6E                    A:7E X:02 Y:C4 P:67 SP:FB PPU:179, 26 CYC:20355
< EE9B  C9 6E     CMP #$6E                        A:6E X:02 Y:C4 P:65 SP:FB PPU:179, 35 CYC:20358
< EE9D  F0 02     BEQ $EEA1                       A:6E X:02 Y:C4 P:67 SP:FB PPU:179, 41 CYC:20360
< EEA1  C8        INY                             A:6E X:02 Y:C4 P:67 SP:FB PPU:179, 50 CYC:20363
< EEA2  A9 A5     LDA #$A5                        A:6E X:02 Y:C5 P:E5 SP:FB PPU:179, 56 CYC:20365
< EEA4  8D 47 06  STA $0647 = 6E                  A:A5 X:02 Y:C5 P:E5 SP:FB PPU:179, 62 CYC:20367
< EEA7  20 7B FA  JSR $FA7B                       A:A5 X:02 Y:C5 P:E5 SP:FB PPU:179, 74 CYC:20371
< FA7B  24 01     BIT $01 = FF                    A:A5 X:02 Y:C5 P:E5 SP:F9 PPU:179, 92 CYC:20377
< FA7D  18        CLC                             A:A5 X:02 Y:C5 P:E5 SP:F9 PPU:179,101 CYC:20380
< FA7E  A9 B3     LDA #$B3                        A:A5 X:02 Y:C5 P:E4 SP:F9 PPU:179,107 CYC:20382
< FA80  60        RTS                             A:B3 X:02 Y:C5 P:E4 SP:F9 PPU:179,113 CYC:20384
< EEAA  0F 47 06 *SLO $0647 = A5                  A:B3 X:02 Y:C5 P:E4 SP:FB PPU:179,131 CYC:20390
< EEAD  EA        NOP                             A:FB X:02 Y:C5 P:E5 SP:FB PPU:179,149 CYC:20396
< EEAE  EA        NOP                             A:FB X:02 Y:C5 P:E5 SP:FB PPU:179,155 CYC:20398
< EEAF  EA        NOP                             A:FB X:02 Y:C5 P:E5 SP:FB PPU:179,161 CYC:20400
< EEB0  EA        NOP                             A:FB X:02 Y:C5 P:E5 SP:FB PPU:179,167 CYC:20402
< EEB1  20 81 FA  JSR $FA81                       A:FB X:02 Y:C5 P:E5 SP:FB PPU:179,173 CYC:20404
< FA81  50 63     BVC $FAE6                       A:FB X:02 Y:C5 P:E5 SP:F9 PPU:179,191 CYC:20410
< FA83  90 61     BCC $FAE6                       A:FB X:02 Y:C5 P:E5 SP:F9 PPU:179,197 CYC:20412
< FA85  10 5F     BPL $FAE6                       A:FB X:02 Y:C5 P:E5 SP:F9 PPU:179,203 CYC:20414
< FA87  C9 FB     CMP #$FB                        A:FB X:02 Y:C5 P:E5 SP:F9 PPU:179,209 CYC:20416
< FA89  D0 5B     BNE $FAE6                       A:FB X:02 Y:C5 P:67 SP:F9 PPU:179,215 CYC:20418
< FA8B  60        RTS                             A:FB X:02 Y:C5 P:67 SP:F9 PPU:179,221 CYC:20420
< EEB4  AD 47 06  LDA $0647 = 4A                  A:FB X:02 Y:C5 P:67 SP:FB PPU:179,239 CYC:20426
< EEB7  C9 4A     CMP #$4A                        A:4A X:02 Y:C5 P:65 SP:FB PPU:179,251 CYC:20430
< EEB9  F0 02     BEQ $EEBD                       A:4A X:02 Y:C5 P:67 SP:FB PPU:179,257 CYC:20432
< EEBD  C8        INY                             A:4A X:02 Y:C5 P:67 SP:FB PPU:179,266 CYC:20435
< EEBE  A9 29     LDA #$29                        A:4A X:02 Y:C6 P:E5 SP:FB PPU:179,272 CYC:20437
< EEC0  8D 47 06  STA $0647 = 4A                  A:29 X:02 Y:C6 P:65 SP:FB PPU:179,278 CYC:20439
< EEC3  20 8C FA  JSR $FA8C                       A:29 X:02 Y:C6 P:65 SP:FB PPU:179,290 CYC:20443
< FA8C  B8        CLV                             A:29 X:02 Y:C6 P:65 SP:F9 PPU:179,308 CYC:20449
< FA8D  18        CLC                             A:29 X:02 Y:C6 P:25 SP:F9 PPU:179,314 CYC:20451
< FA8E  A9 C3     LDA #$C3                        A:29 X:02 Y:C6 P:24 SP:F9 PPU:179,320 CYC:20453
< FA90  60        RTS                             A:C3 X:02 Y:C6 P:A4 SP:F9 PPU:179,326 CYC:20455
< EEC6  0F 47 06 *SLO $0647 = 29                  A:C3 X:02 Y:C6 P:A4 SP:FB PPU:180,  3 CYC:20461
< EEC9  EA        NOP                             A:D3 X:02 Y:C6 P:A4 SP:FB PPU:180, 21 CYC:20467
< EECA  EA        NOP                             A:D3 X:02 Y:C6 P:A4 SP:FB PPU:180, 27 CYC:20469
< EECB  EA        NOP                             A:D3 X:02 Y:C6 P:A4 SP:FB PPU:180, 33 CYC:20471
< EECC  EA        NOP                             A:D3 X:02 Y:C6 P:A4 SP:FB PPU:180, 39 CYC:20473
< EECD  20 91 FA  JSR $FA91                       A:D3 X:02 Y:C6 P:A4 SP:FB PPU:180, 45 CYC:20475
< FA91  70 53     BVS $FAE6                       A:D3 X:02 Y:C6 P:A4 SP:F9 PPU:180, 63 CYC:20481
< FA93  F0 51     BEQ $FAE6                       A:D3 X:02 Y:C6 P:A4 SP:F9 PPU:180, 69 CYC:20483
< FA95  10 4F     BPL $FAE6                       A:D3 X:02 Y:C6 P:A4 SP:F9 PPU:180, 75 CYC:20485
< FA97  B0 4D     BCS $FAE6                       A:D3 X:02 Y:C6 P:A4 SP:F9 PPU:180, 81 CYC:20487
< FA99  C9 D3     CMP #$D3                        A:D3 X:02 Y:C6 P:A4 SP:F9 PPU:180, 87 CYC:20489
< FA9B  D0 49     BNE $FAE6                       A:D3 X:02 Y:C6 P:27 SP:F9 PPU:180, 93 CYC:20491
< FA9D  60        RTS                             A:D3 X:02 Y:C6 P:27 SP:F9 PPU:180, 99 CYC:20493
< EED0  AD 47 06  LDA $0647 = 52                  A:D3 X:02 Y:C6 P:27 SP:FB PPU:180,117 CYC:20499
< EED3  C9 52     CMP #$52                        A:52 X:02 Y:C6 P:25 SP:FB PPU:180,129 CYC:20503
< EED5  F0 02     BEQ $EED9                       A:52 X:02 Y:C6 P:27 SP:FB PPU:180,135 CYC:20505
< EED9  C8        INY                             A:52 X:02 Y:C6 P:27 SP:FB PPU:180,144 CYC:20508
< EEDA  A9 37     LDA #$37                        A:52 X:02 Y:C7 P:A5 SP:FB PPU:180,150 CYC:20510
< EEDC  8D 47 06  STA $0647 = 52                  A:37 X:02 Y:C7 P:25 SP:FB PPU:180,156 CYC:20512
< EEDF  20 9E FA  JSR $FA9E                       A:37 X:02 Y:C7 P:25 SP:FB PPU:180,168 CYC:20516
< FA9E  24 01     BIT $01 = FF                    A:37 X:02 Y:C7 P:25 SP:F9 PPU:180,186 CYC:20522
< FAA0  38        SEC                             A:37 X:02 Y:C7 P:E5 SP:F9 PPU:180,195 CYC:20525
< FAA1  A9 10     LDA #$10                        A:37 X:02 Y:C7 P:E5 SP:F9 PPU:180,201 CYC:20527
< FAA3  60        RTS                             A:10 X:02 Y:C7 P:65 SP:F9 PPU:180,207 CYC:20529
< EEE2  0F 47 06 *SLO $0647 = 37                  A:10 X:02 Y:C7 P:65 SP:FB PPU:180,225 CYC:20535
< EEE5  EA        NOP                             A:7E X:02 Y:C7 P:64 SP:FB PPU:180,243 CYC:20541
< EEE6  EA        NOP                             A:7E X:02 Y:C7 P:64 SP:FB PPU:180,249 CYC:20543
< EEE7  EA        NOP                             A:7E X:02 Y:C7 P:64 SP:FB PPU:180,255 CYC:20545
< EEE8  EA        NOP                             A:7E X:02 Y:C7 P:64 SP:FB PPU:180,261 CYC:20547
< EEE9  20 A4 FA  JSR $FAA4                       A:7E X:02 Y:C7 P:64 SP:FB PPU:180,267 CYC:20549
< FAA4  50 40     BVC $FAE6                       A:7E X:02 Y:C7 P:64 SP:F9 PPU:180,285 CYC:20555
< FAA6  F0 3E     BEQ $FAE6                       A:7E X:02 Y:C7 P:64 SP:F9 PPU:180,291 CYC:20557
< FAA8  30 3C     BMI $FAE6                       A:7E X:02 Y:C7 P:64 SP:F9 PPU:180,297 CYC:20559
< FAAA  B0 3A     BCS $FAE6                       A:7E X:02 Y:C7 P:64 SP:F9 PPU:180,303 CYC:20561
< FAAC  C9 7E     CMP #$7E                        A:7E X:02 Y:C7 P:64 SP:F9 PPU:180,309 CYC:20563
< FAAE  D0 36     BNE $FAE6                       A:7E X:02 Y:C7 P:67 SP:F9 PPU:180,315 CYC:20565
< FAB0  60        RTS                             A:7E X:02 Y:C7 P:67 SP:F9 PPU:180,321 CYC:20567
< EEEC  AD 47 06  LDA $0647 = 6E                  A:7E X:02 Y:C7 P:67 SP:FB PPU:180,339 CYC:20573
< EEEF  C9 6E     CMP #$6E                        A:6E X:02 Y:C7 P:65 SP:FB PPU:181, 10 CYC:20577
< EEF1  F0 02     BEQ $EEF5                       A:6E X:02 Y:C7 P:67 SP:FB PPU:181, 16 CYC:20579
< EEF5  A9 A5     LDA #$A5                        A:6E X:02 Y:C7 P:67 SP:FB PPU:181, 25 CYC:20582
< EEF7  8D 47 06  STA $0647 = 6E                  A:A5 X:02 Y:C7 P:E5 SP:FB PPU:181, 31 CYC:20584
< EEFA  A9 48     LDA #$48                        A:A5 X:02 Y:C7 P:E5 SP:FB PPU:181, 43 CYC:20588
< EEFC  85 45     STA $45 = 48                    A:48 X:02 Y:C7 P:65 SP:FB PPU:181, 49 CYC:20590
< EEFE  A9 05     LDA #$05                        A:48 X:02 Y:C7 P:65 SP:FB PPU:181, 58 CYC:20593
< EF00  85 46     STA $46 = 05                    A:05 X:02 Y:C7 P:65 SP:FB PPU:181, 64 CYC:20595
< EF02  A0 FF     LDY #$FF                        A:05 X:02 Y:C7 P:65 SP:FB PPU:181, 73 CYC:20598
< EF04  20 7B FA  JSR $FA7B                       A:05 X:02 Y:FF P:E5 SP:FB PPU:181, 79 CYC:20600
< FA7B  24 01     BIT $01 = FF                    A:05 X:02 Y:FF P:E5 SP:F9 PPU:181, 97 CYC:20606
< FA7D  18        CLC                             A:05 X:02 Y:FF P:E5 SP:F9 PPU:181,106 CYC:20609
< FA7E  A9 B3     LDA #$B3                        A:05 X:02 Y:FF P:E4 SP:F9 PPU:181,112 CYC:20611
< FA80  60        RTS                             A:B3 X:02 Y:FF P:E4 SP:F9 PPU:181,118 CYC:20613
< EF07  13 45    *SLO ($45),Y = 0548 @ 0647 = A5  A:B3 X:02 Y:FF P:E4 SP:FB PPU:181,136 CYC:20619
< EF09  EA        NOP                             A:FB X:02 Y:FF P:E5 SP:FB PPU:181,160 CYC:20627
< EF0A  EA        NOP                             A:FB X:02 Y:FF P:E5 SP:FB PPU:181,166 CYC:20629
< EF0B  08        PHP                             A:FB X:02 Y:FF P:E5 SP:FB PPU:181,172 CYC:20631
< EF0C  48        PHA                             A:FB X:02 Y:FF P:E5 SP:FA PPU:181,181 CYC:20634
< EF0D  A0 C8     LDY #$C8                        A:FB X:02 Y:FF P:E5 SP:F9 PPU:181,190 CYC:20637
< EF0F  68        PLA                             A:FB X:02 Y:C8 P:E5 SP:F9 PPU:181,196 CYC:20639
< EF10  28        PLP                             A:FB X:02 Y:C8 P:E5 SP:FA PPU:181,208 CYC:20643
< EF11  20 81 FA  JSR $FA81                       A:FB X:02 Y:C8 P:E5 SP:FB PPU:181,220 CYC:20647
< FA81  50 63     BVC $FAE6                       A:FB X:02 Y:C8 P:E5 SP:F9 PPU:181,238 CYC:20653
< FA83  90 61     BCC $FAE6                       A:FB X:02 Y:C8 P:E5 SP:F9 PPU:181,244 CYC:20655
< FA85  10 5F     BPL $FAE6                       A:FB X:02 Y:C8 P:E5 SP:F9 PPU:181,250 CYC:20657
< FA87  C9 FB     CMP #$FB                        A:FB X:02 Y:C8 P:E5 SP:F9 PPU:181,256 CYC:20659
< FA89  D0 5B     BNE $FAE6                       A:FB X:02 Y:C8 P:67 SP:F9 PPU:181,262 CYC:20661
< FA8B  60        RTS                             A:FB X:02 Y:C8 P:67 SP:F9 PPU:181,268 CYC:20663
< EF14  AD 47 06  LDA $0647 = 4A                  A:FB X:02 Y:C8 P:67 SP:FB PPU:181,286 CYC:20669
< EF17  C9 4A     CMP #$4A                        A:4A X:02 Y:C8 P:65 SP:FB PPU:181,298 CYC:20673
< EF19  F0 02     BEQ $EF1D                       A:4A X:02 Y:C8 P:67 SP:FB PPU:181,304 CYC:20675
< EF1D  A0 FF     LDY #$FF                        A:4A X:02 Y:C8 P:67 SP:FB PPU:181,313 CYC:20678
< EF1F  A9 29     LDA #$29                        A:4A X:02 Y:FF P:E5 SP:FB PPU:181,319 CYC:20680
< EF21  8D 47 06  STA $0647 = 4A                  A:29 X:02 Y:FF P:65 SP:FB PPU:181,325 CYC:20682
< EF24  20 8C FA  JSR $FA8C                       A:29 X:02 Y:FF P:65 SP:FB PPU:181,337 CYC:20686
< FA8C  B8        CLV                             A:29 X:02 Y:FF P:65 SP:F9 PPU:182, 14 CYC:20692
< FA8D  18        CLC                             A:29 X:02 Y:FF P:25 SP:F9 PPU:182, 20 CYC:20694
< FA8E  A9 C3     LDA #$C3                        A:29 X:02 Y:FF P:24 SP:F9 PPU:182, 26 CYC:20696
< FA90  60        RTS                             A:C3 X:02 Y:FF P:A4 SP:F9 PPU:182, 32 CYC:20698
< EF27  13 45    *SLO ($45),Y = 0548 @ 0647 = 29  A:C3 X:02 Y:FF P:A4 SP:FB PPU:182, 50 CYC:20704
< EF29  EA        NOP                             A:D3 X:02 Y:FF P:A4 SP:FB PPU:182, 74 CYC:20712
< EF2A  EA        NOP                             A:D3 X:02 Y:FF P:A4 SP:FB PPU:182, 80 CYC:20714
< EF2B  08        PHP                             A:D3 X:02 Y:FF P:A4 SP:FB PPU:182, 86 CYC:20716
< EF2C  48        PHA                             A:D3 X:02 Y:FF P:A4 SP:FA PPU:182, 95 CYC:20719
< EF2D  A0 C9     LDY #$C9                        A:D3 X:02 Y:FF P:A4 SP:F9 PPU:182,104 CYC:20722
< EF2F  68        PLA                             A:D3 X:02 Y:C9 P:A4 SP:F9 PPU:182,110 CYC:20724
< EF30  28        PLP                             A:D3 X:02 Y:C9 P:A4 SP:FA PPU:182,122 CYC:20728
< EF31  20 91 FA  JSR $FA91                       A:D3 X:02 Y:C9 P:A4 SP:FB PPU:182,134 CYC:20732
< FA91  70 53     BVS $FAE6                       A:D3 X:02 Y:C9 P:A4 SP:F9 PPU:182,152 CYC:20738
< FA93  F0 51     BEQ $FAE6                       A:D3 X:02 Y:C9 P:A4 SP:F9 PPU:182,158 CYC:20740
< FA95  10 4F     BPL $FAE6                       A:D3 X:02 Y:C9 P:A4 SP:F9 PPU:182,164 CYC:20742
< FA97  B0 4D     BCS $FAE6                       A:D3 X:02 Y:C9 P:A4 SP:F9 PPU:182,170 CYC:20744
< FA99  C9 D3     CMP #$D3                        A:D3 X:02 Y:C9 P:A4 SP:F9 PPU:182,176 CYC:20746
< FA9B  D0 49     BNE $FAE6                       A:D3 X:02 Y:C9 P:27 SP:F9 PPU:182,182 CYC:20748
< FA9D  60        RTS                             A:D3 X:02 Y:C9 P:27 SP:F9 PPU:182,188 CYC:20750
< EF34  AD 47 06  LDA $0647 = 52                  A:D3 X:02 Y:C9 P:27 SP:FB PPU:182,206 CYC:20756
< EF37  C9 52     CMP #$52                        A:52 X:02 Y:C9 P:25 SP:FB PPU:182,218 CYC:20760
< EF39  F0 02     BEQ $EF3D                       A:52 X:02 Y:C9 P:27 SP:FB PPU:182,224 CYC:20762
< EF3D  A0 FF     LDY #$FF                        A:52 X:02 Y:C9 P:27 SP:FB PPU:182,233 CYC:20765
< EF3F  A9 37     LDA #$37                        A:52 X:02 Y:FF P:A5 SP:FB PPU:182,239 CYC:20767
< EF41  8D 47 06  STA $0647 = 52                  A:37 X:02 Y:FF P:25 SP:FB PPU:182,245 CYC:20769
< EF44  20 9E FA  JSR $FA9E                       A:37 X:02 Y:FF P:25 SP:FB PPU:182,257 CYC:20773
< FA9E  24 01     BIT $01 = FF                    A:37 X:02 Y:FF P:25 SP:F9 PPU:182,275 CYC:20779
< FAA0  38        SEC                             A:37 X:02 Y:FF P:E5 SP:F9 PPU:182,284 CYC:20782
< FAA1  A9 10     LDA #$10                        A:37 X:02 Y:FF P:E5 SP:F9 PPU:182,290 CYC:20784
< FAA3  60        RTS                             A:10 X:02 Y:FF P:65 SP:F9 PPU:182,296 CYC:20786
< EF47  13 45    *SLO ($45),Y = 0548 @ 0647 = 37  A:10 X:02 Y:FF P:65 SP:FB PPU:182,314 CYC:20792
< EF49  EA        NOP                             A:7E X:02 Y:FF P:64 SP:FB PPU:182,338 CYC:20800
< EF4A  EA        NOP                             A:7E X:02 Y:FF P:64 SP:FB PPU:183,  3 CYC:20802
< EF4B  08        PHP                             A:7E X:02 Y:FF P:64 SP:FB PPU:183,  9 CYC:20804
< EF4C  48        PHA                             A:7E X:02 Y:FF P:64 SP:FA PPU:183, 18 CYC:20807
< EF4D  A0 CA     LDY #$CA                        A:7E X:02 Y:FF P:64 SP:F9 PPU:183, 27 CYC:20810
< EF4F  68        PLA                             A:7E X:02 Y:CA P:E4 SP:F9 PPU:183, 33 CYC:20812
< EF50  28        PLP                             A:7E X:02 Y:CA P:64 SP:FA PPU:183, 45 CYC:20816
< EF51  20 A4 FA  JSR $FAA4                       A:7E X:02 Y:CA P:64 SP:FB PPU:183, 57 CYC:20820
< FAA4  50 40     BVC $FAE6                       A:7E X:02 Y:CA P:64 SP:F9 PPU:183, 75 CYC:20826
< FAA6  F0 3E     BEQ $FAE6                       A:7E X:02 Y:CA P:64 SP:F9 PPU:183, 81 CYC:20828
< FAA8  30 3C     BMI $FAE6                       A:7E X:02 Y:CA P:64 SP:F9 PPU:183, 87 CYC:20830
< FAAA  B0 3A     BCS $FAE6                       A:7E X:02 Y:CA P:64 SP:F9 PPU:183, 93 CYC:20832
< FAAC  C9 7E     CMP #$7E                        A:7E X:02 Y:CA P:64 SP:F9 PPU:183, 99 CYC:20834
< FAAE  D0 36     BNE $FAE6                       A:7E X:02 Y:CA P:67 SP:F9 PPU:183,105 CYC:20836
< FAB0  60        RTS                             A:7E X:02 Y:CA P:67 SP:F9 PPU:183,111 CYC:20838
< EF54  AD 47 06  LDA $0647 = 6E                  A:7E X:02 Y:CA P:67 SP:FB PPU:183,129 CYC:20844
< EF57  C9 6E     CMP #$6E                        A:6E X:02 Y:CA P:65 SP:FB PPU:183,141 CYC:20848
< EF59  F0 02     BEQ $EF5D                       A:6E X:02 Y:CA P:67 SP:FB PPU:183,147 CYC:20850
< EF5D  A0 CB     LDY #$CB                        A:6E X:02 Y:CA P:67 SP:FB PPU:183,156 CYC:20853
< EF5F  A2 FF     LDX #$FF                        A:6E X:02 Y:CB P:E5 SP:FB PPU:183,162 CYC:20855
< EF61  A9 A5     LDA #$A5                        A:6E X:FF Y:CB P:E5 SP:FB PPU:183,168 CYC:20857
< EF63  85 47     STA $47 = 6E                    A:A5 X:FF Y:CB P:E5 SP:FB PPU:183,174 CYC:20859
< EF65  20 7B FA  JSR $FA7B                       A:A5 X:FF Y:CB P:E5 SP:FB PPU:183,183 CYC:20862
< FA7B  24 01     BIT $01 = FF                    A:A5 X:FF Y:CB P:E5 SP:F9 PPU:183,201 CYC:20868
< FA7D  18        CLC                             A:A5 X:FF Y:CB P:E5 SP:F9 PPU:183,210 CYC:20871
< FA7E  A9 B3     LDA #$B3                        A:A5 X:FF Y:CB P:E4 SP:F9 PPU:183,216 CYC:20873
< FA80  60        RTS                             A:B3 X:FF Y:CB P:E4 SP:F9 PPU:183,222 CYC:20875
< EF68  17 48    *SLO $48,X @ 47 = A5             A:B3 X:FF Y:CB P:E4 SP:FB PPU:183,240 CYC:20881
< EF6A  EA        NOP                             A:FB X:FF Y:CB P:E5 SP:FB PPU:183,258 CYC:20887
< EF6B  EA        NOP                             A:FB X:FF Y:CB P:E5 SP:FB PPU:183,264 CYC:20889
< EF6C  EA        NOP                             A:FB X:FF Y:CB P:E5 SP:FB PPU:183,270 CYC:20891
< EF6D  EA        NOP                             A:FB X:FF Y:CB P:E5 SP:FB PPU:183,276 CYC:20893
< EF6E  20 81 FA  JSR $FA81                       A:FB X:FF Y:CB P:E5 SP:FB PPU:183,282 CYC:20895
< FA81  50 63     BVC $FAE6                       A:FB X:FF Y:CB P:E5 SP:F9 PPU:183,300 CYC:20901
< FA83  90 61     BCC $FAE6                       A:FB X:FF Y:CB P:E5 SP:F9 PPU:183,306 CYC:20903
< FA85  10 5F     BPL $FAE6                       A:FB X:FF Y:CB P:E5 SP:F9 PPU:183,312 CYC:20905
< FA87  C9 FB     CMP #$FB                        A:FB X:FF Y:CB P:E5 SP:F9 PPU:183,318 CYC:20907
< FA89  D0 5B     BNE $FAE6                       A:FB X:FF Y:CB P:67 SP:F9 PPU:183,324 CYC:20909
< FA8B  60        RTS                             A:FB X:FF Y:CB P:67 SP:F9 PPU:183,330 CYC:20911
< EF71  A5 47     LDA $47 = 4A                    A:FB X:FF Y:CB P:67 SP:FB PPU:184,  7 CYC:20917
< EF73  C9 4A     CMP #$4A                        A:4A X:FF Y:CB P:65 SP:FB PPU:184, 16 CYC:20920
< EF75  F0 02     BEQ $EF79                       A:4A X:FF Y:CB P:67 SP:FB PPU:184, 22 CYC:20922
< EF79  C8        INY                             A:4A X:FF Y:CB P:67 SP:FB PPU:184, 31 CYC:20925
< EF7A  A9 29     LDA #$29                        A:4A X:FF Y:CC P:E5 SP:FB PPU:184, 37 CYC:20927
< EF7C  85 47     STA $47 = 4A                    A:29 X:FF Y:CC P:65 SP:FB PPU:184, 43 CYC:20929
< EF7E  20 8C FA  JSR $FA8C                       A:29 X:FF Y:CC P:65 SP:FB PPU:184, 52 CYC:20932
< FA8C  B8        CLV                             A:29 X:FF Y:CC P:65 SP:F9 PPU:184, 70 CYC:20938
< FA8D  18        CLC                             A:29 X:FF Y:CC P:25 SP:F9 PPU:184, 76 CYC:20940
< FA8E  A9 C3     LDA #$C3                        A:29 X:FF Y:CC P:24 SP:F9 PPU:184, 82 CYC:20942
< FA90  60        RTS                             A:C3 X:FF Y:CC P:A4 SP:F9 PPU:184, 88 CYC:20944
< EF81  17 48    *SLO $48,X @ 47 = 29             A:C3 X:FF Y:CC P:A4 SP:FB PPU:184,106 CYC:20950
< EF83  EA        NOP                             A:D3 X:FF Y:CC P:A4 SP:FB PPU:184,124 CYC:20956
< EF84  EA        NOP                             A:D3 X:FF Y:CC P:A4 SP:FB PPU:184,130 CYC:20958
< EF85  EA        NOP                             A:D3 X:FF Y:CC P:A4 SP:FB PPU:184,136 CYC:20960
< EF86  EA        NOP                             A:D3 X:FF Y:CC P:A4 SP:FB PPU:184,142 CYC:20962
< EF87  20 91 FA  JSR $FA91                       A:D3 X:FF Y:CC P:A4 SP:FB PPU:184,148 CYC:20964
< FA91  70 53     BVS $FAE6                       A:D3 X:FF Y:CC P:A4 SP:F9 PPU:184,166 CYC:20970
< FA93  F0 51     BEQ $FAE6                       A:D3 X:FF Y:CC P:A4 SP:F9 PPU:184,172 CYC:20972
< FA95  10 4F     BPL $FAE6                       A:D3 X:FF Y:CC P:A4 SP:F9 PPU:184,178 CYC:20974
< FA97  B0 4D     BCS $FAE6                       A:D3 X:FF Y:CC P:A4 SP:F9 PPU:184,184 CYC:20976
< FA99  C9 D3     CMP #$D3                        A:D3 X:FF Y:CC P:A4 SP:F9 PPU:184,190 CYC:20978
< FA9B  D0 49     BNE $FAE6                       A:D3 X:FF Y:CC P:27 SP:F9 PPU:184,196 CYC:20980
< FA9D  60        RTS                             A:D3 X:FF Y:CC P:27 SP:F9 PPU:184,202 CYC:20982
< EF8A  A5 47     LDA $47 = 52                    A:D3 X:FF Y:CC P:27 SP:FB PPU:184,220 CYC:20988
< EF8C  C9 52     CMP #$52                        A:52 X:FF Y:CC P:25 SP:FB PPU:184,229 CYC:20991
< EF8E  F0 02     BEQ $EF92                       A:52 X:FF Y:CC P:27 SP:FB PPU:184,235 CYC:20993
< EF92  C8        INY                             A:52 X:FF Y:CC P:27 SP:FB PPU:184,244 CYC:20996
< EF93  A9 37     LDA #$37                        A:52 X:FF Y:CD P:A5 SP:FB PPU:184,250 CYC:20998
< EF95  85 47     STA $47 = 52                    A:37 X:FF Y:CD P:25 SP:FB PPU:184,256 CYC:21000
< EF97  20 9E FA  JSR $FA9E                       A:37 X:FF Y:CD P:25 SP:FB PPU:184,265 CYC:21003
< FA9E  24 01     BIT $01 = FF                    A:37 X:FF Y:CD P:25 SP:F9 PPU:184,283 CYC:21009
< FAA0  38        SEC                             A:37 X:FF Y:CD P:E5 SP:F9 PPU:184,292 CYC:21012
< FAA1  A9 10     LDA #$10                        A:37 X:FF Y:CD P:E5 SP:F9 PPU:184,298 CYC:21014
< FAA3  60        RTS                             A:10 X:FF Y:CD P:65 SP:F9 PPU:184,304 CYC:21016
< EF9A  17 48    *SLO $48,X @ 47 = 37             A:10 X:FF Y:CD P:65 SP:FB PPU:184,322 CYC:21022
< EF9C  EA        NOP                             A:7E X:FF Y:CD P:64 SP:FB PPU:184,340 CYC:21028
< EF9D  EA        NOP                             A:7E X:FF Y:CD P:64 SP:FB PPU:185,  5 CYC:21030
< EF9E  EA        NOP                             A:7E X:FF Y:CD P:64 SP:FB PPU:185, 11 CYC:21032
< EF9F  EA        NOP                             A:7E X:FF Y:CD P:64 SP:FB PPU:185, 17 CYC:21034
< EFA0  20 A4 FA  JSR $FAA4                       A:7E X:FF Y:CD P:64 SP:FB PPU:185, 23 CYC:21036
< FAA4  50 40     BVC $FAE6                       A:7E X:FF Y:CD P:64 SP:F9 PPU:185, 41 CYC:21042
< FAA6  F0 3E     BEQ $FAE6                       A:7E X:FF Y:CD P:64 SP:F9 PPU:185, 47 CYC:21044
< FAA8  30 3C     BMI $FAE6                       A:7E X:FF Y:CD P:64 SP:F9 PPU:185, 53 CYC:21046
< FAAA  B0 3A     BCS $FAE6                       A:7E X:FF Y:CD P:64 SP:F9 PPU:185, 59 CYC:21048
< FAAC  C9 7E     CMP #$7E                        A:7E X:FF Y:CD P:64 SP:F9 PPU:185, 65 CYC:21050
< FAAE  D0 36     BNE $FAE6                       A:7E X:FF Y:CD P:67 SP:F9 PPU:185, 71 CYC:21052
< FAB0  60        RTS                             A:7E X:FF Y:CD P:67 SP:F9 PPU:185, 77 CYC:21054
< EFA3  A5 47     LDA $47 = 6E                    A:7E X:FF Y:CD P:67 SP:FB PPU:185, 95 CYC:21060
< EFA5  C9 6E     CMP #$6E                        A:6E X:FF Y:CD P:65 SP:FB PPU:185,104 CYC:21063
< EFA7  F0 02     BEQ $EFAB                       A:6E X:FF Y:CD P:67 SP:FB PPU:185,110 CYC:21065
< EFAB  A9 A5     LDA #$A5                        A:6E X:FF Y:CD P:67 SP:FB PPU:185,119 CYC:21068
< EFAD  8D 47 06  STA $0647 = 6E                  A:A5 X:FF Y:CD P:E5 SP:FB PPU:185,125 CYC:21070
< EFB0  A0 FF     LDY #$FF                        A:A5 X:FF Y:CD P:E5 SP:FB PPU:185,137 CYC:21074
< EFB2  20 7B FA  JSR $FA7B                       A:A5 X:FF Y:FF P:E5 SP:FB PPU:185,143 CYC:21076
< FA7B  24 01     BIT $01 = FF                    A:A5 X:FF Y:FF P:E5 SP:F9 PPU:185,161 CYC:21082
< FA7D  18        CLC                             A:A5 X:FF Y:FF P:E5 SP:F9 PPU:185,170 CYC:21085
< FA7E  A9 B3     LDA #$B3                        A:A5 X:FF Y:FF P:E4 SP:F9 PPU:185,176 CYC:21087
< FA80  60        RTS                             A:B3 X:FF Y:FF P:E4 SP:F9 PPU:185,182 CYC:21089
< EFB5  1B 48 05 *SLO $0548,Y @ 0647 = A5         A:B3 X:FF Y:FF P:E4 SP:FB PPU:185,200 CYC:21095
< EFB8  EA        NOP                             A:FB X:FF Y:FF P:E5 SP:FB PPU:185,221 CYC:21102
< EFB9  EA        NOP                             A:FB X:FF Y:FF P:E5 SP:FB PPU:185,227 CYC:21104
< EFBA  08        PHP                             A:FB X:FF Y:FF P:E5 SP:FB PPU:185,233 CYC:21106
< EFBB  48        PHA                             A:FB X:FF Y:FF P:E5 SP:FA PPU:185,242 CYC:21109
< EFBC  A0 CE     LDY #$CE                        A:FB X:FF Y:FF P:E5 SP:F9 PPU:185,251 CYC:21112
< EFBE  68        PLA                             A:FB X:FF Y:CE P:E5 SP:F9 PPU:185,257 CYC:21114
< EFBF  28        PLP                             A:FB X:FF Y:CE P:E5 SP:FA PPU:185,269 CYC:21118
< EFC0  20 81 FA  JSR $FA81                       A:FB X:FF Y:CE P:E5 SP:FB PPU:185,281 CYC:21122
< FA81  50 63     BVC $FAE6                       A:FB X:FF Y:CE P:E5 SP:F9 PPU:185,299 CYC:21128
< FA83  90 61     BCC $FAE6                       A:FB X:FF Y:CE P:E5 SP:F9 PPU:185,305 CYC:21130
< FA85  10 5F     BPL $FAE6                       A:FB X:FF Y:CE P:E5 SP:F9 PPU:185,311 CYC:21132
< FA87  C9 FB     CMP #$FB                        A:FB X:FF Y:CE P:E5 SP:F9 PPU:185,317 CYC:21134
< FA89  D0 5B     BNE $FAE6                       A:FB X:FF Y:CE P:67 SP:F9 PPU:185,323 CYC:21136
< FA8B  60        RTS                             A:FB X:FF Y:CE P:67 SP:F9 PPU:185,329 CYC:21138
< EFC3  AD 47 06  LDA $0647 = 4A                  A:FB X:FF Y:CE P:67 SP:FB PPU:186,  6 CYC:21144
< EFC6  C9 4A     CMP #$4A                        A:4A X:FF Y:CE P:65 SP:FB PPU:186, 18 CYC:21148
< EFC8  F0 02     BEQ $EFCC                       A:4A X:FF Y:CE P:67 SP:FB PPU:186, 24 CYC:21150
< EFCC  A0 FF     LDY #$FF                        A:4A X:FF Y:CE P:67 SP:FB PPU:186, 33 CYC:21153
< EFCE  A9 29     LDA #$29                        A:4A X:FF Y:FF P:E5 SP:FB PPU:186, 39 CYC:21155
< EFD0  8D 47 06  STA $0647 = 4A                  A:29 X:FF Y:FF P:65 SP:FB PPU:186, 45 CYC:21157
< EFD3  20 8C FA  JSR $FA8C                       A:29 X:FF Y:FF P:65 SP:FB PPU:186, 57 CYC:21161
< FA8C  B8        CLV                             A:29 X:FF Y:FF P:65 SP:F9 PPU:186, 75 CYC:21167
< FA8D  18        CLC                             A:29 X:FF Y:FF P:25 SP:F9 PPU:186, 81 CYC:21169
< FA8E  A9 C3     LDA #$C3                        A:29 X:FF Y:FF P:24 SP:F9 PPU:186, 87 CYC:21171
< FA90  60        RTS                             A:C3 X:FF Y:FF P:A4 SP:F9 PPU:186, 93 CYC:21173
< EFD6  1B 48 05 *SLO $0548,Y @ 0647 = 29         A:C3 X:FF Y:FF P:A4 SP:FB PPU:186,111 CYC:21179
< EFD9  EA        NOP                             A:D3 X:FF Y:FF P:A4 SP:FB PPU:186,132 CYC:21186
< EFDA  EA        NOP                             A:D3 X:FF Y:FF P:A4 SP:FB PPU:186,138 CYC:21188
< EFDB  08        PHP                             A:D3 X:FF Y:FF P:A4 SP:FB PPU:186,144 CYC:21190
< EFDC  48        PHA                             A:D3 X:FF Y:FF P:A4 SP:FA PPU:186,153 CYC:21193
< EFDD  A0 CF     LDY #$CF                        A:D3 X:FF Y:FF P:A4 SP:F9 PPU:186,162 CYC:21196
< EFDF  68        PLA                             A:D3 X:FF Y:CF P:A4 SP:F9 PPU:186,168 CYC:21198
< EFE0  28        PLP                             A:D3 X:FF Y:CF P:A4 SP:FA PPU:186,180 CYC:21202
< EFE1  20 91 FA  JSR $FA91                       A:D3 X:FF Y:CF P:A4 SP:FB PPU:186,192 CYC:21206
< FA91  70 53     BVS $FAE6                       A:D3 X:FF Y:CF P:A4 SP:F9 PPU:186,210 CYC:21212
< FA93  F0 51     BEQ $FAE6                       A:D3 X:FF Y:CF P:A4 SP:F9 PPU:186,216 CYC:21214
< FA95  10 4F     BPL $FAE6                       A:D3 X:FF Y:CF P:A4 SP:F9 PPU:186,222 CYC:21216
< FA97  B0 4D     BCS $FAE6                       A:D3 X:FF Y:CF P:A4 SP:F9 PPU:186,228 CYC:21218
< FA99  C9 D3     CMP #$D3                        A:D3 X:FF Y:CF P:A4 SP:F9 PPU:186,234 CYC:21220
< FA9B  D0 49     BNE $FAE6                       A:D3 X:FF Y:CF P:27 SP:F9 PPU:186,240 CYC:21222
< FA9D  60        RTS                             A:D3 X:FF Y:CF P:27 SP:F9 PPU:186,246 CYC:21224
< EFE4  AD 47 06  LDA $0647 = 52                  A:D3 X:FF Y:CF P:27 SP:FB PPU:186,264 CYC:21230
< EFE7  C9 52     CMP #$52                        A:52 X:FF Y:CF P:25 SP:FB PPU:186,276 CYC:21234
< EFE9  F0 02     BEQ $EFED                       A:52 X:FF Y:CF P:27 SP:FB PPU:186,282 CYC:21236
< EFED  A0 FF     LDY #$FF                        A:52 X:FF Y:CF P:27 SP:FB PPU:186,291 CYC:21239
< EFEF  A9 37     LDA #$37                        A:52 X:FF Y:FF P:A5 SP:FB PPU:186,297 CYC:21241
< EFF1  8D 47 06  STA $0647 = 52                  A:37 X:FF Y:FF P:25 SP:FB PPU:186,303 CYC:21243
< EFF4  20 9E FA  JSR $FA9E                       A:37 X:FF Y:FF P:25 SP:FB PPU:186,315 CYC:21247
< FA9E  24 01     BIT $01 = FF                    A:37 X:FF Y:FF P:25 SP:F9 PPU:186,333 CYC:21253
< FAA0  38        SEC                             A:37 X:FF Y:FF P:E5 SP:F9 PPU:187,  1 CYC:21256
< FAA1  A9 10     LDA #$10                        A:37 X:FF Y:FF P:E5 SP:F9 PPU:187,  7 CYC:21258
< FAA3  60        RTS                             A:10 X:FF Y:FF P:65 SP:F9 PPU:187, 13 CYC:21260
< EFF7  1B 48 05 *SLO $0548,Y @ 0647 = 37         A:10 X:FF Y:FF P:65 SP:FB PPU:187, 31 CYC:21266
< EFFA  EA        NOP                             A:7E X:FF Y:FF P:64 SP:FB PPU:187, 52 CYC:21273
< EFFB  EA        NOP                             A:7E X:FF Y:FF P:64 SP:FB PPU:187, 58 CYC:21275
< EFFC  08        PHP                             A:7E X:FF Y:FF P:64 SP:FB PPU:187, 64 CYC:21277
< EFFD  48        PHA                             A:7E X:FF Y:FF P:64 SP:FA PPU:187, 73 CYC:21280
< EFFE  A0 D0     LDY #$D0                        A:7E X:FF Y:FF P:64 SP:F9 PPU:187, 82 CYC:21283
< F000  68        PLA                             A:7E X:FF Y:D0 P:E4 SP:F9 PPU:187, 88 CYC:21285
< F001  28        PLP                             A:7E X:FF Y:D0 P:64 SP:FA PPU:187,100 CYC:21289
< F002  20 A4 FA  JSR $FAA4                       A:7E X:FF Y:D0 P:64 SP:FB PPU:187,112 CYC:21293
< FAA4  50 40     BVC $FAE6                       A:7E X:FF Y:D0 P:64 SP:F9 PPU:187,130 CYC:21299
< FAA6  F0 3E     BEQ $FAE6                       A:7E X:FF Y:D0 P:64 SP:F9 PPU:187,136 CYC:21301
< FAA8  30 3C     BMI $FAE6                       A:7E X:FF Y:D0 P:64 SP:F9 PPU:187,142 CYC:21303
< FAAA  B0 3A     BCS $FAE6                       A:7E X:FF Y:D0 P:64 SP:F9 PPU:187,148 CYC:21305
< FAAC  C9 7E     CMP #$7E                        A:7E X:FF Y:D0 P:64 SP:F9 PPU:187,154 CYC:21307
< FAAE  D0 36     BNE $FAE6                       A:7E X:FF Y:D0 P:67 SP:F9 PPU:187,160 CYC:21309
< FAB0  60        RTS                             A:7E X:FF Y:D0 P:67 SP:F9 PPU:187,166 CYC:21311
< F005  AD 47 06  LDA $0647 = 6E                  A:7E X:FF Y:D0 P:67 SP:FB PPU:187,184 CYC:21317
< F008  C9 6E     CMP #$6E                        A:6E X:FF Y:D0 P:65 SP:FB PPU:187,196 CYC:21321
< F00A  F0 02     BEQ $F00E                       A:6E X:FF Y:D0 P:67 SP:FB PPU:187,202 CYC:21323
< F00E  A0 D1     LDY #$D1                        A:6E X:FF Y:D0 P:67 SP:FB PPU:187,211 CYC:21326
< F010  A2 FF     LDX #$FF                        A:6E X:FF Y:D1 P:E5 SP:FB PPU:187,217 CYC:21328
< F012  A9 A5     LDA #$A5                        A:6E X:FF Y:D1 P:E5 SP:FB PPU:187,223 CYC:21330
< F014  8D 47 06  STA $0647 = 6E                  A:A5 X:FF Y:D1 P:E5 SP:FB PPU:187,229 CYC:21332
< F017  20 7B FA  JSR $FA7B                       A:A5 X:FF Y:D1 P:E5 SP:FB PPU:187,241 CYC:21336
< FA7B  24 01     BIT $01 = FF                    A:A5 X:FF Y:D1 P:E5 SP:F9 PPU:187,259 CYC:21342
< FA7D  18        CLC                             A:A5 X:FF Y:D1 P:E5 SP:F9 PPU:187,268 CYC:21345
< FA7E  A9 B3     LDA #$B3                        A:A5 X:FF Y:D1 P:E4 SP:F9 PPU:187,274 CYC:21347
< FA80  60        RTS                             A:B3 X:FF Y:D1 P:E4 SP:F9 PPU:187,280 CYC:21349
< F01A  1F 48 05 *SLO $0548,X @ 0647 = A5         A:B3 X:FF Y:D1 P:E4 SP:FB PPU:187,298 CYC:21355
< F01D  EA        NOP                             A:FB X:FF Y:D1 P:E5 SP:FB PPU:187,319 CYC:21362
< F01E  EA        NOP                             A:FB X:FF Y:D1 P:E5 SP:FB PPU:187,325 CYC:21364
< F01F  EA        NOP                             A:FB X:FF Y:D1 P:E5 SP:FB PPU:187,331 CYC:21366
< F020  EA        NOP                             A:FB X:FF Y:D1 P:E5 SP:FB PPU:187,337 CYC:21368
< F021  20 81 FA  JSR $FA81                       A:FB X:FF Y:D1 P:E5 SP:FB PPU:188,  2 CYC:21370
< FA81  50 63     BVC $FAE6                       A:FB X:FF Y:D1 P:E5 SP:F9 PPU:188, 20 CYC:21376
< FA83  90 61     BCC $FAE6                       A:FB X:FF Y:D1 P:E5 SP:F9 PPU:188, 26 CYC:21378
< FA85  10 5F     BPL $FAE6                       A:FB X:FF Y:D1 P:E5 SP:F9 PPU:188, 32 CYC:21380
< FA87  C9 FB     CMP #$FB                        A:FB X:FF Y:D1 P:E5 SP:F9 PPU:188, 38 CYC:21382
< FA89  D0 5B     BNE $FAE6                       A:FB X:FF Y:D1 P:67 SP:F9 PPU:188, 44 CYC:21384
< FA8B  60        RTS                             A:FB X:FF Y:D1 P:67 SP:F9 PPU:188, 50 CYC:21386
< F024  AD 47 06  LDA $0647 = 4A                  A:FB X:FF Y:D1 P:67 SP:FB PPU:188, 68 CYC:21392
< F027  C9 4A     CMP #$4A                        A:4A X:FF Y:D1 P:65 SP:FB PPU:188, 80 CYC:21396
< F029  F0 02     BEQ $F02D                       A:4A X:FF Y:D1 P:67 SP:FB PPU:188, 86 CYC:21398
< F02D  C8        INY                             A:4A X:FF Y:D1 P:67 SP:FB PPU:188, 95 CYC:21401
< F02E  A9 29     LDA #$29                        A:4A X:FF Y:D2 P:E5 SP:FB PPU:188,101 CYC:21403
< F030  8D 47 06  STA $0647 = 4A                  A:29 X:FF Y:D2 P:65 SP:FB PPU:188,107 CYC:21405
< F033  20 8C FA  JSR $FA8C                       A:29 X:FF Y:D2 P:65 SP:FB PPU:188,119 CYC:21409
< FA8C  B8        CLV                             A:29 X:FF Y:D2 P:65 SP:F9 PPU:188,137 CYC:21415
< FA8D  18        CLC                             A:29 X:FF Y:D2 P:25 SP:F9 PPU:188,143 CYC:21417
< FA8E  A9 C3     LDA #$C3                        A:29 X:FF Y:D2 P:24 SP:F9 PPU:188,149 CYC:21419
< FA90  60        RTS                             A:C3 X:FF Y:D2 P:A4 SP:F9 PPU:188,155 CYC:21421
< F036  1F 48 05 *SLO $0548,X @ 0647 = 29         A:C3 X:FF Y:D2 P:A4 SP:FB PPU:188,173 CYC:21427
< F039  EA        NOP                             A:D3 X:FF Y:D2 P:A4 SP:FB PPU:188,194 CYC:21434
< F03A  EA        NOP                             A:D3 X:FF Y:D2 P:A4 SP:FB PPU:188,200 CYC:21436
< F03B  EA        NOP                             A:D3 X:FF Y:D2 P:A4 SP:FB PPU:188,206 CYC:21438
< F03C  EA        NOP                             A:D3 X:FF Y:D2 P:A4 SP:FB PPU:188,212 CYC:21440
< F03D  20 91 FA  JSR $FA91                       A:D3 X:FF Y:D2 P:A4 SP:FB PPU:188,218 CYC:21442
< FA91  70 53     BVS $FAE6                       A:D3 X:FF Y:D2 P:A4 SP:F9 PPU:188,236 CYC:21448
< FA93  F0 51     BEQ $FAE6                       A:D3 X:FF Y:D2 P:A4 SP:F9 PPU:188,242 CYC:21450
< FA95  10 4F     BPL $FAE6                       A:D3 X:FF Y:D2 P:A4 SP:F9 PPU:188,248 CYC:21452
< FA97  B0 4D     BCS $FAE6                       A:D3 X:FF Y:D2 P:A4 SP:F9 PPU:188,254 CYC:21454
< FA99  C9 D3     CMP #$D3                        A:D3 X:FF Y:D2 P:A4 SP:F9 PPU:188,260 CYC:21456
< FA9B  D0 49     BNE $FAE6                       A:D3 X:FF Y:D2 P:27 SP:F9 PPU:188,266 CYC:21458
< FA9D  60        RTS                             A:D3 X:FF Y:D2 P:27 SP:F9 PPU:188,272 CYC:21460
< F040  AD 47 06  LDA $0647 = 52                  A:D3 X:FF Y:D2 P:27 SP:FB PPU:188,290 CYC:21466
< F043  C9 52     CMP #$52                        A:52 X:FF Y:D2 P:25 SP:FB PPU:188,302 CYC:21470
< F045  F0 02     BEQ $F049                       A:52 X:FF Y:D2 P:27 SP:FB PPU:188,308 CYC:21472
< F049  C8        INY                             A:52 X:FF Y:D2 P:27 SP:FB PPU:188,317 CYC:21475
< F04A  A9 37     LDA #$37                        A:52 X:FF Y:D3 P:A5 SP:FB PPU:188,323 CYC:21477
< F04C  8D 47 06  STA $0647 = 52                  A:37 X:FF Y:D3 P:25 SP:FB PPU:188,329 CYC:21479
< F04F  20 9E FA  JSR $FA9E                       A:37 X:FF Y:D3 P:25 SP:FB PPU:189,  0 CYC:21483
< FA9E  24 01     BIT $01 = FF                    A:37 X:FF Y:D3 P:25 SP:F9 PPU:189, 18 CYC:21489
< FAA0  38        SEC                             A:37 X:FF Y:D3 P:E5 SP:F9 PPU:189, 27 CYC:21492
< FAA1  A9 10     LDA #$10                        A:37 X:FF Y:D3 P:E5 SP:F9 PPU:189, 33 CYC:21494
< FAA3  60        RTS                             A:10 X:FF Y:D3 P:65 SP:F9 PPU:189, 39 CYC:21496
< F052  1F 48 05 *SLO $0548,X @ 0647 = 37         A:10 X:FF Y:D3 P:65 SP:FB PPU:189, 57 CYC:21502
< F055  EA        NOP                             A:7E X:FF Y:D3 P:64 SP:FB PPU:189, 78 CYC:21509
< F056  EA        NOP                             A:7E X:FF Y:D3 P:64 SP:FB PPU:189, 84 CYC:21511
< F057  EA        NOP                             A:7E X:FF Y:D3 P:64 SP:FB PPU:189, 90 CYC:21513
< F058  EA        NOP                             A:7E X:FF Y:D3 P:64 SP:FB PPU:189, 96 CYC:21515
< F059  20 A4 FA  JSR $FAA4                       A:7E X:FF Y:D3 P:64 SP:FB PPU:189,102 CYC:21517
< FAA4  50 40     BVC $FAE6                       A:7E X:FF Y:D3 P:64 SP:F9 PPU:189,120 CYC:21523
< FAA6  F0 3E     BEQ $FAE6                       A:7E X:FF Y:D3 P:64 SP:F9 PPU:189,126 CYC:21525
< FAA8  30 3C     BMI $FAE6                       A:7E X:FF Y:D3 P:64 SP:F9 PPU:189,132 CYC:21527
< FAAA  B0 3A     BCS $FAE6                       A:7E X:FF Y:D3 P:64 SP:F9 PPU:189,138 CYC:21529
< FAAC  C9 7E     CMP #$7E                        A:7E X:FF Y:D3 P:64 SP:F9 PPU:189,144 CYC:21531
< FAAE  D0 36     BNE $FAE6                       A:7E X:FF Y:D3 P:67 SP:F9 PPU:189,150 CYC:21533
< FAB0  60        RTS                             A:7E X:FF Y:D3 P:67 SP:F9 PPU:189,156 CYC:21535
< F05C  AD 47 06  LDA $0647 = 6E                  A:7E X:FF Y:D3 P:67 SP:FB PPU:189,174 CYC:21541
< F05F  C9 6E     CMP #$6E                        A:6E X:FF Y:D3 P:65 SP:FB PPU:189,186 CYC:21545
< F061  F0 02     BEQ $F065                       A:6E X:FF Y:D3 P:67 SP:FB PPU:189,192 CYC:21547
< F065  60        RTS                             A:6E X:FF Y:D3 P:67 SP:FB PPU:189,201 CYC:21550
< C644  20 66 F0  JSR $F066                       A:6E X:FF Y:D3 P:67 SP:FD PPU:189,219 CYC:21556
< F066  A9 FF     LDA #$FF                        A:6E X:FF Y:D3 P:67 SP:FB PPU:189,237 CYC:21562
< F068  85 01     STA $01 = FF                    A:FF X:FF Y:D3 P:E5 SP:FB PPU:189,243 CYC:21564
< F06A  A0 D4     LDY #$D4                        A:FF X:FF Y:D3 P:E5 SP:FB PPU:189,252 CYC:21567
< F06C  A2 02     LDX #$02                        A:FF X:FF Y:D4 P:E5 SP:FB PPU:189,258 CYC:21569
< F06E  A9 47     LDA #$47                        A:FF X:02 Y:D4 P:65 SP:FB PPU:189,264 CYC:21571
< F070  85 47     STA $47 = 6E                    A:47 X:02 Y:D4 P:65 SP:FB PPU:189,270 CYC:21573
< F072  A9 06     LDA #$06                        A:47 X:02 Y:D4 P:65 SP:FB PPU:189,279 CYC:21576
< F074  85 48     STA $48 = 06                    A:06 X:02 Y:D4 P:65 SP:FB PPU:189,285 CYC:21578
< F076  A9 A5     LDA #$A5                        A:06 X:02 Y:D4 P:65 SP:FB PPU:189,294 CYC:21581
< F078  8D 47 06  STA $0647 = 6E                  A:A5 X:02 Y:D4 P:E5 SP:FB PPU:189,300 CYC:21583
< F07B  20 53 FB  JSR $FB53                       A:A5 X:02 Y:D4 P:E5 SP:FB PPU:189,312 CYC:21587
< FB53  24 01     BIT $01 = FF                    A:A5 X:02 Y:D4 P:E5 SP:F9 PPU:189,330 CYC:21593
< FB55  18        CLC                             A:A5 X:02 Y:D4 P:E5 SP:F9 PPU:189,339 CYC:21596
< FB56  A9 B3     LDA #$B3                        A:A5 X:02 Y:D4 P:E4 SP:F9 PPU:190,  4 CYC:21598
< FB58  60        RTS                             A:B3 X:02 Y:D4 P:E4 SP:F9 PPU:190, 10 CYC:21600
< F07E  23 45    *RLA ($45,X) @ 47 = 0647 = A5    A:B3 X:02 Y:D4 P:E4 SP:FB PPU:190, 28 CYC:21606
< F080  EA        NOP                             A:02 X:02 Y:D4 P:65 SP:FB PPU:190, 52 CYC:21614
< F081  EA        NOP                             A:02 X:02 Y:D4 P:65 SP:FB PPU:190, 58 CYC:21616
< F082  EA        NOP                             A:02 X:02 Y:D4 P:65 SP:FB PPU:190, 64 CYC:21618
< F083  EA        NOP                             A:02 X:02 Y:D4 P:65 SP:FB PPU:190, 70 CYC:21620
< F084  20 59 FB  JSR $FB59                       A:02 X:02 Y:D4 P:65 SP:FB PPU:190, 76 CYC:21622
< FB59  50 1A     BVC $FB75                       A:02 X:02 Y:D4 P:65 SP:F9 PPU:190, 94 CYC:21628
< FB5B  90 18     BCC $FB75                       A:02 X:02 Y:D4 P:65 SP:F9 PPU:190,100 CYC:21630
< FB5D  30 16     BMI $FB75                       A:02 X:02 Y:D4 P:65 SP:F9 PPU:190,106 CYC:21632
< FB5F  C9 02     CMP #$02                        A:02 X:02 Y:D4 P:65 SP:F9 PPU:190,112 CYC:21634
< FB61  D0 12     BNE $FB75                       A:02 X:02 Y:D4 P:67 SP:F9 PPU:190,118 CYC:21636
< FB63  60        RTS                             A:02 X:02 Y:D4 P:67 SP:F9 PPU:190,124 CYC:21638
< F087  AD 47 06  LDA $0647 = 4A                  A:02 X:02 Y:D4 P:67 SP:FB PPU:190,142 CYC:21644
< F08A  C9 4A     CMP #$4A                        A:4A X:02 Y:D4 P:65 SP:FB PPU:190,154 CYC:21648
< F08C  F0 02     BEQ $F090                       A:4A X:02 Y:D4 P:67 SP:FB PPU:190,160 CYC:21650
< F090  C8        INY                             A:4A X:02 Y:D4 P:67 SP:FB PPU:190,169 CYC:21653
< F091  A9 29     LDA #$29                        A:4A X:02 Y:D5 P:E5 SP:FB PPU:190,175 CYC:21655
< F093  8D 47 06  STA $0647 = 4A                  A:29 X:02 Y:D5 P:65 SP:FB PPU:190,181 CYC:21657
< F096  20 64 FB  JSR $FB64                       A:29 X:02 Y:D5 P:65 SP:FB PPU:190,193 CYC:21661
< FB64  B8        CLV                             A:29 X:02 Y:D5 P:65 SP:F9 PPU:190,211 CYC:21667
< FB65  18        CLC                             A:29 X:02 Y:D5 P:25 SP:F9 PPU:190,217 CYC:21669
< FB66  A9 42     LDA #$42                        A:29 X:02 Y:D5 P:24 SP:F9 PPU:190,223 CYC:21671
< FB68  60        RTS                             A:42 X:02 Y:D5 P:24 SP:F9 PPU:190,229 CYC:21673
< F099  23 45    *RLA ($45,X) @ 47 = 0647 = 29    A:42 X:02 Y:D5 P:24 SP:FB PPU:190,247 CYC:21679
< F09B  EA        NOP                             A:42 X:02 Y:D5 P:24 SP:FB PPU:190,271 CYC:21687
< F09C  EA        NOP                             A:42 X:02 Y:D5 P:24 SP:FB PPU:190,277 CYC:21689
< F09D  EA        NOP                             A:42 X:02 Y:D5 P:24 SP:FB PPU:190,283 CYC:21691
< F09E  EA        NOP                             A:42 X:02 Y:D5 P:24 SP:FB PPU:190,289 CYC:21693
< F09F  20 69 FB  JSR $FB69                       A:42 X:02 Y:D5 P:24 SP:FB PPU:190,295 CYC:21695
< FB69  70 0A     BVS $FB75                       A:42 X:02 Y:D5 P:24 SP:F9 PPU:190,313 CYC:21701
< FB6B  F0 08     BEQ $FB75                       A:42 X:02 Y:D5 P:24 SP:F9 PPU:190,319 CYC:21703
< FB6D  30 06     BMI $FB75                       A:42 X:02 Y:D5 P:24 SP:F9 PPU:190,325 CYC:21705
< FB6F  B0 04     BCS $FB75                       A:42 X:02 Y:D5 P:24 SP:F9 PPU:190,331 CYC:21707
< FB71  C9 42     CMP #$42                        A:42 X:02 Y:D5 P:24 SP:F9 PPU:190,337 CYC:21709
< FB73  F0 02     BEQ $FB77                       A:42 X:02 Y:D5 P:27 SP:F9 PPU:191,  2 CYC:21711
< FB77  60        RTS                             A:42 X:02 Y:D5 P:27 SP:F9 PPU:191, 11 CYC:21714
< F0A2  AD 47 06  LDA $0647 = 52                  A:42 X:02 Y:D5 P:27 SP:FB PPU:191, 29 CYC:21720
< F0A5  C9 52     CMP #$52                        A:52 X:02 Y:D5 P:25 SP:FB PPU:191, 41 CYC:21724
< F0A7  F0 02     BEQ $F0AB                       A:52 X:02 Y:D5 P:27 SP:FB PPU:191, 47 CYC:21726
< F0AB  C8        INY                             A:52 X:02 Y:D5 P:27 SP:FB PPU:191, 56 CYC:21729
< F0AC  A9 37     LDA #$37                        A:52 X:02 Y:D6 P:A5 SP:FB PPU:191, 62 CYC:21731
< F0AE  8D 47 06  STA $0647 = 52                  A:37 X:02 Y:D6 P:25 SP:FB PPU:191, 68 CYC:21733
< F0B1  20 68 FA  JSR $FA68                       A:37 X:02 Y:D6 P:25 SP:FB PPU:191, 80 CYC:21737
< FA68  24 01     BIT $01 = FF                    A:37 X:02 Y:D6 P:25 SP:F9 PPU:191, 98 CYC:21743
< FA6A  38        SEC                             A:37 X:02 Y:D6 P:E5 SP:F9 PPU:191,107 CYC:21746
< FA6B  A9 75     LDA #$75                        A:37 X:02 Y:D6 P:E5 SP:F9 PPU:191,113 CYC:21748
< FA6D  60        RTS                             A:75 X:02 Y:D6 P:65 SP:F9 PPU:191,119 CYC:21750
< F0B4  23 45    *RLA ($45,X) @ 47 = 0647 = 37    A:75 X:02 Y:D6 P:65 SP:FB PPU:191,137 CYC:21756
< F0B6  EA        NOP                             A:65 X:02 Y:D6 P:64 SP:FB PPU:191,161 CYC:21764
< F0B7  EA        NOP                             A:65 X:02 Y:D6 P:64 SP:FB PPU:191,167 CYC:21766
< F0B8  EA        NOP                             A:65 X:02 Y:D6 P:64 SP:FB PPU:191,173 CYC:21768
< F0B9  EA        NOP                             A:65 X:02 Y:D6 P:64 SP:FB PPU:191,179 CYC:21770
< F0BA  20 6E FA  JSR $FA6E                       A:65 X:02 Y:D6 P:64 SP:FB PPU:191,185 CYC:21772
< FA6E  50 76     BVC $FAE6                       A:65 X:02 Y:D6 P:64 SP:F9 PPU:191,203 CYC:21778
< FA70  F0 74     BEQ $FAE6                       A:65 X:02 Y:D6 P:64 SP:F9 PPU:191,209 CYC:21780
< FA72  30 72     BMI $FAE6                       A:65 X:02 Y:D6 P:64 SP:F9 PPU:191,215 CYC:21782
< FA74  B0 70     BCS $FAE6                       A:65 X:02 Y:D6 P:64 SP:F9 PPU:191,221 CYC:21784
< FA76  C9 65     CMP #$65                        A:65 X:02 Y:D6 P:64 SP:F9 PPU:191,227 CYC:21786
< FA78  D0 6C     BNE $FAE6                       A:65 X:02 Y:D6 P:67 SP:F9 PPU:191,233 CYC:21788
< FA7A  60        RTS                             A:65 X:02 Y:D6 P:67 SP:F9 PPU:191,239 CYC:21790
< F0BD  AD 47 06  LDA $0647 = 6F                  A:65 X:02 Y:D6 P:67 SP:FB PPU:191,257 CYC:21796
< F0C0  C9 6F     CMP #$6F                        A:6F X:02 Y:D6 P:65 SP:FB PPU:191,269 CYC:21800
< F0C2  F0 02     BEQ $F0C6                       A:6F X:02 Y:D6 P:67 SP:FB PPU:191,275 CYC:21802
< F0C6  C8        INY                             A:6F X:02 Y:D6 P:67 SP:FB PPU:191,284 CYC:21805
< F0C7  A9 A5     LDA #$A5                        A:6F X:02 Y:D7 P:E5 SP:FB PPU:191,290 CYC:21807
< F0C9  85 47     STA $47 = 47                    A:A5 X:02 Y:D7 P:E5 SP:FB PPU:191,296 CYC:21809
< F0CB  20 53 FB  JSR $FB53                       A:A5 X:02 Y:D7 P:E5 SP:FB PPU:191,305 CYC:21812
< FB53  24 01     BIT $01 = FF                    A:A5 X:02 Y:D7 P:E5 SP:F9 PPU:191,323 CYC:21818
< FB55  18        CLC                             A:A5 X:02 Y:D7 P:E5 SP:F9 PPU:191,332 CYC:21821
< FB56  A9 B3     LDA #$B3                        A:A5 X:02 Y:D7 P:E4 SP:F9 PPU:191,338 CYC:21823
< FB58  60        RTS                             A:B3 X:02 Y:D7 P:E4 SP:F9 PPU:192,  3 CYC:21825
< F0CE  27 47    *RLA $47 = A5                    A:B3 X:02 Y:D7 P:E4 SP:FB PPU:192, 21 CYC:21831
< F0D0  EA        NOP                             A:02 X:02 Y:D7 P:65 SP:FB PPU:192, 36 CYC:21836
< F0D1  EA        NOP                             A:02 X:02 Y:D7 P:65 SP:FB PPU:192, 42 CYC:21838
< F0D2  EA        NOP                             A:02 X:02 Y:D7 P:65 SP:FB PPU:192, 48 CYC:21840
< F0D3  EA        NOP                             A:02 X:02 Y:D7 P:65 SP:FB PPU:192, 54 CYC:21842
< F0D4  20 59 FB  JSR $FB59                       A:02 X:02 Y:D7 P:65 SP:FB PPU:192, 60 CYC:21844
< FB59  50 1A     BVC $FB75                       A:02 X:02 Y:D7 P:65 SP:F9 PPU:192, 78 CYC:21850
< FB5B  90 18     BCC $FB75                       A:02 X:02 Y:D7 P:65 SP:F9 PPU:192, 84 CYC:21852
< FB5D  30 16     BMI $FB75                       A:02 X:02 Y:D7 P:65 SP:F9 PPU:192, 90 CYC:21854
< FB5F  C9 02     CMP #$02                        A:02 X:02 Y:D7 P:65 SP:F9 PPU:192, 96 CYC:21856
< FB61  D0 12     BNE $FB75                       A:02 X:02 Y:D7 P:67 SP:F9 PPU:192,102 CYC:21858
< FB63  60        RTS                             A:02 X:02 Y:D7 P:67 SP:F9 PPU:192,108 CYC:21860
< F0D7  A5 47     LDA $47 = 4A                    A:02 X:02 Y:D7 P:67 SP:FB PPU:192,126 CYC:21866
< F0D9  C9 4A     CMP #$4A                        A:4A X:02 Y:D7 P:65 SP:FB PPU:192,135 CYC:21869
< F0DB  F0 02     BEQ $F0DF                       A:4A X:02 Y:D7 P:67 SP:FB PPU:192,141 CYC:21871
< F0DF  C8        INY                             A:4A X:02 Y:D7 P:67 SP:FB PPU:192,150 CYC:21874
< F0E0  A9 29     LDA #$29                        A:4A X:02 Y:D8 P:E5 SP:FB PPU:192,156 CYC:21876
< F0E2  85 47     STA $47 = 4A                    A:29 X:02 Y:D8 P:65 SP:FB PPU:192,162 CYC:21878
< F0E4  20 64 FB  JSR $FB64                       A:29 X:02 Y:D8 P:65 SP:FB PPU:192,171 CYC:21881
< FB64  B8        CLV                             A:29 X:02 Y:D8 P:65 SP:F9 PPU:192,189 CYC:21887
< FB65  18        CLC                             A:29 X:02 Y:D8 P:25 SP:F9 PPU:192,195 CYC:21889
< FB66  A9 42     LDA #$42                        A:29 X:02 Y:D8 P:24 SP:F9 PPU:192,201 CYC:21891
< FB68  60        RTS                             A:42 X:02 Y:D8 P:24 SP:F9 PPU:192,207 CYC:21893
< F0E7  27 47    *RLA $47 = 29                    A:42 X:02 Y:D8 P:24 SP:FB PPU:192,225 CYC:21899
< F0E9  EA        NOP                             A:42 X:02 Y:D8 P:24 SP:FB PPU:192,240 CYC:21904
< F0EA  EA        NOP                             A:42 X:02 Y:D8 P:24 SP:FB PPU:192,246 CYC:21906
< F0EB  EA        NOP                             A:42 X:02 Y:D8 P:24 SP:FB PPU:192,252 CYC:21908
< F0EC  EA        NOP                             A:42 X:02 Y:D8 P:24 SP:FB PPU:192,258 CYC:21910
< F0ED  20 69 FB  JSR $FB69                       A:42 X:02 Y:D8 P:24 SP:FB PPU:192,264 CYC:21912
< FB69  70 0A     BVS $FB75                       A:42 X:02 Y:D8 P:24 SP:F9 PPU:192,282 CYC:21918
< FB6B  F0 08     BEQ $FB75                       A:42 X:02 Y:D8 P:24 SP:F9 PPU:192,288 CYC:21920
< FB6D  30 06     BMI $FB75                       A:42 X:02 Y:D8 P:24 SP:F9 PPU:192,294 CYC:21922
< FB6F  B0 04     BCS $FB75                       A:42 X:02 Y:D8 P:24 SP:F9 PPU:192,300 CYC:21924
< FB71  C9 42     CMP #$42                        A:42 X:02 Y:D8 P:24 SP:F9 PPU:192,306 CYC:21926
< FB73  F0 02     BEQ $FB77                       A:42 X:02 Y:D8 P:27 SP:F9 PPU:192,312 CYC:21928
< FB77  60        RTS                             A:42 X:02 Y:D8 P:27 SP:F9 PPU:192,321 CYC:21931
< F0F0  A5 47     LDA $47 = 52                    A:42 X:02 Y:D8 P:27 SP:FB PPU:192,339 CYC:21937
< F0F2  C9 52     CMP #$52                        A:52 X:02 Y:D8 P:25 SP:FB PPU:193,  7 CYC:21940
< F0F4  F0 02     BEQ $F0F8                       A:52 X:02 Y:D8 P:27 SP:FB PPU:193, 13 CYC:21942
< F0F8  C8        INY                             A:52 X:02 Y:D8 P:27 SP:FB PPU:193, 22 CYC:21945
< F0F9  A9 37     LDA #$37                        A:52 X:02 Y:D9 P:A5 SP:FB PPU:193, 28 CYC:21947
< F0FB  85 47     STA $47 = 52                    A:37 X:02 Y:D9 P:25 SP:FB PPU:193, 34 CYC:21949
< F0FD  20 68 FA  JSR $FA68                       A:37 X:02 Y:D9 P:25 SP:FB PPU:193, 43 CYC:21952
< FA68  24 01     BIT $01 = FF                    A:37 X:02 Y:D9 P:25 SP:F9 PPU:193, 61 CYC:21958
< FA6A  38        SEC                             A:37 X:02 Y:D9 P:E5 SP:F9 PPU:193, 70 CYC:21961
< FA6B  A9 75     LDA #$75                        A:37 X:02 Y:D9 P:E5 SP:F9 PPU:193, 76 CYC:21963
< FA6D  60        RTS                             A:75 X:02 Y:D9 P:65 SP:F9 PPU:193, 82 CYC:21965
< F100  27 47    *RLA $47 = 37                    A:75 X:02 Y:D9 P:65 SP:FB PPU:193,100 CYC:21971
< F102  EA        NOP                             A:65 X:02 Y:D9 P:64 SP:FB PPU:193,115 CYC:21976
< F103  EA        NOP                             A:65 X:02 Y:D9 P:64 SP:FB PPU:193,121 CYC:21978
< F104  EA        NOP                             A:65 X:02 Y:D9 P:64 SP:FB PPU:193,127 CYC:21980
< F105  EA        NOP                             A:65 X:02 Y:D9 P:64 SP:FB PPU:193,133 CYC:21982
< F106  20 6E FA  JSR $FA6E                       A:65 X:02 Y:D9 P:64 SP:FB PPU:193,139 CYC:21984
< FA6E  50 76     BVC $FAE6                       A:65 X:02 Y:D9 P:64 SP:F9 PPU:193,157 CYC:21990
< FA70  F0 74     BEQ $FAE6                       A:65 X:02 Y:D9 P:64 SP:F9 PPU:193,163 CYC:21992
< FA72  30 72     BMI $FAE6                       A:65 X:02 Y:D9 P:64 SP:F9 PPU:193,169 CYC:21994
< FA74  B0 70     BCS $FAE6                       A:65 X:02 Y:D9 P:64 SP:F9 PPU:193,175 CYC:21996
< FA76  C9 65     CMP #$65                        A:65 X:02 Y:D9 P:64 SP:F9 PPU:193,181 CYC:21998
< FA78  D0 6C     BNE $FAE6                       A:65 X:02 Y:D9 P:67 SP:F9 PPU:193,187 CYC:22000
< FA7A  60        RTS                             A:65 X:02 Y:D9 P:67 SP:F9 PPU:193,193 CYC:22002
< F109  A5 47     LDA $47 = 6F                    A:65 X:02 Y:D9 P:67 SP:FB PPU:193,211 CYC:22008
< F10B  C9 6F     CMP #$6F                        A:6F X:02 Y:D9 P:65 SP:FB PPU:193,220 CYC:22011
< F10D  F0 02     BEQ $F111                       A:6F X:02 Y:D9 P:67 SP:FB PPU:193,226 CYC:22013
< F111  C8        INY                             A:6F X:02 Y:D9 P:67 SP:FB PPU:193,235 CYC:22016
< F112  A9 A5     LDA #$A5                        A:6F X:02 Y:DA P:E5 SP:FB PPU:193,241 CYC:22018
< F114  8D 47 06  STA $0647 = 6F                  A:A5 X:02 Y:DA P:E5 SP:FB PPU:193,247 CYC:22020
< F117  20 53 FB  JSR $FB53                       A:A5 X:02 Y:DA P:E5 SP:FB PPU:193,259 CYC:22024
< FB53  24 01     BIT $01 = FF                    A:A5 X:02 Y:DA P:E5 SP:F9 PPU:193,277 CYC:22030
< FB55  18        CLC                             A:A5 X:02 Y:DA P:E5 SP:F9 PPU:193,286 CYC:22033
< FB56  A9 B3     LDA #$B3                        A:A5 X:02 Y:DA P:E4 SP:F9 PPU:193,292 CYC:22035
< FB58  60        RTS                             A:B3 X:02 Y:DA P:E4 SP:F9 PPU:193,298 CYC:22037
< F11A  2F 47 06 *RLA $0647 = A5                  A:B3 X:02 Y:DA P:E4 SP:FB PPU:193,316 CYC:22043
< F11D  EA        NOP                             A:02 X:02 Y:DA P:65 SP:FB PPU:193,334 CYC:22049
< F11E  EA        NOP                             A:02 X:02 Y:DA P:65 SP:FB PPU:193,340 CYC:22051
< F11F  EA        NOP                             A:02 X:02 Y:DA P:65 SP:FB PPU:194,  5 CYC:22053
< F120  EA        NOP                             A:02 X:02 Y:DA P:65 SP:FB PPU:194, 11 CYC:22055
< F121  20 59 FB  JSR $FB59                       A:02 X:02 Y:DA P:65 SP:FB PPU:194, 17 CYC:22057
< FB59  50 1A     BVC $FB75                       A:02 X:02 Y:DA P:65 SP:F9 PPU:194, 35 CYC:22063
< FB5B  90 18     BCC $FB75                       A:02 X:02 Y:DA P:65 SP:F9 PPU:194, 41 CYC:22065
< FB5D  30 16     BMI $FB75                       A:02 X:02 Y:DA P:65 SP:F9 PPU:194, 47 CYC:22067
< FB5F  C9 02     CMP #$02                        A:02 X:02 Y:DA P:65 SP:F9 PPU:194, 53 CYC:22069
< FB61  D0 12     BNE $FB75                       A:02 X:02 Y:DA P:67 SP:F9 PPU:194, 59 CYC:22071
< FB63  60        RTS                             A:02 X:02 Y:DA P:67 SP:F9 PPU:194, 65 CYC:22073
< F124  AD 47 06  LDA $0647 = 4A                  A:02 X:02 Y:DA P:67 SP:FB PPU:194, 83 CYC:22079
< F127  C9 4A     CMP #$4A                        A:4A X:02 Y:DA P:65 SP:FB PPU:194, 95 CYC:22083
< F129  F0 02     BEQ $F12D                       A:4A X:02 Y:DA P:67 SP:FB PPU:194,101 CYC:22085
< F12D  C8        INY                             A:4A X:02 Y:DA P:67 SP:FB PPU:194,110 CYC:22088
< F12E  A9 29     LDA #$29                        A:4A X:02 Y:DB P:E5 SP:FB PPU:194,116 CYC:22090
< F130  8D 47 06  STA $0647 = 4A                  A:29 X:02 Y:DB P:65 SP:FB PPU:194,122 CYC:22092
< F133  20 64 FB  JSR $FB64                       A:29 X:02 Y:DB P:65 SP:FB PPU:194,134 CYC:22096
< FB64  B8        CLV                             A:29 X:02 Y:DB P:65 SP:F9 PPU:194,152 CYC:22102
< FB65  18        CLC                             A:29 X:02 Y:DB P:25 SP:F9 PPU:194,158 CYC:22104
< FB66  A9 42     LDA #$42                        A:29 X:02 Y:DB P:24 SP:F9 PPU:194,164 CYC:22106
< FB68  60        RTS                             A:42 X:02 Y:DB P:24 SP:F9 PPU:194,170 CYC:22108
< F136  2F 47 06 *RLA $0647 = 29                  A:42 X:02 Y:DB P:24 SP:FB PPU:194,188 CYC:22114
< F139  EA        NOP                             A:42 X:02 Y:DB P:24 SP:FB PPU:194,206 CYC:22120
< F13A  EA        NOP                             A:42 X:02 Y:DB P:24 SP:FB PPU:194,212 CYC:22122
< F13B  EA        NOP                             A:42 X:02 Y:DB P:24 SP:FB PPU:194,218 CYC:22124
< F13C  EA        NOP                             A:42 X:02 Y:DB P:24 SP:FB PPU:194,224 CYC:22126
< F13D  20 69 FB  JSR $FB69                       A:42 X:02 Y:DB P:24 SP:FB PPU:194,230 CYC:22128
< FB69  70 0A     BVS $FB75                       A:42 X:02 Y:DB P:24 SP:F9 PPU:194,248 CYC:22134
< FB6B  F0 08     BEQ $FB75                       A:42 X:02 Y:DB P:24 SP:F9 PPU:194,254 CYC:22136
< FB6D  30 06     BMI $FB75                       A:42 X:02 Y:DB P:24 SP:F9 PPU:194,260 CYC:22138
< FB6F  B0 04     BCS $FB75                       A:42 X:02 Y:DB P:24 SP:F9 PPU:194,266 CYC:22140
< FB71  C9 42     CMP #$42                        A:42 X:02 Y:DB P:24 SP:F9 PPU:194,272 CYC:22142
< FB73  F0 02     BEQ $FB77                       A:42 X:02 Y:DB P:27 SP:F9 PPU:194,278 CYC:22144
< FB77  60        RTS                             A:42 X:02 Y:DB P:27 SP:F9 PPU:194,287 CYC:22147
< F140  AD 47 06  LDA $0647 = 52                  A:42 X:02 Y:DB P:27 SP:FB PPU:194,305 CYC:22153
< F143  C9 52     CMP #$52                        A:52 X:02 Y:DB P:25 SP:FB PPU:194,317 CYC:22157
< F145  F0 02     BEQ $F149                       A:52 X:02 Y:DB P:27 SP:FB PPU:194,323 CYC:22159
< F149  C8        INY                             A:52 X:02 Y:DB P:27 SP:FB PPU:194,332 CYC:22162
< F14A  A9 37     LDA #$37                        A:52 X:02 Y:DC P:A5 SP:FB PPU:194,338 CYC:22164
< F14C  8D 47 06  STA $0647 = 52                  A:37 X:02 Y:DC P:25 SP:FB PPU:195,  3 CYC:22166
< F14F  20 68 FA  JSR $FA68                       A:37 X:02 Y:DC P:25 SP:FB PPU:195, 15 CYC:22170
< FA68  24 01     BIT $01 = FF                    A:37 X:02 Y:DC P:25 SP:F9 PPU:195, 33 CYC:22176
< FA6A  38        SEC                             A:37 X:02 Y:DC P:E5 SP:F9 PPU:195, 42 CYC:22179
< FA6B  A9 75     LDA #$75                        A:37 X:02 Y:DC P:E5 SP:F9 PPU:195, 48 CYC:22181
< FA6D  60        RTS                             A:75 X:02 Y:DC P:65 SP:F9 PPU:195, 54 CYC:22183
< F152  2F 47 06 *RLA $0647 = 37                  A:75 X:02 Y:DC P:65 SP:FB PPU:195, 72 CYC:22189
< F155  EA        NOP                             A:65 X:02 Y:DC P:64 SP:FB PPU:195, 90 CYC:22195
< F156  EA        NOP                             A:65 X:02 Y:DC P:64 SP:FB PPU:195, 96 CYC:22197
< F157  EA        NOP                             A:65 X:02 Y:DC P:64 SP:FB PPU:195,102 CYC:22199
< F158  EA        NOP                             A:65 X:02 Y:DC P:64 SP:FB PPU:195,108 CYC:22201
< F159  20 6E FA  JSR $FA6E                       A:65 X:02 Y:DC P:64 SP:FB PPU:195,114 CYC:22203
< FA6E  50 76     BVC $FAE6                       A:65 X:02 Y:DC P:64 SP:F9 PPU:195,132 CYC:22209
< FA70  F0 74     BEQ $FAE6                       A:65 X:02 Y:DC P:64 SP:F9 PPU:195,138 CYC:22211
< FA72  30 72     BMI $FAE6                       A:65 X:02 Y:DC P:64 SP:F9 PPU:195,144 CYC:22213
< FA74  B0 70     BCS $FAE6                       A:65 X:02 Y:DC P:64 SP:F9 PPU:195,150 CYC:22215
< FA76  C9 65     CMP #$65                        A:65 X:02 Y:DC P:64 SP:F9 PPU:195,156 CYC:22217
< FA78  D0 6C     BNE $FAE6                       A:65 X:02 Y:DC P:67 SP:F9 PPU:195,162 CYC:22219
< FA7A  60        RTS                             A:65 X:02 Y:DC P:67 SP:F9 PPU:195,168 CYC:22221
< F15C  AD 47 06  LDA $0647 = 6F                  A:65 X:02 Y:DC P:67 SP:FB PPU:195,186 CYC:22227
< F15F  C9 6F     CMP #$6F                        A:6F X:02 Y:DC P:65 SP:FB PPU:195,198 CYC:22231
< F161  F0 02     BEQ $F165                       A:6F X:02 Y:DC P:67 SP:FB PPU:195,204 CYC:22233
< F165  A9 A5     LDA #$A5                        A:6F X:02 Y:DC P:67 SP:FB PPU:195,213 CYC:22236
< F167  8D 47 06  STA $0647 = 6F                  A:A5 X:02 Y:DC P:E5 SP:FB PPU:195,219 CYC:22238
< F16A  A9 48     LDA #$48                        A:A5 X:02 Y:DC P:E5 SP:FB PPU:195,231 CYC:22242
< F16C  85 45     STA $45 = 48                    A:48 X:02 Y:DC P:65 SP:FB PPU:195,237 CYC:22244
< F16E  A9 05     LDA #$05                        A:48 X:02 Y:DC P:65 SP:FB PPU:195,246 CYC:22247
< F170  85 46     STA $46 = 05                    A:05 X:02 Y:DC P:65 SP:FB PPU:195,252 CYC:22249
< F172  A0 FF     LDY #$FF                        A:05 X:02 Y:DC P:65 SP:FB PPU:195,261 CYC:22252
< F174  20 53 FB  JSR $FB53                       A:05 X:02 Y:FF P:E5 SP:FB PPU:195,267 CYC:22254
< FB53  24 01     BIT $01 = FF                    A:05 X:02 Y:FF P:E5 SP:F9 PPU:195,285 CYC:22260
< FB55  18        CLC                             A:05 X:02 Y:FF P:E5 SP:F9 PPU:195,294 CYC:22263
< FB56  A9 B3     LDA #$B3                        A:05 X:02 Y:FF P:E4 SP:F9 PPU:195,300 CYC:22265
< FB58  60        RTS                             A:B3 X:02 Y:FF P:E4 SP:F9 PPU:195,306 CYC:22267
< F177  33 45    *RLA ($45),Y = 0548 @ 0647 = A5  A:B3 X:02 Y:FF P:E4 SP:FB PPU:195,324 CYC:22273
< F179  EA        NOP                             A:02 X:02 Y:FF P:65 SP:FB PPU:196,  7 CYC:22281
< F17A  EA        NOP                             A:02 X:02 Y:FF P:65 SP:FB PPU:196, 13 CYC:22283
< F17B  08        PHP                             A:02 X:02 Y:FF P:65 SP:FB PPU:196, 19 CYC:22285
< F17C  48        PHA                             A:02 X:02 Y:FF P:65 SP:FA PPU:196, 28 CYC:22288
< F17D  A0 DD     LDY #$DD                        A:02 X:02 Y:FF P:65 SP:F9 PPU:196, 37 CYC:22291
< F17F  68        PLA                             A:02 X:02 Y:DD P:E5 SP:F9 PPU:196, 43 CYC:22293
< F180  28        PLP                             A:02 X:02 Y:DD P:65 SP:FA PPU:196, 55 CYC:22297
< F181  20 59 FB  JSR $FB59                       A:02 X:02 Y:DD P:65 SP:FB PPU:196, 67 CYC:22301
< FB59  50 1A     BVC $FB75                       A:02 X:02 Y:DD P:65 SP:F9 PPU:196, 85 CYC:22307
< FB5B  90 18     BCC $FB75                       A:02 X:02 Y:DD P:65 SP:F9 PPU:196, 91 CYC:22309
< FB5D  30 16     BMI $FB75                       A:02 X:02 Y:DD P:65 SP:F9 PPU:196, 97 CYC:22311
< FB5F  C9 02     CMP #$02                        A:02 X:02 Y:DD P:65 SP:F9 PPU:196,103 CYC:22313
< FB61  D0 12     BNE $FB75                       A:02 X:02 Y:DD P:67 SP:F9 PPU:196,109 CYC:22315
< FB63  60        RTS                             A:02 X:02 Y:DD P:67 SP:F9 PPU:196,115 CYC:22317
< F184  AD 47 06  LDA $0647 = 4A                  A:02 X:02 Y:DD P:67 SP:FB PPU:196,133 CYC:22323
< F187  C9 4A     CMP #$4A                        A:4A X:02 Y:DD P:65 SP:FB PPU:196,145 CYC:22327
< F189  F0 02     BEQ $F18D                       A:4A X:02 Y:DD P:67 SP:FB PPU:196,151 CYC:22329
< F18D  A0 FF     LDY #$FF                        A:4A X:02 Y:DD P:67 SP:FB PPU:196,160 CYC:22332
< F18F  A9 29     LDA #$29                        A:4A X:02 Y:FF P:E5 SP:FB PPU:196,166 CYC:22334
< F191  8D 47 06  STA $0647 = 4A                  A:29 X:02 Y:FF P:65 SP:FB PPU:196,172 CYC:22336
< F194  20 64 FB  JSR $FB64                       A:29 X:02 Y:FF P:65 SP:FB PPU:196,184 CYC:22340
< FB64  B8        CLV                             A:29 X:02 Y:FF P:65 SP:F9 PPU:196,202 CYC:22346
< FB65  18        CLC                             A:29 X:02 Y:FF P:25 SP:F9 PPU:196,208 CYC:22348
< FB66  A9 42     LDA #$42                        A:29 X:02 Y:FF P:24 SP:F9 PPU:196,214 CYC:22350
< FB68  60        RTS                             A:42 X:02 Y:FF P:24 SP:F9 PPU:196,220 CYC:22352
< F197  33 45    *RLA ($45),Y = 0548 @ 0647 = 29  A:42 X:02 Y:FF P:24 SP:FB PPU:196,238 CYC:22358
< F199  EA        NOP                             A:42 X:02 Y:FF P:24 SP:FB PPU:196,262 CYC:22366
< F19A  EA        NOP                             A:42 X:02 Y:FF P:24 SP:FB PPU:196,268 CYC:22368
< F19B  08        PHP                             A:42 X:02 Y:FF P:24 SP:FB PPU:196,274 CYC:22370
< F19C  48        PHA                             A:42 X:02 Y:FF P:24 SP:FA PPU:196,283 CYC:22373
< F19D  A0 DE     LDY #$DE                        A:42 X:02 Y:FF P:24 SP:F9 PPU:196,292 CYC:22376
< F19F  68        PLA                             A:42 X:02 Y:DE P:A4 SP:F9 PPU:196,298 CYC:22378
< F1A0  28        PLP                             A:42 X:02 Y:DE P:24 SP:FA PPU:196,310 CYC:22382
< F1A1  20 69 FB  JSR $FB69                       A:42 X:02 Y:DE P:24 SP:FB PPU:196,322 CYC:22386
< FB69  70 0A     BVS $FB75                       A:42 X:02 Y:DE P:24 SP:F9 PPU:196,340 CYC:22392
< FB6B  F0 08     BEQ $FB75                       A:42 X:02 Y:DE P:24 SP:F9 PPU:197,  5 CYC:22394
< FB6D  30 06     BMI $FB75                       A:42 X:02 Y:DE P:24 SP:F9 PPU:197, 11 CYC:22396
< FB6F  B0 04     BCS $FB75                       A:42 X:02 Y:DE P:24 SP:F9 PPU:197, 17 CYC:22398
< FB71  C9 42     CMP #$42                        A:42 X:02 Y:DE P:24 SP:F9 PPU:197, 23 CYC:22400
< FB73  F0 02     BEQ $FB77                       A:42 X:02 Y:DE P:27 SP:F9 PPU:197, 29 CYC:22402
< FB77  60        RTS                             A:42 X:02 Y:DE P:27 SP:F9 PPU:197, 38 CYC:22405
< F1A4  AD 47 06  LDA $0647 = 52                  A:42 X:02 Y:DE P:27 SP:FB PPU:197, 56 CYC:22411
< F1A7  C9 52     CMP #$52                        A:52 X:02 Y:DE P:25 SP:FB PPU:197, 68 CYC:22415
< F1A9  F0 02     BEQ $F1AD                       A:52 X:02 Y:DE P:27 SP:FB PPU:197, 74 CYC:22417
< F1AD  A0 FF     LDY #$FF                        A:52 X:02 Y:DE P:27 SP:FB PPU:197, 83 CYC:22420
< F1AF  A9 37     LDA #$37                        A:52 X:02 Y:FF P:A5 SP:FB PPU:197, 89 CYC:22422
< F1B1  8D 47 06  STA $0647 = 52                  A:37 X:02 Y:FF P:25 SP:FB PPU:197, 95 CYC:22424
< F1B4  20 68 FA  JSR $FA68                       A:37 X:02 Y:FF P:25 SP:FB PPU:197,107 CYC:22428
< FA68  24 01     BIT $01 = FF                    A:37 X:02 Y:FF P:25 SP:F9 PPU:197,125 CYC:22434
< FA6A  38        SEC                             A:37 X:02 Y:FF P:E5 SP:F9 PPU:197,134 CYC:22437
< FA6B  A9 75     LDA #$75                        A:37 X:02 Y:FF P:E5 SP:F9 PPU:197,140 CYC:22439
< FA6D  60        RTS                             A:75 X:02 Y:FF P:65 SP:F9 PPU:197,146 CYC:22441
< F1B7  33 45    *RLA ($45),Y = 0548 @ 0647 = 37  A:75 X:02 Y:FF P:65 SP:FB PPU:197,164 CYC:22447
< F1B9  EA        NOP                             A:65 X:02 Y:FF P:64 SP:FB PPU:197,188 CYC:22455
< F1BA  EA        NOP                             A:65 X:02 Y:FF P:64 SP:FB PPU:197,194 CYC:22457
< F1BB  08        PHP                             A:65 X:02 Y:FF P:64 SP:FB PPU:197,200 CYC:22459
< F1BC  48        PHA                             A:65 X:02 Y:FF P:64 SP:FA PPU:197,209 CYC:22462
< F1BD  A0 DF     LDY #$DF                        A:65 X:02 Y:FF P:64 SP:F9 PPU:197,218 CYC:22465
< F1BF  68        PLA                             A:65 X:02 Y:DF P:E4 SP:F9 PPU:197,224 CYC:22467
< F1C0  28        PLP                             A:65 X:02 Y:DF P:64 SP:FA PPU:197,236 CYC:22471
< F1C1  20 6E FA  JSR $FA6E                       A:65 X:02 Y:DF P:64 SP:FB PPU:197,248 CYC:22475
< FA6E  50 76     BVC $FAE6                       A:65 X:02 Y:DF P:64 SP:F9 PPU:197,266 CYC:22481
< FA70  F0 74     BEQ $FAE6                       A:65 X:02 Y:DF P:64 SP:F9 PPU:197,272 CYC:22483
< FA72  30 72     BMI $FAE6                       A:65 X:02 Y:DF P:64 SP:F9 PPU:197,278 CYC:22485
< FA74  B0 70     BCS $FAE6                       A:65 X:02 Y:DF P:64 SP:F9 PPU:197,284 CYC:22487
< FA76  C9 65     CMP #$65                        A:65 X:02 Y:DF P:64 SP:F9 PPU:197,290 CYC:22489
< FA78  D0 6C     BNE $FAE6                       A:65 X:02 Y:DF P:67 SP:F9 PPU:197,296 CYC:22491
< FA7A  60        RTS                             A:65 X:02 Y:DF P:67 SP:F9 PPU:197,302 CYC:22493
< F1C4  AD 47 06  LDA $0647 = 6F                  A:65 X:02 Y:DF P:67 SP:FB PPU:197,320 CYC:22499
< F1C7  C9 6F     CMP #$6F                        A:6F X:02 Y:DF P:65 SP:FB PPU:197,332 CYC:22503
< F1C9  F0 02     BEQ $F1CD                       A:6F X:02 Y:DF P:67 SP:FB PPU:197,338 CYC:22505
< F1CD  A0 E0     LDY #$E0                        A:6F X:02 Y:DF P:67 SP:FB PPU:198,  6 CYC:22508
< F1CF  A2 FF     LDX #$FF                        A:6F X:02 Y:E0 P:E5 SP:FB PPU:198, 12 CYC:22510
< F1D1  A9 A5     LDA #$A5                        A:6F X:FF Y:E0 P:E5 SP:FB PPU:198, 18 CYC:22512
< F1D3  85 47     STA $47 = 6F                    A:A5 X:FF Y:E0 P:E5 SP:FB PPU:198, 24 CYC:22514
< F1D5  20 53 FB  JSR $FB53                       A:A5 X:FF Y:E0 P:E5 SP:FB PPU:198, 33 CYC:22517
< FB53  24 01     BIT $01 = FF                    A:A5 X:FF Y:E0 P:E5 SP:F9 PPU:198, 51 CYC:22523
< FB55  18        CLC                             A:A5 X:FF Y:E0 P:E5 SP:F9 PPU:198, 60 CYC:22526
< FB56  A9 B3     LDA #$B3                        A:A5 X:FF Y:E0 P:E4 SP:F9 PPU:198, 66 CYC:22528
< FB58  60        RTS                             A:B3 X:FF Y:E0 P:E4 SP:F9 PPU:198, 72 CYC:22530
< F1D8  37 48    *RLA $48,X @ 47 = A5             A:B3 X:FF Y:E0 P:E4 SP:FB PPU:198, 90 CYC:22536
< F1DA  EA        NOP                             A:02 X:FF Y:E0 P:65 SP:FB PPU:198,108 CYC:22542
< F1DB  EA        NOP                             A:02 X:FF Y:E0 P:65 SP:FB PPU:198,114 CYC:22544
< F1DC  EA        NOP                             A:02 X:FF Y:E0 P:65 SP:FB PPU:198,120 CYC:22546
< F1DD  EA        NOP                             A:02 X:FF Y:E0 P:65 SP:FB PPU:198,126 CYC:22548
< F1DE  20 59 FB  JSR $FB59                       A:02 X:FF Y:E0 P:65 SP:FB PPU:198,132 CYC:22550
< FB59  50 1A     BVC $FB75                       A:02 X:FF Y:E0 P:65 SP:F9 PPU:198,150 CYC:22556
< FB5B  90 18     BCC $FB75                       A:02 X:FF Y:E0 P:65 SP:F9 PPU:198,156 CYC:22558
< FB5D  30 16     BMI $FB75                       A:02 X:FF Y:E0 P:65 SP:F9 PPU:198,162 CYC:22560
< FB5F  C9 02     CMP #$02                        A:02 X:FF Y:E0 P:65 SP:F9 PPU:198,168 CYC:22562
< FB61  D0 12     BNE $FB75                       A:02 X:FF Y:E0 P:67 SP:F9 PPU:198,174 CYC:22564
< FB63  60        RTS                             A:02 X:FF Y:E0 P:67 SP:F9 PPU:198,180 CYC:22566
< F1E1  A5 47     LDA $47 = 4A                    A:02 X:FF Y:E0 P:67 SP:FB PPU:198,198 CYC:22572
< F1E3  C9 4A     CMP #$4A                        A:4A X:FF Y:E0 P:65 SP:FB PPU:198,207 CYC:22575
< F1E5  F0 02     BEQ $F1E9                       A:4A X:FF Y:E0 P:67 SP:FB PPU:198,213 CYC:22577
< F1E9  C8        INY                             A:4A X:FF Y:E0 P:67 SP:FB PPU:198,222 CYC:22580
< F1EA  A9 29     LDA #$29                        A:4A X:FF Y:E1 P:E5 SP:FB PPU:198,228 CYC:22582
< F1EC  85 47     STA $47 = 4A                    A:29 X:FF Y:E1 P:65 SP:FB PPU:198,234 CYC:22584
< F1EE  20 64 FB  JSR $FB64                       A:29 X:FF Y:E1 P:65 SP:FB PPU:198,243 CYC:22587
< FB64  B8        CLV                             A:29 X:FF Y:E1 P:65 SP:F9 PPU:198,261 CYC:22593
< FB65  18        CLC                             A:29 X:FF Y:E1 P:25 SP:F9 PPU:198,267 CYC:22595
< FB66  A9 42     LDA #$42                        A:29 X:FF Y:E1 P:24 SP:F9 PPU:198,273 CYC:22597
< FB68  60        RTS                             A:42 X:FF Y:E1 P:24 SP:F9 PPU:198,279 CYC:22599
< F1F1  37 48    *RLA $48,X @ 47 = 29             A:42 X:FF Y:E1 P:24 SP:FB PPU:198,297 CYC:22605
< F1F3  EA        NOP                             A:42 X:FF Y:E1 P:24 SP:FB PPU:198,315 CYC:22611
< F1F4  EA        NOP                             A:42 X:FF Y:E1 P:24 SP:FB PPU:198,321 CYC:22613
< F1F5  EA        NOP                             A:42 X:FF Y:E1 P:24 SP:FB PPU:198,327 CYC:22615
< F1F6  EA        NOP                             A:42 X:FF Y:E1 P:24 SP:FB PPU:198,333 CYC:22617
< F1F7  20 69 FB  JSR $FB69                       A:42 X:FF Y:E1 P:24 SP:FB PPU:198,339 CYC:22619
< FB69  70 0A     BVS $FB75                       A:42 X:FF Y:E1 P:24 SP:F9 PPU:199, 16 CYC:22625
< FB6B  F0 08     BEQ $FB75                       A:42 X:FF Y:E1 P:24 SP:F9 PPU:199, 22 CYC:22627
< FB6D  30 06     BMI $FB75                       A:42 X:FF Y:E1 P:24 SP:F9 PPU:199, 28 CYC:22629
< FB6F  B0 04     BCS $FB75                       A:42 X:FF Y:E1 P:24 SP:F9 PPU:199, 34 CYC:22631
< FB71  C9 42     CMP #$42                        A:42 X:FF Y:E1 P:24 SP:F9 PPU:199, 40 CYC:22633
< FB73  F0 02     BEQ $FB77                       A:42 X:FF Y:E1 P:27 SP:F9 PPU:199, 46 CYC:22635
< FB77  60        RTS                             A:42 X:FF Y:E1 P:27 SP:F9 PPU:199, 55 CYC:22638
< F1FA  A5 47     LDA $47 = 52                    A:42 X:FF Y:E1 P:27 SP:FB PPU:199, 73 CYC:22644
< F1FC  C9 52     CMP #$52                        A:52 X:FF Y:E1 P:25 SP:FB PPU:199, 82 CYC:22647
< F1FE  F0 02     BEQ $F202                       A:52 X:FF Y:E1 P:27 SP:FB PPU:199, 88 CYC:22649
< F202  C8        INY                             A:52 X:FF Y:E1 P:27 SP:FB PPU:199, 97 CYC:22652
< F203  A9 37     LDA #$37                        A:52 X:FF Y:E2 P:A5 SP:FB PPU:199,103 CYC:22654
< F205  85 47     STA $47 = 52                    A:37 X:FF Y:E2 P:25 SP:FB PPU:199,109 CYC:22656
< F207  20 68 FA  JSR $FA68                       A:37 X:FF Y:E2 P:25 SP:FB PPU:199,118 CYC:22659
< FA68  24 01     BIT $01 = FF                    A:37 X:FF Y:E2 P:25 SP:F9 PPU:199,136 CYC:22665
< FA6A  38        SEC                             A:37 X:FF Y:E2 P:E5 SP:F9 PPU:199,145 CYC:22668
< FA6B  A9 75     LDA #$75                        A:37 X:FF Y:E2 P:E5 SP:F9 PPU:199,151 CYC:22670
< FA6D  60        RTS                             A:75 X:FF Y:E2 P:65 SP:F9 PPU:199,157 CYC:22672
< F20A  37 48    *RLA $48,X @ 47 = 37             A:75 X:FF Y:E2 P:65 SP:FB PPU:199,175 CYC:22678
< F20C  EA        NOP                             A:65 X:FF Y:E2 P:64 SP:FB PPU:199,193 CYC:22684
< F20D  EA        NOP                             A:65 X:FF Y:E2 P:64 SP:FB PPU:199,199 CYC:22686
< F20E  EA        NOP                             A:65 X:FF Y:E2 P:64 SP:FB PPU:199,205 CYC:22688
< F20F  EA        NOP                             A:65 X:FF Y:E2 P:64 SP:FB PPU:199,211 CYC:22690
< F210  20 6E FA  JSR $FA6E                       A:65 X:FF Y:E2 P:64 SP:FB PPU:199,217 CYC:22692
< FA6E  50 76     BVC $FAE6                       A:65 X:FF Y:E2 P:64 SP:F9 PPU:199,235 CYC:22698
< FA70  F0 74     BEQ $FAE6                       A:65 X:FF Y:E2 P:64 SP:F9 PPU:199,241 CYC:22700
< FA72  30 72     BMI $FAE6                       A:65 X:FF Y:E2 P:64 SP:F9 PPU:199,247 CYC:22702
< FA74  B0 70     BCS $FAE6                       A:65 X:FF Y:E2 P:64 SP:F9 PPU:199,253 CYC:22704
< FA76  C9 65     CMP #$65                        A:65 X:FF Y:E2 P:64 SP:F9 PPU:199,259 CYC:22706
< FA78  D0 6C     BNE $FAE6                       A:65 X:FF Y:E2 P:67 SP:F9 PPU:199,265 CYC:22708
< FA7A  60        RTS                             A:65 X:FF Y:E2 P:67 SP:F9 PPU:199,271 CYC:22710
< F213  A5 47     LDA $47 = 6F                    A:65 X:FF Y:E2 P:67 SP:FB PPU:199,289 CYC:22716
< F215  C9 6F     CMP #$6F                        A:6F X:FF Y:E2 P:65 SP:FB PPU:199,298 CYC:22719
< F217  F0 02     BEQ $F21B                       A:6F X:FF Y:E2 P:67 SP:FB PPU:199,304 CYC:22721
< F21B  A9 A5     LDA #$A5                        A:6F X:FF Y:E2 P:67 SP:FB PPU:199,313 CYC:22724
< F21D  8D 47 06  STA $0647 = 6F                  A:A5 X:FF Y:E2 P:E5 SP:FB PPU:199,319 CYC:22726
< F220  A0 FF     LDY #$FF                        A:A5 X:FF Y:E2 P:E5 SP:FB PPU:199,331 CYC:22730
< F222  20 53 FB  JSR $FB53                       A:A5 X:FF Y:FF P:E5 SP:FB PPU:199,337 CYC:22732
< FB53  24 01     BIT $01 = FF                    A:A5 X:FF Y:FF P:E5 SP:F9 PPU:200, 14 CYC:22738
< FB55  18        CLC                             A:A5 X:FF Y:FF P:E5 SP:F9 PPU:200, 23 CYC:22741
< FB56  A9 B3     LDA #$B3                        A:A5 X:FF Y:FF P:E4 SP:F9 PPU:200, 29 CYC:22743
< FB58  60        RTS                             A:B3 X:FF Y:FF P:E4 SP:F9 PPU:200, 35 CYC:22745
< F225  3B 48 05 *RLA $0548,Y @ 0647 = A5         A:B3 X:FF Y:FF P:E4 SP:FB PPU:200, 53 CYC:22751
< F228  EA        NOP                             A:02 X:FF Y:FF P:65 SP:FB PPU:200, 74 CYC:22758
< F229  EA        NOP                             A:02 X:FF Y:FF P:65 SP:FB PPU:200, 80 CYC:22760
< F22A  08        PHP                             A:02 X:FF Y:FF P:65 SP:FB PPU:200, 86 CYC:22762
< F22B  48        PHA                             A:02 X:FF Y:FF P:65 SP:FA PPU:200, 95 CYC:22765
< F22C  A0 E3     LDY #$E3                        A:02 X:FF Y:FF P:65 SP:F9 PPU:200,104 CYC:22768
< F22E  68        PLA                             A:02 X:FF Y:E3 P:E5 SP:F9 PPU:200,110 CYC:22770
< F22F  28        PLP                             A:02 X:FF Y:E3 P:65 SP:FA PPU:200,122 CYC:22774
< F230  20 59 FB  JSR $FB59                       A:02 X:FF Y:E3 P:65 SP:FB PPU:200,134 CYC:22778
< FB59  50 1A     BVC $FB75                       A:02 X:FF Y:E3 P:65 SP:F9 PPU:200,152 CYC:22784
< FB5B  90 18     BCC $FB75                       A:02 X:FF Y:E3 P:65 SP:F9 PPU:200,158 CYC:22786
< FB5D  30 16     BMI $FB75                       A:02 X:FF Y:E3 P:65 SP:F9 PPU:200,164 CYC:22788
< FB5F  C9 02     CMP #$02                        A:02 X:FF Y:E3 P:65 SP:F9 PPU:200,170 CYC:22790
< FB61  D0 12     BNE $FB75                       A:02 X:FF Y:E3 P:67 SP:F9 PPU:200,176 CYC:22792
< FB63  60        RTS                             A:02 X:FF Y:E3 P:67 SP:F9 PPU:200,182 CYC:22794
< F233  AD 47 06  LDA $0647 = 4A                  A:02 X:FF Y:E3 P:67 SP:FB PPU:200,200 CYC:22800
< F236  C9 4A     CMP #$4A                        A:4A X:FF Y:E3 P:65 SP:FB PPU:200,212 CYC:22804
< F238  F0 02     BEQ $F23C                       A:4A X:FF Y:E3 P:67 SP:FB PPU:200,218 CYC:22806
< F23C  A0 FF     LDY #$FF                        A:4A X:FF Y:E3 P:67 SP:FB PPU:200,227 CYC:22809
< F23E  A9 29     LDA #$29                        A:4A X:FF Y:FF P:E5 SP:FB PPU:200,233 CYC:22811
< F240  8D 47 06  STA $0647 = 4A                  A:29 X:FF Y:FF P:65 SP:FB PPU:200,239 CYC:22813
< F243  20 64 FB  JSR $FB64                       A:29 X:FF Y:FF P:65 SP:FB PPU:200,251 CYC:22817
< FB64  B8        CLV                             A:29 X:FF Y:FF P:65 SP:F9 PPU:200,269 CYC:22823
< FB65  18        CLC                             A:29 X:FF Y:FF P:25 SP:F9 PPU:200,275 CYC:22825
< FB66  A9 42     LDA #$42                        A:29 X:FF Y:FF P:24 SP:F9 PPU:200,281 CYC:22827
< FB68  60        RTS                             A:42 X:FF Y:FF P:24 SP:F9 PPU:200,287 CYC:22829
< F246  3B 48 05 *RLA $0548,Y @ 0647 = 29         A:42 X:FF Y:FF P:24 SP:FB PPU:200,305 CYC:22835
< F249  EA        NOP                             A:42 X:FF Y:FF P:24 SP:FB PPU:200,326 CYC:22842
< F24A  EA        NOP                             A:42 X:FF Y:FF P:24 SP:FB PPU:200,332 CYC:22844
< F24B  08        PHP                             A:42 X:FF Y:FF P:24 SP:FB PPU:200,338 CYC:22846
< F24C  48        PHA                             A:42 X:FF Y:FF P:24 SP:FA PPU:201,  6 CYC:22849
< F24D  A0 E4     LDY #$E4                        A:42 X:FF Y:FF P:24 SP:F9 PPU:201, 15 CYC:22852
< F24F  68        PLA                             A:42 X:FF Y:E4 P:A4 SP:F9 PPU:201, 21 CYC:22854
< F250  28        PLP                             A:42 X:FF Y:E4 P:24 SP:FA PPU:201, 33 CYC:22858
< F251  20 69 FB  JSR $FB69                       A:42 X:FF Y:E4 P:24 SP:FB PPU:201, 45 CYC:22862
< FB69  70 0A     BVS $FB75                       A:42 X:FF Y:E4 P:24 SP:F9 PPU:201, 63 CYC:22868
< FB6B  F0 08     BEQ $FB75                       A:42 X:FF Y:E4 P:24 SP:F9 PPU:201, 69 CYC:22870
< FB6D  30 06     BMI $FB75                       A:42 X:FF Y:E4 P:24 SP:F9 PPU:201, 75 CYC:22872
< FB6F  B0 04     BCS $FB75                       A:42 X:FF Y:E4 P:24 SP:F9 PPU:201, 81 CYC:22874
< FB71  C9 42     CMP #$42                        A:42 X:FF Y:E4 P:24 SP:F9 PPU:201, 87 CYC:22876
< FB73  F0 02     BEQ $FB77                       A:42 X:FF Y:E4 P:27 SP:F9 PPU:201, 93 CYC:22878
< FB77  60        RTS                             A:42 X:FF Y:E4 P:27 SP:F9 PPU:201,102 CYC:22881
< F254  AD 47 06  LDA $0647 = 52                  A:42 X:FF Y:E4 P:27 SP:FB PPU:201,120 CYC:22887
< F257  C9 52     CMP #$52                        A:52 X:FF Y:E4 P:25 SP:FB PPU:201,132 CYC:22891
< F259  F0 02     BEQ $F25D                       A:52 X:FF Y:E4 P:27 SP:FB PPU:201,138 CYC:22893
< F25D  A0 FF     LDY #$FF                        A:52 X:FF Y:E4 P:27 SP:FB PPU:201,147 CYC:22896
< F25F  A9 37     LDA #$37                        A:52 X:FF Y:FF P:A5 SP:FB PPU:201,153 CYC:22898
< F261  8D 47 06  STA $0647 = 52                  A:37 X:FF Y:FF P:25 SP:FB PPU:201,159 CYC:22900
< F264  20 68 FA  JSR $FA68                       A:37 X:FF Y:FF P:25 SP:FB PPU:201,171 CYC:22904
< FA68  24 01     BIT $01 = FF                    A:37 X:FF Y:FF P:25 SP:F9 PPU:201,189 CYC:22910
< FA6A  38        SEC                             A:37 X:FF Y:FF P:E5 SP:F9 PPU:201,198 CYC:22913
< FA6B  A9 75     LDA #$75                        A:37 X:FF Y:FF P:E5 SP:F9 PPU:201,204 CYC:22915
< FA6D  60        RTS                             A:75 X:FF Y:FF P:65 SP:F9 PPU:201,210 CYC:22917
< F267  3B 48 05 *RLA $0548,Y @ 0647 = 37         A:75 X:FF Y:FF P:65 SP:FB PPU:201,228 CYC:22923
< F26A  EA        NOP                             A:65 X:FF Y:FF P:64 SP:FB PPU:201,249 CYC:22930
< F26B  EA        NOP                             A:65 X:FF Y:FF P:64 SP:FB PPU:201,255 CYC:22932
< F26C  08        PHP                             A:65 X:FF Y:FF P:64 SP:FB PPU:201,261 CYC:22934
< F26D  48        PHA                             A:65 X:FF Y:FF P:64 SP:FA PPU:201,270 CYC:22937
< F26E  A0 E5     LDY #$E5                        A:65 X:FF Y:FF P:64 SP:F9 PPU:201,279 CYC:22940
< F270  68        PLA                             A:65 X:FF Y:E5 P:E4 SP:F9 PPU:201,285 CYC:22942
< F271  28        PLP                             A:65 X:FF Y:E5 P:64 SP:FA PPU:201,297 CYC:22946
< F272  20 6E FA  JSR $FA6E                       A:65 X:FF Y:E5 P:64 SP:FB PPU:201,309 CYC:22950
< FA6E  50 76     BVC $FAE6                       A:65 X:FF Y:E5 P:64 SP:F9 PPU:201,327 CYC:22956
< FA70  F0 74     BEQ $FAE6                       A:65 X:FF Y:E5 P:64 SP:F9 PPU:201,333 CYC:22958
< FA72  30 72     BMI $FAE6                       A:65 X:FF Y:E5 P:64 SP:F9 PPU:201,339 CYC:22960
< FA74  B0 70     BCS $FAE6                       A:65 X:FF Y:E5 P:64 SP:F9 PPU:202,  4 CYC:22962
< FA76  C9 65     CMP #$65                        A:65 X:FF Y:E5 P:64 SP:F9 PPU:202, 10 CYC:22964
< FA78  D0 6C     BNE $FAE6                       A:65 X:FF Y:E5 P:67 SP:F9 PPU:202, 16 CYC:22966
< FA7A  60        RTS                             A:65 X:FF Y:E5 P:67 SP:F9 PPU:202, 22 CYC:22968
< F275  AD 47 06  LDA $0647 = 6F                  A:65 X:FF Y:E5 P:67 SP:FB PPU:202, 40 CYC:22974
< F278  C9 6F     CMP #$6F                        A:6F X:FF Y:E5 P:65 SP:FB PPU:202, 52 CYC:22978
< F27A  F0 02     BEQ $F27E                       A:6F X:FF Y:E5 P:67 SP:FB PPU:202, 58 CYC:22980
< F27E  A0 E6     LDY #$E6                        A:6F X:FF Y:E5 P:67 SP:FB PPU:202, 67 CYC:22983
< F280  A2 FF     LDX #$FF                        A:6F X:FF Y:E6 P:E5 SP:FB PPU:202, 73 CYC:22985
< F282  A9 A5     LDA #$A5                        A:6F X:FF Y:E6 P:E5 SP:FB PPU:202, 79 CYC:22987
< F284  8D 47 06  STA $0647 = 6F                  A:A5 X:FF Y:E6 P:E5 SP:FB PPU:202, 85 CYC:22989
< F287  20 53 FB  JSR $FB53                       A:A5 X:FF Y:E6 P:E5 SP:FB PPU:202, 97 CYC:22993
< FB53  24 01     BIT $01 = FF                    A:A5 X:FF Y:E6 P:E5 SP:F9 PPU:202,115 CYC:22999
< FB55  18        CLC                             A:A5 X:FF Y:E6 P:E5 SP:F9 PPU:202,124 CYC:23002
< FB56  A9 B3     LDA #$B3                        A:A5 X:FF Y:E6 P:E4 SP:F9 PPU:202,130 CYC:23004
< FB58  60        RTS                             A:B3 X:FF Y:E6 P:E4 SP:F9 PPU:202,136 CYC:23006
< F28A  3F 48 05 *RLA $0548,X @ 0647 = A5         A:B3 X:FF Y:E6 P:E4 SP:FB PPU:202,154 CYC:23012
< F28D  EA        NOP                             A:02 X:FF Y:E6 P:65 SP:FB PPU:202,175 CYC:23019
< F28E  EA        NOP                             A:02 X:FF Y:E6 P:65 SP:FB PPU:202,181 CYC:23021
< F28F  EA        NOP                             A:02 X:FF Y:E6 P:65 SP:FB PPU:202,187 CYC:23023
< F290  EA        NOP                             A:02 X:FF Y:E6 P:65 SP:FB PPU:202,193 CYC:23025
< F291  20 59 FB  JSR $FB59                       A:02 X:FF Y:E6 P:65 SP:FB PPU:202,199 CYC:23027
< FB59  50 1A     BVC $FB75                       A:02 X:FF Y:E6 P:65 SP:F9 PPU:202,217 CYC:23033
< FB5B  90 18     BCC $FB75                       A:02 X:FF Y:E6 P:65 SP:F9 PPU:202,223 CYC:23035
< FB5D  30 16     BMI $FB75                       A:02 X:FF Y:E6 P:65 SP:F9 PPU:202,229 CYC:23037
< FB5F  C9 02     CMP #$02                        A:02 X:FF Y:E6 P:65 SP:F9 PPU:202,235 CYC:23039
< FB61  D0 12     BNE $FB75                       A:02 X:FF Y:E6 P:67 SP:F9 PPU:202,241 CYC:23041
< FB63  60        RTS                             A:02 X:FF Y:E6 P:67 SP:F9 PPU:202,247 CYC:23043
< F294  AD 47 06  LDA $0647 = 4A                  A:02 X:FF Y:E6 P:67 SP:FB PPU:202,265 CYC:23049
< F297  C9 4A     CMP #$4A                        A:4A X:FF Y:E6 P:65 SP:FB PPU:202,277 CYC:23053
< F299  F0 02     BEQ $F29D                       A:4A X:FF Y:E6 P:67 SP:FB PPU:202,283 CYC:23055
< F29D  C8        INY                             A:4A X:FF Y:E6 P:67 SP:FB PPU:202,292 CYC:23058
< F29E  A9 29     LDA #$29                        A:4A X:FF Y:E7 P:E5 SP:FB PPU:202,298 CYC:23060
< F2A0  8D 47 06  STA $0647 = 4A                  A:29 X:FF Y:E7 P:65 SP:FB PPU:202,304 CYC:23062
< F2A3  20 64 FB  JSR $FB64                       A:29 X:FF Y:E7 P:65 SP:FB PPU:202,316 CYC:23066
< FB64  B8        CLV                             A:29 X:FF Y:E7 P:65 SP:F9 PPU:202,334 CYC:23072
< FB65  18        CLC                             A:29 X:FF Y:E7 P:25 SP:F9 PPU:202,340 CYC:23074
< FB66  A9 42     LDA #$42                        A:29 X:FF Y:E7 P:24 SP:F9 PPU:203,  5 CYC:23076
< FB68  60        RTS                             A:42 X:FF Y:E7 P:24 SP:F9 PPU:203, 11 CYC:23078
< F2A6  3F 48 05 *RLA $0548,X @ 0647 = 29         A:42 X:FF Y:E7 P:24 SP:FB PPU:203, 29 CYC:23084
< F2A9  EA        NOP                             A:42 X:FF Y:E7 P:24 SP:FB PPU:203, 50 CYC:23091
< F2AA  EA        NOP                             A:42 X:FF Y:E7 P:24 SP:FB PPU:203, 56 CYC:23093
< F2AB  EA        NOP                             A:42 X:FF Y:E7 P:24 SP:FB PPU:203, 62 CYC:23095
< F2AC  EA        NOP                             A:42 X:FF Y:E7 P:24 SP:FB PPU:203, 68 CYC:23097
< F2AD  20 69 FB  JSR $FB69                       A:42 X:FF Y:E7 P:24 SP:FB PPU:203, 74 CYC:23099
< FB69  70 0A     BVS $FB75                       A:42 X:FF Y:E7 P:24 SP:F9 PPU:203, 92 CYC:23105
< FB6B  F0 08     BEQ $FB75                       A:42 X:FF Y:E7 P:24 SP:F9 PPU:203, 98 CYC:23107
< FB6D  30 06     BMI $FB75                       A:42 X:FF Y:E7 P:24 SP:F9 PPU:203,104 CYC:23109
< FB6F  B0 04     BCS $FB75                       A:42 X:FF Y:E7 P:24 SP:F9 PPU:203,110 CYC:23111
< FB71  C9 42     CMP #$42                        A:42 X:FF Y:E7 P:24 SP:F9 PPU:203,116 CYC:23113
< FB73  F0 02     BEQ $FB77                       A:42 X:FF Y:E7 P:27 SP:F9 PPU:203,122 CYC:23115
< FB77  60        RTS                             A:42 X:FF Y:E7 P:27 SP:F9 PPU:203,131 CYC:23118
< F2B0  AD 47 06  LDA $0647 = 52                  A:42 X:FF Y:E7 P:27 SP:FB PPU:203,149 CYC:23124
< F2B3  C9 52     CMP #$52                        A:52 X:FF Y:E7 P:25 SP:FB PPU:203,161 CYC:23128
< F2B5  F0 02     BEQ $F2B9                       A:52 X:FF Y:E7 P:27 SP:FB PPU:203,167 CYC:23130
< F2B9  C8        INY                             A:52 X:FF Y:E7 P:27 SP:FB PPU:203,176 CYC:23133
< F2BA  A9 37     LDA #$37                        A:52 X:FF Y:E8 P:A5 SP:FB PPU:203,182 CYC:23135
< F2BC  8D 47 06  STA $0647 = 52                  A:37 X:FF Y:E8 P:25 SP:FB PPU:203,188 CYC:23137
< F2BF  20 68 FA  JSR $FA68                       A:37 X:FF Y:E8 P:25 SP:FB PPU:203,200 CYC:23141
< FA68  24 01     BIT $01 = FF                    A:37 X:FF Y:E8 P:25 SP:F9 PPU:203,218 CYC:23147
< FA6A  38        SEC                             A:37 X:FF Y:E8 P:E5 SP:F9 PPU:203,227 CYC:23150
< FA6B  A9 75     LDA #$75                        A:37 X:FF Y:E8 P:E5 SP:F9 PPU:203,233 CYC:23152
< FA6D  60        RTS                             A:75 X:FF Y:E8 P:65 SP:F9 PPU:203,239 CYC:23154
< F2C2  3F 48 05 *RLA $0548,X @ 0647 = 37         A:75 X:FF Y:E8 P:65 SP:FB PPU:203,257 CYC:23160
< F2C5  EA        NOP                             A:65 X:FF Y:E8 P:64 SP:FB PPU:203,278 CYC:23167
< F2C6  EA        NOP                             A:65 X:FF Y:E8 P:64 SP:FB PPU:203,284 CYC:23169
< F2C7  EA        NOP                             A:65 X:FF Y:E8 P:64 SP:FB PPU:203,290 CYC:23171
< F2C8  EA        NOP                             A:65 X:FF Y:E8 P:64 SP:FB PPU:203,296 CYC:23173
< F2C9  20 6E FA  JSR $FA6E                       A:65 X:FF Y:E8 P:64 SP:FB PPU:203,302 CYC:23175
< FA6E  50 76     BVC $FAE6                       A:65 X:FF Y:E8 P:64 SP:F9 PPU:203,320 CYC:23181
< FA70  F0 74     BEQ $FAE6                       A:65 X:FF Y:E8 P:64 SP:F9 PPU:203,326 CYC:23183
< FA72  30 72     BMI $FAE6                       A:65 X:FF Y:E8 P:64 SP:F9 PPU:203,332 CYC:23185
< FA74  B0 70     BCS $FAE6                       A:65 X:FF Y:E8 P:64 SP:F9 PPU:203,338 CYC:23187
< FA76  C9 65     CMP #$65                        A:65 X:FF Y:E8 P:64 SP:F9 PPU:204,  3 CYC:23189
< FA78  D0 6C     BNE $FAE6                       A:65 X:FF Y:E8 P:67 SP:F9 PPU:204,  9 CYC:23191
< FA7A  60        RTS                             A:65 X:FF Y:E8 P:67 SP:F9 PPU:204, 15 CYC:23193
< F2CC  AD 47 06  LDA $0647 = 6F                  A:65 X:FF Y:E8 P:67 SP:FB PPU:204, 33 CYC:23199
< F2CF  C9 6F     CMP #$6F                        A:6F X:FF Y:E8 P:65 SP:FB PPU:204, 45 CYC:23203
< F2D1  F0 02     BEQ $F2D5                       A:6F X:FF Y:E8 P:67 SP:FB PPU:204, 51 CYC:23205
< F2D5  60        RTS                             A:6F X:FF Y:E8 P:67 SP:FB PPU:204, 60 CYC:23208
< C647  20 D6 F2  JSR $F2D6                       A:6F X:FF Y:E8 P:67 SP:FD PPU:204, 78 CYC:23214
< F2D6  A9 FF     LDA #$FF                        A:6F X:FF Y:E8 P:67 SP:FB PPU:204, 96 CYC:23220
< F2D8  85 01     STA $01 = FF                    A:FF X:FF Y:E8 P:E5 SP:FB PPU:204,102 CYC:23222
< F2DA  A0 E9     LDY #$E9                        A:FF X:FF Y:E8 P:E5 SP:FB PPU:204,111 CYC:23225
< F2DC  A2 02     LDX #$02                        A:FF X:FF Y:E9 P:E5 SP:FB PPU:204,117 CYC:23227
< F2DE  A9 47     LDA #$47                        A:FF X:02 Y:E9 P:65 SP:FB PPU:204,123 CYC:23229
< F2E0  85 47     STA $47 = 6F                    A:47 X:02 Y:E9 P:65 SP:FB PPU:204,129 CYC:23231
< F2E2  A9 06     LDA #$06                        A:47 X:02 Y:E9 P:65 SP:FB PPU:204,138 CYC:23234
< F2E4  85 48     STA $48 = 06                    A:06 X:02 Y:E9 P:65 SP:FB PPU:204,144 CYC:23236
< F2E6  A9 A5     LDA #$A5                        A:06 X:02 Y:E9 P:65 SP:FB PPU:204,153 CYC:23239
< F2E8  8D 47 06  STA $0647 = 6F                  A:A5 X:02 Y:E9 P:E5 SP:FB PPU:204,159 CYC:23241
< F2EB  20 1D FB  JSR $FB1D                       A:A5 X:02 Y:E9 P:E5 SP:FB PPU:204,171 CYC:23245
< FB1D  24 01     BIT $01 = FF                    A:A5 X:02 Y:E9 P:E5 SP:F9 PPU:204,189 CYC:23251
< FB1F  18        CLC                             A:A5 X:02 Y:E9 P:E5 SP:F9 PPU:204,198 CYC:23254
< FB20  A9 B3     LDA #$B3                        A:A5 X:02 Y:E9 P:E4 SP:F9 PPU:204,204 CYC:23256
< FB22  60        RTS                             A:B3 X:02 Y:E9 P:E4 SP:F9 PPU:204,210 CYC:23258
< F2EE  43 45    *SRE ($45,X) @ 47 = 0647 = A5    A:B3 X:02 Y:E9 P:E4 SP:FB PPU:204,228 CYC:23264
< F2F0  EA        NOP                             A:E1 X:02 Y:E9 P:E5 SP:FB PPU:204,252 CYC:23272
< F2F1  EA        NOP                             A:E1 X:02 Y:E9 P:E5 SP:FB PPU:204,258 CYC:23274
< F2F2  EA        NOP                             A:E1 X:02 Y:E9 P:E5 SP:FB PPU:204,264 CYC:23276
< F2F3  EA        NOP                             A:E1 X:02 Y:E9 P:E5 SP:FB PPU:204,270 CYC:23278
< F2F4  20 23 FB  JSR $FB23                       A:E1 X:02 Y:E9 P:E5 SP:FB PPU:204,276 CYC:23280
< FB23  50 50     BVC $FB75                       A:E1 X:02 Y:E9 P:E5 SP:F9 PPU:204,294 CYC:23286
< FB25  90 4E     BCC $FB75                       A:E1 X:02 Y:E9 P:E5 SP:F9 PPU:204,300 CYC:23288
< FB27  10 4C     BPL $FB75                       A:E1 X:02 Y:E9 P:E5 SP:F9 PPU:204,306 CYC:23290
< FB29  C9 E1     CMP #$E1                        A:E1 X:02 Y:E9 P:E5 SP:F9 PPU:204,312 CYC:23292
< FB2B  D0 48     BNE $FB75                       A:E1 X:02 Y:E9 P:67 SP:F9 PPU:204,318 CYC:23294
< FB2D  60        RTS                             A:E1 X:02 Y:E9 P:67 SP:F9 PPU:204,324 CYC:23296
< F2F7  AD 47 06  LDA $0647 = 52                  A:E1 X:02 Y:E9 P:67 SP:FB PPU:205,  1 CYC:23302
< F2FA  C9 52     CMP #$52                        A:52 X:02 Y:E9 P:65 SP:FB PPU:205, 13 CYC:23306
< F2FC  F0 02     BEQ $F300                       A:52 X:02 Y:E9 P:67 SP:FB PPU:205, 19 CYC:23308
< F300  C8        INY                             A:52 X:02 Y:E9 P:67 SP:FB PPU:205, 31 CYC:23312
< F301  A9 29     LDA #$29                        A:52 X:02 Y:EA P:E5 SP:FB PPU:205, 37 CYC:23314
< F303  8D 47 06  STA $0647 = 52                  A:29 X:02 Y:EA P:65 SP:FB PPU:205, 43 CYC:23316
< F306  20 2E FB  JSR $FB2E                       A:29 X:02 Y:EA P:65 SP:FB PPU:205, 55 CYC:23320
< FB2E  B8        CLV                             A:29 X:02 Y:EA P:65 SP:F9 PPU:205, 73 CYC:23326
< FB2F  18        CLC                             A:29 X:02 Y:EA P:25 SP:F9 PPU:205, 79 CYC:23328
< FB30  A9 42     LDA #$42                        A:29 X:02 Y:EA P:24 SP:F9 PPU:205, 85 CYC:23330
< FB32  60        RTS                             A:42 X:02 Y:EA P:24 SP:F9 PPU:205, 91 CYC:23332
< F309  43 45    *SRE ($45,X) @ 47 = 0647 = 29    A:42 X:02 Y:EA P:24 SP:FB PPU:205,109 CYC:23338
< F30B  EA        NOP                             A:56 X:02 Y:EA P:25 SP:FB PPU:205,133 CYC:23346
< F30C  EA        NOP                             A:56 X:02 Y:EA P:25 SP:FB PPU:205,139 CYC:23348
< F30D  EA        NOP                             A:56 X:02 Y:EA P:25 SP:FB PPU:205,145 CYC:23350
< F30E  EA        NOP                             A:56 X:02 Y:EA P:25 SP:FB PPU:205,151 CYC:23352
< F30F  20 33 FB  JSR $FB33                       A:56 X:02 Y:EA P:25 SP:FB PPU:205,157 CYC:23354
< FB33  70 40     BVS $FB75                       A:56 X:02 Y:EA P:25 SP:F9 PPU:205,175 CYC:23360
< FB35  F0 3E     BEQ $FB75                       A:56 X:02 Y:EA P:25 SP:F9 PPU:205,181 CYC:23362
< FB37  30 3C     BMI $FB75                       A:56 X:02 Y:EA P:25 SP:F9 PPU:205,187 CYC:23364
< FB39  90 3A     BCC $FB75                       A:56 X:02 Y:EA P:25 SP:F9 PPU:205,193 CYC:23366
< FB3B  C9 56     CMP #$56                        A:56 X:02 Y:EA P:25 SP:F9 PPU:205,199 CYC:23368
< FB3D  D0 36     BNE $FB75                       A:56 X:02 Y:EA P:27 SP:F9 PPU:205,205 CYC:23370
< FB3F  60        RTS                             A:56 X:02 Y:EA P:27 SP:F9 PPU:205,211 CYC:23372
< F312  AD 47 06  LDA $0647 = 14                  A:56 X:02 Y:EA P:27 SP:FB PPU:205,229 CYC:23378
< F315  C9 14     CMP #$14                        A:14 X:02 Y:EA P:25 SP:FB PPU:205,241 CYC:23382
< F317  F0 02     BEQ $F31B                       A:14 X:02 Y:EA P:27 SP:FB PPU:205,247 CYC:23384
< F31B  C8        INY                             A:14 X:02 Y:EA P:27 SP:FB PPU:205,256 CYC:23387
< F31C  A9 37     LDA #$37                        A:14 X:02 Y:EB P:A5 SP:FB PPU:205,262 CYC:23389
< F31E  8D 47 06  STA $0647 = 14                  A:37 X:02 Y:EB P:25 SP:FB PPU:205,268 CYC:23391
< F321  20 40 FB  JSR $FB40                       A:37 X:02 Y:EB P:25 SP:FB PPU:205,280 CYC:23395
< FB40  24 01     BIT $01 = FF                    A:37 X:02 Y:EB P:25 SP:F9 PPU:205,298 CYC:23401
< FB42  38        SEC                             A:37 X:02 Y:EB P:E5 SP:F9 PPU:205,307 CYC:23404
< FB43  A9 75     LDA #$75                        A:37 X:02 Y:EB P:E5 SP:F9 PPU:205,313 CYC:23406
< FB45  60        RTS                             A:75 X:02 Y:EB P:65 SP:F9 PPU:205,319 CYC:23408
< F324  43 45    *SRE ($45,X) @ 47 = 0647 = 37    A:75 X:02 Y:EB P:65 SP:FB PPU:205,337 CYC:23414
< F326  EA        NOP                             A:6E X:02 Y:EB P:65 SP:FB PPU:206, 20 CYC:23422
< F327  EA        NOP                             A:6E X:02 Y:EB P:65 SP:FB PPU:206, 26 CYC:23424
< F328  EA        NOP                             A:6E X:02 Y:EB P:65 SP:FB PPU:206, 32 CYC:23426
< F329  EA        NOP                             A:6E X:02 Y:EB P:65 SP:FB PPU:206, 38 CYC:23428
< F32A  20 46 FB  JSR $FB46                       A:6E X:02 Y:EB P:65 SP:FB PPU:206, 44 CYC:23430
< FB46  50 2D     BVC $FB75                       A:6E X:02 Y:EB P:65 SP:F9 PPU:206, 62 CYC:23436
< FB48  F0 2B     BEQ $FB75                       A:6E X:02 Y:EB P:65 SP:F9 PPU:206, 68 CYC:23438
< FB4A  30 29     BMI $FB75                       A:6E X:02 Y:EB P:65 SP:F9 PPU:206, 74 CYC:23440
< FB4C  90 27     BCC $FB75                       A:6E X:02 Y:EB P:65 SP:F9 PPU:206, 80 CYC:23442
< FB4E  C9 6E     CMP #$6E                        A:6E X:02 Y:EB P:65 SP:F9 PPU:206, 86 CYC:23444
< FB50  D0 23     BNE $FB75                       A:6E X:02 Y:EB P:67 SP:F9 PPU:206, 92 CYC:23446
< FB52  60        RTS                             A:6E X:02 Y:EB P:67 SP:F9 PPU:206, 98 CYC:23448
< F32D  AD 47 06  LDA $0647 = 1B                  A:6E X:02 Y:EB P:67 SP:FB PPU:206,116 CYC:23454
< F330  C9 1B     CMP #$1B                        A:1B X:02 Y:EB P:65 SP:FB PPU:206,128 CYC:23458
< F332  F0 02     BEQ $F336                       A:1B X:02 Y:EB P:67 SP:FB PPU:206,134 CYC:23460
< F336  C8        INY                             A:1B X:02 Y:EB P:67 SP:FB PPU:206,143 CYC:23463
< F337  A9 A5     LDA #$A5                        A:1B X:02 Y:EC P:E5 SP:FB PPU:206,149 CYC:23465
< F339  85 47     STA $47 = 47                    A:A5 X:02 Y:EC P:E5 SP:FB PPU:206,155 CYC:23467
< F33B  20 1D FB  JSR $FB1D                       A:A5 X:02 Y:EC P:E5 SP:FB PPU:206,164 CYC:23470
< FB1D  24 01     BIT $01 = FF                    A:A5 X:02 Y:EC P:E5 SP:F9 PPU:206,182 CYC:23476
< FB1F  18        CLC                             A:A5 X:02 Y:EC P:E5 SP:F9 PPU:206,191 CYC:23479
< FB20  A9 B3     LDA #$B3                        A:A5 X:02 Y:EC P:E4 SP:F9 PPU:206,197 CYC:23481
< FB22  60        RTS                             A:B3 X:02 Y:EC P:E4 SP:F9 PPU:206,203 CYC:23483
< F33E  47 47    *SRE $47 = A5                    A:B3 X:02 Y:EC P:E4 SP:FB PPU:206,221 CYC:23489
< F340  EA        NOP                             A:E1 X:02 Y:EC P:E5 SP:FB PPU:206,236 CYC:23494
< F341  EA        NOP                             A:E1 X:02 Y:EC P:E5 SP:FB PPU:206,242 CYC:23496
< F342  EA        NOP                             A:E1 X:02 Y:EC P:E5 SP:FB PPU:206,248 CYC:23498
< F343  EA        NOP                             A:E1 X:02 Y:EC P:E5 SP:FB PPU:206,254 CYC:23500
< F344  20 23 FB  JSR $FB23                       A:E1 X:02 Y:EC P:E5 SP:FB PPU:206,260 CYC:23502
< FB23  50 50     BVC $FB75                       A:E1 X:02 Y:EC P:E5 SP:F9 PPU:206,278 CYC:23508
< FB25  90 4E     BCC $FB75                       A:E1 X:02 Y:EC P:E5 SP:F9 PPU:206,284 CYC:23510
< FB27  10 4C     BPL $FB75                       A:E1 X:02 Y:EC P:E5 SP:F9 PPU:206,290 CYC:23512
< FB29  C9 E1     CMP #$E1                        A:E1 X:02 Y:EC P:E5 SP:F9 PPU:206,296 CYC:23514
< FB2B  D0 48     BNE $FB75                       A:E1 X:02 Y:EC P:67 SP:F9 PPU:206,302 CYC:23516
< FB2D  60        RTS                             A:E1 X:02 Y:EC P:67 SP:F9 PPU:206,308 CYC:23518
< F347  A5 47     LDA $47 = 52                    A:E1 X:02 Y:EC P:67 SP:FB PPU:206,326 CYC:23524
< F349  C9 52     CMP #$52                        A:52 X:02 Y:EC P:65 SP:FB PPU:206,335 CYC:23527
< F34B  F0 02     BEQ $F34F                       A:52 X:02 Y:EC P:67 SP:FB PPU:207,  0 CYC:23529
< F34F  C8        INY                             A:52 X:02 Y:EC P:67 SP:FB PPU:207,  9 CYC:23532
< F350  A9 29     LDA #$29                        A:52 X:02 Y:ED P:E5 SP:FB PPU:207, 15 CYC:23534
< F352  85 47     STA $47 = 52                    A:29 X:02 Y:ED P:65 SP:FB PPU:207, 21 CYC:23536
< F354  20 2E FB  JSR $FB2E                       A:29 X:02 Y:ED P:65 SP:FB PPU:207, 30 CYC:23539
< FB2E  B8        CLV                             A:29 X:02 Y:ED P:65 SP:F9 PPU:207, 48 CYC:23545
< FB2F  18        CLC                             A:29 X:02 Y:ED P:25 SP:F9 PPU:207, 54 CYC:23547
< FB30  A9 42     LDA #$42                        A:29 X:02 Y:ED P:24 SP:F9 PPU:207, 60 CYC:23549
< FB32  60        RTS                             A:42 X:02 Y:ED P:24 SP:F9 PPU:207, 66 CYC:23551
< F357  47 47    *SRE $47 = 29                    A:42 X:02 Y:ED P:24 SP:FB PPU:207, 84 CYC:23557
< F359  EA        NOP                             A:56 X:02 Y:ED P:25 SP:FB PPU:207, 99 CYC:23562
< F35A  EA        NOP                             A:56 X:02 Y:ED P:25 SP:FB PPU:207,105 CYC:23564
< F35B  EA        NOP                             A:56 X:02 Y:ED P:25 SP:FB PPU:207,111 CYC:23566
< F35C  EA        NOP                             A:56 X:02 Y:ED P:25 SP:FB PPU:207,117 CYC:23568
< F35D  20 33 FB  JSR $FB33                       A:56 X:02 Y:ED P:25 SP:FB PPU:207,123 CYC:23570
< FB33  70 40     BVS $FB75                       A:56 X:02 Y:ED P:25 SP:F9 PPU:207,141 CYC:23576
< FB35  F0 3E     BEQ $FB75                       A:56 X:02 Y:ED P:25 SP:F9 PPU:207,147 CYC:23578
< FB37  30 3C     BMI $FB75                       A:56 X:02 Y:ED P:25 SP:F9 PPU:207,153 CYC:23580
< FB39  90 3A     BCC $FB75                       A:56 X:02 Y:ED P:25 SP:F9 PPU:207,159 CYC:23582
< FB3B  C9 56     CMP #$56                        A:56 X:02 Y:ED P:25 SP:F9 PPU:207,165 CYC:23584
< FB3D  D0 36     BNE $FB75                       A:56 X:02 Y:ED P:27 SP:F9 PPU:207,171 CYC:23586
< FB3F  60        RTS                             A:56 X:02 Y:ED P:27 SP:F9 PPU:207,177 CYC:23588
< F360  A5 47     LDA $47 = 14                    A:56 X:02 Y:ED P:27 SP:FB PPU:207,195 CYC:23594
< F362  C9 14     CMP #$14                        A:14 X:02 Y:ED P:25 SP:FB PPU:207,204 CYC:23597
< F364  F0 02     BEQ $F368                       A:14 X:02 Y:ED P:27 SP:FB PPU:207,210 CYC:23599
< F368  C8        INY                             A:14 X:02 Y:ED P:27 SP:FB PPU:207,219 CYC:23602
< F369  A9 37     LDA #$37                        A:14 X:02 Y:EE P:A5 SP:FB PPU:207,225 CYC:23604
< F36B  85 47     STA $47 = 14                    A:37 X:02 Y:EE P:25 SP:FB PPU:207,231 CYC:23606
< F36D  20 40 FB  JSR $FB40                       A:37 X:02 Y:EE P:25 SP:FB PPU:207,240 CYC:23609
< FB40  24 01     BIT $01 = FF                    A:37 X:02 Y:EE P:25 SP:F9 PPU:207,258 CYC:23615
< FB42  38        SEC                             A:37 X:02 Y:EE P:E5 SP:F9 PPU:207,267 CYC:23618
< FB43  A9 75     LDA #$75                        A:37 X:02 Y:EE P:E5 SP:F9 PPU:207,273 CYC:23620
< FB45  60        RTS                             A:75 X:02 Y:EE P:65 SP:F9 PPU:207,279 CYC:23622
< F370  47 47    *SRE $47 = 37                    A:75 X:02 Y:EE P:65 SP:FB PPU:207,297 CYC:23628
< F372  EA        NOP                             A:6E X:02 Y:EE P:65 SP:FB PPU:207,312 CYC:23633
< F373  EA        NOP                             A:6E X:02 Y:EE P:65 SP:FB PPU:207,318 CYC:23635
< F374  EA        NOP                             A:6E X:02 Y:EE P:65 SP:FB PPU:207,324 CYC:23637
< F375  EA        NOP                             A:6E X:02 Y:EE P:65 SP:FB PPU:207,330 CYC:23639
< F376  20 46 FB  JSR $FB46                       A:6E X:02 Y:EE P:65 SP:FB PPU:207,336 CYC:23641
< FB46  50 2D     BVC $FB75                       A:6E X:02 Y:EE P:65 SP:F9 PPU:208, 13 CYC:23647
< FB48  F0 2B     BEQ $FB75                       A:6E X:02 Y:EE P:65 SP:F9 PPU:208, 19 CYC:23649
< FB4A  30 29     BMI $FB75                       A:6E X:02 Y:EE P:65 SP:F9 PPU:208, 25 CYC:23651
< FB4C  90 27     BCC $FB75                       A:6E X:02 Y:EE P:65 SP:F9 PPU:208, 31 CYC:23653
< FB4E  C9 6E     CMP #$6E                        A:6E X:02 Y:EE P:65 SP:F9 PPU:208, 37 CYC:23655
< FB50  D0 23     BNE $FB75                       A:6E X:02 Y:EE P:67 SP:F9 PPU:208, 43 CYC:23657
< FB52  60        RTS                             A:6E X:02 Y:EE P:67 SP:F9 PPU:208, 49 CYC:23659
< F379  A5 47     LDA $47 = 1B                    A:6E X:02 Y:EE P:67 SP:FB PPU:208, 67 CYC:23665
< F37B  C9 1B     CMP #$1B                        A:1B X:02 Y:EE P:65 SP:FB PPU:208, 76 CYC:23668
< F37D  F0 02     BEQ $F381                       A:1B X:02 Y:EE P:67 SP:FB PPU:208, 82 CYC:23670
< F381  C8        INY                             A:1B X:02 Y:EE P:67 SP:FB PPU:208, 91 CYC:23673
< F382  A9 A5     LDA #$A5                        A:1B X:02 Y:EF P:E5 SP:FB PPU:208, 97 CYC:23675
< F384  8D 47 06  STA $0647 = 1B                  A:A5 X:02 Y:EF P:E5 SP:FB PPU:208,103 CYC:23677
< F387  20 1D FB  JSR $FB1D                       A:A5 X:02 Y:EF P:E5 SP:FB PPU:208,115 CYC:23681
< FB1D  24 01     BIT $01 = FF                    A:A5 X:02 Y:EF P:E5 SP:F9 PPU:208,133 CYC:23687
< FB1F  18        CLC                             A:A5 X:02 Y:EF P:E5 SP:F9 PPU:208,142 CYC:23690
< FB20  A9 B3     LDA #$B3                        A:A5 X:02 Y:EF P:E4 SP:F9 PPU:208,148 CYC:23692
< FB22  60        RTS                             A:B3 X:02 Y:EF P:E4 SP:F9 PPU:208,154 CYC:23694
< F38A  4F 47 06 *SRE $0647 = A5                  A:B3 X:02 Y:EF P:E4 SP:FB PPU:208,172 CYC:23700
< F38D  EA        NOP                             A:E1 X:02 Y:EF P:E5 SP:FB PPU:208,190 CYC:23706
< F38E  EA        NOP                             A:E1 X:02 Y:EF P:E5 SP:FB PPU:208,196 CYC:23708
< F38F  EA        NOP                             A:E1 X:02 Y:EF P:E5 SP:FB PPU:208,202 CYC:23710
< F390  EA        NOP                             A:E1 X:02 Y:EF P:E5 SP:FB PPU:208,208 CYC:23712
< F391  20 23 FB  JSR $FB23                       A:E1 X:02 Y:EF P:E5 SP:FB PPU:208,214 CYC:23714
< FB23  50 50     BVC $FB75                       A:E1 X:02 Y:EF P:E5 SP:F9 PPU:208,232 CYC:23720
< FB25  90 4E     BCC $FB75                       A:E1 X:02 Y:EF P:E5 SP:F9 PPU:208,238 CYC:23722
< FB27  10 4C     BPL $FB75                       A:E1 X:02 Y:EF P:E5 SP:F9 PPU:208,244 CYC:23724
< FB29  C9 E1     CMP #$E1                        A:E1 X:02 Y:EF P:E5 SP:F9 PPU:208,250 CYC:23726
< FB2B  D0 48     BNE $FB75                       A:E1 X:02 Y:EF P:67 SP:F9 PPU:208,256 CYC:23728
< FB2D  60        RTS                             A:E1 X:02 Y:EF P:67 SP:F9 PPU:208,262 CYC:23730
< F394  AD 47 06  LDA $0647 = 52                  A:E1 X:02 Y:EF P:67 SP:FB PPU:208,280 CYC:23736
< F397  C9 52     CMP #$52                        A:52 X:02 Y:EF P:65 SP:FB PPU:208,292 CYC:23740
< F399  F0 02     BEQ $F39D                       A:52 X:02 Y:EF P:67 SP:FB PPU:208,298 CYC:23742
< F39D  C8        INY                             A:52 X:02 Y:EF P:67 SP:FB PPU:208,307 CYC:23745
< F39E  A9 29     LDA #$29                        A:52 X:02 Y:F0 P:E5 SP:FB PPU:208,313 CYC:23747
< F3A0  8D 47 06  STA $0647 = 52                  A:29 X:02 Y:F0 P:65 SP:FB PPU:208,319 CYC:23749
< F3A3  20 2E FB  JSR $FB2E                       A:29 X:02 Y:F0 P:65 SP:FB PPU:208,331 CYC:23753
< FB2E  B8        CLV                             A:29 X:02 Y:F0 P:65 SP:F9 PPU:209,  8 CYC:23759
< FB2F  18        CLC                             A:29 X:02 Y:F0 P:25 SP:F9 PPU:209, 14 CYC:23761
< FB30  A9 42     LDA #$42                        A:29 X:02 Y:F0 P:24 SP:F9 PPU:209, 20 CYC:23763
< FB32  60        RTS                             A:42 X:02 Y:F0 P:24 SP:F9 PPU:209, 26 CYC:23765
< F3A6  4F 47 06 *SRE $0647 = 29                  A:42 X:02 Y:F0 P:24 SP:FB PPU:209, 44 CYC:23771
< F3A9  EA        NOP                             A:56 X:02 Y:F0 P:25 SP:FB PPU:209, 62 CYC:23777
< F3AA  EA        NOP                             A:56 X:02 Y:F0 P:25 SP:FB PPU:209, 68 CYC:23779
< F3AB  EA        NOP                             A:56 X:02 Y:F0 P:25 SP:FB PPU:209, 74 CYC:23781
< F3AC  EA        NOP                             A:56 X:02 Y:F0 P:25 SP:FB PPU:209, 80 CYC:23783
< F3AD  20 33 FB  JSR $FB33                       A:56 X:02 Y:F0 P:25 SP:FB PPU:209, 86 CYC:23785
< FB33  70 40     BVS $FB75                       A:56 X:02 Y:F0 P:25 SP:F9 PPU:209,104 CYC:23791
< FB35  F0 3E     BEQ $FB75                       A:56 X:02 Y:F0 P:25 SP:F9 PPU:209,110 CYC:23793
< FB37  30 3C     BMI $FB75                       A:56 X:02 Y:F0 P:25 SP:F9 PPU:209,116 CYC:23795
< FB39  90 3A     BCC $FB75                       A:56 X:02 Y:F0 P:25 SP:F9 PPU:209,122 CYC:23797
< FB3B  C9 56     CMP #$56                        A:56 X:02 Y:F0 P:25 SP:F9 PPU:209,128 CYC:23799
< FB3D  D0 36     BNE $FB75                       A:56 X:02 Y:F0 P:27 SP:F9 PPU:209,134 CYC:23801
< FB3F  60        RTS                             A:56 X:02 Y:F0 P:27 SP:F9 PPU:209,140 CYC:23803
< F3B0  AD 47 06  LDA $0647 = 14                  A:56 X:02 Y:F0 P:27 SP:FB PPU:209,158 CYC:23809
< F3B3  C9 14     CMP #$14                        A:14 X:02 Y:F0 P:25 SP:FB PPU:209,170 CYC:23813
< F3B5  F0 02     BEQ $F3B9                       A:14 X:02 Y:F0 P:27 SP:FB PPU:209,176 CYC:23815
< F3B9  C8        INY                             A:14 X:02 Y:F0 P:27 SP:FB PPU:209,185 CYC:23818
< F3BA  A9 37     LDA #$37                        A:14 X:02 Y:F1 P:A5 SP:FB PPU:209,191 CYC:23820
< F3BC  8D 47 06  STA $0647 = 14                  A:37 X:02 Y:F1 P:25 SP:FB PPU:209,197 CYC:23822
< F3BF  20 40 FB  JSR $FB40                       A:37 X:02 Y:F1 P:25 SP:FB PPU:209,209 CYC:23826
< FB40  24 01     BIT $01 = FF                    A:37 X:02 Y:F1 P:25 SP:F9 PPU:209,227 CYC:23832
< FB42  38        SEC                             A:37 X:02 Y:F1 P:E5 SP:F9 PPU:209,236 CYC:23835
< FB43  A9 75     LDA #$75                        A:37 X:02 Y:F1 P:E5 SP:F9 PPU:209,242 CYC:23837
< FB45  60        RTS                             A:75 X:02 Y:F1 P:65 SP:F9 PPU:209,248 CYC:23839
< F3C2  4F 47 06 *SRE $0647 = 37                  A:75 X:02 Y:F1 P:65 SP:FB PPU:209,266 CYC:23845
< F3C5  EA        NOP                             A:6E X:02 Y:F1 P:65 SP:FB PPU:209,284 CYC:23851
< F3C6  EA        NOP                             A:6E X:02 Y:F1 P:65 SP:FB PPU:209,290 CYC:23853
< F3C7  EA        NOP                             A:6E X:02 Y:F1 P:65 SP:FB PPU:209,296 CYC:23855
< F3C8  EA        NOP                             A:6E X:02 Y:F1 P:65 SP:FB PPU:209,302 CYC:23857
< F3C9  20 46 FB  JSR $FB46                       A:6E X:02 Y:F1 P:65 SP:FB PPU:209,308 CYC:23859
< FB46  50 2D     BVC $FB75                       A:6E X:02 Y:F1 P:65 SP:F9 PPU:209,326 CYC:23865
< FB48  F0 2B     BEQ $FB75                       A:6E X:02 Y:F1 P:65 SP:F9 PPU:209,332 CYC:23867
< FB4A  30 29     BMI $FB75                       A:6E X:02 Y:F1 P:65 SP:F9 PPU:209,338 CYC:23869
< FB4C  90 27     BCC $FB75                       A:6E X:02 Y:F1 P:65 SP:F9 PPU:210,  3 CYC:23871
< FB4E  C9 6E     CMP #$6E                        A:6E X:02 Y:F1 P:65 SP:F9 PPU:210,  9 CYC:23873
< FB50  D0 23     BNE $FB75                       A:6E X:02 Y:F1 P:67 SP:F9 PPU:210, 15 CYC:23875
< FB52  60        RTS                             A:6E X:02 Y:F1 P:67 SP:F9 PPU:210, 21 CYC:23877
< F3CC  AD 47 06  LDA $0647 = 1B                  A:6E X:02 Y:F1 P:67 SP:FB PPU:210, 39 CYC:23883
< F3CF  C9 1B     CMP #$1B                        A:1B X:02 Y:F1 P:65 SP:FB PPU:210, 51 CYC:23887
< F3D1  F0 02     BEQ $F3D5                       A:1B X:02 Y:F1 P:67 SP:FB PPU:210, 57 CYC:23889
< F3D5  A9 A5     LDA #$A5                        A:1B X:02 Y:F1 P:67 SP:FB PPU:210, 66 CYC:23892
< F3D7  8D 47 06  STA $0647 = 1B                  A:A5 X:02 Y:F1 P:E5 SP:FB PPU:210, 72 CYC:23894
< F3DA  A9 48     LDA #$48                        A:A5 X:02 Y:F1 P:E5 SP:FB PPU:210, 84 CYC:23898
< F3DC  85 45     STA $45 = 48                    A:48 X:02 Y:F1 P:65 SP:FB PPU:210, 90 CYC:23900
< F3DE  A9 05     LDA #$05                        A:48 X:02 Y:F1 P:65 SP:FB PPU:210, 99 CYC:23903
< F3E0  85 46     STA $46 = 05                    A:05 X:02 Y:F1 P:65 SP:FB PPU:210,105 CYC:23905
< F3E2  A0 FF     LDY #$FF                        A:05 X:02 Y:F1 P:65 SP:FB PPU:210,114 CYC:23908
< F3E4  20 1D FB  JSR $FB1D                       A:05 X:02 Y:FF P:E5 SP:FB PPU:210,120 CYC:23910
< FB1D  24 01     BIT $01 = FF                    A:05 X:02 Y:FF P:E5 SP:F9 PPU:210,138 CYC:23916
< FB1F  18        CLC                             A:05 X:02 Y:FF P:E5 SP:F9 PPU:210,147 CYC:23919
< FB20  A9 B3     LDA #$B3                        A:05 X:02 Y:FF P:E4 SP:F9 PPU:210,153 CYC:23921
< FB22  60        RTS                             A:B3 X:02 Y:FF P:E4 SP:F9 PPU:210,159 CYC:23923
< F3E7  53 45    *SRE ($45),Y = 0548 @ 0647 = A5  A:B3 X:02 Y:FF P:E4 SP:FB PPU:210,177 CYC:23929
< F3E9  EA        NOP                             A:E1 X:02 Y:FF P:E5 SP:FB PPU:210,201 CYC:23937
< F3EA  EA        NOP                             A:E1 X:02 Y:FF P:E5 SP:FB PPU:210,207 CYC:23939
< F3EB  08        PHP                             A:E1 X:02 Y:FF P:E5 SP:FB PPU:210,213 CYC:23941
< F3EC  48        PHA                             A:E1 X:02 Y:FF P:E5 SP:FA PPU:210,222 CYC:23944
< F3ED  A0 F2     LDY #$F2                        A:E1 X:02 Y:FF P:E5 SP:F9 PPU:210,231 CYC:23947
< F3EF  68        PLA                             A:E1 X:02 Y:F2 P:E5 SP:F9 PPU:210,237 CYC:23949
< F3F0  28        PLP                             A:E1 X:02 Y:F2 P:E5 SP:FA PPU:210,249 CYC:23953
< F3F1  20 23 FB  JSR $FB23                       A:E1 X:02 Y:F2 P:E5 SP:FB PPU:210,261 CYC:23957
< FB23  50 50     BVC $FB75                       A:E1 X:02 Y:F2 P:E5 SP:F9 PPU:210,279 CYC:23963
< FB25  90 4E     BCC $FB75                       A:E1 X:02 Y:F2 P:E5 SP:F9 PPU:210,285 CYC:23965
< FB27  10 4C     BPL $FB75                       A:E1 X:02 Y:F2 P:E5 SP:F9 PPU:210,291 CYC:23967
< FB29  C9 E1     CMP #$E1                        A:E1 X:02 Y:F2 P:E5 SP:F9 PPU:210,297 CYC:23969
< FB2B  D0 48     BNE $FB75                       A:E1 X:02 Y:F2 P:67 SP:F9 PPU:210,303 CYC:23971
< FB2D  60        RTS                             A:E1 X:02 Y:F2 P:67 SP:F9 PPU:210,309 CYC:23973
< F3F4  AD 47 06  LDA $0647 = 52                  A:E1 X:02 Y:F2 P:67 SP:FB PPU:210,327 CYC:23979
< F3F7  C9 52     CMP #$52                        A:52 X:02 Y:F2 P:65 SP:FB PPU:210,339 CYC:23983
< F3F9  F0 02     BEQ $F3FD                       A:52 X:02 Y:F2 P:67 SP:FB PPU:211,  4 CYC:23985
< F3FD  A0 FF     LDY #$FF                        A:52 X:02 Y:F2 P:67 SP:FB PPU:211, 13 CYC:23988
< F3FF  A9 29     LDA #$29                        A:52 X:02 Y:FF P:E5 SP:FB PPU:211, 19 CYC:23990
< F401  8D 47 06  STA $0647 = 52                  A:29 X:02 Y:FF P:65 SP:FB PPU:211, 25 CYC:23992
< F404  20 2E FB  JSR $FB2E                       A:29 X:02 Y:FF P:65 SP:FB PPU:211, 37 CYC:23996
< FB2E  B8        CLV                             A:29 X:02 Y:FF P:65 SP:F9 PPU:211, 55 CYC:24002
< FB2F  18        CLC                             A:29 X:02 Y:FF P:25 SP:F9 PPU:211, 61 CYC:24004
< FB30  A9 42     LDA #$42                        A:29 X:02 Y:FF P:24 SP:F9 PPU:211, 67 CYC:24006
< FB32  60        RTS                             A:42 X:02 Y:FF P:24 SP:F9 PPU:211, 73 CYC:24008
< F407  53 45    *SRE ($45),Y = 0548 @ 0647 = 29  A:42 X:02 Y:FF P:24 SP:FB PPU:211, 91 CYC:24014
< F409  EA        NOP                             A:56 X:02 Y:FF P:25 SP:FB PPU:211,115 CYC:24022
< F40A  EA        NOP                             A:56 X:02 Y:FF P:25 SP:FB PPU:211,121 CYC:24024
< F40B  08        PHP                             A:56 X:02 Y:FF P:25 SP:FB PPU:211,127 CYC:24026
< F40C  48        PHA                             A:56 X:02 Y:FF P:25 SP:FA PPU:211,136 CYC:24029
< F40D  A0 F3     LDY #$F3                        A:56 X:02 Y:FF P:25 SP:F9 PPU:211,145 CYC:24032
< F40F  68        PLA                             A:56 X:02 Y:F3 P:A5 SP:F9 PPU:211,151 CYC:24034
< F410  28        PLP                             A:56 X:02 Y:F3 P:25 SP:FA PPU:211,163 CYC:24038
< F411  20 33 FB  JSR $FB33                       A:56 X:02 Y:F3 P:25 SP:FB PPU:211,175 CYC:24042
< FB33  70 40     BVS $FB75                       A:56 X:02 Y:F3 P:25 SP:F9 PPU:211,193 CYC:24048
< FB35  F0 3E     BEQ $FB75                       A:56 X:02 Y:F3 P:25 SP:F9 PPU:211,199 CYC:24050
< FB37  30 3C     BMI $FB75                       A:56 X:02 Y:F3 P:25 SP:F9 PPU:211,205 CYC:24052
< FB39  90 3A     BCC $FB75                       A:56 X:02 Y:F3 P:25 SP:F9 PPU:211,211 CYC:24054
< FB3B  C9 56     CMP #$56                        A:56 X:02 Y:F3 P:25 SP:F9 PPU:211,217 CYC:24056
< FB3D  D0 36     BNE $FB75                       A:56 X:02 Y:F3 P:27 SP:F9 PPU:211,223 CYC:24058
< FB3F  60        RTS                             A:56 X:02 Y:F3 P:27 SP:F9 PPU:211,229 CYC:24060
< F414  AD 47 06  LDA $0647 = 14                  A:56 X:02 Y:F3 P:27 SP:FB PPU:211,247 CYC:24066
< F417  C9 14     CMP #$14                        A:14 X:02 Y:F3 P:25 SP:FB PPU:211,259 CYC:24070
< F419  F0 02     BEQ $F41D                       A:14 X:02 Y:F3 P:27 SP:FB PPU:211,265 CYC:24072
< F41D  A0 FF     LDY #$FF                        A:14 X:02 Y:F3 P:27 SP:FB PPU:211,274 CYC:24075
< F41F  A9 37     LDA #$37                        A:14 X:02 Y:FF P:A5 SP:FB PPU:211,280 CYC:24077
< F421  8D 47 06  STA $0647 = 14                  A:37 X:02 Y:FF P:25 SP:FB PPU:211,286 CYC:24079
< F424  20 40 FB  JSR $FB40                       A:37 X:02 Y:FF P:25 SP:FB PPU:211,298 CYC:24083
< FB40  24 01     BIT $01 = FF                    A:37 X:02 Y:FF P:25 SP:F9 PPU:211,316 CYC:24089
< FB42  38        SEC                             A:37 X:02 Y:FF P:E5 SP:F9 PPU:211,325 CYC:24092
< FB43  A9 75     LDA #$75                        A:37 X:02 Y:FF P:E5 SP:F9 PPU:211,331 CYC:24094
< FB45  60        RTS                             A:75 X:02 Y:FF P:65 SP:F9 PPU:211,337 CYC:24096
< F427  53 45    *SRE ($45),Y = 0548 @ 0647 = 37  A:75 X:02 Y:FF P:65 SP:FB PPU:212, 14 CYC:24102
< F429  EA        NOP                             A:6E X:02 Y:FF P:65 SP:FB PPU:212, 38 CYC:24110
< F42A  EA        NOP                             A:6E X:02 Y:FF P:65 SP:FB PPU:212, 44 CYC:24112
< F42B  08        PHP                             A:6E X:02 Y:FF P:65 SP:FB PPU:212, 50 CYC:24114
< F42C  48        PHA                             A:6E X:02 Y:FF P:65 SP:FA PPU:212, 59 CYC:24117
< F42D  A0 F4     LDY #$F4                        A:6E X:02 Y:FF P:65 SP:F9 PPU:212, 68 CYC:24120
< F42F  68        PLA                             A:6E X:02 Y:F4 P:E5 SP:F9 PPU:212, 74 CYC:24122
< F430  28        PLP                             A:6E X:02 Y:F4 P:65 SP:FA PPU:212, 86 CYC:24126
< F431  20 46 FB  JSR $FB46                       A:6E X:02 Y:F4 P:65 SP:FB PPU:212, 98 CYC:24130
< FB46  50 2D     BVC $FB75                       A:6E X:02 Y:F4 P:65 SP:F9 PPU:212,116 CYC:24136
< FB48  F0 2B     BEQ $FB75                       A:6E X:02 Y:F4 P:65 SP:F9 PPU:212,122 CYC:24138
< FB4A  30 29     BMI $FB75                       A:6E X:02 Y:F4 P:65 SP:F9 PPU:212,128 CYC:24140
< FB4C  90 27     BCC $FB75                       A:6E X:02 Y:F4 P:65 SP:F9 PPU:212,134 CYC:24142
< FB4E  C9 6E     CMP #$6E                        A:6E X:02 Y:F4 P:65 SP:F9 PPU:212,140 CYC:24144
< FB50  D0 23     BNE $FB75                       A:6E X:02 Y:F4 P:67 SP:F9 PPU:212,146 CYC:24146
< FB52  60        RTS                             A:6E X:02 Y:F4 P:67 SP:F9 PPU:212,152 CYC:24148
< F434  AD 47 06  LDA $0647 = 1B                  A:6E X:02 Y:F4 P:67 SP:FB PPU:212,170 CYC:24154
< F437  C9 1B     CMP #$1B                        A:1B X:02 Y:F4 P:65 SP:FB PPU:212,182 CYC:24158
< F439  F0 02     BEQ $F43D                       A:1B X:02 Y:F4 P:67 SP:FB PPU:212,188 CYC:24160
< F43D  A0 F5     LDY #$F5                        A:1B X:02 Y:F4 P:67 SP:FB PPU:212,197 CYC:24163
< F43F  A2 FF     LDX #$FF                        A:1B X:02 Y:F5 P:E5 SP:FB PPU:212,203 CYC:24165
< F441  A9 A5     LDA #$A5                        A:1B X:FF Y:F5 P:E5 SP:FB PPU:212,209 CYC:24167
< F443  85 47     STA $47 = 1B                    A:A5 X:FF Y:F5 P:E5 SP:FB PPU:212,215 CYC:24169
< F445  20 1D FB  JSR $FB1D                       A:A5 X:FF Y:F5 P:E5 SP:FB PPU:212,224 CYC:24172
< FB1D  24 01     BIT $01 = FF                    A:A5 X:FF Y:F5 P:E5 SP:F9 PPU:212,242 CYC:24178
< FB1F  18        CLC                             A:A5 X:FF Y:F5 P:E5 SP:F9 PPU:212,251 CYC:24181
< FB20  A9 B3     LDA #$B3                        A:A5 X:FF Y:F5 P:E4 SP:F9 PPU:212,257 CYC:24183
< FB22  60        RTS                             A:B3 X:FF Y:F5 P:E4 SP:F9 PPU:212,263 CYC:24185
< F448  57 48    *SRE $48,X @ 47 = A5             A:B3 X:FF Y:F5 P:E4 SP:FB PPU:212,281 CYC:24191
< F44A  EA        NOP                             A:E1 X:FF Y:F5 P:E5 SP:FB PPU:212,299 CYC:24197
< F44B  EA        NOP                             A:E1 X:FF Y:F5 P:E5 SP:FB PPU:212,305 CYC:24199
< F44C  EA        NOP                             A:E1 X:FF Y:F5 P:E5 SP:FB PPU:212,311 CYC:24201
< F44D  EA        NOP                             A:E1 X:FF Y:F5 P:E5 SP:FB PPU:212,317 CYC:24203
< F44E  20 23 FB  JSR $FB23                       A:E1 X:FF Y:F5 P:E5 SP:FB PPU:212,323 CYC:24205
< FB23  50 50     BVC $FB75                       A:E1 X:FF Y:F5 P:E5 SP:F9 PPU:213,  0 CYC:24211
< FB25  90 4E     BCC $FB75                       A:E1 X:FF Y:F5 P:E5 SP:F9 PPU:213,  6 CYC:24213
< FB27  10 4C     BPL $FB75                       A:E1 X:FF Y:F5 P:E5 SP:F9 PPU:213, 12 CYC:24215
< FB29  C9 E1     CMP #$E1                        A:E1 X:FF Y:F5 P:E5 SP:F9 PPU:213, 18 CYC:24217
< FB2B  D0 48     BNE $FB75                       A:E1 X:FF Y:F5 P:67 SP:F9 PPU:213, 24 CYC:24219
< FB2D  60        RTS                             A:E1 X:FF Y:F5 P:67 SP:F9 PPU:213, 30 CYC:24221
< F451  A5 47     LDA $47 = 52                    A:E1 X:FF Y:F5 P:67 SP:FB PPU:213, 48 CYC:24227
< F453  C9 52     CMP #$52                        A:52 X:FF Y:F5 P:65 SP:FB PPU:213, 57 CYC:24230
< F455  F0 02     BEQ $F459                       A:52 X:FF Y:F5 P:67 SP:FB PPU:213, 63 CYC:24232
< F459  C8        INY                             A:52 X:FF Y:F5 P:67 SP:FB PPU:213, 72 CYC:24235
< F45A  A9 29     LDA #$29                        A:52 X:FF Y:F6 P:E5 SP:FB PPU:213, 78 CYC:24237
< F45C  85 47     STA $47 = 52                    A:29 X:FF Y:F6 P:65 SP:FB PPU:213, 84 CYC:24239
< F45E  20 2E FB  JSR $FB2E                       A:29 X:FF Y:F6 P:65 SP:FB PPU:213, 93 CYC:24242
< FB2E  B8        CLV                             A:29 X:FF Y:F6 P:65 SP:F9 PPU:213,111 CYC:24248
< FB2F  18        CLC                             A:29 X:FF Y:F6 P:25 SP:F9 PPU:213,117 CYC:24250
< FB30  A9 42     LDA #$42                        A:29 X:FF Y:F6 P:24 SP:F9 PPU:213,123 CYC:24252
< FB32  60        RTS                             A:42 X:FF Y:F6 P:24 SP:F9 PPU:213,129 CYC:24254
< F461  57 48    *SRE $48,X @ 47 = 29             A:42 X:FF Y:F6 P:24 SP:FB PPU:213,147 CYC:24260
< F463  EA        NOP                             A:56 X:FF Y:F6 P:25 SP:FB PPU:213,165 CYC:24266
< F464  EA        NOP                             A:56 X:FF Y:F6 P:25 SP:FB PPU:213,171 CYC:24268
< F465  EA        NOP                             A:56 X:FF Y:F6 P:25 SP:FB PPU:213,177 CYC:24270
< F466  EA        NOP                             A:56 X:FF Y:F6 P:25 SP:FB PPU:213,183 CYC:24272
< F467  20 33 FB  JSR $FB33                       A:56 X:FF Y:F6 P:25 SP:FB PPU:213,189 CYC:24274
< FB33  70 40     BVS $FB75                       A:56 X:FF Y:F6 P:25 SP:F9 PPU:213,207 CYC:24280
< FB35  F0 3E     BEQ $FB75                       A:56 X:FF Y:F6 P:25 SP:F9 PPU:213,213 CYC:24282
< FB37  30 3C     BMI $FB75                       A:56 X:FF Y:F6 P:25 SP:F9 PPU:213,219 CYC:24284
< FB39  90 3A     BCC $FB75                       A:56 X:FF Y:F6 P:25 SP:F9 PPU:213,225 CYC:24286
< FB3B  C9 56     CMP #$56                        A:56 X:FF Y:F6 P:25 SP:F9 PPU:213,231 CYC:24288
< FB3D  D0 36     BNE $FB75                       A:56 X:FF Y:F6 P:27 SP:F9 PPU:213,237 CYC:24290
< FB3F  60        RTS                             A:56 X:FF Y:F6 P:27 SP:F9 PPU:213,243 CYC:24292
< F46A  A5 47     LDA $47 = 14                    A:56 X:FF Y:F6 P:27 SP:FB PPU:213,261 CYC:24298
< F46C  C9 14     CMP #$14                        A:14 X:FF Y:F6 P:25 SP:FB PPU:213,270 CYC:24301
< F46E  F0 02     BEQ $F472                       A:14 X:FF Y:F6 P:27 SP:FB PPU:213,276 CYC:24303
< F472  C8        INY                             A:14 X:FF Y:F6 P:27 SP:FB PPU:213,285 CYC:24306
< F473  A9 37     LDA #$37                        A:14 X:FF Y:F7 P:A5 SP:FB PPU:213,291 CYC:24308
< F475  85 47     STA $47 = 14                    A:37 X:FF Y:F7 P:25 SP:FB PPU:213,297 CYC:24310
< F477  20 40 FB  JSR $FB40                       A:37 X:FF Y:F7 P:25 SP:FB PPU:213,306 CYC:24313
< FB40  24 01     BIT $01 = FF                    A:37 X:FF Y:F7 P:25 SP:F9 PPU:213,324 CYC:24319
< FB42  38        SEC                             A:37 X:FF Y:F7 P:E5 SP:F9 PPU:213,333 CYC:24322
< FB43  A9 75     LDA #$75                        A:37 X:FF Y:F7 P:E5 SP:F9 PPU:213,339 CYC:24324
< FB45  60        RTS                             A:75 X:FF Y:F7 P:65 SP:F9 PPU:214,  4 CYC:24326
< F47A  57 48    *SRE $48,X @ 47 = 37             A:75 X:FF Y:F7 P:65 SP:FB PPU:214, 22 CYC:24332
< F47C  EA        NOP                             A:6E X:FF Y:F7 P:65 SP:FB PPU:214, 40 CYC:24338
< F47D  EA        NOP                             A:6E X:FF Y:F7 P:65 SP:FB PPU:214, 46 CYC:24340
< F47E  EA        NOP                             A:6E X:FF Y:F7 P:65 SP:FB PPU:214, 52 CYC:24342
< F47F  EA        NOP                             A:6E X:FF Y:F7 P:65 SP:FB PPU:214, 58 CYC:24344
< F480  20 46 FB  JSR $FB46                       A:6E X:FF Y:F7 P:65 SP:FB PPU:214, 64 CYC:24346
< FB46  50 2D     BVC $FB75                       A:6E X:FF Y:F7 P:65 SP:F9 PPU:214, 82 CYC:24352
< FB48  F0 2B     BEQ $FB75                       A:6E X:FF Y:F7 P:65 SP:F9 PPU:214, 88 CYC:24354
< FB4A  30 29     BMI $FB75                       A:6E X:FF Y:F7 P:65 SP:F9 PPU:214, 94 CYC:24356
< FB4C  90 27     BCC $FB75                       A:6E X:FF Y:F7 P:65 SP:F9 PPU:214,100 CYC:24358
< FB4E  C9 6E     CMP #$6E                        A:6E X:FF Y:F7 P:65 SP:F9 PPU:214,106 CYC:24360
< FB50  D0 23     BNE $FB75                       A:6E X:FF Y:F7 P:67 SP:F9 PPU:214,112 CYC:24362
< FB52  60        RTS                             A:6E X:FF Y:F7 P:67 SP:F9 PPU:214,118 CYC:24364
< F483  A5 47     LDA $47 = 1B                    A:6E X:FF Y:F7 P:67 SP:FB PPU:214,136 CYC:24370
< F485  C9 1B     CMP #$1B                        A:1B X:FF Y:F7 P:65 SP:FB PPU:214,145 CYC:24373
< F487  F0 02     BEQ $F48B                       A:1B X:FF Y:F7 P:67 SP:FB PPU:214,151 CYC:24375
< F48B  A9 A5     LDA #$A5                        A:1B X:FF Y:F7 P:67 SP:FB PPU:214,160 CYC:24378
< F48D  8D 47 06  STA $0647 = 1B                  A:A5 X:FF Y:F7 P:E5 SP:FB PPU:214,166 CYC:24380
< F490  A0 FF     LDY #$FF                        A:A5 X:FF Y:F7 P:E5 SP:FB PPU:214,178 CYC:24384
< F492  20 1D FB  JSR $FB1D                       A:A5 X:FF Y:FF P:E5 SP:FB PPU:214,184 CYC:24386
< FB1D  24 01     BIT $01 = FF                    A:A5 X:FF Y:FF P:E5 SP:F9 PPU:214,202 CYC:24392
< FB1F  18        CLC                             A:A5 X:FF Y:FF P:E5 SP:F9 PPU:214,211 CYC:24395
< FB20  A9 B3     LDA #$B3                        A:A5 X:FF Y:FF P:E4 SP:F9 PPU:214,217 CYC:24397
< FB22  60        RTS                             A:B3 X:FF Y:FF P:E4 SP:F9 PPU:214,223 CYC:24399
< F495  5B 48 05 *SRE $0548,Y @ 0647 = A5         A:B3 X:FF Y:FF P:E4 SP:FB PPU:214,241 CYC:24405
< F498  EA        NOP                             A:E1 X:FF Y:FF P:E5 SP:FB PPU:214,262 CYC:24412
< F499  EA        NOP                             A:E1 X:FF Y:FF P:E5 SP:FB PPU:214,268 CYC:24414
< F49A  08        PHP                             A:E1 X:FF Y:FF P:E5 SP:FB PPU:214,274 CYC:24416
< F49B  48        PHA                             A:E1 X:FF Y:FF P:E5 SP:FA PPU:214,283 CYC:24419
< F49C  A0 F8     LDY #$F8                        A:E1 X:FF Y:FF P:E5 SP:F9 PPU:214,292 CYC:24422
< F49E  68        PLA                             A:E1 X:FF Y:F8 P:E5 SP:F9 PPU:214,298 CYC:24424
< F49F  28        PLP                             A:E1 X:FF Y:F8 P:E5 SP:FA PPU:214,310 CYC:24428
< F4A0  20 23 FB  JSR $FB23                       A:E1 X:FF Y:F8 P:E5 SP:FB PPU:214,322 CYC:24432
< FB23  50 50     BVC $FB75                       A:E1 X:FF Y:F8 P:E5 SP:F9 PPU:214,340 CYC:24438
< FB25  90 4E     BCC $FB75                       A:E1 X:FF Y:F8 P:E5 SP:F9 PPU:215,  5 CYC:24440
< FB27  10 4C     BPL $FB75                       A:E1 X:FF Y:F8 P:E5 SP:F9 PPU:215, 11 CYC:24442
< FB29  C9 E1     CMP #$E1                        A:E1 X:FF Y:F8 P:E5 SP:F9 PPU:215, 17 CYC:24444
< FB2B  D0 48     BNE $FB75                       A:E1 X:FF Y:F8 P:67 SP:F9 PPU:215, 23 CYC:24446
< FB2D  60        RTS                             A:E1 X:FF Y:F8 P:67 SP:F9 PPU:215, 29 CYC:24448
< F4A3  AD 47 06  LDA $0647 = 52                  A:E1 X:FF Y:F8 P:67 SP:FB PPU:215, 47 CYC:24454
< F4A6  C9 52     CMP #$52                        A:52 X:FF Y:F8 P:65 SP:FB PPU:215, 59 CYC:24458
< F4A8  F0 02     BEQ $F4AC                       A:52 X:FF Y:F8 P:67 SP:FB PPU:215, 65 CYC:24460
< F4AC  A0 FF     LDY #$FF                        A:52 X:FF Y:F8 P:67 SP:FB PPU:215, 74 CYC:24463
< F4AE  A9 29     LDA #$29                        A:52 X:FF Y:FF P:E5 SP:FB PPU:215, 80 CYC:24465
< F4B0  8D 47 06  STA $0647 = 52                  A:29 X:FF Y:FF P:65 SP:FB PPU:215, 86 CYC:24467
< F4B3  20 2E FB  JSR $FB2E                       A:29 X:FF Y:FF P:65 SP:FB PPU:215, 98 CYC:24471
< FB2E  B8        CLV                             A:29 X:FF Y:FF P:65 SP:F9 PPU:215,116 CYC:24477
< FB2F  18        CLC                             A:29 X:FF Y:FF P:25 SP:F9 PPU:215,122 CYC:24479
< FB30  A9 42     LDA #$42                        A:29 X:FF Y:FF P:24 SP:F9 PPU:215,128 CYC:24481
< FB32  60        RTS                             A:42 X:FF Y:FF P:24 SP:F9 PPU:215,134 CYC:24483
< F4B6  5B 48 05 *SRE $0548,Y @ 0647 = 29         A:42 X:FF Y:FF P:24 SP:FB PPU:215,152 CYC:24489
< F4B9  EA        NOP                             A:56 X:FF Y:FF P:25 SP:FB PPU:215,173 CYC:24496
< F4BA  EA        NOP                             A:56 X:FF Y:FF P:25 SP:FB PPU:215,179 CYC:24498
< F4BB  08        PHP                             A:56 X:FF Y:FF P:25 SP:FB PPU:215,185 CYC:24500
< F4BC  48        PHA                             A:56 X:FF Y:FF P:25 SP:FA PPU:215,194 CYC:24503
< F4BD  A0 F9     LDY #$F9                        A:56 X:FF Y:FF P:25 SP:F9 PPU:215,203 CYC:24506
< F4BF  68        PLA                             A:56 X:FF Y:F9 P:A5 SP:F9 PPU:215,209 CYC:24508
< F4C0  28        PLP                             A:56 X:FF Y:F9 P:25 SP:FA PPU:215,221 CYC:24512
< F4C1  20 33 FB  JSR $FB33                       A:56 X:FF Y:F9 P:25 SP:FB PPU:215,233 CYC:24516
< FB33  70 40     BVS $FB75                       A:56 X:FF Y:F9 P:25 SP:F9 PPU:215,251 CYC:24522
< FB35  F0 3E     BEQ $FB75                       A:56 X:FF Y:F9 P:25 SP:F9 PPU:215,257 CYC:24524
< FB37  30 3C     BMI $FB75                       A:56 X:FF Y:F9 P:25 SP:F9 PPU:215,263 CYC:24526
< FB39  90 3A     BCC $FB75                       A:56 X:FF Y:F9 P:25 SP:F9 PPU:215,269 CYC:24528
< FB3B  C9 56     CMP #$56                        A:56 X:FF Y:F9 P:25 SP:F9 PPU:215,275 CYC:24530
< FB3D  D0 36     BNE $FB75                       A:56 X:FF Y:F9 P:27 SP:F9 PPU:215,281 CYC:24532
< FB3F  60        RTS                             A:56 X:FF Y:F9 P:27 SP:F9 PPU:215,287 CYC:24534
< F4C4  AD 47 06  LDA $0647 = 14                  A:56 X:FF Y:F9 P:27 SP:FB PPU:215,305 CYC:24540
< F4C7  C9 14     CMP #$14                        A:14 X:FF Y:F9 P:25 SP:FB PPU:215,317 CYC:24544
< F4C9  F0 02     BEQ $F4CD                       A:14 X:FF Y:F9 P:27 SP:FB PPU:215,323 CYC:24546
< F4CD  A0 FF     LDY #$FF                        A:14 X:FF Y:F9 P:27 SP:FB PPU:215,332 CYC:24549
< F4CF  A9 37     LDA #$37                        A:14 X:FF Y:FF P:A5 SP:FB PPU:215,338 CYC:24551
< F4D1  8D 47 06  STA $0647 = 14                  A:37 X:FF Y:FF P:25 SP:FB PPU:216,  3 CYC:24553
< F4D4  20 40 FB  JSR $FB40                       A:37 X:FF Y:FF P:25 SP:FB PPU:216, 15 CYC:24557
< FB40  24 01     BIT $01 = FF                    A:37 X:FF Y:FF P:25 SP:F9 PPU:216, 33 CYC:24563
< FB42  38        SEC                             A:37 X:FF Y:FF P:E5 SP:F9 PPU:216, 42 CYC:24566
< FB43  A9 75     LDA #$75                        A:37 X:FF Y:FF P:E5 SP:F9 PPU:216, 48 CYC:24568
< FB45  60        RTS                             A:75 X:FF Y:FF P:65 SP:F9 PPU:216, 54 CYC:24570
< F4D7  5B 48 05 *SRE $0548,Y @ 0647 = 37         A:75 X:FF Y:FF P:65 SP:FB PPU:216, 72 CYC:24576
< F4DA  EA        NOP                             A:6E X:FF Y:FF P:65 SP:FB PPU:216, 93 CYC:24583
< F4DB  EA        NOP                             A:6E X:FF Y:FF P:65 SP:FB PPU:216, 99 CYC:24585
< F4DC  08        PHP                             A:6E X:FF Y:FF P:65 SP:FB PPU:216,105 CYC:24587
< F4DD  48        PHA                             A:6E X:FF Y:FF P:65 SP:FA PPU:216,114 CYC:24590
< F4DE  A0 FA     LDY #$FA                        A:6E X:FF Y:FF P:65 SP:F9 PPU:216,123 CYC:24593
< F4E0  68        PLA                             A:6E X:FF Y:FA P:E5 SP:F9 PPU:216,129 CYC:24595
< F4E1  28        PLP                             A:6E X:FF Y:FA P:65 SP:FA PPU:216,141 CYC:24599
< F4E2  20 46 FB  JSR $FB46                       A:6E X:FF Y:FA P:65 SP:FB PPU:216,153 CYC:24603
< FB46  50 2D     BVC $FB75                       A:6E X:FF Y:FA P:65 SP:F9 PPU:216,171 CYC:24609
< FB48  F0 2B     BEQ $FB75                       A:6E X:FF Y:FA P:65 SP:F9 PPU:216,177 CYC:24611
< FB4A  30 29     BMI $FB75                       A:6E X:FF Y:FA P:65 SP:F9 PPU:216,183 CYC:24613
< FB4C  90 27     BCC $FB75                       A:6E X:FF Y:FA P:65 SP:F9 PPU:216,189 CYC:24615
< FB4E  C9 6E     CMP #$6E                        A:6E X:FF Y:FA P:65 SP:F9 PPU:216,195 CYC:24617
< FB50  D0 23     BNE $FB75                       A:6E X:FF Y:FA P:67 SP:F9 PPU:216,201 CYC:24619
< FB52  60        RTS                             A:6E X:FF Y:FA P:67 SP:F9 PPU:216,207 CYC:24621
< F4E5  AD 47 06  LDA $0647 = 1B                  A:6E X:FF Y:FA P:67 SP:FB PPU:216,225 CYC:24627
< F4E8  C9 1B     CMP #$1B                        A:1B X:FF Y:FA P:65 SP:FB PPU:216,237 CYC:24631
< F4EA  F0 02     BEQ $F4EE                       A:1B X:FF Y:FA P:67 SP:FB PPU:216,243 CYC:24633
< F4EE  A0 FB     LDY #$FB                        A:1B X:FF Y:FA P:67 SP:FB PPU:216,252 CYC:24636
< F4F0  A2 FF     LDX #$FF                        A:1B X:FF Y:FB P:E5 SP:FB PPU:216,258 CYC:24638
< F4F2  A9 A5     LDA #$A5                        A:1B X:FF Y:FB P:E5 SP:FB PPU:216,264 CYC:24640
< F4F4  8D 47 06  STA $0647 = 1B                  A:A5 X:FF Y:FB P:E5 SP:FB PPU:216,270 CYC:24642
< F4F7  20 1D FB  JSR $FB1D                       A:A5 X:FF Y:FB P:E5 SP:FB PPU:216,282 CYC:24646
< FB1D  24 01     BIT $01 = FF                    A:A5 X:FF Y:FB P:E5 SP:F9 PPU:216,300 CYC:24652
< FB1F  18        CLC                             A:A5 X:FF Y:FB P:E5 SP:F9 PPU:216,309 CYC:24655
< FB20  A9 B3     LDA #$B3                        A:A5 X:FF Y:FB P:E4 SP:F9 PPU:216,315 CYC:24657
< FB22  60        RTS                             A:B3 X:FF Y:FB P:E4 SP:F9 PPU:216,321 CYC:24659
< F4FA  5F 48 05 *SRE $0548,X @ 0647 = A5         A:B3 X:FF Y:FB P:E4 SP:FB PPU:216,339 CYC:24665
< F4FD  EA        NOP                             A:E1 X:FF Y:FB P:E5 SP:FB PPU:217, 19 CYC:24672
< F4FE  EA        NOP                             A:E1 X:FF Y:FB P:E5 SP:FB PPU:217, 25 CYC:24674
< F4FF  EA        NOP                             A:E1 X:FF Y:FB P:E5 SP:FB PPU:217, 31 CYC:24676
< F500  EA        NOP                             A:E1 X:FF Y:FB P:E5 SP:FB PPU:217, 37 CYC:24678
< F501  20 23 FB  JSR $FB23                       A:E1 X:FF Y:FB P:E5 SP:FB PPU:217, 43 CYC:24680
< FB23  50 50     BVC $FB75                       A:E1 X:FF Y:FB P:E5 SP:F9 PPU:217, 61 CYC:24686
< FB25  90 4E     BCC $FB75                       A:E1 X:FF Y:FB P:E5 SP:F9 PPU:217, 67 CYC:24688
< FB27  10 4C     BPL $FB75                       A:E1 X:FF Y:FB P:E5 SP:F9 PPU:217, 73 CYC:24690
< FB29  C9 E1     CMP #$E1                        A:E1 X:FF Y:FB P:E5 SP:F9 PPU:217, 79 CYC:24692
< FB2B  D0 48     BNE $FB75                       A:E1 X:FF Y:FB P:67 SP:F9 PPU:217, 85 CYC:24694
< FB2D  60        RTS                             A:E1 X:FF Y:FB P:67 SP:F9 PPU:217, 91 CYC:24696
< F504  AD 47 06  LDA $0647 = 52                  A:E1 X:FF Y:FB P:67 SP:FB PPU:217,109 CYC:24702
< F507  C9 52     CMP #$52                        A:52 X:FF Y:FB P:65 SP:FB PPU:217,121 CYC:24706
< F509  F0 02     BEQ $F50D                       A:52 X:FF Y:FB P:67 SP:FB PPU:217,127 CYC:24708
< F50D  C8        INY                             A:52 X:FF Y:FB P:67 SP:FB PPU:217,136 CYC:24711
< F50E  A9 29     LDA #$29                        A:52 X:FF Y:FC P:E5 SP:FB PPU:217,142 CYC:24713
< F510  8D 47 06  STA $0647 = 52                  A:29 X:FF Y:FC P:65 SP:FB PPU:217,148 CYC:24715
< F513  20 2E FB  JSR $FB2E                       A:29 X:FF Y:FC P:65 SP:FB PPU:217,160 CYC:24719
< FB2E  B8        CLV                             A:29 X:FF Y:FC P:65 SP:F9 PPU:217,178 CYC:24725
< FB2F  18        CLC                             A:29 X:FF Y:FC P:25 SP:F9 PPU:217,184 CYC:24727
< FB30  A9 42     LDA #$42                        A:29 X:FF Y:FC P:24 SP:F9 PPU:217,190 CYC:24729
< FB32  60        RTS                             A:42 X:FF Y:FC P:24 SP:F9 PPU:217,196 CYC:24731
< F516  5F 48 05 *SRE $0548,X @ 0647 = 29         A:42 X:FF Y:FC P:24 SP:FB PPU:217,214 CYC:24737
< F519  EA        NOP                             A:56 X:FF Y:FC P:25 SP:FB PPU:217,235 CYC:24744
< F51A  EA        NOP                             A:56 X:FF Y:FC P:25 SP:FB PPU:217,241 CYC:24746
< F51B  EA        NOP                             A:56 X:FF Y:FC P:25 SP:FB PPU:217,247 CYC:24748
< F51C  EA        NOP                             A:56 X:FF Y:FC P:25 SP:FB PPU:217,253 CYC:24750
< F51D  20 33 FB  JSR $FB33                       A:56 X:FF Y:FC P:25 SP:FB PPU:217,259 CYC:24752
< FB33  70 40     BVS $FB75                       A:56 X:FF Y:FC P:25 SP:F9 PPU:217,277 CYC:24758
< FB35  F0 3E     BEQ $FB75                       A:56 X:FF Y:FC P:25 SP:F9 PPU:217,283 CYC:24760
< FB37  30 3C     BMI $FB75                       A:56 X:FF Y:FC P:25 SP:F9 PPU:217,289 CYC:24762
< FB39  90 3A     BCC $FB75                       A:56 X:FF Y:FC P:25 SP:F9 PPU:217,295 CYC:24764
< FB3B  C9 56     CMP #$56                        A:56 X:FF Y:FC P:25 SP:F9 PPU:217,301 CYC:24766
< FB3D  D0 36     BNE $FB75                       A:56 X:FF Y:FC P:27 SP:F9 PPU:217,307 CYC:24768
< FB3F  60        RTS                             A:56 X:FF Y:FC P:27 SP:F9 PPU:217,313 CYC:24770
< F520  AD 47 06  LDA $0647 = 14                  A:56 X:FF Y:FC P:27 SP:FB PPU:217,331 CYC:24776
< F523  C9 14     CMP #$14                        A:14 X:FF Y:FC P:25 SP:FB PPU:218,  2 CYC:24780
< F525  F0 02     BEQ $F529                       A:14 X:FF Y:FC P:27 SP:FB PPU:218,  8 CYC:24782
< F529  C8        INY                             A:14 X:FF Y:FC P:27 SP:FB PPU:218, 17 CYC:24785
< F52A  A9 37     LDA #$37                        A:14 X:FF Y:FD P:A5 SP:FB PPU:218, 23 CYC:24787
< F52C  8D 47 06  STA $0647 = 14                  A:37 X:FF Y:FD P:25 SP:FB PPU:218, 29 CYC:24789
< F52F  20 40 FB  JSR $FB40                       A:37 X:FF Y:FD P:25 SP:FB PPU:218, 41 CYC:24793
< FB40  24 01     BIT $01 = FF                    A:37 X:FF Y:FD P:25 SP:F9 PPU:218, 59 CYC:24799
< FB42  38        SEC                             A:37 X:FF Y:FD P:E5 SP:F9 PPU:218, 68 CYC:24802
< FB43  A9 75     LDA #$75                        A:37 X:FF Y:FD P:E5 SP:F9 PPU:218, 74 CYC:24804
< FB45  60        RTS                             A:75 X:FF Y:FD P:65 SP:F9 PPU:218, 80 CYC:24806
< F532  5F 48 05 *SRE $0548,X @ 0647 = 37         A:75 X:FF Y:FD P:65 SP:FB PPU:218, 98 CYC:24812
< F535  EA        NOP                             A:6E X:FF Y:FD P:65 SP:FB PPU:218,119 CYC:24819
< F536  EA        NOP                             A:6E X:FF Y:FD P:65 SP:FB PPU:218,125 CYC:24821
< F537  EA        NOP                             A:6E X:FF Y:FD P:65 SP:FB PPU:218,131 CYC:24823
< F538  EA        NOP                             A:6E X:FF Y:FD P:65 SP:FB PPU:218,137 CYC:24825
< F539  20 46 FB  JSR $FB46                       A:6E X:FF Y:FD P:65 SP:FB PPU:218,143 CYC:24827
< FB46  50 2D     BVC $FB75                       A:6E X:FF Y:FD P:65 SP:F9 PPU:218,161 CYC:24833
< FB48  F0 2B     BEQ $FB75                       A:6E X:FF Y:FD P:65 SP:F9 PPU:218,167 CYC:24835
< FB4A  30 29     BMI $FB75                       A:6E X:FF Y:FD P:65 SP:F9 PPU:218,173 CYC:24837
< FB4C  90 27     BCC $FB75                       A:6E X:FF Y:FD P:65 SP:F9 PPU:218,179 CYC:24839
< FB4E  C9 6E     CMP #$6E                        A:6E X:FF Y:FD P:65 SP:F9 PPU:218,185 CYC:24841
< FB50  D0 23     BNE $FB75                       A:6E X:FF Y:FD P:67 SP:F9 PPU:218,191 CYC:24843
< FB52  60        RTS                             A:6E X:FF Y:FD P:67 SP:F9 PPU:218,197 CYC:24845
< F53C  AD 47 06  LDA $0647 = 1B                  A:6E X:FF Y:FD P:67 SP:FB PPU:218,215 CYC:24851
< F53F  C9 1B     CMP #$1B                        A:1B X:FF Y:FD P:65 SP:FB PPU:218,227 CYC:24855
< F541  F0 02     BEQ $F545                       A:1B X:FF Y:FD P:67 SP:FB PPU:218,233 CYC:24857
< F545  60        RTS                             A:1B X:FF Y:FD P:67 SP:FB PPU:218,242 CYC:24860
< C64A  A5 00     LDA $00 = 00                    A:1B X:FF Y:FD P:67 SP:FD PPU:218,260 CYC:24866
< C64C  85 11     STA $11 = 00                    A:00 X:FF Y:FD P:67 SP:FD PPU:218,269 CYC:24869
< C64E  A9 00     LDA #$00                        A:00 X:FF Y:FD P:67 SP:FD PPU:218,278 CYC:24872
< C650  85 00     STA $00 = 00                    A:00 X:FF Y:FD P:67 SP:FD PPU:218,284 CYC:24874
< C652  20 46 F5  JSR $F546                       A:00 X:FF Y:FD P:67 SP:FD PPU:218,293 CYC:24877
< F546  A9 FF     LDA #$FF                        A:00 X:FF Y:FD P:67 SP:FB PPU:218,311 CYC:24883
< F548  85 01     STA $01 = FF                    A:FF X:FF Y:FD P:E5 SP:FB PPU:218,317 CYC:24885
< F54A  A0 01     LDY #$01                        A:FF X:FF Y:FD P:E5 SP:FB PPU:218,326 CYC:24888
< F54C  A2 02     LDX #$02                        A:FF X:FF Y:01 P:65 SP:FB PPU:218,332 CYC:24890
< F54E  A9 47     LDA #$47                        A:FF X:02 Y:01 P:65 SP:FB PPU:218,338 CYC:24892
< F550  85 47     STA $47 = 1B                    A:47 X:02 Y:01 P:65 SP:FB PPU:219,  3 CYC:24894
< F552  A9 06     LDA #$06                        A:47 X:02 Y:01 P:65 SP:FB PPU:219, 12 CYC:24897
< F554  85 48     STA $48 = 06                    A:06 X:02 Y:01 P:65 SP:FB PPU:219, 18 CYC:24899
< F556  A9 A5     LDA #$A5                        A:06 X:02 Y:01 P:65 SP:FB PPU:219, 27 CYC:24902
< F558  8D 47 06  STA $0647 = 1B                  A:A5 X:02 Y:01 P:E5 SP:FB PPU:219, 33 CYC:24904
< F55B  20 E9 FA  JSR $FAE9                       A:A5 X:02 Y:01 P:E5 SP:FB PPU:219, 45 CYC:24908
< FAE9  24 01     BIT $01 = FF                    A:A5 X:02 Y:01 P:E5 SP:F9 PPU:219, 63 CYC:24914
< FAEB  18        CLC                             A:A5 X:02 Y:01 P:E5 SP:F9 PPU:219, 72 CYC:24917
< FAEC  A9 B2     LDA #$B2                        A:A5 X:02 Y:01 P:E4 SP:F9 PPU:219, 78 CYC:24919
< FAEE  60        RTS                             A:B2 X:02 Y:01 P:E4 SP:F9 PPU:219, 84 CYC:24921
< F55E  63 45    *RRA ($45,X) @ 47 = 0647 = A5    A:B2 X:02 Y:01 P:E4 SP:FB PPU:219,102 CYC:24927
< F560  EA        NOP                             A:05 X:02 Y:01 P:25 SP:FB PPU:219,126 CYC:24935
< F561  EA        NOP                             A:05 X:02 Y:01 P:25 SP:FB PPU:219,132 CYC:24937
< F562  EA        NOP                             A:05 X:02 Y:01 P:25 SP:FB PPU:219,138 CYC:24939
< F563  EA        NOP                             A:05 X:02 Y:01 P:25 SP:FB PPU:219,144 CYC:24941
< F564  20 EF FA  JSR $FAEF                       A:05 X:02 Y:01 P:25 SP:FB PPU:219,150 CYC:24943
< FAEF  70 2A     BVS $FB1B                       A:05 X:02 Y:01 P:25 SP:F9 PPU:219,168 CYC:24949
< FAF1  90 28     BCC $FB1B                       A:05 X:02 Y:01 P:25 SP:F9 PPU:219,174 CYC:24951
< FAF3  30 26     BMI $FB1B                       A:05 X:02 Y:01 P:25 SP:F9 PPU:219,180 CYC:24953
< FAF5  C9 05     CMP #$05                        A:05 X:02 Y:01 P:25 SP:F9 PPU:219,186 CYC:24955
< FAF7  D0 22     BNE $FB1B                       A:05 X:02 Y:01 P:27 SP:F9 PPU:219,192 CYC:24957
< FAF9  60        RTS                             A:05 X:02 Y:01 P:27 SP:F9 PPU:219,198 CYC:24959
< F567  AD 47 06  LDA $0647 = 52                  A:05 X:02 Y:01 P:27 SP:FB PPU:219,216 CYC:24965
< F56A  C9 52     CMP #$52                        A:52 X:02 Y:01 P:25 SP:FB PPU:219,228 CYC:24969
< F56C  F0 02     BEQ $F570                       A:52 X:02 Y:01 P:27 SP:FB PPU:219,234 CYC:24971
< F570  C8        INY                             A:52 X:02 Y:01 P:27 SP:FB PPU:219,243 CYC:24974
< F571  A9 29     LDA #$29                        A:52 X:02 Y:02 P:25 SP:FB PPU:219,249 CYC:24976
< F573  8D 47 06  STA $0647 = 52                  A:29 X:02 Y:02 P:25 SP:FB PPU:219,255 CYC:24978
< F576  20 FA FA  JSR $FAFA                       A:29 X:02 Y:02 P:25 SP:FB PPU:219,267 CYC:24982
< FAFA  B8        CLV                             A:29 X:02 Y:02 P:25 SP:F9 PPU:219,285 CYC:24988
< FAFB  18        CLC                             A:29 X:02 Y:02 P:25 SP:F9 PPU:219,291 CYC:24990
< FAFC  A9 42     LDA #$42                        A:29 X:02 Y:02 P:24 SP:F9 PPU:219,297 CYC:24992
< FAFE  60        RTS                             A:42 X:02 Y:02 P:24 SP:F9 PPU:219,303 CYC:24994
< F579  63 45    *RRA ($45,X) @ 47 = 0647 = 29    A:42 X:02 Y:02 P:24 SP:FB PPU:219,321 CYC:25000
< F57B  EA        NOP                             A:57 X:02 Y:02 P:24 SP:FB PPU:220,  4 CYC:25008
< F57C  EA        NOP                             A:57 X:02 Y:02 P:24 SP:FB PPU:220, 10 CYC:25010
< F57D  EA        NOP                             A:57 X:02 Y:02 P:24 SP:FB PPU:220, 16 CYC:25012
< F57E  EA        NOP                             A:57 X:02 Y:02 P:24 SP:FB PPU:220, 22 CYC:25014
< F57F  20 FF FA  JSR $FAFF                       A:57 X:02 Y:02 P:24 SP:FB PPU:220, 28 CYC:25016
< FAFF  70 1A     BVS $FB1B                       A:57 X:02 Y:02 P:24 SP:F9 PPU:220, 46 CYC:25022
< FB01  30 18     BMI $FB1B                       A:57 X:02 Y:02 P:24 SP:F9 PPU:220, 52 CYC:25024
< FB03  B0 16     BCS $FB1B                       A:57 X:02 Y:02 P:24 SP:F9 PPU:220, 58 CYC:25026
< FB05  C9 57     CMP #$57                        A:57 X:02 Y:02 P:24 SP:F9 PPU:220, 64 CYC:25028
< FB07  D0 12     BNE $FB1B                       A:57 X:02 Y:02 P:27 SP:F9 PPU:220, 70 CYC:25030
< FB09  60        RTS                             A:57 X:02 Y:02 P:27 SP:F9 PPU:220, 76 CYC:25032
< F582  AD 47 06  LDA $0647 = 14                  A:57 X:02 Y:02 P:27 SP:FB PPU:220, 94 CYC:25038
< F585  C9 14     CMP #$14                        A:14 X:02 Y:02 P:25 SP:FB PPU:220,106 CYC:25042
< F587  F0 02     BEQ $F58B                       A:14 X:02 Y:02 P:27 SP:FB PPU:220,112 CYC:25044
< F58B  C8        INY                             A:14 X:02 Y:02 P:27 SP:FB PPU:220,121 CYC:25047
< F58C  A9 37     LDA #$37                        A:14 X:02 Y:03 P:25 SP:FB PPU:220,127 CYC:25049
< F58E  8D 47 06  STA $0647 = 14                  A:37 X:02 Y:03 P:25 SP:FB PPU:220,133 CYC:25051
< F591  20 0A FB  JSR $FB0A                       A:37 X:02 Y:03 P:25 SP:FB PPU:220,145 CYC:25055
< FB0A  24 01     BIT $01 = FF                    A:37 X:02 Y:03 P:25 SP:F9 PPU:220,163 CYC:25061
< FB0C  38        SEC                             A:37 X:02 Y:03 P:E5 SP:F9 PPU:220,172 CYC:25064
< FB0D  A9 75     LDA #$75                        A:37 X:02 Y:03 P:E5 SP:F9 PPU:220,178 CYC:25066
< FB0F  60        RTS                             A:75 X:02 Y:03 P:65 SP:F9 PPU:220,184 CYC:25068
< F594  63 45    *RRA ($45,X) @ 47 = 0647 = 37    A:75 X:02 Y:03 P:65 SP:FB PPU:220,202 CYC:25074
< F596  EA        NOP                             A:11 X:02 Y:03 P:25 SP:FB PPU:220,226 CYC:25082
< F597  EA        NOP                             A:11 X:02 Y:03 P:25 SP:FB PPU:220,232 CYC:25084
< F598  EA        NOP                             A:11 X:02 Y:03 P:25 SP:FB PPU:220,238 CYC:25086
< F599  EA        NOP                             A:11 X:02 Y:03 P:25 SP:FB PPU:220,244 CYC:25088
< F59A  20 10 FB  JSR $FB10                       A:11 X:02 Y:03 P:25 SP:FB PPU:220,250 CYC:25090
< FB10  70 09     BVS $FB1B                       A:11 X:02 Y:03 P:25 SP:F9 PPU:220,268 CYC:25096
< FB12  30 07     BMI $FB1B                       A:11 X:02 Y:03 P:25 SP:F9 PPU:220,274 CYC:25098
< FB14  90 05     BCC $FB1B                       A:11 X:02 Y:03 P:25 SP:F9 PPU:220,280 CYC:25100
< FB16  C9 11     CMP #$11                        A:11 X:02 Y:03 P:25 SP:F9 PPU:220,286 CYC:25102
< FB18  D0 01     BNE $FB1B                       A:11 X:02 Y:03 P:27 SP:F9 PPU:220,292 CYC:25104
< FB1A  60        RTS                             A:11 X:02 Y:03 P:27 SP:F9 PPU:220,298 CYC:25106
< F59D  AD 47 06  LDA $0647 = 9B                  A:11 X:02 Y:03 P:27 SP:FB PPU:220,316 CYC:25112
< F5A0  C9 9B     CMP #$9B                        A:9B X:02 Y:03 P:A5 SP:FB PPU:220,328 CYC:25116
< F5A2  F0 02     BEQ $F5A6                       A:9B X:02 Y:03 P:27 SP:FB PPU:220,334 CYC:25118
< F5A6  C8        INY                             A:9B X:02 Y:03 P:27 SP:FB PPU:221,  2 CYC:25121
< F5A7  A9 A5     LDA #$A5                        A:9B X:02 Y:04 P:25 SP:FB PPU:221,  8 CYC:25123
< F5A9  85 47     STA $47 = 47                    A:A5 X:02 Y:04 P:A5 SP:FB PPU:221, 14 CYC:25125
< F5AB  20 E9 FA  JSR $FAE9                       A:A5 X:02 Y:04 P:A5 SP:FB PPU:221, 23 CYC:25128
< FAE9  24 01     BIT $01 = FF                    A:A5 X:02 Y:04 P:A5 SP:F9 PPU:221, 41 CYC:25134
< FAEB  18        CLC                             A:A5 X:02 Y:04 P:E5 SP:F9 PPU:221, 50 CYC:25137
< FAEC  A9 B2     LDA #$B2                        A:A5 X:02 Y:04 P:E4 SP:F9 PPU:221, 56 CYC:25139
< FAEE  60        RTS                             A:B2 X:02 Y:04 P:E4 SP:F9 PPU:221, 62 CYC:25141
< F5AE  67 47    *RRA $47 = A5                    A:B2 X:02 Y:04 P:E4 SP:FB PPU:221, 80 CYC:25147
< F5B0  EA        NOP                             A:05 X:02 Y:04 P:25 SP:FB PPU:221, 95 CYC:25152
< F5B1  EA        NOP                             A:05 X:02 Y:04 P:25 SP:FB PPU:221,101 CYC:25154
< F5B2  EA        NOP                             A:05 X:02 Y:04 P:25 SP:FB PPU:221,107 CYC:25156
< F5B3  EA        NOP                             A:05 X:02 Y:04 P:25 SP:FB PPU:221,113 CYC:25158
< F5B4  20 EF FA  JSR $FAEF                       A:05 X:02 Y:04 P:25 SP:FB PPU:221,119 CYC:25160
< FAEF  70 2A     BVS $FB1B                       A:05 X:02 Y:04 P:25 SP:F9 PPU:221,137 CYC:25166
< FAF1  90 28     BCC $FB1B                       A:05 X:02 Y:04 P:25 SP:F9 PPU:221,143 CYC:25168
< FAF3  30 26     BMI $FB1B                       A:05 X:02 Y:04 P:25 SP:F9 PPU:221,149 CYC:25170
< FAF5  C9 05     CMP #$05                        A:05 X:02 Y:04 P:25 SP:F9 PPU:221,155 CYC:25172
< FAF7  D0 22     BNE $FB1B                       A:05 X:02 Y:04 P:27 SP:F9 PPU:221,161 CYC:25174
< FAF9  60        RTS                             A:05 X:02 Y:04 P:27 SP:F9 PPU:221,167 CYC:25176
< F5B7  A5 47     LDA $47 = 52                    A:05 X:02 Y:04 P:27 SP:FB PPU:221,185 CYC:25182
< F5B9  C9 52     CMP #$52                        A:52 X:02 Y:04 P:25 SP:FB PPU:221,194 CYC:25185
< F5BB  F0 02     BEQ $F5BF                       A:52 X:02 Y:04 P:27 SP:FB PPU:221,200 CYC:25187
< F5BF  C8        INY                             A:52 X:02 Y:04 P:27 SP:FB PPU:221,209 CYC:25190
< F5C0  A9 29     LDA #$29                        A:52 X:02 Y:05 P:25 SP:FB PPU:221,215 CYC:25192
< F5C2  85 47     STA $47 = 52                    A:29 X:02 Y:05 P:25 SP:FB PPU:221,221 CYC:25194
< F5C4  20 FA FA  JSR $FAFA                       A:29 X:02 Y:05 P:25 SP:FB PPU:221,230 CYC:25197
< FAFA  B8        CLV                             A:29 X:02 Y:05 P:25 SP:F9 PPU:221,248 CYC:25203
< FAFB  18        CLC                             A:29 X:02 Y:05 P:25 SP:F9 PPU:221,254 CYC:25205
< FAFC  A9 42     LDA #$42                        A:29 X:02 Y:05 P:24 SP:F9 PPU:221,260 CYC:25207
< FAFE  60        RTS                             A:42 X:02 Y:05 P:24 SP:F9 PPU:221,266 CYC:25209
< F5C7  67 47    *RRA $47 = 29                    A:42 X:02 Y:05 P:24 SP:FB PPU:221,284 CYC:25215
< F5C9  EA        NOP                             A:57 X:02 Y:05 P:24 SP:FB PPU:221,299 CYC:25220
< F5CA  EA        NOP                             A:57 X:02 Y:05 P:24 SP:FB PPU:221,305 CYC:25222
< F5CB  EA        NOP                             A:57 X:02 Y:05 P:24 SP:FB PPU:221,311 CYC:25224
< F5CC  EA        NOP                             A:57 X:02 Y:05 P:24 SP:FB PPU:221,317 CYC:25226
< F5CD  20 FF FA  JSR $FAFF                       A:57 X:02 Y:05 P:24 SP:FB PPU:221,323 CYC:25228
< FAFF  70 1A     BVS $FB1B                       A:57 X:02 Y:05 P:24 SP:F9 PPU:222,  0 CYC:25234
< FB01  30 18     BMI $FB1B                       A:57 X:02 Y:05 P:24 SP:F9 PPU:222,  6 CYC:25236
< FB03  B0 16     BCS $FB1B                       A:57 X:02 Y:05 P:24 SP:F9 PPU:222, 12 CYC:25238
< FB05  C9 57     CMP #$57                        A:57 X:02 Y:05 P:24 SP:F9 PPU:222, 18 CYC:25240
< FB07  D0 12     BNE $FB1B                       A:57 X:02 Y:05 P:27 SP:F9 PPU:222, 24 CYC:25242
< FB09  60        RTS                             A:57 X:02 Y:05 P:27 SP:F9 PPU:222, 30 CYC:25244
< F5D0  A5 47     LDA $47 = 14                    A:57 X:02 Y:05 P:27 SP:FB PPU:222, 48 CYC:25250
< F5D2  C9 14     CMP #$14                        A:14 X:02 Y:05 P:25 SP:FB PPU:222, 57 CYC:25253
< F5D4  F0 02     BEQ $F5D8                       A:14 X:02 Y:05 P:27 SP:FB PPU:222, 63 CYC:25255
< F5D8  C8        INY                             A:14 X:02 Y:05 P:27 SP:FB PPU:222, 72 CYC:25258
< F5D9  A9 37     LDA #$37                        A:14 X:02 Y:06 P:25 SP:FB PPU:222, 78 CYC:25260
< F5DB  85 47     STA $47 = 14                    A:37 X:02 Y:06 P:25 SP:FB PPU:222, 84 CYC:25262
< F5DD  20 0A FB  JSR $FB0A                       A:37 X:02 Y:06 P:25 SP:FB PPU:222, 93 CYC:25265
< FB0A  24 01     BIT $01 = FF                    A:37 X:02 Y:06 P:25 SP:F9 PPU:222,111 CYC:25271
< FB0C  38        SEC                             A:37 X:02 Y:06 P:E5 SP:F9 PPU:222,120 CYC:25274
< FB0D  A9 75     LDA #$75                        A:37 X:02 Y:06 P:E5 SP:F9 PPU:222,126 CYC:25276
< FB0F  60        RTS                             A:75 X:02 Y:06 P:65 SP:F9 PPU:222,132 CYC:25278
< F5E0  67 47    *RRA $47 = 37                    A:75 X:02 Y:06 P:65 SP:FB PPU:222,150 CYC:25284
< F5E2  EA        NOP                             A:11 X:02 Y:06 P:25 SP:FB PPU:222,165 CYC:25289
< F5E3  EA        NOP                             A:11 X:02 Y:06 P:25 SP:FB PPU:222,171 CYC:25291
< F5E4  EA        NOP                             A:11 X:02 Y:06 P:25 SP:FB PPU:222,177 CYC:25293
< F5E5  EA        NOP                             A:11 X:02 Y:06 P:25 SP:FB PPU:222,183 CYC:25295
< F5E6  20 10 FB  JSR $FB10                       A:11 X:02 Y:06 P:25 SP:FB PPU:222,189 CYC:25297
< FB10  70 09     BVS $FB1B                       A:11 X:02 Y:06 P:25 SP:F9 PPU:222,207 CYC:25303
< FB12  30 07     BMI $FB1B                       A:11 X:02 Y:06 P:25 SP:F9 PPU:222,213 CYC:25305
< FB14  90 05     BCC $FB1B                       A:11 X:02 Y:06 P:25 SP:F9 PPU:222,219 CYC:25307
< FB16  C9 11     CMP #$11                        A:11 X:02 Y:06 P:25 SP:F9 PPU:222,225 CYC:25309
< FB18  D0 01     BNE $FB1B                       A:11 X:02 Y:06 P:27 SP:F9 PPU:222,231 CYC:25311
< FB1A  60        RTS                             A:11 X:02 Y:06 P:27 SP:F9 PPU:222,237 CYC:25313
< F5E9  A5 47     LDA $47 = 9B                    A:11 X:02 Y:06 P:27 SP:FB PPU:222,255 CYC:25319
< F5EB  C9 9B     CMP #$9B                        A:9B X:02 Y:06 P:A5 SP:FB PPU:222,264 CYC:25322
< F5ED  F0 02     BEQ $F5F1                       A:9B X:02 Y:06 P:27 SP:FB PPU:222,270 CYC:25324
< F5F1  C8        INY                             A:9B X:02 Y:06 P:27 SP:FB PPU:222,279 CYC:25327
< F5F2  A9 A5     LDA #$A5                        A:9B X:02 Y:07 P:25 SP:FB PPU:222,285 CYC:25329
< F5F4  8D 47 06  STA $0647 = 9B                  A:A5 X:02 Y:07 P:A5 SP:FB PPU:222,291 CYC:25331
< F5F7  20 E9 FA  JSR $FAE9                       A:A5 X:02 Y:07 P:A5 SP:FB PPU:222,303 CYC:25335
< FAE9  24 01     BIT $01 = FF                    A:A5 X:02 Y:07 P:A5 SP:F9 PPU:222,321 CYC:25341
< FAEB  18        CLC                             A:A5 X:02 Y:07 P:E5 SP:F9 PPU:222,330 CYC:25344
< FAEC  A9 B2     LDA #$B2                        A:A5 X:02 Y:07 P:E4 SP:F9 PPU:222,336 CYC:25346
< FAEE  60        RTS                             A:B2 X:02 Y:07 P:E4 SP:F9 PPU:223,  1 CYC:25348
< F5FA  6F 47 06 *RRA $0647 = A5                  A:B2 X:02 Y:07 P:E4 SP:FB PPU:223, 19 CYC:25354
< F5FD  EA        NOP                             A:05 X:02 Y:07 P:25 SP:FB PPU:223, 37 CYC:25360
< F5FE  EA        NOP                             A:05 X:02 Y:07 P:25 SP:FB PPU:223, 43 CYC:25362
< F5FF  EA        NOP                             A:05 X:02 Y:07 P:25 SP:FB PPU:223, 49 CYC:25364
< F600  EA        NOP                             A:05 X:02 Y:07 P:25 SP:FB PPU:223, 55 CYC:25366
< F601  20 EF FA  JSR $FAEF                       A:05 X:02 Y:07 P:25 SP:FB PPU:223, 61 CYC:25368
< FAEF  70 2A     BVS $FB1B                       A:05 X:02 Y:07 P:25 SP:F9 PPU:223, 79 CYC:25374
< FAF1  90 28     BCC $FB1B                       A:05 X:02 Y:07 P:25 SP:F9 PPU:223, 85 CYC:25376
< FAF3  30 26     BMI $FB1B                       A:05 X:02 Y:07 P:25 SP:F9 PPU:223, 91 CYC:25378
< FAF5  C9 05     CMP #$05                        A:05 X:02 Y:07 P:25 SP:F9 PPU:223, 97 CYC:25380
< FAF7  D0 22     BNE $FB1B                       A:05 X:02 Y:07 P:27 SP:F9 PPU:223,103 CYC:25382
< FAF9  60        RTS                             A:05 X:02 Y:07 P:27 SP:F9 PPU:223,109 CYC:25384
< F604  AD 47 06  LDA $0647 = 52                  A:05 X:02 Y:07 P:27 SP:FB PPU:223,127 CYC:25390
< F607  C9 52     CMP #$52                        A:52 X:02 Y:07 P:25 SP:FB PPU:223,139 CYC:25394
< F609  F0 02     BEQ $F60D                       A:52 X:02 Y:07 P:27 SP:FB PPU:223,145 CYC:25396
< F60D  C8        INY                             A:52 X:02 Y:07 P:27 SP:FB PPU:223,154 CYC:25399
< F60E  A9 29     LDA #$29                        A:52 X:02 Y:08 P:25 SP:FB PPU:223,160 CYC:25401
< F610  8D 47 06  STA $0647 = 52                  A:29 X:02 Y:08 P:25 SP:FB PPU:223,166 CYC:25403
< F613  20 FA FA  JSR $FAFA                       A:29 X:02 Y:08 P:25 SP:FB PPU:223,178 CYC:25407
< FAFA  B8        CLV                             A:29 X:02 Y:08 P:25 SP:F9 PPU:223,196 CYC:25413
< FAFB  18        CLC                             A:29 X:02 Y:08 P:25 SP:F9 PPU:223,202 CYC:25415
< FAFC  A9 42     LDA #$42                        A:29 X:02 Y:08 P:24 SP:F9 PPU:223,208 CYC:25417
< FAFE  60        RTS                             A:42 X:02 Y:08 P:24 SP:F9 PPU:223,214 CYC:25419
< F616  6F 47 06 *RRA $0647 = 29                  A:42 X:02 Y:08 P:24 SP:FB PPU:223,232 CYC:25425
< F619  EA        NOP                             A:57 X:02 Y:08 P:24 SP:FB PPU:223,250 CYC:25431
< F61A  EA        NOP                             A:57 X:02 Y:08 P:24 SP:FB PPU:223,256 CYC:25433
< F61B  EA        NOP                             A:57 X:02 Y:08 P:24 SP:FB PPU:223,262 CYC:25435
< F61C  EA        NOP                             A:57 X:02 Y:08 P:24 SP:FB PPU:223,268 CYC:25437
< F61D  20 FF FA  JSR $FAFF                       A:57 X:02 Y:08 P:24 SP:FB PPU:223,274 CYC:25439
< FAFF  70 1A     BVS $FB1B                       A:57 X:02 Y:08 P:24 SP:F9 PPU:223,292 CYC:25445
< FB01  30 18     BMI $FB1B                       A:57 X:02 Y:08 P:24 SP:F9 PPU:223,298 CYC:25447
< FB03  B0 16     BCS $FB1B                       A:57 X:02 Y:08 P:24 SP:F9 PPU:223,304 CYC:25449
< FB05  C9 57     CMP #$57                        A:57 X:02 Y:08 P:24 SP:F9 PPU:223,310 CYC:25451
< FB07  D0 12     BNE $FB1B                       A:57 X:02 Y:08 P:27 SP:F9 PPU:223,316 CYC:25453
< FB09  60        RTS                             A:57 X:02 Y:08 P:27 SP:F9 PPU:223,322 CYC:25455
< F620  AD 47 06  LDA $0647 = 14                  A:57 X:02 Y:08 P:27 SP:FB PPU:223,340 CYC:25461
< F623  C9 14     CMP #$14                        A:14 X:02 Y:08 P:25 SP:FB PPU:224, 11 CYC:25465
< F625  F0 02     BEQ $F629                       A:14 X:02 Y:08 P:27 SP:FB PPU:224, 17 CYC:25467
< F629  C8        INY                             A:14 X:02 Y:08 P:27 SP:FB PPU:224, 26 CYC:25470
< F62A  A9 37     LDA #$37                        A:14 X:02 Y:09 P:25 SP:FB PPU:224, 32 CYC:25472
< F62C  8D 47 06  STA $0647 = 14                  A:37 X:02 Y:09 P:25 SP:FB PPU:224, 38 CYC:25474
< F62F  20 0A FB  JSR $FB0A                       A:37 X:02 Y:09 P:25 SP:FB PPU:224, 50 CYC:25478
< FB0A  24 01     BIT $01 = FF                    A:37 X:02 Y:09 P:25 SP:F9 PPU:224, 68 CYC:25484
< FB0C  38        SEC                             A:37 X:02 Y:09 P:E5 SP:F9 PPU:224, 77 CYC:25487
< FB0D  A9 75     LDA #$75                        A:37 X:02 Y:09 P:E5 SP:F9 PPU:224, 83 CYC:25489
< FB0F  60        RTS                             A:75 X:02 Y:09 P:65 SP:F9 PPU:224, 89 CYC:25491
< F632  6F 47 06 *RRA $0647 = 37                  A:75 X:02 Y:09 P:65 SP:FB PPU:224,107 CYC:25497
< F635  EA        NOP                             A:11 X:02 Y:09 P:25 SP:FB PPU:224,125 CYC:25503
< F636  EA        NOP                             A:11 X:02 Y:09 P:25 SP:FB PPU:224,131 CYC:25505
< F637  EA        NOP                             A:11 X:02 Y:09 P:25 SP:FB PPU:224,137 CYC:25507
< F638  EA        NOP                             A:11 X:02 Y:09 P:25 SP:FB PPU:224,143 CYC:25509
< F639  20 10 FB  JSR $FB10                       A:11 X:02 Y:09 P:25 SP:FB PPU:224,149 CYC:25511
< FB10  70 09     BVS $FB1B                       A:11 X:02 Y:09 P:25 SP:F9 PPU:224,167 CYC:25517
< FB12  30 07     BMI $FB1B                       A:11 X:02 Y:09 P:25 SP:F9 PPU:224,173 CYC:25519
< FB14  90 05     BCC $FB1B                       A:11 X:02 Y:09 P:25 SP:F9 PPU:224,179 CYC:25521
< FB16  C9 11     CMP #$11                        A:11 X:02 Y:09 P:25 SP:F9 PPU:224,185 CYC:25523
< FB18  D0 01     BNE $FB1B                       A:11 X:02 Y:09 P:27 SP:F9 PPU:224,191 CYC:25525
< FB1A  60        RTS                             A:11 X:02 Y:09 P:27 SP:F9 PPU:224,197 CYC:25527
< F63C  AD 47 06  LDA $0647 = 9B                  A:11 X:02 Y:09 P:27 SP:FB PPU:224,215 CYC:25533
< F63F  C9 9B     CMP #$9B                        A:9B X:02 Y:09 P:A5 SP:FB PPU:224,227 CYC:25537
< F641  F0 02     BEQ $F645                       A:9B X:02 Y:09 P:27 SP:FB PPU:224,233 CYC:25539
< F645  A9 A5     LDA #$A5                        A:9B X:02 Y:09 P:27 SP:FB PPU:224,242 CYC:25542
< F647  8D 47 06  STA $0647 = 9B                  A:A5 X:02 Y:09 P:A5 SP:FB PPU:224,248 CYC:25544
< F64A  A9 48     LDA #$48                        A:A5 X:02 Y:09 P:A5 SP:FB PPU:224,260 CYC:25548
< F64C  85 45     STA $45 = 48                    A:48 X:02 Y:09 P:25 SP:FB PPU:224,266 CYC:25550
< F64E  A9 05     LDA #$05                        A:48 X:02 Y:09 P:25 SP:FB PPU:224,275 CYC:25553
< F650  85 46     STA $46 = 05                    A:05 X:02 Y:09 P:25 SP:FB PPU:224,281 CYC:25555
< F652  A0 FF     LDY #$FF                        A:05 X:02 Y:09 P:25 SP:FB PPU:224,290 CYC:25558
< F654  20 E9 FA  JSR $FAE9                       A:05 X:02 Y:FF P:A5 SP:FB PPU:224,296 CYC:25560
< FAE9  24 01     BIT $01 = FF                    A:05 X:02 Y:FF P:A5 SP:F9 PPU:224,314 CYC:25566
< FAEB  18        CLC                             A:05 X:02 Y:FF P:E5 SP:F9 PPU:224,323 CYC:25569
< FAEC  A9 B2     LDA #$B2                        A:05 X:02 Y:FF P:E4 SP:F9 PPU:224,329 CYC:25571
< FAEE  60        RTS                             A:B2 X:02 Y:FF P:E4 SP:F9 PPU:224,335 CYC:25573
< F657  73 45    *RRA ($45),Y = 0548 @ 0647 = A5  A:B2 X:02 Y:FF P:E4 SP:FB PPU:225, 12 CYC:25579
< F659  EA        NOP                             A:05 X:02 Y:FF P:25 SP:FB PPU:225, 36 CYC:25587
< F65A  EA        NOP                             A:05 X:02 Y:FF P:25 SP:FB PPU:225, 42 CYC:25589
< F65B  08        PHP                             A:05 X:02 Y:FF P:25 SP:FB PPU:225, 48 CYC:25591
< F65C  48        PHA                             A:05 X:02 Y:FF P:25 SP:FA PPU:225, 57 CYC:25594
< F65D  A0 0A     LDY #$0A                        A:05 X:02 Y:FF P:25 SP:F9 PPU:225, 66 CYC:25597
< F65F  68        PLA                             A:05 X:02 Y:0A P:25 SP:F9 PPU:225, 72 CYC:25599
< F660  28        PLP                             A:05 X:02 Y:0A P:25 SP:FA PPU:225, 84 CYC:25603
< F661  20 EF FA  JSR $FAEF                       A:05 X:02 Y:0A P:25 SP:FB PPU:225, 96 CYC:25607
< FAEF  70 2A     BVS $FB1B                       A:05 X:02 Y:0A P:25 SP:F9 PPU:225,114 CYC:25613
< FAF1  90 28     BCC $FB1B                       A:05 X:02 Y:0A P:25 SP:F9 PPU:225,120 CYC:25615
< FAF3  30 26     BMI $FB1B                       A:05 X:02 Y:0A P:25 SP:F9 PPU:225,126 CYC:25617
< FAF5  C9 05     CMP #$05                        A:05 X:02 Y:0A P:25 SP:F9 PPU:225,132 CYC:25619
< FAF7  D0 22     BNE $FB1B                       A:05 X:02 Y:0A P:27 SP:F9 PPU:225,138 CYC:25621
< FAF9  60        RTS                             A:05 X:02 Y:0A P:27 SP:F9 PPU:225,144 CYC:25623
< F664  AD 47 06  LDA $0647 = 52                  A:05 X:02 Y:0A P:27 SP:FB PPU:225,162 CYC:25629
< F667  C9 52     CMP #$52                        A:52 X:02 Y:0A P:25 SP:FB PPU:225,174 CYC:25633
< F669  F0 02     BEQ $F66D                       A:52 X:02 Y:0A P:27 SP:FB PPU:225,180 CYC:25635
< F66D  A0 FF     LDY #$FF                        A:52 X:02 Y:0A P:27 SP:FB PPU:225,189 CYC:25638
< F66F  A9 29     LDA #$29                        A:52 X:02 Y:FF P:A5 SP:FB PPU:225,195 CYC:25640
< F671  8D 47 06  STA $0647 = 52                  A:29 X:02 Y:FF P:25 SP:FB PPU:225,201 CYC:25642
< F674  20 FA FA  JSR $FAFA                       A:29 X:02 Y:FF P:25 SP:FB PPU:225,213 CYC:25646
< FAFA  B8        CLV                             A:29 X:02 Y:FF P:25 SP:F9 PPU:225,231 CYC:25652
< FAFB  18        CLC                             A:29 X:02 Y:FF P:25 SP:F9 PPU:225,237 CYC:25654
< FAFC  A9 42     LDA #$42                        A:29 X:02 Y:FF P:24 SP:F9 PPU:225,243 CYC:25656
< FAFE  60        RTS                             A:42 X:02 Y:FF P:24 SP:F9 PPU:225,249 CYC:25658
< F677  73 45    *RRA ($45),Y = 0548 @ 0647 = 29  A:42 X:02 Y:FF P:24 SP:FB PPU:225,267 CYC:25664
< F679  EA        NOP                             A:57 X:02 Y:FF P:24 SP:FB PPU:225,291 CYC:25672
< F67A  EA        NOP                             A:57 X:02 Y:FF P:24 SP:FB PPU:225,297 CYC:25674
< F67B  08        PHP                             A:57 X:02 Y:FF P:24 SP:FB PPU:225,303 CYC:25676
< F67C  48        PHA                             A:57 X:02 Y:FF P:24 SP:FA PPU:225,312 CYC:25679
< F67D  A0 0B     LDY #$0B                        A:57 X:02 Y:FF P:24 SP:F9 PPU:225,321 CYC:25682
< F67F  68        PLA                             A:57 X:02 Y:0B P:24 SP:F9 PPU:225,327 CYC:25684
< F680  28        PLP                             A:57 X:02 Y:0B P:24 SP:FA PPU:225,339 CYC:25688
< F681  20 FF FA  JSR $FAFF                       A:57 X:02 Y:0B P:24 SP:FB PPU:226, 10 CYC:25692
< FAFF  70 1A     BVS $FB1B                       A:57 X:02 Y:0B P:24 SP:F9 PPU:226, 28 CYC:25698
< FB01  30 18     BMI $FB1B                       A:57 X:02 Y:0B P:24 SP:F9 PPU:226, 34 CYC:25700
< FB03  B0 16     BCS $FB1B                       A:57 X:02 Y:0B P:24 SP:F9 PPU:226, 40 CYC:25702
< FB05  C9 57     CMP #$57                        A:57 X:02 Y:0B P:24 SP:F9 PPU:226, 46 CYC:25704
< FB07  D0 12     BNE $FB1B                       A:57 X:02 Y:0B P:27 SP:F9 PPU:226, 52 CYC:25706
< FB09  60        RTS                             A:57 X:02 Y:0B P:27 SP:F9 PPU:226, 58 CYC:25708
< F684  AD 47 06  LDA $0647 = 14                  A:57 X:02 Y:0B P:27 SP:FB PPU:226, 76 CYC:25714
< F687  C9 14     CMP #$14                        A:14 X:02 Y:0B P:25 SP:FB PPU:226, 88 CYC:25718
< F689  F0 02     BEQ $F68D                       A:14 X:02 Y:0B P:27 SP:FB PPU:226, 94 CYC:25720
< F68D  A0 FF     LDY #$FF                        A:14 X:02 Y:0B P:27 SP:FB PPU:226,103 CYC:25723
< F68F  A9 37     LDA #$37                        A:14 X:02 Y:FF P:A5 SP:FB PPU:226,109 CYC:25725
< F691  8D 47 06  STA $0647 = 14                  A:37 X:02 Y:FF P:25 SP:FB PPU:226,115 CYC:25727
< F694  20 0A FB  JSR $FB0A                       A:37 X:02 Y:FF P:25 SP:FB PPU:226,127 CYC:25731
< FB0A  24 01     BIT $01 = FF                    A:37 X:02 Y:FF P:25 SP:F9 PPU:226,145 CYC:25737
< FB0C  38        SEC                             A:37 X:02 Y:FF P:E5 SP:F9 PPU:226,154 CYC:25740
< FB0D  A9 75     LDA #$75                        A:37 X:02 Y:FF P:E5 SP:F9 PPU:226,160 CYC:25742
< FB0F  60        RTS                             A:75 X:02 Y:FF P:65 SP:F9 PPU:226,166 CYC:25744
< F697  73 45    *RRA ($45),Y = 0548 @ 0647 = 37  A:75 X:02 Y:FF P:65 SP:FB PPU:226,184 CYC:25750
< F699  EA        NOP                             A:11 X:02 Y:FF P:25 SP:FB PPU:226,208 CYC:25758
< F69A  EA        NOP                             A:11 X:02 Y:FF P:25 SP:FB PPU:226,214 CYC:25760
< F69B  08        PHP                             A:11 X:02 Y:FF P:25 SP:FB PPU:226,220 CYC:25762
< F69C  48        PHA                             A:11 X:02 Y:FF P:25 SP:FA PPU:226,229 CYC:25765
< F69D  A0 0C     LDY #$0C                        A:11 X:02 Y:FF P:25 SP:F9 PPU:226,238 CYC:25768
< F69F  68        PLA                             A:11 X:02 Y:0C P:25 SP:F9 PPU:226,244 CYC:25770
< F6A0  28        PLP                             A:11 X:02 Y:0C P:25 SP:FA PPU:226,256 CYC:25774
< F6A1  20 10 FB  JSR $FB10                       A:11 X:02 Y:0C P:25 SP:FB PPU:226,268 CYC:25778
< FB10  70 09     BVS $FB1B                       A:11 X:02 Y:0C P:25 SP:F9 PPU:226,286 CYC:25784
< FB12  30 07     BMI $FB1B                       A:11 X:02 Y:0C P:25 SP:F9 PPU:226,292 CYC:25786
< FB14  90 05     BCC $FB1B                       A:11 X:02 Y:0C P:25 SP:F9 PPU:226,298 CYC:25788
< FB16  C9 11     CMP #$11                        A:11 X:02 Y:0C P:25 SP:F9 PPU:226,304 CYC:25790
< FB18  D0 01     BNE $FB1B                       A:11 X:02 Y:0C P:27 SP:F9 PPU:226,310 CYC:25792
< FB1A  60        RTS                             A:11 X:02 Y:0C P:27 SP:F9 PPU:226,316 CYC:25794
< F6A4  AD 47 06  LDA $0647 = 9B                  A:11 X:02 Y:0C P:27 SP:FB PPU:226,334 CYC:25800
< F6A7  C9 9B     CMP #$9B                        A:9B X:02 Y:0C P:A5 SP:FB PPU:227,  5 CYC:25804
< F6A9  F0 02     BEQ $F6AD                       A:9B X:02 Y:0C P:27 SP:FB PPU:227, 11 CYC:25806
< F6AD  A0 0D     LDY #$0D                        A:9B X:02 Y:0C P:27 SP:FB PPU:227, 20 CYC:25809
< F6AF  A2 FF     LDX #$FF                        A:9B X:02 Y:0D P:25 SP:FB PPU:227, 26 CYC:25811
< F6B1  A9 A5     LDA #$A5                        A:9B X:FF Y:0D P:A5 SP:FB PPU:227, 32 CYC:25813
< F6B3  85 47     STA $47 = 9B                    A:A5 X:FF Y:0D P:A5 SP:FB PPU:227, 38 CYC:25815
< F6B5  20 E9 FA  JSR $FAE9                       A:A5 X:FF Y:0D P:A5 SP:FB PPU:227, 47 CYC:25818
< FAE9  24 01     BIT $01 = FF                    A:A5 X:FF Y:0D P:A5 SP:F9 PPU:227, 65 CYC:25824
< FAEB  18        CLC                             A:A5 X:FF Y:0D P:E5 SP:F9 PPU:227, 74 CYC:25827
< FAEC  A9 B2     LDA #$B2                        A:A5 X:FF Y:0D P:E4 SP:F9 PPU:227, 80 CYC:25829
< FAEE  60        RTS                             A:B2 X:FF Y:0D P:E4 SP:F9 PPU:227, 86 CYC:25831
< F6B8  77 48    *RRA $48,X @ 47 = A5             A:B2 X:FF Y:0D P:E4 SP:FB PPU:227,104 CYC:25837
< F6BA  EA        NOP                             A:05 X:FF Y:0D P:25 SP:FB PPU:227,122 CYC:25843
< F6BB  EA        NOP                             A:05 X:FF Y:0D P:25 SP:FB PPU:227,128 CYC:25845
< F6BC  EA        NOP                             A:05 X:FF Y:0D P:25 SP:FB PPU:227,134 CYC:25847
< F6BD  EA        NOP                             A:05 X:FF Y:0D P:25 SP:FB PPU:227,140 CYC:25849
< F6BE  20 EF FA  JSR $FAEF                       A:05 X:FF Y:0D P:25 SP:FB PPU:227,146 CYC:25851
< FAEF  70 2A     BVS $FB1B                       A:05 X:FF Y:0D P:25 SP:F9 PPU:227,164 CYC:25857
< FAF1  90 28     BCC $FB1B                       A:05 X:FF Y:0D P:25 SP:F9 PPU:227,170 CYC:25859
< FAF3  30 26     BMI $FB1B                       A:05 X:FF Y:0D P:25 SP:F9 PPU:227,176 CYC:25861
< FAF5  C9 05     CMP #$05                        A:05 X:FF Y:0D P:25 SP:F9 PPU:227,182 CYC:25863
< FAF7  D0 22     BNE $FB1B                       A:05 X:FF Y:0D P:27 SP:F9 PPU:227,188 CYC:25865
< FAF9  60        RTS                             A:05 X:FF Y:0D P:27 SP:F9 PPU:227,194 CYC:25867
< F6C1  A5 47     LDA $47 = 52                    A:05 X:FF Y:0D P:27 SP:FB PPU:227,212 CYC:25873
< F6C3  C9 52     CMP #$52                        A:52 X:FF Y:0D P:25 SP:FB PPU:227,221 CYC:25876
< F6C5  F0 02     BEQ $F6C9                       A:52 X:FF Y:0D P:27 SP:FB PPU:227,227 CYC:25878
< F6C9  C8        INY                             A:52 X:FF Y:0D P:27 SP:FB PPU:227,236 CYC:25881
< F6CA  A9 29     LDA #$29                        A:52 X:FF Y:0E P:25 SP:FB PPU:227,242 CYC:25883
< F6CC  85 47     STA $47 = 52                    A:29 X:FF Y:0E P:25 SP:FB PPU:227,248 CYC:25885
< F6CE  20 FA FA  JSR $FAFA                       A:29 X:FF Y:0E P:25 SP:FB PPU:227,257 CYC:25888
< FAFA  B8        CLV                             A:29 X:FF Y:0E P:25 SP:F9 PPU:227,275 CYC:25894
< FAFB  18        CLC                             A:29 X:FF Y:0E P:25 SP:F9 PPU:227,281 CYC:25896
< FAFC  A9 42     LDA #$42                        A:29 X:FF Y:0E P:24 SP:F9 PPU:227,287 CYC:25898
< FAFE  60        RTS                             A:42 X:FF Y:0E P:24 SP:F9 PPU:227,293 CYC:25900
< F6D1  77 48    *RRA $48,X @ 47 = 29             A:42 X:FF Y:0E P:24 SP:FB PPU:227,311 CYC:25906
< F6D3  EA        NOP                             A:57 X:FF Y:0E P:24 SP:FB PPU:227,329 CYC:25912
< F6D4  EA        NOP                             A:57 X:FF Y:0E P:24 SP:FB PPU:227,335 CYC:25914
< F6D5  EA        NOP                             A:57 X:FF Y:0E P:24 SP:FB PPU:228,  0 CYC:25916
< F6D6  EA        NOP                             A:57 X:FF Y:0E P:24 SP:FB PPU:228,  6 CYC:25918
< F6D7  20 FF FA  JSR $FAFF                       A:57 X:FF Y:0E P:24 SP:FB PPU:228, 12 CYC:25920
< FAFF  70 1A     BVS $FB1B                       A:57 X:FF Y:0E P:24 SP:F9 PPU:228, 30 CYC:25926
< FB01  30 18     BMI $FB1B                       A:57 X:FF Y:0E P:24 SP:F9 PPU:228, 36 CYC:25928
< FB03  B0 16     BCS $FB1B                       A:57 X:FF Y:0E P:24 SP:F9 PPU:228, 42 CYC:25930
< FB05  C9 57     CMP #$57                        A:57 X:FF Y:0E P:24 SP:F9 PPU:228, 48 CYC:25932
< FB07  D0 12     BNE $FB1B                       A:57 X:FF Y:0E P:27 SP:F9 PPU:228, 54 CYC:25934
< FB09  60        RTS                             A:57 X:FF Y:0E P:27 SP:F9 PPU:228, 60 CYC:25936
< F6DA  A5 47     LDA $47 = 14                    A:57 X:FF Y:0E P:27 SP:FB PPU:228, 78 CYC:25942
< F6DC  C9 14     CMP #$14                        A:14 X:FF Y:0E P:25 SP:FB PPU:228, 87 CYC:25945
< F6DE  F0 02     BEQ $F6E2                       A:14 X:FF Y:0E P:27 SP:FB PPU:228, 93 CYC:25947
< F6E2  C8        INY                             A:14 X:FF Y:0E P:27 SP:FB PPU:228,102 CYC:25950
< F6E3  A9 37     LDA #$37                        A:14 X:FF Y:0F P:25 SP:FB PPU:228,108 CYC:25952
< F6E5  85 47     STA $47 = 14                    A:37 X:FF Y:0F P:25 SP:FB PPU:228,114 CYC:25954
< F6E7  20 0A FB  JSR $FB0A                       A:37 X:FF Y:0F P:25 SP:FB PPU:228,123 CYC:25957
< FB0A  24 01     BIT $01 = FF                    A:37 X:FF Y:0F P:25 SP:F9 PPU:228,141 CYC:25963
< FB0C  38        SEC                             A:37 X:FF Y:0F P:E5 SP:F9 PPU:228,150 CYC:25966
< FB0D  A9 75     LDA #$75                        A:37 X:FF Y:0F P:E5 SP:F9 PPU:228,156 CYC:25968
< FB0F  60        RTS                             A:75 X:FF Y:0F P:65 SP:F9 PPU:228,162 CYC:25970
< F6EA  77 48    *RRA $48,X @ 47 = 37             A:75 X:FF Y:0F P:65 SP:FB PPU:228,180 CYC:25976
< F6EC  EA        NOP                             A:11 X:FF Y:0F P:25 SP:FB PPU:228,198 CYC:25982
< F6ED  EA        NOP                             A:11 X:FF Y:0F P:25 SP:FB PPU:228,204 CYC:25984
< F6EE  EA        NOP                             A:11 X:FF Y:0F P:25 SP:FB PPU:228,210 CYC:25986
< F6EF  EA        NOP                             A:11 X:FF Y:0F P:25 SP:FB PPU:228,216 CYC:25988
< F6F0  20 10 FB  JSR $FB10                       A:11 X:FF Y:0F P:25 SP:FB PPU:228,222 CYC:25990
< FB10  70 09     BVS $FB1B                       A:11 X:FF Y:0F P:25 SP:F9 PPU:228,240 CYC:25996
< FB12  30 07     BMI $FB1B                       A:11 X:FF Y:0F P:25 SP:F9 PPU:228,246 CYC:25998
< FB14  90 05     BCC $FB1B                       A:11 X:FF Y:0F P:25 SP:F9 PPU:228,252 CYC:26000
< FB16  C9 11     CMP #$11                        A:11 X:FF Y:0F P:25 SP:F9 PPU:228,258 CYC:26002
< FB18  D0 01     BNE $FB1B                       A:11 X:FF Y:0F P:27 SP:F9 PPU:228,264 CYC:26004
< FB1A  60        RTS                             A:11 X:FF Y:0F P:27 SP:F9 PPU:228,270 CYC:26006
< F6F3  A5 47     LDA $47 = 9B                    A:11 X:FF Y:0F P:27 SP:FB PPU:228,288 CYC:26012
< F6F5  C9 9B     CMP #$9B                        A:9B X:FF Y:0F P:A5 SP:FB PPU:228,297 CYC:26015
< F6F7  F0 02     BEQ $F6FB                       A:9B X:FF Y:0F P:27 SP:FB PPU:228,303 CYC:26017
< F6FB  A9 A5     LDA #$A5                        A:9B X:FF Y:0F P:27 SP:FB PPU:228,312 CYC:26020
< F6FD  8D 47 06  STA $0647 = 9B                  A:A5 X:FF Y:0F P:A5 SP:FB PPU:228,318 CYC:26022
< F700  A0 FF     LDY #$FF                        A:A5 X:FF Y:0F P:A5 SP:FB PPU:228,330 CYC:26026
< F702  20 E9 FA  JSR $FAE9                       A:A5 X:FF Y:FF P:A5 SP:FB PPU:228,336 CYC:26028
< FAE9  24 01     BIT $01 = FF                    A:A5 X:FF Y:FF P:A5 SP:F9 PPU:229, 13 CYC:26034
< FAEB  18        CLC                             A:A5 X:FF Y:FF P:E5 SP:F9 PPU:229, 22 CYC:26037
< FAEC  A9 B2     LDA #$B2                        A:A5 X:FF Y:FF P:E4 SP:F9 PPU:229, 28 CYC:26039
< FAEE  60        RTS                             A:B2 X:FF Y:FF P:E4 SP:F9 PPU:229, 34 CYC:26041
< F705  7B 48 05 *RRA $0548,Y @ 0647 = A5         A:B2 X:FF Y:FF P:E4 SP:FB PPU:229, 52 CYC:26047
< F708  EA        NOP                             A:05 X:FF Y:FF P:25 SP:FB PPU:229, 73 CYC:26054
< F709  EA        NOP                             A:05 X:FF Y:FF P:25 SP:FB PPU:229, 79 CYC:26056
< F70A  08        PHP                             A:05 X:FF Y:FF P:25 SP:FB PPU:229, 85 CYC:26058
< F70B  48        PHA                             A:05 X:FF Y:FF P:25 SP:FA PPU:229, 94 CYC:26061
< F70C  A0 10     LDY #$10                        A:05 X:FF Y:FF P:25 SP:F9 PPU:229,103 CYC:26064
< F70E  68        PLA                             A:05 X:FF Y:10 P:25 SP:F9 PPU:229,109 CYC:26066
< F70F  28        PLP                             A:05 X:FF Y:10 P:25 SP:FA PPU:229,121 CYC:26070
< F710  20 EF FA  JSR $FAEF                       A:05 X:FF Y:10 P:25 SP:FB PPU:229,133 CYC:26074
< FAEF  70 2A     BVS $FB1B                       A:05 X:FF Y:10 P:25 SP:F9 PPU:229,151 CYC:26080
< FAF1  90 28     BCC $FB1B                       A:05 X:FF Y:10 P:25 SP:F9 PPU:229,157 CYC:26082
< FAF3  30 26     BMI $FB1B                       A:05 X:FF Y:10 P:25 SP:F9 PPU:229,163 CYC:26084
< FAF5  C9 05     CMP #$05                        A:05 X:FF Y:10 P:25 SP:F9 PPU:229,169 CYC:26086
< FAF7  D0 22     BNE $FB1B                       A:05 X:FF Y:10 P:27 SP:F9 PPU:229,175 CYC:26088
< FAF9  60        RTS                             A:05 X:FF Y:10 P:27 SP:F9 PPU:229,181 CYC:26090
< F713  AD 47 06  LDA $0647 = 52                  A:05 X:FF Y:10 P:27 SP:FB PPU:229,199 CYC:26096
< F716  C9 52     CMP #$52                        A:52 X:FF Y:10 P:25 SP:FB PPU:229,211 CYC:26100
< F718  F0 02     BEQ $F71C                       A:52 X:FF Y:10 P:27 SP:FB PPU:229,217 CYC:26102
< F71C  A0 FF     LDY #$FF                        A:52 X:FF Y:10 P:27 SP:FB PPU:229,226 CYC:26105
< F71E  A9 29     LDA #$29                        A:52 X:FF Y:FF P:A5 SP:FB PPU:229,232 CYC:26107
< F720  8D 47 06  STA $0647 = 52                  A:29 X:FF Y:FF P:25 SP:FB PPU:229,238 CYC:26109
< F723  20 FA FA  JSR $FAFA                       A:29 X:FF Y:FF P:25 SP:FB PPU:229,250 CYC:26113
< FAFA  B8        CLV                             A:29 X:FF Y:FF P:25 SP:F9 PPU:229,268 CYC:26119
< FAFB  18        CLC                             A:29 X:FF Y:FF P:25 SP:F9 PPU:229,274 CYC:26121
< FAFC  A9 42     LDA #$42                        A:29 X:FF Y:FF P:24 SP:F9 PPU:229,280 CYC:26123
< FAFE  60        RTS                             A:42 X:FF Y:FF P:24 SP:F9 PPU:229,286 CYC:26125
< F726  7B 48 05 *RRA $0548,Y @ 0647 = 29         A:42 X:FF Y:FF P:24 SP:FB PPU:229,304 CYC:26131
< F729  EA        NOP                             A:57 X:FF Y:FF P:24 SP:FB PPU:229,325 CYC:26138
< F72A  EA        NOP                             A:57 X:FF Y:FF P:24 SP:FB PPU:229,331 CYC:26140
< F72B  08        PHP                             A:57 X:FF Y:FF P:24 SP:FB PPU:229,337 CYC:26142
< F72C  48        PHA                             A:57 X:FF Y:FF P:24 SP:FA PPU:230,  5 CYC:26145
< F72D  A0 11     LDY #$11                        A:57 X:FF Y:FF P:24 SP:F9 PPU:230, 14 CYC:26148
< F72F  68        PLA                             A:57 X:FF Y:11 P:24 SP:F9 PPU:230, 20 CYC:26150
< F730  28        PLP                             A:57 X:FF Y:11 P:24 SP:FA PPU:230, 32 CYC:26154
< F731  20 FF FA  JSR $FAFF                       A:57 X:FF Y:11 P:24 SP:FB PPU:230, 44 CYC:26158
< FAFF  70 1A     BVS $FB1B                       A:57 X:FF Y:11 P:24 SP:F9 PPU:230, 62 CYC:26164
< FB01  30 18     BMI $FB1B                       A:57 X:FF Y:11 P:24 SP:F9 PPU:230, 68 CYC:26166
< FB03  B0 16     BCS $FB1B                       A:57 X:FF Y:11 P:24 SP:F9 PPU:230, 74 CYC:26168
< FB05  C9 57     CMP #$57                        A:57 X:FF Y:11 P:24 SP:F9 PPU:230, 80 CYC:26170
< FB07  D0 12     BNE $FB1B                       A:57 X:FF Y:11 P:27 SP:F9 PPU:230, 86 CYC:26172
< FB09  60        RTS                             A:57 X:FF Y:11 P:27 SP:F9 PPU:230, 92 CYC:26174
< F734  AD 47 06  LDA $0647 = 14                  A:57 X:FF Y:11 P:27 SP:FB PPU:230,110 CYC:26180
< F737  C9 14     CMP #$14                        A:14 X:FF Y:11 P:25 SP:FB PPU:230,122 CYC:26184
< F739  F0 02     BEQ $F73D                       A:14 X:FF Y:11 P:27 SP:FB PPU:230,128 CYC:26186
< F73D  A0 FF     LDY #$FF                        A:14 X:FF Y:11 P:27 SP:FB PPU:230,137 CYC:26189
< F73F  A9 37     LDA #$37                        A:14 X:FF Y:FF P:A5 SP:FB PPU:230,143 CYC:26191
< F741  8D 47 06  STA $0647 = 14                  A:37 X:FF Y:FF P:25 SP:FB PPU:230,149 CYC:26193
< F744  20 0A FB  JSR $FB0A                       A:37 X:FF Y:FF P:25 SP:FB PPU:230,161 CYC:26197
< FB0A  24 01     BIT $01 = FF                    A:37 X:FF Y:FF P:25 SP:F9 PPU:230,179 CYC:26203
< FB0C  38        SEC                             A:37 X:FF Y:FF P:E5 SP:F9 PPU:230,188 CYC:26206
< FB0D  A9 75     LDA #$75                        A:37 X:FF Y:FF P:E5 SP:F9 PPU:230,194 CYC:26208
< FB0F  60        RTS                             A:75 X:FF Y:FF P:65 SP:F9 PPU:230,200 CYC:26210
< F747  7B 48 05 *RRA $0548,Y @ 0647 = 37         A:75 X:FF Y:FF P:65 SP:FB PPU:230,218 CYC:26216
< F74A  EA        NOP                             A:11 X:FF Y:FF P:25 SP:FB PPU:230,239 CYC:26223
< F74B  EA        NOP                             A:11 X:FF Y:FF P:25 SP:FB PPU:230,245 CYC:26225
< F74C  08        PHP                             A:11 X:FF Y:FF P:25 SP:FB PPU:230,251 CYC:26227
< F74D  48        PHA                             A:11 X:FF Y:FF P:25 SP:FA PPU:230,260 CYC:26230
< F74E  A0 12     LDY #$12                        A:11 X:FF Y:FF P:25 SP:F9 PPU:230,269 CYC:26233
< F750  68        PLA                             A:11 X:FF Y:12 P:25 SP:F9 PPU:230,275 CYC:26235
< F751  28        PLP                             A:11 X:FF Y:12 P:25 SP:FA PPU:230,287 CYC:26239
< F752  20 10 FB  JSR $FB10                       A:11 X:FF Y:12 P:25 SP:FB PPU:230,299 CYC:26243
< FB10  70 09     BVS $FB1B                       A:11 X:FF Y:12 P:25 SP:F9 PPU:230,317 CYC:26249
< FB12  30 07     BMI $FB1B                       A:11 X:FF Y:12 P:25 SP:F9 PPU:230,323 CYC:26251
< FB14  90 05     BCC $FB1B                       A:11 X:FF Y:12 P:25 SP:F9 PPU:230,329 CYC:26253
< FB16  C9 11     CMP #$11                        A:11 X:FF Y:12 P:25 SP:F9 PPU:230,335 CYC:26255
< FB18  D0 01     BNE $FB1B                       A:11 X:FF Y:12 P:27 SP:F9 PPU:231,  0 CYC:26257
< FB1A  60        RTS                             A:11 X:FF Y:12 P:27 SP:F9 PPU:231,  6 CYC:26259
< F755  AD 47 06  LDA $0647 = 9B                  A:11 X:FF Y:12 P:27 SP:FB PPU:231, 24 CYC:26265
< F758  C9 9B     CMP #$9B                        A:9B X:FF Y:12 P:A5 SP:FB PPU:231, 36 CYC:26269
< F75A  F0 02     BEQ $F75E                       A:9B X:FF Y:12 P:27 SP:FB PPU:231, 42 CYC:26271
< F75E  A0 13     LDY #$13                        A:9B X:FF Y:12 P:27 SP:FB PPU:231, 51 CYC:26274
< F760  A2 FF     LDX #$FF                        A:9B X:FF Y:13 P:25 SP:FB PPU:231, 57 CYC:26276
< F762  A9 A5     LDA #$A5                        A:9B X:FF Y:13 P:A5 SP:FB PPU:231, 63 CYC:26278
< F764  8D 47 06  STA $0647 = 9B                  A:A5 X:FF Y:13 P:A5 SP:FB PPU:231, 69 CYC:26280
< F767  20 E9 FA  JSR $FAE9                       A:A5 X:FF Y:13 P:A5 SP:FB PPU:231, 81 CYC:26284
< FAE9  24 01     BIT $01 = FF                    A:A5 X:FF Y:13 P:A5 SP:F9 PPU:231, 99 CYC:26290
< FAEB  18        CLC                             A:A5 X:FF Y:13 P:E5 SP:F9 PPU:231,108 CYC:26293
< FAEC  A9 B2     LDA #$B2                        A:A5 X:FF Y:13 P:E4 SP:F9 PPU:231,114 CYC:26295
< FAEE  60        RTS                             A:B2 X:FF Y:13 P:E4 SP:F9 PPU:231,120 CYC:26297
< F76A  7F 48 05 *RRA $0548,X @ 0647 = A5         A:B2 X:FF Y:13 P:E4 SP:FB PPU:231,138 CYC:26303
< F76D  EA        NOP                             A:05 X:FF Y:13 P:25 SP:FB PPU:231,159 CYC:26310
< F76E  EA        NOP                             A:05 X:FF Y:13 P:25 SP:FB PPU:231,165 CYC:26312
< F76F  EA        NOP                             A:05 X:FF Y:13 P:25 SP:FB PPU:231,171 CYC:26314
< F770  EA        NOP                             A:05 X:FF Y:13 P:25 SP:FB PPU:231,177 CYC:26316
< F771  20 EF FA  JSR $FAEF                       A:05 X:FF Y:13 P:25 SP:FB PPU:231,183 CYC:26318
< FAEF  70 2A     BVS $FB1B                       A:05 X:FF Y:13 P:25 SP:F9 PPU:231,201 CYC:26324
< FAF1  90 28     BCC $FB1B                       A:05 X:FF Y:13 P:25 SP:F9 PPU:231,207 CYC:26326
< FAF3  30 26     BMI $FB1B                       A:05 X:FF Y:13 P:25 SP:F9 PPU:231,213 CYC:26328
< FAF5  C9 05     CMP #$05                        A:05 X:FF Y:13 P:25 SP:F9 PPU:231,219 CYC:26330
< FAF7  D0 22     BNE $FB1B                       A:05 X:FF Y:13 P:27 SP:F9 PPU:231,225 CYC:26332
< FAF9  60        RTS                             A:05 X:FF Y:13 P:27 SP:F9 PPU:231,231 CYC:26334
< F774  AD 47 06  LDA $0647 = 52                  A:05 X:FF Y:13 P:27 SP:FB PPU:231,249 CYC:26340
< F777  C9 52     CMP #$52                        A:52 X:FF Y:13 P:25 SP:FB PPU:231,261 CYC:26344
< F779  F0 02     BEQ $F77D                       A:52 X:FF Y:13 P:27 SP:FB PPU:231,267 CYC:26346
< F77D  C8        INY                             A:52 X:FF Y:13 P:27 SP:FB PPU:231,276 CYC:26349
< F77E  A9 29     LDA #$29                        A:52 X:FF Y:14 P:25 SP:FB PPU:231,282 CYC:26351
< F780  8D 47 06  STA $0647 = 52                  A:29 X:FF Y:14 P:25 SP:FB PPU:231,288 CYC:26353
< F783  20 FA FA  JSR $FAFA                       A:29 X:FF Y:14 P:25 SP:FB PPU:231,300 CYC:26357
< FAFA  B8        CLV                             A:29 X:FF Y:14 P:25 SP:F9 PPU:231,318 CYC:26363
< FAFB  18        CLC                             A:29 X:FF Y:14 P:25 SP:F9 PPU:231,324 CYC:26365
< FAFC  A9 42     LDA #$42                        A:29 X:FF Y:14 P:24 SP:F9 PPU:231,330 CYC:26367
< FAFE  60        RTS                             A:42 X:FF Y:14 P:24 SP:F9 PPU:231,336 CYC:26369
< F786  7F 48 05 *RRA $0548,X @ 0647 = 29         A:42 X:FF Y:14 P:24 SP:FB PPU:232, 13 CYC:26375
< F789  EA        NOP                             A:57 X:FF Y:14 P:24 SP:FB PPU:232, 34 CYC:26382
< F78A  EA        NOP                             A:57 X:FF Y:14 P:24 SP:FB PPU:232, 40 CYC:26384
< F78B  EA        NOP                             A:57 X:FF Y:14 P:24 SP:FB PPU:232, 46 CYC:26386
< F78C  EA        NOP                             A:57 X:FF Y:14 P:24 SP:FB PPU:232, 52 CYC:26388
< F78D  20 FF FA  JSR $FAFF                       A:57 X:FF Y:14 P:24 SP:FB PPU:232, 58 CYC:26390
< FAFF  70 1A     BVS $FB1B                       A:57 X:FF Y:14 P:24 SP:F9 PPU:232, 76 CYC:26396
< FB01  30 18     BMI $FB1B                       A:57 X:FF Y:14 P:24 SP:F9 PPU:232, 82 CYC:26398
< FB03  B0 16     BCS $FB1B                       A:57 X:FF Y:14 P:24 SP:F9 PPU:232, 88 CYC:26400
< FB05  C9 57     CMP #$57                        A:57 X:FF Y:14 P:24 SP:F9 PPU:232, 94 CYC:26402
< FB07  D0 12     BNE $FB1B                       A:57 X:FF Y:14 P:27 SP:F9 PPU:232,100 CYC:26404
< FB09  60        RTS                             A:57 X:FF Y:14 P:27 SP:F9 PPU:232,106 CYC:26406
< F790  AD 47 06  LDA $0647 = 14                  A:57 X:FF Y:14 P:27 SP:FB PPU:232,124 CYC:26412
< F793  C9 14     CMP #$14                        A:14 X:FF Y:14 P:25 SP:FB PPU:232,136 CYC:26416
< F795  F0 02     BEQ $F799                       A:14 X:FF Y:14 P:27 SP:FB PPU:232,142 CYC:26418
< F799  C8        INY                             A:14 X:FF Y:14 P:27 SP:FB PPU:232,151 CYC:26421
< F79A  A9 37     LDA #$37                        A:14 X:FF Y:15 P:25 SP:FB PPU:232,157 CYC:26423
< F79C  8D 47 06  STA $0647 = 14                  A:37 X:FF Y:15 P:25 SP:FB PPU:232,163 CYC:26425
< F79F  20 0A FB  JSR $FB0A                       A:37 X:FF Y:15 P:25 SP:FB PPU:232,175 CYC:26429
< FB0A  24 01     BIT $01 = FF                    A:37 X:FF Y:15 P:25 SP:F9 PPU:232,193 CYC:26435
< FB0C  38        SEC                             A:37 X:FF Y:15 P:E5 SP:F9 PPU:232,202 CYC:26438
< FB0D  A9 75     LDA #$75                        A:37 X:FF Y:15 P:E5 SP:F9 PPU:232,208 CYC:26440
< FB0F  60        RTS                             A:75 X:FF Y:15 P:65 SP:F9 PPU:232,214 CYC:26442
< F7A2  7F 48 05 *RRA $0548,X @ 0647 = 37         A:75 X:FF Y:15 P:65 SP:FB PPU:232,232 CYC:26448
< F7A5  EA        NOP                             A:11 X:FF Y:15 P:25 SP:FB PPU:232,253 CYC:26455
< F7A6  EA        NOP                             A:11 X:FF Y:15 P:25 SP:FB PPU:232,259 CYC:26457
< F7A7  EA        NOP                             A:11 X:FF Y:15 P:25 SP:FB PPU:232,265 CYC:26459
< F7A8  EA        NOP                             A:11 X:FF Y:15 P:25 SP:FB PPU:232,271 CYC:26461
< F7A9  20 10 FB  JSR $FB10                       A:11 X:FF Y:15 P:25 SP:FB PPU:232,277 CYC:26463
< FB10  70 09     BVS $FB1B                       A:11 X:FF Y:15 P:25 SP:F9 PPU:232,295 CYC:26469
< FB12  30 07     BMI $FB1B                       A:11 X:FF Y:15 P:25 SP:F9 PPU:232,301 CYC:26471
< FB14  90 05     BCC $FB1B                       A:11 X:FF Y:15 P:25 SP:F9 PPU:232,307 CYC:26473
< FB16  C9 11     CMP #$11                        A:11 X:FF Y:15 P:25 SP:F9 PPU:232,313 CYC:26475
< FB18  D0 01     BNE $FB1B                       A:11 X:FF Y:15 P:27 SP:F9 PPU:232,319 CYC:26477
< FB1A  60        RTS                             A:11 X:FF Y:15 P:27 SP:F9 PPU:232,325 CYC:26479
< F7AC  AD 47 06  LDA $0647 = 9B                  A:11 X:FF Y:15 P:27 SP:FB PPU:233,  2 CYC:26485
< F7AF  C9 9B     CMP #$9B                        A:9B X:FF Y:15 P:A5 SP:FB PPU:233, 14 CYC:26489
< F7B1  F0 02     BEQ $F7B5                       A:9B X:FF Y:15 P:27 SP:FB PPU:233, 20 CYC:26491
< F7B5  60        RTS                             A:9B X:FF Y:15 P:27 SP:FB PPU:233, 29 CYC:26494
< C655  A5 00     LDA $00 = 00                    A:9B X:FF Y:15 P:27 SP:FD PPU:233, 47 CYC:26500
< C657  05 10     ORA $10 = 00                    A:00 X:FF Y:15 P:27 SP:FD PPU:233, 56 CYC:26503
< C659  05 11     ORA $11 = 00                    A:00 X:FF Y:15 P:27 SP:FD PPU:233, 65 CYC:26506
< C65B  F0 0E     BEQ $C66B                       A:00 X:FF Y:15 P:27 SP:FD PPU:233, 74 CYC:26509
< C66B  20 89 C6  JSR $C689                       A:00 X:FF Y:15 P:27 SP:FD PPU:233, 83 CYC:26512
< C689  A9 02     LDA #$02                        A:00 X:FF Y:15 P:27 SP:FB PPU:233,101 CYC:26518
< C68B  8D 15 40  STA $4015 = FF                  A:02 X:FF Y:15 P:25 SP:FB PPU:233,107 CYC:26520
< C68E  A9 3F     LDA #$3F                        A:02 X:FF Y:15 P:25 SP:FB PPU:233,119 CYC:26524
< C690  8D 04 40  STA $4004 = FF                  A:3F X:FF Y:15 P:25 SP:FB PPU:233,125 CYC:26526
< C693  A9 9A     LDA #$9A                        A:3F X:FF Y:15 P:25 SP:FB PPU:233,137 CYC:26530
< C695  8D 05 40  STA $4005 = FF                  A:9A X:FF Y:15 P:A5 SP:FB PPU:233,143 CYC:26532
< C698  A9 FF     LDA #$FF                        A:9A X:FF Y:15 P:A5 SP:FB PPU:233,155 CYC:26536
< C69A  8D 06 40  STA $4006 = FF                  A:FF X:FF Y:15 P:A5 SP:FB PPU:233,161 CYC:26538
< C69D  A9 00     LDA #$00                        A:FF X:FF Y:15 P:A5 SP:FB PPU:233,173 CYC:26542
< C69F  8D 07 40  STA $4007 = FF                  A:00 X:FF Y:15 P:27 SP:FB PPU:233,179 CYC:26544
< C6A2  60        RTS                             A:00 X:FF Y:15 P:27 SP:FB PPU:233,191 CYC:26548
< C66E  60        RTS                             A:00 X:FF Y:15 P:27 SP:FD PPU:233,209 CYC:26554
---
> CFDB  A1 80     LDA ($80,X)                     A:5D X:00 Y:69 P:27 SP:FB PPU: 22,139 CYC:2547
> CFDD  C9 5A     CMP #$5A                        A:00 X:00 Y:69 P:27 SP:FB PPU: 22,157 CYC:2553
> CFDF  D0 1F     BNE $D000                       A:00 X:00 Y:69 P:A4 SP:FB PPU: 22,163 CYC:2555
> D000  A9 58     LDA #$58                        A:00 X:00 Y:69 P:A5 SP:FB PPU: 22,175 CYC:2559
> D002  8D FF 07  STA $07FF = 00                  A:58 X:00 Y:69 P:25 SP:FB PPU: 22,181 CYC:2561
> D005  A9 AA     LDA #$AA                        A:58 X:00 Y:69 P:25 SP:FB PPU: 22,193 CYC:2565
> D007  A2 00     LDX #$00                        A:AA X:00 Y:69 P:A5 SP:FB PPU: 22,199 CYC:2567
> D009  81 80     STA ($80,X)                     A:AA X:00 Y:69 P:27 SP:FB PPU: 22,205 CYC:2569
> D00B  E8        INX                             A:AA X:00 Y:69 P:27 SP:FB PPU: 22,223 CYC:2575
> D00C  E8        INX                             A:AA X:01 Y:69 P:25 SP:FB PPU: 22,229 CYC:2577
> D00D  A9 AB     LDA #$AB                        A:AA X:02 Y:69 P:25 SP:FB PPU: 22,235 CYC:2579
> D00F  81 80     STA ($80,X)                     A:AB X:02 Y:69 P:A5 SP:FB PPU: 22,241 CYC:2581
> D011  E8        INX                             A:AB X:02 Y:69 P:A5 SP:FB PPU: 22,259 CYC:2587
> D012  A9 AC     LDA #$AC                        A:AB X:03 Y:69 P:25 SP:FB PPU: 22,265 CYC:2589
> D014  81 80     STA ($80,X)                     A:AC X:03 Y:69 P:A5 SP:FB PPU: 22,271 CYC:2591
> D016  A2 00     LDX #$00                        A:AC X:03 Y:69 P:A5 SP:FB PPU: 22,289 CYC:2597
> D018  A9 AD     LDA #$AD                        A:AC X:00 Y:69 P:27 SP:FB PPU: 22,295 CYC:2599
> D01A  81 FF     STA ($FF,X)                     A:AD X:00 Y:69 P:A5 SP:FB PPU: 22,301 CYC:2601
> D01C  AD 00 02  LDA $0200                       A:AD X:00 Y:69 P:A5 SP:FB PPU: 22,319 CYC:2607
> D01F  C9 AA     CMP #$AA                        A:5A X:00 Y:69 P:25 SP:FB PPU: 22,331 CYC:2611
> D021  D0 15     BNE $D038                       A:5A X:00 Y:69 P:A4 SP:FB PPU: 22,337 CYC:2613
> D038  A9 59     LDA #$59                        A:5A X:00 Y:69 P:A4 SP:FB PPU: 23,  5 CYC:2616
> D03A  8D FF 07  STA $07FF = 58                  A:59 X:00 Y:69 P:24 SP:FB PPU: 23, 11 CYC:2618
> D03D  AD FF 07  LDA $07FF                       A:59 X:00 Y:69 P:24 SP:FB PPU: 23, 23 CYC:2622
> D040  85 00     STA $00 = 04                    A:59 X:00 Y:69 P:24 SP:FB PPU: 23, 35 CYC:2626
> D042  A9 00     LDA #$00                        A:59 X:00 Y:69 P:24 SP:FB PPU: 23, 44 CYC:2629
> D044  8D 00 03  STA $0300 = 5B                  A:00 X:00 Y:69 P:26 SP:FB PPU: 23, 50 CYC:2631
> D047  A9 AA     LDA #$AA                        A:00 X:00 Y:69 P:26 SP:FB PPU: 23, 62 CYC:2635
> D049  8D 00 02  STA $0200 = 5A                  A:AA X:00 Y:69 P:A4 SP:FB PPU: 23, 68 CYC:2637
> D04C  A2 00     LDX #$00                        A:AA X:00 Y:69 P:A4 SP:FB PPU: 23, 80 CYC:2641
> D04E  A0 5A     LDY #$5A                        A:AA X:00 Y:69 P:26 SP:FB PPU: 23, 86 CYC:2643
> D050  20 B6 F7  JSR $F7B6                       A:AA X:00 Y:5A P:24 SP:FB PPU: 23, 92 CYC:2645
> F7B6  18        CLC                             A:AA X:00 Y:5A P:24 SP:F9 PPU: 23,110 CYC:2651
> F7B7  A9 FF     LDA #$FF                        A:AA X:00 Y:5A P:24 SP:F9 PPU: 23,116 CYC:2653
> F7B9  85 01     STA $01 = FF                    A:FF X:00 Y:5A P:A4 SP:F9 PPU: 23,122 CYC:2655
> F7BB  24 01     BIT $01 = FF                    A:FF X:00 Y:5A P:A4 SP:F9 PPU: 23,131 CYC:2658
> F7BD  A9 55     LDA #$55                        A:FF X:00 Y:5A P:E4 SP:F9 PPU: 23,140 CYC:2661
> F7BF  60        RTS                             A:55 X:00 Y:5A P:64 SP:F9 PPU: 23,146 CYC:2663
> D053  01 80     ORA ($80,X)                     A:55 X:00 Y:5A P:64 SP:FB PPU: 23,164 CYC:2669
> D055  20 C0 F7  JSR $F7C0                       A:FD X:00 Y:5A P:E4 SP:FB PPU: 23,182 CYC:2675
> F7C0  B0 09     BCS $F7CB                       A:FD X:00 Y:5A P:E4 SP:F9 PPU: 23,200 CYC:2681
> F7C2  10 07     BPL $F7CB                       A:FD X:00 Y:5A P:E4 SP:F9 PPU: 23,206 CYC:2683
> F7C4  C9 FF     CMP #$FF                        A:FD X:00 Y:5A P:E4 SP:F9 PPU: 23,212 CYC:2685
> F7C6  D0 03     BNE $F7CB                       A:FD X:00 Y:5A P:E4 SP:F9 PPU: 23,218 CYC:2687
> F7CB  84 00     STY $00 = 59                    A:FD X:00 Y:5A P:E4 SP:F9 PPU: 23,227 CYC:2690
> F7CD  60        RTS                             A:FD X:00 Y:5A P:E4 SP:F9 PPU: 23,236 CYC:2693
> D058  C8        INY                             A:FD X:00 Y:5A P:E4 SP:FB PPU: 23,254 CYC:2699
> D059  20 CE F7  JSR $F7CE                       A:FD X:00 Y:5B P:64 SP:FB PPU: 23,260 CYC:2701
> F7CE  38        SEC                             A:FD X:00 Y:5B P:64 SP:F9 PPU: 23,278 CYC:2707
> F7CF  B8        CLV                             A:FD X:00 Y:5B P:65 SP:F9 PPU: 23,284 CYC:2709
> F7D0  A9 00     LDA #$00                        A:FD X:00 Y:5B P:25 SP:F9 PPU: 23,290 CYC:2711
> F7D2  60        RTS                             A:00 X:00 Y:5B P:27 SP:F9 PPU: 23,296 CYC:2713
> D05C  01 82     ORA ($82,X)                     A:00 X:00 Y:5B P:27 SP:FB PPU: 23,314 CYC:2719
> D05E  20 D3 F7  JSR $F7D3                       A:AD X:00 Y:5B P:A5 SP:FB PPU: 23,332 CYC:2725
> F7D3  D0 07     BNE $F7DC                       A:AD X:00 Y:5B P:A5 SP:F9 PPU: 24,  9 CYC:2731
> F7DC  84 00     STY $00 = 5A                    A:AD X:00 Y:5B P:A5 SP:F9 PPU: 24, 18 CYC:2734
> F7DE  60        RTS                             A:AD X:00 Y:5B P:A5 SP:F9 PPU: 24, 27 CYC:2737
> D061  C8        INY                             A:AD X:00 Y:5B P:A5 SP:FB PPU: 24, 45 CYC:2743
> D062  20 DF F7  JSR $F7DF                       A:AD X:00 Y:5C P:25 SP:FB PPU: 24, 51 CYC:2745
> F7DF  18        CLC                             A:AD X:00 Y:5C P:25 SP:F9 PPU: 24, 69 CYC:2751
> F7E0  24 01     BIT $01 = FF                    A:AD X:00 Y:5C P:24 SP:F9 PPU: 24, 75 CYC:2753
> F7E2  A9 55     LDA #$55                        A:AD X:00 Y:5C P:E4 SP:F9 PPU: 24, 84 CYC:2756
> F7E4  60        RTS                             A:55 X:00 Y:5C P:64 SP:F9 PPU: 24, 90 CYC:2758
> D065  21 80     AND ($80,X)                     A:55 X:00 Y:5C P:64 SP:FB PPU: 24,108 CYC:2764
> D067  20 E5 F7  JSR $F7E5                       A:05 X:00 Y:5C P:64 SP:FB PPU: 24,126 CYC:2770
> F7E5  D0 07     BNE $F7EE                       A:05 X:00 Y:5C P:64 SP:F9 PPU: 24,144 CYC:2776
> F7EE  84 00     STY $00 = 5B                    A:05 X:00 Y:5C P:64 SP:F9 PPU: 24,153 CYC:2779
> F7F0  60        RTS                             A:05 X:00 Y:5C P:64 SP:F9 PPU: 24,162 CYC:2782
> D06A  C8        INY                             A:05 X:00 Y:5C P:64 SP:FB PPU: 24,180 CYC:2788
> D06B  A9 EF     LDA #$EF                        A:05 X:00 Y:5D P:64 SP:FB PPU: 24,186 CYC:2790
> D06D  8D 00 03  STA $0300 = 00                  A:EF X:00 Y:5D P:E4 SP:FB PPU: 24,192 CYC:2792
> D070  20 F1 F7  JSR $F7F1                       A:EF X:00 Y:5D P:E4 SP:FB PPU: 24,204 CYC:2796
> F7F1  38        SEC                             A:EF X:00 Y:5D P:E4 SP:F9 PPU: 24,222 CYC:2802
> F7F2  B8        CLV                             A:EF X:00 Y:5D P:E5 SP:F9 PPU: 24,228 CYC:2804
> F7F3  A9 F8     LDA #$F8                        A:EF X:00 Y:5D P:A5 SP:F9 PPU: 24,234 CYC:2806
> F7F5  60        RTS                             A:F8 X:00 Y:5D P:A5 SP:F9 PPU: 24,240 CYC:2808
> D073  21 82     AND ($82,X)                     A:F8 X:00 Y:5D P:A5 SP:FB PPU: 24,258 CYC:2814
> D075  20 F6 F7  JSR $F7F6                       A:A8 X:00 Y:5D P:A5 SP:FB PPU: 24,276 CYC:2820
> F7F6  90 09     BCC $F801                       A:A8 X:00 Y:5D P:A5 SP:F9 PPU: 24,294 CYC:2826
> F7F8  10 07     BPL $F801                       A:A8 X:00 Y:5D P:A5 SP:F9 PPU: 24,300 CYC:2828
> F7FA  C9 E8     CMP #$E8                        A:A8 X:00 Y:5D P:A5 SP:F9 PPU: 24,306 CYC:2830
> F7FC  D0 03     BNE $F801                       A:A8 X:00 Y:5D P:A4 SP:F9 PPU: 24,312 CYC:2832
> F801  84 00     STY $00 = 5C                    A:A8 X:00 Y:5D P:A5 SP:F9 PPU: 24,324 CYC:2836
> F803  60        RTS                             A:A8 X:00 Y:5D P:A5 SP:F9 PPU: 24,333 CYC:2839
> D078  C8        INY                             A:A8 X:00 Y:5D P:A5 SP:FB PPU: 25, 10 CYC:2845
> D079  20 04 F8  JSR $F804                       A:A8 X:00 Y:5E P:25 SP:FB PPU: 25, 16 CYC:2847
> F804  18        CLC                             A:A8 X:00 Y:5E P:25 SP:F9 PPU: 25, 34 CYC:2853
> F805  24 01     BIT $01 = FF                    A:A8 X:00 Y:5E P:24 SP:F9 PPU: 25, 40 CYC:2855
> F807  A9 5F     LDA #$5F                        A:A8 X:00 Y:5E P:E4 SP:F9 PPU: 25, 49 CYC:2858
> F809  60        RTS                             A:5F X:00 Y:5E P:64 SP:F9 PPU: 25, 55 CYC:2860
> D07C  41 80     EOR ($80,X)                     A:5F X:00 Y:5E P:64 SP:FB PPU: 25, 73 CYC:2866
> D07E  20 0A F8  JSR $F80A                       A:F2 X:00 Y:5E P:E4 SP:FB PPU: 25, 91 CYC:2872
> F80A  B0 09     BCS $F815                       A:F2 X:00 Y:5E P:E4 SP:F9 PPU: 25,109 CYC:2878
> F80C  10 07     BPL $F815                       A:F2 X:00 Y:5E P:E4 SP:F9 PPU: 25,115 CYC:2880
> F80E  C9 F5     CMP #$F5                        A:F2 X:00 Y:5E P:E4 SP:F9 PPU: 25,121 CYC:2882
> F810  D0 03     BNE $F815                       A:F2 X:00 Y:5E P:E4 SP:F9 PPU: 25,127 CYC:2884
> F815  84 00     STY $00 = 5D                    A:F2 X:00 Y:5E P:E4 SP:F9 PPU: 25,136 CYC:2887
> F817  60        RTS                             A:F2 X:00 Y:5E P:E4 SP:F9 PPU: 25,145 CYC:2890
> D081  C8        INY                             A:F2 X:00 Y:5E P:E4 SP:FB PPU: 25,163 CYC:2896
> D082  A9 70     LDA #$70                        A:F2 X:00 Y:5F P:64 SP:FB PPU: 25,169 CYC:2898
> D084  8D 00 03  STA $0300 = EF                  A:70 X:00 Y:5F P:64 SP:FB PPU: 25,175 CYC:2900
> D087  20 18 F8  JSR $F818                       A:70 X:00 Y:5F P:64 SP:FB PPU: 25,187 CYC:2904
> F818  38        SEC                             A:70 X:00 Y:5F P:64 SP:F9 PPU: 25,205 CYC:2910
> F819  B8        CLV                             A:70 X:00 Y:5F P:65 SP:F9 PPU: 25,211 CYC:2912
> F81A  A9 70     LDA #$70                        A:70 X:00 Y:5F P:25 SP:F9 PPU: 25,217 CYC:2914
> F81C  60        RTS                             A:70 X:00 Y:5F P:25 SP:F9 PPU: 25,223 CYC:2916
> D08A  41 82     EOR ($82,X)                     A:70 X:00 Y:5F P:25 SP:FB PPU: 25,241 CYC:2922
> D08C  20 1D F8  JSR $F81D                       A:DD X:00 Y:5F P:A5 SP:FB PPU: 25,259 CYC:2928
> F81D  D0 07     BNE $F826                       A:DD X:00 Y:5F P:A5 SP:F9 PPU: 25,277 CYC:2934
> F826  84 00     STY $00 = 5E                    A:DD X:00 Y:5F P:A5 SP:F9 PPU: 25,286 CYC:2937
> F828  60        RTS                             A:DD X:00 Y:5F P:A5 SP:F9 PPU: 25,295 CYC:2940
> D08F  C8        INY                             A:DD X:00 Y:5F P:A5 SP:FB PPU: 25,313 CYC:2946
> D090  A9 69     LDA #$69                        A:DD X:00 Y:60 P:25 SP:FB PPU: 25,319 CYC:2948
> D092  8D 00 02  STA $0200 = AA                  A:69 X:00 Y:60 P:25 SP:FB PPU: 25,325 CYC:2950
> D095  20 29 F8  JSR $F829                       A:69 X:00 Y:60 P:25 SP:FB PPU: 25,337 CYC:2954
> F829  18        CLC                             A:69 X:00 Y:60 P:25 SP:F9 PPU: 26, 14 CYC:2960
> F82A  24 01     BIT $01 = FF                    A:69 X:00 Y:60 P:24 SP:F9 PPU: 26, 20 CYC:2962
> F82C  A9 00     LDA #$00                        A:69 X:00 Y:60 P:E4 SP:F9 PPU: 26, 29 CYC:2965
> F82E  60        RTS                             A:00 X:00 Y:60 P:66 SP:F9 PPU: 26, 35 CYC:2967
> D098  61 80     ADC ($80,X)                     A:00 X:00 Y:60 P:66 SP:FB PPU: 26, 53 CYC:2973
> D09A  20 2F F8  JSR $F82F                       A:AD X:00 Y:60 P:A4 SP:FB PPU: 26, 71 CYC:2979
> F82F  30 09     BMI $F83A                       A:AD X:00 Y:60 P:A4 SP:F9 PPU: 26, 89 CYC:2985
> F83A  84 00     STY $00 = 5F                    A:AD X:00 Y:60 P:A4 SP:F9 PPU: 26, 98 CYC:2988
> F83C  60        RTS                             A:AD X:00 Y:60 P:A4 SP:F9 PPU: 26,107 CYC:2991
> D09D  C8        INY                             A:AD X:00 Y:60 P:A4 SP:FB PPU: 26,125 CYC:2997
> D09E  20 3D F8  JSR $F83D                       A:AD X:00 Y:61 P:24 SP:FB PPU: 26,131 CYC:2999
> F83D  38        SEC                             A:AD X:00 Y:61 P:24 SP:F9 PPU: 26,149 CYC:3005
> F83E  24 01     BIT $01 = FF                    A:AD X:00 Y:61 P:25 SP:F9 PPU: 26,155 CYC:3007
> F840  A9 00     LDA #$00                        A:AD X:00 Y:61 P:E5 SP:F9 PPU: 26,164 CYC:3010
> F842  60        RTS                             A:00 X:00 Y:61 P:67 SP:F9 PPU: 26,170 CYC:3012
> D0A1  61 80     ADC ($80,X)                     A:00 X:00 Y:61 P:67 SP:FB PPU: 26,188 CYC:3018
> D0A3  20 43 F8  JSR $F843                       A:AE X:00 Y:61 P:A4 SP:FB PPU: 26,206 CYC:3024
> F843  30 09     BMI $F84E                       A:AE X:00 Y:61 P:A4 SP:F9 PPU: 26,224 CYC:3030
> F84E  84 00     STY $00 = 60                    A:AE X:00 Y:61 P:A4 SP:F9 PPU: 26,233 CYC:3033
> F850  60        RTS                             A:AE X:00 Y:61 P:A4 SP:F9 PPU: 26,242 CYC:3036
> D0A6  C8        INY                             A:AE X:00 Y:61 P:A4 SP:FB PPU: 26,260 CYC:3042
> D0A7  A9 7F     LDA #$7F                        A:AE X:00 Y:62 P:24 SP:FB PPU: 26,266 CYC:3044
> D0A9  8D 00 02  STA $0200 = 69                  A:7F X:00 Y:62 P:24 SP:FB PPU: 26,272 CYC:3046
> D0AC  20 51 F8  JSR $F851                       A:7F X:00 Y:62 P:24 SP:FB PPU: 26,284 CYC:3050
> F851  38        SEC                             A:7F X:00 Y:62 P:24 SP:F9 PPU: 26,302 CYC:3056
> F852  B8        CLV                             A:7F X:00 Y:62 P:25 SP:F9 PPU: 26,308 CYC:3058
> F853  A9 7F     LDA #$7F                        A:7F X:00 Y:62 P:25 SP:F9 PPU: 26,314 CYC:3060
> F855  60        RTS                             A:7F X:00 Y:62 P:25 SP:F9 PPU: 26,320 CYC:3062
> D0AF  61 80     ADC ($80,X)                     A:7F X:00 Y:62 P:25 SP:FB PPU: 26,338 CYC:3068
> D0B1  20 56 F8  JSR $F856                       A:2D X:00 Y:62 P:25 SP:FB PPU: 27, 15 CYC:3074
> F856  10 09     BPL $F861                       A:2D X:00 Y:62 P:25 SP:F9 PPU: 27, 33 CYC:3080
> F861  84 00     STY $00 = 61                    A:2D X:00 Y:62 P:25 SP:F9 PPU: 27, 42 CYC:3083
> F863  60        RTS                             A:2D X:00 Y:62 P:25 SP:F9 PPU: 27, 51 CYC:3086
> D0B4  C8        INY                             A:2D X:00 Y:62 P:25 SP:FB PPU: 27, 69 CYC:3092
> D0B5  A9 80     LDA #$80                        A:2D X:00 Y:63 P:25 SP:FB PPU: 27, 75 CYC:3094
> D0B7  8D 00 02  STA $0200 = 7F                  A:80 X:00 Y:63 P:A5 SP:FB PPU: 27, 81 CYC:3096
> D0BA  20 64 F8  JSR $F864                       A:80 X:00 Y:63 P:A5 SP:FB PPU: 27, 93 CYC:3100
> F864  18        CLC                             A:80 X:00 Y:63 P:A5 SP:F9 PPU: 27,111 CYC:3106
> F865  24 01     BIT $01 = FF                    A:80 X:00 Y:63 P:A4 SP:F9 PPU: 27,117 CYC:3108
> F867  A9 7F     LDA #$7F                        A:80 X:00 Y:63 P:E4 SP:F9 PPU: 27,126 CYC:3111
> F869  60        RTS                             A:7F X:00 Y:63 P:64 SP:F9 PPU: 27,132 CYC:3113
> D0BD  61 80     ADC ($80,X)                     A:7F X:00 Y:63 P:64 SP:FB PPU: 27,150 CYC:3119
> D0BF  20 6A F8  JSR $F86A                       A:2C X:00 Y:63 P:25 SP:FB PPU: 27,168 CYC:3125
> F86A  10 09     BPL $F875                       A:2C X:00 Y:63 P:25 SP:F9 PPU: 27,186 CYC:3131
> F875  84 00     STY $00 = 62                    A:2C X:00 Y:63 P:25 SP:F9 PPU: 27,195 CYC:3134
> F877  60        RTS                             A:2C X:00 Y:63 P:25 SP:F9 PPU: 27,204 CYC:3137
> D0C2  C8        INY                             A:2C X:00 Y:63 P:25 SP:FB PPU: 27,222 CYC:3143
> D0C3  20 78 F8  JSR $F878                       A:2C X:00 Y:64 P:25 SP:FB PPU: 27,228 CYC:3145
> F878  38        SEC                             A:2C X:00 Y:64 P:25 SP:F9 PPU: 27,246 CYC:3151
> F879  B8        CLV                             A:2C X:00 Y:64 P:25 SP:F9 PPU: 27,252 CYC:3153
> F87A  A9 7F     LDA #$7F                        A:2C X:00 Y:64 P:25 SP:F9 PPU: 27,258 CYC:3155
> F87C  60        RTS                             A:7F X:00 Y:64 P:25 SP:F9 PPU: 27,264 CYC:3157
> D0C6  61 80     ADC ($80,X)                     A:7F X:00 Y:64 P:25 SP:FB PPU: 27,282 CYC:3163
> D0C8  20 7D F8  JSR $F87D                       A:2D X:00 Y:64 P:25 SP:FB PPU: 27,300 CYC:3169
> F87D  D0 07     BNE $F886                       A:2D X:00 Y:64 P:25 SP:F9 PPU: 27,318 CYC:3175
> F886  84 00     STY $00 = 63                    A:2D X:00 Y:64 P:25 SP:F9 PPU: 27,327 CYC:3178
> F888  60        RTS                             A:2D X:00 Y:64 P:25 SP:F9 PPU: 27,336 CYC:3181
> D0CB  C8        INY                             A:2D X:00 Y:64 P:25 SP:FB PPU: 28, 13 CYC:3187
> D0CC  A9 40     LDA #$40                        A:2D X:00 Y:65 P:25 SP:FB PPU: 28, 19 CYC:3189
> D0CE  8D 00 02  STA $0200 = 80                  A:40 X:00 Y:65 P:25 SP:FB PPU: 28, 25 CYC:3191
> D0D1  20 89 F8  JSR $F889                       A:40 X:00 Y:65 P:25 SP:FB PPU: 28, 37 CYC:3195
> F889  24 01     BIT $01 = FF                    A:40 X:00 Y:65 P:25 SP:F9 PPU: 28, 55 CYC:3201
> F88B  A9 40     LDA #$40                        A:40 X:00 Y:65 P:E5 SP:F9 PPU: 28, 64 CYC:3204
> F88D  60        RTS                             A:40 X:00 Y:65 P:65 SP:F9 PPU: 28, 70 CYC:3206
> D0D4  C1 80     CMP ($80,X)                     A:40 X:00 Y:65 P:65 SP:FB PPU: 28, 88 CYC:3212
> D0D6  20 8E F8  JSR $F88E                       A:40 X:00 Y:65 P:E4 SP:FB PPU: 28,106 CYC:3218
> F88E  30 07     BMI $F897                       A:40 X:00 Y:65 P:E4 SP:F9 PPU: 28,124 CYC:3224
> F897  84 00     STY $00 = 64                    A:40 X:00 Y:65 P:E4 SP:F9 PPU: 28,133 CYC:3227
> F899  60        RTS                             A:40 X:00 Y:65 P:E4 SP:F9 PPU: 28,142 CYC:3230
> D0D9  C8        INY                             A:40 X:00 Y:65 P:E4 SP:FB PPU: 28,160 CYC:3236
> D0DA  48        PHA                             A:40 X:00 Y:66 P:64 SP:FB PPU: 28,166 CYC:3238
> D0DB  A9 3F     LDA #$3F                        A:40 X:00 Y:66 P:64 SP:FA PPU: 28,175 CYC:3241
> D0DD  8D 00 02  STA $0200 = 40                  A:3F X:00 Y:66 P:64 SP:FA PPU: 28,181 CYC:3243
> D0E0  68        PLA                             A:3F X:00 Y:66 P:64 SP:FA PPU: 28,193 CYC:3247
> D0E1  20 9A F8  JSR $F89A                       A:40 X:00 Y:66 P:64 SP:FB PPU: 28,205 CYC:3251
> F89A  B8        CLV                             A:40 X:00 Y:66 P:64 SP:F9 PPU: 28,223 CYC:3257
> F89B  60        RTS                             A:40 X:00 Y:66 P:24 SP:F9 PPU: 28,229 CYC:3259
> D0E4  C1 80     CMP ($80,X)                     A:40 X:00 Y:66 P:24 SP:FB PPU: 28,247 CYC:3265
> D0E6  20 9C F8  JSR $F89C                       A:40 X:00 Y:66 P:A4 SP:FB PPU: 28,265 CYC:3271
> F89C  F0 07     BEQ $F8A5                       A:40 X:00 Y:66 P:A4 SP:F9 PPU: 28,283 CYC:3277
> F89E  30 05     BMI $F8A5                       A:40 X:00 Y:66 P:A4 SP:F9 PPU: 28,289 CYC:3279
> F8A5  84 00     STY $00 = 65                    A:40 X:00 Y:66 P:A4 SP:F9 PPU: 28,298 CYC:3282
> F8A7  60        RTS                             A:40 X:00 Y:66 P:A4 SP:F9 PPU: 28,307 CYC:3285
> D0E9  C8        INY                             A:40 X:00 Y:66 P:A4 SP:FB PPU: 28,325 CYC:3291
> D0EA  48        PHA                             A:40 X:00 Y:67 P:24 SP:FB PPU: 28,331 CYC:3293
> D0EB  A9 41     LDA #$41                        A:40 X:00 Y:67 P:24 SP:FA PPU: 28,340 CYC:3296
> D0ED  8D 00 02  STA $0200 = 3F                  A:41 X:00 Y:67 P:24 SP:FA PPU: 29,  5 CYC:3298
> D0F0  68        PLA                             A:41 X:00 Y:67 P:24 SP:FA PPU: 29, 17 CYC:3302
> D0F1  C1 80     CMP ($80,X)                     A:40 X:00 Y:67 P:24 SP:FB PPU: 29, 29 CYC:3306
> D0F3  20 A8 F8  JSR $F8A8                       A:40 X:00 Y:67 P:A4 SP:FB PPU: 29, 47 CYC:3312
> F8A8  F0 05     BEQ $F8AF                       A:40 X:00 Y:67 P:A4 SP:F9 PPU: 29, 65 CYC:3318
> F8AA  10 03     BPL $F8AF                       A:40 X:00 Y:67 P:A4 SP:F9 PPU: 29, 71 CYC:3320
> F8AC  10 01     BPL $F8AF                       A:40 X:00 Y:67 P:A4 SP:F9 PPU: 29, 77 CYC:3322
> F8AE  60        RTS                             A:40 X:00 Y:67 P:A4 SP:F9 PPU: 29, 83 CYC:3324
> D0F6  C8        INY                             A:40 X:00 Y:67 P:A4 SP:FB PPU: 29,101 CYC:3330
> D0F7  48        PHA                             A:40 X:00 Y:68 P:24 SP:FB PPU: 29,107 CYC:3332
> D0F8  A9 00     LDA #$00                        A:40 X:00 Y:68 P:24 SP:FA PPU: 29,116 CYC:3335
> D0FA  8D 00 02  STA $0200 = 41                  A:00 X:00 Y:68 P:26 SP:FA PPU: 29,122 CYC:3337
> D0FD  68        PLA                             A:00 X:00 Y:68 P:26 SP:FA PPU: 29,134 CYC:3341
> D0FE  20 B2 F8  JSR $F8B2                       A:40 X:00 Y:68 P:24 SP:FB PPU: 29,146 CYC:3345
> F8B2  A9 80     LDA #$80                        A:40 X:00 Y:68 P:24 SP:F9 PPU: 29,164 CYC:3351
> F8B4  60        RTS                             A:80 X:00 Y:68 P:A4 SP:F9 PPU: 29,170 CYC:3353
> D101  C1 80     CMP ($80,X)                     A:80 X:00 Y:68 P:A4 SP:FB PPU: 29,188 CYC:3359
> D103  20 B5 F8  JSR $F8B5                       A:80 X:00 Y:68 P:A4 SP:FB PPU: 29,206 CYC:3365
> F8B5  F0 05     BEQ $F8BC                       A:80 X:00 Y:68 P:A4 SP:F9 PPU: 29,224 CYC:3371
> F8B7  10 03     BPL $F8BC                       A:80 X:00 Y:68 P:A4 SP:F9 PPU: 29,230 CYC:3373
> F8B9  90 01     BCC $F8BC                       A:80 X:00 Y:68 P:A4 SP:F9 PPU: 29,236 CYC:3375
> F8BC  84 00     STY $00 = 66                    A:80 X:00 Y:68 P:A4 SP:F9 PPU: 29,245 CYC:3378
> F8BE  60        RTS                             A:80 X:00 Y:68 P:A4 SP:F9 PPU: 29,254 CYC:3381
> D106  C8        INY                             A:80 X:00 Y:68 P:A4 SP:FB PPU: 29,272 CYC:3387
> D107  48        PHA                             A:80 X:00 Y:69 P:24 SP:FB PPU: 29,278 CYC:3389
> D108  A9 80     LDA #$80                        A:80 X:00 Y:69 P:24 SP:FA PPU: 29,287 CYC:3392
> D10A  8D 00 02  STA $0200 = 00                  A:80 X:00 Y:69 P:A4 SP:FA PPU: 29,293 CYC:3394
> D10D  68        PLA                             A:80 X:00 Y:69 P:A4 SP:FA PPU: 29,305 CYC:3398
> D10E  C1 80     CMP ($80,X)                     A:80 X:00 Y:69 P:A4 SP:FB PPU: 29,317 CYC:3402
> D110  20 BF F8  JSR $F8BF                       A:80 X:00 Y:69 P:A4 SP:FB PPU: 29,335 CYC:3408
> F8BF  D0 05     BNE $F8C6                       A:80 X:00 Y:69 P:A4 SP:F9 PPU: 30, 12 CYC:3414
> F8C6  84 00     STY $00 = 68                    A:80 X:00 Y:69 P:A4 SP:F9 PPU: 30, 21 CYC:3417
> F8C8  60        RTS                             A:80 X:00 Y:69 P:A4 SP:F9 PPU: 30, 30 CYC:3420
> D113  C8        INY                             A:80 X:00 Y:69 P:A4 SP:FB PPU: 30, 48 CYC:3426
> D114  48        PHA                             A:80 X:00 Y:6A P:24 SP:FB PPU: 30, 54 CYC:3428
> D115  A9 81     LDA #$81                        A:80 X:00 Y:6A P:24 SP:FA PPU: 30, 63 CYC:3431
> D117  8D 00 02  STA $0200 = 80                  A:81 X:00 Y:6A P:A4 SP:FA PPU: 30, 69 CYC:3433
> D11A  68        PLA                             A:81 X:00 Y:6A P:A4 SP:FA PPU: 30, 81 CYC:3437
> D11B  C1 80     CMP ($80,X)                     A:80 X:00 Y:6A P:A4 SP:FB PPU: 30, 93 CYC:3441
> D11D  20 C9 F8  JSR $F8C9                       A:80 X:00 Y:6A P:A4 SP:FB PPU: 30,111 CYC:3447
> F8C9  B0 05     BCS $F8D0                       A:80 X:00 Y:6A P:A4 SP:F9 PPU: 30,129 CYC:3453
> F8CB  F0 03     BEQ $F8D0                       A:80 X:00 Y:6A P:A4 SP:F9 PPU: 30,135 CYC:3455
> F8CD  10 01     BPL $F8D0                       A:80 X:00 Y:6A P:A4 SP:F9 PPU: 30,141 CYC:3457
> F8CF  60        RTS                             A:80 X:00 Y:6A P:A4 SP:F9 PPU: 30,147 CYC:3459
> D120  C8        INY                             A:80 X:00 Y:6A P:A4 SP:FB PPU: 30,165 CYC:3465
> D121  48        PHA                             A:80 X:00 Y:6B P:24 SP:FB PPU: 30,171 CYC:3467
> D122  A9 7F     LDA #$7F                        A:80 X:00 Y:6B P:24 SP:FA PPU: 30,180 CYC:3470
> D124  8D 00 02  STA $0200 = 81                  A:7F X:00 Y:6B P:24 SP:FA PPU: 30,186 CYC:3472
> D127  68        PLA                             A:7F X:00 Y:6B P:24 SP:FA PPU: 30,198 CYC:3476
> D128  C1 80     CMP ($80,X)                     A:80 X:00 Y:6B P:A4 SP:FB PPU: 30,210 CYC:3480
> D12A  20 D3 F8  JSR $F8D3                       A:80 X:00 Y:6B P:A4 SP:FB PPU: 30,228 CYC:3486
> F8D3  90 05     BCC $F8DA                       A:80 X:00 Y:6B P:A4 SP:F9 PPU: 30,246 CYC:3492
> F8DA  84 00     STY $00 = 69                    A:80 X:00 Y:6B P:A4 SP:F9 PPU: 30,255 CYC:3495
> F8DC  60        RTS                             A:80 X:00 Y:6B P:A4 SP:F9 PPU: 30,264 CYC:3498
> D12D  C8        INY                             A:80 X:00 Y:6B P:A4 SP:FB PPU: 30,282 CYC:3504
> D12E  A9 40     LDA #$40                        A:80 X:00 Y:6C P:24 SP:FB PPU: 30,288 CYC:3506
> D130  8D 00 02  STA $0200 = 7F                  A:40 X:00 Y:6C P:24 SP:FB PPU: 30,294 CYC:3508
> D133  20 31 F9  JSR $F931                       A:40 X:00 Y:6C P:24 SP:FB PPU: 30,306 CYC:3512
> F931  24 01     BIT $01 = FF                    A:40 X:00 Y:6C P:24 SP:F9 PPU: 30,324 CYC:3518
> F933  A9 40     LDA #$40                        A:40 X:00 Y:6C P:E4 SP:F9 PPU: 30,333 CYC:3521
> F935  38        SEC                             A:40 X:00 Y:6C P:64 SP:F9 PPU: 30,339 CYC:3523
> F936  60        RTS                             A:40 X:00 Y:6C P:65 SP:F9 PPU: 31,  4 CYC:3525
> D136  E1 80     SBC ($80,X)                     A:40 X:00 Y:6C P:65 SP:FB PPU: 31, 22 CYC:3531
> D138  20 37 F9  JSR $F937                       A:93 X:00 Y:6C P:E4 SP:FB PPU: 31, 40 CYC:3537
> F937  30 0B     BMI $F944                       A:93 X:00 Y:6C P:E4 SP:F9 PPU: 31, 58 CYC:3543
> F944  84 00     STY $00 = 6B                    A:93 X:00 Y:6C P:E4 SP:F9 PPU: 31, 67 CYC:3546
> F946  60        RTS                             A:93 X:00 Y:6C P:E4 SP:F9 PPU: 31, 76 CYC:3549
> D13B  C8        INY                             A:93 X:00 Y:6C P:E4 SP:FB PPU: 31, 94 CYC:3555
> D13C  A9 3F     LDA #$3F                        A:93 X:00 Y:6D P:64 SP:FB PPU: 31,100 CYC:3557
> D13E  8D 00 02  STA $0200 = 40                  A:3F X:00 Y:6D P:64 SP:FB PPU: 31,106 CYC:3559
> D141  20 47 F9  JSR $F947                       A:3F X:00 Y:6D P:64 SP:FB PPU: 31,118 CYC:3563
> F947  B8        CLV                             A:3F X:00 Y:6D P:64 SP:F9 PPU: 31,136 CYC:3569
> F948  38        SEC                             A:3F X:00 Y:6D P:24 SP:F9 PPU: 31,142 CYC:3571
> F949  A9 40     LDA #$40                        A:3F X:00 Y:6D P:25 SP:F9 PPU: 31,148 CYC:3573
> F94B  60        RTS                             A:40 X:00 Y:6D P:25 SP:F9 PPU: 31,154 CYC:3575
> D144  E1 80     SBC ($80,X)                     A:40 X:00 Y:6D P:25 SP:FB PPU: 31,172 CYC:3581
> D146  20 4C F9  JSR $F94C                       A:93 X:00 Y:6D P:E4 SP:FB PPU: 31,190 CYC:3587
> F94C  F0 0B     BEQ $F959                       A:93 X:00 Y:6D P:E4 SP:F9 PPU: 31,208 CYC:3593
> F94E  30 09     BMI $F959                       A:93 X:00 Y:6D P:E4 SP:F9 PPU: 31,214 CYC:3595
> F959  84 00     STY $00 = 6C                    A:93 X:00 Y:6D P:E4 SP:F9 PPU: 31,223 CYC:3598
> F95B  60        RTS                             A:93 X:00 Y:6D P:E4 SP:F9 PPU: 31,232 CYC:3601
> D149  C8        INY                             A:93 X:00 Y:6D P:E4 SP:FB PPU: 31,250 CYC:3607
> D14A  A9 41     LDA #$41                        A:93 X:00 Y:6E P:64 SP:FB PPU: 31,256 CYC:3609
> D14C  8D 00 02  STA $0200 = 3F                  A:41 X:00 Y:6E P:64 SP:FB PPU: 31,262 CYC:3611
> D14F  20 5C F9  JSR $F95C                       A:41 X:00 Y:6E P:64 SP:FB PPU: 31,274 CYC:3615
> F95C  A9 40     LDA #$40                        A:41 X:00 Y:6E P:64 SP:F9 PPU: 31,292 CYC:3621
> F95E  38        SEC                             A:40 X:00 Y:6E P:64 SP:F9 PPU: 31,298 CYC:3623
> F95F  24 01     BIT $01 = FF                    A:40 X:00 Y:6E P:65 SP:F9 PPU: 31,304 CYC:3625
> F961  60        RTS                             A:40 X:00 Y:6E P:E5 SP:F9 PPU: 31,313 CYC:3628
> D152  E1 80     SBC ($80,X)                     A:40 X:00 Y:6E P:E5 SP:FB PPU: 31,331 CYC:3634
> D154  20 62 F9  JSR $F962                       A:93 X:00 Y:6E P:E4 SP:FB PPU: 32,  8 CYC:3640
> F962  B0 0B     BCS $F96F                       A:93 X:00 Y:6E P:E4 SP:F9 PPU: 32, 26 CYC:3646
> F964  F0 09     BEQ $F96F                       A:93 X:00 Y:6E P:E4 SP:F9 PPU: 32, 32 CYC:3648
> F966  10 07     BPL $F96F                       A:93 X:00 Y:6E P:E4 SP:F9 PPU: 32, 38 CYC:3650
> F968  70 05     BVS $F96F                       A:93 X:00 Y:6E P:E4 SP:F9 PPU: 32, 44 CYC:3652
> F96F  84 00     STY $00 = 6D                    A:93 X:00 Y:6E P:E4 SP:F9 PPU: 32, 53 CYC:3655
> F971  60        RTS                             A:93 X:00 Y:6E P:E4 SP:F9 PPU: 32, 62 CYC:3658
> D157  C8        INY                             A:93 X:00 Y:6E P:E4 SP:FB PPU: 32, 80 CYC:3664
> D158  A9 00     LDA #$00                        A:93 X:00 Y:6F P:64 SP:FB PPU: 32, 86 CYC:3666
> D15A  8D 00 02  STA $0200 = 41                  A:00 X:00 Y:6F P:66 SP:FB PPU: 32, 92 CYC:3668
> D15D  20 72 F9  JSR $F972                       A:00 X:00 Y:6F P:66 SP:FB PPU: 32,104 CYC:3672
> F972  18        CLC                             A:00 X:00 Y:6F P:66 SP:F9 PPU: 32,122 CYC:3678
> F973  A9 80     LDA #$80                        A:00 X:00 Y:6F P:66 SP:F9 PPU: 32,128 CYC:3680
> F975  60        RTS                             A:80 X:00 Y:6F P:E4 SP:F9 PPU: 32,134 CYC:3682
> D160  E1 80     SBC ($80,X)                     A:80 X:00 Y:6F P:E4 SP:FB PPU: 32,152 CYC:3688
> D162  20 76 F9  JSR $F976                       A:D2 X:00 Y:6F P:A4 SP:FB PPU: 32,170 CYC:3694
> F976  90 05     BCC $F97D                       A:D2 X:00 Y:6F P:A4 SP:F9 PPU: 32,188 CYC:3700
> F97D  84 00     STY $00 = 6E                    A:D2 X:00 Y:6F P:A4 SP:F9 PPU: 32,197 CYC:3703
> F97F  60        RTS                             A:D2 X:00 Y:6F P:A4 SP:F9 PPU: 32,206 CYC:3706
> D165  C8        INY                             A:D2 X:00 Y:6F P:A4 SP:FB PPU: 32,224 CYC:3712
> D166  A9 7F     LDA #$7F                        A:D2 X:00 Y:70 P:24 SP:FB PPU: 32,230 CYC:3714
> D168  8D 00 02  STA $0200 = 00                  A:7F X:00 Y:70 P:24 SP:FB PPU: 32,236 CYC:3716
> D16B  20 80 F9  JSR $F980                       A:7F X:00 Y:70 P:24 SP:FB PPU: 32,248 CYC:3720
> F980  38        SEC                             A:7F X:00 Y:70 P:24 SP:F9 PPU: 32,266 CYC:3726
> F981  A9 81     LDA #$81                        A:7F X:00 Y:70 P:25 SP:F9 PPU: 32,272 CYC:3728
> F983  60        RTS                             A:81 X:00 Y:70 P:A5 SP:F9 PPU: 32,278 CYC:3730
> D16E  E1 80     SBC ($80,X)                     A:81 X:00 Y:70 P:A5 SP:FB PPU: 32,296 CYC:3736
> D170  20 84 F9  JSR $F984                       A:D4 X:00 Y:70 P:A4 SP:FB PPU: 32,314 CYC:3742
> F984  50 07     BVC $F98D                       A:D4 X:00 Y:70 P:A4 SP:F9 PPU: 32,332 CYC:3748
> F98D  84 00     STY $00 = 6F                    A:D4 X:00 Y:70 P:A4 SP:F9 PPU: 33,  0 CYC:3751
> F98F  60        RTS                             A:D4 X:00 Y:70 P:A4 SP:F9 PPU: 33,  9 CYC:3754
> D173  60        RTS                             A:D4 X:00 Y:70 P:A4 SP:FB PPU: 33, 27 CYC:3760
> C612  20 74 D1  JSR $D174                       A:D4 X:00 Y:70 P:A4 SP:FD PPU: 33, 45 CYC:3766
> D174  A9 55     LDA #$55                        A:D4 X:00 Y:70 P:A4 SP:FB PPU: 33, 63 CYC:3772
> D176  85 78     STA $78 = 00                    A:55 X:00 Y:70 P:24 SP:FB PPU: 33, 69 CYC:3774
> D178  A9 FF     LDA #$FF                        A:55 X:00 Y:70 P:24 SP:FB PPU: 33, 78 CYC:3777
> D17A  85 01     STA $01 = FF                    A:FF X:00 Y:70 P:A4 SP:FB PPU: 33, 84 CYC:3779
> D17C  24 01     BIT $01 = FF                    A:FF X:00 Y:70 P:A4 SP:FB PPU: 33, 93 CYC:3782
> D17E  A0 11     LDY #$11                        A:FF X:00 Y:70 P:E4 SP:FB PPU: 33,102 CYC:3785
> D180  A2 23     LDX #$23                        A:FF X:00 Y:11 P:64 SP:FB PPU: 33,108 CYC:3787
> D182  A9 00     LDA #$00                        A:FF X:23 Y:11 P:64 SP:FB PPU: 33,114 CYC:3789
> D184  A5 78     LDA $78                         A:00 X:23 Y:11 P:66 SP:FB PPU: 33,120 CYC:3791
> D186  F0 10     BEQ $D198                       A:55 X:23 Y:11 P:64 SP:FB PPU: 33,129 CYC:3794
> D188  30 0E     BMI $D198                       A:55 X:23 Y:11 P:64 SP:FB PPU: 33,135 CYC:3796
> D18A  C9 55     CMP #$55                        A:55 X:23 Y:11 P:64 SP:FB PPU: 33,141 CYC:3798
> D18C  D0 0A     BNE $D198                       A:55 X:23 Y:11 P:67 SP:FB PPU: 33,147 CYC:3800
> D18E  C0 11     CPY #$11                        A:55 X:23 Y:11 P:67 SP:FB PPU: 33,153 CYC:3802
> D190  D0 06     BNE $D198                       A:55 X:23 Y:11 P:67 SP:FB PPU: 33,159 CYC:3804
> D192  E0 23     CPX #$23                        A:55 X:23 Y:11 P:67 SP:FB PPU: 33,165 CYC:3806
> D194  50 02     BVC $D198                       A:55 X:23 Y:11 P:67 SP:FB PPU: 33,171 CYC:3808
> D196  F0 04     BEQ $D19C                       A:55 X:23 Y:11 P:67 SP:FB PPU: 33,177 CYC:3810
> D19C  A9 46     LDA #$46                        A:55 X:23 Y:11 P:67 SP:FB PPU: 33,186 CYC:3813
> D19E  24 01     BIT $01 = FF                    A:46 X:23 Y:11 P:65 SP:FB PPU: 33,192 CYC:3815
> D1A0  85 78     STA $78 = 55                    A:46 X:23 Y:11 P:E5 SP:FB PPU: 33,201 CYC:3818
> D1A2  F0 0A     BEQ $D1AE                       A:46 X:23 Y:11 P:E5 SP:FB PPU: 33,210 CYC:3821
> D1A4  10 08     BPL $D1AE                       A:46 X:23 Y:11 P:E5 SP:FB PPU: 33,216 CYC:3823
> D1A6  50 06     BVC $D1AE                       A:46 X:23 Y:11 P:E5 SP:FB PPU: 33,222 CYC:3825
> D1A8  A5 78     LDA $78                         A:46 X:23 Y:11 P:E5 SP:FB PPU: 33,228 CYC:3827
> D1AA  C9 46     CMP #$46                        A:46 X:23 Y:11 P:65 SP:FB PPU: 33,237 CYC:3830
> D1AC  F0 04     BEQ $D1B2                       A:46 X:23 Y:11 P:67 SP:FB PPU: 33,243 CYC:3832
> D1B2  A9 55     LDA #$55                        A:46 X:23 Y:11 P:67 SP:FB PPU: 33,252 CYC:3835
> D1B4  85 78     STA $78 = 46                    A:55 X:23 Y:11 P:65 SP:FB PPU: 33,258 CYC:3837
> D1B6  24 01     BIT $01 = FF                    A:55 X:23 Y:11 P:65 SP:FB PPU: 33,267 CYC:3840
> D1B8  A9 11     LDA #$11                        A:55 X:23 Y:11 P:E5 SP:FB PPU: 33,276 CYC:3843
> D1BA  A2 23     LDX #$23                        A:11 X:23 Y:11 P:65 SP:FB PPU: 33,282 CYC:3845
> D1BC  A0 00     LDY #$00                        A:11 X:23 Y:11 P:65 SP:FB PPU: 33,288 CYC:3847
> D1BE  A4 78     LDY $78                         A:11 X:23 Y:00 P:67 SP:FB PPU: 33,294 CYC:3849
> D1C0  F0 10     BEQ $D1D2                       A:11 X:23 Y:55 P:65 SP:FB PPU: 33,303 CYC:3852
> D1C2  30 0E     BMI $D1D2                       A:11 X:23 Y:55 P:65 SP:FB PPU: 33,309 CYC:3854
> D1C4  C0 55     CPY #$55                        A:11 X:23 Y:55 P:65 SP:FB PPU: 33,315 CYC:3856
> D1C6  D0 0A     BNE $D1D2                       A:11 X:23 Y:55 P:67 SP:FB PPU: 33,321 CYC:3858
> D1C8  C9 11     CMP #$11                        A:11 X:23 Y:55 P:67 SP:FB PPU: 33,327 CYC:3860
> D1CA  D0 06     BNE $D1D2                       A:11 X:23 Y:55 P:67 SP:FB PPU: 33,333 CYC:3862
> D1CC  E0 23     CPX #$23                        A:11 X:23 Y:55 P:67 SP:FB PPU: 33,339 CYC:3864
> D1CE  50 02     BVC $D1D2                       A:11 X:23 Y:55 P:67 SP:FB PPU: 34,  4 CYC:3866
> D1D0  F0 04     BEQ $D1D6                       A:11 X:23 Y:55 P:67 SP:FB PPU: 34, 10 CYC:3868
> D1D6  A0 46     LDY #$46                        A:11 X:23 Y:55 P:67 SP:FB PPU: 34, 19 CYC:3871
> D1D8  24 01     BIT $01 = FF                    A:11 X:23 Y:46 P:65 SP:FB PPU: 34, 25 CYC:3873
> D1DA  84 78     STY $78 = 55                    A:11 X:23 Y:46 P:E5 SP:FB PPU: 34, 34 CYC:3876
> D1DC  F0 0A     BEQ $D1E8                       A:11 X:23 Y:46 P:E5 SP:FB PPU: 34, 43 CYC:3879
> D1DE  10 08     BPL $D1E8                       A:11 X:23 Y:46 P:E5 SP:FB PPU: 34, 49 CYC:3881
> D1E0  50 06     BVC $D1E8                       A:11 X:23 Y:46 P:E5 SP:FB PPU: 34, 55 CYC:3883
> D1E2  A4 78     LDY $78                         A:11 X:23 Y:46 P:E5 SP:FB PPU: 34, 61 CYC:3885
> D1E4  C0 46     CPY #$46                        A:11 X:23 Y:46 P:65 SP:FB PPU: 34, 70 CYC:3888
> D1E6  F0 04     BEQ $D1EC                       A:11 X:23 Y:46 P:67 SP:FB PPU: 34, 76 CYC:3890
> D1EC  24 01     BIT $01 = FF                    A:11 X:23 Y:46 P:67 SP:FB PPU: 34, 85 CYC:3893
> D1EE  A9 55     LDA #$55                        A:11 X:23 Y:46 P:E5 SP:FB PPU: 34, 94 CYC:3896
> D1F0  85 78     STA $78 = 46                    A:55 X:23 Y:46 P:65 SP:FB PPU: 34,100 CYC:3898
> D1F2  A0 11     LDY #$11                        A:55 X:23 Y:46 P:65 SP:FB PPU: 34,109 CYC:3901
> D1F4  A9 23     LDA #$23                        A:55 X:23 Y:11 P:65 SP:FB PPU: 34,115 CYC:3903
> D1F6  A2 00     LDX #$00                        A:23 X:23 Y:11 P:65 SP:FB PPU: 34,121 CYC:3905
> D1F8  A6 78     LDX $78                         A:23 X:00 Y:11 P:67 SP:FB PPU: 34,127 CYC:3907
> D1FA  F0 10     BEQ $D20C                       A:23 X:55 Y:11 P:65 SP:FB PPU: 34,136 CYC:3910
> D1FC  30 0E     BMI $D20C                       A:23 X:55 Y:11 P:65 SP:FB PPU: 34,142 CYC:3912
> D1FE  E0 55     CPX #$55                        A:23 X:55 Y:11 P:65 SP:FB PPU: 34,148 CYC:3914
> D200  D0 0A     BNE $D20C                       A:23 X:55 Y:11 P:67 SP:FB PPU: 34,154 CYC:3916
> D202  C0 11     CPY #$11                        A:23 X:55 Y:11 P:67 SP:FB PPU: 34,160 CYC:3918
> D204  D0 06     BNE $D20C                       A:23 X:55 Y:11 P:67 SP:FB PPU: 34,166 CYC:3920
> D206  C9 23     CMP #$23                        A:23 X:55 Y:11 P:67 SP:FB PPU: 34,172 CYC:3922
> D208  50 02     BVC $D20C                       A:23 X:55 Y:11 P:67 SP:FB PPU: 34,178 CYC:3924
> D20A  F0 04     BEQ $D210                       A:23 X:55 Y:11 P:67 SP:FB PPU: 34,184 CYC:3926
> D210  A2 46     LDX #$46                        A:23 X:55 Y:11 P:67 SP:FB PPU: 34,193 CYC:3929
> D212  24 01     BIT $01 = FF                    A:23 X:46 Y:11 P:65 SP:FB PPU: 34,199 CYC:3931
> D214  86 78     STX $78 = 55                    A:23 X:46 Y:11 P:E5 SP:FB PPU: 34,208 CYC:3934
> D216  F0 0A     BEQ $D222                       A:23 X:46 Y:11 P:E5 SP:FB PPU: 34,217 CYC:3937
> D218  10 08     BPL $D222                       A:23 X:46 Y:11 P:E5 SP:FB PPU: 34,223 CYC:3939
> D21A  50 06     BVC $D222                       A:23 X:46 Y:11 P:E5 SP:FB PPU: 34,229 CYC:3941
> D21C  A6 78     LDX $78                         A:23 X:46 Y:11 P:E5 SP:FB PPU: 34,235 CYC:3943
> D21E  E0 46     CPX #$46                        A:23 X:46 Y:11 P:65 SP:FB PPU: 34,244 CYC:3946
> D220  F0 04     BEQ $D226                       A:23 X:46 Y:11 P:67 SP:FB PPU: 34,250 CYC:3948
> D226  A9 C0     LDA #$C0                        A:23 X:46 Y:11 P:67 SP:FB PPU: 34,259 CYC:3951
> D228  85 78     STA $78 = 46                    A:C0 X:46 Y:11 P:E5 SP:FB PPU: 34,265 CYC:3953
> D22A  A2 33     LDX #$33                        A:C0 X:46 Y:11 P:E5 SP:FB PPU: 34,274 CYC:3956
> D22C  A0 88     LDY #$88                        A:C0 X:33 Y:11 P:65 SP:FB PPU: 34,280 CYC:3958
> D22E  A9 05     LDA #$05                        A:C0 X:33 Y:88 P:E5 SP:FB PPU: 34,286 CYC:3960
> D230  24 78     BIT $78 = C0                    A:05 X:33 Y:88 P:65 SP:FB PPU: 34,292 CYC:3962
> D232  10 10     BPL $D244                       A:05 X:33 Y:88 P:E7 SP:FB PPU: 34,301 CYC:3965
> D234  50 0E     BVC $D244                       A:05 X:33 Y:88 P:E7 SP:FB PPU: 34,307 CYC:3967
> D236  D0 0C     BNE $D244                       A:05 X:33 Y:88 P:E7 SP:FB PPU: 34,313 CYC:3969
> D238  C9 05     CMP #$05                        A:05 X:33 Y:88 P:E7 SP:FB PPU: 34,319 CYC:3971
> D23A  D0 08     BNE $D244                       A:05 X:33 Y:88 P:67 SP:FB PPU: 34,325 CYC:3973
> D23C  E0 33     CPX #$33                        A:05 X:33 Y:88 P:67 SP:FB PPU: 34,331 CYC:3975
> D23E  D0 04     BNE $D244                       A:05 X:33 Y:88 P:67 SP:FB PPU: 34,337 CYC:3977
> D240  C0 88     CPY #$88                        A:05 X:33 Y:88 P:67 SP:FB PPU: 35,  2 CYC:3979
> D242  F0 04     BEQ $D248                       A:05 X:33 Y:88 P:67 SP:FB PPU: 35,  8 CYC:3981
> D248  A9 03     LDA #$03                        A:05 X:33 Y:88 P:67 SP:FB PPU: 35, 17 CYC:3984
> D24A  85 78     STA $78 = C0                    A:03 X:33 Y:88 P:65 SP:FB PPU: 35, 23 CYC:3986
> D24C  A9 01     LDA #$01                        A:03 X:33 Y:88 P:65 SP:FB PPU: 35, 32 CYC:3989
> D24E  24 78     BIT $78 = 03                    A:01 X:33 Y:88 P:65 SP:FB PPU: 35, 38 CYC:3991
> D250  30 08     BMI $D25A                       A:01 X:33 Y:88 P:25 SP:FB PPU: 35, 47 CYC:3994
> D252  70 06     BVS $D25A                       A:01 X:33 Y:88 P:25 SP:FB PPU: 35, 53 CYC:3996
> D254  F0 04     BEQ $D25A                       A:01 X:33 Y:88 P:25 SP:FB PPU: 35, 59 CYC:3998
> D256  C9 01     CMP #$01                        A:01 X:33 Y:88 P:25 SP:FB PPU: 35, 65 CYC:4000
> D258  F0 04     BEQ $D25E                       A:01 X:33 Y:88 P:27 SP:FB PPU: 35, 71 CYC:4002
> D25E  A0 7E     LDY #$7E                        A:01 X:33 Y:88 P:27 SP:FB PPU: 35, 80 CYC:4005
> D260  A9 AA     LDA #$AA                        A:01 X:33 Y:7E P:25 SP:FB PPU: 35, 86 CYC:4007
> D262  85 78     STA $78 = 03                    A:AA X:33 Y:7E P:A5 SP:FB PPU: 35, 92 CYC:4009
> D264  20 B6 F7  JSR $F7B6                       A:AA X:33 Y:7E P:A5 SP:FB PPU: 35,101 CYC:4012
> F7B6  18        CLC                             A:AA X:33 Y:7E P:A5 SP:F9 PPU: 35,119 CYC:4018
> F7B7  A9 FF     LDA #$FF                        A:AA X:33 Y:7E P:A4 SP:F9 PPU: 35,125 CYC:4020
> F7B9  85 01     STA $01 = FF                    A:FF X:33 Y:7E P:A4 SP:F9 PPU: 35,131 CYC:4022
> F7BB  24 01     BIT $01 = FF                    A:FF X:33 Y:7E P:A4 SP:F9 PPU: 35,140 CYC:4025
> F7BD  A9 55     LDA #$55                        A:FF X:33 Y:7E P:E4 SP:F9 PPU: 35,149 CYC:4028
> F7BF  60        RTS                             A:55 X:33 Y:7E P:64 SP:F9 PPU: 35,155 CYC:4030
> D267  05 78     ORA $78                         A:55 X:33 Y:7E P:64 SP:FB PPU: 35,173 CYC:4036
> D269  20 C0 F7  JSR $F7C0                       A:FF X:33 Y:7E P:E4 SP:FB PPU: 35,182 CYC:4039
> F7C0  B0 09     BCS $F7CB                       A:FF X:33 Y:7E P:E4 SP:F9 PPU: 35,200 CYC:4045
> F7C2  10 07     BPL $F7CB                       A:FF X:33 Y:7E P:E4 SP:F9 PPU: 35,206 CYC:4047
> F7C4  C9 FF     CMP #$FF                        A:FF X:33 Y:7E P:E4 SP:F9 PPU: 35,212 CYC:4049
> F7C6  D0 03     BNE $F7CB                       A:FF X:33 Y:7E P:67 SP:F9 PPU: 35,218 CYC:4051
> F7C8  50 01     BVC $F7CB                       A:FF X:33 Y:7E P:67 SP:F9 PPU: 35,224 CYC:4053
> F7CA  60        RTS                             A:FF X:33 Y:7E P:67 SP:F9 PPU: 35,230 CYC:4055
> D26C  C8        INY                             A:FF X:33 Y:7E P:67 SP:FB PPU: 35,248 CYC:4061
> D26D  A9 00     LDA #$00                        A:FF X:33 Y:7F P:65 SP:FB PPU: 35,254 CYC:4063
> D26F  85 78     STA $78 = AA                    A:00 X:33 Y:7F P:67 SP:FB PPU: 35,260 CYC:4065
> D271  20 CE F7  JSR $F7CE                       A:00 X:33 Y:7F P:67 SP:FB PPU: 35,269 CYC:4068
> F7CE  38        SEC                             A:00 X:33 Y:7F P:67 SP:F9 PPU: 35,287 CYC:4074
> F7CF  B8        CLV                             A:00 X:33 Y:7F P:67 SP:F9 PPU: 35,293 CYC:4076
> F7D0  A9 00     LDA #$00                        A:00 X:33 Y:7F P:27 SP:F9 PPU: 35,299 CYC:4078
> F7D2  60        RTS                             A:00 X:33 Y:7F P:27 SP:F9 PPU: 35,305 CYC:4080
> D274  05 78     ORA $78                         A:00 X:33 Y:7F P:27 SP:FB PPU: 35,323 CYC:4086
> D276  20 D3 F7  JSR $F7D3                       A:00 X:33 Y:7F P:27 SP:FB PPU: 35,332 CYC:4089
> F7D3  D0 07     BNE $F7DC                       A:00 X:33 Y:7F P:27 SP:F9 PPU: 36,  9 CYC:4095
> F7D5  70 05     BVS $F7DC                       A:00 X:33 Y:7F P:27 SP:F9 PPU: 36, 15 CYC:4097
> F7D7  90 03     BCC $F7DC                       A:00 X:33 Y:7F P:27 SP:F9 PPU: 36, 21 CYC:4099
> F7D9  30 01     BMI $F7DC                       A:00 X:33 Y:7F P:27 SP:F9 PPU: 36, 27 CYC:4101
> F7DB  60        RTS                             A:00 X:33 Y:7F P:27 SP:F9 PPU: 36, 33 CYC:4103
> D279  C8        INY                             A:00 X:33 Y:7F P:27 SP:FB PPU: 36, 51 CYC:4109
> D27A  A9 AA     LDA #$AA                        A:00 X:33 Y:80 P:A5 SP:FB PPU: 36, 57 CYC:4111
> D27C  85 78     STA $78 = 00                    A:AA X:33 Y:80 P:A5 SP:FB PPU: 36, 63 CYC:4113
> D27E  20 DF F7  JSR $F7DF                       A:AA X:33 Y:80 P:A5 SP:FB PPU: 36, 72 CYC:4116
> F7DF  18        CLC                             A:AA X:33 Y:80 P:A5 SP:F9 PPU: 36, 90 CYC:4122
> F7E0  24 01     BIT $01 = FF                    A:AA X:33 Y:80 P:A4 SP:F9 PPU: 36, 96 CYC:4124
> F7E2  A9 55     LDA #$55                        A:AA X:33 Y:80 P:E4 SP:F9 PPU: 36,105 CYC:4127
> F7E4  60        RTS                             A:55 X:33 Y:80 P:64 SP:F9 PPU: 36,111 CYC:4129
> D281  25 78     AND $78                         A:55 X:33 Y:80 P:64 SP:FB PPU: 36,129 CYC:4135
> D283  20 E5 F7  JSR $F7E5                       A:00 X:33 Y:80 P:66 SP:FB PPU: 36,138 CYC:4138
> F7E5  D0 07     BNE $F7EE                       A:00 X:33 Y:80 P:66 SP:F9 PPU: 36,156 CYC:4144
> F7E7  50 05     BVC $F7EE                       A:00 X:33 Y:80 P:66 SP:F9 PPU: 36,162 CYC:4146
> F7E9  B0 03     BCS $F7EE                       A:00 X:33 Y:80 P:66 SP:F9 PPU: 36,168 CYC:4148
> F7EB  30 01     BMI $F7EE                       A:00 X:33 Y:80 P:66 SP:F9 PPU: 36,174 CYC:4150
> F7ED  60        RTS                             A:00 X:33 Y:80 P:66 SP:F9 PPU: 36,180 CYC:4152
> D286  C8        INY                             A:00 X:33 Y:80 P:66 SP:FB PPU: 36,198 CYC:4158
> D287  A9 EF     LDA #$EF                        A:00 X:33 Y:81 P:E4 SP:FB PPU: 36,204 CYC:4160
> D289  85 78     STA $78 = AA                    A:EF X:33 Y:81 P:E4 SP:FB PPU: 36,210 CYC:4162
> D28B  20 F1 F7  JSR $F7F1                       A:EF X:33 Y:81 P:E4 SP:FB PPU: 36,219 CYC:4165
> F7F1  38        SEC                             A:EF X:33 Y:81 P:E4 SP:F9 PPU: 36,237 CYC:4171
> F7F2  B8        CLV                             A:EF X:33 Y:81 P:E5 SP:F9 PPU: 36,243 CYC:4173
> F7F3  A9 F8     LDA #$F8                        A:EF X:33 Y:81 P:A5 SP:F9 PPU: 36,249 CYC:4175
> F7F5  60        RTS                             A:F8 X:33 Y:81 P:A5 SP:F9 PPU: 36,255 CYC:4177
> D28E  25 78     AND $78                         A:F8 X:33 Y:81 P:A5 SP:FB PPU: 36,273 CYC:4183
> D290  20 F6 F7  JSR $F7F6                       A:E8 X:33 Y:81 P:A5 SP:FB PPU: 36,282 CYC:4186
> F7F6  90 09     BCC $F801                       A:E8 X:33 Y:81 P:A5 SP:F9 PPU: 36,300 CYC:4192
> F7F8  10 07     BPL $F801                       A:E8 X:33 Y:81 P:A5 SP:F9 PPU: 36,306 CYC:4194
> F7FA  C9 E8     CMP #$E8                        A:E8 X:33 Y:81 P:A5 SP:F9 PPU: 36,312 CYC:4196
> F7FC  D0 03     BNE $F801                       A:E8 X:33 Y:81 P:27 SP:F9 PPU: 36,318 CYC:4198
> F7FE  70 01     BVS $F801                       A:E8 X:33 Y:81 P:27 SP:F9 PPU: 36,324 CYC:4200
> F800  60        RTS                             A:E8 X:33 Y:81 P:27 SP:F9 PPU: 36,330 CYC:4202
> D293  C8        INY                             A:E8 X:33 Y:81 P:27 SP:FB PPU: 37,  7 CYC:4208
> D294  A9 AA     LDA #$AA                        A:E8 X:33 Y:82 P:A5 SP:FB PPU: 37, 13 CYC:4210
> D296  85 78     STA $78 = EF                    A:AA X:33 Y:82 P:A5 SP:FB PPU: 37, 19 CYC:4212
> D298  20 04 F8  JSR $F804                       A:AA X:33 Y:82 P:A5 SP:FB PPU: 37, 28 CYC:4215
> F804  18        CLC                             A:AA X:33 Y:82 P:A5 SP:F9 PPU: 37, 46 CYC:4221
> F805  24 01     BIT $01 = FF                    A:AA X:33 Y:82 P:A4 SP:F9 PPU: 37, 52 CYC:4223
> F807  A9 5F     LDA #$5F                        A:AA X:33 Y:82 P:E4 SP:F9 PPU: 37, 61 CYC:4226
> F809  60        RTS                             A:5F X:33 Y:82 P:64 SP:F9 PPU: 37, 67 CYC:4228
> D29B  45 78     EOR $78                         A:5F X:33 Y:82 P:64 SP:FB PPU: 37, 85 CYC:4234
> D29D  20 0A F8  JSR $F80A                       A:F5 X:33 Y:82 P:E4 SP:FB PPU: 37, 94 CYC:4237
> F80A  B0 09     BCS $F815                       A:F5 X:33 Y:82 P:E4 SP:F9 PPU: 37,112 CYC:4243
> F80C  10 07     BPL $F815                       A:F5 X:33 Y:82 P:E4 SP:F9 PPU: 37,118 CYC:4245
> F80E  C9 F5     CMP #$F5                        A:F5 X:33 Y:82 P:E4 SP:F9 PPU: 37,124 CYC:4247
> F810  D0 03     BNE $F815                       A:F5 X:33 Y:82 P:67 SP:F9 PPU: 37,130 CYC:4249
> F812  50 01     BVC $F815                       A:F5 X:33 Y:82 P:67 SP:F9 PPU: 37,136 CYC:4251
> F814  60        RTS                             A:F5 X:33 Y:82 P:67 SP:F9 PPU: 37,142 CYC:4253
> D2A0  C8        INY                             A:F5 X:33 Y:82 P:67 SP:FB PPU: 37,160 CYC:4259
> D2A1  A9 70     LDA #$70                        A:F5 X:33 Y:83 P:E5 SP:FB PPU: 37,166 CYC:4261
> D2A3  85 78     STA $78 = AA                    A:70 X:33 Y:83 P:65 SP:FB PPU: 37,172 CYC:4263
> D2A5  20 18 F8  JSR $F818                       A:70 X:33 Y:83 P:65 SP:FB PPU: 37,181 CYC:4266
> F818  38        SEC                             A:70 X:33 Y:83 P:65 SP:F9 PPU: 37,199 CYC:4272
> F819  B8        CLV                             A:70 X:33 Y:83 P:65 SP:F9 PPU: 37,205 CYC:4274
> F81A  A9 70     LDA #$70                        A:70 X:33 Y:83 P:25 SP:F9 PPU: 37,211 CYC:4276
> F81C  60        RTS                             A:70 X:33 Y:83 P:25 SP:F9 PPU: 37,217 CYC:4278
> D2A8  45 78     EOR $78                         A:70 X:33 Y:83 P:25 SP:FB PPU: 37,235 CYC:4284
> D2AA  20 1D F8  JSR $F81D                       A:00 X:33 Y:83 P:27 SP:FB PPU: 37,244 CYC:4287
> F81D  D0 07     BNE $F826                       A:00 X:33 Y:83 P:27 SP:F9 PPU: 37,262 CYC:4293
> F81F  70 05     BVS $F826                       A:00 X:33 Y:83 P:27 SP:F9 PPU: 37,268 CYC:4295
> F821  90 03     BCC $F826                       A:00 X:33 Y:83 P:27 SP:F9 PPU: 37,274 CYC:4297
> F823  30 01     BMI $F826                       A:00 X:33 Y:83 P:27 SP:F9 PPU: 37,280 CYC:4299
> F825  60        RTS                             A:00 X:33 Y:83 P:27 SP:F9 PPU: 37,286 CYC:4301
> D2AD  C8        INY                             A:00 X:33 Y:83 P:27 SP:FB PPU: 37,304 CYC:4307
> D2AE  A9 69     LDA #$69                        A:00 X:33 Y:84 P:A5 SP:FB PPU: 37,310 CYC:4309
> D2B0  85 78     STA $78 = 70                    A:69 X:33 Y:84 P:25 SP:FB PPU: 37,316 CYC:4311
> D2B2  20 29 F8  JSR $F829                       A:69 X:33 Y:84 P:25 SP:FB PPU: 37,325 CYC:4314
> F829  18        CLC                             A:69 X:33 Y:84 P:25 SP:F9 PPU: 38,  2 CYC:4320
> F82A  24 01     BIT $01 = FF                    A:69 X:33 Y:84 P:24 SP:F9 PPU: 38,  8 CYC:4322
> F82C  A9 00     LDA #$00                        A:69 X:33 Y:84 P:E4 SP:F9 PPU: 38, 17 CYC:4325
> F82E  60        RTS                             A:00 X:33 Y:84 P:66 SP:F9 PPU: 38, 23 CYC:4327
> D2B5  65 78     ADC $78                         A:00 X:33 Y:84 P:66 SP:FB PPU: 38, 41 CYC:4333
> D2B7  20 2F F8  JSR $F82F                       A:69 X:33 Y:84 P:24 SP:FB PPU: 38, 50 CYC:4336
> F82F  30 09     BMI $F83A                       A:69 X:33 Y:84 P:24 SP:F9 PPU: 38, 68 CYC:4342
> F831  B0 07     BCS $F83A                       A:69 X:33 Y:84 P:24 SP:F9 PPU: 38, 74 CYC:4344
> F833  C9 69     CMP #$69                        A:69 X:33 Y:84 P:24 SP:F9 PPU: 38, 80 CYC:4346
> F835  D0 03     BNE $F83A                       A:69 X:33 Y:84 P:27 SP:F9 PPU: 38, 86 CYC:4348
> F837  70 01     BVS $F83A                       A:69 X:33 Y:84 P:27 SP:F9 PPU: 38, 92 CYC:4350
> F839  60        RTS                             A:69 X:33 Y:84 P:27 SP:F9 PPU: 38, 98 CYC:4352
> D2BA  C8        INY                             A:69 X:33 Y:84 P:27 SP:FB PPU: 38,116 CYC:4358
> D2BB  20 3D F8  JSR $F83D                       A:69 X:33 Y:85 P:A5 SP:FB PPU: 38,122 CYC:4360
> F83D  38        SEC                             A:69 X:33 Y:85 P:A5 SP:F9 PPU: 38,140 CYC:4366
> F83E  24 01     BIT $01 = FF                    A:69 X:33 Y:85 P:A5 SP:F9 PPU: 38,146 CYC:4368
> F840  A9 00     LDA #$00                        A:69 X:33 Y:85 P:E5 SP:F9 PPU: 38,155 CYC:4371
> F842  60        RTS                             A:00 X:33 Y:85 P:67 SP:F9 PPU: 38,161 CYC:4373
> D2BE  65 78     ADC $78                         A:00 X:33 Y:85 P:67 SP:FB PPU: 38,179 CYC:4379
> D2C0  20 43 F8  JSR $F843                       A:6A X:33 Y:85 P:24 SP:FB PPU: 38,188 CYC:4382
> F843  30 09     BMI $F84E                       A:6A X:33 Y:85 P:24 SP:F9 PPU: 38,206 CYC:4388
> F845  B0 07     BCS $F84E                       A:6A X:33 Y:85 P:24 SP:F9 PPU: 38,212 CYC:4390
> F847  C9 6A     CMP #$6A                        A:6A X:33 Y:85 P:24 SP:F9 PPU: 38,218 CYC:4392
> F849  D0 03     BNE $F84E                       A:6A X:33 Y:85 P:27 SP:F9 PPU: 38,224 CYC:4394
> F84B  70 01     BVS $F84E                       A:6A X:33 Y:85 P:27 SP:F9 PPU: 38,230 CYC:4396
> F84D  60        RTS                             A:6A X:33 Y:85 P:27 SP:F9 PPU: 38,236 CYC:4398
> D2C3  C8        INY                             A:6A X:33 Y:85 P:27 SP:FB PPU: 38,254 CYC:4404
> D2C4  A9 7F     LDA #$7F                        A:6A X:33 Y:86 P:A5 SP:FB PPU: 38,260 CYC:4406
> D2C6  85 78     STA $78 = 69                    A:7F X:33 Y:86 P:25 SP:FB PPU: 38,266 CYC:4408
> D2C8  20 51 F8  JSR $F851                       A:7F X:33 Y:86 P:25 SP:FB PPU: 38,275 CYC:4411
> F851  38        SEC                             A:7F X:33 Y:86 P:25 SP:F9 PPU: 38,293 CYC:4417
> F852  B8        CLV                             A:7F X:33 Y:86 P:25 SP:F9 PPU: 38,299 CYC:4419
> F853  A9 7F     LDA #$7F                        A:7F X:33 Y:86 P:25 SP:F9 PPU: 38,305 CYC:4421
> F855  60        RTS                             A:7F X:33 Y:86 P:25 SP:F9 PPU: 38,311 CYC:4423
> D2CB  65 78     ADC $78                         A:7F X:33 Y:86 P:25 SP:FB PPU: 38,329 CYC:4429
> D2CD  20 56 F8  JSR $F856                       A:FF X:33 Y:86 P:E4 SP:FB PPU: 38,338 CYC:4432
> F856  10 09     BPL $F861                       A:FF X:33 Y:86 P:E4 SP:F9 PPU: 39, 15 CYC:4438
> F858  B0 07     BCS $F861                       A:FF X:33 Y:86 P:E4 SP:F9 PPU: 39, 21 CYC:4440
> F85A  C9 FF     CMP #$FF                        A:FF X:33 Y:86 P:E4 SP:F9 PPU: 39, 27 CYC:4442
> F85C  D0 03     BNE $F861                       A:FF X:33 Y:86 P:67 SP:F9 PPU: 39, 33 CYC:4444
> F85E  50 01     BVC $F861                       A:FF X:33 Y:86 P:67 SP:F9 PPU: 39, 39 CYC:4446
> F860  60        RTS                             A:FF X:33 Y:86 P:67 SP:F9 PPU: 39, 45 CYC:4448
> D2D0  C8        INY                             A:FF X:33 Y:86 P:67 SP:FB PPU: 39, 63 CYC:4454
> D2D1  A9 80     LDA #$80                        A:FF X:33 Y:87 P:E5 SP:FB PPU: 39, 69 CYC:4456
> D2D3  85 78     STA $78 = 7F                    A:80 X:33 Y:87 P:E5 SP:FB PPU: 39, 75 CYC:4458
> D2D5  20 64 F8  JSR $F864                       A:80 X:33 Y:87 P:E5 SP:FB PPU: 39, 84 CYC:4461
> F864  18        CLC                             A:80 X:33 Y:87 P:E5 SP:F9 PPU: 39,102 CYC:4467
> F865  24 01     BIT $01 = FF                    A:80 X:33 Y:87 P:E4 SP:F9 PPU: 39,108 CYC:4469
> F867  A9 7F     LDA #$7F                        A:80 X:33 Y:87 P:E4 SP:F9 PPU: 39,117 CYC:4472
> F869  60        RTS                             A:7F X:33 Y:87 P:64 SP:F9 PPU: 39,123 CYC:4474
> D2D8  65 78     ADC $78                         A:7F X:33 Y:87 P:64 SP:FB PPU: 39,141 CYC:4480
> D2DA  20 6A F8  JSR $F86A                       A:FF X:33 Y:87 P:A4 SP:FB PPU: 39,150 CYC:4483
> F86A  10 09     BPL $F875                       A:FF X:33 Y:87 P:A4 SP:F9 PPU: 39,168 CYC:4489
> F86C  B0 07     BCS $F875                       A:FF X:33 Y:87 P:A4 SP:F9 PPU: 39,174 CYC:4491
> F86E  C9 FF     CMP #$FF                        A:FF X:33 Y:87 P:A4 SP:F9 PPU: 39,180 CYC:4493
> F870  D0 03     BNE $F875                       A:FF X:33 Y:87 P:27 SP:F9 PPU: 39,186 CYC:4495
> F872  70 01     BVS $F875                       A:FF X:33 Y:87 P:27 SP:F9 PPU: 39,192 CYC:4497
> F874  60        RTS                             A:FF X:33 Y:87 P:27 SP:F9 PPU: 39,198 CYC:4499
> D2DD  C8        INY                             A:FF X:33 Y:87 P:27 SP:FB PPU: 39,216 CYC:4505
> D2DE  20 78 F8  JSR $F878                       A:FF X:33 Y:88 P:A5 SP:FB PPU: 39,222 CYC:4507
> F878  38        SEC                             A:FF X:33 Y:88 P:A5 SP:F9 PPU: 39,240 CYC:4513
> F879  B8        CLV                             A:FF X:33 Y:88 P:A5 SP:F9 PPU: 39,246 CYC:4515
> F87A  A9 7F     LDA #$7F                        A:FF X:33 Y:88 P:A5 SP:F9 PPU: 39,252 CYC:4517
> F87C  60        RTS                             A:7F X:33 Y:88 P:25 SP:F9 PPU: 39,258 CYC:4519
> D2E1  65 78     ADC $78                         A:7F X:33 Y:88 P:25 SP:FB PPU: 39,276 CYC:4525
> D2E3  20 7D F8  JSR $F87D                       A:00 X:33 Y:88 P:27 SP:FB PPU: 39,285 CYC:4528
> F87D  D0 07     BNE $F886                       A:00 X:33 Y:88 P:27 SP:F9 PPU: 39,303 CYC:4534
> F87F  30 05     BMI $F886                       A:00 X:33 Y:88 P:27 SP:F9 PPU: 39,309 CYC:4536
> F881  70 03     BVS $F886                       A:00 X:33 Y:88 P:27 SP:F9 PPU: 39,315 CYC:4538
> F883  90 01     BCC $F886                       A:00 X:33 Y:88 P:27 SP:F9 PPU: 39,321 CYC:4540
> F885  60        RTS                             A:00 X:33 Y:88 P:27 SP:F9 PPU: 39,327 CYC:4542
> D2E6  C8        INY                             A:00 X:33 Y:88 P:27 SP:FB PPU: 40,  4 CYC:4548
> D2E7  A9 40     LDA #$40                        A:00 X:33 Y:89 P:A5 SP:FB PPU: 40, 10 CYC:4550
> D2E9  85 78     STA $78 = 80                    A:40 X:33 Y:89 P:25 SP:FB PPU: 40, 16 CYC:4552
> D2EB  20 89 F8  JSR $F889                       A:40 X:33 Y:89 P:25 SP:FB PPU: 40, 25 CYC:4555
> F889  24 01     BIT $01 = FF                    A:40 X:33 Y:89 P:25 SP:F9 PPU: 40, 43 CYC:4561
> F88B  A9 40     LDA #$40                        A:40 X:33 Y:89 P:E5 SP:F9 PPU: 40, 52 CYC:4564
> F88D  60        RTS                             A:40 X:33 Y:89 P:65 SP:F9 PPU: 40, 58 CYC:4566
> D2EE  C5 78     CMP $78                         A:40 X:33 Y:89 P:65 SP:FB PPU: 40, 76 CYC:4572
> D2F0  20 8E F8  JSR $F88E                       A:40 X:33 Y:89 P:67 SP:FB PPU: 40, 85 CYC:4575
> F88E  30 07     BMI $F897                       A:40 X:33 Y:89 P:67 SP:F9 PPU: 40,103 CYC:4581
> F890  90 05     BCC $F897                       A:40 X:33 Y:89 P:67 SP:F9 PPU: 40,109 CYC:4583
> F892  D0 03     BNE $F897                       A:40 X:33 Y:89 P:67 SP:F9 PPU: 40,115 CYC:4585
> F894  50 01     BVC $F897                       A:40 X:33 Y:89 P:67 SP:F9 PPU: 40,121 CYC:4587
> F896  60        RTS                             A:40 X:33 Y:89 P:67 SP:F9 PPU: 40,127 CYC:4589
> D2F3  C8        INY                             A:40 X:33 Y:89 P:67 SP:FB PPU: 40,145 CYC:4595
> D2F4  48        PHA                             A:40 X:33 Y:8A P:E5 SP:FB PPU: 40,151 CYC:4597
> D2F5  A9 3F     LDA #$3F                        A:40 X:33 Y:8A P:E5 SP:FA PPU: 40,160 CYC:4600
> D2F7  85 78     STA $78 = 40                    A:3F X:33 Y:8A P:65 SP:FA PPU: 40,166 CYC:4602
> D2F9  68        PLA                             A:3F X:33 Y:8A P:65 SP:FA PPU: 40,175 CYC:4605
> D2FA  20 9A F8  JSR $F89A                       A:40 X:33 Y:8A P:65 SP:FB PPU: 40,187 CYC:4609
> F89A  B8        CLV                             A:40 X:33 Y:8A P:65 SP:F9 PPU: 40,205 CYC:4615
> F89B  60        RTS                             A:40 X:33 Y:8A P:25 SP:F9 PPU: 40,211 CYC:4617
> D2FD  C5 78     CMP $78                         A:40 X:33 Y:8A P:25 SP:FB PPU: 40,229 CYC:4623
> D2FF  20 9C F8  JSR $F89C                       A:40 X:33 Y:8A P:25 SP:FB PPU: 40,238 CYC:4626
> F89C  F0 07     BEQ $F8A5                       A:40 X:33 Y:8A P:25 SP:F9 PPU: 40,256 CYC:4632
> F89E  30 05     BMI $F8A5                       A:40 X:33 Y:8A P:25 SP:F9 PPU: 40,262 CYC:4634
> F8A0  90 03     BCC $F8A5                       A:40 X:33 Y:8A P:25 SP:F9 PPU: 40,268 CYC:4636
> F8A2  70 01     BVS $F8A5                       A:40 X:33 Y:8A P:25 SP:F9 PPU: 40,274 CYC:4638
> F8A4  60        RTS                             A:40 X:33 Y:8A P:25 SP:F9 PPU: 40,280 CYC:4640
> D302  C8        INY                             A:40 X:33 Y:8A P:25 SP:FB PPU: 40,298 CYC:4646
> D303  48        PHA                             A:40 X:33 Y:8B P:A5 SP:FB PPU: 40,304 CYC:4648
> D304  A9 41     LDA #$41                        A:40 X:33 Y:8B P:A5 SP:FA PPU: 40,313 CYC:4651
> D306  85 78     STA $78 = 3F                    A:41 X:33 Y:8B P:25 SP:FA PPU: 40,319 CYC:4653
> D308  68        PLA                             A:41 X:33 Y:8B P:25 SP:FA PPU: 40,328 CYC:4656
> D309  C5 78     CMP $78                         A:40 X:33 Y:8B P:25 SP:FB PPU: 40,340 CYC:4660
> D30B  20 A8 F8  JSR $F8A8                       A:40 X:33 Y:8B P:A4 SP:FB PPU: 41,  8 CYC:4663
> F8A8  F0 05     BEQ $F8AF                       A:40 X:33 Y:8B P:A4 SP:F9 PPU: 41, 26 CYC:4669
> F8AA  10 03     BPL $F8AF                       A:40 X:33 Y:8B P:A4 SP:F9 PPU: 41, 32 CYC:4671
> F8AC  10 01     BPL $F8AF                       A:40 X:33 Y:8B P:A4 SP:F9 PPU: 41, 38 CYC:4673
> F8AE  60        RTS                             A:40 X:33 Y:8B P:A4 SP:F9 PPU: 41, 44 CYC:4675
> D30E  C8        INY                             A:40 X:33 Y:8B P:A4 SP:FB PPU: 41, 62 CYC:4681
> D30F  48        PHA                             A:40 X:33 Y:8C P:A4 SP:FB PPU: 41, 68 CYC:4683
> D310  A9 00     LDA #$00                        A:40 X:33 Y:8C P:A4 SP:FA PPU: 41, 77 CYC:4686
> D312  85 78     STA $78 = 41                    A:00 X:33 Y:8C P:26 SP:FA PPU: 41, 83 CYC:4688
> D314  68        PLA                             A:00 X:33 Y:8C P:26 SP:FA PPU: 41, 92 CYC:4691
> D315  20 B2 F8  JSR $F8B2                       A:40 X:33 Y:8C P:24 SP:FB PPU: 41,104 CYC:4695
> F8B2  A9 80     LDA #$80                        A:40 X:33 Y:8C P:24 SP:F9 PPU: 41,122 CYC:4701
> F8B4  60        RTS                             A:80 X:33 Y:8C P:A4 SP:F9 PPU: 41,128 CYC:4703
> D318  C5 78     CMP $78                         A:80 X:33 Y:8C P:A4 SP:FB PPU: 41,146 CYC:4709
> D31A  20 B5 F8  JSR $F8B5                       A:80 X:33 Y:8C P:A5 SP:FB PPU: 41,155 CYC:4712
> F8B5  F0 05     BEQ $F8BC                       A:80 X:33 Y:8C P:A5 SP:F9 PPU: 41,173 CYC:4718
> F8B7  10 03     BPL $F8BC                       A:80 X:33 Y:8C P:A5 SP:F9 PPU: 41,179 CYC:4720
> F8B9  90 01     BCC $F8BC                       A:80 X:33 Y:8C P:A5 SP:F9 PPU: 41,185 CYC:4722
> F8BB  60        RTS                             A:80 X:33 Y:8C P:A5 SP:F9 PPU: 41,191 CYC:4724
> D31D  C8        INY                             A:80 X:33 Y:8C P:A5 SP:FB PPU: 41,209 CYC:4730
> D31E  48        PHA                             A:80 X:33 Y:8D P:A5 SP:FB PPU: 41,215 CYC:4732
> D31F  A9 80     LDA #$80                        A:80 X:33 Y:8D P:A5 SP:FA PPU: 41,224 CYC:4735
> D321  85 78     STA $78 = 00                    A:80 X:33 Y:8D P:A5 SP:FA PPU: 41,230 CYC:4737
> D323  68        PLA                             A:80 X:33 Y:8D P:A5 SP:FA PPU: 41,239 CYC:4740
> D324  C5 78     CMP $78                         A:80 X:33 Y:8D P:A5 SP:FB PPU: 41,251 CYC:4744
> D326  20 BF F8  JSR $F8BF                       A:80 X:33 Y:8D P:27 SP:FB PPU: 41,260 CYC:4747
> F8BF  D0 05     BNE $F8C6                       A:80 X:33 Y:8D P:27 SP:F9 PPU: 41,278 CYC:4753
> F8C1  30 03     BMI $F8C6                       A:80 X:33 Y:8D P:27 SP:F9 PPU: 41,284 CYC:4755
> F8C3  90 01     BCC $F8C6                       A:80 X:33 Y:8D P:27 SP:F9 PPU: 41,290 CYC:4757
> F8C5  60        RTS                             A:80 X:33 Y:8D P:27 SP:F9 PPU: 41,296 CYC:4759
> D329  C8        INY                             A:80 X:33 Y:8D P:27 SP:FB PPU: 41,314 CYC:4765
> D32A  48        PHA                             A:80 X:33 Y:8E P:A5 SP:FB PPU: 41,320 CYC:4767
> D32B  A9 81     LDA #$81                        A:80 X:33 Y:8E P:A5 SP:FA PPU: 41,329 CYC:4770
> D32D  85 78     STA $78 = 80                    A:81 X:33 Y:8E P:A5 SP:FA PPU: 41,335 CYC:4772
> D32F  68        PLA                             A:81 X:33 Y:8E P:A5 SP:FA PPU: 42,  3 CYC:4775
> D330  C5 78     CMP $78                         A:80 X:33 Y:8E P:A5 SP:FB PPU: 42, 15 CYC:4779
> D332  20 C9 F8  JSR $F8C9                       A:80 X:33 Y:8E P:A4 SP:FB PPU: 42, 24 CYC:4782
> F8C9  B0 05     BCS $F8D0                       A:80 X:33 Y:8E P:A4 SP:F9 PPU: 42, 42 CYC:4788
> F8CB  F0 03     BEQ $F8D0                       A:80 X:33 Y:8E P:A4 SP:F9 PPU: 42, 48 CYC:4790
> F8CD  10 01     BPL $F8D0                       A:80 X:33 Y:8E P:A4 SP:F9 PPU: 42, 54 CYC:4792
> F8CF  60        RTS                             A:80 X:33 Y:8E P:A4 SP:F9 PPU: 42, 60 CYC:4794
> D335  C8        INY                             A:80 X:33 Y:8E P:A4 SP:FB PPU: 42, 78 CYC:4800
> D336  48        PHA                             A:80 X:33 Y:8F P:A4 SP:FB PPU: 42, 84 CYC:4802
> D337  A9 7F     LDA #$7F                        A:80 X:33 Y:8F P:A4 SP:FA PPU: 42, 93 CYC:4805
> D339  85 78     STA $78 = 81                    A:7F X:33 Y:8F P:24 SP:FA PPU: 42, 99 CYC:4807
> D33B  68        PLA                             A:7F X:33 Y:8F P:24 SP:FA PPU: 42,108 CYC:4810
> D33C  C5 78     CMP $78                         A:80 X:33 Y:8F P:A4 SP:FB PPU: 42,120 CYC:4814
> D33E  20 D3 F8  JSR $F8D3                       A:80 X:33 Y:8F P:25 SP:FB PPU: 42,129 CYC:4817
> F8D3  90 05     BCC $F8DA                       A:80 X:33 Y:8F P:25 SP:F9 PPU: 42,147 CYC:4823
> F8D5  F0 03     BEQ $F8DA                       A:80 X:33 Y:8F P:25 SP:F9 PPU: 42,153 CYC:4825
> F8D7  30 01     BMI $F8DA                       A:80 X:33 Y:8F P:25 SP:F9 PPU: 42,159 CYC:4827
> F8D9  60        RTS                             A:80 X:33 Y:8F P:25 SP:F9 PPU: 42,165 CYC:4829
> D341  C8        INY                             A:80 X:33 Y:8F P:25 SP:FB PPU: 42,183 CYC:4835
> D342  A9 40     LDA #$40                        A:80 X:33 Y:90 P:A5 SP:FB PPU: 42,189 CYC:4837
> D344  85 78     STA $78 = 7F                    A:40 X:33 Y:90 P:25 SP:FB PPU: 42,195 CYC:4839
> D346  20 31 F9  JSR $F931                       A:40 X:33 Y:90 P:25 SP:FB PPU: 42,204 CYC:4842
> F931  24 01     BIT $01 = FF                    A:40 X:33 Y:90 P:25 SP:F9 PPU: 42,222 CYC:4848
> F933  A9 40     LDA #$40                        A:40 X:33 Y:90 P:E5 SP:F9 PPU: 42,231 CYC:4851
> F935  38        SEC                             A:40 X:33 Y:90 P:65 SP:F9 PPU: 42,237 CYC:4853
> F936  60        RTS                             A:40 X:33 Y:90 P:65 SP:F9 PPU: 42,243 CYC:4855
> D349  E5 78     SBC $78                         A:40 X:33 Y:90 P:65 SP:FB PPU: 42,261 CYC:4861
> D34B  20 37 F9  JSR $F937                       A:00 X:33 Y:90 P:27 SP:FB PPU: 42,270 CYC:4864
> F937  30 0B     BMI $F944                       A:00 X:33 Y:90 P:27 SP:F9 PPU: 42,288 CYC:4870
> F939  90 09     BCC $F944                       A:00 X:33 Y:90 P:27 SP:F9 PPU: 42,294 CYC:4872
> F93B  D0 07     BNE $F944                       A:00 X:33 Y:90 P:27 SP:F9 PPU: 42,300 CYC:4874
> F93D  70 05     BVS $F944                       A:00 X:33 Y:90 P:27 SP:F9 PPU: 42,306 CYC:4876
> F93F  C9 00     CMP #$00                        A:00 X:33 Y:90 P:27 SP:F9 PPU: 42,312 CYC:4878
> F941  D0 01     BNE $F944                       A:00 X:33 Y:90 P:27 SP:F9 PPU: 42,318 CYC:4880
> F943  60        RTS                             A:00 X:33 Y:90 P:27 SP:F9 PPU: 42,324 CYC:4882
> D34E  C8        INY                             A:00 X:33 Y:90 P:27 SP:FB PPU: 43,  1 CYC:4888
> D34F  A9 3F     LDA #$3F                        A:00 X:33 Y:91 P:A5 SP:FB PPU: 43,  7 CYC:4890
> D351  85 78     STA $78 = 40                    A:3F X:33 Y:91 P:25 SP:FB PPU: 43, 13 CYC:4892
> D353  20 47 F9  JSR $F947                       A:3F X:33 Y:91 P:25 SP:FB PPU: 43, 22 CYC:4895
> F947  B8        CLV                             A:3F X:33 Y:91 P:25 SP:F9 PPU: 43, 40 CYC:4901
> F948  38        SEC                             A:3F X:33 Y:91 P:25 SP:F9 PPU: 43, 46 CYC:4903
> F949  A9 40     LDA #$40                        A:3F X:33 Y:91 P:25 SP:F9 PPU: 43, 52 CYC:4905
> F94B  60        RTS                             A:40 X:33 Y:91 P:25 SP:F9 PPU: 43, 58 CYC:4907
> D356  E5 78     SBC $78                         A:40 X:33 Y:91 P:25 SP:FB PPU: 43, 76 CYC:4913
> D358  20 4C F9  JSR $F94C                       A:01 X:33 Y:91 P:25 SP:FB PPU: 43, 85 CYC:4916
> F94C  F0 0B     BEQ $F959                       A:01 X:33 Y:91 P:25 SP:F9 PPU: 43,103 CYC:4922
> F94E  30 09     BMI $F959                       A:01 X:33 Y:91 P:25 SP:F9 PPU: 43,109 CYC:4924
> F950  90 07     BCC $F959                       A:01 X:33 Y:91 P:25 SP:F9 PPU: 43,115 CYC:4926
> F952  70 05     BVS $F959                       A:01 X:33 Y:91 P:25 SP:F9 PPU: 43,121 CYC:4928
> F954  C9 01     CMP #$01                        A:01 X:33 Y:91 P:25 SP:F9 PPU: 43,127 CYC:4930
> F956  D0 01     BNE $F959                       A:01 X:33 Y:91 P:27 SP:F9 PPU: 43,133 CYC:4932
> F958  60        RTS                             A:01 X:33 Y:91 P:27 SP:F9 PPU: 43,139 CYC:4934
> D35B  C8        INY                             A:01 X:33 Y:91 P:27 SP:FB PPU: 43,157 CYC:4940
> D35C  A9 41     LDA #$41                        A:01 X:33 Y:92 P:A5 SP:FB PPU: 43,163 CYC:4942
> D35E  85 78     STA $78 = 3F                    A:41 X:33 Y:92 P:25 SP:FB PPU: 43,169 CYC:4944
> D360  20 5C F9  JSR $F95C                       A:41 X:33 Y:92 P:25 SP:FB PPU: 43,178 CYC:4947
> F95C  A9 40     LDA #$40                        A:41 X:33 Y:92 P:25 SP:F9 PPU: 43,196 CYC:4953
> F95E  38        SEC                             A:40 X:33 Y:92 P:25 SP:F9 PPU: 43,202 CYC:4955
> F95F  24 01     BIT $01 = FF                    A:40 X:33 Y:92 P:25 SP:F9 PPU: 43,208 CYC:4957
> F961  60        RTS                             A:40 X:33 Y:92 P:E5 SP:F9 PPU: 43,217 CYC:4960
> D363  E5 78     SBC $78                         A:40 X:33 Y:92 P:E5 SP:FB PPU: 43,235 CYC:4966
> D365  20 62 F9  JSR $F962                       A:FF X:33 Y:92 P:A4 SP:FB PPU: 43,244 CYC:4969
> F962  B0 0B     BCS $F96F                       A:FF X:33 Y:92 P:A4 SP:F9 PPU: 43,262 CYC:4975
> F964  F0 09     BEQ $F96F                       A:FF X:33 Y:92 P:A4 SP:F9 PPU: 43,268 CYC:4977
> F966  10 07     BPL $F96F                       A:FF X:33 Y:92 P:A4 SP:F9 PPU: 43,274 CYC:4979
> F968  70 05     BVS $F96F                       A:FF X:33 Y:92 P:A4 SP:F9 PPU: 43,280 CYC:4981
> F96A  C9 FF     CMP #$FF                        A:FF X:33 Y:92 P:A4 SP:F9 PPU: 43,286 CYC:4983
> F96C  D0 01     BNE $F96F                       A:FF X:33 Y:92 P:27 SP:F9 PPU: 43,292 CYC:4985
> F96E  60        RTS                             A:FF X:33 Y:92 P:27 SP:F9 PPU: 43,298 CYC:4987
> D368  C8        INY                             A:FF X:33 Y:92 P:27 SP:FB PPU: 43,316 CYC:4993
> D369  A9 00     LDA #$00                        A:FF X:33 Y:93 P:A5 SP:FB PPU: 43,322 CYC:4995
> D36B  85 78     STA $78 = 41                    A:00 X:33 Y:93 P:27 SP:FB PPU: 43,328 CYC:4997
> D36D  20 72 F9  JSR $F972                       A:00 X:33 Y:93 P:27 SP:FB PPU: 43,337 CYC:5000
> F972  18        CLC                             A:00 X:33 Y:93 P:27 SP:F9 PPU: 44, 14 CYC:5006
> F973  A9 80     LDA #$80                        A:00 X:33 Y:93 P:26 SP:F9 PPU: 44, 20 CYC:5008
> F975  60        RTS                             A:80 X:33 Y:93 P:A4 SP:F9 PPU: 44, 26 CYC:5010
> D370  E5 78     SBC $78                         A:80 X:33 Y:93 P:A4 SP:FB PPU: 44, 44 CYC:5016
> D372  20 76 F9  JSR $F976                       A:7F X:33 Y:93 P:65 SP:FB PPU: 44, 53 CYC:5019
> F976  90 05     BCC $F97D                       A:7F X:33 Y:93 P:65 SP:F9 PPU: 44, 71 CYC:5025
> F978  C9 7F     CMP #$7F                        A:7F X:33 Y:93 P:65 SP:F9 PPU: 44, 77 CYC:5027
> F97A  D0 01     BNE $F97D                       A:7F X:33 Y:93 P:67 SP:F9 PPU: 44, 83 CYC:5029
> F97C  60        RTS                             A:7F X:33 Y:93 P:67 SP:F9 PPU: 44, 89 CYC:5031
> D375  C8        INY                             A:7F X:33 Y:93 P:67 SP:FB PPU: 44,107 CYC:5037
> D376  A9 7F     LDA #$7F                        A:7F X:33 Y:94 P:E5 SP:FB PPU: 44,113 CYC:5039
> D378  85 78     STA $78 = 00                    A:7F X:33 Y:94 P:65 SP:FB PPU: 44,119 CYC:5041
> D37A  20 80 F9  JSR $F980                       A:7F X:33 Y:94 P:65 SP:FB PPU: 44,128 CYC:5044
> F980  38        SEC                             A:7F X:33 Y:94 P:65 SP:F9 PPU: 44,146 CYC:5050
> F981  A9 81     LDA #$81                        A:7F X:33 Y:94 P:65 SP:F9 PPU: 44,152 CYC:5052
> F983  60        RTS                             A:81 X:33 Y:94 P:E5 SP:F9 PPU: 44,158 CYC:5054
> D37D  E5 78     SBC $78                         A:81 X:33 Y:94 P:E5 SP:FB PPU: 44,176 CYC:5060
> D37F  20 84 F9  JSR $F984                       A:02 X:33 Y:94 P:65 SP:FB PPU: 44,185 CYC:5063
> F984  50 07     BVC $F98D                       A:02 X:33 Y:94 P:65 SP:F9 PPU: 44,203 CYC:5069
> F986  90 05     BCC $F98D                       A:02 X:33 Y:94 P:65 SP:F9 PPU: 44,209 CYC:5071
> F988  C9 02     CMP #$02                        A:02 X:33 Y:94 P:65 SP:F9 PPU: 44,215 CYC:5073
> F98A  D0 01     BNE $F98D                       A:02 X:33 Y:94 P:67 SP:F9 PPU: 44,221 CYC:5075
> F98C  60        RTS                             A:02 X:33 Y:94 P:67 SP:F9 PPU: 44,227 CYC:5077
> D382  C8        INY                             A:02 X:33 Y:94 P:67 SP:FB PPU: 44,245 CYC:5083
> D383  A9 40     LDA #$40                        A:02 X:33 Y:95 P:E5 SP:FB PPU: 44,251 CYC:5085
> D385  85 78     STA $78 = 7F                    A:40 X:33 Y:95 P:65 SP:FB PPU: 44,257 CYC:5087
> D387  20 89 F8  JSR $F889                       A:40 X:33 Y:95 P:65 SP:FB PPU: 44,266 CYC:5090
> F889  24 01     BIT $01 = FF                    A:40 X:33 Y:95 P:65 SP:F9 PPU: 44,284 CYC:5096
> F88B  A9 40     LDA #$40                        A:40 X:33 Y:95 P:E5 SP:F9 PPU: 44,293 CYC:5099
> F88D  60        RTS                             A:40 X:33 Y:95 P:65 SP:F9 PPU: 44,299 CYC:5101
> D38A  AA        TAX                             A:40 X:33 Y:95 P:65 SP:FB PPU: 44,317 CYC:5107
> D38B  E4 78     CPX $78                         A:40 X:40 Y:95 P:65 SP:FB PPU: 44,323 CYC:5109
> D38D  20 8E F8  JSR $F88E                       A:40 X:40 Y:95 P:67 SP:FB PPU: 44,332 CYC:5112
> F88E  30 07     BMI $F897                       A:40 X:40 Y:95 P:67 SP:F9 PPU: 45,  9 CYC:5118
> F890  90 05     BCC $F897                       A:40 X:40 Y:95 P:67 SP:F9 PPU: 45, 15 CYC:5120
> F892  D0 03     BNE $F897                       A:40 X:40 Y:95 P:67 SP:F9 PPU: 45, 21 CYC:5122
> F894  50 01     BVC $F897                       A:40 X:40 Y:95 P:67 SP:F9 PPU: 45, 27 CYC:5124
> F896  60        RTS                             A:40 X:40 Y:95 P:67 SP:F9 PPU: 45, 33 CYC:5126
> D390  C8        INY                             A:40 X:40 Y:95 P:67 SP:FB PPU: 45, 51 CYC:5132
> D391  A9 3F     LDA #$3F                        A:40 X:40 Y:96 P:E5 SP:FB PPU: 45, 57 CYC:5134
> D393  85 78     STA $78 = 40                    A:3F X:40 Y:96 P:65 SP:FB PPU: 45, 63 CYC:5136
> D395  20 9A F8  JSR $F89A                       A:3F X:40 Y:96 P:65 SP:FB PPU: 45, 72 CYC:5139
> F89A  B8        CLV                             A:3F X:40 Y:96 P:65 SP:F9 PPU: 45, 90 CYC:5145
> F89B  60        RTS                             A:3F X:40 Y:96 P:25 SP:F9 PPU: 45, 96 CYC:5147
> D398  E4 78     CPX $78                         A:3F X:40 Y:96 P:25 SP:FB PPU: 45,114 CYC:5153
> D39A  20 9C F8  JSR $F89C                       A:3F X:40 Y:96 P:25 SP:FB PPU: 45,123 CYC:5156
> F89C  F0 07     BEQ $F8A5                       A:3F X:40 Y:96 P:25 SP:F9 PPU: 45,141 CYC:5162
> F89E  30 05     BMI $F8A5                       A:3F X:40 Y:96 P:25 SP:F9 PPU: 45,147 CYC:5164
> F8A0  90 03     BCC $F8A5                       A:3F X:40 Y:96 P:25 SP:F9 PPU: 45,153 CYC:5166
> F8A2  70 01     BVS $F8A5                       A:3F X:40 Y:96 P:25 SP:F9 PPU: 45,159 CYC:5168
> F8A4  60        RTS                             A:3F X:40 Y:96 P:25 SP:F9 PPU: 45,165 CYC:5170
> D39D  C8        INY                             A:3F X:40 Y:96 P:25 SP:FB PPU: 45,183 CYC:5176
> D39E  A9 41     LDA #$41                        A:3F X:40 Y:97 P:A5 SP:FB PPU: 45,189 CYC:5178
> D3A0  85 78     STA $78 = 3F                    A:41 X:40 Y:97 P:25 SP:FB PPU: 45,195 CYC:5180
> D3A2  E4 78     CPX $78                         A:41 X:40 Y:97 P:25 SP:FB PPU: 45,204 CYC:5183
> D3A4  20 A8 F8  JSR $F8A8                       A:41 X:40 Y:97 P:A4 SP:FB PPU: 45,213 CYC:5186
> F8A8  F0 05     BEQ $F8AF                       A:41 X:40 Y:97 P:A4 SP:F9 PPU: 45,231 CYC:5192
> F8AA  10 03     BPL $F8AF                       A:41 X:40 Y:97 P:A4 SP:F9 PPU: 45,237 CYC:5194
> F8AC  10 01     BPL $F8AF                       A:41 X:40 Y:97 P:A4 SP:F9 PPU: 45,243 CYC:5196
> F8AE  60        RTS                             A:41 X:40 Y:97 P:A4 SP:F9 PPU: 45,249 CYC:5198
> D3A7  C8        INY                             A:41 X:40 Y:97 P:A4 SP:FB PPU: 45,267 CYC:5204
> D3A8  A9 00     LDA #$00                        A:41 X:40 Y:98 P:A4 SP:FB PPU: 45,273 CYC:5206
> D3AA  85 78     STA $78 = 41                    A:00 X:40 Y:98 P:26 SP:FB PPU: 45,279 CYC:5208
> D3AC  20 B2 F8  JSR $F8B2                       A:00 X:40 Y:98 P:26 SP:FB PPU: 45,288 CYC:5211
> F8B2  A9 80     LDA #$80                        A:00 X:40 Y:98 P:26 SP:F9 PPU: 45,306 CYC:5217
> F8B4  60        RTS                             A:80 X:40 Y:98 P:A4 SP:F9 PPU: 45,312 CYC:5219
> D3AF  AA        TAX                             A:80 X:40 Y:98 P:A4 SP:FB PPU: 45,330 CYC:5225
> D3B0  E4 78     CPX $78                         A:80 X:80 Y:98 P:A4 SP:FB PPU: 45,336 CYC:5227
> D3B2  20 B5 F8  JSR $F8B5                       A:80 X:80 Y:98 P:A5 SP:FB PPU: 46,  4 CYC:5230
> F8B5  F0 05     BEQ $F8BC                       A:80 X:80 Y:98 P:A5 SP:F9 PPU: 46, 22 CYC:5236
> F8B7  10 03     BPL $F8BC                       A:80 X:80 Y:98 P:A5 SP:F9 PPU: 46, 28 CYC:5238
> F8B9  90 01     BCC $F8BC                       A:80 X:80 Y:98 P:A5 SP:F9 PPU: 46, 34 CYC:5240
> F8BB  60        RTS                             A:80 X:80 Y:98 P:A5 SP:F9 PPU: 46, 40 CYC:5242
> D3B5  C8        INY                             A:80 X:80 Y:98 P:A5 SP:FB PPU: 46, 58 CYC:5248
> D3B6  A9 80     LDA #$80                        A:80 X:80 Y:99 P:A5 SP:FB PPU: 46, 64 CYC:5250
> D3B8  85 78     STA $78 = 00                    A:80 X:80 Y:99 P:A5 SP:FB PPU: 46, 70 CYC:5252
> D3BA  E4 78     CPX $78                         A:80 X:80 Y:99 P:A5 SP:FB PPU: 46, 79 CYC:5255
> D3BC  20 BF F8  JSR $F8BF                       A:80 X:80 Y:99 P:27 SP:FB PPU: 46, 88 CYC:5258
> F8BF  D0 05     BNE $F8C6                       A:80 X:80 Y:99 P:27 SP:F9 PPU: 46,106 CYC:5264
> F8C1  30 03     BMI $F8C6                       A:80 X:80 Y:99 P:27 SP:F9 PPU: 46,112 CYC:5266
> F8C3  90 01     BCC $F8C6                       A:80 X:80 Y:99 P:27 SP:F9 PPU: 46,118 CYC:5268
> F8C5  60        RTS                             A:80 X:80 Y:99 P:27 SP:F9 PPU: 46,124 CYC:5270
> D3BF  C8        INY                             A:80 X:80 Y:99 P:27 SP:FB PPU: 46,142 CYC:5276
> D3C0  A9 81     LDA #$81                        A:80 X:80 Y:9A P:A5 SP:FB PPU: 46,148 CYC:5278
> D3C2  85 78     STA $78 = 80                    A:81 X:80 Y:9A P:A5 SP:FB PPU: 46,154 CYC:5280
> D3C4  E4 78     CPX $78                         A:81 X:80 Y:9A P:A5 SP:FB PPU: 46,163 CYC:5283
> D3C6  20 C9 F8  JSR $F8C9                       A:81 X:80 Y:9A P:A4 SP:FB PPU: 46,172 CYC:5286
> F8C9  B0 05     BCS $F8D0                       A:81 X:80 Y:9A P:A4 SP:F9 PPU: 46,190 CYC:5292
> F8CB  F0 03     BEQ $F8D0                       A:81 X:80 Y:9A P:A4 SP:F9 PPU: 46,196 CYC:5294
> F8CD  10 01     BPL $F8D0                       A:81 X:80 Y:9A P:A4 SP:F9 PPU: 46,202 CYC:5296
> F8CF  60        RTS                             A:81 X:80 Y:9A P:A4 SP:F9 PPU: 46,208 CYC:5298
> D3C9  C8        INY                             A:81 X:80 Y:9A P:A4 SP:FB PPU: 46,226 CYC:5304
> D3CA  A9 7F     LDA #$7F                        A:81 X:80 Y:9B P:A4 SP:FB PPU: 46,232 CYC:5306
> D3CC  85 78     STA $78 = 81                    A:7F X:80 Y:9B P:24 SP:FB PPU: 46,238 CYC:5308
> D3CE  E4 78     CPX $78                         A:7F X:80 Y:9B P:24 SP:FB PPU: 46,247 CYC:5311
> D3D0  20 D3 F8  JSR $F8D3                       A:7F X:80 Y:9B P:25 SP:FB PPU: 46,256 CYC:5314
> F8D3  90 05     BCC $F8DA                       A:7F X:80 Y:9B P:25 SP:F9 PPU: 46,274 CYC:5320
> F8D5  F0 03     BEQ $F8DA                       A:7F X:80 Y:9B P:25 SP:F9 PPU: 46,280 CYC:5322
> F8D7  30 01     BMI $F8DA                       A:7F X:80 Y:9B P:25 SP:F9 PPU: 46,286 CYC:5324
> F8D9  60        RTS                             A:7F X:80 Y:9B P:25 SP:F9 PPU: 46,292 CYC:5326
> D3D3  C8        INY                             A:7F X:80 Y:9B P:25 SP:FB PPU: 46,310 CYC:5332
> D3D4  98        TYA                             A:7F X:80 Y:9C P:A5 SP:FB PPU: 46,316 CYC:5334
> D3D5  AA        TAX                             A:9C X:80 Y:9C P:A5 SP:FB PPU: 46,322 CYC:5336
> D3D6  A9 40     LDA #$40                        A:9C X:9C Y:9C P:A5 SP:FB PPU: 46,328 CYC:5338
> D3D8  85 78     STA $78 = 7F                    A:40 X:9C Y:9C P:25 SP:FB PPU: 46,334 CYC:5340
> D3DA  20 DD F8  JSR $F8DD                       A:40 X:9C Y:9C P:25 SP:FB PPU: 47,  2 CYC:5343
> F8DD  24 01     BIT $01 = FF                    A:40 X:9C Y:9C P:25 SP:F9 PPU: 47, 20 CYC:5349
> F8DF  A0 40     LDY #$40                        A:40 X:9C Y:9C P:E5 SP:F9 PPU: 47, 29 CYC:5352
> F8E1  60        RTS                             A:40 X:9C Y:40 P:65 SP:F9 PPU: 47, 35 CYC:5354
> D3DD  C4 78     CPY $78                         A:40 X:9C Y:40 P:65 SP:FB PPU: 47, 53 CYC:5360
> D3DF  20 E2 F8  JSR $F8E2                       A:40 X:9C Y:40 P:67 SP:FB PPU: 47, 62 CYC:5363
> F8E2  30 07     BMI $F8EB                       A:40 X:9C Y:40 P:67 SP:F9 PPU: 47, 80 CYC:5369
> F8E4  90 05     BCC $F8EB                       A:40 X:9C Y:40 P:67 SP:F9 PPU: 47, 86 CYC:5371
> F8E6  D0 03     BNE $F8EB                       A:40 X:9C Y:40 P:67 SP:F9 PPU: 47, 92 CYC:5373
> F8E8  50 01     BVC $F8EB                       A:40 X:9C Y:40 P:67 SP:F9 PPU: 47, 98 CYC:5375
> F8EA  60        RTS                             A:40 X:9C Y:40 P:67 SP:F9 PPU: 47,104 CYC:5377
> D3E2  E8        INX                             A:40 X:9C Y:40 P:67 SP:FB PPU: 47,122 CYC:5383
> D3E3  A9 3F     LDA #$3F                        A:40 X:9D Y:40 P:E5 SP:FB PPU: 47,128 CYC:5385
> D3E5  85 78     STA $78 = 40                    A:3F X:9D Y:40 P:65 SP:FB PPU: 47,134 CYC:5387
> D3E7  20 EE F8  JSR $F8EE                       A:3F X:9D Y:40 P:65 SP:FB PPU: 47,143 CYC:5390
> F8EE  B8        CLV                             A:3F X:9D Y:40 P:65 SP:F9 PPU: 47,161 CYC:5396
> F8EF  60        RTS                             A:3F X:9D Y:40 P:25 SP:F9 PPU: 47,167 CYC:5398
> D3EA  C4 78     CPY $78                         A:3F X:9D Y:40 P:25 SP:FB PPU: 47,185 CYC:5404
> D3EC  20 F0 F8  JSR $F8F0                       A:3F X:9D Y:40 P:25 SP:FB PPU: 47,194 CYC:5407
> F8F0  F0 07     BEQ $F8F9                       A:3F X:9D Y:40 P:25 SP:F9 PPU: 47,212 CYC:5413
> F8F2  30 05     BMI $F8F9                       A:3F X:9D Y:40 P:25 SP:F9 PPU: 47,218 CYC:5415
> F8F4  90 03     BCC $F8F9                       A:3F X:9D Y:40 P:25 SP:F9 PPU: 47,224 CYC:5417
> F8F6  70 01     BVS $F8F9                       A:3F X:9D Y:40 P:25 SP:F9 PPU: 47,230 CYC:5419
> F8F8  60        RTS                             A:3F X:9D Y:40 P:25 SP:F9 PPU: 47,236 CYC:5421
> D3EF  E8        INX                             A:3F X:9D Y:40 P:25 SP:FB PPU: 47,254 CYC:5427
> D3F0  A9 41     LDA #$41                        A:3F X:9E Y:40 P:A5 SP:FB PPU: 47,260 CYC:5429
> D3F2  85 78     STA $78 = 3F                    A:41 X:9E Y:40 P:25 SP:FB PPU: 47,266 CYC:5431
> D3F4  C4 78     CPY $78                         A:41 X:9E Y:40 P:25 SP:FB PPU: 47,275 CYC:5434
> D3F6  20 FC F8  JSR $F8FC                       A:41 X:9E Y:40 P:A4 SP:FB PPU: 47,284 CYC:5437
> F8FC  F0 05     BEQ $F903                       A:41 X:9E Y:40 P:A4 SP:F9 PPU: 47,302 CYC:5443
> F8FE  10 03     BPL $F903                       A:41 X:9E Y:40 P:A4 SP:F9 PPU: 47,308 CYC:5445
> F900  10 01     BPL $F903                       A:41 X:9E Y:40 P:A4 SP:F9 PPU: 47,314 CYC:5447
> F902  60        RTS                             A:41 X:9E Y:40 P:A4 SP:F9 PPU: 47,320 CYC:5449
> D3F9  E8        INX                             A:41 X:9E Y:40 P:A4 SP:FB PPU: 47,338 CYC:5455
> D3FA  A9 00     LDA #$00                        A:41 X:9F Y:40 P:A4 SP:FB PPU: 48,  3 CYC:5457
> D3FC  85 78     STA $78 = 41                    A:00 X:9F Y:40 P:26 SP:FB PPU: 48,  9 CYC:5459
> D3FE  20 06 F9  JSR $F906                       A:00 X:9F Y:40 P:26 SP:FB PPU: 48, 18 CYC:5462
> F906  A0 80     LDY #$80                        A:00 X:9F Y:40 P:26 SP:F9 PPU: 48, 36 CYC:5468
> F908  60        RTS                             A:00 X:9F Y:80 P:A4 SP:F9 PPU: 48, 42 CYC:5470
> D401  C4 78     CPY $78                         A:00 X:9F Y:80 P:A4 SP:FB PPU: 48, 60 CYC:5476
> D403  20 09 F9  JSR $F909                       A:00 X:9F Y:80 P:A5 SP:FB PPU: 48, 69 CYC:5479
> F909  F0 05     BEQ $F910                       A:00 X:9F Y:80 P:A5 SP:F9 PPU: 48, 87 CYC:5485
> F90B  10 03     BPL $F910                       A:00 X:9F Y:80 P:A5 SP:F9 PPU: 48, 93 CYC:5487
> F90D  90 01     BCC $F910                       A:00 X:9F Y:80 P:A5 SP:F9 PPU: 48, 99 CYC:5489
> F90F  60        RTS                             A:00 X:9F Y:80 P:A5 SP:F9 PPU: 48,105 CYC:5491
> D406  E8        INX                             A:00 X:9F Y:80 P:A5 SP:FB PPU: 48,123 CYC:5497
> D407  A9 80     LDA #$80                        A:00 X:A0 Y:80 P:A5 SP:FB PPU: 48,129 CYC:5499
> D409  85 78     STA $78 = 00                    A:80 X:A0 Y:80 P:A5 SP:FB PPU: 48,135 CYC:5501
> D40B  C4 78     CPY $78                         A:80 X:A0 Y:80 P:A5 SP:FB PPU: 48,144 CYC:5504
> D40D  20 13 F9  JSR $F913                       A:80 X:A0 Y:80 P:27 SP:FB PPU: 48,153 CYC:5507
> F913  D0 05     BNE $F91A                       A:80 X:A0 Y:80 P:27 SP:F9 PPU: 48,171 CYC:5513
> F915  30 03     BMI $F91A                       A:80 X:A0 Y:80 P:27 SP:F9 PPU: 48,177 CYC:5515
> F917  90 01     BCC $F91A                       A:80 X:A0 Y:80 P:27 SP:F9 PPU: 48,183 CYC:5517
> F919  60        RTS                             A:80 X:A0 Y:80 P:27 SP:F9 PPU: 48,189 CYC:5519
> D410  E8        INX                             A:80 X:A0 Y:80 P:27 SP:FB PPU: 48,207 CYC:5525
> D411  A9 81     LDA #$81                        A:80 X:A1 Y:80 P:A5 SP:FB PPU: 48,213 CYC:5527
> D413  85 78     STA $78 = 80                    A:81 X:A1 Y:80 P:A5 SP:FB PPU: 48,219 CYC:5529
> D415  C4 78     CPY $78                         A:81 X:A1 Y:80 P:A5 SP:FB PPU: 48,228 CYC:5532
> D417  20 1D F9  JSR $F91D                       A:81 X:A1 Y:80 P:A4 SP:FB PPU: 48,237 CYC:5535
> F91D  B0 05     BCS $F924                       A:81 X:A1 Y:80 P:A4 SP:F9 PPU: 48,255 CYC:5541
> F91F  F0 03     BEQ $F924                       A:81 X:A1 Y:80 P:A4 SP:F9 PPU: 48,261 CYC:5543
> F921  10 01     BPL $F924                       A:81 X:A1 Y:80 P:A4 SP:F9 PPU: 48,267 CYC:5545
> F923  60        RTS                             A:81 X:A1 Y:80 P:A4 SP:F9 PPU: 48,273 CYC:5547
> D41A  E8        INX                             A:81 X:A1 Y:80 P:A4 SP:FB PPU: 48,291 CYC:5553
> D41B  A9 7F     LDA #$7F                        A:81 X:A2 Y:80 P:A4 SP:FB PPU: 48,297 CYC:5555
> D41D  85 78     STA $78 = 81                    A:7F X:A2 Y:80 P:24 SP:FB PPU: 48,303 CYC:5557
> D41F  C4 78     CPY $78                         A:7F X:A2 Y:80 P:24 SP:FB PPU: 48,312 CYC:5560
> D421  20 27 F9  JSR $F927                       A:7F X:A2 Y:80 P:25 SP:FB PPU: 48,321 CYC:5563
> F927  90 05     BCC $F92E                       A:7F X:A2 Y:80 P:25 SP:F9 PPU: 48,339 CYC:5569
> F929  F0 03     BEQ $F92E                       A:7F X:A2 Y:80 P:25 SP:F9 PPU: 49,  4 CYC:5571
> F92B  30 01     BMI $F92E                       A:7F X:A2 Y:80 P:25 SP:F9 PPU: 49, 10 CYC:5573
> F92D  60        RTS                             A:7F X:A2 Y:80 P:25 SP:F9 PPU: 49, 16 CYC:5575
> D424  E8        INX                             A:7F X:A2 Y:80 P:25 SP:FB PPU: 49, 34 CYC:5581
> D425  8A        TXA                             A:7F X:A3 Y:80 P:A5 SP:FB PPU: 49, 40 CYC:5583
> D426  A8        TAY                             A:A3 X:A3 Y:80 P:A5 SP:FB PPU: 49, 46 CYC:5585
> D427  20 90 F9  JSR $F990                       A:A3 X:A3 Y:A3 P:A5 SP:FB PPU: 49, 52 CYC:5587
> F990  A2 55     LDX #$55                        A:A3 X:A3 Y:A3 P:A5 SP:F9 PPU: 49, 70 CYC:5593
> F992  A9 FF     LDA #$FF                        A:A3 X:55 Y:A3 P:25 SP:F9 PPU: 49, 76 CYC:5595
> F994  85 01     STA $01 = FF                    A:FF X:55 Y:A3 P:A5 SP:F9 PPU: 49, 82 CYC:5597
> F996  EA        NOP                             A:FF X:55 Y:A3 P:A5 SP:F9 PPU: 49, 91 CYC:5600
> F997  24 01     BIT $01 = FF                    A:FF X:55 Y:A3 P:A5 SP:F9 PPU: 49, 97 CYC:5602
> F999  38        SEC                             A:FF X:55 Y:A3 P:E5 SP:F9 PPU: 49,106 CYC:5605
> F99A  A9 01     LDA #$01                        A:FF X:55 Y:A3 P:E5 SP:F9 PPU: 49,112 CYC:5607
> F99C  60        RTS                             A:01 X:55 Y:A3 P:65 SP:F9 PPU: 49,118 CYC:5609
> D42A  85 78     STA $78 = 7F                    A:01 X:55 Y:A3 P:65 SP:FB PPU: 49,136 CYC:5615
> D42C  46 78     LSR $78                         A:01 X:55 Y:A3 P:65 SP:FB PPU: 49,145 CYC:5618
> D42E  A5 78     LDA $78                         A:01 X:55 Y:A3 P:67 SP:FB PPU: 49,154 CYC:5621
> D430  20 9D F9  JSR $F99D                       A:01 X:55 Y:A3 P:65 SP:FB PPU: 49,163 CYC:5624
> F99D  90 1B     BCC $F9BA                       A:01 X:55 Y:A3 P:65 SP:F9 PPU: 49,181 CYC:5630
> F99F  D0 19     BNE $F9BA                       A:01 X:55 Y:A3 P:65 SP:F9 PPU: 49,187 CYC:5632
> F9BA  84 00     STY $00 = 70                    A:01 X:55 Y:A3 P:65 SP:F9 PPU: 49,196 CYC:5635
> F9BC  60        RTS                             A:01 X:55 Y:A3 P:65 SP:F9 PPU: 49,205 CYC:5638
> D433  C8        INY                             A:01 X:55 Y:A3 P:65 SP:FB PPU: 49,223 CYC:5644
> D434  85 78     STA $78 = 01                    A:01 X:55 Y:A4 P:E5 SP:FB PPU: 49,229 CYC:5646
> D436  46 78     LSR $78                         A:01 X:55 Y:A4 P:E5 SP:FB PPU: 49,238 CYC:5649
> D438  A5 78     LDA $78                         A:01 X:55 Y:A4 P:67 SP:FB PPU: 49,247 CYC:5652
> D43A  20 AD F9  JSR $F9AD                       A:01 X:55 Y:A4 P:65 SP:FB PPU: 49,256 CYC:5655
> F9AD  B0 0B     BCS $F9BA                       A:01 X:55 Y:A4 P:65 SP:F9 PPU: 49,274 CYC:5661
> F9BA  84 00     STY $00 = A3                    A:01 X:55 Y:A4 P:65 SP:F9 PPU: 49,283 CYC:5664
> F9BC  60        RTS                             A:01 X:55 Y:A4 P:65 SP:F9 PPU: 49,292 CYC:5667
> D43D  C8        INY                             A:01 X:55 Y:A4 P:65 SP:FB PPU: 49,310 CYC:5673
> D43E  20 BD F9  JSR $F9BD                       A:01 X:55 Y:A5 P:E5 SP:FB PPU: 49,316 CYC:5675
> F9BD  24 01     BIT $01 = FF                    A:01 X:55 Y:A5 P:E5 SP:F9 PPU: 49,334 CYC:5681
> F9BF  38        SEC                             A:01 X:55 Y:A5 P:E5 SP:F9 PPU: 50,  2 CYC:5684
> F9C0  A9 80     LDA #$80                        A:01 X:55 Y:A5 P:E5 SP:F9 PPU: 50,  8 CYC:5686
> F9C2  60        RTS                             A:80 X:55 Y:A5 P:E5 SP:F9 PPU: 50, 14 CYC:5688
> D441  85 78     STA $78 = 01                    A:80 X:55 Y:A5 P:E5 SP:FB PPU: 50, 32 CYC:5694
> D443  06 78     ASL $78                         A:80 X:55 Y:A5 P:E5 SP:FB PPU: 50, 41 CYC:5697
> D445  A5 78     LDA $78                         A:80 X:55 Y:A5 P:E5 SP:FB PPU: 50, 56 CYC:5702
> D447  20 C3 F9  JSR $F9C3                       A:00 X:55 Y:A5 P:67 SP:FB PPU: 50, 65 CYC:5705
> F9C3  90 1C     BCC $F9E1                       A:00 X:55 Y:A5 P:67 SP:F9 PPU: 50, 83 CYC:5711
> F9C5  D0 1A     BNE $F9E1                       A:00 X:55 Y:A5 P:67 SP:F9 PPU: 50, 89 CYC:5713
> F9C7  30 18     BMI $F9E1                       A:00 X:55 Y:A5 P:67 SP:F9 PPU: 50, 95 CYC:5715
> F9C9  50 16     BVC $F9E1                       A:00 X:55 Y:A5 P:67 SP:F9 PPU: 50,101 CYC:5717
> F9CB  C9 00     CMP #$00                        A:00 X:55 Y:A5 P:67 SP:F9 PPU: 50,107 CYC:5719
> F9CD  D0 12     BNE $F9E1                       A:00 X:55 Y:A5 P:67 SP:F9 PPU: 50,113 CYC:5721
> F9CF  B8        CLV                             A:00 X:55 Y:A5 P:67 SP:F9 PPU: 50,119 CYC:5723
> F9D0  A9 55     LDA #$55                        A:00 X:55 Y:A5 P:27 SP:F9 PPU: 50,125 CYC:5725
> F9D2  38        SEC                             A:55 X:55 Y:A5 P:25 SP:F9 PPU: 50,131 CYC:5727
> F9D3  60        RTS                             A:55 X:55 Y:A5 P:25 SP:F9 PPU: 50,137 CYC:5729
> D44A  C8        INY                             A:55 X:55 Y:A5 P:25 SP:FB PPU: 50,155 CYC:5735
> D44B  85 78     STA $78 = 00                    A:55 X:55 Y:A6 P:A5 SP:FB PPU: 50,161 CYC:5737
> D44D  06 78     ASL $78                         A:55 X:55 Y:A6 P:A5 SP:FB PPU: 50,170 CYC:5740
> D44F  A5 78     LDA $78                         A:55 X:55 Y:A6 P:A4 SP:FB PPU: 50,185 CYC:5745
> D451  20 D4 F9  JSR $F9D4                       A:AA X:55 Y:A6 P:A4 SP:FB PPU: 50,194 CYC:5748
> F9D4  B0 0B     BCS $F9E1                       A:AA X:55 Y:A6 P:A4 SP:F9 PPU: 50,212 CYC:5754
> F9D6  F0 09     BEQ $F9E1                       A:AA X:55 Y:A6 P:A4 SP:F9 PPU: 50,218 CYC:5756
> F9D8  10 07     BPL $F9E1                       A:AA X:55 Y:A6 P:A4 SP:F9 PPU: 50,224 CYC:5758
> F9DA  70 05     BVS $F9E1                       A:AA X:55 Y:A6 P:A4 SP:F9 PPU: 50,230 CYC:5760
> F9DC  C9 AA     CMP #$AA                        A:AA X:55 Y:A6 P:A4 SP:F9 PPU: 50,236 CYC:5762
> F9DE  D0 01     BNE $F9E1                       A:AA X:55 Y:A6 P:27 SP:F9 PPU: 50,242 CYC:5764
> F9E0  60        RTS                             A:AA X:55 Y:A6 P:27 SP:F9 PPU: 50,248 CYC:5766
> D454  C8        INY                             A:AA X:55 Y:A6 P:27 SP:FB PPU: 50,266 CYC:5772
> D455  20 E4 F9  JSR $F9E4                       A:AA X:55 Y:A7 P:A5 SP:FB PPU: 50,272 CYC:5774
> F9E4  24 01     BIT $01 = FF                    A:AA X:55 Y:A7 P:A5 SP:F9 PPU: 50,290 CYC:5780
> F9E6  38        SEC                             A:AA X:55 Y:A7 P:E5 SP:F9 PPU: 50,299 CYC:5783
> F9E7  A9 01     LDA #$01                        A:AA X:55 Y:A7 P:E5 SP:F9 PPU: 50,305 CYC:5785
> F9E9  60        RTS                             A:01 X:55 Y:A7 P:65 SP:F9 PPU: 50,311 CYC:5787
> D458  85 78     STA $78 = AA                    A:01 X:55 Y:A7 P:65 SP:FB PPU: 50,329 CYC:5793
> D45A  66 78     ROR $78                         A:01 X:55 Y:A7 P:65 SP:FB PPU: 50,338 CYC:5796
> D45C  A5 78     LDA $78                         A:01 X:55 Y:A7 P:E5 SP:FB PPU: 51, 12 CYC:5801
> D45E  20 EA F9  JSR $F9EA                       A:80 X:55 Y:A7 P:E5 SP:FB PPU: 51, 21 CYC:5804
> F9EA  90 1C     BCC $FA08                       A:80 X:55 Y:A7 P:E5 SP:F9 PPU: 51, 39 CYC:5810
> F9EC  F0 1A     BEQ $FA08                       A:80 X:55 Y:A7 P:E5 SP:F9 PPU: 51, 45 CYC:5812
> F9EE  10 18     BPL $FA08                       A:80 X:55 Y:A7 P:E5 SP:F9 PPU: 51, 51 CYC:5814
> F9F0  50 16     BVC $FA08                       A:80 X:55 Y:A7 P:E5 SP:F9 PPU: 51, 57 CYC:5816
> F9F2  C9 80     CMP #$80                        A:80 X:55 Y:A7 P:E5 SP:F9 PPU: 51, 63 CYC:5818
> F9F4  D0 12     BNE $FA08                       A:80 X:55 Y:A7 P:67 SP:F9 PPU: 51, 69 CYC:5820
> F9F6  B8        CLV                             A:80 X:55 Y:A7 P:67 SP:F9 PPU: 51, 75 CYC:5822
> F9F7  18        CLC                             A:80 X:55 Y:A7 P:27 SP:F9 PPU: 51, 81 CYC:5824
> F9F8  A9 55     LDA #$55                        A:80 X:55 Y:A7 P:26 SP:F9 PPU: 51, 87 CYC:5826
> F9FA  60        RTS                             A:55 X:55 Y:A7 P:24 SP:F9 PPU: 51, 93 CYC:5828
> D461  C8        INY                             A:55 X:55 Y:A7 P:24 SP:FB PPU: 51,111 CYC:5834
> D462  85 78     STA $78 = 80                    A:55 X:55 Y:A8 P:A4 SP:FB PPU: 51,117 CYC:5836
> D464  66 78     ROR $78                         A:55 X:55 Y:A8 P:A4 SP:FB PPU: 51,126 CYC:5839
> D466  A5 78     LDA $78                         A:55 X:55 Y:A8 P:25 SP:FB PPU: 51,141 CYC:5844
> D468  20 FB F9  JSR $F9FB                       A:2A X:55 Y:A8 P:25 SP:FB PPU: 51,150 CYC:5847
> F9FB  90 0B     BCC $FA08                       A:2A X:55 Y:A8 P:25 SP:F9 PPU: 51,168 CYC:5853
> F9FD  F0 09     BEQ $FA08                       A:2A X:55 Y:A8 P:25 SP:F9 PPU: 51,174 CYC:5855
> F9FF  30 07     BMI $FA08                       A:2A X:55 Y:A8 P:25 SP:F9 PPU: 51,180 CYC:5857
> FA01  70 05     BVS $FA08                       A:2A X:55 Y:A8 P:25 SP:F9 PPU: 51,186 CYC:5859
> FA03  C9 2A     CMP #$2A                        A:2A X:55 Y:A8 P:25 SP:F9 PPU: 51,192 CYC:5861
> FA05  D0 01     BNE $FA08                       A:2A X:55 Y:A8 P:27 SP:F9 PPU: 51,198 CYC:5863
> FA07  60        RTS                             A:2A X:55 Y:A8 P:27 SP:F9 PPU: 51,204 CYC:5865
> D46B  C8        INY                             A:2A X:55 Y:A8 P:27 SP:FB PPU: 51,222 CYC:5871
> D46C  20 0A FA  JSR $FA0A                       A:2A X:55 Y:A9 P:A5 SP:FB PPU: 51,228 CYC:5873
> FA0A  24 01     BIT $01 = FF                    A:2A X:55 Y:A9 P:A5 SP:F9 PPU: 51,246 CYC:5879
> FA0C  38        SEC                             A:2A X:55 Y:A9 P:E5 SP:F9 PPU: 51,255 CYC:5882
> FA0D  A9 80     LDA #$80                        A:2A X:55 Y:A9 P:E5 SP:F9 PPU: 51,261 CYC:5884
> FA0F  60        RTS                             A:80 X:55 Y:A9 P:E5 SP:F9 PPU: 51,267 CYC:5886
> D46F  85 78     STA $78 = 2A                    A:80 X:55 Y:A9 P:E5 SP:FB PPU: 51,285 CYC:5892
> D471  26 78     ROL $78                         A:80 X:55 Y:A9 P:E5 SP:FB PPU: 51,294 CYC:5895
> D473  A5 78     LDA $78                         A:80 X:55 Y:A9 P:65 SP:FB PPU: 51,309 CYC:5900
> D475  20 10 FA  JSR $FA10                       A:01 X:55 Y:A9 P:65 SP:FB PPU: 51,318 CYC:5903
> FA10  90 1C     BCC $FA2E                       A:01 X:55 Y:A9 P:65 SP:F9 PPU: 51,336 CYC:5909
> FA12  F0 1A     BEQ $FA2E                       A:01 X:55 Y:A9 P:65 SP:F9 PPU: 52,  1 CYC:5911
> FA14  30 18     BMI $FA2E                       A:01 X:55 Y:A9 P:65 SP:F9 PPU: 52,  7 CYC:5913
> FA16  50 16     BVC $FA2E                       A:01 X:55 Y:A9 P:65 SP:F9 PPU: 52, 13 CYC:5915
> FA18  C9 01     CMP #$01                        A:01 X:55 Y:A9 P:65 SP:F9 PPU: 52, 19 CYC:5917
> FA1A  D0 12     BNE $FA2E                       A:01 X:55 Y:A9 P:67 SP:F9 PPU: 52, 25 CYC:5919
> FA1C  B8        CLV                             A:01 X:55 Y:A9 P:67 SP:F9 PPU: 52, 31 CYC:5921
> FA1D  18        CLC                             A:01 X:55 Y:A9 P:27 SP:F9 PPU: 52, 37 CYC:5923
> FA1E  A9 55     LDA #$55                        A:01 X:55 Y:A9 P:26 SP:F9 PPU: 52, 43 CYC:5925
> FA20  60        RTS                             A:55 X:55 Y:A9 P:24 SP:F9 PPU: 52, 49 CYC:5927
> D478  C8        INY                             A:55 X:55 Y:A9 P:24 SP:FB PPU: 52, 67 CYC:5933
> D479  85 78     STA $78 = 01                    A:55 X:55 Y:AA P:A4 SP:FB PPU: 52, 73 CYC:5935
> D47B  26 78     ROL $78                         A:55 X:55 Y:AA P:A4 SP:FB PPU: 52, 82 CYC:5938
> D47D  A5 78     LDA $78                         A:55 X:55 Y:AA P:A4 SP:FB PPU: 52, 97 CYC:5943
> D47F  20 21 FA  JSR $FA21                       A:AA X:55 Y:AA P:A4 SP:FB PPU: 52,106 CYC:5946
> FA21  B0 0B     BCS $FA2E                       A:AA X:55 Y:AA P:A4 SP:F9 PPU: 52,124 CYC:5952
> FA23  F0 09     BEQ $FA2E                       A:AA X:55 Y:AA P:A4 SP:F9 PPU: 52,130 CYC:5954
> FA25  10 07     BPL $FA2E                       A:AA X:55 Y:AA P:A4 SP:F9 PPU: 52,136 CYC:5956
> FA27  70 05     BVS $FA2E                       A:AA X:55 Y:AA P:A4 SP:F9 PPU: 52,142 CYC:5958
> FA29  C9 AA     CMP #$AA                        A:AA X:55 Y:AA P:A4 SP:F9 PPU: 52,148 CYC:5960
> FA2B  D0 01     BNE $FA2E                       A:AA X:55 Y:AA P:27 SP:F9 PPU: 52,154 CYC:5962
> FA2D  60        RTS                             A:AA X:55 Y:AA P:27 SP:F9 PPU: 52,160 CYC:5964
> D482  A9 FF     LDA #$FF                        A:AA X:55 Y:AA P:27 SP:FB PPU: 52,178 CYC:5970
> D484  85 78     STA $78 = AA                    A:FF X:55 Y:AA P:A5 SP:FB PPU: 52,184 CYC:5972
> D486  85 01     STA $01 = FF                    A:FF X:55 Y:AA P:A5 SP:FB PPU: 52,193 CYC:5975
> D488  24 01     BIT $01 = FF                    A:FF X:55 Y:AA P:A5 SP:FB PPU: 52,202 CYC:5978
> D48A  38        SEC                             A:FF X:55 Y:AA P:E5 SP:FB PPU: 52,211 CYC:5981
> D48B  E6 78     INC  $78                         A:FF X:55 Y:AA P:E5 SP:FB PPU: 52,217 CYC:5983
> D48D  D0 0C     BNE $D49B                       A:FF X:55 Y:AA P:67 SP:FB PPU: 52,232 CYC:5988
> D48F  30 0A     BMI $D49B                       A:FF X:55 Y:AA P:67 SP:FB PPU: 52,238 CYC:5990
> D491  50 08     BVC $D49B                       A:FF X:55 Y:AA P:67 SP:FB PPU: 52,244 CYC:5992
> D493  90 06     BCC $D49B                       A:FF X:55 Y:AA P:67 SP:FB PPU: 52,250 CYC:5994
> D495  A5 78     LDA $78                         A:FF X:55 Y:AA P:67 SP:FB PPU: 52,256 CYC:5996
> D497  C9 00     CMP #$00                        A:00 X:55 Y:AA P:67 SP:FB PPU: 52,265 CYC:5999
> D499  F0 04     BEQ $D49F                       A:00 X:55 Y:AA P:67 SP:FB PPU: 52,271 CYC:6001
> D49F  A9 7F     LDA #$7F                        A:00 X:55 Y:AA P:67 SP:FB PPU: 52,280 CYC:6004
> D4A1  85 78     STA $78 = 00                    A:7F X:55 Y:AA P:65 SP:FB PPU: 52,286 CYC:6006
> D4A3  B8        CLV                             A:7F X:55 Y:AA P:65 SP:FB PPU: 52,295 CYC:6009
> D4A4  18        CLC                             A:7F X:55 Y:AA P:25 SP:FB PPU: 52,301 CYC:6011
> D4A5  E6 78     INC  $78                         A:7F X:55 Y:AA P:24 SP:FB PPU: 52,307 CYC:6013
> D4A7  F0 0C     BEQ $D4B5                       A:7F X:55 Y:AA P:A4 SP:FB PPU: 52,322 CYC:6018
> D4A9  10 0A     BPL $D4B5                       A:7F X:55 Y:AA P:A4 SP:FB PPU: 52,328 CYC:6020
> D4AB  70 08     BVS $D4B5                       A:7F X:55 Y:AA P:A4 SP:FB PPU: 52,334 CYC:6022
> D4AD  B0 06     BCS $D4B5                       A:7F X:55 Y:AA P:A4 SP:FB PPU: 52,340 CYC:6024
> D4AF  A5 78     LDA $78                         A:7F X:55 Y:AA P:A4 SP:FB PPU: 53,  5 CYC:6026
> D4B1  C9 80     CMP #$80                        A:80 X:55 Y:AA P:A4 SP:FB PPU: 53, 14 CYC:6029
> D4B3  F0 04     BEQ $D4B9                       A:80 X:55 Y:AA P:27 SP:FB PPU: 53, 20 CYC:6031
> D4B9  A9 00     LDA #$00                        A:80 X:55 Y:AA P:27 SP:FB PPU: 53, 29 CYC:6034
> D4BB  85 78     STA $78 = 80                    A:00 X:55 Y:AA P:27 SP:FB PPU: 53, 35 CYC:6036
> D4BD  24 01     BIT $01 = FF                    A:00 X:55 Y:AA P:27 SP:FB PPU: 53, 44 CYC:6039
> D4BF  38        SEC                             A:00 X:55 Y:AA P:E7 SP:FB PPU: 53, 53 CYC:6042
> D4C0  C6 78     DEC $78                         A:00 X:55 Y:AA P:E7 SP:FB PPU: 53, 59 CYC:6044
> D4C2  F0 0C     BEQ $D4D0                       A:00 X:55 Y:AA P:E5 SP:FB PPU: 53, 74 CYC:6049
> D4C4  10 0A     BPL $D4D0                       A:00 X:55 Y:AA P:E5 SP:FB PPU: 53, 80 CYC:6051
> D4C6  50 08     BVC $D4D0                       A:00 X:55 Y:AA P:E5 SP:FB PPU: 53, 86 CYC:6053
> D4C8  90 06     BCC $D4D0                       A:00 X:55 Y:AA P:E5 SP:FB PPU: 53, 92 CYC:6055
> D4CA  A5 78     LDA $78                         A:00 X:55 Y:AA P:E5 SP:FB PPU: 53, 98 CYC:6057
> D4CC  C9 FF     CMP #$FF                        A:FF X:55 Y:AA P:E5 SP:FB PPU: 53,107 CYC:6060
> D4CE  F0 04     BEQ $D4D4                       A:FF X:55 Y:AA P:67 SP:FB PPU: 53,113 CYC:6062
> D4D4  A9 80     LDA #$80                        A:FF X:55 Y:AA P:67 SP:FB PPU: 53,122 CYC:6065
> D4D6  85 78     STA $78 = FF                    A:80 X:55 Y:AA P:E5 SP:FB PPU: 53,128 CYC:6067
> D4D8  B8        CLV                             A:80 X:55 Y:AA P:E5 SP:FB PPU: 53,137 CYC:6070
> D4D9  18        CLC                             A:80 X:55 Y:AA P:A5 SP:FB PPU: 53,143 CYC:6072
> D4DA  C6 78     DEC $78                         A:80 X:55 Y:AA P:A4 SP:FB PPU: 53,149 CYC:6074
> D4DC  F0 0C     BEQ $D4EA                       A:80 X:55 Y:AA P:24 SP:FB PPU: 53,164 CYC:6079
> D4DE  30 0A     BMI $D4EA                       A:80 X:55 Y:AA P:24 SP:FB PPU: 53,170 CYC:6081
> D4E0  70 08     BVS $D4EA                       A:80 X:55 Y:AA P:24 SP:FB PPU: 53,176 CYC:6083
> D4E2  B0 06     BCS $D4EA                       A:80 X:55 Y:AA P:24 SP:FB PPU: 53,182 CYC:6085
> D4E4  A5 78     LDA $78                         A:80 X:55 Y:AA P:24 SP:FB PPU: 53,188 CYC:6087
> D4E6  C9 7F     CMP #$7F                        A:7F X:55 Y:AA P:24 SP:FB PPU: 53,197 CYC:6090
> D4E8  F0 04     BEQ $D4EE                       A:7F X:55 Y:AA P:27 SP:FB PPU: 53,203 CYC:6092
> D4EE  A9 01     LDA #$01                        A:7F X:55 Y:AA P:27 SP:FB PPU: 53,212 CYC:6095
> D4F0  85 78     STA $78 = 7F                    A:01 X:55 Y:AA P:25 SP:FB PPU: 53,218 CYC:6097
> D4F2  C6 78     DEC $78                         A:01 X:55 Y:AA P:25 SP:FB PPU: 53,227 CYC:6100
> D4F4  F0 04     BEQ $D4FA                       A:01 X:55 Y:AA P:27 SP:FB PPU: 53,242 CYC:6105
> D4FA  60        RTS                             A:01 X:55 Y:AA P:27 SP:FB PPU: 53,251 CYC:6108
> C615  20 FB D4  JSR $D4FB                       A:01 X:55 Y:AA P:27 SP:FD PPU: 53,269 CYC:6114
> D4FB  A9 55     LDA #$55                        A:01 X:55 Y:AA P:27 SP:FB PPU: 53,287 CYC:6120
> D4FD  8D 78 06  STA $0678 = 00                  A:55 X:55 Y:AA P:25 SP:FB PPU: 53,293 CYC:6122
> D500  A9 FF     LDA #$FF                        A:55 X:55 Y:AA P:25 SP:FB PPU: 53,305 CYC:6126
> D502  85 01     STA $01 = FF                    A:FF X:55 Y:AA P:A5 SP:FB PPU: 53,311 CYC:6128
> D504  24 01     BIT $01 = FF                    A:FF X:55 Y:AA P:A5 SP:FB PPU: 53,320 CYC:6131
> D506  A0 11     LDY #$11                        A:FF X:55 Y:AA P:E5 SP:FB PPU: 53,329 CYC:6134
> D508  A2 23     LDX #$23                        A:FF X:55 Y:11 P:65 SP:FB PPU: 53,335 CYC:6136
> D50A  A9 00     LDA #$00                        A:FF X:23 Y:11 P:65 SP:FB PPU: 54,  0 CYC:6138
> D50C  AD 78 06  LDA $0678                       A:00 X:23 Y:11 P:67 SP:FB PPU: 54,  6 CYC:6140
> D50F  F0 10     BEQ $D521                       A:55 X:23 Y:11 P:65 SP:FB PPU: 54, 18 CYC:6144
> D511  30 0E     BMI $D521                       A:55 X:23 Y:11 P:65 SP:FB PPU: 54, 24 CYC:6146
> D513  C9 55     CMP #$55                        A:55 X:23 Y:11 P:65 SP:FB PPU: 54, 30 CYC:6148
> D515  D0 0A     BNE $D521                       A:55 X:23 Y:11 P:67 SP:FB PPU: 54, 36 CYC:6150
> D517  C0 11     CPY #$11                        A:55 X:23 Y:11 P:67 SP:FB PPU: 54, 42 CYC:6152
> D519  D0 06     BNE $D521                       A:55 X:23 Y:11 P:67 SP:FB PPU: 54, 48 CYC:6154
> D51B  E0 23     CPX #$23                        A:55 X:23 Y:11 P:67 SP:FB PPU: 54, 54 CYC:6156
> D51D  50 02     BVC $D521                       A:55 X:23 Y:11 P:67 SP:FB PPU: 54, 60 CYC:6158
> D51F  F0 04     BEQ $D525                       A:55 X:23 Y:11 P:67 SP:FB PPU: 54, 66 CYC:6160
> D525  A9 46     LDA #$46                        A:55 X:23 Y:11 P:67 SP:FB PPU: 54, 75 CYC:6163
> D527  24 01     BIT $01 = FF                    A:46 X:23 Y:11 P:65 SP:FB PPU: 54, 81 CYC:6165
> D529  8D 78 06  STA $0678 = 55                  A:46 X:23 Y:11 P:E5 SP:FB PPU: 54, 90 CYC:6168
> D52C  F0 0B     BEQ $D539                       A:46 X:23 Y:11 P:E5 SP:FB PPU: 54,102 CYC:6172
> D52E  10 09     BPL $D539                       A:46 X:23 Y:11 P:E5 SP:FB PPU: 54,108 CYC:6174
> D530  50 07     BVC $D539                       A:46 X:23 Y:11 P:E5 SP:FB PPU: 54,114 CYC:6176
> D532  AD 78 06  LDA $0678                       A:46 X:23 Y:11 P:E5 SP:FB PPU: 54,120 CYC:6178
> D535  C9 46     CMP #$46                        A:46 X:23 Y:11 P:65 SP:FB PPU: 54,132 CYC:6182
> D537  F0 04     BEQ $D53D                       A:46 X:23 Y:11 P:67 SP:FB PPU: 54,138 CYC:6184
> D53D  A9 55     LDA #$55                        A:46 X:23 Y:11 P:67 SP:FB PPU: 54,147 CYC:6187
> D53F  8D 78 06  STA $0678 = 46                  A:55 X:23 Y:11 P:65 SP:FB PPU: 54,153 CYC:6189
> D542  24 01     BIT $01 = FF                    A:55 X:23 Y:11 P:65 SP:FB PPU: 54,165 CYC:6193
> D544  A9 11     LDA #$11                        A:55 X:23 Y:11 P:E5 SP:FB PPU: 54,174 CYC:6196
> D546  A2 23     LDX #$23                        A:11 X:23 Y:11 P:65 SP:FB PPU: 54,180 CYC:6198
> D548  A0 00     LDY #$00                        A:11 X:23 Y:11 P:65 SP:FB PPU: 54,186 CYC:6200
> D54A  AC 78 06  LDY $0678                       A:11 X:23 Y:00 P:67 SP:FB PPU: 54,192 CYC:6202
> D54D  F0 10     BEQ $D55F                       A:11 X:23 Y:55 P:65 SP:FB PPU: 54,204 CYC:6206
> D54F  30 0E     BMI $D55F                       A:11 X:23 Y:55 P:65 SP:FB PPU: 54,210 CYC:6208
> D551  C0 55     CPY #$55                        A:11 X:23 Y:55 P:65 SP:FB PPU: 54,216 CYC:6210
> D553  D0 0A     BNE $D55F                       A:11 X:23 Y:55 P:67 SP:FB PPU: 54,222 CYC:6212
> D555  C9 11     CMP #$11                        A:11 X:23 Y:55 P:67 SP:FB PPU: 54,228 CYC:6214
> D557  D0 06     BNE $D55F                       A:11 X:23 Y:55 P:67 SP:FB PPU: 54,234 CYC:6216
> D559  E0 23     CPX #$23                        A:11 X:23 Y:55 P:67 SP:FB PPU: 54,240 CYC:6218
> D55B  50 02     BVC $D55F                       A:11 X:23 Y:55 P:67 SP:FB PPU: 54,246 CYC:6220
> D55D  F0 04     BEQ $D563                       A:11 X:23 Y:55 P:67 SP:FB PPU: 54,252 CYC:6222
> D563  A0 46     LDY #$46                        A:11 X:23 Y:55 P:67 SP:FB PPU: 54,261 CYC:6225
> D565  24 01     BIT $01 = FF                    A:11 X:23 Y:46 P:65 SP:FB PPU: 54,267 CYC:6227
> D567  8C 78 06  STY $0678 = 55                  A:11 X:23 Y:46 P:E5 SP:FB PPU: 54,276 CYC:6230
> D56A  F0 0B     BEQ $D577                       A:11 X:23 Y:46 P:E5 SP:FB PPU: 54,288 CYC:6234
> D56C  10 09     BPL $D577                       A:11 X:23 Y:46 P:E5 SP:FB PPU: 54,294 CYC:6236
> D56E  50 07     BVC $D577                       A:11 X:23 Y:46 P:E5 SP:FB PPU: 54,300 CYC:6238
> D570  AC 78 06  LDY $0678                       A:11 X:23 Y:46 P:E5 SP:FB PPU: 54,306 CYC:6240
> D573  C0 46     CPY #$46                        A:11 X:23 Y:46 P:65 SP:FB PPU: 54,318 CYC:6244
> D575  F0 04     BEQ $D57B                       A:11 X:23 Y:46 P:67 SP:FB PPU: 54,324 CYC:6246
> D57B  24 01     BIT $01 = FF                    A:11 X:23 Y:46 P:67 SP:FB PPU: 54,333 CYC:6249
> D57D  A9 55     LDA #$55                        A:11 X:23 Y:46 P:E5 SP:FB PPU: 55,  1 CYC:6252
> D57F  8D 78 06  STA $0678 = 46                  A:55 X:23 Y:46 P:65 SP:FB PPU: 55,  7 CYC:6254
> D582  A0 11     LDY #$11                        A:55 X:23 Y:46 P:65 SP:FB PPU: 55, 19 CYC:6258
> D584  A9 23     LDA #$23                        A:55 X:23 Y:11 P:65 SP:FB PPU: 55, 25 CYC:6260
> D586  A2 00     LDX #$00                        A:23 X:23 Y:11 P:65 SP:FB PPU: 55, 31 CYC:6262
> D588  AE 78 06  LDX $0678                       A:23 X:00 Y:11 P:67 SP:FB PPU: 55, 37 CYC:6264
> D58B  F0 10     BEQ $D59D                       A:23 X:55 Y:11 P:65 SP:FB PPU: 55, 49 CYC:6268
> D58D  30 0E     BMI $D59D                       A:23 X:55 Y:11 P:65 SP:FB PPU: 55, 55 CYC:6270
> D58F  E0 55     CPX #$55                        A:23 X:55 Y:11 P:65 SP:FB PPU: 55, 61 CYC:6272
> D591  D0 0A     BNE $D59D                       A:23 X:55 Y:11 P:67 SP:FB PPU: 55, 67 CYC:6274
> D593  C0 11     CPY #$11                        A:23 X:55 Y:11 P:67 SP:FB PPU: 55, 73 CYC:6276
> D595  D0 06     BNE $D59D                       A:23 X:55 Y:11 P:67 SP:FB PPU: 55, 79 CYC:6278
> D597  C9 23     CMP #$23                        A:23 X:55 Y:11 P:67 SP:FB PPU: 55, 85 CYC:6280
> D599  50 02     BVC $D59D                       A:23 X:55 Y:11 P:67 SP:FB PPU: 55, 91 CYC:6282
> D59B  F0 04     BEQ $D5A1                       A:23 X:55 Y:11 P:67 SP:FB PPU: 55, 97 CYC:6284
> D5A1  A2 46     LDX #$46                        A:23 X:55 Y:11 P:67 SP:FB PPU: 55,106 CYC:6287
> D5A3  24 01     BIT $01 = FF                    A:23 X:46 Y:11 P:65 SP:FB PPU: 55,112 CYC:6289
> D5A5  8E 78 06  STX $0678 = 55                  A:23 X:46 Y:11 P:E5 SP:FB PPU: 55,121 CYC:6292
> D5A8  F0 0B     BEQ $D5B5                       A:23 X:46 Y:11 P:E5 SP:FB PPU: 55,133 CYC:6296
> D5AA  10 09     BPL $D5B5                       A:23 X:46 Y:11 P:E5 SP:FB PPU: 55,139 CYC:6298
> D5AC  50 07     BVC $D5B5                       A:23 X:46 Y:11 P:E5 SP:FB PPU: 55,145 CYC:6300
> D5AE  AE 78 06  LDX $0678                       A:23 X:46 Y:11 P:E5 SP:FB PPU: 55,151 CYC:6302
> D5B1  E0 46     CPX #$46                        A:23 X:46 Y:11 P:65 SP:FB PPU: 55,163 CYC:6306
> D5B3  F0 04     BEQ $D5B9                       A:23 X:46 Y:11 P:67 SP:FB PPU: 55,169 CYC:6308
> D5B9  A9 C0     LDA #$C0                        A:23 X:46 Y:11 P:67 SP:FB PPU: 55,178 CYC:6311
> D5BB  8D 78 06  STA $0678 = 46                  A:C0 X:46 Y:11 P:E5 SP:FB PPU: 55,184 CYC:6313
> D5BE  A2 33     LDX #$33                        A:C0 X:46 Y:11 P:E5 SP:FB PPU: 55,196 CYC:6317
> D5C0  A0 88     LDY #$88                        A:C0 X:33 Y:11 P:65 SP:FB PPU: 55,202 CYC:6319
> D5C2  A9 05     LDA #$05                        A:C0 X:33 Y:88 P:E5 SP:FB PPU: 55,208 CYC:6321
> D5C4  2C 78 06  BIT $7878 = 0                   A:05 X:33 Y:88 P:65 SP:FB PPU: 55,214 CYC:6323
> D5C7  10 10     BPL $D5D9                       A:05 X:33 Y:88 P:E7 SP:FB PPU: 55,226 CYC:6327
> D5C9  50 0E     BVC $D5D9                       A:05 X:33 Y:88 P:E7 SP:FB PPU: 55,232 CYC:6329
> D5CB  D0 0C     BNE $D5D9                       A:05 X:33 Y:88 P:E7 SP:FB PPU: 55,238 CYC:6331
> D5CD  C9 05     CMP #$05                        A:05 X:33 Y:88 P:E7 SP:FB PPU: 55,244 CYC:6333
> D5CF  D0 08     BNE $D5D9                       A:05 X:33 Y:88 P:67 SP:FB PPU: 55,250 CYC:6335
> D5D1  E0 33     CPX #$33                        A:05 X:33 Y:88 P:67 SP:FB PPU: 55,256 CYC:6337
> D5D3  D0 04     BNE $D5D9                       A:05 X:33 Y:88 P:67 SP:FB PPU: 55,262 CYC:6339
> D5D5  C0 88     CPY #$88                        A:05 X:33 Y:88 P:67 SP:FB PPU: 55,268 CYC:6341
> D5D7  F0 04     BEQ $D5DD                       A:05 X:33 Y:88 P:67 SP:FB PPU: 55,274 CYC:6343
> D5DD  A9 03     LDA #$03                        A:05 X:33 Y:88 P:67 SP:FB PPU: 55,283 CYC:6346
> D5DF  8D 78 06  STA $0678 = C0                  A:03 X:33 Y:88 P:65 SP:FB PPU: 55,289 CYC:6348
> D5E2  A9 01     LDA #$01                        A:03 X:33 Y:88 P:65 SP:FB PPU: 55,301 CYC:6352
> D5E4  2C 78 06  BIT $7878 = 0                   A:01 X:33 Y:88 P:65 SP:FB PPU: 55,307 CYC:6354
> D5E7  30 08     BMI $D5F1                       A:01 X:33 Y:88 P:25 SP:FB PPU: 55,319 CYC:6358
> D5E9  70 06     BVS $D5F1                       A:01 X:33 Y:88 P:25 SP:FB PPU: 55,325 CYC:6360
> D5EB  F0 04     BEQ $D5F1                       A:01 X:33 Y:88 P:25 SP:FB PPU: 55,331 CYC:6362
> D5ED  C9 01     CMP #$01                        A:01 X:33 Y:88 P:25 SP:FB PPU: 55,337 CYC:6364
> D5EF  F0 04     BEQ $D5F5                       A:01 X:33 Y:88 P:27 SP:FB PPU: 56,  2 CYC:6366
> D5F5  A0 B8     LDY #$B8                        A:01 X:33 Y:88 P:27 SP:FB PPU: 56, 11 CYC:6369
> D5F7  A9 AA     LDA #$AA                        A:01 X:33 Y:B8 P:A5 SP:FB PPU: 56, 17 CYC:6371
> D5F9  8D 78 06  STA $0678 = 03                  A:AA X:33 Y:B8 P:A5 SP:FB PPU: 56, 23 CYC:6373
> D5FC  20 B6 F7  JSR $F7B6                       A:AA X:33 Y:B8 P:A5 SP:FB PPU: 56, 35 CYC:6377
> F7B6  18        CLC                             A:AA X:33 Y:B8 P:A5 SP:F9 PPU: 56, 53 CYC:6383
> F7B7  A9 FF     LDA #$FF                        A:AA X:33 Y:B8 P:A4 SP:F9 PPU: 56, 59 CYC:6385
> F7B9  85 01     STA $01 = FF                    A:FF X:33 Y:B8 P:A4 SP:F9 PPU: 56, 65 CYC:6387
> F7BB  24 01     BIT $01 = FF                    A:FF X:33 Y:B8 P:A4 SP:F9 PPU: 56, 74 CYC:6390
> F7BD  A9 55     LDA #$55                        A:FF X:33 Y:B8 P:E4 SP:F9 PPU: 56, 83 CYC:6393
> F7BF  60        RTS                             A:55 X:33 Y:B8 P:64 SP:F9 PPU: 56, 89 CYC:6395
> D5FF  0D 78 06  ORA $0678                       A:55 X:33 Y:B8 P:64 SP:FB PPU: 56,107 CYC:6401
> D602  20 C0 F7  JSR $F7C0                       A:FF X:33 Y:B8 P:E4 SP:FB PPU: 56,119 CYC:6405
> F7C0  B0 09     BCS $F7CB                       A:FF X:33 Y:B8 P:E4 SP:F9 PPU: 56,137 CYC:6411
> F7C2  10 07     BPL $F7CB                       A:FF X:33 Y:B8 P:E4 SP:F9 PPU: 56,143 CYC:6413
> F7C4  C9 FF     CMP #$FF                        A:FF X:33 Y:B8 P:E4 SP:F9 PPU: 56,149 CYC:6415
> F7C6  D0 03     BNE $F7CB                       A:FF X:33 Y:B8 P:67 SP:F9 PPU: 56,155 CYC:6417
> F7C8  50 01     BVC $F7CB                       A:FF X:33 Y:B8 P:67 SP:F9 PPU: 56,161 CYC:6419
> F7CA  60        RTS                             A:FF X:33 Y:B8 P:67 SP:F9 PPU: 56,167 CYC:6421
> D605  C8        INY                             A:FF X:33 Y:B8 P:67 SP:FB PPU: 56,185 CYC:6427
> D606  A9 00     LDA #$00                        A:FF X:33 Y:B9 P:E5 SP:FB PPU: 56,191 CYC:6429
> D608  8D 78 06  STA $0678 = AA                  A:00 X:33 Y:B9 P:67 SP:FB PPU: 56,197 CYC:6431
> D60B  20 CE F7  JSR $F7CE                       A:00 X:33 Y:B9 P:67 SP:FB PPU: 56,209 CYC:6435
> F7CE  38        SEC                             A:00 X:33 Y:B9 P:67 SP:F9 PPU: 56,227 CYC:6441
> F7CF  B8        CLV                             A:00 X:33 Y:B9 P:67 SP:F9 PPU: 56,233 CYC:6443
> F7D0  A9 00     LDA #$00                        A:00 X:33 Y:B9 P:27 SP:F9 PPU: 56,239 CYC:6445
> F7D2  60        RTS                             A:00 X:33 Y:B9 P:27 SP:F9 PPU: 56,245 CYC:6447
> D60E  0D 78 06  ORA $0678                       A:00 X:33 Y:B9 P:27 SP:FB PPU: 56,263 CYC:6453
> D611  20 D3 F7  JSR $F7D3                       A:00 X:33 Y:B9 P:27 SP:FB PPU: 56,275 CYC:6457
> F7D3  D0 07     BNE $F7DC                       A:00 X:33 Y:B9 P:27 SP:F9 PPU: 56,293 CYC:6463
> F7D5  70 05     BVS $F7DC                       A:00 X:33 Y:B9 P:27 SP:F9 PPU: 56,299 CYC:6465
> F7D7  90 03     BCC $F7DC                       A:00 X:33 Y:B9 P:27 SP:F9 PPU: 56,305 CYC:6467
> F7D9  30 01     BMI $F7DC                       A:00 X:33 Y:B9 P:27 SP:F9 PPU: 56,311 CYC:6469
> F7DB  60        RTS                             A:00 X:33 Y:B9 P:27 SP:F9 PPU: 56,317 CYC:6471
> D614  C8        INY                             A:00 X:33 Y:B9 P:27 SP:FB PPU: 56,335 CYC:6477
> D615  A9 AA     LDA #$AA                        A:00 X:33 Y:BA P:A5 SP:FB PPU: 57,  0 CYC:6479
> D617  8D 78 06  STA $0678 = 00                  A:AA X:33 Y:BA P:A5 SP:FB PPU: 57,  6 CYC:6481
> D61A  20 DF F7  JSR $F7DF                       A:AA X:33 Y:BA P:A5 SP:FB PPU: 57, 18 CYC:6485
> F7DF  18        CLC                             A:AA X:33 Y:BA P:A5 SP:F9 PPU: 57, 36 CYC:6491
> F7E0  24 01     BIT $01 = FF                    A:AA X:33 Y:BA P:A4 SP:F9 PPU: 57, 42 CYC:6493
> F7E2  A9 55     LDA #$55                        A:AA X:33 Y:BA P:E4 SP:F9 PPU: 57, 51 CYC:6496
> F7E4  60        RTS                             A:55 X:33 Y:BA P:64 SP:F9 PPU: 57, 57 CYC:6498
> D61D  2D 78 06  AND $0678                       A:55 X:33 Y:BA P:64 SP:FB PPU: 57, 75 CYC:6504
> D620  20 E5 F7  JSR $F7E5                       A:00 X:33 Y:BA P:66 SP:FB PPU: 57, 87 CYC:6508
> F7E5  D0 07     BNE $F7EE                       A:00 X:33 Y:BA P:66 SP:F9 PPU: 57,105 CYC:6514
> F7E7  50 05     BVC $F7EE                       A:00 X:33 Y:BA P:66 SP:F9 PPU: 57,111 CYC:6516
> F7E9  B0 03     BCS $F7EE                       A:00 X:33 Y:BA P:66 SP:F9 PPU: 57,117 CYC:6518
> F7EB  30 01     BMI $F7EE                       A:00 X:33 Y:BA P:66 SP:F9 PPU: 57,123 CYC:6520
> F7ED  60        RTS                             A:00 X:33 Y:BA P:66 SP:F9 PPU: 57,129 CYC:6522
> D623  C8        INY                             A:00 X:33 Y:BA P:66 SP:FB PPU: 57,147 CYC:6528
> D624  A9 EF     LDA #$EF                        A:00 X:33 Y:BB P:E4 SP:FB PPU: 57,153 CYC:6530
> D626  8D 78 06  STA $0678 = AA                  A:EF X:33 Y:BB P:E4 SP:FB PPU: 57,159 CYC:6532
> D629  20 F1 F7  JSR $F7F1                       A:EF X:33 Y:BB P:E4 SP:FB PPU: 57,171 CYC:6536
> F7F1  38        SEC                             A:EF X:33 Y:BB P:E4 SP:F9 PPU: 57,189 CYC:6542
> F7F2  B8        CLV                             A:EF X:33 Y:BB P:E5 SP:F9 PPU: 57,195 CYC:6544
> F7F3  A9 F8     LDA #$F8                        A:EF X:33 Y:BB P:A5 SP:F9 PPU: 57,201 CYC:6546
> F7F5  60        RTS                             A:F8 X:33 Y:BB P:A5 SP:F9 PPU: 57,207 CYC:6548
> D62C  2D 78 06  AND $0678                       A:F8 X:33 Y:BB P:A5 SP:FB PPU: 57,225 CYC:6554
> D62F  20 F6 F7  JSR $F7F6                       A:E8 X:33 Y:BB P:A5 SP:FB PPU: 57,237 CYC:6558
> F7F6  90 09     BCC $F801                       A:E8 X:33 Y:BB P:A5 SP:F9 PPU: 57,255 CYC:6564
> F7F8  10 07     BPL $F801                       A:E8 X:33 Y:BB P:A5 SP:F9 PPU: 57,261 CYC:6566
> F7FA  C9 E8     CMP #$E8                        A:E8 X:33 Y:BB P:A5 SP:F9 PPU: 57,267 CYC:6568
> F7FC  D0 03     BNE $F801                       A:E8 X:33 Y:BB P:27 SP:F9 PPU: 57,273 CYC:6570
> F7FE  70 01     BVS $F801                       A:E8 X:33 Y:BB P:27 SP:F9 PPU: 57,279 CYC:6572
> F800  60        RTS                             A:E8 X:33 Y:BB P:27 SP:F9 PPU: 57,285 CYC:6574
> D632  C8        INY                             A:E8 X:33 Y:BB P:27 SP:FB PPU: 57,303 CYC:6580
> D633  A9 AA     LDA #$AA                        A:E8 X:33 Y:BC P:A5 SP:FB PPU: 57,309 CYC:6582
> D635  8D 78 06  STA $0678 = EF                  A:AA X:33 Y:BC P:A5 SP:FB PPU: 57,315 CYC:6584
> D638  20 04 F8  JSR $F804                       A:AA X:33 Y:BC P:A5 SP:FB PPU: 57,327 CYC:6588
> F804  18        CLC                             A:AA X:33 Y:BC P:A5 SP:F9 PPU: 58,  4 CYC:6594
> F805  24 01     BIT $01 = FF                    A:AA X:33 Y:BC P:A4 SP:F9 PPU: 58, 10 CYC:6596
> F807  A9 5F     LDA #$5F                        A:AA X:33 Y:BC P:E4 SP:F9 PPU: 58, 19 CYC:6599
> F809  60        RTS                             A:5F X:33 Y:BC P:64 SP:F9 PPU: 58, 25 CYC:6601
> D63B  4D 78 06  EOR $0678                       A:5F X:33 Y:BC P:64 SP:FB PPU: 58, 43 CYC:6607
> D63E  20 0A F8  JSR $F80A                       A:F5 X:33 Y:BC P:E4 SP:FB PPU: 58, 55 CYC:6611
> F80A  B0 09     BCS $F815                       A:F5 X:33 Y:BC P:E4 SP:F9 PPU: 58, 73 CYC:6617
> F80C  10 07     BPL $F815                       A:F5 X:33 Y:BC P:E4 SP:F9 PPU: 58, 79 CYC:6619
> F80E  C9 F5     CMP #$F5                        A:F5 X:33 Y:BC P:E4 SP:F9 PPU: 58, 85 CYC:6621
> F810  D0 03     BNE $F815                       A:F5 X:33 Y:BC P:67 SP:F9 PPU: 58, 91 CYC:6623
> F812  50 01     BVC $F815                       A:F5 X:33 Y:BC P:67 SP:F9 PPU: 58, 97 CYC:6625
> F814  60        RTS                             A:F5 X:33 Y:BC P:67 SP:F9 PPU: 58,103 CYC:6627
> D641  C8        INY                             A:F5 X:33 Y:BC P:67 SP:FB PPU: 58,121 CYC:6633
> D642  A9 70     LDA #$70                        A:F5 X:33 Y:BD P:E5 SP:FB PPU: 58,127 CYC:6635
> D644  8D 78 06  STA $0678 = AA                  A:70 X:33 Y:BD P:65 SP:FB PPU: 58,133 CYC:6637
> D647  20 18 F8  JSR $F818                       A:70 X:33 Y:BD P:65 SP:FB PPU: 58,145 CYC:6641
> F818  38        SEC                             A:70 X:33 Y:BD P:65 SP:F9 PPU: 58,163 CYC:6647
> F819  B8        CLV                             A:70 X:33 Y:BD P:65 SP:F9 PPU: 58,169 CYC:6649
> F81A  A9 70     LDA #$70                        A:70 X:33 Y:BD P:25 SP:F9 PPU: 58,175 CYC:6651
> F81C  60        RTS                             A:70 X:33 Y:BD P:25 SP:F9 PPU: 58,181 CYC:6653
> D64A  4D 78 06  EOR $0678                       A:70 X:33 Y:BD P:25 SP:FB PPU: 58,199 CYC:6659
> D64D  20 1D F8  JSR $F81D                       A:00 X:33 Y:BD P:27 SP:FB PPU: 58,211 CYC:6663
> F81D  D0 07     BNE $F826                       A:00 X:33 Y:BD P:27 SP:F9 PPU: 58,229 CYC:6669
> F81F  70 05     BVS $F826                       A:00 X:33 Y:BD P:27 SP:F9 PPU: 58,235 CYC:6671
> F821  90 03     BCC $F826                       A:00 X:33 Y:BD P:27 SP:F9 PPU: 58,241 CYC:6673
> F823  30 01     BMI $F826                       A:00 X:33 Y:BD P:27 SP:F9 PPU: 58,247 CYC:6675
> F825  60        RTS                             A:00 X:33 Y:BD P:27 SP:F9 PPU: 58,253 CYC:6677
> D650  C8        INY                             A:00 X:33 Y:BD P:27 SP:FB PPU: 58,271 CYC:6683
> D651  A9 69     LDA #$69                        A:00 X:33 Y:BE P:A5 SP:FB PPU: 58,277 CYC:6685
> D653  8D 78 06  STA $0678 = 70                  A:69 X:33 Y:BE P:25 SP:FB PPU: 58,283 CYC:6687
> D656  20 29 F8  JSR $F829                       A:69 X:33 Y:BE P:25 SP:FB PPU: 58,295 CYC:6691
> F829  18        CLC                             A:69 X:33 Y:BE P:25 SP:F9 PPU: 58,313 CYC:6697
> F82A  24 01     BIT $01 = FF                    A:69 X:33 Y:BE P:24 SP:F9 PPU: 58,319 CYC:6699
> F82C  A9 00     LDA #$00                        A:69 X:33 Y:BE P:E4 SP:F9 PPU: 58,328 CYC:6702
> F82E  60        RTS                             A:00 X:33 Y:BE P:66 SP:F9 PPU: 58,334 CYC:6704
> D659  6D 78 06  ADC $0678                       A:00 X:33 Y:BE P:66 SP:FB PPU: 59, 11 CYC:6710
> D65C  20 2F F8  JSR $F82F                       A:69 X:33 Y:BE P:24 SP:FB PPU: 59, 23 CYC:6714
> F82F  30 09     BMI $F83A                       A:69 X:33 Y:BE P:24 SP:F9 PPU: 59, 41 CYC:6720
> F831  B0 07     BCS $F83A                       A:69 X:33 Y:BE P:24 SP:F9 PPU: 59, 47 CYC:6722
> F833  C9 69     CMP #$69                        A:69 X:33 Y:BE P:24 SP:F9 PPU: 59, 53 CYC:6724
> F835  D0 03     BNE $F83A                       A:69 X:33 Y:BE P:27 SP:F9 PPU: 59, 59 CYC:6726
> F837  70 01     BVS $F83A                       A:69 X:33 Y:BE P:27 SP:F9 PPU: 59, 65 CYC:6728
> F839  60        RTS                             A:69 X:33 Y:BE P:27 SP:F9 PPU: 59, 71 CYC:6730
> D65F  C8        INY                             A:69 X:33 Y:BE P:27 SP:FB PPU: 59, 89 CYC:6736
> D660  20 3D F8  JSR $F83D                       A:69 X:33 Y:BF P:A5 SP:FB PPU: 59, 95 CYC:6738
> F83D  38        SEC                             A:69 X:33 Y:BF P:A5 SP:F9 PPU: 59,113 CYC:6744
> F83E  24 01     BIT $01 = FF                    A:69 X:33 Y:BF P:A5 SP:F9 PPU: 59,119 CYC:6746
> F840  A9 00     LDA #$00                        A:69 X:33 Y:BF P:E5 SP:F9 PPU: 59,128 CYC:6749
> F842  60        RTS                             A:00 X:33 Y:BF P:67 SP:F9 PPU: 59,134 CYC:6751
> D663  6D 78 06  ADC $0678                       A:00 X:33 Y:BF P:67 SP:FB PPU: 59,152 CYC:6757
> D666  20 43 F8  JSR $F843                       A:6A X:33 Y:BF P:24 SP:FB PPU: 59,164 CYC:6761
> F843  30 09     BMI $F84E                       A:6A X:33 Y:BF P:24 SP:F9 PPU: 59,182 CYC:6767
> F845  B0 07     BCS $F84E                       A:6A X:33 Y:BF P:24 SP:F9 PPU: 59,188 CYC:6769
> F847  C9 6A     CMP #$6A                        A:6A X:33 Y:BF P:24 SP:F9 PPU: 59,194 CYC:6771
> F849  D0 03     BNE $F84E                       A:6A X:33 Y:BF P:27 SP:F9 PPU: 59,200 CYC:6773
> F84B  70 01     BVS $F84E                       A:6A X:33 Y:BF P:27 SP:F9 PPU: 59,206 CYC:6775
> F84D  60        RTS                             A:6A X:33 Y:BF P:27 SP:F9 PPU: 59,212 CYC:6777
> D669  C8        INY                             A:6A X:33 Y:BF P:27 SP:FB PPU: 59,230 CYC:6783
> D66A  A9 7F     LDA #$7F                        A:6A X:33 Y:C0 P:A5 SP:FB PPU: 59,236 CYC:6785
> D66C  8D 78 06  STA $0678 = 69                  A:7F X:33 Y:C0 P:25 SP:FB PPU: 59,242 CYC:6787
> D66F  20 51 F8  JSR $F851                       A:7F X:33 Y:C0 P:25 SP:FB PPU: 59,254 CYC:6791
> F851  38        SEC                             A:7F X:33 Y:C0 P:25 SP:F9 PPU: 59,272 CYC:6797
> F852  B8        CLV                             A:7F X:33 Y:C0 P:25 SP:F9 PPU: 59,278 CYC:6799
> F853  A9 7F     LDA #$7F                        A:7F X:33 Y:C0 P:25 SP:F9 PPU: 59,284 CYC:6801
> F855  60        RTS                             A:7F X:33 Y:C0 P:25 SP:F9 PPU: 59,290 CYC:6803
> D672  6D 78 06  ADC $0678                       A:7F X:33 Y:C0 P:25 SP:FB PPU: 59,308 CYC:6809
> D675  20 56 F8  JSR $F856                       A:FF X:33 Y:C0 P:E4 SP:FB PPU: 59,320 CYC:6813
> F856  10 09     BPL $F861                       A:FF X:33 Y:C0 P:E4 SP:F9 PPU: 59,338 CYC:6819
> F858  B0 07     BCS $F861                       A:FF X:33 Y:C0 P:E4 SP:F9 PPU: 60,  3 CYC:6821
> F85A  C9 FF     CMP #$FF                        A:FF X:33 Y:C0 P:E4 SP:F9 PPU: 60,  9 CYC:6823
> F85C  D0 03     BNE $F861                       A:FF X:33 Y:C0 P:67 SP:F9 PPU: 60, 15 CYC:6825
> F85E  50 01     BVC $F861                       A:FF X:33 Y:C0 P:67 SP:F9 PPU: 60, 21 CYC:6827
> F860  60        RTS                             A:FF X:33 Y:C0 P:67 SP:F9 PPU: 60, 27 CYC:6829
> D678  C8        INY                             A:FF X:33 Y:C0 P:67 SP:FB PPU: 60, 45 CYC:6835
> D679  A9 80     LDA #$80                        A:FF X:33 Y:C1 P:E5 SP:FB PPU: 60, 51 CYC:6837
> D67B  8D 78 06  STA $0678 = 7F                  A:80 X:33 Y:C1 P:E5 SP:FB PPU: 60, 57 CYC:6839
> D67E  20 64 F8  JSR $F864                       A:80 X:33 Y:C1 P:E5 SP:FB PPU: 60, 69 CYC:6843
> F864  18        CLC                             A:80 X:33 Y:C1 P:E5 SP:F9 PPU: 60, 87 CYC:6849
> F865  24 01     BIT $01 = FF                    A:80 X:33 Y:C1 P:E4 SP:F9 PPU: 60, 93 CYC:6851
> F867  A9 7F     LDA #$7F                        A:80 X:33 Y:C1 P:E4 SP:F9 PPU: 60,102 CYC:6854
> F869  60        RTS                             A:7F X:33 Y:C1 P:64 SP:F9 PPU: 60,108 CYC:6856
> D681  6D 78 06  ADC $0678                       A:7F X:33 Y:C1 P:64 SP:FB PPU: 60,126 CYC:6862
> D684  20 6A F8  JSR $F86A                       A:FF X:33 Y:C1 P:A4 SP:FB PPU: 60,138 CYC:6866
> F86A  10 09     BPL $F875                       A:FF X:33 Y:C1 P:A4 SP:F9 PPU: 60,156 CYC:6872
> F86C  B0 07     BCS $F875                       A:FF X:33 Y:C1 P:A4 SP:F9 PPU: 60,162 CYC:6874
> F86E  C9 FF     CMP #$FF                        A:FF X:33 Y:C1 P:A4 SP:F9 PPU: 60,168 CYC:6876
> F870  D0 03     BNE $F875                       A:FF X:33 Y:C1 P:27 SP:F9 PPU: 60,174 CYC:6878
> F872  70 01     BVS $F875                       A:FF X:33 Y:C1 P:27 SP:F9 PPU: 60,180 CYC:6880
> F874  60        RTS                             A:FF X:33 Y:C1 P:27 SP:F9 PPU: 60,186 CYC:6882
> D687  C8        INY                             A:FF X:33 Y:C1 P:27 SP:FB PPU: 60,204 CYC:6888
> D688  20 78 F8  JSR $F878                       A:FF X:33 Y:C2 P:A5 SP:FB PPU: 60,210 CYC:6890
> F878  38        SEC                             A:FF X:33 Y:C2 P:A5 SP:F9 PPU: 60,228 CYC:6896
> F879  B8        CLV                             A:FF X:33 Y:C2 P:A5 SP:F9 PPU: 60,234 CYC:6898
> F87A  A9 7F     LDA #$7F                        A:FF X:33 Y:C2 P:A5 SP:F9 PPU: 60,240 CYC:6900
> F87C  60        RTS                             A:7F X:33 Y:C2 P:25 SP:F9 PPU: 60,246 CYC:6902
> D68B  6D 78 06  ADC $0678                       A:7F X:33 Y:C2 P:25 SP:FB PPU: 60,264 CYC:6908
> D68E  20 7D F8  JSR $F87D                       A:00 X:33 Y:C2 P:27 SP:FB PPU: 60,276 CYC:6912
> F87D  D0 07     BNE $F886                       A:00 X:33 Y:C2 P:27 SP:F9 PPU: 60,294 CYC:6918
> F87F  30 05     BMI $F886                       A:00 X:33 Y:C2 P:27 SP:F9 PPU: 60,300 CYC:6920
> F881  70 03     BVS $F886                       A:00 X:33 Y:C2 P:27 SP:F9 PPU: 60,306 CYC:6922
> F883  90 01     BCC $F886                       A:00 X:33 Y:C2 P:27 SP:F9 PPU: 60,312 CYC:6924
> F885  60        RTS                             A:00 X:33 Y:C2 P:27 SP:F9 PPU: 60,318 CYC:6926
> D691  C8        INY                             A:00 X:33 Y:C2 P:27 SP:FB PPU: 60,336 CYC:6932
> D692  A9 40     LDA #$40                        A:00 X:33 Y:C3 P:A5 SP:FB PPU: 61,  1 CYC:6934
> D694  8D 78 06  STA $0678 = 80                  A:40 X:33 Y:C3 P:25 SP:FB PPU: 61,  7 CYC:6936
> D697  20 89 F8  JSR $F889                       A:40 X:33 Y:C3 P:25 SP:FB PPU: 61, 19 CYC:6940
> F889  24 01     BIT $01 = FF                    A:40 X:33 Y:C3 P:25 SP:F9 PPU: 61, 37 CYC:6946
> F88B  A9 40     LDA #$40                        A:40 X:33 Y:C3 P:E5 SP:F9 PPU: 61, 46 CYC:6949
> F88D  60        RTS                             A:40 X:33 Y:C3 P:65 SP:F9 PPU: 61, 52 CYC:6951
> D69A  CD 78 06  CMP $0678                       A:40 X:33 Y:C3 P:65 SP:FB PPU: 61, 70 CYC:6957
> D69D  20 8E F8  JSR $F88E                       A:40 X:33 Y:C3 P:67 SP:FB PPU: 61, 82 CYC:6961
> F88E  30 07     BMI $F897                       A:40 X:33 Y:C3 P:67 SP:F9 PPU: 61,100 CYC:6967
> F890  90 05     BCC $F897                       A:40 X:33 Y:C3 P:67 SP:F9 PPU: 61,106 CYC:6969
> F892  D0 03     BNE $F897                       A:40 X:33 Y:C3 P:67 SP:F9 PPU: 61,112 CYC:6971
> F894  50 01     BVC $F897                       A:40 X:33 Y:C3 P:67 SP:F9 PPU: 61,118 CYC:6973
> F896  60        RTS                             A:40 X:33 Y:C3 P:67 SP:F9 PPU: 61,124 CYC:6975
> D6A0  C8        INY                             A:40 X:33 Y:C3 P:67 SP:FB PPU: 61,142 CYC:6981
> D6A1  48        PHA                             A:40 X:33 Y:C4 P:E5 SP:FB PPU: 61,148 CYC:6983
> D6A2  A9 3F     LDA #$3F                        A:40 X:33 Y:C4 P:E5 SP:FA PPU: 61,157 CYC:6986
> D6A4  8D 78 06  STA $0678 = 40                  A:3F X:33 Y:C4 P:65 SP:FA PPU: 61,163 CYC:6988
> D6A7  68        PLA                             A:3F X:33 Y:C4 P:65 SP:FA PPU: 61,175 CYC:6992
> D6A8  20 9A F8  JSR $F89A                       A:40 X:33 Y:C4 P:65 SP:FB PPU: 61,187 CYC:6996
> F89A  B8        CLV                             A:40 X:33 Y:C4 P:65 SP:F9 PPU: 61,205 CYC:7002
> F89B  60        RTS                             A:40 X:33 Y:C4 P:25 SP:F9 PPU: 61,211 CYC:7004
> D6AB  CD 78 06  CMP $0678                       A:40 X:33 Y:C4 P:25 SP:FB PPU: 61,229 CYC:7010
> D6AE  20 9C F8  JSR $F89C                       A:40 X:33 Y:C4 P:25 SP:FB PPU: 61,241 CYC:7014
> F89C  F0 07     BEQ $F8A5                       A:40 X:33 Y:C4 P:25 SP:F9 PPU: 61,259 CYC:7020
> F89E  30 05     BMI $F8A5                       A:40 X:33 Y:C4 P:25 SP:F9 PPU: 61,265 CYC:7022
> F8A0  90 03     BCC $F8A5                       A:40 X:33 Y:C4 P:25 SP:F9 PPU: 61,271 CYC:7024
> F8A2  70 01     BVS $F8A5                       A:40 X:33 Y:C4 P:25 SP:F9 PPU: 61,277 CYC:7026
> F8A4  60        RTS                             A:40 X:33 Y:C4 P:25 SP:F9 PPU: 61,283 CYC:7028
> D6B1  C8        INY                             A:40 X:33 Y:C4 P:25 SP:FB PPU: 61,301 CYC:7034
> D6B2  48        PHA                             A:40 X:33 Y:C5 P:A5 SP:FB PPU: 61,307 CYC:7036
> D6B3  A9 41     LDA #$41                        A:40 X:33 Y:C5 P:A5 SP:FA PPU: 61,316 CYC:7039
> D6B5  8D 78 06  STA $0678 = 3F                  A:41 X:33 Y:C5 P:25 SP:FA PPU: 61,322 CYC:7041
> D6B8  68        PLA                             A:41 X:33 Y:C5 P:25 SP:FA PPU: 61,334 CYC:7045
> D6B9  CD 78 06  CMP $0678                       A:40 X:33 Y:C5 P:25 SP:FB PPU: 62,  5 CYC:7049
> D6BC  20 A8 F8  JSR $F8A8                       A:40 X:33 Y:C5 P:A4 SP:FB PPU: 62, 17 CYC:7053
> F8A8  F0 05     BEQ $F8AF                       A:40 X:33 Y:C5 P:A4 SP:F9 PPU: 62, 35 CYC:7059
> F8AA  10 03     BPL $F8AF                       A:40 X:33 Y:C5 P:A4 SP:F9 PPU: 62, 41 CYC:7061
> F8AC  10 01     BPL $F8AF                       A:40 X:33 Y:C5 P:A4 SP:F9 PPU: 62, 47 CYC:7063
> F8AE  60        RTS                             A:40 X:33 Y:C5 P:A4 SP:F9 PPU: 62, 53 CYC:7065
> D6BF  C8        INY                             A:40 X:33 Y:C5 P:A4 SP:FB PPU: 62, 71 CYC:7071
> D6C0  48        PHA                             A:40 X:33 Y:C6 P:A4 SP:FB PPU: 62, 77 CYC:7073
> D6C1  A9 00     LDA #$00                        A:40 X:33 Y:C6 P:A4 SP:FA PPU: 62, 86 CYC:7076
> D6C3  8D 78 06  STA $0678 = 41                  A:00 X:33 Y:C6 P:26 SP:FA PPU: 62, 92 CYC:7078
> D6C6  68        PLA                             A:00 X:33 Y:C6 P:26 SP:FA PPU: 62,104 CYC:7082
> D6C7  20 B2 F8  JSR $F8B2                       A:40 X:33 Y:C6 P:24 SP:FB PPU: 62,116 CYC:7086
> F8B2  A9 80     LDA #$80                        A:40 X:33 Y:C6 P:24 SP:F9 PPU: 62,134 CYC:7092
> F8B4  60        RTS                             A:80 X:33 Y:C6 P:A4 SP:F9 PPU: 62,140 CYC:7094
> D6CA  CD 78 06  CMP $0678                       A:80 X:33 Y:C6 P:A4 SP:FB PPU: 62,158 CYC:7100
> D6CD  20 B5 F8  JSR $F8B5                       A:80 X:33 Y:C6 P:A5 SP:FB PPU: 62,170 CYC:7104
> F8B5  F0 05     BEQ $F8BC                       A:80 X:33 Y:C6 P:A5 SP:F9 PPU: 62,188 CYC:7110
> F8B7  10 03     BPL $F8BC                       A:80 X:33 Y:C6 P:A5 SP:F9 PPU: 62,194 CYC:7112
> F8B9  90 01     BCC $F8BC                       A:80 X:33 Y:C6 P:A5 SP:F9 PPU: 62,200 CYC:7114
> F8BB  60        RTS                             A:80 X:33 Y:C6 P:A5 SP:F9 PPU: 62,206 CYC:7116
> D6D0  C8        INY                             A:80 X:33 Y:C6 P:A5 SP:FB PPU: 62,224 CYC:7122
> D6D1  48        PHA                             A:80 X:33 Y:C7 P:A5 SP:FB PPU: 62,230 CYC:7124
> D6D2  A9 80     LDA #$80                        A:80 X:33 Y:C7 P:A5 SP:FA PPU: 62,239 CYC:7127
> D6D4  8D 78 06  STA $0678 = 00                  A:80 X:33 Y:C7 P:A5 SP:FA PPU: 62,245 CYC:7129
> D6D7  68        PLA                             A:80 X:33 Y:C7 P:A5 SP:FA PPU: 62,257 CYC:7133
> D6D8  CD 78 06  CMP $0678                       A:80 X:33 Y:C7 P:A5 SP:FB PPU: 62,269 CYC:7137
> D6DB  20 BF F8  JSR $F8BF                       A:80 X:33 Y:C7 P:27 SP:FB PPU: 62,281 CYC:7141
> F8BF  D0 05     BNE $F8C6                       A:80 X:33 Y:C7 P:27 SP:F9 PPU: 62,299 CYC:7147
> F8C1  30 03     BMI $F8C6                       A:80 X:33 Y:C7 P:27 SP:F9 PPU: 62,305 CYC:7149
> F8C3  90 01     BCC $F8C6                       A:80 X:33 Y:C7 P:27 SP:F9 PPU: 62,311 CYC:7151
> F8C5  60        RTS                             A:80 X:33 Y:C7 P:27 SP:F9 PPU: 62,317 CYC:7153
> D6DE  C8        INY                             A:80 X:33 Y:C7 P:27 SP:FB PPU: 62,335 CYC:7159
> D6DF  48        PHA                             A:80 X:33 Y:C8 P:A5 SP:FB PPU: 63,  0 CYC:7161
> D6E0  A9 81     LDA #$81                        A:80 X:33 Y:C8 P:A5 SP:FA PPU: 63,  9 CYC:7164
> D6E2  8D 78 06  STA $0678 = 80                  A:81 X:33 Y:C8 P:A5 SP:FA PPU: 63, 15 CYC:7166
> D6E5  68        PLA                             A:81 X:33 Y:C8 P:A5 SP:FA PPU: 63, 27 CYC:7170
> D6E6  CD 78 06  CMP $0678                       A:80 X:33 Y:C8 P:A5 SP:FB PPU: 63, 39 CYC:7174
> D6E9  20 C9 F8  JSR $F8C9                       A:80 X:33 Y:C8 P:A4 SP:FB PPU: 63, 51 CYC:7178
> F8C9  B0 05     BCS $F8D0                       A:80 X:33 Y:C8 P:A4 SP:F9 PPU: 63, 69 CYC:7184
> F8CB  F0 03     BEQ $F8D0                       A:80 X:33 Y:C8 P:A4 SP:F9 PPU: 63, 75 CYC:7186
> F8CD  10 01     BPL $F8D0                       A:80 X:33 Y:C8 P:A4 SP:F9 PPU: 63, 81 CYC:7188
> F8CF  60        RTS                             A:80 X:33 Y:C8 P:A4 SP:F9 PPU: 63, 87 CYC:7190
> D6EC  C8        INY                             A:80 X:33 Y:C8 P:A4 SP:FB PPU: 63,105 CYC:7196
> D6ED  48        PHA                             A:80 X:33 Y:C9 P:A4 SP:FB PPU: 63,111 CYC:7198
> D6EE  A9 7F     LDA #$7F                        A:80 X:33 Y:C9 P:A4 SP:FA PPU: 63,120 CYC:7201
> D6F0  8D 78 06  STA $0678 = 81                  A:7F X:33 Y:C9 P:24 SP:FA PPU: 63,126 CYC:7203
> D6F3  68        PLA                             A:7F X:33 Y:C9 P:24 SP:FA PPU: 63,138 CYC:7207
> D6F4  CD 78 06  CMP $0678                       A:80 X:33 Y:C9 P:A4 SP:FB PPU: 63,150 CYC:7211
> D6F7  20 D3 F8  JSR $F8D3                       A:80 X:33 Y:C9 P:25 SP:FB PPU: 63,162 CYC:7215
> F8D3  90 05     BCC $F8DA                       A:80 X:33 Y:C9 P:25 SP:F9 PPU: 63,180 CYC:7221
> F8D5  F0 03     BEQ $F8DA                       A:80 X:33 Y:C9 P:25 SP:F9 PPU: 63,186 CYC:7223
> F8D7  30 01     BMI $F8DA                       A:80 X:33 Y:C9 P:25 SP:F9 PPU: 63,192 CYC:7225
> F8D9  60        RTS                             A:80 X:33 Y:C9 P:25 SP:F9 PPU: 63,198 CYC:7227
> D6FA  C8        INY                             A:80 X:33 Y:C9 P:25 SP:FB PPU: 63,216 CYC:7233
> D6FB  A9 40     LDA #$40                        A:80 X:33 Y:CA P:A5 SP:FB PPU: 63,222 CYC:7235
> D6FD  8D 78 06  STA $0678 = 7F                  A:40 X:33 Y:CA P:25 SP:FB PPU: 63,228 CYC:7237
> D700  20 31 F9  JSR $F931                       A:40 X:33 Y:CA P:25 SP:FB PPU: 63,240 CYC:7241
> F931  24 01     BIT $01 = FF                    A:40 X:33 Y:CA P:25 SP:F9 PPU: 63,258 CYC:7247
> F933  A9 40     LDA #$40                        A:40 X:33 Y:CA P:E5 SP:F9 PPU: 63,267 CYC:7250
> F935  38        SEC                             A:40 X:33 Y:CA P:65 SP:F9 PPU: 63,273 CYC:7252
> F936  60        RTS                             A:40 X:33 Y:CA P:65 SP:F9 PPU: 63,279 CYC:7254
> D703  ED 78 06  SBC $0678                       A:40 X:33 Y:CA P:65 SP:FB PPU: 63,297 CYC:7260
> D706  20 37 F9  JSR $F937                       A:00 X:33 Y:CA P:27 SP:FB PPU: 63,309 CYC:7264
> F937  30 0B     BMI $F944                       A:00 X:33 Y:CA P:27 SP:F9 PPU: 63,327 CYC:7270
> F939  90 09     BCC $F944                       A:00 X:33 Y:CA P:27 SP:F9 PPU: 63,333 CYC:7272
> F93B  D0 07     BNE $F944                       A:00 X:33 Y:CA P:27 SP:F9 PPU: 63,339 CYC:7274
> F93D  70 05     BVS $F944                       A:00 X:33 Y:CA P:27 SP:F9 PPU: 64,  4 CYC:7276
> F93F  C9 00     CMP #$00                        A:00 X:33 Y:CA P:27 SP:F9 PPU: 64, 10 CYC:7278
> F941  D0 01     BNE $F944                       A:00 X:33 Y:CA P:27 SP:F9 PPU: 64, 16 CYC:7280
> F943  60        RTS                             A:00 X:33 Y:CA P:27 SP:F9 PPU: 64, 22 CYC:7282
> D709  C8        INY                             A:00 X:33 Y:CA P:27 SP:FB PPU: 64, 40 CYC:7288
> D70A  A9 3F     LDA #$3F                        A:00 X:33 Y:CB P:A5 SP:FB PPU: 64, 46 CYC:7290
> D70C  8D 78 06  STA $0678 = 40                  A:3F X:33 Y:CB P:25 SP:FB PPU: 64, 52 CYC:7292
> D70F  20 47 F9  JSR $F947                       A:3F X:33 Y:CB P:25 SP:FB PPU: 64, 64 CYC:7296
> F947  B8        CLV                             A:3F X:33 Y:CB P:25 SP:F9 PPU: 64, 82 CYC:7302
> F948  38        SEC                             A:3F X:33 Y:CB P:25 SP:F9 PPU: 64, 88 CYC:7304
> F949  A9 40     LDA #$40                        A:3F X:33 Y:CB P:25 SP:F9 PPU: 64, 94 CYC:7306
> F94B  60        RTS                             A:40 X:33 Y:CB P:25 SP:F9 PPU: 64,100 CYC:7308
> D712  ED 78 06  SBC $0678                       A:40 X:33 Y:CB P:25 SP:FB PPU: 64,118 CYC:7314
> D715  20 4C F9  JSR $F94C                       A:01 X:33 Y:CB P:25 SP:FB PPU: 64,130 CYC:7318
> F94C  F0 0B     BEQ $F959                       A:01 X:33 Y:CB P:25 SP:F9 PPU: 64,148 CYC:7324
> F94E  30 09     BMI $F959                       A:01 X:33 Y:CB P:25 SP:F9 PPU: 64,154 CYC:7326
> F950  90 07     BCC $F959                       A:01 X:33 Y:CB P:25 SP:F9 PPU: 64,160 CYC:7328
> F952  70 05     BVS $F959                       A:01 X:33 Y:CB P:25 SP:F9 PPU: 64,166 CYC:7330
> F954  C9 01     CMP #$01                        A:01 X:33 Y:CB P:25 SP:F9 PPU: 64,172 CYC:7332
> F956  D0 01     BNE $F959                       A:01 X:33 Y:CB P:27 SP:F9 PPU: 64,178 CYC:7334
> F958  60        RTS                             A:01 X:33 Y:CB P:27 SP:F9 PPU: 64,184 CYC:7336
> D718  C8        INY                             A:01 X:33 Y:CB P:27 SP:FB PPU: 64,202 CYC:7342
> D719  A9 41     LDA #$41                        A:01 X:33 Y:CC P:A5 SP:FB PPU: 64,208 CYC:7344
> D71B  8D 78 06  STA $0678 = 3F                  A:41 X:33 Y:CC P:25 SP:FB PPU: 64,214 CYC:7346
> D71E  20 5C F9  JSR $F95C                       A:41 X:33 Y:CC P:25 SP:FB PPU: 64,226 CYC:7350
> F95C  A9 40     LDA #$40                        A:41 X:33 Y:CC P:25 SP:F9 PPU: 64,244 CYC:7356
> F95E  38        SEC                             A:40 X:33 Y:CC P:25 SP:F9 PPU: 64,250 CYC:7358
> F95F  24 01     BIT $01 = FF                    A:40 X:33 Y:CC P:25 SP:F9 PPU: 64,256 CYC:7360
> F961  60        RTS                             A:40 X:33 Y:CC P:E5 SP:F9 PPU: 64,265 CYC:7363
> D721  ED 78 06  SBC $0678                       A:40 X:33 Y:CC P:E5 SP:FB PPU: 64,283 CYC:7369
> D724  20 62 F9  JSR $F962                       A:FF X:33 Y:CC P:A4 SP:FB PPU: 64,295 CYC:7373
> F962  B0 0B     BCS $F96F                       A:FF X:33 Y:CC P:A4 SP:F9 PPU: 64,313 CYC:7379
> F964  F0 09     BEQ $F96F                       A:FF X:33 Y:CC P:A4 SP:F9 PPU: 64,319 CYC:7381
> F966  10 07     BPL $F96F                       A:FF X:33 Y:CC P:A4 SP:F9 PPU: 64,325 CYC:7383
> F968  70 05     BVS $F96F                       A:FF X:33 Y:CC P:A4 SP:F9 PPU: 64,331 CYC:7385
> F96A  C9 FF     CMP #$FF                        A:FF X:33 Y:CC P:A4 SP:F9 PPU: 64,337 CYC:7387
> F96C  D0 01     BNE $F96F                       A:FF X:33 Y:CC P:27 SP:F9 PPU: 65,  2 CYC:7389
> F96E  60        RTS                             A:FF X:33 Y:CC P:27 SP:F9 PPU: 65,  8 CYC:7391
> D727  C8        INY                             A:FF X:33 Y:CC P:27 SP:FB PPU: 65, 26 CYC:7397
> D728  A9 00     LDA #$00                        A:FF X:33 Y:CD P:A5 SP:FB PPU: 65, 32 CYC:7399
> D72A  8D 78 06  STA $0678 = 41                  A:00 X:33 Y:CD P:27 SP:FB PPU: 65, 38 CYC:7401
> D72D  20 72 F9  JSR $F972                       A:00 X:33 Y:CD P:27 SP:FB PPU: 65, 50 CYC:7405
> F972  18        CLC                             A:00 X:33 Y:CD P:27 SP:F9 PPU: 65, 68 CYC:7411
> F973  A9 80     LDA #$80                        A:00 X:33 Y:CD P:26 SP:F9 PPU: 65, 74 CYC:7413
> F975  60        RTS                             A:80 X:33 Y:CD P:A4 SP:F9 PPU: 65, 80 CYC:7415
> D730  ED 78 06  SBC $0678                       A:80 X:33 Y:CD P:A4 SP:FB PPU: 65, 98 CYC:7421
> D733  20 76 F9  JSR $F976                       A:7F X:33 Y:CD P:65 SP:FB PPU: 65,110 CYC:7425
> F976  90 05     BCC $F97D                       A:7F X:33 Y:CD P:65 SP:F9 PPU: 65,128 CYC:7431
> F978  C9 7F     CMP #$7F                        A:7F X:33 Y:CD P:65 SP:F9 PPU: 65,134 CYC:7433
> F97A  D0 01     BNE $F97D                       A:7F X:33 Y:CD P:67 SP:F9 PPU: 65,140 CYC:7435
> F97C  60        RTS                             A:7F X:33 Y:CD P:67 SP:F9 PPU: 65,146 CYC:7437
> D736  C8        INY                             A:7F X:33 Y:CD P:67 SP:FB PPU: 65,164 CYC:7443
> D737  A9 7F     LDA #$7F                        A:7F X:33 Y:CE P:E5 SP:FB PPU: 65,170 CYC:7445
> D739  8D 78 06  STA $0678 = 00                  A:7F X:33 Y:CE P:65 SP:FB PPU: 65,176 CYC:7447
> D73C  20 80 F9  JSR $F980                       A:7F X:33 Y:CE P:65 SP:FB PPU: 65,188 CYC:7451
> F980  38        SEC                             A:7F X:33 Y:CE P:65 SP:F9 PPU: 65,206 CYC:7457
> F981  A9 81     LDA #$81                        A:7F X:33 Y:CE P:65 SP:F9 PPU: 65,212 CYC:7459
> F983  60        RTS                             A:81 X:33 Y:CE P:E5 SP:F9 PPU: 65,218 CYC:7461
> D73F  ED 78 06  SBC $0678                       A:81 X:33 Y:CE P:E5 SP:FB PPU: 65,236 CYC:7467
> D742  20 84 F9  JSR $F984                       A:02 X:33 Y:CE P:65 SP:FB PPU: 65,248 CYC:7471
> F984  50 07     BVC $F98D                       A:02 X:33 Y:CE P:65 SP:F9 PPU: 65,266 CYC:7477
> F986  90 05     BCC $F98D                       A:02 X:33 Y:CE P:65 SP:F9 PPU: 65,272 CYC:7479
> F988  C9 02     CMP #$02                        A:02 X:33 Y:CE P:65 SP:F9 PPU: 65,278 CYC:7481
> F98A  D0 01     BNE $F98D                       A:02 X:33 Y:CE P:67 SP:F9 PPU: 65,284 CYC:7483
> F98C  60        RTS                             A:02 X:33 Y:CE P:67 SP:F9 PPU: 65,290 CYC:7485
> D745  C8        INY                             A:02 X:33 Y:CE P:67 SP:FB PPU: 65,308 CYC:7491
> D746  A9 40     LDA #$40                        A:02 X:33 Y:CF P:E5 SP:FB PPU: 65,314 CYC:7493
> D748  8D 78 06  STA $0678 = 7F                  A:40 X:33 Y:CF P:65 SP:FB PPU: 65,320 CYC:7495
> D74B  20 89 F8  JSR $F889                       A:40 X:33 Y:CF P:65 SP:FB PPU: 65,332 CYC:7499
> F889  24 01     BIT $01 = FF                    A:40 X:33 Y:CF P:65 SP:F9 PPU: 66,  9 CYC:7505
> F88B  A9 40     LDA #$40                        A:40 X:33 Y:CF P:E5 SP:F9 PPU: 66, 18 CYC:7508
> F88D  60        RTS                             A:40 X:33 Y:CF P:65 SP:F9 PPU: 66, 24 CYC:7510
> D74E  AA        TAX                             A:40 X:33 Y:CF P:65 SP:FB PPU: 66, 42 CYC:7516
> D74F  EC 78 06  CPX $0678                       A:40 X:40 Y:CF P:65 SP:FB PPU: 66, 48 CYC:7518
> D752  20 8E F8  JSR $F88E                       A:40 X:40 Y:CF P:67 SP:FB PPU: 66, 60 CYC:7522
> F88E  30 07     BMI $F897                       A:40 X:40 Y:CF P:67 SP:F9 PPU: 66, 78 CYC:7528
> F890  90 05     BCC $F897                       A:40 X:40 Y:CF P:67 SP:F9 PPU: 66, 84 CYC:7530
> F892  D0 03     BNE $F897                       A:40 X:40 Y:CF P:67 SP:F9 PPU: 66, 90 CYC:7532
> F894  50 01     BVC $F897                       A:40 X:40 Y:CF P:67 SP:F9 PPU: 66, 96 CYC:7534
> F896  60        RTS                             A:40 X:40 Y:CF P:67 SP:F9 PPU: 66,102 CYC:7536
> D755  C8        INY                             A:40 X:40 Y:CF P:67 SP:FB PPU: 66,120 CYC:7542
> D756  A9 3F     LDA #$3F                        A:40 X:40 Y:D0 P:E5 SP:FB PPU: 66,126 CYC:7544
> D758  8D 78 06  STA $0678 = 40                  A:3F X:40 Y:D0 P:65 SP:FB PPU: 66,132 CYC:7546
> D75B  20 9A F8  JSR $F89A                       A:3F X:40 Y:D0 P:65 SP:FB PPU: 66,144 CYC:7550
> F89A  B8        CLV                             A:3F X:40 Y:D0 P:65 SP:F9 PPU: 66,162 CYC:7556
> F89B  60        RTS                             A:3F X:40 Y:D0 P:25 SP:F9 PPU: 66,168 CYC:7558
> D75E  EC 78 06  CPX $0678                       A:3F X:40 Y:D0 P:25 SP:FB PPU: 66,186 CYC:7564
> D761  20 9C F8  JSR $F89C                       A:3F X:40 Y:D0 P:25 SP:FB PPU: 66,198 CYC:7568
> F89C  F0 07     BEQ $F8A5                       A:3F X:40 Y:D0 P:25 SP:F9 PPU: 66,216 CYC:7574
> F89E  30 05     BMI $F8A5                       A:3F X:40 Y:D0 P:25 SP:F9 PPU: 66,222 CYC:7576
> F8A0  90 03     BCC $F8A5                       A:3F X:40 Y:D0 P:25 SP:F9 PPU: 66,228 CYC:7578
> F8A2  70 01     BVS $F8A5                       A:3F X:40 Y:D0 P:25 SP:F9 PPU: 66,234 CYC:7580
> F8A4  60        RTS                             A:3F X:40 Y:D0 P:25 SP:F9 PPU: 66,240 CYC:7582
> D764  C8        INY                             A:3F X:40 Y:D0 P:25 SP:FB PPU: 66,258 CYC:7588
> D765  A9 41     LDA #$41                        A:3F X:40 Y:D1 P:A5 SP:FB PPU: 66,264 CYC:7590
> D767  8D 78 06  STA $0678 = 3F                  A:41 X:40 Y:D1 P:25 SP:FB PPU: 66,270 CYC:7592
> D76A  EC 78 06  CPX $0678                       A:41 X:40 Y:D1 P:25 SP:FB PPU: 66,282 CYC:7596
> D76D  20 A8 F8  JSR $F8A8                       A:41 X:40 Y:D1 P:A4 SP:FB PPU: 66,294 CYC:7600
> F8A8  F0 05     BEQ $F8AF                       A:41 X:40 Y:D1 P:A4 SP:F9 PPU: 66,312 CYC:7606
> F8AA  10 03     BPL $F8AF                       A:41 X:40 Y:D1 P:A4 SP:F9 PPU: 66,318 CYC:7608
> F8AC  10 01     BPL $F8AF                       A:41 X:40 Y:D1 P:A4 SP:F9 PPU: 66,324 CYC:7610
> F8AE  60        RTS                             A:41 X:40 Y:D1 P:A4 SP:F9 PPU: 66,330 CYC:7612
> D770  C8        INY                             A:41 X:40 Y:D1 P:A4 SP:FB PPU: 67,  7 CYC:7618
> D771  A9 00     LDA #$00                        A:41 X:40 Y:D2 P:A4 SP:FB PPU: 67, 13 CYC:7620
> D773  8D 78 06  STA $0678 = 41                  A:00 X:40 Y:D2 P:26 SP:FB PPU: 67, 19 CYC:7622
> D776  20 B2 F8  JSR $F8B2                       A:00 X:40 Y:D2 P:26 SP:FB PPU: 67, 31 CYC:7626
> F8B2  A9 80     LDA #$80                        A:00 X:40 Y:D2 P:26 SP:F9 PPU: 67, 49 CYC:7632
> F8B4  60        RTS                             A:80 X:40 Y:D2 P:A4 SP:F9 PPU: 67, 55 CYC:7634
> D779  AA        TAX                             A:80 X:40 Y:D2 P:A4 SP:FB PPU: 67, 73 CYC:7640
> D77A  EC 78 06  CPX $0678                       A:80 X:80 Y:D2 P:A4 SP:FB PPU: 67, 79 CYC:7642
> D77D  20 B5 F8  JSR $F8B5                       A:80 X:80 Y:D2 P:A5 SP:FB PPU: 67, 91 CYC:7646
> F8B5  F0 05     BEQ $F8BC                       A:80 X:80 Y:D2 P:A5 SP:F9 PPU: 67,109 CYC:7652
> F8B7  10 03     BPL $F8BC                       A:80 X:80 Y:D2 P:A5 SP:F9 PPU: 67,115 CYC:7654
> F8B9  90 01     BCC $F8BC                       A:80 X:80 Y:D2 P:A5 SP:F9 PPU: 67,121 CYC:7656
> F8BB  60        RTS                             A:80 X:80 Y:D2 P:A5 SP:F9 PPU: 67,127 CYC:7658
> D780  C8        INY                             A:80 X:80 Y:D2 P:A5 SP:FB PPU: 67,145 CYC:7664
> D781  A9 80     LDA #$80                        A:80 X:80 Y:D3 P:A5 SP:FB PPU: 67,151 CYC:7666
> D783  8D 78 06  STA $0678 = 00                  A:80 X:80 Y:D3 P:A5 SP:FB PPU: 67,157 CYC:7668
> D786  EC 78 06  CPX $0678                       A:80 X:80 Y:D3 P:A5 SP:FB PPU: 67,169 CYC:7672
> D789  20 BF F8  JSR $F8BF                       A:80 X:80 Y:D3 P:27 SP:FB PPU: 67,181 CYC:7676
> F8BF  D0 05     BNE $F8C6                       A:80 X:80 Y:D3 P:27 SP:F9 PPU: 67,199 CYC:7682
> F8C1  30 03     BMI $F8C6                       A:80 X:80 Y:D3 P:27 SP:F9 PPU: 67,205 CYC:7684
> F8C3  90 01     BCC $F8C6                       A:80 X:80 Y:D3 P:27 SP:F9 PPU: 67,211 CYC:7686
> F8C5  60        RTS                             A:80 X:80 Y:D3 P:27 SP:F9 PPU: 67,217 CYC:7688
> D78C  C8        INY                             A:80 X:80 Y:D3 P:27 SP:FB PPU: 67,235 CYC:7694
> D78D  A9 81     LDA #$81                        A:80 X:80 Y:D4 P:A5 SP:FB PPU: 67,241 CYC:7696
> D78F  8D 78 06  STA $0678 = 80                  A:81 X:80 Y:D4 P:A5 SP:FB PPU: 67,247 CYC:7698
> D792  EC 78 06  CPX $0678                       A:81 X:80 Y:D4 P:A5 SP:FB PPU: 67,259 CYC:7702
> D795  20 C9 F8  JSR $F8C9                       A:81 X:80 Y:D4 P:A4 SP:FB PPU: 67,271 CYC:7706
> F8C9  B0 05     BCS $F8D0                       A:81 X:80 Y:D4 P:A4 SP:F9 PPU: 67,289 CYC:7712
> F8CB  F0 03     BEQ $F8D0                       A:81 X:80 Y:D4 P:A4 SP:F9 PPU: 67,295 CYC:7714
> F8CD  10 01     BPL $F8D0                       A:81 X:80 Y:D4 P:A4 SP:F9 PPU: 67,301 CYC:7716
> F8CF  60        RTS                             A:81 X:80 Y:D4 P:A4 SP:F9 PPU: 67,307 CYC:7718
> D798  C8        INY                             A:81 X:80 Y:D4 P:A4 SP:FB PPU: 67,325 CYC:7724
> D799  A9 7F     LDA #$7F                        A:81 X:80 Y:D5 P:A4 SP:FB PPU: 67,331 CYC:7726
> D79B  8D 78 06  STA $0678 = 81                  A:7F X:80 Y:D5 P:24 SP:FB PPU: 67,337 CYC:7728
> D79E  EC 78 06  CPX $0678                       A:7F X:80 Y:D5 P:24 SP:FB PPU: 68,  8 CYC:7732
> D7A1  20 D3 F8  JSR $F8D3                       A:7F X:80 Y:D5 P:25 SP:FB PPU: 68, 20 CYC:7736
> F8D3  90 05     BCC $F8DA                       A:7F X:80 Y:D5 P:25 SP:F9 PPU: 68, 38 CYC:7742
> F8D5  F0 03     BEQ $F8DA                       A:7F X:80 Y:D5 P:25 SP:F9 PPU: 68, 44 CYC:7744
> F8D7  30 01     BMI $F8DA                       A:7F X:80 Y:D5 P:25 SP:F9 PPU: 68, 50 CYC:7746
> F8D9  60        RTS                             A:7F X:80 Y:D5 P:25 SP:F9 PPU: 68, 56 CYC:7748
> D7A4  C8        INY                             A:7F X:80 Y:D5 P:25 SP:FB PPU: 68, 74 CYC:7754
> D7A5  98        TYA                             A:7F X:80 Y:D6 P:A5 SP:FB PPU: 68, 80 CYC:7756
> D7A6  AA        TAX                             A:D6 X:80 Y:D6 P:A5 SP:FB PPU: 68, 86 CYC:7758
> D7A7  A9 40     LDA #$40                        A:D6 X:D6 Y:D6 P:A5 SP:FB PPU: 68, 92 CYC:7760
> D7A9  8D 78 06  STA $0678 = 7F                  A:40 X:D6 Y:D6 P:25 SP:FB PPU: 68, 98 CYC:7762
> D7AC  20 DD F8  JSR $F8DD                       A:40 X:D6 Y:D6 P:25 SP:FB PPU: 68,110 CYC:7766
> F8DD  24 01     BIT $01 = FF                    A:40 X:D6 Y:D6 P:25 SP:F9 PPU: 68,128 CYC:7772
> F8DF  A0 40     LDY #$40                        A:40 X:D6 Y:D6 P:E5 SP:F9 PPU: 68,137 CYC:7775
> F8E1  60        RTS                             A:40 X:D6 Y:40 P:65 SP:F9 PPU: 68,143 CYC:7777
> D7AF  CC 78 06  CPY $0678                       A:40 X:D6 Y:40 P:65 SP:FB PPU: 68,161 CYC:7783
> D7B2  20 E2 F8  JSR $F8E2                       A:40 X:D6 Y:40 P:67 SP:FB PPU: 68,173 CYC:7787
> F8E2  30 07     BMI $F8EB                       A:40 X:D6 Y:40 P:67 SP:F9 PPU: 68,191 CYC:7793
> F8E4  90 05     BCC $F8EB                       A:40 X:D6 Y:40 P:67 SP:F9 PPU: 68,197 CYC:7795
> F8E6  D0 03     BNE $F8EB                       A:40 X:D6 Y:40 P:67 SP:F9 PPU: 68,203 CYC:7797
> F8E8  50 01     BVC $F8EB                       A:40 X:D6 Y:40 P:67 SP:F9 PPU: 68,209 CYC:7799
> F8EA  60        RTS                             A:40 X:D6 Y:40 P:67 SP:F9 PPU: 68,215 CYC:7801
> D7B5  E8        INX                             A:40 X:D6 Y:40 P:67 SP:FB PPU: 68,233 CYC:7807
> D7B6  A9 3F     LDA #$3F                        A:40 X:D7 Y:40 P:E5 SP:FB PPU: 68,239 CYC:7809
> D7B8  8D 78 06  STA $0678 = 40                  A:3F X:D7 Y:40 P:65 SP:FB PPU: 68,245 CYC:7811
> D7BB  20 EE F8  JSR $F8EE                       A:3F X:D7 Y:40 P:65 SP:FB PPU: 68,257 CYC:7815
> F8EE  B8        CLV                             A:3F X:D7 Y:40 P:65 SP:F9 PPU: 68,275 CYC:7821
> F8EF  60        RTS                             A:3F X:D7 Y:40 P:25 SP:F9 PPU: 68,281 CYC:7823
> D7BE  CC 78 06  CPY $0678                       A:3F X:D7 Y:40 P:25 SP:FB PPU: 68,299 CYC:7829
> D7C1  20 F0 F8  JSR $F8F0                       A:3F X:D7 Y:40 P:25 SP:FB PPU: 68,311 CYC:7833
> F8F0  F0 07     BEQ $F8F9                       A:3F X:D7 Y:40 P:25 SP:F9 PPU: 68,329 CYC:7839
> F8F2  30 05     BMI $F8F9                       A:3F X:D7 Y:40 P:25 SP:F9 PPU: 68,335 CYC:7841
> F8F4  90 03     BCC $F8F9                       A:3F X:D7 Y:40 P:25 SP:F9 PPU: 69,  0 CYC:7843
> F8F6  70 01     BVS $F8F9                       A:3F X:D7 Y:40 P:25 SP:F9 PPU: 69,  6 CYC:7845
> F8F8  60        RTS                             A:3F X:D7 Y:40 P:25 SP:F9 PPU: 69, 12 CYC:7847
> D7C4  E8        INX                             A:3F X:D7 Y:40 P:25 SP:FB PPU: 69, 30 CYC:7853
> D7C5  A9 41     LDA #$41                        A:3F X:D8 Y:40 P:A5 SP:FB PPU: 69, 36 CYC:7855
> D7C7  8D 78 06  STA $0678 = 3F                  A:41 X:D8 Y:40 P:25 SP:FB PPU: 69, 42 CYC:7857
> D7CA  CC 78 06  CPY $0678                       A:41 X:D8 Y:40 P:25 SP:FB PPU: 69, 54 CYC:7861
> D7CD  20 FC F8  JSR $F8FC                       A:41 X:D8 Y:40 P:A4 SP:FB PPU: 69, 66 CYC:7865
> F8FC  F0 05     BEQ $F903                       A:41 X:D8 Y:40 P:A4 SP:F9 PPU: 69, 84 CYC:7871
> F8FE  10 03     BPL $F903                       A:41 X:D8 Y:40 P:A4 SP:F9 PPU: 69, 90 CYC:7873
> F900  10 01     BPL $F903                       A:41 X:D8 Y:40 P:A4 SP:F9 PPU: 69, 96 CYC:7875
> F902  60        RTS                             A:41 X:D8 Y:40 P:A4 SP:F9 PPU: 69,102 CYC:7877
> D7D0  E8        INX                             A:41 X:D8 Y:40 P:A4 SP:FB PPU: 69,120 CYC:7883
> D7D1  A9 00     LDA #$00                        A:41 X:D9 Y:40 P:A4 SP:FB PPU: 69,126 CYC:7885
> D7D3  8D 78 06  STA $0678 = 41                  A:00 X:D9 Y:40 P:26 SP:FB PPU: 69,132 CYC:7887
> D7D6  20 06 F9  JSR $F906                       A:00 X:D9 Y:40 P:26 SP:FB PPU: 69,144 CYC:7891
> F906  A0 80     LDY #$80                        A:00 X:D9 Y:40 P:26 SP:F9 PPU: 69,162 CYC:7897
> F908  60        RTS                             A:00 X:D9 Y:80 P:A4 SP:F9 PPU: 69,168 CYC:7899
> D7D9  CC 78 06  CPY $0678                       A:00 X:D9 Y:80 P:A4 SP:FB PPU: 69,186 CYC:7905
> D7DC  20 09 F9  JSR $F909                       A:00 X:D9 Y:80 P:A5 SP:FB PPU: 69,198 CYC:7909
> F909  F0 05     BEQ $F910                       A:00 X:D9 Y:80 P:A5 SP:F9 PPU: 69,216 CYC:7915
> F90B  10 03     BPL $F910                       A:00 X:D9 Y:80 P:A5 SP:F9 PPU: 69,222 CYC:7917
> F90D  90 01     BCC $F910                       A:00 X:D9 Y:80 P:A5 SP:F9 PPU: 69,228 CYC:7919
> F90F  60        RTS                             A:00 X:D9 Y:80 P:A5 SP:F9 PPU: 69,234 CYC:7921
> D7DF  E8        INX                             A:00 X:D9 Y:80 P:A5 SP:FB PPU: 69,252 CYC:7927
> D7E0  A9 80     LDA #$80                        A:00 X:DA Y:80 P:A5 SP:FB PPU: 69,258 CYC:7929
> D7E2  8D 78 06  STA $0678 = 00                  A:80 X:DA Y:80 P:A5 SP:FB PPU: 69,264 CYC:7931
> D7E5  CC 78 06  CPY $0678                       A:80 X:DA Y:80 P:A5 SP:FB PPU: 69,276 CYC:7935
> D7E8  20 13 F9  JSR $F913                       A:80 X:DA Y:80 P:27 SP:FB PPU: 69,288 CYC:7939
> F913  D0 05     BNE $F91A                       A:80 X:DA Y:80 P:27 SP:F9 PPU: 69,306 CYC:7945
> F915  30 03     BMI $F91A                       A:80 X:DA Y:80 P:27 SP:F9 PPU: 69,312 CYC:7947
> F917  90 01     BCC $F91A                       A:80 X:DA Y:80 P:27 SP:F9 PPU: 69,318 CYC:7949
> F919  60        RTS                             A:80 X:DA Y:80 P:27 SP:F9 PPU: 69,324 CYC:7951
> D7EB  E8        INX                             A:80 X:DA Y:80 P:27 SP:FB PPU: 70,  1 CYC:7957
> D7EC  A9 81     LDA #$81                        A:80 X:DB Y:80 P:A5 SP:FB PPU: 70,  7 CYC:7959
> D7EE  8D 78 06  STA $0678 = 80                  A:81 X:DB Y:80 P:A5 SP:FB PPU: 70, 13 CYC:7961
> D7F1  CC 78 06  CPY $0678                       A:81 X:DB Y:80 P:A5 SP:FB PPU: 70, 25 CYC:7965
> D7F4  20 1D F9  JSR $F91D                       A:81 X:DB Y:80 P:A4 SP:FB PPU: 70, 37 CYC:7969
> F91D  B0 05     BCS $F924                       A:81 X:DB Y:80 P:A4 SP:F9 PPU: 70, 55 CYC:7975
> F91F  F0 03     BEQ $F924                       A:81 X:DB Y:80 P:A4 SP:F9 PPU: 70, 61 CYC:7977
> F921  10 01     BPL $F924                       A:81 X:DB Y:80 P:A4 SP:F9 PPU: 70, 67 CYC:7979
> F923  60        RTS                             A:81 X:DB Y:80 P:A4 SP:F9 PPU: 70, 73 CYC:7981
> D7F7  E8        INX                             A:81 X:DB Y:80 P:A4 SP:FB PPU: 70, 91 CYC:7987
> D7F8  A9 7F     LDA #$7F                        A:81 X:DC Y:80 P:A4 SP:FB PPU: 70, 97 CYC:7989
> D7FA  8D 78 06  STA $0678 = 81                  A:7F X:DC Y:80 P:24 SP:FB PPU: 70,103 CYC:7991
> D7FD  CC 78 06  CPY $0678                       A:7F X:DC Y:80 P:24 SP:FB PPU: 70,115 CYC:7995
> D800  20 27 F9  JSR $F927                       A:7F X:DC Y:80 P:25 SP:FB PPU: 70,127 CYC:7999
> F927  90 05     BCC $F92E                       A:7F X:DC Y:80 P:25 SP:F9 PPU: 70,145 CYC:8005
> F929  F0 03     BEQ $F92E                       A:7F X:DC Y:80 P:25 SP:F9 PPU: 70,151 CYC:8007
> F92B  30 01     BMI $F92E                       A:7F X:DC Y:80 P:25 SP:F9 PPU: 70,157 CYC:8009
> F92D  60        RTS                             A:7F X:DC Y:80 P:25 SP:F9 PPU: 70,163 CYC:8011
> D803  E8        INX                             A:7F X:DC Y:80 P:25 SP:FB PPU: 70,181 CYC:8017
> D804  8A        TXA                             A:7F X:DD Y:80 P:A5 SP:FB PPU: 70,187 CYC:8019
> D805  A8        TAY                             A:DD X:DD Y:80 P:A5 SP:FB PPU: 70,193 CYC:8021
> D806  20 90 F9  JSR $F990                       A:DD X:DD Y:DD P:A5 SP:FB PPU: 70,199 CYC:8023
> F990  A2 55     LDX #$55                        A:DD X:DD Y:DD P:A5 SP:F9 PPU: 70,217 CYC:8029
> F992  A9 FF     LDA #$FF                        A:DD X:55 Y:DD P:25 SP:F9 PPU: 70,223 CYC:8031
> F994  85 01     STA $01 = FF                    A:FF X:55 Y:DD P:A5 SP:F9 PPU: 70,229 CYC:8033
> F996  EA        NOP                             A:FF X:55 Y:DD P:A5 SP:F9 PPU: 70,238 CYC:8036
> F997  24 01     BIT $01 = FF                    A:FF X:55 Y:DD P:A5 SP:F9 PPU: 70,244 CYC:8038
> F999  38        SEC                             A:FF X:55 Y:DD P:E5 SP:F9 PPU: 70,253 CYC:8041
> F99A  A9 01     LDA #$01                        A:FF X:55 Y:DD P:E5 SP:F9 PPU: 70,259 CYC:8043
> F99C  60        RTS                             A:01 X:55 Y:DD P:65 SP:F9 PPU: 70,265 CYC:8045
> D809  8D 78 06  STA $0678 = 7F                  A:01 X:55 Y:DD P:65 SP:FB PPU: 70,283 CYC:8051
> D80C  4E 78 06  LSR $0678                       A:01 X:55 Y:DD P:65 SP:FB PPU: 70,295 CYC:8055
> D80F  AD 78 06  LDA $0678                       A:01 X:55 Y:DD P:67 SP:FB PPU: 70,307 CYC:8059
> D812  20 9D F9  JSR $F99D                       A:01 X:55 Y:DD P:65 SP:FB PPU: 70,319 CYC:8063
> F99D  90 1B     BCC $F9BA                       A:01 X:55 Y:DD P:65 SP:F9 PPU: 70,337 CYC:8069
> F99F  D0 19     BNE $F9BA                       A:01 X:55 Y:DD P:65 SP:F9 PPU: 71,  2 CYC:8071
> F9BA  84 00     STY $00 = A4                    A:01 X:55 Y:DD P:65 SP:F9 PPU: 71, 11 CYC:8074
> F9BC  60        RTS                             A:01 X:55 Y:DD P:65 SP:F9 PPU: 71, 20 CYC:8077
> D815  C8        INY                             A:01 X:55 Y:DD P:65 SP:FB PPU: 71, 38 CYC:8083
> D816  8D 78 06  STA $0678 = 01                  A:01 X:55 Y:DE P:E5 SP:FB PPU: 71, 44 CYC:8085
> D819  4E 78 06  LSR $0678                       A:01 X:55 Y:DE P:E5 SP:FB PPU: 71, 56 CYC:8089
> D81C  AD 78 06  LDA $0678                       A:01 X:55 Y:DE P:67 SP:FB PPU: 71, 68 CYC:8093
> D81F  20 AD F9  JSR $F9AD                       A:01 X:55 Y:DE P:65 SP:FB PPU: 71, 80 CYC:8097
> F9AD  B0 0B     BCS $F9BA                       A:01 X:55 Y:DE P:65 SP:F9 PPU: 71, 98 CYC:8103
> F9BA  84 00     STY $00 = DD                    A:01 X:55 Y:DE P:65 SP:F9 PPU: 71,107 CYC:8106
> F9BC  60        RTS                             A:01 X:55 Y:DE P:65 SP:F9 PPU: 71,116 CYC:8109
> D822  C8        INY                             A:01 X:55 Y:DE P:65 SP:FB PPU: 71,134 CYC:8115
> D823  20 BD F9  JSR $F9BD                       A:01 X:55 Y:DF P:E5 SP:FB PPU: 71,140 CYC:8117
> F9BD  24 01     BIT $01 = FF                    A:01 X:55 Y:DF P:E5 SP:F9 PPU: 71,158 CYC:8123
> F9BF  38        SEC                             A:01 X:55 Y:DF P:E5 SP:F9 PPU: 71,167 CYC:8126
> F9C0  A9 80     LDA #$80                        A:01 X:55 Y:DF P:E5 SP:F9 PPU: 71,173 CYC:8128
> F9C2  60        RTS                             A:80 X:55 Y:DF P:E5 SP:F9 PPU: 71,179 CYC:8130
> D826  8D 78 06  STA $0678 = 01                  A:80 X:55 Y:DF P:E5 SP:FB PPU: 71,197 CYC:8136
> D829  0E 78 06  ASL $0678                       A:80 X:55 Y:DF P:E5 SP:FB PPU: 71,209 CYC:8140
> D82C  AD 78 06  LDA $0678                       A:80 X:55 Y:DF P:E5 SP:FB PPU: 71,227 CYC:8146
> D82F  20 C3 F9  JSR $F9C3                       A:00 X:55 Y:DF P:67 SP:FB PPU: 71,239 CYC:8150
> F9C3  90 1C     BCC $F9E1                       A:00 X:55 Y:DF P:67 SP:F9 PPU: 71,257 CYC:8156
> F9C5  D0 1A     BNE $F9E1                       A:00 X:55 Y:DF P:67 SP:F9 PPU: 71,263 CYC:8158
> F9C7  30 18     BMI $F9E1                       A:00 X:55 Y:DF P:67 SP:F9 PPU: 71,269 CYC:8160
> F9C9  50 16     BVC $F9E1                       A:00 X:55 Y:DF P:67 SP:F9 PPU: 71,275 CYC:8162
> F9CB  C9 00     CMP #$00                        A:00 X:55 Y:DF P:67 SP:F9 PPU: 71,281 CYC:8164
> F9CD  D0 12     BNE $F9E1                       A:00 X:55 Y:DF P:67 SP:F9 PPU: 71,287 CYC:8166
> F9CF  B8        CLV                             A:00 X:55 Y:DF P:67 SP:F9 PPU: 71,293 CYC:8168
> F9D0  A9 55     LDA #$55                        A:00 X:55 Y:DF P:27 SP:F9 PPU: 71,299 CYC:8170
> F9D2  38        SEC                             A:55 X:55 Y:DF P:25 SP:F9 PPU: 71,305 CYC:8172
> F9D3  60        RTS                             A:55 X:55 Y:DF P:25 SP:F9 PPU: 71,311 CYC:8174
> D832  C8        INY                             A:55 X:55 Y:DF P:25 SP:FB PPU: 71,329 CYC:8180
> D833  8D 78 06  STA $0678 = 00                  A:55 X:55 Y:E0 P:A5 SP:FB PPU: 71,335 CYC:8182
> D836  0E 78 06  ASL $0678                       A:55 X:55 Y:E0 P:A5 SP:FB PPU: 72,  6 CYC:8186
> D839  AD 78 06  LDA $0678                       A:55 X:55 Y:E0 P:A4 SP:FB PPU: 72, 24 CYC:8192
> D83C  20 D4 F9  JSR $F9D4                       A:AA X:55 Y:E0 P:A4 SP:FB PPU: 72, 36 CYC:8196
> F9D4  B0 0B     BCS $F9E1                       A:AA X:55 Y:E0 P:A4 SP:F9 PPU: 72, 54 CYC:8202
> F9D6  F0 09     BEQ $F9E1                       A:AA X:55 Y:E0 P:A4 SP:F9 PPU: 72, 60 CYC:8204
> F9D8  10 07     BPL $F9E1                       A:AA X:55 Y:E0 P:A4 SP:F9 PPU: 72, 66 CYC:8206
> F9DA  70 05     BVS $F9E1                       A:AA X:55 Y:E0 P:A4 SP:F9 PPU: 72, 72 CYC:8208
> F9DC  C9 AA     CMP #$AA                        A:AA X:55 Y:E0 P:A4 SP:F9 PPU: 72, 78 CYC:8210
> F9DE  D0 01     BNE $F9E1                       A:AA X:55 Y:E0 P:27 SP:F9 PPU: 72, 84 CYC:8212
> F9E0  60        RTS                             A:AA X:55 Y:E0 P:27 SP:F9 PPU: 72, 90 CYC:8214
> D83F  C8        INY                             A:AA X:55 Y:E0 P:27 SP:FB PPU: 72,108 CYC:8220
> D840  20 E4 F9  JSR $F9E4                       A:AA X:55 Y:E1 P:A5 SP:FB PPU: 72,114 CYC:8222
> F9E4  24 01     BIT $01 = FF                    A:AA X:55 Y:E1 P:A5 SP:F9 PPU: 72,132 CYC:8228
> F9E6  38        SEC                             A:AA X:55 Y:E1 P:E5 SP:F9 PPU: 72,141 CYC:8231
> F9E7  A9 01     LDA #$01                        A:AA X:55 Y:E1 P:E5 SP:F9 PPU: 72,147 CYC:8233
> F9E9  60        RTS                             A:01 X:55 Y:E1 P:65 SP:F9 PPU: 72,153 CYC:8235
> D843  8D 78 06  STA $0678 = AA                  A:01 X:55 Y:E1 P:65 SP:FB PPU: 72,171 CYC:8241
> D846  6E 78 06  ROR $0678                       A:01 X:55 Y:E1 P:65 SP:FB PPU: 72,183 CYC:8245
> D849  AD 78 06  LDA $0678                       A:01 X:55 Y:E1 P:E5 SP:FB PPU: 72,201 CYC:8251
> D84C  20 EA F9  JSR $F9EA                       A:80 X:55 Y:E1 P:E5 SP:FB PPU: 72,213 CYC:8255
> F9EA  90 1C     BCC $FA08                       A:80 X:55 Y:E1 P:E5 SP:F9 PPU: 72,231 CYC:8261
> F9EC  F0 1A     BEQ $FA08                       A:80 X:55 Y:E1 P:E5 SP:F9 PPU: 72,237 CYC:8263
> F9EE  10 18     BPL $FA08                       A:80 X:55 Y:E1 P:E5 SP:F9 PPU: 72,243 CYC:8265
> F9F0  50 16     BVC $FA08                       A:80 X:55 Y:E1 P:E5 SP:F9 PPU: 72,249 CYC:8267
> F9F2  C9 80     CMP #$80                        A:80 X:55 Y:E1 P:E5 SP:F9 PPU: 72,255 CYC:8269
> F9F4  D0 12     BNE $FA08                       A:80 X:55 Y:E1 P:67 SP:F9 PPU: 72,261 CYC:8271
> F9F6  B8        CLV                             A:80 X:55 Y:E1 P:67 SP:F9 PPU: 72,267 CYC:8273
> F9F7  18        CLC                             A:80 X:55 Y:E1 P:27 SP:F9 PPU: 72,273 CYC:8275
> F9F8  A9 55     LDA #$55                        A:80 X:55 Y:E1 P:26 SP:F9 PPU: 72,279 CYC:8277
> F9FA  60        RTS                             A:55 X:55 Y:E1 P:24 SP:F9 PPU: 72,285 CYC:8279
> D84F  C8        INY                             A:55 X:55 Y:E1 P:24 SP:FB PPU: 72,303 CYC:8285
> D850  8D 78 06  STA $0678 = 80                  A:55 X:55 Y:E2 P:A4 SP:FB PPU: 72,309 CYC:8287
> D853  6E 78 06  ROR $0678                       A:55 X:55 Y:E2 P:A4 SP:FB PPU: 72,321 CYC:8291
> D856  AD 78 06  LDA $0678                       A:55 X:55 Y:E2 P:25 SP:FB PPU: 72,339 CYC:8297
> D859  20 FB F9  JSR $F9FB                       A:2A X:55 Y:E2 P:25 SP:FB PPU: 73, 10 CYC:8301
> F9FB  90 0B     BCC $FA08                       A:2A X:55 Y:E2 P:25 SP:F9 PPU: 73, 28 CYC:8307
> F9FD  F0 09     BEQ $FA08                       A:2A X:55 Y:E2 P:25 SP:F9 PPU: 73, 34 CYC:8309
> F9FF  30 07     BMI $FA08                       A:2A X:55 Y:E2 P:25 SP:F9 PPU: 73, 40 CYC:8311
> FA01  70 05     BVS $FA08                       A:2A X:55 Y:E2 P:25 SP:F9 PPU: 73, 46 CYC:8313
> FA03  C9 2A     CMP #$2A                        A:2A X:55 Y:E2 P:25 SP:F9 PPU: 73, 52 CYC:8315
> FA05  D0 01     BNE $FA08                       A:2A X:55 Y:E2 P:27 SP:F9 PPU: 73, 58 CYC:8317
> FA07  60        RTS                             A:2A X:55 Y:E2 P:27 SP:F9 PPU: 73, 64 CYC:8319
> D85C  C8        INY                             A:2A X:55 Y:E2 P:27 SP:FB PPU: 73, 82 CYC:8325
> D85D  20 0A FA  JSR $FA0A                       A:2A X:55 Y:E3 P:A5 SP:FB PPU: 73, 88 CYC:8327
> FA0A  24 01     BIT $01 = FF                    A:2A X:55 Y:E3 P:A5 SP:F9 PPU: 73,106 CYC:8333
> FA0C  38        SEC                             A:2A X:55 Y:E3 P:E5 SP:F9 PPU: 73,115 CYC:8336
> FA0D  A9 80     LDA #$80                        A:2A X:55 Y:E3 P:E5 SP:F9 PPU: 73,121 CYC:8338
> FA0F  60        RTS                             A:80 X:55 Y:E3 P:E5 SP:F9 PPU: 73,127 CYC:8340
> D860  8D 78 06  STA $0678 = 2A                  A:80 X:55 Y:E3 P:E5 SP:FB PPU: 73,145 CYC:8346
> D863  2E 78 06  ROL $0678                       A:80 X:55 Y:E3 P:E5 SP:FB PPU: 73,157 CYC:8350
> D866  AD 78 06  LDA $0678                       A:80 X:55 Y:E3 P:65 SP:FB PPU: 73,175 CYC:8356
> D869  20 10 FA  JSR $FA10                       A:01 X:55 Y:E3 P:65 SP:FB PPU: 73,187 CYC:8360
> FA10  90 1C     BCC $FA2E                       A:01 X:55 Y:E3 P:65 SP:F9 PPU: 73,205 CYC:8366
> FA12  F0 1A     BEQ $FA2E                       A:01 X:55 Y:E3 P:65 SP:F9 PPU: 73,211 CYC:8368
> FA14  30 18     BMI $FA2E                       A:01 X:55 Y:E3 P:65 SP:F9 PPU: 73,217 CYC:8370
> FA16  50 16     BVC $FA2E                       A:01 X:55 Y:E3 P:65 SP:F9 PPU: 73,223 CYC:8372
> FA18  C9 01     CMP #$01                        A:01 X:55 Y:E3 P:65 SP:F9 PPU: 73,229 CYC:8374
> FA1A  D0 12     BNE $FA2E                       A:01 X:55 Y:E3 P:67 SP:F9 PPU: 73,235 CYC:8376
> FA1C  B8        CLV                             A:01 X:55 Y:E3 P:67 SP:F9 PPU: 73,241 CYC:8378
> FA1D  18        CLC                             A:01 X:55 Y:E3 P:27 SP:F9 PPU: 73,247 CYC:8380
> FA1E  A9 55     LDA #$55                        A:01 X:55 Y:E3 P:26 SP:F9 PPU: 73,253 CYC:8382
> FA20  60        RTS                             A:55 X:55 Y:E3 P:24 SP:F9 PPU: 73,259 CYC:8384
> D86C  C8        INY                             A:55 X:55 Y:E3 P:24 SP:FB PPU: 73,277 CYC:8390
> D86D  8D 78 06  STA $0678 = 01                  A:55 X:55 Y:E4 P:A4 SP:FB PPU: 73,283 CYC:8392
> D870  2E 78 06  ROL $0678                       A:55 X:55 Y:E4 P:A4 SP:FB PPU: 73,295 CYC:8396
> D873  AD 78 06  LDA $0678                       A:55 X:55 Y:E4 P:A4 SP:FB PPU: 73,313 CYC:8402
> D876  20 21 FA  JSR $FA21                       A:AA X:55 Y:E4 P:A4 SP:FB PPU: 73,325 CYC:8406
> FA21  B0 0B     BCS $FA2E                       A:AA X:55 Y:E4 P:A4 SP:F9 PPU: 74,  2 CYC:8412
> FA23  F0 09     BEQ $FA2E                       A:AA X:55 Y:E4 P:A4 SP:F9 PPU: 74,  8 CYC:8414
> FA25  10 07     BPL $FA2E                       A:AA X:55 Y:E4 P:A4 SP:F9 PPU: 74, 14 CYC:8416
> FA27  70 05     BVS $FA2E                       A:AA X:55 Y:E4 P:A4 SP:F9 PPU: 74, 20 CYC:8418
> FA29  C9 AA     CMP #$AA                        A:AA X:55 Y:E4 P:A4 SP:F9 PPU: 74, 26 CYC:8420
> FA2B  D0 01     BNE $FA2E                       A:AA X:55 Y:E4 P:27 SP:F9 PPU: 74, 32 CYC:8422
> FA2D  60        RTS                             A:AA X:55 Y:E4 P:27 SP:F9 PPU: 74, 38 CYC:8424
> D879  A9 FF     LDA #$FF                        A:AA X:55 Y:E4 P:27 SP:FB PPU: 74, 56 CYC:8430
> D87B  8D 78 06  STA $0678 = AA                  A:FF X:55 Y:E4 P:A5 SP:FB PPU: 74, 62 CYC:8432
> D87E  85 01     STA $01 = FF                    A:FF X:55 Y:E4 P:A5 SP:FB PPU: 74, 74 CYC:8436
> D880  24 01     BIT $01 = FF                    A:FF X:55 Y:E4 P:A5 SP:FB PPU: 74, 83 CYC:8439
> D882  38        SEC                             A:FF X:55 Y:E4 P:E5 SP:FB PPU: 74, 92 CYC:8442
> D883  EE 78 06  INC  $0678                       A:FF X:55 Y:E4 P:E5 SP:FB PPU: 74, 98 CYC:8444
> D886  D0 0D     BNE $D895                       A:FF X:55 Y:E4 P:67 SP:FB PPU: 74,116 CYC:8450
> D888  30 0B     BMI $D895                       A:FF X:55 Y:E4 P:67 SP:FB PPU: 74,122 CYC:8452
> D88A  50 09     BVC $D895                       A:FF X:55 Y:E4 P:67 SP:FB PPU: 74,128 CYC:8454
> D88C  90 07     BCC $D895                       A:FF X:55 Y:E4 P:67 SP:FB PPU: 74,134 CYC:8456
> D88E  AD 78 06  LDA $0678                       A:FF X:55 Y:E4 P:67 SP:FB PPU: 74,140 CYC:8458
> D891  C9 00     CMP #$00                        A:00 X:55 Y:E4 P:67 SP:FB PPU: 74,152 CYC:8462
> D893  F0 04     BEQ $D899                       A:00 X:55 Y:E4 P:67 SP:FB PPU: 74,158 CYC:8464
> D899  A9 7F     LDA #$7F                        A:00 X:55 Y:E4 P:67 SP:FB PPU: 74,167 CYC:8467
> D89B  8D 78 06  STA $0678 = 00                  A:7F X:55 Y:E4 P:65 SP:FB PPU: 74,173 CYC:8469
> D89E  B8        CLV                             A:7F X:55 Y:E4 P:65 SP:FB PPU: 74,185 CYC:8473
> D89F  18        CLC                             A:7F X:55 Y:E4 P:25 SP:FB PPU: 74,191 CYC:8475
> D8A0  EE 78 06  INC  $0678                       A:7F X:55 Y:E4 P:24 SP:FB PPU: 74,197 CYC:8477
> D8A3  F0 0D     BEQ $D8B2                       A:7F X:55 Y:E4 P:A4 SP:FB PPU: 74,215 CYC:8483
> D8A5  10 0B     BPL $D8B2                       A:7F X:55 Y:E4 P:A4 SP:FB PPU: 74,221 CYC:8485
> D8A7  70 09     BVS $D8B2                       A:7F X:55 Y:E4 P:A4 SP:FB PPU: 74,227 CYC:8487
> D8A9  B0 07     BCS $D8B2                       A:7F X:55 Y:E4 P:A4 SP:FB PPU: 74,233 CYC:8489
> D8AB  AD 78 06  LDA $0678                       A:7F X:55 Y:E4 P:A4 SP:FB PPU: 74,239 CYC:8491
> D8AE  C9 80     CMP #$80                        A:80 X:55 Y:E4 P:A4 SP:FB PPU: 74,251 CYC:8495
> D8B0  F0 04     BEQ $D8B6                       A:80 X:55 Y:E4 P:27 SP:FB PPU: 74,257 CYC:8497
> D8B6  A9 00     LDA #$00                        A:80 X:55 Y:E4 P:27 SP:FB PPU: 74,266 CYC:8500
> D8B8  8D 78 06  STA $0678 = 80                  A:00 X:55 Y:E4 P:27 SP:FB PPU: 74,272 CYC:8502
> D8BB  24 01     BIT $01 = FF                    A:00 X:55 Y:E4 P:27 SP:FB PPU: 74,284 CYC:8506
> D8BD  38        SEC                             A:00 X:55 Y:E4 P:E7 SP:FB PPU: 74,293 CYC:8509
> D8BE  CE 78 06  DEC $0678                       A:00 X:55 Y:E4 P:E7 SP:FB PPU: 74,299 CYC:8511
> D8C1  F0 0D     BEQ $D8D0                       A:00 X:55 Y:E4 P:E5 SP:FB PPU: 74,317 CYC:8517
> D8C3  10 0B     BPL $D8D0                       A:00 X:55 Y:E4 P:E5 SP:FB PPU: 74,323 CYC:8519
> D8C5  50 09     BVC $D8D0                       A:00 X:55 Y:E4 P:E5 SP:FB PPU: 74,329 CYC:8521
> D8C7  90 07     BCC $D8D0                       A:00 X:55 Y:E4 P:E5 SP:FB PPU: 74,335 CYC:8523
> D8C9  AD 78 06  LDA $0678                       A:00 X:55 Y:E4 P:E5 SP:FB PPU: 75,  0 CYC:8525
> D8CC  C9 FF     CMP #$FF                        A:FF X:55 Y:E4 P:E5 SP:FB PPU: 75, 12 CYC:8529
> D8CE  F0 04     BEQ $D8D4                       A:FF X:55 Y:E4 P:67 SP:FB PPU: 75, 18 CYC:8531
> D8D4  A9 80     LDA #$80                        A:FF X:55 Y:E4 P:67 SP:FB PPU: 75, 27 CYC:8534
> D8D6  8D 78 06  STA $0678 = FF                  A:80 X:55 Y:E4 P:E5 SP:FB PPU: 75, 33 CYC:8536
> D8D9  B8        CLV                             A:80 X:55 Y:E4 P:E5 SP:FB PPU: 75, 45 CYC:8540
> D8DA  18        CLC                             A:80 X:55 Y:E4 P:A5 SP:FB PPU: 75, 51 CYC:8542
> D8DB  CE 78 06  DEC $0678                       A:80 X:55 Y:E4 P:A4 SP:FB PPU: 75, 57 CYC:8544
> D8DE  F0 0D     BEQ $D8ED                       A:80 X:55 Y:E4 P:24 SP:FB PPU: 75, 75 CYC:8550
> D8E0  30 0B     BMI $D8ED                       A:80 X:55 Y:E4 P:24 SP:FB PPU: 75, 81 CYC:8552
> D8E2  70 09     BVS $D8ED                       A:80 X:55 Y:E4 P:24 SP:FB PPU: 75, 87 CYC:8554
> D8E4  B0 07     BCS $D8ED                       A:80 X:55 Y:E4 P:24 SP:FB PPU: 75, 93 CYC:8556
> D8E6  AD 78 06  LDA $0678                       A:80 X:55 Y:E4 P:24 SP:FB PPU: 75, 99 CYC:8558
> D8E9  C9 7F     CMP #$7F                        A:7F X:55 Y:E4 P:24 SP:FB PPU: 75,111 CYC:8562
> D8EB  F0 04     BEQ $D8F1                       A:7F X:55 Y:E4 P:27 SP:FB PPU: 75,117 CYC:8564
> D8F1  A9 01     LDA #$01                        A:7F X:55 Y:E4 P:27 SP:FB PPU: 75,126 CYC:8567
> D8F3  8D 78 06  STA $0678 = 7F                  A:01 X:55 Y:E4 P:25 SP:FB PPU: 75,132 CYC:8569
> D8F6  CE 78 06  DEC $0678                       A:01 X:55 Y:E4 P:25 SP:FB PPU: 75,144 CYC:8573
> D8F9  F0 04     BEQ $D8FF                       A:01 X:55 Y:E4 P:27 SP:FB PPU: 75,162 CYC:8579
> D8FF  60        RTS                             A:01 X:55 Y:E4 P:27 SP:FB PPU: 75,171 CYC:8582
> C618  20 00 D9  JSR $D900                       A:01 X:55 Y:E4 P:27 SP:FD PPU: 75,189 CYC:8588
> D900  A9 A3     LDA #$A3                        A:01 X:55 Y:E4 P:27 SP:FB PPU: 75,207 CYC:8594
> D902  85 33     STA $33 = 00                    A:A3 X:55 Y:E4 P:A5 SP:FB PPU: 75,213 CYC:8596
> D904  A9 89     LDA #$89                        A:A3 X:55 Y:E4 P:A5 SP:FB PPU: 75,222 CYC:8599
> D906  8D 00 03  STA $0300 = 70                  A:89 X:55 Y:E4 P:A5 SP:FB PPU: 75,228 CYC:8601
> D909  A9 12     LDA #$12                        A:89 X:55 Y:E4 P:A5 SP:FB PPU: 75,240 CYC:8605
> D90B  8D 45 02  STA $0245 = 00                  A:12 X:55 Y:E4 P:25 SP:FB PPU: 75,246 CYC:8607
> D90E  A9 FF     LDA #$FF                        A:12 X:55 Y:E4 P:25 SP:FB PPU: 75,258 CYC:8611
> D910  85 01     STA $01 = FF                    A:FF X:55 Y:E4 P:A5 SP:FB PPU: 75,264 CYC:8613
> D912  A2 65     LDX #$65                        A:FF X:55 Y:E4 P:A5 SP:FB PPU: 75,273 CYC:8616
> D914  A9 00     LDA #$00                        A:FF X:65 Y:E4 P:25 SP:FB PPU: 75,279 CYC:8618
> D916  85 89     STA $89 = 00                    A:00 X:65 Y:E4 P:27 SP:FB PPU: 75,285 CYC:8620
> D918  A9 03     LDA #$03                        A:00 X:65 Y:E4 P:27 SP:FB PPU: 75,294 CYC:8623
> D91A  85 8A     STA $8A = 00                    A:03 X:65 Y:E4 P:25 SP:FB PPU: 75,300 CYC:8625
> D91C  A0 00     LDY #$00                        A:03 X:65 Y:E4 P:25 SP:FB PPU: 75,309 CYC:8628
> D91E  38        SEC                             A:03 X:65 Y:00 P:27 SP:FB PPU: 75,315 CYC:8630
> D91F  A9 00     LDA #$00                        A:03 X:65 Y:00 P:27 SP:FB PPU: 75,321 CYC:8632
> D921  B8        CLV                             A:00 X:65 Y:00 P:27 SP:FB PPU: 75,327 CYC:8634
> D922  B1 89     LDA ($89),Y                     A:00 X:65 Y:00 P:27 SP:FB PPU: 75,333 CYC:8636
> D924  F0 0C     BEQ $D932                       A:89 X:65 Y:00 P:A5 SP:FB PPU: 76,  7 CYC:8641
> D926  90 0A     BCC $D932                       A:89 X:65 Y:00 P:A5 SP:FB PPU: 76, 13 CYC:8643
> D928  70 08     BVS $D932                       A:89 X:65 Y:00 P:A5 SP:FB PPU: 76, 19 CYC:8645
> D92A  C9 89     CMP #$89                        A:89 X:65 Y:00 P:A5 SP:FB PPU: 76, 25 CYC:8647
> D92C  D0 04     BNE $D932                       A:89 X:65 Y:00 P:27 SP:FB PPU: 76, 31 CYC:8649
> D92E  E0 65     CPX #$65                        A:89 X:65 Y:00 P:27 SP:FB PPU: 76, 37 CYC:8651
> D930  F0 04     BEQ $D936                       A:89 X:65 Y:00 P:27 SP:FB PPU: 76, 43 CYC:8653
> D936  A9 FF     LDA #$FF                        A:89 X:65 Y:00 P:27 SP:FB PPU: 76, 52 CYC:8656
> D938  85 97     STA $97 = 00                    A:FF X:65 Y:00 P:A5 SP:FB PPU: 76, 58 CYC:8658
> D93A  85 98     STA $98 = 00                    A:FF X:65 Y:00 P:A5 SP:FB PPU: 76, 67 CYC:8661
> D93C  24 98     BIT $98 = FF                    A:FF X:65 Y:00 P:A5 SP:FB PPU: 76, 76 CYC:8664
> D93E  A0 34     LDY #$34                        A:FF X:65 Y:00 P:E5 SP:FB PPU: 76, 85 CYC:8667
> D940  B1 97     LDA ($97),Y                     A:FF X:65 Y:34 P:65 SP:FB PPU: 76, 91 CYC:8669
> D942  C9 A3     CMP #$A3                        A:A3 X:65 Y:34 P:81 SP:FB PPU: 76,109 CYC:8675
> D944  D0 02     BNE $D948                       A:A3 X:65 Y:34 P:03 SP:FB PPU: 76,115 CYC:8677
> D946  B0 04     BCS $D94C                       A:A3 X:65 Y:34 P:03 SP:FB PPU: 76,121 CYC:8679
> D94C  A5 00     LDA $00                         A:A3 X:65 Y:34 P:03 SP:FB PPU: 76,130 CYC:8682
> D94E  48        PHA                             A:DE X:65 Y:34 P:81 SP:FB PPU: 76,139 CYC:8685
> D94F  A9 46     LDA #$46                        A:DE X:65 Y:34 P:81 SP:FA PPU: 76,148 CYC:8688
> D951  85 FF     STA $FF = 00                    A:46 X:65 Y:34 P:01 SP:FA PPU: 76,154 CYC:8690
> D953  A9 01     LDA #$01                        A:46 X:65 Y:34 P:01 SP:FA PPU: 76,163 CYC:8693
> D955  85 00     STA $00 = DE                    A:01 X:65 Y:34 P:01 SP:FA PPU: 76,169 CYC:8695
> D957  A0 FF     LDY #$FF                        A:01 X:65 Y:34 P:01 SP:FA PPU: 76,178 CYC:8698
> D959  B1 FF     LDA ($FF),Y                     A:01 X:65 Y:FF P:81 SP:FA PPU: 76,184 CYC:8700
> D95B  C9 12     CMP #$12                        A:00 X:65 Y:FF P:03 SP:FA PPU: 76,202 CYC:8706
> D95D  F0 04     BEQ $D963                       A:00 X:65 Y:FF P:80 SP:FA PPU: 76,208 CYC:8708
> D95F  68        PLA                             A:00 X:65 Y:FF P:80 SP:FA PPU: 76,214 CYC:8710
> D960  A9 EC     LDA #$EC                        A:DE X:65 Y:FF P:80 SP:FB PPU: 76,226 CYC:8714
> D962  48        PHA                             A:EC X:65 Y:FF P:80 SP:FB PPU: 76,232 CYC:8716
> D963  68        PLA                             A:EC X:65 Y:FF P:80 SP:FA PPU: 76,241 CYC:8719
> D964  85 00     STA $00 = 01                    A:EC X:65 Y:FF P:80 SP:FB PPU: 76,253 CYC:8723
> D966  A2 ED     LDX #$ED                        A:EC X:65 Y:FF P:80 SP:FB PPU: 76,262 CYC:8726
> D968  A9 00     LDA #$00                        A:EC X:ED Y:FF P:80 SP:FB PPU: 76,268 CYC:8728
> D96A  85 33     STA $33 = A3                    A:00 X:ED Y:FF P:02 SP:FB PPU: 76,274 CYC:8730
> D96C  A9 04     LDA #$04                        A:00 X:ED Y:FF P:02 SP:FB PPU: 76,283 CYC:8733
> D96E  85 34     STA $34 = 00                    A:04 X:ED Y:FF P:00 SP:FB PPU: 76,289 CYC:8735
> D970  A0 00     LDY #$00                        A:04 X:ED Y:FF P:00 SP:FB PPU: 76,298 CYC:8738
> D972  18        CLC                             A:04 X:ED Y:00 P:02 SP:FB PPU: 76,304 CYC:8740
> D973  A9 FF     LDA #$FF                        A:04 X:ED Y:00 P:02 SP:FB PPU: 76,310 CYC:8742
> D975  85 01     STA $01 = FF                    A:FF X:ED Y:00 P:80 SP:FB PPU: 76,316 CYC:8744
> D977  24 01     BIT $01 = FF                    A:FF X:ED Y:00 P:80 SP:FB PPU: 76,325 CYC:8747
> D979  A9 AA     LDA #$AA                        A:FF X:ED Y:00 P:C0 SP:FB PPU: 76,334 CYC:8750
> D97B  8D 00 04  STA $0400 = 5D                  A:AA X:ED Y:00 P:C0 SP:FB PPU: 76,340 CYC:8752
> D97E  A9 55     LDA #$55                        A:AA X:ED Y:00 P:C0 SP:FB PPU: 77, 11 CYC:8756
> D980  11 33     ORA ($33),Y                     A:55 X:ED Y:00 P:40 SP:FB PPU: 77, 17 CYC:8758
> D982  B0 08     BCS $D98C                       A:FF X:ED Y:00 P:C0 SP:FB PPU: 77, 32 CYC:8763
> D984  10 06     BPL $D98C                       A:FF X:ED Y:00 P:C0 SP:FB PPU: 77, 38 CYC:8765
> D986  C9 FF     CMP #$FF                        A:FF X:ED Y:00 P:C0 SP:FB PPU: 77, 44 CYC:8767
> D988  D0 02     BNE $D98C                       A:FF X:ED Y:00 P:43 SP:FB PPU: 77, 50 CYC:8769
> D98A  70 02     BVS $D98E                       A:FF X:ED Y:00 P:43 SP:FB PPU: 77, 56 CYC:8771
> D98E  E8        INX                             A:FF X:ED Y:00 P:43 SP:FB PPU: 77, 65 CYC:8774
> D98F  38        SEC                             A:FF X:EE Y:00 P:C1 SP:FB PPU: 77, 71 CYC:8776
> D990  B8        CLV                             A:FF X:EE Y:00 P:C1 SP:FB PPU: 77, 77 CYC:8778
> D991  A9 00     LDA #$00                        A:FF X:EE Y:00 P:81 SP:FB PPU: 77, 83 CYC:8780
> D993  11 33     ORA ($33),Y                     A:00 X:EE Y:00 P:03 SP:FB PPU: 77, 89 CYC:8782
> D995  F0 06     BEQ $D99D                       A:AA X:EE Y:00 P:81 SP:FB PPU: 77,104 CYC:8787
> D997  70 04     BVS $D99D                       A:AA X:EE Y:00 P:81 SP:FB PPU: 77,110 CYC:8789
> D999  90 02     BCC $D99D                       A:AA X:EE Y:00 P:81 SP:FB PPU: 77,116 CYC:8791
> D99B  30 02     BMI $D99F                       A:AA X:EE Y:00 P:81 SP:FB PPU: 77,122 CYC:8793
> D99F  E8        INX                             A:AA X:EE Y:00 P:81 SP:FB PPU: 77,131 CYC:8796
> D9A0  18        CLC                             A:AA X:EF Y:00 P:81 SP:FB PPU: 77,137 CYC:8798
> D9A1  24 01     BIT $01 = FF                    A:AA X:EF Y:00 P:80 SP:FB PPU: 77,143 CYC:8800
> D9A3  A9 55     LDA #$55                        A:AA X:EF Y:00 P:C0 SP:FB PPU: 77,152 CYC:8803
> D9A5  31        NOP                             A:55 X:EF Y:00 P:40 SP:FB PPU: 77,158 CYC:8805
> D9A6  33        NOP                             A:55 X:EF Y:00 P:40 SP:FB PPU: 77,164 CYC:8807
> D9A7  D0 06     BNE $D9AF                       A:55 X:EF Y:00 P:40 SP:FB PPU: 77,170 CYC:8809
> D9AF  86 00     STX $00 = EC                    A:55 X:EF Y:00 P:40 SP:FB PPU: 77,179 CYC:8812
> D9B1  E8        INX                             A:55 X:EF Y:00 P:40 SP:FB PPU: 77,188 CYC:8815
> D9B2  38        SEC                             A:55 X:F0 Y:00 P:C0 SP:FB PPU: 77,194 CYC:8817
> D9B3  B8        CLV                             A:55 X:F0 Y:00 P:C1 SP:FB PPU: 77,200 CYC:8819
> D9B4  A9 EF     LDA #$EF                        A:55 X:F0 Y:00 P:81 SP:FB PPU: 77,206 CYC:8821
> D9B6  8D 00 04  STA $0400 = AA                  A:EF X:F0 Y:00 P:81 SP:FB PPU: 77,212 CYC:8823
> D9B9  A9 F8     LDA #$F8                        A:EF X:F0 Y:00 P:81 SP:FB PPU: 77,224 CYC:8827
> D9BB  31        NOP                             A:F8 X:F0 Y:00 P:81 SP:FB PPU: 77,230 CYC:8829
> D9BC  33        NOP                             A:F8 X:F0 Y:00 P:81 SP:FB PPU: 77,236 CYC:8831
> D9BD  90 08     BCC $D9C7                       A:F8 X:F0 Y:00 P:81 SP:FB PPU: 77,242 CYC:8833
> D9BF  10 06     BPL $D9C7                       A:F8 X:F0 Y:00 P:81 SP:FB PPU: 77,248 CYC:8835
> D9C1  C9 E8     CMP #$E8                        A:F8 X:F0 Y:00 P:81 SP:FB PPU: 77,254 CYC:8837
> D9C3  D0 02     BNE $D9C7                       A:F8 X:F0 Y:00 P:01 SP:FB PPU: 77,260 CYC:8839
> D9C7  86 00     STX $00 = EF                    A:F8 X:F0 Y:00 P:01 SP:FB PPU: 77,269 CYC:8842
> D9C9  E8        INX                             A:F8 X:F0 Y:00 P:01 SP:FB PPU: 77,278 CYC:8845
> D9CA  18        CLC                             A:F8 X:F1 Y:00 P:81 SP:FB PPU: 77,284 CYC:8847
> D9CB  24 01     BIT $01 = FF                    A:F8 X:F1 Y:00 P:80 SP:FB PPU: 77,290 CYC:8849
> D9CD  A9 AA     LDA #$AA                        A:F8 X:F1 Y:00 P:C0 SP:FB PPU: 77,299 CYC:8852
> D9CF  8D 00 04  STA $0400 = EF                  A:AA X:F1 Y:00 P:C0 SP:FB PPU: 77,305 CYC:8854
> D9D2  A9 5F     LDA #$5F                        A:AA X:F1 Y:00 P:C0 SP:FB PPU: 77,317 CYC:8858
> D9D4  51 33     EOR ($33),Y                     A:5F X:F1 Y:00 P:40 SP:FB PPU: 77,323 CYC:8860
> D9D6  B0 08     BCS $D9E0                       A:F5 X:F1 Y:00 P:C0 SP:FB PPU: 77,338 CYC:8865
> D9D8  10 06     BPL $D9E0                       A:F5 X:F1 Y:00 P:C0 SP:FB PPU: 78,  3 CYC:8867
> D9DA  C9 F5     CMP #$F5                        A:F5 X:F1 Y:00 P:C0 SP:FB PPU: 78,  9 CYC:8869
> D9DC  D0 02     BNE $D9E0                       A:F5 X:F1 Y:00 P:43 SP:FB PPU: 78, 15 CYC:8871
> D9DE  70 02     BVS $D9E2                       A:F5 X:F1 Y:00 P:43 SP:FB PPU: 78, 21 CYC:8873
> D9E2  E8        INX                             A:F5 X:F1 Y:00 P:43 SP:FB PPU: 78, 30 CYC:8876
> D9E3  38        SEC                             A:F5 X:F2 Y:00 P:C1 SP:FB PPU: 78, 36 CYC:8878
> D9E4  B8        CLV                             A:F5 X:F2 Y:00 P:C1 SP:FB PPU: 78, 42 CYC:8880
> D9E5  A9 70     LDA #$70                        A:F5 X:F2 Y:00 P:81 SP:FB PPU: 78, 48 CYC:8882
> D9E7  8D 00 04  STA $0400 = AA                  A:70 X:F2 Y:00 P:01 SP:FB PPU: 78, 54 CYC:8884
> D9EA  51 33     EOR ($33),Y                     A:70 X:F2 Y:00 P:01 SP:FB PPU: 78, 66 CYC:8888
> D9EC  D0 06     BNE $D9F4                       A:00 X:F2 Y:00 P:03 SP:FB PPU: 78, 81 CYC:8893
> D9EE  70 04     BVS $D9F4                       A:00 X:F2 Y:00 P:03 SP:FB PPU: 78, 87 CYC:8895
> D9F0  90 02     BCC $D9F4                       A:00 X:F2 Y:00 P:03 SP:FB PPU: 78, 93 CYC:8897
> D9F2  10 02     BPL $D9F6                       A:00 X:F2 Y:00 P:03 SP:FB PPU: 78, 99 CYC:8899
> D9F6  E8        INX                             A:00 X:F2 Y:00 P:03 SP:FB PPU: 78,108 CYC:8902
> D9F7  18        CLC                             A:00 X:F3 Y:00 P:81 SP:FB PPU: 78,114 CYC:8904
> D9F8  24 01     BIT $01 = FF                    A:00 X:F3 Y:00 P:80 SP:FB PPU: 78,120 CYC:8906
> D9FA  A9 69     LDA #$69                        A:00 X:F3 Y:00 P:C2 SP:FB PPU: 78,129 CYC:8909
> D9FC  8D 00 04  STA $0400 = 70                  A:69 X:F3 Y:00 P:40 SP:FB PPU: 78,135 CYC:8911
> D9FF  A9 00     LDA #$00                        A:69 X:F3 Y:00 P:40 SP:FB PPU: 78,147 CYC:8915
> DA01  71 33     ADC ($33),Y                     A:00 X:F3 Y:00 P:42 SP:FB PPU: 78,153 CYC:8917
> DA03  30 08     BMI $DA0D                       A:69 X:F3 Y:00 P:00 SP:FB PPU: 78,168 CYC:8922
> DA05  B0 06     BCS $DA0D                       A:69 X:F3 Y:00 P:00 SP:FB PPU: 78,174 CYC:8924
> DA07  C9 69     CMP #$69                        A:69 X:F3 Y:00 P:00 SP:FB PPU: 78,180 CYC:8926
> DA09  D0 02     BNE $DA0D                       A:69 X:F3 Y:00 P:03 SP:FB PPU: 78,186 CYC:8928
> DA0B  50 02     BVC $DA0F                       A:69 X:F3 Y:00 P:03 SP:FB PPU: 78,192 CYC:8930
> DA0F  E8        INX                             A:69 X:F3 Y:00 P:03 SP:FB PPU: 78,201 CYC:8933
> DA10  38        SEC                             A:69 X:F4 Y:00 P:81 SP:FB PPU: 78,207 CYC:8935
> DA11  24 01     BIT $01 = FF                    A:69 X:F4 Y:00 P:81 SP:FB PPU: 78,213 CYC:8937
> DA13  A9 00     LDA #$00                        A:69 X:F4 Y:00 P:C1 SP:FB PPU: 78,222 CYC:8940
> DA15  71 33     ADC ($33),Y                     A:00 X:F4 Y:00 P:43 SP:FB PPU: 78,228 CYC:8942
> DA17  30 08     BMI $DA21                       A:6A X:F4 Y:00 P:00 SP:FB PPU: 78,243 CYC:8947
> DA19  B0 06     BCS $DA21                       A:6A X:F4 Y:00 P:00 SP:FB PPU: 78,249 CYC:8949
> DA1B  C9 6A     CMP #$6A                        A:6A X:F4 Y:00 P:00 SP:FB PPU: 78,255 CYC:8951
> DA1D  D0 02     BNE $DA21                       A:6A X:F4 Y:00 P:03 SP:FB PPU: 78,261 CYC:8953
> DA1F  50 02     BVC $DA23                       A:6A X:F4 Y:00 P:03 SP:FB PPU: 78,267 CYC:8955
> DA23  E8        INX                             A:6A X:F4 Y:00 P:03 SP:FB PPU: 78,276 CYC:8958
> DA24  38        SEC                             A:6A X:F5 Y:00 P:81 SP:FB PPU: 78,282 CYC:8960
> DA25  B8        CLV                             A:6A X:F5 Y:00 P:81 SP:FB PPU: 78,288 CYC:8962
> DA26  A9 7F     LDA #$7F                        A:6A X:F5 Y:00 P:81 SP:FB PPU: 78,294 CYC:8964
> DA28  8D 00 04  STA $0400 = 69                  A:7F X:F5 Y:00 P:01 SP:FB PPU: 78,300 CYC:8966
> DA2B  71 33     ADC ($33),Y                     A:7F X:F5 Y:00 P:01 SP:FB PPU: 78,312 CYC:8970
> DA2D  10 08     BPL $DA37                       A:FF X:F5 Y:00 P:C0 SP:FB PPU: 78,327 CYC:8975
> DA2F  B0 06     BCS $DA37                       A:FF X:F5 Y:00 P:C0 SP:FB PPU: 78,333 CYC:8977
> DA31  C9 FF     CMP #$FF                        A:FF X:F5 Y:00 P:C0 SP:FB PPU: 78,339 CYC:8979
> DA33  D0 02     BNE $DA37                       A:FF X:F5 Y:00 P:43 SP:FB PPU: 79,  4 CYC:8981
> DA35  70 02     BVS $DA39                       A:FF X:F5 Y:00 P:43 SP:FB PPU: 79, 10 CYC:8983
> DA39  E8        INX                             A:FF X:F5 Y:00 P:43 SP:FB PPU: 79, 19 CYC:8986
> DA3A  18        CLC                             A:FF X:F6 Y:00 P:C1 SP:FB PPU: 79, 25 CYC:8988
> DA3B  24 01     BIT $01 = FF                    A:FF X:F6 Y:00 P:C0 SP:FB PPU: 79, 31 CYC:8990
> DA3D  A9 80     LDA #$80                        A:FF X:F6 Y:00 P:C0 SP:FB PPU: 79, 40 CYC:8993
> DA3F  8D 00 04  STA $0400 = 7F                  A:80 X:F6 Y:00 P:C0 SP:FB PPU: 79, 46 CYC:8995
> DA42  A9 7F     LDA #$7F                        A:80 X:F6 Y:00 P:C0 SP:FB PPU: 79, 58 CYC:8999
> DA44  71 33     ADC ($33),Y                     A:7F X:F6 Y:00 P:40 SP:FB PPU: 79, 64 CYC:9001
> DA46  10 08     BPL $DA50                       A:FF X:F6 Y:00 P:80 SP:FB PPU: 79, 79 CYC:9006
> DA48  B0 06     BCS $DA50                       A:FF X:F6 Y:00 P:80 SP:FB PPU: 79, 85 CYC:9008
> DA4A  C9 FF     CMP #$FF                        A:FF X:F6 Y:00 P:80 SP:FB PPU: 79, 91 CYC:9010
> DA4C  D0 02     BNE $DA50                       A:FF X:F6 Y:00 P:03 SP:FB PPU: 79, 97 CYC:9012
> DA4E  50 02     BVC $DA52                       A:FF X:F6 Y:00 P:03 SP:FB PPU: 79,103 CYC:9014
> DA52  E8        INX                             A:FF X:F6 Y:00 P:03 SP:FB PPU: 79,112 CYC:9017
> DA53  38        SEC                             A:FF X:F7 Y:00 P:81 SP:FB PPU: 79,118 CYC:9019
> DA54  B8        CLV                             A:FF X:F7 Y:00 P:81 SP:FB PPU: 79,124 CYC:9021
> DA55  A9 80     LDA #$80                        A:FF X:F7 Y:00 P:81 SP:FB PPU: 79,130 CYC:9023
> DA57  8D 00 04  STA $0400 = 80                  A:80 X:F7 Y:00 P:81 SP:FB PPU: 79,136 CYC:9025
> DA5A  A9 7F     LDA #$7F                        A:80 X:F7 Y:00 P:81 SP:FB PPU: 79,148 CYC:9029
> DA5C  71 33     ADC ($33),Y                     A:7F X:F7 Y:00 P:01 SP:FB PPU: 79,154 CYC:9031
> DA5E  D0 06     BNE $DA66                       A:00 X:F7 Y:00 P:03 SP:FB PPU: 79,169 CYC:9036
> DA60  30 04     BMI $DA66                       A:00 X:F7 Y:00 P:03 SP:FB PPU: 79,175 CYC:9038
> DA62  70 02     BVS $DA66                       A:00 X:F7 Y:00 P:03 SP:FB PPU: 79,181 CYC:9040
> DA64  B0 02     BCS $DA68                       A:00 X:F7 Y:00 P:03 SP:FB PPU: 79,187 CYC:9042
> DA68  E8        INX                             A:00 X:F7 Y:00 P:03 SP:FB PPU: 79,196 CYC:9045
> DA69  24 01     BIT $01 = FF                    A:00 X:F8 Y:00 P:81 SP:FB PPU: 79,202 CYC:9047
> DA6B  A9 40     LDA #$40                        A:00 X:F8 Y:00 P:C3 SP:FB PPU: 79,211 CYC:9050
> DA6D  8D 00 04  STA $0400 = 80                  A:40 X:F8 Y:00 P:41 SP:FB PPU: 79,217 CYC:9052
> DA70  D1 33     CMP ($33),Y                     A:40 X:F8 Y:00 P:41 SP:FB PPU: 79,229 CYC:9056
> DA72  30 06     BMI $DA7A                       A:40 X:F8 Y:00 P:43 SP:FB PPU: 79,244 CYC:9061
> DA74  90 04     BCC $DA7A                       A:40 X:F8 Y:00 P:43 SP:FB PPU: 79,250 CYC:9063
> DA76  D0 02     BNE $DA7A                       A:40 X:F8 Y:00 P:43 SP:FB PPU: 79,256 CYC:9065
> DA78  70 02     BVS $DA7C                       A:40 X:F8 Y:00 P:43 SP:FB PPU: 79,262 CYC:9067
> DA7C  E8        INX                             A:40 X:F8 Y:00 P:43 SP:FB PPU: 79,271 CYC:9070
> DA7D  B8        CLV                             A:40 X:F9 Y:00 P:C1 SP:FB PPU: 79,277 CYC:9072
> DA7E  CE 00 04  DEC $0400                       A:40 X:F9 Y:00 P:81 SP:FB PPU: 79,283 CYC:9074
> DA81  D1 33     CMP ($33),Y                     A:40 X:F9 Y:00 P:01 SP:FB PPU: 79,301 CYC:9080
> DA83  F0 06     BEQ $DA8B                       A:40 X:F9 Y:00 P:01 SP:FB PPU: 79,316 CYC:9085
> DA85  30 04     BMI $DA8B                       A:40 X:F9 Y:00 P:01 SP:FB PPU: 79,322 CYC:9087
> DA87  90 02     BCC $DA8B                       A:40 X:F9 Y:00 P:01 SP:FB PPU: 79,328 CYC:9089
> DA89  50 02     BVC $DA8D                       A:40 X:F9 Y:00 P:01 SP:FB PPU: 79,334 CYC:9091
> DA8D  E8        INX                             A:40 X:F9 Y:00 P:01 SP:FB PPU: 80,  2 CYC:9094
> DA8E  EE 00 04  INC  $0400                       A:40 X:FA Y:00 P:81 SP:FB PPU: 80,  8 CYC:9096
> DA91  EE 00 04  INC  $0400                       A:40 X:FA Y:00 P:01 SP:FB PPU: 80, 26 CYC:9102
> DA94  D1 33     CMP ($33),Y                     A:40 X:FA Y:00 P:01 SP:FB PPU: 80, 44 CYC:9108
> DA96  F0 02     BEQ $DA9A                       A:40 X:FA Y:00 P:80 SP:FB PPU: 80, 59 CYC:9113
> DA98  30 02     BMI $DA9C                       A:40 X:FA Y:00 P:80 SP:FB PPU: 80, 65 CYC:9115
> DA9C  E8        INX                             A:40 X:FA Y:00 P:80 SP:FB PPU: 80, 74 CYC:9118
> DA9D  A9 00     LDA #$00                        A:40 X:FB Y:00 P:80 SP:FB PPU: 80, 80 CYC:9120
> DA9F  8D 00 04  STA $0400 = 41                  A:00 X:FB Y:00 P:02 SP:FB PPU: 80, 86 CYC:9122
> DAA2  A9 80     LDA #$80                        A:00 X:FB Y:00 P:02 SP:FB PPU: 80, 98 CYC:9126
> DAA4  D1 33     CMP ($33),Y                     A:80 X:FB Y:00 P:80 SP:FB PPU: 80,104 CYC:9128
> DAA6  F0 04     BEQ $DAAC                       A:80 X:FB Y:00 P:81 SP:FB PPU: 80,119 CYC:9133
> DAA8  10 02     BPL $DAAC                       A:80 X:FB Y:00 P:81 SP:FB PPU: 80,125 CYC:9135
> DAAA  B0 02     BCS $DAAE                       A:80 X:FB Y:00 P:81 SP:FB PPU: 80,131 CYC:9137
> DAAE  E8        INX                             A:80 X:FB Y:00 P:81 SP:FB PPU: 80,140 CYC:9140
> DAAF  A0 80     LDY #$80                        A:80 X:FC Y:00 P:81 SP:FB PPU: 80,146 CYC:9142
> DAB1  8C 00 04  STY $0400 = 00                  A:80 X:FC Y:80 P:81 SP:FB PPU: 80,152 CYC:9144
> DAB4  A0 00     LDY #$00                        A:80 X:FC Y:80 P:81 SP:FB PPU: 80,164 CYC:9148
> DAB6  D1 33     CMP ($33),Y                     A:80 X:FC Y:00 P:03 SP:FB PPU: 80,170 CYC:9150
> DAB8  D0 04     BNE $DABE                       A:80 X:FC Y:00 P:03 SP:FB PPU: 80,185 CYC:9155
> DABA  30 02     BMI $DABE                       A:80 X:FC Y:00 P:03 SP:FB PPU: 80,191 CYC:9157
> DABC  B0 02     BCS $DAC0                       A:80 X:FC Y:00 P:03 SP:FB PPU: 80,197 CYC:9159
> DAC0  E8        INX                             A:80 X:FC Y:00 P:03 SP:FB PPU: 80,206 CYC:9162
> DAC1  EE 00 04  INC  $0400                       A:80 X:FD Y:00 P:81 SP:FB PPU: 80,212 CYC:9164
> DAC4  D1 33     CMP ($33),Y                     A:80 X:FD Y:00 P:81 SP:FB PPU: 80,230 CYC:9170
> DAC6  B0 04     BCS $DACC                       A:80 X:FD Y:00 P:80 SP:FB PPU: 80,245 CYC:9175
> DAC8  F0 02     BEQ $DACC                       A:80 X:FD Y:00 P:80 SP:FB PPU: 80,251 CYC:9177
> DACA  30 02     BMI $DACE                       A:80 X:FD Y:00 P:80 SP:FB PPU: 80,257 CYC:9179
> DACE  E8        INX                             A:80 X:FD Y:00 P:80 SP:FB PPU: 80,266 CYC:9182
> DACF  CE 00 04  DEC $0400                       A:80 X:FE Y:00 P:80 SP:FB PPU: 80,272 CYC:9184
> DAD2  CE 00 04  DEC $0400                       A:80 X:FE Y:00 P:80 SP:FB PPU: 80,290 CYC:9190
> DAD5  D1 33     CMP ($33),Y                     A:80 X:FE Y:00 P:00 SP:FB PPU: 80,308 CYC:9196
> DAD7  90 04     BCC $DADD                       A:80 X:FE Y:00 P:01 SP:FB PPU: 80,323 CYC:9201
> DAD9  F0 02     BEQ $DADD                       A:80 X:FE Y:00 P:01 SP:FB PPU: 80,329 CYC:9203
> DADB  10 02     BPL $DADF                       A:80 X:FE Y:00 P:01 SP:FB PPU: 80,335 CYC:9205
> DADF  60        RTS                             A:80 X:FE Y:00 P:01 SP:FB PPU: 81,  3 CYC:9208
> C61B  A5 00     LDA $00                         A:80 X:FE Y:00 P:01 SP:FD PPU: 81, 21 CYC:9214
> C61D  85 10     STA $10 = 00                    A:F0 X:FE Y:00 P:81 SP:FD PPU: 81, 30 CYC:9217
> C61F  A9 00     LDA #$00                        A:F0 X:FE Y:00 P:81 SP:FD PPU: 81, 39 CYC:9220
> C621  85 00     STA $00 = F0                    A:00 X:FE Y:00 P:03 SP:FD PPU: 81, 45 CYC:9222
> C623  20 E0 DA  JSR $DAE0                       A:00 X:FE Y:00 P:03 SP:FD PPU: 81, 54 CYC:9225
> DAE0  A9 00     LDA #$00                        A:00 X:FE Y:00 P:03 SP:FB PPU: 81, 72 CYC:9231
> DAE2  85 33     STA $33 = 00                    A:00 X:FE Y:00 P:03 SP:FB PPU: 81, 78 CYC:9233
> DAE4  A9 04     LDA #$04                        A:00 X:FE Y:00 P:03 SP:FB PPU: 81, 87 CYC:9236
> DAE6  85 34     STA $34 = 04                    A:04 X:FE Y:00 P:01 SP:FB PPU: 81, 93 CYC:9238
> DAE8  A0 00     LDY #$00                        A:04 X:FE Y:00 P:01 SP:FB PPU: 81,102 CYC:9241
> DAEA  A2 01     LDX #$01                        A:04 X:FE Y:00 P:03 SP:FB PPU: 81,108 CYC:9243
> DAEC  24 01     BIT $01 = FF                    A:04 X:01 Y:00 P:01 SP:FB PPU: 81,114 CYC:9245
> DAEE  A9 40     LDA #$40                        A:04 X:01 Y:00 P:C1 SP:FB PPU: 81,123 CYC:9248
> DAF0  8D 00 04  STA $0400 = 7F                  A:40 X:01 Y:00 P:41 SP:FB PPU: 81,129 CYC:9250
> DAF3  38        SEC                             A:40 X:01 Y:00 P:41 SP:FB PPU: 81,141 CYC:9254
> DAF4  F1 33     SBC ($33),Y                     A:40 X:01 Y:00 P:41 SP:FB PPU: 81,147 CYC:9256
> DAF6  30 0A     BMI $DB02                       A:00 X:01 Y:00 P:03 SP:FB PPU: 81,162 CYC:9261
> DAF8  90 08     BCC $DB02                       A:00 X:01 Y:00 P:03 SP:FB PPU: 81,168 CYC:9263
> DAFA  D0 06     BNE $DB02                       A:00 X:01 Y:00 P:03 SP:FB PPU: 81,174 CYC:9265
> DAFC  70 04     BVS $DB02                       A:00 X:01 Y:00 P:03 SP:FB PPU: 81,180 CYC:9267
> DAFE  C9 00     CMP #$00                        A:00 X:01 Y:00 P:03 SP:FB PPU: 81,186 CYC:9269
> DB00  F0 02     BEQ $DB04                       A:00 X:01 Y:00 P:03 SP:FB PPU: 81,192 CYC:9271
> DB04  E8        INX                             A:00 X:01 Y:00 P:03 SP:FB PPU: 81,201 CYC:9274
> DB05  B8        CLV                             A:00 X:02 Y:00 P:01 SP:FB PPU: 81,207 CYC:9276
> DB06  38        SEC                             A:00 X:02 Y:00 P:01 SP:FB PPU: 81,213 CYC:9278
> DB07  A9 40     LDA #$40                        A:00 X:02 Y:00 P:01 SP:FB PPU: 81,219 CYC:9280
> DB09  CE 00 04  DEC $0400                       A:40 X:02 Y:00 P:01 SP:FB PPU: 81,225 CYC:9282
> DB0C  F1 33     SBC ($33),Y                     A:40 X:02 Y:00 P:01 SP:FB PPU: 81,243 CYC:9288
> DB0E  F0 0A     BEQ $DB1A                       A:01 X:02 Y:00 P:01 SP:FB PPU: 81,258 CYC:9293
> DB10  30 08     BMI $DB1A                       A:01 X:02 Y:00 P:01 SP:FB PPU: 81,264 CYC:9295
> DB12  90 06     BCC $DB1A                       A:01 X:02 Y:00 P:01 SP:FB PPU: 81,270 CYC:9297
> DB14  70 04     BVS $DB1A                       A:01 X:02 Y:00 P:01 SP:FB PPU: 81,276 CYC:9299
> DB16  C9 01     CMP #$01                        A:01 X:02 Y:00 P:01 SP:FB PPU: 81,282 CYC:9301
> DB18  F0 02     BEQ $DB1C                       A:01 X:02 Y:00 P:03 SP:FB PPU: 81,288 CYC:9303
> DB1C  E8        INX                             A:01 X:02 Y:00 P:03 SP:FB PPU: 81,297 CYC:9306
> DB1D  A9 40     LDA #$40                        A:01 X:03 Y:00 P:01 SP:FB PPU: 81,303 CYC:9308
> DB1F  38        SEC                             A:40 X:03 Y:00 P:01 SP:FB PPU: 81,309 CYC:9310
> DB20  24 01     BIT $01 = FF                    A:40 X:03 Y:00 P:01 SP:FB PPU: 81,315 CYC:9312
> DB22  EE 00 04  INC  $0400                       A:40 X:03 Y:00 P:C1 SP:FB PPU: 81,324 CYC:9315
> DB25  EE 00 04  INC  $0400                       A:40 X:03 Y:00 P:41 SP:FB PPU: 82,  1 CYC:9321
> DB28  F1 33     SBC ($33),Y                     A:40 X:03 Y:00 P:41 SP:FB PPU: 82, 19 CYC:9327
> DB2A  B0 0A     BCS $DB36                       A:FF X:03 Y:00 P:80 SP:FB PPU: 82, 34 CYC:9332
> DB2C  F0 08     BEQ $DB36                       A:FF X:03 Y:00 P:80 SP:FB PPU: 82, 40 CYC:9334
> DB2E  10 06     BPL $DB36                       A:FF X:03 Y:00 P:80 SP:FB PPU: 82, 46 CYC:9336
> DB30  70 04     BVS $DB36                       A:FF X:03 Y:00 P:80 SP:FB PPU: 82, 52 CYC:9338
> DB32  C9 FF     CMP #$FF                        A:FF X:03 Y:00 P:80 SP:FB PPU: 82, 58 CYC:9340
> DB34  F0 02     BEQ $DB38                       A:FF X:03 Y:00 P:03 SP:FB PPU: 82, 64 CYC:9342
> DB38  E8        INX                             A:FF X:03 Y:00 P:03 SP:FB PPU: 82, 73 CYC:9345
> DB39  18        CLC                             A:FF X:04 Y:00 P:01 SP:FB PPU: 82, 79 CYC:9347
> DB3A  A9 00     LDA #$00                        A:FF X:04 Y:00 P:00 SP:FB PPU: 82, 85 CYC:9349
> DB3C  8D 00 04  STA $0400 = 41                  A:00 X:04 Y:00 P:02 SP:FB PPU: 82, 91 CYC:9351
> DB3F  A9 80     LDA #$80                        A:00 X:04 Y:00 P:02 SP:FB PPU: 82,103 CYC:9355
> DB41  F1 33     SBC ($33),Y                     A:80 X:04 Y:00 P:80 SP:FB PPU: 82,109 CYC:9357
> DB43  90 04     BCC $DB49                       A:7F X:04 Y:00 P:41 SP:FB PPU: 82,124 CYC:9362
> DB45  C9 7F     CMP #$7F                        A:7F X:04 Y:00 P:41 SP:FB PPU: 82,130 CYC:9364
> DB47  F0 02     BEQ $DB4B                       A:7F X:04 Y:00 P:43 SP:FB PPU: 82,136 CYC:9366
> DB4B  E8        INX                             A:7F X:04 Y:00 P:43 SP:FB PPU: 82,145 CYC:9369
> DB4C  38        SEC                             A:7F X:05 Y:00 P:41 SP:FB PPU: 82,151 CYC:9371
> DB4D  A9 7F     LDA #$7F                        A:7F X:05 Y:00 P:41 SP:FB PPU: 82,157 CYC:9373
> DB4F  8D 00 04  STA $0400 = 00                  A:7F X:05 Y:00 P:41 SP:FB PPU: 82,163 CYC:9375
> DB52  A9 81     LDA #$81                        A:7F X:05 Y:00 P:41 SP:FB PPU: 82,175 CYC:9379
> DB54  F1 33     SBC ($33),Y                     A:81 X:05 Y:00 P:C1 SP:FB PPU: 82,181 CYC:9381
> DB56  50 06     BVC $DB5E                       A:02 X:05 Y:00 P:41 SP:FB PPU: 82,196 CYC:9386
> DB58  90 04     BCC $DB5E                       A:02 X:05 Y:00 P:41 SP:FB PPU: 82,202 CYC:9388
> DB5A  C9 02     CMP #$02                        A:02 X:05 Y:00 P:41 SP:FB PPU: 82,208 CYC:9390
> DB5C  F0 02     BEQ $DB60                       A:02 X:05 Y:00 P:43 SP:FB PPU: 82,214 CYC:9392
> DB60  E8        INX                             A:02 X:05 Y:00 P:43 SP:FB PPU: 82,223 CYC:9395
> DB61  A9 00     LDA #$00                        A:02 X:06 Y:00 P:41 SP:FB PPU: 82,229 CYC:9397
> DB63  A9 87     LDA #$87                        A:00 X:06 Y:00 P:43 SP:FB PPU: 82,235 CYC:9399
> DB65  91 33     STA ($33),Y                     A:87 X:06 Y:00 P:C1 SP:FB PPU: 82,241 CYC:9401
> DB67  AD 00 04  LDA $0400                       A:87 X:06 Y:00 P:01 SP:FB PPU: 82,259 CYC:9407
> DB6A  C9 87     CMP #$87                        A:7F X:06 Y:00 P:01 SP:FB PPU: 82,271 CYC:9411
> DB6C  F0 02     BEQ $DB70                       A:7F X:06 Y:00 P:80 SP:FB PPU: 82,277 CYC:9413
> DB6E  86 00     STX $00 = 00                    A:7F X:06 Y:00 P:80 SP:FB PPU: 82,283 CYC:9415
> DB70  E8        INX                             A:7F X:06 Y:00 P:80 SP:FB PPU: 82,292 CYC:9418
> DB71  A9 7E     LDA #$7E                        A:7F X:07 Y:00 P:00 SP:FB PPU: 82,298 CYC:9420
> DB73  8D 00 02  STA $0200 = 7F                  A:7E X:07 Y:00 P:00 SP:FB PPU: 82,304 CYC:9422
> DB76  A9 DB     LDA #$DB                        A:7E X:07 Y:00 P:00 SP:FB PPU: 82,316 CYC:9426
> DB78  8D 01 02  STA $0201 = 00                  A:DB X:07 Y:00 P:80 SP:FB PPU: 82,322 CYC:9428
> DB7B  6C 00 02  JMP ($0200)                     A:DB X:07 Y:00 P:80 SP:FB PPU: 82,334 CYC:9432
> DB7E  A9 00     LDA #$00                        A:DB X:07 Y:00 P:80 SP:FB PPU: 83,  8 CYC:9437
> DB80  8D FF 02  STA $02FF = 00                  A:00 X:07 Y:00 P:02 SP:FB PPU: 83, 14 CYC:9439
> DB83  A9 01     LDA #$01                        A:00 X:07 Y:00 P:02 SP:FB PPU: 83, 26 CYC:9443
> DB85  8D 00 03  STA $0300 = 89                  A:01 X:07 Y:00 P:00 SP:FB PPU: 83, 32 CYC:9445
> DB88  A9 03     LDA #$03                        A:01 X:07 Y:00 P:00 SP:FB PPU: 83, 44 CYC:9449
> DB8A  8D 00 02  STA $0200 = 7E                  A:03 X:07 Y:00 P:00 SP:FB PPU: 83, 50 CYC:9451
> DB8D  A9 A9     LDA #$A9                        A:03 X:07 Y:00 P:00 SP:FB PPU: 83, 62 CYC:9455
> DB8F  8D 00 01  STA $0100 = 00                  A:A9 X:07 Y:00 P:80 SP:FB PPU: 83, 68 CYC:9457
> DB92  A9 55     LDA #$55                        A:A9 X:07 Y:00 P:80 SP:FB PPU: 83, 80 CYC:9461
> DB94  8D 01 01  STA $0101 = 00                  A:55 X:07 Y:00 P:00 SP:FB PPU: 83, 86 CYC:9463
> DB97  A9 60     LDA #$60                        A:55 X:07 Y:00 P:00 SP:FB PPU: 83, 98 CYC:9467
> DB99  8D 02 01  STA $0102 = 00                  A:60 X:07 Y:00 P:00 SP:FB PPU: 83,104 CYC:9469
> DB9C  A9 A9     LDA #$A9                        A:60 X:07 Y:00 P:00 SP:FB PPU: 83,116 CYC:9473
> DB9E  8D 00 03  STA $0300 = 01                  A:A9 X:07 Y:00 P:80 SP:FB PPU: 83,122 CYC:9475
> DBA1  A9 AA     LDA #$AA                        A:A9 X:07 Y:00 P:80 SP:FB PPU: 83,134 CYC:9479
> DBA3  8D 01 03  STA $0301 = 00                  A:AA X:07 Y:00 P:80 SP:FB PPU: 83,140 CYC:9481
> DBA6  A9 60     LDA #$60                        A:AA X:07 Y:00 P:80 SP:FB PPU: 83,152 CYC:9485
> DBA8  8D 02 03  STA $0302 = 00                  A:60 X:07 Y:00 P:00 SP:FB PPU: 83,158 CYC:9487
> DBAB  20 B5 DB  JSR $DBB5                       A:60 X:07 Y:00 P:00 SP:FB PPU: 83,170 CYC:9491
> DBB5  6C FF 02  JMP ($02FF)                     A:60 X:07 Y:00 P:00 SP:F9 PPU: 83,188 CYC:9497
> 0300  A9 AA     LDA #$AA                        A:60 X:07 Y:00 P:00 SP:F9 PPU: 83,203 CYC:9502
> 0302  60        RTS                             A:AA X:07 Y:00 P:80 SP:F9 PPU: 83,209 CYC:9504
> DBAE  C9 AA     CMP #$AA                        A:AA X:07 Y:00 P:80 SP:FB PPU: 83,227 CYC:9510
> DBB0  F0 02     BEQ $DBB4                       A:AA X:07 Y:00 P:03 SP:FB PPU: 83,233 CYC:9512
> DBB4  60        RTS                             A:AA X:07 Y:00 P:03 SP:FB PPU: 83,242 CYC:9515
> C626  20 4A DF  JSR $DF4A                       A:AA X:07 Y:00 P:03 SP:FD PPU: 83,260 CYC:9521
> DF4A  A9 89     LDA #$89                        A:AA X:07 Y:00 P:03 SP:FB PPU: 83,278 CYC:9527
> DF4C  8D 00 03  STA $0300 = A9                  A:89 X:07 Y:00 P:81 SP:FB PPU: 83,284 CYC:9529
> DF4F  A9 A3     LDA #$A3                        A:89 X:07 Y:00 P:81 SP:FB PPU: 83,296 CYC:9533
> DF51  85 33     STA $33 = 00                    A:A3 X:07 Y:00 P:81 SP:FB PPU: 83,302 CYC:9535
> DF53  A9 12     LDA #$12                        A:A3 X:07 Y:00 P:81 SP:FB PPU: 83,311 CYC:9538
> DF55  8D 45 02  STA $0245 = 12                  A:12 X:07 Y:00 P:01 SP:FB PPU: 83,317 CYC:9540
> DF58  A2 65     LDX #$65                        A:12 X:07 Y:00 P:01 SP:FB PPU: 83,329 CYC:9544
> DF5A  A0 00     LDY #$00                        A:12 X:65 Y:00 P:01 SP:FB PPU: 83,335 CYC:9546
> DF5C  38        SEC                             A:12 X:65 Y:00 P:03 SP:FB PPU: 84,  0 CYC:9548
> DF5D  A9 00     LDA #$00                        A:12 X:65 Y:00 P:03 SP:FB PPU: 84,  6 CYC:9550
> DF5F  B8        CLV                             A:00 X:65 Y:00 P:03 SP:FB PPU: 84, 12 CYC:9552
> DF60  B9 00 03  LDA $0300,Y                     A:00 X:65 Y:00 P:03 SP:FB PPU: 84, 18 CYC:9554
> DF63  F0 0C     BEQ $DF71                       A:7F X:65 Y:00 P:01 SP:FB PPU: 84, 33 CYC:9559
> DF65  90 0A     BCC $DF71                       A:7F X:65 Y:00 P:01 SP:FB PPU: 84, 39 CYC:9561
> DF67  70 08     BVS $DF71                       A:7F X:65 Y:00 P:01 SP:FB PPU: 84, 45 CYC:9563
> DF69  C9 89     CMP #$89                        A:7F X:65 Y:00 P:01 SP:FB PPU: 84, 51 CYC:9565
> DF6B  D0 04     BNE $DF71                       A:7F X:65 Y:00 P:80 SP:FB PPU: 84, 57 CYC:9567
> DF71  A9 36     LDA #$36                        A:7F X:65 Y:00 P:80 SP:FB PPU: 84, 66 CYC:9570
> DF73  85 00     STA $00 = 06                    A:36 X:65 Y:00 P:00 SP:FB PPU: 84, 72 CYC:9572
> DF75  A9 FF     LDA #$FF                        A:36 X:65 Y:00 P:00 SP:FB PPU: 84, 81 CYC:9575
> DF77  85 01     STA $01 = FF                    A:FF X:65 Y:00 P:80 SP:FB PPU: 84, 87 CYC:9577
> DF79  24 01     BIT $01 = FF                    A:FF X:65 Y:00 P:80 SP:FB PPU: 84, 96 CYC:9580
> DF7B  A0 34     LDY #$34                        A:FF X:65 Y:00 P:C0 SP:FB PPU: 84,105 CYC:9583
> DF7D  B9 FF FF  LDA $FFFF,Y                     A:FF X:65 Y:34 P:40 SP:FB PPU: 84,111 CYC:9585
> DF80  C9 A3     CMP #$A3                        A:00 X:65 Y:34 P:03 SP:FB PPU: 84,129 CYC:9591
> DF82  D0 02     BNE $DF86                       A:00 X:65 Y:34 P:00 SP:FB PPU: 84,135 CYC:9593
> DF86  A9 37     LDA #$37                        A:00 X:65 Y:34 P:00 SP:FB PPU: 84,144 CYC:9596
> DF88  85 00     STA $00 = 36                    A:37 X:65 Y:34 P:00 SP:FB PPU: 84,150 CYC:9598
> DF8A  A9 46     LDA #$46                        A:37 X:65 Y:34 P:00 SP:FB PPU: 84,159 CYC:9601
> DF8C  85 FF     STA $FF = 46                    A:46 X:65 Y:34 P:00 SP:FB PPU: 84,165 CYC:9603
> DF8E  A0 FF     LDY #$FF                        A:46 X:65 Y:34 P:00 SP:FB PPU: 84,174 CYC:9606
> DF90  B9 46 01  LDA $0146,Y                     A:46 X:65 Y:FF P:80 SP:FB PPU: 84,180 CYC:9608
> DF93  C9 12     CMP #$12                        A:00 X:65 Y:FF P:03 SP:FB PPU: 84,198 CYC:9614
> DF95  F0 04     BEQ $DF9B                       A:00 X:65 Y:FF P:80 SP:FB PPU: 84,204 CYC:9616
> DF97  A9 38     LDA #$38                        A:00 X:65 Y:FF P:80 SP:FB PPU: 84,210 CYC:9618
> DF99  85 00     STA $00 = 37                    A:38 X:65 Y:FF P:00 SP:FB PPU: 84,216 CYC:9620
> DF9B  A2 39     LDX #$39                        A:38 X:65 Y:FF P:00 SP:FB PPU: 84,225 CYC:9623
> DF9D  18        CLC                             A:38 X:39 Y:FF P:00 SP:FB PPU: 84,231 CYC:9625
> DF9E  A9 FF     LDA #$FF                        A:38 X:39 Y:FF P:00 SP:FB PPU: 84,237 CYC:9627
> DFA0  85 01     STA $01 = FF                    A:FF X:39 Y:FF P:80 SP:FB PPU: 84,243 CYC:9629
> DFA2  24 01     BIT $01 = FF                    A:FF X:39 Y:FF P:80 SP:FB PPU: 84,252 CYC:9632
> DFA4  A9 AA     LDA #$AA                        A:FF X:39 Y:FF P:C0 SP:FB PPU: 84,261 CYC:9635
> DFA6  8D 00 04  STA $0400 = 7F                  A:AA X:39 Y:FF P:C0 SP:FB PPU: 84,267 CYC:9637
> DFA9  A9 55     LDA #$55                        A:AA X:39 Y:FF P:C0 SP:FB PPU: 84,279 CYC:9641
> DFAB  A0 00     LDY #$00                        A:55 X:39 Y:FF P:40 SP:FB PPU: 84,285 CYC:9643
> DFAD  19 00 04  ORA $0400,Y                     A:55 X:39 Y:00 P:42 SP:FB PPU: 84,291 CYC:9645
> DFB0  B0 08     BCS $DFBA                       A:FF X:39 Y:00 P:80 SP:FB PPU: 84,306 CYC:9650
> DFB2  10 06     BPL $DFBA                       A:FF X:39 Y:00 P:80 SP:FB PPU: 84,312 CYC:9652
> DFB4  C9 FF     CMP #$FF                        A:FF X:39 Y:00 P:80 SP:FB PPU: 84,318 CYC:9654
> DFB6  D0 02     BNE $DFBA                       A:FF X:39 Y:00 P:03 SP:FB PPU: 84,324 CYC:9656
> DFB8  70 02     BVS $DFBC                       A:FF X:39 Y:00 P:03 SP:FB PPU: 84,330 CYC:9658
> DFBA  86 00     STX $00 = 38                    A:FF X:39 Y:00 P:03 SP:FB PPU: 84,336 CYC:9660
> DFBC  E8        INX                             A:FF X:39 Y:00 P:03 SP:FB PPU: 85,  4 CYC:9663
> DFBD  38        SEC                             A:FF X:3A Y:00 P:01 SP:FB PPU: 85, 10 CYC:9665
> DFBE  B8        CLV                             A:FF X:3A Y:00 P:01 SP:FB PPU: 85, 16 CYC:9667
> DFBF  A9 00     LDA #$00                        A:FF X:3A Y:00 P:01 SP:FB PPU: 85, 22 CYC:9669
> DFC1  19 00 04  ORA $0400,Y                     A:00 X:3A Y:00 P:03 SP:FB PPU: 85, 28 CYC:9671
> DFC4  F0 06     BEQ $DFCC                       A:87 X:3A Y:00 P:81 SP:FB PPU: 85, 43 CYC:9676
> DFC6  70 04     BVS $DFCC                       A:87 X:3A Y:00 P:81 SP:FB PPU: 85, 49 CYC:9678
> DFC8  90 02     BCC $DFCC                       A:87 X:3A Y:00 P:81 SP:FB PPU: 85, 55 CYC:9680
> DFCA  30 02     BMI $DFCE                       A:87 X:3A Y:00 P:81 SP:FB PPU: 85, 61 CYC:9682
> DFCE  E8        INX                             A:87 X:3A Y:00 P:81 SP:FB PPU: 85, 70 CYC:9685
> DFCF  18        CLC                             A:87 X:3B Y:00 P:01 SP:FB PPU: 85, 76 CYC:9687
> DFD0  24 01     BIT $01 = FF                    A:87 X:3B Y:00 P:00 SP:FB PPU: 85, 82 CYC:9689
> DFD2  A9 55     LDA #$55                        A:87 X:3B Y:00 P:C0 SP:FB PPU: 85, 91 CYC:9692
> DFD4  39 00 04  AND $0400,Y                     A:55 X:3B Y:00 P:40 SP:FB PPU: 85, 97 CYC:9694
> DFD7  D0 06     BNE $DFDF                       A:00 X:3B Y:00 P:02 SP:FB PPU: 85,112 CYC:9699
> DFD9  50 04     BVC $DFDF                       A:00 X:3B Y:00 P:02 SP:FB PPU: 85,118 CYC:9701
> DFDF  86 00     STX $00 = 39                    A:00 X:3B Y:00 P:02 SP:FB PPU: 85,127 CYC:9704
> DFE1  E8        INX                             A:00 X:3B Y:00 P:02 SP:FB PPU: 85,136 CYC:9707
> DFE2  38        SEC                             A:00 X:3C Y:00 P:00 SP:FB PPU: 85,142 CYC:9709
> DFE3  B8        CLV                             A:00 X:3C Y:00 P:01 SP:FB PPU: 85,148 CYC:9711
> DFE4  A9 EF     LDA #$EF                        A:00 X:3C Y:00 P:01 SP:FB PPU: 85,154 CYC:9713
> DFE6  8D 00 04  STA $0400 = AA                  A:EF X:3C Y:00 P:81 SP:FB PPU: 85,160 CYC:9715
> DFE9  A9 F8     LDA #$F8                        A:EF X:3C Y:00 P:81 SP:FB PPU: 85,172 CYC:9719
> DFEB  39 00 04  AND $0400,Y                     A:F8 X:3C Y:00 P:81 SP:FB PPU: 85,178 CYC:9721
> DFEE  90 08     BCC $DFF8                       A:80 X:3C Y:00 P:81 SP:FB PPU: 85,193 CYC:9726
> DFF0  10 06     BPL $DFF8                       A:80 X:3C Y:00 P:81 SP:FB PPU: 85,199 CYC:9728
> DFF2  C9 E8     CMP #$E8                        A:80 X:3C Y:00 P:81 SP:FB PPU: 85,205 CYC:9730
> DFF4  D0 02     BNE $DFF8                       A:80 X:3C Y:00 P:80 SP:FB PPU: 85,211 CYC:9732
> DFF8  86 00     STX $00 = 3B                    A:80 X:3C Y:00 P:80 SP:FB PPU: 85,220 CYC:9735
> DFFA  E8        INX                             A:80 X:3C Y:00 P:80 SP:FB PPU: 85,229 CYC:9738
> DFFB  18        CLC                             A:80 X:3D Y:00 P:00 SP:FB PPU: 85,235 CYC:9740
> DFFC  24 01     BIT $01 = FF                    A:80 X:3D Y:00 P:00 SP:FB PPU: 85,241 CYC:9742
> DFFE  A9 AA     LDA #$AA                        A:80 X:3D Y:00 P:C0 SP:FB PPU: 85,250 CYC:9745
> E000  8D 00 04  STA $0400 = EF                  A:AA X:3D Y:00 P:C0 SP:FB PPU: 85,256 CYC:9747
> E003  A9 5F     LDA #$5F                        A:AA X:3D Y:00 P:C0 SP:FB PPU: 85,268 CYC:9751
> E005  59 00 04  EOR $0400,Y                     A:5F X:3D Y:00 P:40 SP:FB PPU: 85,274 CYC:9753
> E008  B0 08     BCS $E012                       A:F5 X:3D Y:00 P:80 SP:FB PPU: 85,289 CYC:9758
> E00A  10 06     BPL $E012                       A:F5 X:3D Y:00 P:80 SP:FB PPU: 85,295 CYC:9760
> E00C  C9 F5     CMP #$F5                        A:F5 X:3D Y:00 P:80 SP:FB PPU: 85,301 CYC:9762
> E00E  D0 02     BNE $E012                       A:F5 X:3D Y:00 P:03 SP:FB PPU: 85,307 CYC:9764
> E010  70 02     BVS $E014                       A:F5 X:3D Y:00 P:03 SP:FB PPU: 85,313 CYC:9766
> E012  86 00     STX $00 = 3C                    A:F5 X:3D Y:00 P:03 SP:FB PPU: 85,319 CYC:9768
> E014  E8        INX                             A:F5 X:3D Y:00 P:03 SP:FB PPU: 85,328 CYC:9771
> E015  38        SEC                             A:F5 X:3E Y:00 P:01 SP:FB PPU: 85,334 CYC:9773
> E016  B8        CLV                             A:F5 X:3E Y:00 P:01 SP:FB PPU: 85,340 CYC:9775
> E017  A9 70     LDA #$70                        A:F5 X:3E Y:00 P:01 SP:FB PPU: 86,  5 CYC:9777
> E019  8D 00 04  STA $0400 = AA                  A:70 X:3E Y:00 P:01 SP:FB PPU: 86, 11 CYC:9779
> E01C  59 00 04  EOR $0400,Y                     A:70 X:3E Y:00 P:01 SP:FB PPU: 86, 23 CYC:9783
> E01F  D0 06     BNE $E027                       A:F7 X:3E Y:00 P:81 SP:FB PPU: 86, 38 CYC:9788
> E027  86 00     STX $00 = 3D                    A:F7 X:3E Y:00 P:81 SP:FB PPU: 86, 47 CYC:9791
> E029  E8        INX                             A:F7 X:3E Y:00 P:81 SP:FB PPU: 86, 56 CYC:9794
> E02A  18        CLC                             A:F7 X:3F Y:00 P:01 SP:FB PPU: 86, 62 CYC:9796
> E02B  24 01     BIT $01 = FF                    A:F7 X:3F Y:00 P:00 SP:FB PPU: 86, 68 CYC:9798
> E02D  A9 69     LDA #$69                        A:F7 X:3F Y:00 P:C0 SP:FB PPU: 86, 77 CYC:9801
> E02F  8D 00 04  STA $0400 = 70                  A:69 X:3F Y:00 P:40 SP:FB PPU: 86, 83 CYC:9803
> E032  A9 00     LDA #$00                        A:69 X:3F Y:00 P:40 SP:FB PPU: 86, 95 CYC:9807
> E034  79 00 04  ADC $0400,Y                     A:00 X:3F Y:00 P:42 SP:FB PPU: 86,101 CYC:9809
> E037  30 08     BMI $E041                       A:69 X:3F Y:00 P:00 SP:FB PPU: 86,116 CYC:9814
> E039  B0 06     BCS $E041                       A:69 X:3F Y:00 P:00 SP:FB PPU: 86,122 CYC:9816
> E03B  C9 69     CMP #$69                        A:69 X:3F Y:00 P:00 SP:FB PPU: 86,128 CYC:9818
> E03D  D0 02     BNE $E041                       A:69 X:3F Y:00 P:03 SP:FB PPU: 86,134 CYC:9820
> E03F  50 02     BVC $E043                       A:69 X:3F Y:00 P:03 SP:FB PPU: 86,140 CYC:9822
> E043  E8        INX                             A:69 X:3F Y:00 P:03 SP:FB PPU: 86,149 CYC:9825
> E044  38        SEC                             A:69 X:40 Y:00 P:01 SP:FB PPU: 86,155 CYC:9827
> E045  24 01     BIT $01 = FF                    A:69 X:40 Y:00 P:01 SP:FB PPU: 86,161 CYC:9829
> E047  A9 00     LDA #$00                        A:69 X:40 Y:00 P:C1 SP:FB PPU: 86,170 CYC:9832
> E049  79 00 04  ADC $0400,Y                     A:00 X:40 Y:00 P:43 SP:FB PPU: 86,176 CYC:9834
> E04C  30 08     BMI $E056                       A:88 X:40 Y:00 P:80 SP:FB PPU: 86,191 CYC:9839
> E056  86 00     STX $00 = 3E                    A:88 X:40 Y:00 P:80 SP:FB PPU: 86,200 CYC:9842
> E058  E8        INX                             A:88 X:40 Y:00 P:80 SP:FB PPU: 86,209 CYC:9845
> E059  38        SEC                             A:88 X:41 Y:00 P:00 SP:FB PPU: 86,215 CYC:9847
> E05A  B8        CLV                             A:88 X:41 Y:00 P:01 SP:FB PPU: 86,221 CYC:9849
> E05B  A9 7F     LDA #$7F                        A:88 X:41 Y:00 P:01 SP:FB PPU: 86,227 CYC:9851
> E05D  8D 00 04  STA $0400 = 69                  A:7F X:41 Y:00 P:01 SP:FB PPU: 86,233 CYC:9853
> E060  79 00 04  ADC $0400,Y                     A:7F X:41 Y:00 P:01 SP:FB PPU: 86,245 CYC:9857
> E063  10 08     BPL $E06D                       A:07 X:41 Y:00 P:01 SP:FB PPU: 86,260 CYC:9862
> E06D  86 00     STX $00 = 40                    A:07 X:41 Y:00 P:01 SP:FB PPU: 86,269 CYC:9865
> E06F  E8        INX                             A:07 X:41 Y:00 P:01 SP:FB PPU: 86,278 CYC:9868
> E070  18        CLC                             A:07 X:42 Y:00 P:01 SP:FB PPU: 86,284 CYC:9870
> E071  24 01     BIT $01 = FF                    A:07 X:42 Y:00 P:00 SP:FB PPU: 86,290 CYC:9872
> E073  A9 80     LDA #$80                        A:07 X:42 Y:00 P:C0 SP:FB PPU: 86,299 CYC:9875
> E075  8D 00 04  STA $0400 = 7F                  A:80 X:42 Y:00 P:C0 SP:FB PPU: 86,305 CYC:9877
> E078  A9 7F     LDA #$7F                        A:80 X:42 Y:00 P:C0 SP:FB PPU: 86,317 CYC:9881
> E07A  79 00 04  ADC $0400,Y                     A:7F X:42 Y:00 P:40 SP:FB PPU: 86,323 CYC:9883
> E07D  10 08     BPL $E087                       A:FF X:42 Y:00 P:80 SP:FB PPU: 86,338 CYC:9888
> E07F  B0 06     BCS $E087                       A:FF X:42 Y:00 P:80 SP:FB PPU: 87,  3 CYC:9890
> E081  C9 FF     CMP #$FF                        A:FF X:42 Y:00 P:80 SP:FB PPU: 87,  9 CYC:9892
> E083  D0 02     BNE $E087                       A:FF X:42 Y:00 P:03 SP:FB PPU: 87, 15 CYC:9894
> E085  50 02     BVC $E089                       A:FF X:42 Y:00 P:03 SP:FB PPU: 87, 21 CYC:9896
> E089  E8        INX                             A:FF X:42 Y:00 P:03 SP:FB PPU: 87, 30 CYC:9899
> E08A  38        SEC                             A:FF X:43 Y:00 P:01 SP:FB PPU: 87, 36 CYC:9901
> E08B  B8        CLV                             A:FF X:43 Y:00 P:01 SP:FB PPU: 87, 42 CYC:9903
> E08C  A9 80     LDA #$80                        A:FF X:43 Y:00 P:01 SP:FB PPU: 87, 48 CYC:9905
> E08E  8D 00 04  STA $0400 = 80                  A:80 X:43 Y:00 P:81 SP:FB PPU: 87, 54 CYC:9907
> E091  A9 7F     LDA #$7F                        A:80 X:43 Y:00 P:81 SP:FB PPU: 87, 66 CYC:9911
> E093  79 00 04  ADC $0400,Y                     A:7F X:43 Y:00 P:01 SP:FB PPU: 87, 72 CYC:9913
> E096  D0 06     BNE $E09E                       A:07 X:43 Y:00 P:01 SP:FB PPU: 87, 87 CYC:9918
> E09E  86 00     STX $00 = 41                    A:07 X:43 Y:00 P:01 SP:FB PPU: 87, 96 CYC:9921
> E0A0  E8        INX                             A:07 X:43 Y:00 P:01 SP:FB PPU: 87,105 CYC:9924
> E0A1  24 01     BIT $01 = FF                    A:07 X:44 Y:00 P:01 SP:FB PPU: 87,111 CYC:9926
> E0A3  A9 40     LDA #$40                        A:07 X:44 Y:00 P:C1 SP:FB PPU: 87,120 CYC:9929
> E0A5  8D 00 04  STA $0400 = 80                  A:40 X:44 Y:00 P:41 SP:FB PPU: 87,126 CYC:9931
> E0A8  D9 00 04  CMP $0400,Y                     A:40 X:44 Y:00 P:41 SP:FB PPU: 87,138 CYC:9935
> E0AB  30 06     BMI $E0B3                       A:40 X:44 Y:00 P:80 SP:FB PPU: 87,153 CYC:9940
> E0B3  86 00     STX $00 = 43                    A:40 X:44 Y:00 P:80 SP:FB PPU: 87,162 CYC:9943
> E0B5  E8        INX                             A:40 X:44 Y:00 P:80 SP:FB PPU: 87,171 CYC:9946
> E0B6  B8        CLV                             A:40 X:45 Y:00 P:00 SP:FB PPU: 87,177 CYC:9948
> E0B7  CE 00 04  DEC $0400                       A:40 X:45 Y:00 P:00 SP:FB PPU: 87,183 CYC:9950
> E0BA  D9 00 04  CMP $0400,Y                     A:40 X:45 Y:00 P:00 SP:FB PPU: 87,201 CYC:9956
> E0BD  F0 06     BEQ $E0C5                       A:40 X:45 Y:00 P:01 SP:FB PPU: 87,216 CYC:9961
> E0BF  30 04     BMI $E0C5                       A:40 X:45 Y:00 P:01 SP:FB PPU: 87,222 CYC:9963
> E0C1  90 02     BCC $E0C5                       A:40 X:45 Y:00 P:01 SP:FB PPU: 87,228 CYC:9965
> E0C3  50 02     BVC $E0C7                       A:40 X:45 Y:00 P:01 SP:FB PPU: 87,234 CYC:9967
> E0C7  E8        INX                             A:40 X:45 Y:00 P:01 SP:FB PPU: 87,243 CYC:9970
> E0C8  EE 00 04  INC  $0400                       A:40 X:46 Y:00 P:01 SP:FB PPU: 87,249 CYC:9972
> E0CB  EE 00 04  INC  $0400                       A:40 X:46 Y:00 P:01 SP:FB PPU: 87,267 CYC:9978
> E0CE  D9 00 04  CMP $0400,Y                     A:40 X:46 Y:00 P:01 SP:FB PPU: 87,285 CYC:9984
> E0D1  F0 02     BEQ $E0D5                       A:40 X:46 Y:00 P:80 SP:FB PPU: 87,300 CYC:9989
> E0D3  30 02     BMI $E0D7                       A:40 X:46 Y:00 P:80 SP:FB PPU: 87,306 CYC:9991
> E0D7  E8        INX                             A:40 X:46 Y:00 P:80 SP:FB PPU: 87,315 CYC:9994
> E0D8  A9 00     LDA #$00                        A:40 X:47 Y:00 P:00 SP:FB PPU: 87,321 CYC:9996
> E0DA  8D 00 04  STA $0400 = 41                  A:00 X:47 Y:00 P:02 SP:FB PPU: 87,327 CYC:9998
> E0DD  A9 80     LDA #$80                        A:00 X:47 Y:00 P:02 SP:FB PPU: 87,339 CYC:10002
> E0DF  D9 00 04  CMP $0400,Y                     A:80 X:47 Y:00 P:80 SP:FB PPU: 88,  4 CYC:10004
> E0E2  F0 04     BEQ $E0E8                       A:80 X:47 Y:00 P:81 SP:FB PPU: 88, 19 CYC:10009
> E0E4  10 02     BPL $E0E8                       A:80 X:47 Y:00 P:81 SP:FB PPU: 88, 25 CYC:10011
> E0E6  B0 02     BCS $E0EA                       A:80 X:47 Y:00 P:81 SP:FB PPU: 88, 31 CYC:10013
> E0EA  E8        INX                             A:80 X:47 Y:00 P:81 SP:FB PPU: 88, 40 CYC:10016
> E0EB  A0 80     LDY #$80                        A:80 X:48 Y:00 P:01 SP:FB PPU: 88, 46 CYC:10018
> E0ED  8C 00 04  STY $0400 = 00                  A:80 X:48 Y:80 P:81 SP:FB PPU: 88, 52 CYC:10020
> E0F0  A0 00     LDY #$00                        A:80 X:48 Y:80 P:81 SP:FB PPU: 88, 64 CYC:10024
> E0F2  D9 00 04  CMP $0400,Y                     A:80 X:48 Y:00 P:03 SP:FB PPU: 88, 70 CYC:10026
> E0F5  D0 04     BNE $E0FB                       A:80 X:48 Y:00 P:80 SP:FB PPU: 88, 85 CYC:10031
> E0FB  86 00     STX $00 = 44                    A:80 X:48 Y:00 P:80 SP:FB PPU: 88, 94 CYC:10034
> E0FD  E8        INX                             A:80 X:48 Y:00 P:80 SP:FB PPU: 88,103 CYC:10037
> E0FE  EE 00 04  INC  $0400                       A:80 X:49 Y:00 P:00 SP:FB PPU: 88,109 CYC:10039
> E101  D9 00 04  CMP $0400,Y                     A:80 X:49 Y:00 P:80 SP:FB PPU: 88,127 CYC:10045
> E104  B0 04     BCS $E10A                       A:80 X:49 Y:00 P:80 SP:FB PPU: 88,142 CYC:10050
> E106  F0 02     BEQ $E10A                       A:80 X:49 Y:00 P:80 SP:FB PPU: 88,148 CYC:10052
> E108  30 02     BMI $E10C                       A:80 X:49 Y:00 P:80 SP:FB PPU: 88,154 CYC:10054
> E10C  E8        INX                             A:80 X:49 Y:00 P:80 SP:FB PPU: 88,163 CYC:10057
> E10D  CE 00 04  DEC $0400                       A:80 X:4A Y:00 P:00 SP:FB PPU: 88,169 CYC:10059
> E110  CE 00 04  DEC $0400                       A:80 X:4A Y:00 P:80 SP:FB PPU: 88,187 CYC:10065
> E113  D9 00 04  CMP $0400,Y                     A:80 X:4A Y:00 P:00 SP:FB PPU: 88,205 CYC:10071
> E116  90 04     BCC $E11C                       A:80 X:4A Y:00 P:01 SP:FB PPU: 88,220 CYC:10076
> E118  F0 02     BEQ $E11C                       A:80 X:4A Y:00 P:01 SP:FB PPU: 88,226 CYC:10078
> E11A  10 02     BPL $E11E                       A:80 X:4A Y:00 P:01 SP:FB PPU: 88,232 CYC:10080
> E11E  E8        INX                             A:80 X:4A Y:00 P:01 SP:FB PPU: 88,241 CYC:10083
> E11F  24 01     BIT $01 = FF                    A:80 X:4B Y:00 P:01 SP:FB PPU: 88,247 CYC:10085
> E121  A9 40     LDA #$40                        A:80 X:4B Y:00 P:C1 SP:FB PPU: 88,256 CYC:10088
> E123  8D 00 04  STA $0400 = 7F                  A:40 X:4B Y:00 P:41 SP:FB PPU: 88,262 CYC:10090
> E126  38        SEC                             A:40 X:4B Y:00 P:41 SP:FB PPU: 88,274 CYC:10094
> E127  F9 00 04  SBC $0400,Y                     A:40 X:4B Y:00 P:41 SP:FB PPU: 88,280 CYC:10096
> E12A  30 0A     BMI $E136                       A:B9 X:4B Y:00 P:C0 SP:FB PPU: 88,295 CYC:10101
> E136  86 00     STX $00 = 48                    A:B9 X:4B Y:00 P:C0 SP:FB PPU: 88,304 CYC:10104
> E138  E8        INX                             A:B9 X:4B Y:00 P:C0 SP:FB PPU: 88,313 CYC:10107
> E139  B8        CLV                             A:B9 X:4C Y:00 P:40 SP:FB PPU: 88,319 CYC:10109
> E13A  38        SEC                             A:B9 X:4C Y:00 P:00 SP:FB PPU: 88,325 CYC:10111
> E13B  A9 40     LDA #$40                        A:B9 X:4C Y:00 P:01 SP:FB PPU: 88,331 CYC:10113
> E13D  CE 00 04  DEC $0400                       A:40 X:4C Y:00 P:01 SP:FB PPU: 88,337 CYC:10115
> E140  F9 00 04  SBC $0400,Y                     A:40 X:4C Y:00 P:01 SP:FB PPU: 89, 14 CYC:10121
> E143  F0 0A     BEQ $E14F                       A:B9 X:4C Y:00 P:C0 SP:FB PPU: 89, 29 CYC:10126
> E145  30 08     BMI $E14F                       A:B9 X:4C Y:00 P:C0 SP:FB PPU: 89, 35 CYC:10128
> E14F  86 00     STX $00 = 4B                    A:B9 X:4C Y:00 P:C0 SP:FB PPU: 89, 44 CYC:10131
> E151  E8        INX                             A:B9 X:4C Y:00 P:C0 SP:FB PPU: 89, 53 CYC:10134
> E152  A9 40     LDA #$40                        A:B9 X:4D Y:00 P:40 SP:FB PPU: 89, 59 CYC:10136
> E154  38        SEC                             A:40 X:4D Y:00 P:40 SP:FB PPU: 89, 65 CYC:10138
> E155  24 01     BIT $01 = FF                    A:40 X:4D Y:00 P:41 SP:FB PPU: 89, 71 CYC:10140
> E157  EE 00 04  INC  $0400                       A:40 X:4D Y:00 P:C1 SP:FB PPU: 89, 80 CYC:10143
> E15A  EE 00 04  INC  $0400                       A:40 X:4D Y:00 P:41 SP:FB PPU: 89, 98 CYC:10149
> E15D  F9 00 04  SBC $0400,Y                     A:40 X:4D Y:00 P:41 SP:FB PPU: 89,116 CYC:10155
> E160  B0 0A     BCS $E16C                       A:B9 X:4D Y:00 P:C0 SP:FB PPU: 89,131 CYC:10160
> E162  F0 08     BEQ $E16C                       A:B9 X:4D Y:00 P:C0 SP:FB PPU: 89,137 CYC:10162
> E164  10 06     BPL $E16C                       A:B9 X:4D Y:00 P:C0 SP:FB PPU: 89,143 CYC:10164
> E166  70 04     BVS $E16C                       A:B9 X:4D Y:00 P:C0 SP:FB PPU: 89,149 CYC:10166
> E16C  86 00     STX $00 = 4C                    A:B9 X:4D Y:00 P:C0 SP:FB PPU: 89,158 CYC:10169
> E16E  E8        INX                             A:B9 X:4D Y:00 P:C0 SP:FB PPU: 89,167 CYC:10172
> E16F  18        CLC                             A:B9 X:4E Y:00 P:40 SP:FB PPU: 89,173 CYC:10174
> E170  A9 00     LDA #$00                        A:B9 X:4E Y:00 P:40 SP:FB PPU: 89,179 CYC:10176
> E172  8D 00 04  STA $0400 = 41                  A:00 X:4E Y:00 P:42 SP:FB PPU: 89,185 CYC:10178
> E175  A9 80     LDA #$80                        A:00 X:4E Y:00 P:42 SP:FB PPU: 89,197 CYC:10182
> E177  F9 00 04  SBC $0400,Y                     A:80 X:4E Y:00 P:C0 SP:FB PPU: 89,203 CYC:10184
> E17A  90 04     BCC $E180                       A:7F X:4E Y:00 P:41 SP:FB PPU: 89,218 CYC:10189
> E17C  C9 7F     CMP #$7F                        A:7F X:4E Y:00 P:41 SP:FB PPU: 89,224 CYC:10191
> E17E  F0 02     BEQ $E182                       A:7F X:4E Y:00 P:43 SP:FB PPU: 89,230 CYC:10193
> E182  E8        INX                             A:7F X:4E Y:00 P:43 SP:FB PPU: 89,239 CYC:10196
> E183  38        SEC                             A:7F X:4F Y:00 P:41 SP:FB PPU: 89,245 CYC:10198
> E184  A9 7F     LDA #$7F                        A:7F X:4F Y:00 P:41 SP:FB PPU: 89,251 CYC:10200
> E186  8D 00 04  STA $0400 = 00                  A:7F X:4F Y:00 P:41 SP:FB PPU: 89,257 CYC:10202
> E189  A9 81     LDA #$81                        A:7F X:4F Y:00 P:41 SP:FB PPU: 89,269 CYC:10206
> E18B  F9 00 04  SBC $0400,Y                     A:81 X:4F Y:00 P:C1 SP:FB PPU: 89,275 CYC:10208
> E18E  50 06     BVC $E196                       A:FA X:4F Y:00 P:80 SP:FB PPU: 89,290 CYC:10213
> E196  86 00     STX $00 = 4D                    A:FA X:4F Y:00 P:80 SP:FB PPU: 89,299 CYC:10216
> E198  E8        INX                             A:FA X:4F Y:00 P:80 SP:FB PPU: 89,308 CYC:10219
> E199  A9 00     LDA #$00                        A:FA X:50 Y:00 P:00 SP:FB PPU: 89,314 CYC:10221
> E19B  A9 87     LDA #$87                        A:00 X:50 Y:00 P:02 SP:FB PPU: 89,320 CYC:10223
> E19D  99 00 04  STA $0400,Y                     A:87 X:50 Y:00 P:80 SP:FB PPU: 89,326 CYC:10225
> E1A0  AD 00 04  LDA $0400                       A:87 X:50 Y:00 P:00 SP:FB PPU: 90,  0 CYC:10230
> E1A3  C9 87     CMP #$87                        A:87 X:50 Y:00 P:80 SP:FB PPU: 90, 12 CYC:10234
> E1A5  F0 02     BEQ $E1A9                       A:87 X:50 Y:00 P:03 SP:FB PPU: 90, 18 CYC:10236
> E1A9  60        RTS                             A:87 X:50 Y:00 P:03 SP:FB PPU: 90, 27 CYC:10239
> C629  20 B8 DB  JSR $DBB8                       A:87 X:50 Y:00 P:03 SP:FD PPU: 90, 45 CYC:10245
> DBB8  A9 FF     LDA #$FF                        A:87 X:50 Y:00 P:03 SP:FB PPU: 90, 63 CYC:10251
> DBBA  85 01     STA $01 = FF                    A:FF X:50 Y:00 P:81 SP:FB PPU: 90, 69 CYC:10253
> DBBC  A9 AA     LDA #$AA                        A:FF X:50 Y:00 P:81 SP:FB PPU: 90, 78 CYC:10256
> DBBE  85 33     STA $33 = A3                    A:AA X:50 Y:00 P:81 SP:FB PPU: 90, 84 CYC:10258
> DBC0  A9 BB     LDA #$BB                        A:AA X:50 Y:00 P:81 SP:FB PPU: 90, 93 CYC:10261
> DBC2  85 89     STA $89 = 00                    A:BB X:50 Y:00 P:81 SP:FB PPU: 90, 99 CYC:10263
> DBC4  A2 00     LDX #$00                        A:BB X:50 Y:00 P:81 SP:FB PPU: 90,108 CYC:10266
> DBC6  A9 66     LDA #$66                        A:BB X:00 Y:00 P:03 SP:FB PPU: 90,114 CYC:10268
> DBC8  24 01     BIT $01 = FF                    A:66 X:00 Y:00 P:01 SP:FB PPU: 90,120 CYC:10270
> DBCA  38        SEC                             A:66 X:00 Y:00 P:C1 SP:FB PPU: 90,129 CYC:10273
> DBCB  A0 00     LDY #$00                        A:66 X:00 Y:00 P:C1 SP:FB PPU: 90,135 CYC:10275
> DBCD  B4 33     LDY $33,X                       A:66 X:00 Y:00 P:43 SP:FB PPU: 90,141 CYC:10277
> DBCF  10 12     BPL $DBE3                       A:66 X:00 Y:AA P:C1 SP:FB PPU: 90,153 CYC:10281
> DBD1  F0 10     BEQ $DBE3                       A:66 X:00 Y:AA P:C1 SP:FB PPU: 90,159 CYC:10283
> DBD3  50 0E     BVC $DBE3                       A:66 X:00 Y:AA P:C1 SP:FB PPU: 90,165 CYC:10285
> DBD5  90 0C     BCC $DBE3                       A:66 X:00 Y:AA P:C1 SP:FB PPU: 90,171 CYC:10287
> DBD7  C9 66     CMP #$66                        A:66 X:00 Y:AA P:C1 SP:FB PPU: 90,177 CYC:10289
> DBD9  D0 08     BNE $DBE3                       A:66 X:00 Y:AA P:43 SP:FB PPU: 90,183 CYC:10291
> DBDB  E0 00     CPX #$00                        A:66 X:00 Y:AA P:43 SP:FB PPU: 90,189 CYC:10293
> DBDD  D0 04     BNE $DBE3                       A:66 X:00 Y:AA P:43 SP:FB PPU: 90,195 CYC:10295
> DBDF  C0 AA     CPY #$AA                        A:66 X:00 Y:AA P:43 SP:FB PPU: 90,201 CYC:10297
> DBE1  F0 04     BEQ $DBE7                       A:66 X:00 Y:AA P:43 SP:FB PPU: 90,207 CYC:10299
> DBE7  A2 8A     LDX #$8A                        A:66 X:00 Y:AA P:43 SP:FB PPU: 90,216 CYC:10302
> DBE9  A9 66     LDA #$66                        A:66 X:8A Y:AA P:C1 SP:FB PPU: 90,222 CYC:10304
> DBEB  B8        CLV                             A:66 X:8A Y:AA P:41 SP:FB PPU: 90,228 CYC:10306
> DBEC  18        CLC                             A:66 X:8A Y:AA P:01 SP:FB PPU: 90,234 CYC:10308
> DBED  A0 00     LDY #$00                        A:66 X:8A Y:AA P:00 SP:FB PPU: 90,240 CYC:10310
> DBEF  B4 FF     LDY $FF,X                       A:66 X:8A Y:00 P:02 SP:FB PPU: 90,246 CYC:10312
> DBF1  10 12     BPL $DC05                       A:66 X:8A Y:BB P:80 SP:FB PPU: 90,258 CYC:10316
> DBF3  F0 10     BEQ $DC05                       A:66 X:8A Y:BB P:80 SP:FB PPU: 90,264 CYC:10318
> DBF5  70 0E     BVS $DC05                       A:66 X:8A Y:BB P:80 SP:FB PPU: 90,270 CYC:10320
> DBF7  B0 0C     BCS $DC05                       A:66 X:8A Y:BB P:80 SP:FB PPU: 90,276 CYC:10322
> DBF9  C0 BB     CPY #$BB                        A:66 X:8A Y:BB P:80 SP:FB PPU: 90,282 CYC:10324
> DBFB  D0 08     BNE $DC05                       A:66 X:8A Y:BB P:03 SP:FB PPU: 90,288 CYC:10326
> DBFD  C9 66     CMP #$66                        A:66 X:8A Y:BB P:03 SP:FB PPU: 90,294 CYC:10328
> DBFF  D0 04     BNE $DC05                       A:66 X:8A Y:BB P:03 SP:FB PPU: 90,300 CYC:10330
> DC01  E0 8A     CPX #$8A                        A:66 X:8A Y:BB P:03 SP:FB PPU: 90,306 CYC:10332
> DC03  F0 04     BEQ $DC09                       A:66 X:8A Y:BB P:03 SP:FB PPU: 90,312 CYC:10334
> DC09  24 01     BIT $01 = FF                    A:66 X:8A Y:BB P:03 SP:FB PPU: 90,321 CYC:10337
> DC0B  38        SEC                             A:66 X:8A Y:BB P:C1 SP:FB PPU: 90,330 CYC:10340
> DC0C  A0 44     LDY #$44                        A:66 X:8A Y:BB P:C1 SP:FB PPU: 90,336 CYC:10342
> DC0E  A2 00     LDX #$00                        A:66 X:8A Y:44 P:41 SP:FB PPU: 91,  1 CYC:10344
> DC10  94 33     STY $33,Y                       A:66 X:00 Y:44 P:43 SP:FB PPU: 91,  7 CYC:10346
> DC12  A5 33     LDA $33                         A:66 X:00 Y:44 P:43 SP:FB PPU: 91, 19 CYC:10350
> DC14  90 18     BCC $DC2E                       A:AA X:00 Y:44 P:C1 SP:FB PPU: 91, 28 CYC:10353
> DC16  C9 44     CMP #$44                        A:AA X:00 Y:44 P:C1 SP:FB PPU: 91, 34 CYC:10355
> DC18  D0 14     BNE $DC2E                       A:AA X:00 Y:44 P:41 SP:FB PPU: 91, 40 CYC:10357
> DC2E  A9 0A     LDA #$0A                        A:AA X:00 Y:44 P:41 SP:FB PPU: 91, 49 CYC:10360
> DC30  85 00     STA $00 = 4F                    A:0A X:00 Y:44 P:41 SP:FB PPU: 91, 55 CYC:10362
> DC32  A0 0B     LDY #$0B                        A:0A X:00 Y:44 P:41 SP:FB PPU: 91, 64 CYC:10365
> DC34  A9 AA     LDA #$AA                        A:0A X:00 Y:0B P:41 SP:FB PPU: 91, 70 CYC:10367
> DC36  A2 78     LDX #$78                        A:AA X:00 Y:0B P:C1 SP:FB PPU: 91, 76 CYC:10369
> DC38  85 78     STA $78 = 00                    A:AA X:78 Y:0B P:41 SP:FB PPU: 91, 82 CYC:10371
> DC3A  20 B6 F7  JSR $F7B6                       A:AA X:78 Y:0B P:41 SP:FB PPU: 91, 91 CYC:10374
> F7B6  18        CLC                             A:AA X:78 Y:0B P:41 SP:F9 PPU: 91,109 CYC:10380
> F7B7  A9 FF     LDA #$FF                        A:AA X:78 Y:0B P:40 SP:F9 PPU: 91,115 CYC:10382
> F7B9  85 01     STA $01 = FF                    A:FF X:78 Y:0B P:C0 SP:F9 PPU: 91,121 CYC:10384
> F7BB  24 01     BIT $01 = FF                    A:FF X:78 Y:0B P:C0 SP:F9 PPU: 91,130 CYC:10387
> F7BD  A9 55     LDA #$55                        A:FF X:78 Y:0B P:C0 SP:F9 PPU: 91,139 CYC:10390
> F7BF  60        RTS                             A:55 X:78 Y:0B P:40 SP:F9 PPU: 91,145 CYC:10392
> DC3D  15 00     ORA $00,X                       A:55 X:78 Y:0B P:40 SP:FB PPU: 91,163 CYC:10398
> DC3F  20 C0 F7  JSR $F7C0                       A:FF X:78 Y:0B P:C0 SP:FB PPU: 91,175 CYC:10402
> F7C0  B0 09     BCS $F7CB                       A:FF X:78 Y:0B P:C0 SP:F9 PPU: 91,193 CYC:10408
> F7C2  10 07     BPL $F7CB                       A:FF X:78 Y:0B P:C0 SP:F9 PPU: 91,199 CYC:10410
> F7C4  C9 FF     CMP #$FF                        A:FF X:78 Y:0B P:C0 SP:F9 PPU: 91,205 CYC:10412
> F7C6  D0 03     BNE $F7CB                       A:FF X:78 Y:0B P:43 SP:F9 PPU: 91,211 CYC:10414
> F7C8  50 01     BVC $F7CB                       A:FF X:78 Y:0B P:43 SP:F9 PPU: 91,217 CYC:10416
> F7CA  60        RTS                             A:FF X:78 Y:0B P:43 SP:F9 PPU: 91,223 CYC:10418
> DC42  C8        INY                             A:FF X:78 Y:0B P:43 SP:FB PPU: 91,241 CYC:10424
> DC43  A9 00     LDA #$00                        A:FF X:78 Y:0C P:41 SP:FB PPU: 91,247 CYC:10426
> DC45  85 78     STA $78 = AA                    A:00 X:78 Y:0C P:43 SP:FB PPU: 91,253 CYC:10428
> DC47  20 CE F7  JSR $F7CE                       A:00 X:78 Y:0C P:43 SP:FB PPU: 91,262 CYC:10431
> F7CE  38        SEC                             A:00 X:78 Y:0C P:43 SP:F9 PPU: 91,280 CYC:10437
> F7CF  B8        CLV                             A:00 X:78 Y:0C P:43 SP:F9 PPU: 91,286 CYC:10439
> F7D0  A9 00     LDA #$00                        A:00 X:78 Y:0C P:03 SP:F9 PPU: 91,292 CYC:10441
> F7D2  60        RTS                             A:00 X:78 Y:0C P:03 SP:F9 PPU: 91,298 CYC:10443
> DC4A  15 00     ORA $00,X                       A:00 X:78 Y:0C P:03 SP:FB PPU: 91,316 CYC:10449
> DC4C  20 D3 F7  JSR $F7D3                       A:00 X:78 Y:0C P:03 SP:FB PPU: 91,328 CYC:10453
> F7D3  D0 07     BNE $F7DC                       A:00 X:78 Y:0C P:03 SP:F9 PPU: 92,  5 CYC:10459
> F7D5  70 05     BVS $F7DC                       A:00 X:78 Y:0C P:03 SP:F9 PPU: 92, 11 CYC:10461
> F7D7  90 03     BCC $F7DC                       A:00 X:78 Y:0C P:03 SP:F9 PPU: 92, 17 CYC:10463
> F7D9  30 01     BMI $F7DC                       A:00 X:78 Y:0C P:03 SP:F9 PPU: 92, 23 CYC:10465
> F7DB  60        RTS                             A:00 X:78 Y:0C P:03 SP:F9 PPU: 92, 29 CYC:10467
> DC4F  C8        INY                             A:00 X:78 Y:0C P:03 SP:FB PPU: 92, 47 CYC:10473
> DC50  A9 AA     LDA #$AA                        A:00 X:78 Y:0D P:01 SP:FB PPU: 92, 53 CYC:10475
> DC52  85 78     STA $78 = 00                    A:AA X:78 Y:0D P:81 SP:FB PPU: 92, 59 CYC:10477
> DC54  20 DF F7  JSR $F7DF                       A:AA X:78 Y:0D P:81 SP:FB PPU: 92, 68 CYC:10480
> F7DF  18        CLC                             A:AA X:78 Y:0D P:81 SP:F9 PPU: 92, 86 CYC:10486
> F7E0  24 01     BIT $01 = FF                    A:AA X:78 Y:0D P:80 SP:F9 PPU: 92, 92 CYC:10488
> F7E2  A9 55     LDA #$55                        A:AA X:78 Y:0D P:C0 SP:F9 PPU: 92,101 CYC:10491
> F7E4  60        RTS                             A:55 X:78 Y:0D P:40 SP:F9 PPU: 92,107 CYC:10493
> DC57  35 00     AND $00,X                       A:55 X:78 Y:0D P:40 SP:FB PPU: 92,125 CYC:10499
> DC59  20 E5 F7  JSR $F7E5                       A:00 X:78 Y:0D P:42 SP:FB PPU: 92,137 CYC:10503
> F7E5  D0 07     BNE $F7EE                       A:00 X:78 Y:0D P:42 SP:F9 PPU: 92,155 CYC:10509
> F7E7  50 05     BVC $F7EE                       A:00 X:78 Y:0D P:42 SP:F9 PPU: 92,161 CYC:10511
> F7E9  B0 03     BCS $F7EE                       A:00 X:78 Y:0D P:42 SP:F9 PPU: 92,167 CYC:10513
> F7EB  30 01     BMI $F7EE                       A:00 X:78 Y:0D P:42 SP:F9 PPU: 92,173 CYC:10515
> F7ED  60        RTS                             A:00 X:78 Y:0D P:42 SP:F9 PPU: 92,179 CYC:10517
> DC5C  C8        INY                             A:00 X:78 Y:0D P:42 SP:FB PPU: 92,197 CYC:10523
> DC5D  A9 EF     LDA #$EF                        A:00 X:78 Y:0E P:40 SP:FB PPU: 92,203 CYC:10525
> DC5F  85 78     STA $78 = AA                    A:EF X:78 Y:0E P:C0 SP:FB PPU: 92,209 CYC:10527
> DC61  20 F1 F7  JSR $F7F1                       A:EF X:78 Y:0E P:C0 SP:FB PPU: 92,218 CYC:10530
> F7F1  38        SEC                             A:EF X:78 Y:0E P:C0 SP:F9 PPU: 92,236 CYC:10536
> F7F2  B8        CLV                             A:EF X:78 Y:0E P:C1 SP:F9 PPU: 92,242 CYC:10538
> F7F3  A9 F8     LDA #$F8                        A:EF X:78 Y:0E P:81 SP:F9 PPU: 92,248 CYC:10540
> F7F5  60        RTS                             A:F8 X:78 Y:0E P:81 SP:F9 PPU: 92,254 CYC:10542
> DC64  35 00     AND $00,X                       A:F8 X:78 Y:0E P:81 SP:FB PPU: 92,272 CYC:10548
> DC66  20 F6 F7  JSR $F7F6                       A:E8 X:78 Y:0E P:81 SP:FB PPU: 92,284 CYC:10552
> F7F6  90 09     BCC $F801                       A:E8 X:78 Y:0E P:81 SP:F9 PPU: 92,302 CYC:10558
> F7F8  10 07     BPL $F801                       A:E8 X:78 Y:0E P:81 SP:F9 PPU: 92,308 CYC:10560
> F7FA  C9 E8     CMP #$E8                        A:E8 X:78 Y:0E P:81 SP:F9 PPU: 92,314 CYC:10562
> F7FC  D0 03     BNE $F801                       A:E8 X:78 Y:0E P:03 SP:F9 PPU: 92,320 CYC:10564
> F7FE  70 01     BVS $F801                       A:E8 X:78 Y:0E P:03 SP:F9 PPU: 92,326 CYC:10566
> F800  60        RTS                             A:E8 X:78 Y:0E P:03 SP:F9 PPU: 92,332 CYC:10568
> DC69  C8        INY                             A:E8 X:78 Y:0E P:03 SP:FB PPU: 93,  9 CYC:10574
> DC6A  A9 AA     LDA #$AA                        A:E8 X:78 Y:0F P:01 SP:FB PPU: 93, 15 CYC:10576
> DC6C  85 78     STA $78 = EF                    A:AA X:78 Y:0F P:81 SP:FB PPU: 93, 21 CYC:10578
> DC6E  20 04 F8  JSR $F804                       A:AA X:78 Y:0F P:81 SP:FB PPU: 93, 30 CYC:10581
> F804  18        CLC                             A:AA X:78 Y:0F P:81 SP:F9 PPU: 93, 48 CYC:10587
> F805  24 01     BIT $01 = FF                    A:AA X:78 Y:0F P:80 SP:F9 PPU: 93, 54 CYC:10589
> F807  A9 5F     LDA #$5F                        A:AA X:78 Y:0F P:C0 SP:F9 PPU: 93, 63 CYC:10592
> F809  60        RTS                             A:5F X:78 Y:0F P:40 SP:F9 PPU: 93, 69 CYC:10594
> DC71  55 00     EOR $00,X                       A:5F X:78 Y:0F P:40 SP:FB PPU: 93, 87 CYC:10600
> DC73  20 0A F8  JSR $F80A                       A:F5 X:78 Y:0F P:C0 SP:FB PPU: 93, 99 CYC:10604
> F80A  B0 09     BCS $F815                       A:F5 X:78 Y:0F P:C0 SP:F9 PPU: 93,117 CYC:10610
> F80C  10 07     BPL $F815                       A:F5 X:78 Y:0F P:C0 SP:F9 PPU: 93,123 CYC:10612
> F80E  C9 F5     CMP #$F5                        A:F5 X:78 Y:0F P:C0 SP:F9 PPU: 93,129 CYC:10614
> F810  D0 03     BNE $F815                       A:F5 X:78 Y:0F P:43 SP:F9 PPU: 93,135 CYC:10616
> F812  50 01     BVC $F815                       A:F5 X:78 Y:0F P:43 SP:F9 PPU: 93,141 CYC:10618
> F814  60        RTS                             A:F5 X:78 Y:0F P:43 SP:F9 PPU: 93,147 CYC:10620
> DC76  C8        INY                             A:F5 X:78 Y:0F P:43 SP:FB PPU: 93,165 CYC:10626
> DC77  A9 70     LDA #$70                        A:F5 X:78 Y:10 P:41 SP:FB PPU: 93,171 CYC:10628
> DC79  85 78     STA $78 = AA                    A:70 X:78 Y:10 P:41 SP:FB PPU: 93,177 CYC:10630
> DC7B  20 18 F8  JSR $F818                       A:70 X:78 Y:10 P:41 SP:FB PPU: 93,186 CYC:10633
> F818  38        SEC                             A:70 X:78 Y:10 P:41 SP:F9 PPU: 93,204 CYC:10639
> F819  B8        CLV                             A:70 X:78 Y:10 P:41 SP:F9 PPU: 93,210 CYC:10641
> F81A  A9 70     LDA #$70                        A:70 X:78 Y:10 P:01 SP:F9 PPU: 93,216 CYC:10643
> F81C  60        RTS                             A:70 X:78 Y:10 P:01 SP:F9 PPU: 93,222 CYC:10645
> DC7E  55 00     EOR $00,X                       A:70 X:78 Y:10 P:01 SP:FB PPU: 93,240 CYC:10651
> DC80  20 1D F8  JSR $F81D                       A:00 X:78 Y:10 P:03 SP:FB PPU: 93,252 CYC:10655
> F81D  D0 07     BNE $F826                       A:00 X:78 Y:10 P:03 SP:F9 PPU: 93,270 CYC:10661
> F81F  70 05     BVS $F826                       A:00 X:78 Y:10 P:03 SP:F9 PPU: 93,276 CYC:10663
> F821  90 03     BCC $F826                       A:00 X:78 Y:10 P:03 SP:F9 PPU: 93,282 CYC:10665
> F823  30 01     BMI $F826                       A:00 X:78 Y:10 P:03 SP:F9 PPU: 93,288 CYC:10667
> F825  60        RTS                             A:00 X:78 Y:10 P:03 SP:F9 PPU: 93,294 CYC:10669
> DC83  C8        INY                             A:00 X:78 Y:10 P:03 SP:FB PPU: 93,312 CYC:10675
> DC84  A9 69     LDA #$69                        A:00 X:78 Y:11 P:01 SP:FB PPU: 93,318 CYC:10677
> DC86  85 78     STA $78 = 70                    A:69 X:78 Y:11 P:01 SP:FB PPU: 93,324 CYC:10679
> DC88  20 29 F8  JSR $F829                       A:69 X:78 Y:11 P:01 SP:FB PPU: 93,333 CYC:10682
> F829  18        CLC                             A:69 X:78 Y:11 P:01 SP:F9 PPU: 94, 10 CYC:10688
> F82A  24 01     BIT $01 = FF                    A:69 X:78 Y:11 P:00 SP:F9 PPU: 94, 16 CYC:10690
> F82C  A9 00     LDA #$00                        A:69 X:78 Y:11 P:C0 SP:F9 PPU: 94, 25 CYC:10693
> F82E  60        RTS                             A:00 X:78 Y:11 P:42 SP:F9 PPU: 94, 31 CYC:10695
> DC8B  75 00     ADC $00,X                       A:00 X:78 Y:11 P:42 SP:FB PPU: 94, 49 CYC:10701
> DC8D  20 2F F8  JSR $F82F                       A:69 X:78 Y:11 P:00 SP:FB PPU: 94, 61 CYC:10705
> F82F  30 09     BMI $F83A                       A:69 X:78 Y:11 P:00 SP:F9 PPU: 94, 79 CYC:10711
> F831  B0 07     BCS $F83A                       A:69 X:78 Y:11 P:00 SP:F9 PPU: 94, 85 CYC:10713
> F833  C9 69     CMP #$69                        A:69 X:78 Y:11 P:00 SP:F9 PPU: 94, 91 CYC:10715
> F835  D0 03     BNE $F83A                       A:69 X:78 Y:11 P:03 SP:F9 PPU: 94, 97 CYC:10717
> F837  70 01     BVS $F83A                       A:69 X:78 Y:11 P:03 SP:F9 PPU: 94,103 CYC:10719
> F839  60        RTS                             A:69 X:78 Y:11 P:03 SP:F9 PPU: 94,109 CYC:10721
> DC90  C8        INY                             A:69 X:78 Y:11 P:03 SP:FB PPU: 94,127 CYC:10727
> DC91  20 3D F8  JSR $F83D                       A:69 X:78 Y:12 P:01 SP:FB PPU: 94,133 CYC:10729
> F83D  38        SEC                             A:69 X:78 Y:12 P:01 SP:F9 PPU: 94,151 CYC:10735
> F83E  24 01     BIT $01 = FF                    A:69 X:78 Y:12 P:01 SP:F9 PPU: 94,157 CYC:10737
> F840  A9 00     LDA #$00                        A:69 X:78 Y:12 P:C1 SP:F9 PPU: 94,166 CYC:10740
> F842  60        RTS                             A:00 X:78 Y:12 P:43 SP:F9 PPU: 94,172 CYC:10742
> DC94  75 00     ADC $00,X                       A:00 X:78 Y:12 P:43 SP:FB PPU: 94,190 CYC:10748
> DC96  20 43 F8  JSR $F843                       A:6A X:78 Y:12 P:00 SP:FB PPU: 94,202 CYC:10752
> F843  30 09     BMI $F84E                       A:6A X:78 Y:12 P:00 SP:F9 PPU: 94,220 CYC:10758
> F845  B0 07     BCS $F84E                       A:6A X:78 Y:12 P:00 SP:F9 PPU: 94,226 CYC:10760
> F847  C9 6A     CMP #$6A                        A:6A X:78 Y:12 P:00 SP:F9 PPU: 94,232 CYC:10762
> F849  D0 03     BNE $F84E                       A:6A X:78 Y:12 P:03 SP:F9 PPU: 94,238 CYC:10764
> F84B  70 01     BVS $F84E                       A:6A X:78 Y:12 P:03 SP:F9 PPU: 94,244 CYC:10766
> F84D  60        RTS                             A:6A X:78 Y:12 P:03 SP:F9 PPU: 94,250 CYC:10768
> DC99  C8        INY                             A:6A X:78 Y:12 P:03 SP:FB PPU: 94,268 CYC:10774
> DC9A  A9 7F     LDA #$7F                        A:6A X:78 Y:13 P:01 SP:FB PPU: 94,274 CYC:10776
> DC9C  85 78     STA $78 = 69                    A:7F X:78 Y:13 P:01 SP:FB PPU: 94,280 CYC:10778
> DC9E  20 51 F8  JSR $F851                       A:7F X:78 Y:13 P:01 SP:FB PPU: 94,289 CYC:10781
> F851  38        SEC                             A:7F X:78 Y:13 P:01 SP:F9 PPU: 94,307 CYC:10787
> F852  B8        CLV                             A:7F X:78 Y:13 P:01 SP:F9 PPU: 94,313 CYC:10789
> F853  A9 7F     LDA #$7F                        A:7F X:78 Y:13 P:01 SP:F9 PPU: 94,319 CYC:10791
> F855  60        RTS                             A:7F X:78 Y:13 P:01 SP:F9 PPU: 94,325 CYC:10793
> DCA1  75 00     ADC $00,X                       A:7F X:78 Y:13 P:01 SP:FB PPU: 95,  2 CYC:10799
> DCA3  20 56 F8  JSR $F856                       A:FF X:78 Y:13 P:C0 SP:FB PPU: 95, 14 CYC:10803
> F856  10 09     BPL $F861                       A:FF X:78 Y:13 P:C0 SP:F9 PPU: 95, 32 CYC:10809
> F858  B0 07     BCS $F861                       A:FF X:78 Y:13 P:C0 SP:F9 PPU: 95, 38 CYC:10811
> F85A  C9 FF     CMP #$FF                        A:FF X:78 Y:13 P:C0 SP:F9 PPU: 95, 44 CYC:10813
> F85C  D0 03     BNE $F861                       A:FF X:78 Y:13 P:43 SP:F9 PPU: 95, 50 CYC:10815
> F85E  50 01     BVC $F861                       A:FF X:78 Y:13 P:43 SP:F9 PPU: 95, 56 CYC:10817
> F860  60        RTS                             A:FF X:78 Y:13 P:43 SP:F9 PPU: 95, 62 CYC:10819
> DCA6  C8        INY                             A:FF X:78 Y:13 P:43 SP:FB PPU: 95, 80 CYC:10825
> DCA7  A9 80     LDA #$80                        A:FF X:78 Y:14 P:41 SP:FB PPU: 95, 86 CYC:10827
> DCA9  85 78     STA $78 = 7F                    A:80 X:78 Y:14 P:C1 SP:FB PPU: 95, 92 CYC:10829
> DCAB  20 64 F8  JSR $F864                       A:80 X:78 Y:14 P:C1 SP:FB PPU: 95,101 CYC:10832
> F864  18        CLC                             A:80 X:78 Y:14 P:C1 SP:F9 PPU: 95,119 CYC:10838
> F865  24 01     BIT $01 = FF                    A:80 X:78 Y:14 P:C0 SP:F9 PPU: 95,125 CYC:10840
> F867  A9 7F     LDA #$7F                        A:80 X:78 Y:14 P:C0 SP:F9 PPU: 95,134 CYC:10843
> F869  60        RTS                             A:7F X:78 Y:14 P:40 SP:F9 PPU: 95,140 CYC:10845
> DCAE  75 00     ADC $00,X                       A:7F X:78 Y:14 P:40 SP:FB PPU: 95,158 CYC:10851
> DCB0  20 6A F8  JSR $F86A                       A:FF X:78 Y:14 P:80 SP:FB PPU: 95,170 CYC:10855
> F86A  10 09     BPL $F875                       A:FF X:78 Y:14 P:80 SP:F9 PPU: 95,188 CYC:10861
> F86C  B0 07     BCS $F875                       A:FF X:78 Y:14 P:80 SP:F9 PPU: 95,194 CYC:10863
> F86E  C9 FF     CMP #$FF                        A:FF X:78 Y:14 P:80 SP:F9 PPU: 95,200 CYC:10865
> F870  D0 03     BNE $F875                       A:FF X:78 Y:14 P:03 SP:F9 PPU: 95,206 CYC:10867
> F872  70 01     BVS $F875                       A:FF X:78 Y:14 P:03 SP:F9 PPU: 95,212 CYC:10869
> F874  60        RTS                             A:FF X:78 Y:14 P:03 SP:F9 PPU: 95,218 CYC:10871
> DCB3  C8        INY                             A:FF X:78 Y:14 P:03 SP:FB PPU: 95,236 CYC:10877
> DCB4  20 78 F8  JSR $F878                       A:FF X:78 Y:15 P:01 SP:FB PPU: 95,242 CYC:10879
> F878  38        SEC                             A:FF X:78 Y:15 P:01 SP:F9 PPU: 95,260 CYC:10885
> F879  B8        CLV                             A:FF X:78 Y:15 P:01 SP:F9 PPU: 95,266 CYC:10887
> F87A  A9 7F     LDA #$7F                        A:FF X:78 Y:15 P:01 SP:F9 PPU: 95,272 CYC:10889
> F87C  60        RTS                             A:7F X:78 Y:15 P:01 SP:F9 PPU: 95,278 CYC:10891
> DCB7  75 00     ADC $00,X                       A:7F X:78 Y:15 P:01 SP:FB PPU: 95,296 CYC:10897
> DCB9  20 7D F8  JSR $F87D                       A:00 X:78 Y:15 P:03 SP:FB PPU: 95,308 CYC:10901
> F87D  D0 07     BNE $F886                       A:00 X:78 Y:15 P:03 SP:F9 PPU: 95,326 CYC:10907
> F87F  30 05     BMI $F886                       A:00 X:78 Y:15 P:03 SP:F9 PPU: 95,332 CYC:10909
> F881  70 03     BVS $F886                       A:00 X:78 Y:15 P:03 SP:F9 PPU: 95,338 CYC:10911
> F883  90 01     BCC $F886                       A:00 X:78 Y:15 P:03 SP:F9 PPU: 96,  3 CYC:10913
> F885  60        RTS                             A:00 X:78 Y:15 P:03 SP:F9 PPU: 96,  9 CYC:10915
> DCBC  C8        INY                             A:00 X:78 Y:15 P:03 SP:FB PPU: 96, 27 CYC:10921
> DCBD  A9 40     LDA #$40                        A:00 X:78 Y:16 P:01 SP:FB PPU: 96, 33 CYC:10923
> DCBF  85 78     STA $78 = 80                    A:40 X:78 Y:16 P:01 SP:FB PPU: 96, 39 CYC:10925
> DCC1  20 89 F8  JSR $F889                       A:40 X:78 Y:16 P:01 SP:FB PPU: 96, 48 CYC:10928
> F889  24 01     BIT $01 = FF                    A:40 X:78 Y:16 P:01 SP:F9 PPU: 96, 66 CYC:10934
> F88B  A9 40     LDA #$40                        A:40 X:78 Y:16 P:C1 SP:F9 PPU: 96, 75 CYC:10937
> F88D  60        RTS                             A:40 X:78 Y:16 P:41 SP:F9 PPU: 96, 81 CYC:10939
> DCC4  D5 00     CMP $00,X                       A:40 X:78 Y:16 P:41 SP:FB PPU: 96, 99 CYC:10945
> DCC6  20 8E F8  JSR $F88E                       A:40 X:78 Y:16 P:43 SP:FB PPU: 96,111 CYC:10949
> F88E  30 07     BMI $F897                       A:40 X:78 Y:16 P:43 SP:F9 PPU: 96,129 CYC:10955
> F890  90 05     BCC $F897                       A:40 X:78 Y:16 P:43 SP:F9 PPU: 96,135 CYC:10957
> F892  D0 03     BNE $F897                       A:40 X:78 Y:16 P:43 SP:F9 PPU: 96,141 CYC:10959
> F894  50 01     BVC $F897                       A:40 X:78 Y:16 P:43 SP:F9 PPU: 96,147 CYC:10961
> F896  60        RTS                             A:40 X:78 Y:16 P:43 SP:F9 PPU: 96,153 CYC:10963
> DCC9  C8        INY                             A:40 X:78 Y:16 P:43 SP:FB PPU: 96,171 CYC:10969
> DCCA  48        PHA                             A:40 X:78 Y:17 P:41 SP:FB PPU: 96,177 CYC:10971
> DCCB  A9 3F     LDA #$3F                        A:40 X:78 Y:17 P:41 SP:FA PPU: 96,186 CYC:10974
> DCCD  85 78     STA $78 = 40                    A:3F X:78 Y:17 P:41 SP:FA PPU: 96,192 CYC:10976
> DCCF  68        PLA                             A:3F X:78 Y:17 P:41 SP:FA PPU: 96,201 CYC:10979
> DCD0  20 9A F8  JSR $F89A                       A:40 X:78 Y:17 P:41 SP:FB PPU: 96,213 CYC:10983
> F89A  B8        CLV                             A:40 X:78 Y:17 P:41 SP:F9 PPU: 96,231 CYC:10989
> F89B  60        RTS                             A:40 X:78 Y:17 P:01 SP:F9 PPU: 96,237 CYC:10991
> DCD3  D5 00     CMP $00,X                       A:40 X:78 Y:17 P:01 SP:FB PPU: 96,255 CYC:10997
> DCD5  20 9C F8  JSR $F89C                       A:40 X:78 Y:17 P:01 SP:FB PPU: 96,267 CYC:11001
> F89C  F0 07     BEQ $F8A5                       A:40 X:78 Y:17 P:01 SP:F9 PPU: 96,285 CYC:11007
> F89E  30 05     BMI $F8A5                       A:40 X:78 Y:17 P:01 SP:F9 PPU: 96,291 CYC:11009
> F8A0  90 03     BCC $F8A5                       A:40 X:78 Y:17 P:01 SP:F9 PPU: 96,297 CYC:11011
> F8A2  70 01     BVS $F8A5                       A:40 X:78 Y:17 P:01 SP:F9 PPU: 96,303 CYC:11013
> F8A4  60        RTS                             A:40 X:78 Y:17 P:01 SP:F9 PPU: 96,309 CYC:11015
> DCD8  C8        INY                             A:40 X:78 Y:17 P:01 SP:FB PPU: 96,327 CYC:11021
> DCD9  48        PHA                             A:40 X:78 Y:18 P:01 SP:FB PPU: 96,333 CYC:11023
> DCDA  A9 41     LDA #$41                        A:40 X:78 Y:18 P:01 SP:FA PPU: 97,  1 CYC:11026
> DCDC  85 78     STA $78 = 3F                    A:41 X:78 Y:18 P:01 SP:FA PPU: 97,  7 CYC:11028
> DCDE  68        PLA                             A:41 X:78 Y:18 P:01 SP:FA PPU: 97, 16 CYC:11031
> DCDF  D5 00     CMP $00,X                       A:40 X:78 Y:18 P:01 SP:FB PPU: 97, 28 CYC:11035
> DCE1  20 A8 F8  JSR $F8A8                       A:40 X:78 Y:18 P:80 SP:FB PPU: 97, 40 CYC:11039
> F8A8  F0 05     BEQ $F8AF                       A:40 X:78 Y:18 P:80 SP:F9 PPU: 97, 58 CYC:11045
> F8AA  10 03     BPL $F8AF                       A:40 X:78 Y:18 P:80 SP:F9 PPU: 97, 64 CYC:11047
> F8AC  10 01     BPL $F8AF                       A:40 X:78 Y:18 P:80 SP:F9 PPU: 97, 70 CYC:11049
> F8AE  60        RTS                             A:40 X:78 Y:18 P:80 SP:F9 PPU: 97, 76 CYC:11051
> DCE4  C8        INY                             A:40 X:78 Y:18 P:80 SP:FB PPU: 97, 94 CYC:11057
> DCE5  48        PHA                             A:40 X:78 Y:19 P:00 SP:FB PPU: 97,100 CYC:11059
> DCE6  A9 00     LDA #$00                        A:40 X:78 Y:19 P:00 SP:FA PPU: 97,109 CYC:11062
> DCE8  85 78     STA $78 = 41                    A:00 X:78 Y:19 P:02 SP:FA PPU: 97,115 CYC:11064
> DCEA  68        PLA                             A:00 X:78 Y:19 P:02 SP:FA PPU: 97,124 CYC:11067
> DCEB  20 B2 F8  JSR $F8B2                       A:40 X:78 Y:19 P:00 SP:FB PPU: 97,136 CYC:11071
> F8B2  A9 80     LDA #$80                        A:40 X:78 Y:19 P:00 SP:F9 PPU: 97,154 CYC:11077
> F8B4  60        RTS                             A:80 X:78 Y:19 P:80 SP:F9 PPU: 97,160 CYC:11079
> DCEE  D5 00     CMP $00,X                       A:80 X:78 Y:19 P:80 SP:FB PPU: 97,178 CYC:11085
> DCF0  20 B5 F8  JSR $F8B5                       A:80 X:78 Y:19 P:81 SP:FB PPU: 97,190 CYC:11089
> F8B5  F0 05     BEQ $F8BC                       A:80 X:78 Y:19 P:81 SP:F9 PPU: 97,208 CYC:11095
> F8B7  10 03     BPL $F8BC                       A:80 X:78 Y:19 P:81 SP:F9 PPU: 97,214 CYC:11097
> F8B9  90 01     BCC $F8BC                       A:80 X:78 Y:19 P:81 SP:F9 PPU: 97,220 CYC:11099
> F8BB  60        RTS                             A:80 X:78 Y:19 P:81 SP:F9 PPU: 97,226 CYC:11101
> DCF3  C8        INY                             A:80 X:78 Y:19 P:81 SP:FB PPU: 97,244 CYC:11107
> DCF4  48        PHA                             A:80 X:78 Y:1A P:01 SP:FB PPU: 97,250 CYC:11109
> DCF5  A9 80     LDA #$80                        A:80 X:78 Y:1A P:01 SP:FA PPU: 97,259 CYC:11112
> DCF7  85 78     STA $78 = 00                    A:80 X:78 Y:1A P:81 SP:FA PPU: 97,265 CYC:11114
> DCF9  68        PLA                             A:80 X:78 Y:1A P:81 SP:FA PPU: 97,274 CYC:11117
> DCFA  D5 00     CMP $00,X                       A:80 X:78 Y:1A P:81 SP:FB PPU: 97,286 CYC:11121
> DCFC  20 BF F8  JSR $F8BF                       A:80 X:78 Y:1A P:03 SP:FB PPU: 97,298 CYC:11125
> F8BF  D0 05     BNE $F8C6                       A:80 X:78 Y:1A P:03 SP:F9 PPU: 97,316 CYC:11131
> F8C1  30 03     BMI $F8C6                       A:80 X:78 Y:1A P:03 SP:F9 PPU: 97,322 CYC:11133
> F8C3  90 01     BCC $F8C6                       A:80 X:78 Y:1A P:03 SP:F9 PPU: 97,328 CYC:11135
> F8C5  60        RTS                             A:80 X:78 Y:1A P:03 SP:F9 PPU: 97,334 CYC:11137
> DCFF  C8        INY                             A:80 X:78 Y:1A P:03 SP:FB PPU: 98, 11 CYC:11143
> DD00  48        PHA                             A:80 X:78 Y:1B P:01 SP:FB PPU: 98, 17 CYC:11145
> DD01  A9 81     LDA #$81                        A:80 X:78 Y:1B P:01 SP:FA PPU: 98, 26 CYC:11148
> DD03  85 78     STA $78 = 80                    A:81 X:78 Y:1B P:81 SP:FA PPU: 98, 32 CYC:11150
> DD05  68        PLA                             A:81 X:78 Y:1B P:81 SP:FA PPU: 98, 41 CYC:11153
> DD06  D5 00     CMP $00,X                       A:80 X:78 Y:1B P:81 SP:FB PPU: 98, 53 CYC:11157
> DD08  20 C9 F8  JSR $F8C9                       A:80 X:78 Y:1B P:80 SP:FB PPU: 98, 65 CYC:11161
> F8C9  B0 05     BCS $F8D0                       A:80 X:78 Y:1B P:80 SP:F9 PPU: 98, 83 CYC:11167
> F8CB  F0 03     BEQ $F8D0                       A:80 X:78 Y:1B P:80 SP:F9 PPU: 98, 89 CYC:11169
> F8CD  10 01     BPL $F8D0                       A:80 X:78 Y:1B P:80 SP:F9 PPU: 98, 95 CYC:11171
> F8CF  60        RTS                             A:80 X:78 Y:1B P:80 SP:F9 PPU: 98,101 CYC:11173
> DD0B  C8        INY                             A:80 X:78 Y:1B P:80 SP:FB PPU: 98,119 CYC:11179
> DD0C  48        PHA                             A:80 X:78 Y:1C P:00 SP:FB PPU: 98,125 CYC:11181
> DD0D  A9 7F     LDA #$7F                        A:80 X:78 Y:1C P:00 SP:FA PPU: 98,134 CYC:11184
> DD0F  85 78     STA $78 = 81                    A:7F X:78 Y:1C P:00 SP:FA PPU: 98,140 CYC:11186
> DD11  68        PLA                             A:7F X:78 Y:1C P:00 SP:FA PPU: 98,149 CYC:11189
> DD12  D5 00     CMP $00,X                       A:80 X:78 Y:1C P:80 SP:FB PPU: 98,161 CYC:11193
> DD14  20 D3 F8  JSR $F8D3                       A:80 X:78 Y:1C P:01 SP:FB PPU: 98,173 CYC:11197
> F8D3  90 05     BCC $F8DA                       A:80 X:78 Y:1C P:01 SP:F9 PPU: 98,191 CYC:11203
> F8D5  F0 03     BEQ $F8DA                       A:80 X:78 Y:1C P:01 SP:F9 PPU: 98,197 CYC:11205
> F8D7  30 01     BMI $F8DA                       A:80 X:78 Y:1C P:01 SP:F9 PPU: 98,203 CYC:11207
> F8D9  60        RTS                             A:80 X:78 Y:1C P:01 SP:F9 PPU: 98,209 CYC:11209
> DD17  C8        INY                             A:80 X:78 Y:1C P:01 SP:FB PPU: 98,227 CYC:11215
> DD18  A9 40     LDA #$40                        A:80 X:78 Y:1D P:01 SP:FB PPU: 98,233 CYC:11217
> DD1A  85 78     STA $78 = 7F                    A:40 X:78 Y:1D P:01 SP:FB PPU: 98,239 CYC:11219
> DD1C  20 31 F9  JSR $F931                       A:40 X:78 Y:1D P:01 SP:FB PPU: 98,248 CYC:11222
> F931  24 01     BIT $01 = FF                    A:40 X:78 Y:1D P:01 SP:F9 PPU: 98,266 CYC:11228
> F933  A9 40     LDA #$40                        A:40 X:78 Y:1D P:C1 SP:F9 PPU: 98,275 CYC:11231
> F935  38        SEC                             A:40 X:78 Y:1D P:41 SP:F9 PPU: 98,281 CYC:11233
> F936  60        RTS                             A:40 X:78 Y:1D P:41 SP:F9 PPU: 98,287 CYC:11235
> DD1F  F5 00     SBC $00,X                       A:40 X:78 Y:1D P:41 SP:FB PPU: 98,305 CYC:11241
> DD21  20 37 F9  JSR $F937                       A:00 X:78 Y:1D P:03 SP:FB PPU: 98,317 CYC:11245
> F937  30 0B     BMI $F944                       A:00 X:78 Y:1D P:03 SP:F9 PPU: 98,335 CYC:11251
> F939  90 09     BCC $F944                       A:00 X:78 Y:1D P:03 SP:F9 PPU: 99,  0 CYC:11253
> F93B  D0 07     BNE $F944                       A:00 X:78 Y:1D P:03 SP:F9 PPU: 99,  6 CYC:11255
> F93D  70 05     BVS $F944                       A:00 X:78 Y:1D P:03 SP:F9 PPU: 99, 12 CYC:11257
> F93F  C9 00     CMP #$00                        A:00 X:78 Y:1D P:03 SP:F9 PPU: 99, 18 CYC:11259
> F941  D0 01     BNE $F944                       A:00 X:78 Y:1D P:03 SP:F9 PPU: 99, 24 CYC:11261
> F943  60        RTS                             A:00 X:78 Y:1D P:03 SP:F9 PPU: 99, 30 CYC:11263
> DD24  C8        INY                             A:00 X:78 Y:1D P:03 SP:FB PPU: 99, 48 CYC:11269
> DD25  A9 3F     LDA #$3F                        A:00 X:78 Y:1E P:01 SP:FB PPU: 99, 54 CYC:11271
> DD27  85 78     STA $78 = 40                    A:3F X:78 Y:1E P:01 SP:FB PPU: 99, 60 CYC:11273
> DD29  20 47 F9  JSR $F947                       A:3F X:78 Y:1E P:01 SP:FB PPU: 99, 69 CYC:11276
> F947  B8        CLV                             A:3F X:78 Y:1E P:01 SP:F9 PPU: 99, 87 CYC:11282
> F948  38        SEC                             A:3F X:78 Y:1E P:01 SP:F9 PPU: 99, 93 CYC:11284
> F949  A9 40     LDA #$40                        A:3F X:78 Y:1E P:01 SP:F9 PPU: 99, 99 CYC:11286
> F94B  60        RTS                             A:40 X:78 Y:1E P:01 SP:F9 PPU: 99,105 CYC:11288
> DD2C  F5 00     SBC $00,X                       A:40 X:78 Y:1E P:01 SP:FB PPU: 99,123 CYC:11294
> DD2E  20 4C F9  JSR $F94C                       A:01 X:78 Y:1E P:01 SP:FB PPU: 99,135 CYC:11298
> F94C  F0 0B     BEQ $F959                       A:01 X:78 Y:1E P:01 SP:F9 PPU: 99,153 CYC:11304
> F94E  30 09     BMI $F959                       A:01 X:78 Y:1E P:01 SP:F9 PPU: 99,159 CYC:11306
> F950  90 07     BCC $F959                       A:01 X:78 Y:1E P:01 SP:F9 PPU: 99,165 CYC:11308
> F952  70 05     BVS $F959                       A:01 X:78 Y:1E P:01 SP:F9 PPU: 99,171 CYC:11310
> F954  C9 01     CMP #$01                        A:01 X:78 Y:1E P:01 SP:F9 PPU: 99,177 CYC:11312
> F956  D0 01     BNE $F959                       A:01 X:78 Y:1E P:03 SP:F9 PPU: 99,183 CYC:11314
> F958  60        RTS                             A:01 X:78 Y:1E P:03 SP:F9 PPU: 99,189 CYC:11316
> DD31  C8        INY                             A:01 X:78 Y:1E P:03 SP:FB PPU: 99,207 CYC:11322
> DD32  A9 41     LDA #$41                        A:01 X:78 Y:1F P:01 SP:FB PPU: 99,213 CYC:11324
> DD34  85 78     STA $78 = 3F                    A:41 X:78 Y:1F P:01 SP:FB PPU: 99,219 CYC:11326
> DD36  20 5C F9  JSR $F95C                       A:41 X:78 Y:1F P:01 SP:FB PPU: 99,228 CYC:11329
> F95C  A9 40     LDA #$40                        A:41 X:78 Y:1F P:01 SP:F9 PPU: 99,246 CYC:11335
> F95E  38        SEC                             A:40 X:78 Y:1F P:01 SP:F9 PPU: 99,252 CYC:11337
> F95F  24 01     BIT $01 = FF                    A:40 X:78 Y:1F P:01 SP:F9 PPU: 99,258 CYC:11339
> F961  60        RTS                             A:40 X:78 Y:1F P:C1 SP:F9 PPU: 99,267 CYC:11342
> DD39  F5 00     SBC $00,X                       A:40 X:78 Y:1F P:C1 SP:FB PPU: 99,285 CYC:11348
> DD3B  20 62 F9  JSR $F962                       A:FF X:78 Y:1F P:80 SP:FB PPU: 99,297 CYC:11352
> F962  B0 0B     BCS $F96F                       A:FF X:78 Y:1F P:80 SP:F9 PPU: 99,315 CYC:11358
> F964  F0 09     BEQ $F96F                       A:FF X:78 Y:1F P:80 SP:F9 PPU: 99,321 CYC:11360
> F966  10 07     BPL $F96F                       A:FF X:78 Y:1F P:80 SP:F9 PPU: 99,327 CYC:11362
> F968  70 05     BVS $F96F                       A:FF X:78 Y:1F P:80 SP:F9 PPU: 99,333 CYC:11364
> F96A  C9 FF     CMP #$FF                        A:FF X:78 Y:1F P:80 SP:F9 PPU: 99,339 CYC:11366
> F96C  D0 01     BNE $F96F                       A:FF X:78 Y:1F P:03 SP:F9 PPU:100,  4 CYC:11368
> F96E  60        RTS                             A:FF X:78 Y:1F P:03 SP:F9 PPU:100, 10 CYC:11370
> DD3E  C8        INY                             A:FF X:78 Y:1F P:03 SP:FB PPU:100, 28 CYC:11376
> DD3F  A9 00     LDA #$00                        A:FF X:78 Y:20 P:01 SP:FB PPU:100, 34 CYC:11378
> DD41  85 78     STA $78 = 41                    A:00 X:78 Y:20 P:03 SP:FB PPU:100, 40 CYC:11380
> DD43  20 72 F9  JSR $F972                       A:00 X:78 Y:20 P:03 SP:FB PPU:100, 49 CYC:11383
> F972  18        CLC                             A:00 X:78 Y:20 P:03 SP:F9 PPU:100, 67 CYC:11389
> F973  A9 80     LDA #$80                        A:00 X:78 Y:20 P:02 SP:F9 PPU:100, 73 CYC:11391
> F975  60        RTS                             A:80 X:78 Y:20 P:80 SP:F9 PPU:100, 79 CYC:11393
> DD46  F5 00     SBC $00,X                       A:80 X:78 Y:20 P:80 SP:FB PPU:100, 97 CYC:11399
> DD48  20 76 F9  JSR $F976                       A:7F X:78 Y:20 P:41 SP:FB PPU:100,109 CYC:11403
> F976  90 05     BCC $F97D                       A:7F X:78 Y:20 P:41 SP:F9 PPU:100,127 CYC:11409
> F978  C9 7F     CMP #$7F                        A:7F X:78 Y:20 P:41 SP:F9 PPU:100,133 CYC:11411
> F97A  D0 01     BNE $F97D                       A:7F X:78 Y:20 P:43 SP:F9 PPU:100,139 CYC:11413
> F97C  60        RTS                             A:7F X:78 Y:20 P:43 SP:F9 PPU:100,145 CYC:11415
> DD4B  C8        INY                             A:7F X:78 Y:20 P:43 SP:FB PPU:100,163 CYC:11421
> DD4C  A9 7F     LDA #$7F                        A:7F X:78 Y:21 P:41 SP:FB PPU:100,169 CYC:11423
> DD4E  85 78     STA $78 = 00                    A:7F X:78 Y:21 P:41 SP:FB PPU:100,175 CYC:11425
> DD50  20 80 F9  JSR $F980                       A:7F X:78 Y:21 P:41 SP:FB PPU:100,184 CYC:11428
> F980  38        SEC                             A:7F X:78 Y:21 P:41 SP:F9 PPU:100,202 CYC:11434
> F981  A9 81     LDA #$81                        A:7F X:78 Y:21 P:41 SP:F9 PPU:100,208 CYC:11436
> F983  60        RTS                             A:81 X:78 Y:21 P:C1 SP:F9 PPU:100,214 CYC:11438
> DD53  F5 00     SBC $00,X                       A:81 X:78 Y:21 P:C1 SP:FB PPU:100,232 CYC:11444
> DD55  20 84 F9  JSR $F984                       A:02 X:78 Y:21 P:41 SP:FB PPU:100,244 CYC:11448
> F984  50 07     BVC $F98D                       A:02 X:78 Y:21 P:41 SP:F9 PPU:100,262 CYC:11454
> F986  90 05     BCC $F98D                       A:02 X:78 Y:21 P:41 SP:F9 PPU:100,268 CYC:11456
> F988  C9 02     CMP #$02                        A:02 X:78 Y:21 P:41 SP:F9 PPU:100,274 CYC:11458
> F98A  D0 01     BNE $F98D                       A:02 X:78 Y:21 P:43 SP:F9 PPU:100,280 CYC:11460
> F98C  60        RTS                             A:02 X:78 Y:21 P:43 SP:F9 PPU:100,286 CYC:11462
> DD58  A9 AA     LDA #$AA                        A:02 X:78 Y:21 P:43 SP:FB PPU:100,304 CYC:11468
> DD5A  85 33     STA $33 = AA                    A:AA X:78 Y:21 P:C1 SP:FB PPU:100,310 CYC:11470
> DD5C  A9 BB     LDA #$BB                        A:AA X:78 Y:21 P:C1 SP:FB PPU:100,319 CYC:11473
> DD5E  85 89     STA $89 = BB                    A:BB X:78 Y:21 P:C1 SP:FB PPU:100,325 CYC:11475
> DD60  A2 00     LDX #$00                        A:BB X:78 Y:21 P:C1 SP:FB PPU:100,334 CYC:11478
> DD62  A0 66     LDY #$66                        A:BB X:00 Y:21 P:43 SP:FB PPU:100,340 CYC:11480
> DD64  24 01     BIT $01 = FF                    A:BB X:00 Y:66 P:41 SP:FB PPU:101,  5 CYC:11482
> DD66  38        SEC                             A:BB X:00 Y:66 P:C1 SP:FB PPU:101, 14 CYC:11485
> DD67  A9 00     LDA #$00                        A:BB X:00 Y:66 P:C1 SP:FB PPU:101, 20 CYC:11487
> DD69  B5 33     LDA $33,X                       A:00 X:00 Y:66 P:43 SP:FB PPU:101, 26 CYC:11489
> DD6B  10 12     BPL $DD7F                       A:AA X:00 Y:66 P:C1 SP:FB PPU:101, 38 CYC:11493
> DD6D  F0 10     BEQ $DD7F                       A:AA X:00 Y:66 P:C1 SP:FB PPU:101, 44 CYC:11495
> DD6F  50 0E     BVC $DD7F                       A:AA X:00 Y:66 P:C1 SP:FB PPU:101, 50 CYC:11497
> DD71  90 0C     BCC $DD7F                       A:AA X:00 Y:66 P:C1 SP:FB PPU:101, 56 CYC:11499
> DD73  C0 66     CPY #$66                        A:AA X:00 Y:66 P:C1 SP:FB PPU:101, 62 CYC:11501
> DD75  D0 08     BNE $DD7F                       A:AA X:00 Y:66 P:43 SP:FB PPU:101, 68 CYC:11503
> DD77  E0 00     CPX #$00                        A:AA X:00 Y:66 P:43 SP:FB PPU:101, 74 CYC:11505
> DD79  D0 04     BNE $DD7F                       A:AA X:00 Y:66 P:43 SP:FB PPU:101, 80 CYC:11507
> DD7B  C9 AA     CMP #$AA                        A:AA X:00 Y:66 P:43 SP:FB PPU:101, 86 CYC:11509
> DD7D  F0 04     BEQ $DD83                       A:AA X:00 Y:66 P:43 SP:FB PPU:101, 92 CYC:11511
> DD83  A2 8A     LDX #$8A                        A:AA X:00 Y:66 P:43 SP:FB PPU:101,101 CYC:11514
> DD85  A0 66     LDY #$66                        A:AA X:8A Y:66 P:C1 SP:FB PPU:101,107 CYC:11516
> DD87  B8        CLV                             A:AA X:8A Y:66 P:41 SP:FB PPU:101,113 CYC:11518
> DD88  18        CLC                             A:AA X:8A Y:66 P:01 SP:FB PPU:101,119 CYC:11520
> DD89  A9 00     LDA #$00                        A:AA X:8A Y:66 P:00 SP:FB PPU:101,125 CYC:11522
> DD8B  B5 FF     LDA $FF,X                       A:00 X:8A Y:66 P:02 SP:FB PPU:101,131 CYC:11524
> DD8D  10 12     BPL $DDA1                       A:BB X:8A Y:66 P:80 SP:FB PPU:101,143 CYC:11528
> DD8F  F0 10     BEQ $DDA1                       A:BB X:8A Y:66 P:80 SP:FB PPU:101,149 CYC:11530
> DD91  70 0E     BVS $DDA1                       A:BB X:8A Y:66 P:80 SP:FB PPU:101,155 CYC:11532
> DD93  B0 0C     BCS $DDA1                       A:BB X:8A Y:66 P:80 SP:FB PPU:101,161 CYC:11534
> DD95  C9 BB     CMP #$BB                        A:BB X:8A Y:66 P:80 SP:FB PPU:101,167 CYC:11536
> DD97  D0 08     BNE $DDA1                       A:BB X:8A Y:66 P:03 SP:FB PPU:101,173 CYC:11538
> DD99  C0 66     CPY #$66                        A:BB X:8A Y:66 P:03 SP:FB PPU:101,179 CYC:11540
> DD9B  D0 04     BNE $DDA1                       A:BB X:8A Y:66 P:03 SP:FB PPU:101,185 CYC:11542
> DD9D  E0 8A     CPX #$8A                        A:BB X:8A Y:66 P:03 SP:FB PPU:101,191 CYC:11544
> DD9F  F0 04     BEQ $DDA5                       A:BB X:8A Y:66 P:03 SP:FB PPU:101,197 CYC:11546
> DDA5  24 01     BIT $01 = FF                    A:BB X:8A Y:66 P:03 SP:FB PPU:101,206 CYC:11549
> DDA7  38        SEC                             A:BB X:8A Y:66 P:C1 SP:FB PPU:101,215 CYC:11552
> DDA8  A9 44     LDA #$44                        A:BB X:8A Y:66 P:C1 SP:FB PPU:101,221 CYC:11554
> DDAA  A2 00     LDX #$00                        A:44 X:8A Y:66 P:41 SP:FB PPU:101,227 CYC:11556
> DDAC  95 33     STA $33,X                       A:44 X:00 Y:66 P:43 SP:FB PPU:101,233 CYC:11558
> DDAE  A5 33     LDA $33                         A:44 X:00 Y:66 P:43 SP:FB PPU:101,245 CYC:11562
> DDB0  90 18     BCC $DDCA                       A:44 X:00 Y:66 P:41 SP:FB PPU:101,254 CYC:11565
> DDB2  C9 44     CMP #$44                        A:44 X:00 Y:66 P:41 SP:FB PPU:101,260 CYC:11567
> DDB4  D0 14     BNE $DDCA                       A:44 X:00 Y:66 P:43 SP:FB PPU:101,266 CYC:11569
> DDB6  50 12     BVC $DDCA                       A:44 X:00 Y:66 P:43 SP:FB PPU:101,272 CYC:11571
> DDB8  18        CLC                             A:44 X:00 Y:66 P:43 SP:FB PPU:101,278 CYC:11573
> DDB9  B8        CLV                             A:44 X:00 Y:66 P:42 SP:FB PPU:101,284 CYC:11575
> DDBA  A9 99     LDA #$99                        A:44 X:00 Y:66 P:02 SP:FB PPU:101,290 CYC:11577
> DDBC  A2 80     LDX #$80                        A:99 X:00 Y:66 P:80 SP:FB PPU:101,296 CYC:11579
> DDBE  95 85     STA $85,X                       A:99 X:80 Y:66 P:80 SP:FB PPU:101,302 CYC:11581
> DDC0  A5 05     LDA $05                         A:99 X:80 Y:66 P:80 SP:FB PPU:101,314 CYC:11585
> DDC2  B0 06     BCS $DDCA                       A:99 X:80 Y:66 P:80 SP:FB PPU:101,323 CYC:11588
> DDC4  C9 99     CMP #$99                        A:99 X:80 Y:66 P:80 SP:FB PPU:101,329 CYC:11590
> DDC6  D0 02     BNE $DDCA                       A:99 X:80 Y:66 P:03 SP:FB PPU:101,335 CYC:11592
> DDC8  50 04     BVC $DDCE                       A:99 X:80 Y:66 P:03 SP:FB PPU:102,  0 CYC:11594
> DDCE  A0 25     LDY #$25                        A:99 X:80 Y:66 P:03 SP:FB PPU:102,  9 CYC:11597
> DDD0  A2 78     LDX #$78                        A:99 X:80 Y:25 P:01 SP:FB PPU:102, 15 CYC:11599
> DDD2  20 90 F9  JSR $F990                       A:99 X:78 Y:25 P:01 SP:FB PPU:102, 21 CYC:11601
> F990  A2 55     LDX #$55                        A:99 X:78 Y:25 P:01 SP:F9 PPU:102, 39 CYC:11607
> F992  A9 FF     LDA #$FF                        A:99 X:55 Y:25 P:01 SP:F9 PPU:102, 45 CYC:11609
> F994  85 01     STA $01 = FF                    A:FF X:55 Y:25 P:81 SP:F9 PPU:102, 51 CYC:11611
> F996  EA        NOP                             A:FF X:55 Y:25 P:81 SP:F9 PPU:102, 60 CYC:11614
> F997  24 01     BIT $01 = FF                    A:FF X:55 Y:25 P:81 SP:F9 PPU:102, 66 CYC:11616
> F999  38        SEC                             A:FF X:55 Y:25 P:C1 SP:F9 PPU:102, 75 CYC:11619
> F99A  A9 01     LDA #$01                        A:FF X:55 Y:25 P:C1 SP:F9 PPU:102, 81 CYC:11621
> F99C  60        RTS                             A:01 X:55 Y:25 P:41 SP:F9 PPU:102, 87 CYC:11623
> DDD5  95 00     STA $00,X                       A:01 X:55 Y:25 P:41 SP:FB PPU:102,105 CYC:11629
> DDD7  56 00     LSR $00,X                       A:01 X:55 Y:25 P:41 SP:FB PPU:102,117 CYC:11633
> DDD9  B5 00     LDA $00,X                       A:01 X:55 Y:25 P:43 SP:FB PPU:102,129 CYC:11637
> DDDB  20 9D F9  JSR $F99D                       A:01 X:55 Y:25 P:41 SP:FB PPU:102,141 CYC:11641
> F99D  90 1B     BCC $F9BA                       A:01 X:55 Y:25 P:41 SP:F9 PPU:102,159 CYC:11647
> F99F  D0 19     BNE $F9BA                       A:01 X:55 Y:25 P:41 SP:F9 PPU:102,165 CYC:11649
> F9BA  84 00     STY $00 = 0A                    A:01 X:55 Y:25 P:41 SP:F9 PPU:102,174 CYC:11652
> F9BC  60        RTS                             A:01 X:55 Y:25 P:41 SP:F9 PPU:102,183 CYC:11655
> DDDE  C8        INY                             A:01 X:55 Y:25 P:41 SP:FB PPU:102,201 CYC:11661
> DDDF  95 00     STA $00,X                       A:01 X:55 Y:26 P:41 SP:FB PPU:102,207 CYC:11663
> DDE1  56 00     LSR $00,X                       A:01 X:55 Y:26 P:41 SP:FB PPU:102,219 CYC:11667
> DDE3  B5 00     LDA $00,X                       A:01 X:55 Y:26 P:43 SP:FB PPU:102,231 CYC:11671
> DDE5  20 AD F9  JSR $F9AD                       A:01 X:55 Y:26 P:41 SP:FB PPU:102,243 CYC:11675
> F9AD  B0 0B     BCS $F9BA                       A:01 X:55 Y:26 P:41 SP:F9 PPU:102,261 CYC:11681
> F9BA  84 00     STY $00 = 25                    A:01 X:55 Y:26 P:41 SP:F9 PPU:102,270 CYC:11684
> F9BC  60        RTS                             A:01 X:55 Y:26 P:41 SP:F9 PPU:102,279 CYC:11687
> DDE8  C8        INY                             A:01 X:55 Y:26 P:41 SP:FB PPU:102,297 CYC:11693
> DDE9  20 BD F9  JSR $F9BD                       A:01 X:55 Y:27 P:41 SP:FB PPU:102,303 CYC:11695
> F9BD  24 01     BIT $01 = FF                    A:01 X:55 Y:27 P:41 SP:F9 PPU:102,321 CYC:11701
> F9BF  38        SEC                             A:01 X:55 Y:27 P:C1 SP:F9 PPU:102,330 CYC:11704
> F9C0  A9 80     LDA #$80                        A:01 X:55 Y:27 P:C1 SP:F9 PPU:102,336 CYC:11706
> F9C2  60        RTS                             A:80 X:55 Y:27 P:C1 SP:F9 PPU:103,  1 CYC:11708
> DDEC  95 00     STA $00,X                       A:80 X:55 Y:27 P:C1 SP:FB PPU:103, 19 CYC:11714
> DDEE  16 00     ASL $00,X                       A:80 X:55 Y:27 P:C1 SP:FB PPU:103, 31 CYC:11718
> DDF0  B5 00     LDA $00,X                       A:80 X:55 Y:27 P:C1 SP:FB PPU:103, 43 CYC:11722
> DDF2  20 C3 F9  JSR $F9C3                       A:80 X:55 Y:27 P:C1 SP:FB PPU:103, 55 CYC:11726
> F9C3  90 1C     BCC $F9E1                       A:80 X:55 Y:27 P:C1 SP:F9 PPU:103, 73 CYC:11732
> F9C5  D0 1A     BNE $F9E1                       A:80 X:55 Y:27 P:C1 SP:F9 PPU:103, 79 CYC:11734
> F9E1  84 00     STY $00 = 26                    A:80 X:55 Y:27 P:C1 SP:F9 PPU:103, 88 CYC:11737
> F9E3  60        RTS                             A:80 X:55 Y:27 P:C1 SP:F9 PPU:103, 97 CYC:11740
> DDF5  C8        INY                             A:80 X:55 Y:27 P:C1 SP:FB PPU:103,115 CYC:11746
> DDF6  95 00     STA $00,X                       A:80 X:55 Y:28 P:41 SP:FB PPU:103,121 CYC:11748
> DDF8  16 00     ASL $00,X                       A:80 X:55 Y:28 P:41 SP:FB PPU:103,133 CYC:11752
> DDFA  B5 00     LDA $00,X                       A:80 X:55 Y:28 P:41 SP:FB PPU:103,145 CYC:11756
> DDFC  20 D4 F9  JSR $F9D4                       A:80 X:55 Y:28 P:C1 SP:FB PPU:103,157 CYC:11760
> F9D4  B0 0B     BCS $F9E1                       A:80 X:55 Y:28 P:C1 SP:F9 PPU:103,175 CYC:11766
> F9E1  84 00     STY $00 = 27                    A:80 X:55 Y:28 P:C1 SP:F9 PPU:103,184 CYC:11769
> F9E3  60        RTS                             A:80 X:55 Y:28 P:C1 SP:F9 PPU:103,193 CYC:11772
> DDFF  C8        INY                             A:80 X:55 Y:28 P:C1 SP:FB PPU:103,211 CYC:11778
> DE00  20 E4 F9  JSR $F9E4                       A:80 X:55 Y:29 P:41 SP:FB PPU:103,217 CYC:11780
> F9E4  24 01     BIT $01 = FF                    A:80 X:55 Y:29 P:41 SP:F9 PPU:103,235 CYC:11786
> F9E6  38        SEC                             A:80 X:55 Y:29 P:C1 SP:F9 PPU:103,244 CYC:11789
> F9E7  A9 01     LDA #$01                        A:80 X:55 Y:29 P:C1 SP:F9 PPU:103,250 CYC:11791
> F9E9  60        RTS                             A:01 X:55 Y:29 P:41 SP:F9 PPU:103,256 CYC:11793
> DE03  95 00     STA $00,X                       A:01 X:55 Y:29 P:41 SP:FB PPU:103,274 CYC:11799
> DE05  76 00     ROR $00,X                       A:01 X:55 Y:29 P:41 SP:FB PPU:103,286 CYC:11803
> DE07  B5 00     LDA $00,X                       A:01 X:55 Y:29 P:C1 SP:FB PPU:103,298 CYC:11807
> DE09  20 EA F9  JSR $F9EA                       A:01 X:55 Y:29 P:41 SP:FB PPU:103,310 CYC:11811
> F9EA  90 1C     BCC $FA08                       A:01 X:55 Y:29 P:41 SP:F9 PPU:103,328 CYC:11817
> F9EC  F0 1A     BEQ $FA08                       A:01 X:55 Y:29 P:41 SP:F9 PPU:103,334 CYC:11819
> F9EE  10 18     BPL $FA08                       A:01 X:55 Y:29 P:41 SP:F9 PPU:103,340 CYC:11821
> FA08  84 00     STY $00 = 28                    A:01 X:55 Y:29 P:41 SP:F9 PPU:104, 11 CYC:11825
> FA0A  24 01     BIT $01 = FF                    A:01 X:55 Y:29 P:41 SP:F9 PPU:104, 20 CYC:11828
> FA0C  38        SEC                             A:01 X:55 Y:29 P:C1 SP:F9 PPU:104, 29 CYC:11831
> FA0D  A9 80     LDA #$80                        A:01 X:55 Y:29 P:C1 SP:F9 PPU:104, 35 CYC:11833
> FA0F  60        RTS                             A:80 X:55 Y:29 P:C1 SP:F9 PPU:104, 41 CYC:11835
> DE0C  C8        INY                             A:80 X:55 Y:29 P:C1 SP:FB PPU:104, 59 CYC:11841
> DE0D  95 00     STA $00,X                       A:80 X:55 Y:2A P:41 SP:FB PPU:104, 65 CYC:11843
> DE0F  76 00     ROR $00,X                       A:80 X:55 Y:2A P:41 SP:FB PPU:104, 77 CYC:11847
> DE11  B5 00     LDA $00,X                       A:80 X:55 Y:2A P:C0 SP:FB PPU:104, 89 CYC:11851
> DE13  20 FB F9  JSR $F9FB                       A:80 X:55 Y:2A P:C0 SP:FB PPU:104,101 CYC:11855
> F9FB  90 0B     BCC $FA08                       A:80 X:55 Y:2A P:C0 SP:F9 PPU:104,119 CYC:11861
> FA08  84 00     STY $00 = 29                    A:80 X:55 Y:2A P:C1 SP:F9 PPU:104,131 CYC:11865
> FA0A  24 01     BIT $01 = FF                    A:80 X:55 Y:2A P:C1 SP:F9 PPU:104,140 CYC:11868
> FA0C  38        SEC                             A:80 X:55 Y:2A P:C1 SP:F9 PPU:104,149 CYC:11871
> FA0D  A9 80     LDA #$80                        A:80 X:55 Y:2A P:C1 SP:F9 PPU:104,155 CYC:11873
> FA0F  60        RTS                             A:80 X:55 Y:2A P:C1 SP:F9 PPU:104,161 CYC:11875
> DE16  C8        INY                             A:80 X:55 Y:2A P:C1 SP:FB PPU:104,179 CYC:11881
> DE17  20 0A FA  JSR $FA0A                       A:80 X:55 Y:2B P:41 SP:FB PPU:104,185 CYC:11883
> FA0A  24 01     BIT $01 = FF                    A:80 X:55 Y:2B P:41 SP:F9 PPU:104,203 CYC:11889
> FA0C  38        SEC                             A:80 X:55 Y:2B P:C1 SP:F9 PPU:104,212 CYC:11892
> FA0D  A9 80     LDA #$80                        A:80 X:55 Y:2B P:C1 SP:F9 PPU:104,218 CYC:11894
> FA0F  60        RTS                             A:80 X:55 Y:2B P:C1 SP:F9 PPU:104,224 CYC:11896
> DE1A  95 00     STA $00,X                       A:80 X:55 Y:2B P:C1 SP:FB PPU:104,242 CYC:11902
> DE1C  36 00     ROL $00,X                       A:80 X:55 Y:2B P:C1 SP:FB PPU:104,254 CYC:11906
> DE1E  B5 00     LDA $00,X                       A:80 X:55 Y:2B P:41 SP:FB PPU:104,266 CYC:11910
> DE20  20 10 FA  JSR $FA10                       A:80 X:55 Y:2B P:C1 SP:FB PPU:104,278 CYC:11914
> FA10  90 1C     BCC $FA2E                       A:80 X:55 Y:2B P:C1 SP:F9 PPU:104,296 CYC:11920
> FA12  F0 1A     BEQ $FA2E                       A:80 X:55 Y:2B P:C1 SP:F9 PPU:104,302 CYC:11922
> FA14  30 18     BMI $FA2E                       A:80 X:55 Y:2B P:C1 SP:F9 PPU:104,308 CYC:11924
> FA2E  84 00     STY $00 = 2A                    A:80 X:55 Y:2B P:C1 SP:F9 PPU:104,317 CYC:11927
> FA30  60        RTS                             A:80 X:55 Y:2B P:C1 SP:F9 PPU:104,326 CYC:11930
> DE23  C8        INY                             A:80 X:55 Y:2B P:C1 SP:FB PPU:105,  3 CYC:11936
> DE24  95 00     STA $00,X                       A:80 X:55 Y:2C P:41 SP:FB PPU:105,  9 CYC:11938
> DE26  36 00     ROL $00,X                       A:80 X:55 Y:2C P:41 SP:FB PPU:105, 21 CYC:11942
> DE28  B5 00     LDA $00,X                       A:80 X:55 Y:2C P:41 SP:FB PPU:105, 33 CYC:11946
> DE2A  20 21 FA  JSR $FA21                       A:80 X:55 Y:2C P:C1 SP:FB PPU:105, 45 CYC:11950
> FA21  B0 0B     BCS $FA2E                       A:80 X:55 Y:2C P:C1 SP:F9 PPU:105, 63 CYC:11956
> FA2E  84 00     STY $00 = 2B                    A:80 X:55 Y:2C P:C1 SP:F9 PPU:105, 72 CYC:11959
> FA30  60        RTS                             A:80 X:55 Y:2C P:C1 SP:F9 PPU:105, 81 CYC:11962
> DE2D  A9 FF     LDA #$FF                        A:80 X:55 Y:2C P:C1 SP:FB PPU:105, 99 CYC:11968
> DE2F  95 00     STA $00,X                       A:FF X:55 Y:2C P:C1 SP:FB PPU:105,105 CYC:11970
> DE31  85 01     STA $01 = FF                    A:FF X:55 Y:2C P:C1 SP:FB PPU:105,117 CYC:11974
> DE33  24 01     BIT $01 = FF                    A:FF X:55 Y:2C P:C1 SP:FB PPU:105,126 CYC:11977
> DE35  38        SEC                             A:FF X:55 Y:2C P:C1 SP:FB PPU:105,135 CYC:11980
> DE36  F6 00     INC  $00,X                       A:FF X:55 Y:2C P:C1 SP:FB PPU:105,141 CYC:11982
> DE38  D0 0C     BNE $DE46                       A:FF X:55 Y:2C P:43 SP:FB PPU:105,153 CYC:11986
> DE3A  30 0A     BMI $DE46                       A:FF X:55 Y:2C P:43 SP:FB PPU:105,159 CYC:11988
> DE3C  50 08     BVC $DE46                       A:FF X:55 Y:2C P:43 SP:FB PPU:105,165 CYC:11990
> DE3E  90 06     BCC $DE46                       A:FF X:55 Y:2C P:43 SP:FB PPU:105,171 CYC:11992
> DE40  B5 00     LDA $00,X                       A:FF X:55 Y:2C P:43 SP:FB PPU:105,177 CYC:11994
> DE42  C9 00     CMP #$00                        A:FF X:55 Y:2C P:C1 SP:FB PPU:105,189 CYC:11998
> DE44  F0 04     BEQ $DE4A                       A:FF X:55 Y:2C P:C1 SP:FB PPU:105,195 CYC:12000
> DE46  A9 2D     LDA #$2D                        A:FF X:55 Y:2C P:C1 SP:FB PPU:105,201 CYC:12002
> DE48  85 00     STA $00 = 2C                    A:2D X:55 Y:2C P:41 SP:FB PPU:105,207 CYC:12004
> DE4A  A9 7F     LDA #$7F                        A:2D X:55 Y:2C P:41 SP:FB PPU:105,216 CYC:12007
> DE4C  95 00     STA $00,X                       A:7F X:55 Y:2C P:41 SP:FB PPU:105,222 CYC:12009
> DE4E  B8        CLV                             A:7F X:55 Y:2C P:41 SP:FB PPU:105,234 CYC:12013
> DE4F  18        CLC                             A:7F X:55 Y:2C P:01 SP:FB PPU:105,240 CYC:12015
> DE50  F6 00     INC  $00,X                       A:7F X:55 Y:2C P:00 SP:FB PPU:105,246 CYC:12017
> DE52  F0 0C     BEQ $DE60                       A:7F X:55 Y:2C P:80 SP:FB PPU:105,258 CYC:12021
> DE54  10 0A     BPL $DE60                       A:7F X:55 Y:2C P:80 SP:FB PPU:105,264 CYC:12023
> DE56  70 08     BVS $DE60                       A:7F X:55 Y:2C P:80 SP:FB PPU:105,270 CYC:12025
> DE58  B0 06     BCS $DE60                       A:7F X:55 Y:2C P:80 SP:FB PPU:105,276 CYC:12027
> DE5A  B5 00     LDA $00,X                       A:7F X:55 Y:2C P:80 SP:FB PPU:105,282 CYC:12029
> DE5C  C9 80     CMP #$80                        A:7F X:55 Y:2C P:00 SP:FB PPU:105,294 CYC:12033
> DE5E  F0 04     BEQ $DE64                       A:7F X:55 Y:2C P:80 SP:FB PPU:105,300 CYC:12035
> DE60  A9 2E     LDA #$2E                        A:7F X:55 Y:2C P:80 SP:FB PPU:105,306 CYC:12037
> DE62  85 00     STA $00 = 2D                    A:2E X:55 Y:2C P:00 SP:FB PPU:105,312 CYC:12039
> DE64  A9 00     LDA #$00                        A:2E X:55 Y:2C P:00 SP:FB PPU:105,321 CYC:12042
> DE66  95 00     STA $00,X                       A:00 X:55 Y:2C P:02 SP:FB PPU:105,327 CYC:12044
> DE68  24 01     BIT $01 = FF                    A:00 X:55 Y:2C P:02 SP:FB PPU:105,339 CYC:12048
> DE6A  38        SEC                             A:00 X:55 Y:2C P:C2 SP:FB PPU:106,  7 CYC:12051
> DE6B  D6 00     DEC $00,X                       A:00 X:55 Y:2C P:C3 SP:FB PPU:106, 13 CYC:12053
> DE6D  F0 0C     BEQ $DE7B                       A:00 X:55 Y:2C P:C1 SP:FB PPU:106, 25 CYC:12057
> DE6F  10 0A     BPL $DE7B                       A:00 X:55 Y:2C P:C1 SP:FB PPU:106, 31 CYC:12059
> DE71  50 08     BVC $DE7B                       A:00 X:55 Y:2C P:C1 SP:FB PPU:106, 37 CYC:12061
> DE73  90 06     BCC $DE7B                       A:00 X:55 Y:2C P:C1 SP:FB PPU:106, 43 CYC:12063
> DE75  B5 00     LDA $00,X                       A:00 X:55 Y:2C P:C1 SP:FB PPU:106, 49 CYC:12065
> DE77  C9 FF     CMP #$FF                        A:00 X:55 Y:2C P:43 SP:FB PPU:106, 61 CYC:12069
> DE79  F0 04     BEQ $DE7F                       A:00 X:55 Y:2C P:40 SP:FB PPU:106, 67 CYC:12071
> DE7B  A9 2F     LDA #$2F                        A:00 X:55 Y:2C P:40 SP:FB PPU:106, 73 CYC:12073
> DE7D  85 00     STA $00 = 2E                    A:2F X:55 Y:2C P:40 SP:FB PPU:106, 79 CYC:12075
> DE7F  A9 80     LDA #$80                        A:2F X:55 Y:2C P:40 SP:FB PPU:106, 88 CYC:12078
> DE81  95 00     STA $00,X                       A:80 X:55 Y:2C P:C0 SP:FB PPU:106, 94 CYC:12080
> DE83  B8        CLV                             A:80 X:55 Y:2C P:C0 SP:FB PPU:106,106 CYC:12084
> DE84  18        CLC                             A:80 X:55 Y:2C P:80 SP:FB PPU:106,112 CYC:12086
> DE85  D6 00     DEC $00,X                       A:80 X:55 Y:2C P:80 SP:FB PPU:106,118 CYC:12088
> DE87  F0 0C     BEQ $DE95                       A:80 X:55 Y:2C P:00 SP:FB PPU:106,130 CYC:12092
> DE89  30 0A     BMI $DE95                       A:80 X:55 Y:2C P:00 SP:FB PPU:106,136 CYC:12094
> DE8B  70 08     BVS $DE95                       A:80 X:55 Y:2C P:00 SP:FB PPU:106,142 CYC:12096
> DE8D  B0 06     BCS $DE95                       A:80 X:55 Y:2C P:00 SP:FB PPU:106,148 CYC:12098
> DE8F  B5 00     LDA $00,X                       A:80 X:55 Y:2C P:00 SP:FB PPU:106,154 CYC:12100
> DE91  C9 7F     CMP #$7F                        A:80 X:55 Y:2C P:80 SP:FB PPU:106,166 CYC:12104
> DE93  F0 04     BEQ $DE99                       A:80 X:55 Y:2C P:01 SP:FB PPU:106,172 CYC:12106
> DE95  A9 30     LDA #$30                        A:80 X:55 Y:2C P:01 SP:FB PPU:106,178 CYC:12108
> DE97  85 00     STA $00 = 2F                    A:30 X:55 Y:2C P:01 SP:FB PPU:106,184 CYC:12110
> DE99  A9 01     LDA #$01                        A:30 X:55 Y:2C P:01 SP:FB PPU:106,193 CYC:12113
> DE9B  95 00     STA $00,X                       A:01 X:55 Y:2C P:01 SP:FB PPU:106,199 CYC:12115
> DE9D  D6 00     DEC $00,X                       A:01 X:55 Y:2C P:01 SP:FB PPU:106,211 CYC:12119
> DE9F  F0 04     BEQ $DEA5                       A:01 X:55 Y:2C P:03 SP:FB PPU:106,223 CYC:12123
> DEA5  A9 33     LDA #$33                        A:01 X:55 Y:2C P:03 SP:FB PPU:106,232 CYC:12126
> DEA7  85 78     STA $78 = 7F                    A:33 X:55 Y:2C P:01 SP:FB PPU:106,238 CYC:12128
> DEA9  A9 44     LDA #$44                        A:33 X:55 Y:2C P:01 SP:FB PPU:106,247 CYC:12131
> DEAB  A0 78     LDY #$78                        A:44 X:55 Y:2C P:01 SP:FB PPU:106,253 CYC:12133
> DEAD  A2 00     LDX #$00                        A:44 X:55 Y:78 P:01 SP:FB PPU:106,259 CYC:12135
> DEAF  38        SEC                             A:44 X:00 Y:78 P:03 SP:FB PPU:106,265 CYC:12137
> DEB0  24 01     BIT $01 = FF                    A:44 X:00 Y:78 P:03 SP:FB PPU:106,271 CYC:12139
> DEB2  B6 00     LDX $00,Y                       A:44 X:00 Y:78 P:C1 SP:FB PPU:106,280 CYC:12142
> DEB4  90 12     BCC $DEC8                       A:44 X:33 Y:78 P:41 SP:FB PPU:106,292 CYC:12146
> DEB6  50 10     BVC $DEC8                       A:44 X:33 Y:78 P:41 SP:FB PPU:106,298 CYC:12148
> DEB8  30 0E     BMI $DEC8                       A:44 X:33 Y:78 P:41 SP:FB PPU:106,304 CYC:12150
> DEBA  F0 0C     BEQ $DEC8                       A:44 X:33 Y:78 P:41 SP:FB PPU:106,310 CYC:12152
> DEBC  E0 33     CPX #$33                        A:44 X:33 Y:78 P:41 SP:FB PPU:106,316 CYC:12154
> DEBE  D0 08     BNE $DEC8                       A:44 X:33 Y:78 P:43 SP:FB PPU:106,322 CYC:12156
> DEC0  C0 78     CPY #$78                        A:44 X:33 Y:78 P:43 SP:FB PPU:106,328 CYC:12158
> DEC2  D0 04     BNE $DEC8                       A:44 X:33 Y:78 P:43 SP:FB PPU:106,334 CYC:12160
> DEC4  C9 44     CMP #$44                        A:44 X:33 Y:78 P:43 SP:FB PPU:106,340 CYC:12162
> DEC6  F0 04     BEQ $DECC                       A:44 X:33 Y:78 P:43 SP:FB PPU:107,  5 CYC:12164
> DECC  A9 97     LDA #$97                        A:44 X:33 Y:78 P:43 SP:FB PPU:107, 14 CYC:12167
> DECE  85 7F     STA $7F = 00                    A:97 X:33 Y:78 P:C1 SP:FB PPU:107, 20 CYC:12169
> DED0  A9 47     LDA #$47                        A:97 X:33 Y:78 P:C1 SP:FB PPU:107, 29 CYC:12172
> DED2  A0 FF     LDY #$FF                        A:47 X:33 Y:78 P:41 SP:FB PPU:107, 35 CYC:12174
> DED4  A2 00     LDX #$00                        A:47 X:33 Y:FF P:C1 SP:FB PPU:107, 41 CYC:12176
> DED6  18        CLC                             A:47 X:00 Y:FF P:43 SP:FB PPU:107, 47 CYC:12178
> DED7  B8        CLV                             A:47 X:00 Y:FF P:42 SP:FB PPU:107, 53 CYC:12180
> DED8  B6 80     LDX $80,Y                       A:47 X:00 Y:FF P:02 SP:FB PPU:107, 59 CYC:12182
> DEDA  B0 12     BCS $DEEE                       A:47 X:97 Y:FF P:80 SP:FB PPU:107, 71 CYC:12186
> DEDC  70 10     BVS $DEEE                       A:47 X:97 Y:FF P:80 SP:FB PPU:107, 77 CYC:12188
> DEDE  10 0E     BPL $DEEE                       A:47 X:97 Y:FF P:80 SP:FB PPU:107, 83 CYC:12190
> DEE0  F0 0C     BEQ $DEEE                       A:47 X:97 Y:FF P:80 SP:FB PPU:107, 89 CYC:12192
> DEE2  E0 97     CPX #$97                        A:47 X:97 Y:FF P:80 SP:FB PPU:107, 95 CYC:12194
> DEE4  D0 08     BNE $DEEE                       A:47 X:97 Y:FF P:03 SP:FB PPU:107,101 CYC:12196
> DEE6  C0 FF     CPY #$FF                        A:47 X:97 Y:FF P:03 SP:FB PPU:107,107 CYC:12198
> DEE8  D0 04     BNE $DEEE                       A:47 X:97 Y:FF P:03 SP:FB PPU:107,113 CYC:12200
> DEEA  C9 47     CMP #$47                        A:47 X:97 Y:FF P:03 SP:FB PPU:107,119 CYC:12202
> DEEC  F0 04     BEQ $DEF2                       A:47 X:97 Y:FF P:03 SP:FB PPU:107,125 CYC:12204
> DEF2  A9 00     LDA #$00                        A:47 X:97 Y:FF P:03 SP:FB PPU:107,134 CYC:12207
> DEF4  85 7F     STA $7F = 97                    A:00 X:97 Y:FF P:03 SP:FB PPU:107,140 CYC:12209
> DEF6  A9 47     LDA #$47                        A:00 X:97 Y:FF P:03 SP:FB PPU:107,149 CYC:12212
> DEF8  A0 FF     LDY #$FF                        A:47 X:97 Y:FF P:01 SP:FB PPU:107,155 CYC:12214
> DEFA  A2 69     LDX #$69                        A:47 X:97 Y:FF P:81 SP:FB PPU:107,161 CYC:12216
> DEFC  18        CLC                             A:47 X:69 Y:FF P:01 SP:FB PPU:107,167 CYC:12218
> DEFD  B8        CLV                             A:47 X:69 Y:FF P:00 SP:FB PPU:107,173 CYC:12220
> DEFE  96 80     STX $80,Y                       A:47 X:69 Y:FF P:00 SP:FB PPU:107,179 CYC:12222
> DF00  B0 18     BCS $DF1A                       A:47 X:69 Y:FF P:00 SP:FB PPU:107,191 CYC:12226
> DF02  70 16     BVS $DF1A                       A:47 X:69 Y:FF P:00 SP:FB PPU:107,197 CYC:12228
> DF04  30 14     BMI $DF1A                       A:47 X:69 Y:FF P:00 SP:FB PPU:107,203 CYC:12230
> DF06  F0 12     BEQ $DF1A                       A:47 X:69 Y:FF P:00 SP:FB PPU:107,209 CYC:12232
> DF08  E0 69     CPX #$69                        A:47 X:69 Y:FF P:00 SP:FB PPU:107,215 CYC:12234
> DF0A  D0 0E     BNE $DF1A                       A:47 X:69 Y:FF P:03 SP:FB PPU:107,221 CYC:12236
> DF0C  C0 FF     CPY #$FF                        A:47 X:69 Y:FF P:03 SP:FB PPU:107,227 CYC:12238
> DF0E  D0 0A     BNE $DF1A                       A:47 X:69 Y:FF P:03 SP:FB PPU:107,233 CYC:12240
> DF10  C9 47     CMP #$47                        A:47 X:69 Y:FF P:03 SP:FB PPU:107,239 CYC:12242
> DF12  D0 06     BNE $DF1A                       A:47 X:69 Y:FF P:03 SP:FB PPU:107,245 CYC:12244
> DF14  A5 7F     LDA $7F                         A:47 X:69 Y:FF P:03 SP:FB PPU:107,251 CYC:12246
> DF16  C9 69     CMP #$69                        A:69 X:69 Y:FF P:01 SP:FB PPU:107,260 CYC:12249
> DF18  F0 04     BEQ $DF1E                       A:69 X:69 Y:FF P:03 SP:FB PPU:107,266 CYC:12251
> DF1E  A9 F5     LDA #$F5                        A:69 X:69 Y:FF P:03 SP:FB PPU:107,275 CYC:12254
> DF20  85 4F     STA $4F = 00                    A:F5 X:69 Y:FF P:81 SP:FB PPU:107,281 CYC:12256
> DF22  A9 47     LDA #$47                        A:F5 X:69 Y:FF P:81 SP:FB PPU:107,290 CYC:12259
> DF24  A0 4F     LDY #$4F                        A:47 X:69 Y:FF P:01 SP:FB PPU:107,296 CYC:12261
> DF26  24 01     BIT $01 = FF                    A:47 X:69 Y:4F P:01 SP:FB PPU:107,302 CYC:12263
> DF28  A2 00     LDX #$00                        A:47 X:69 Y:4F P:C1 SP:FB PPU:107,311 CYC:12266
> DF2A  38        SEC                             A:47 X:00 Y:4F P:43 SP:FB PPU:107,317 CYC:12268
> DF2B  96 00     STX $00,Y                       A:47 X:00 Y:4F P:43 SP:FB PPU:107,323 CYC:12270
> DF2D  90 16     BCC $DF45                       A:47 X:00 Y:4F P:43 SP:FB PPU:107,335 CYC:12274
> DF2F  50 14     BVC $DF45                       A:47 X:00 Y:4F P:43 SP:FB PPU:108,  0 CYC:12276
> DF31  30 12     BMI $DF45                       A:47 X:00 Y:4F P:43 SP:FB PPU:108,  6 CYC:12278
> DF33  D0 10     BNE $DF45                       A:47 X:00 Y:4F P:43 SP:FB PPU:108, 12 CYC:12280
> DF35  E0 00     CPX #$00                        A:47 X:00 Y:4F P:43 SP:FB PPU:108, 18 CYC:12282
> DF37  D0 0C     BNE $DF45                       A:47 X:00 Y:4F P:43 SP:FB PPU:108, 24 CYC:12284
> DF39  C0 4F     CPY #$4F                        A:47 X:00 Y:4F P:43 SP:FB PPU:108, 30 CYC:12286
> DF3B  D0 08     BNE $DF45                       A:47 X:00 Y:4F P:43 SP:FB PPU:108, 36 CYC:12288
> DF3D  C9 47     CMP #$47                        A:47 X:00 Y:4F P:43 SP:FB PPU:108, 42 CYC:12290
> DF3F  D0 04     BNE $DF45                       A:47 X:00 Y:4F P:43 SP:FB PPU:108, 48 CYC:12292
> DF41  A5 4F     LDA $4F                         A:47 X:00 Y:4F P:43 SP:FB PPU:108, 54 CYC:12294
> DF43  F0 04     BEQ $DF49                       A:00 X:00 Y:4F P:43 SP:FB PPU:108, 63 CYC:12297
> DF49  60        RTS                             A:00 X:00 Y:4F P:43 SP:FB PPU:108, 72 CYC:12300
> C62C  20 AA E1  JSR $E1AA                       A:00 X:00 Y:4F P:43 SP:FD PPU:108, 90 CYC:12306
> E1AA  A9 FF     LDA #$FF                        A:00 X:00 Y:4F P:43 SP:FB PPU:108,108 CYC:12312
> E1AC  85 01     STA $01 = FF                    A:FF X:00 Y:4F P:C1 SP:FB PPU:108,114 CYC:12314
> E1AE  A9 AA     LDA #$AA                        A:FF X:00 Y:4F P:C1 SP:FB PPU:108,123 CYC:12317
> E1B0  8D 33 06  STA $0633 = 00                  A:AA X:00 Y:4F P:C1 SP:FB PPU:108,129 CYC:12319
> E1B3  A9 BB     LDA #$BB                        A:AA X:00 Y:4F P:C1 SP:FB PPU:108,141 CYC:12323
> E1B5  8D 89 06  STA $0689 = 00                  A:BB X:00 Y:4F P:C1 SP:FB PPU:108,147 CYC:12325
> E1B8  A2 00     LDX #$00                        A:BB X:00 Y:4F P:C1 SP:FB PPU:108,159 CYC:12329
> E1BA  A9 66     LDA #$66                        A:BB X:00 Y:4F P:43 SP:FB PPU:108,165 CYC:12331
> E1BC  24 01     BIT $01 = FF                    A:66 X:00 Y:4F P:41 SP:FB PPU:108,171 CYC:12333
> E1BE  38        SEC                             A:66 X:00 Y:4F P:C1 SP:FB PPU:108,180 CYC:12336
> E1BF  A0 00     LDY #$00                        A:66 X:00 Y:4F P:C1 SP:FB PPU:108,186 CYC:12338
> E1C1  BC 33 06  LDY $0633,X                     A:66 X:00 Y:00 P:43 SP:FB PPU:108,192 CYC:12340
> E1C4  10 12     BPL $E1D8                       A:66 X:00 Y:AA P:C1 SP:FB PPU:108,204 CYC:12344
> E1C6  F0 10     BEQ $E1D8                       A:66 X:00 Y:AA P:C1 SP:FB PPU:108,210 CYC:12346
> E1C8  50 0E     BVC $E1D8                       A:66 X:00 Y:AA P:C1 SP:FB PPU:108,216 CYC:12348
> E1CA  90 0C     BCC $E1D8                       A:66 X:00 Y:AA P:C1 SP:FB PPU:108,222 CYC:12350
> E1CC  C9 66     CMP #$66                        A:66 X:00 Y:AA P:C1 SP:FB PPU:108,228 CYC:12352
> E1CE  D0 08     BNE $E1D8                       A:66 X:00 Y:AA P:43 SP:FB PPU:108,234 CYC:12354
> E1D0  E0 00     CPX #$00                        A:66 X:00 Y:AA P:43 SP:FB PPU:108,240 CYC:12356
> E1D2  D0 04     BNE $E1D8                       A:66 X:00 Y:AA P:43 SP:FB PPU:108,246 CYC:12358
> E1D4  C0 AA     CPY #$AA                        A:66 X:00 Y:AA P:43 SP:FB PPU:108,252 CYC:12360
> E1D6  F0 04     BEQ $E1DC                       A:66 X:00 Y:AA P:43 SP:FB PPU:108,258 CYC:12362
> E1DC  A2 8A     LDX #$8A                        A:66 X:00 Y:AA P:43 SP:FB PPU:108,267 CYC:12365
> E1DE  A9 66     LDA #$66                        A:66 X:8A Y:AA P:C1 SP:FB PPU:108,273 CYC:12367
> E1E0  B8        CLV                             A:66 X:8A Y:AA P:41 SP:FB PPU:108,279 CYC:12369
> E1E1  18        CLC                             A:66 X:8A Y:AA P:01 SP:FB PPU:108,285 CYC:12371
> E1E2  A0 00     LDY #$00                        A:66 X:8A Y:AA P:00 SP:FB PPU:108,291 CYC:12373
> E1E4  BC FF 05  LDY $05FF,X                     A:66 X:8A Y:00 P:02 SP:FB PPU:108,297 CYC:12375
> E1E7  10 12     BPL $E1FB                       A:66 X:8A Y:BB P:81 SP:FB PPU:108,312 CYC:12380
> E1E9  F0 10     BEQ $E1FB                       A:66 X:8A Y:BB P:81 SP:FB PPU:108,318 CYC:12382
> E1EB  70 0E     BVS $E1FB                       A:66 X:8A Y:BB P:81 SP:FB PPU:108,324 CYC:12384
> E1ED  B0 0C     BCS $E1FB                       A:66 X:8A Y:BB P:81 SP:FB PPU:108,330 CYC:12386
> E1FB  A9 52     LDA #$52                        A:66 X:8A Y:BB P:81 SP:FB PPU:108,339 CYC:12389
> E1FD  85 00     STA $00 = 30                    A:52 X:8A Y:BB P:01 SP:FB PPU:109,  4 CYC:12391
> E1FF  A0 53     LDY #$53                        A:52 X:8A Y:BB P:01 SP:FB PPU:109, 13 CYC:12394
> E201  A9 AA     LDA #$AA                        A:52 X:8A Y:53 P:01 SP:FB PPU:109, 19 CYC:12396
> E203  A2 78     LDX #$78                        A:AA X:8A Y:53 P:81 SP:FB PPU:109, 25 CYC:12398
> E205  8D 78 06  STA $0678 = 00                  A:AA X:78 Y:53 P:01 SP:FB PPU:109, 31 CYC:12400
> E208  20 B6 F7  JSR $F7B6                       A:AA X:78 Y:53 P:01 SP:FB PPU:109, 43 CYC:12404
> F7B6  18        CLC                             A:AA X:78 Y:53 P:01 SP:F9 PPU:109, 61 CYC:12410
> F7B7  A9 FF     LDA #$FF                        A:AA X:78 Y:53 P:00 SP:F9 PPU:109, 67 CYC:12412
> F7B9  85 01     STA $01 = FF                    A:FF X:78 Y:53 P:80 SP:F9 PPU:109, 73 CYC:12414
> F7BB  24 01     BIT $01 = FF                    A:FF X:78 Y:53 P:80 SP:F9 PPU:109, 82 CYC:12417
> F7BD  A9 55     LDA #$55                        A:FF X:78 Y:53 P:C0 SP:F9 PPU:109, 91 CYC:12420
> F7BF  60        RTS                             A:55 X:78 Y:53 P:40 SP:F9 PPU:109, 97 CYC:12422
> E20B  1D 00 06  ORA $0600,X                     A:55 X:78 Y:53 P:40 SP:FB PPU:109,115 CYC:12428
> E20E  20 C0 F7  JSR $F7C0                       A:FF X:78 Y:53 P:C0 SP:FB PPU:109,127 CYC:12432
> F7C0  B0 09     BCS $F7CB                       A:FF X:78 Y:53 P:C0 SP:F9 PPU:109,145 CYC:12438
> F7C2  10 07     BPL $F7CB                       A:FF X:78 Y:53 P:C0 SP:F9 PPU:109,151 CYC:12440
> F7C4  C9 FF     CMP #$FF                        A:FF X:78 Y:53 P:C0 SP:F9 PPU:109,157 CYC:12442
> F7C6  D0 03     BNE $F7CB                       A:FF X:78 Y:53 P:43 SP:F9 PPU:109,163 CYC:12444
> F7C8  50 01     BVC $F7CB                       A:FF X:78 Y:53 P:43 SP:F9 PPU:109,169 CYC:12446
> F7CA  60        RTS                             A:FF X:78 Y:53 P:43 SP:F9 PPU:109,175 CYC:12448
> E211  C8        INY                             A:FF X:78 Y:53 P:43 SP:FB PPU:109,193 CYC:12454
> E212  A9 00     LDA #$00                        A:FF X:78 Y:54 P:41 SP:FB PPU:109,199 CYC:12456
> E214  8D 78 06  STA $0678 = AA                  A:00 X:78 Y:54 P:43 SP:FB PPU:109,205 CYC:12458
> E217  20 CE F7  JSR $F7CE                       A:00 X:78 Y:54 P:43 SP:FB PPU:109,217 CYC:12462
> F7CE  38        SEC                             A:00 X:78 Y:54 P:43 SP:F9 PPU:109,235 CYC:12468
> F7CF  B8        CLV                             A:00 X:78 Y:54 P:43 SP:F9 PPU:109,241 CYC:12470
> F7D0  A9 00     LDA #$00                        A:00 X:78 Y:54 P:03 SP:F9 PPU:109,247 CYC:12472
> F7D2  60        RTS                             A:00 X:78 Y:54 P:03 SP:F9 PPU:109,253 CYC:12474
> E21A  1D 00 06  ORA $0600,X                     A:00 X:78 Y:54 P:03 SP:FB PPU:109,271 CYC:12480
> E21D  20 D3 F7  JSR $F7D3                       A:00 X:78 Y:54 P:03 SP:FB PPU:109,283 CYC:12484
> F7D3  D0 07     BNE $F7DC                       A:00 X:78 Y:54 P:03 SP:F9 PPU:109,301 CYC:12490
> F7D5  70 05     BVS $F7DC                       A:00 X:78 Y:54 P:03 SP:F9 PPU:109,307 CYC:12492
> F7D7  90 03     BCC $F7DC                       A:00 X:78 Y:54 P:03 SP:F9 PPU:109,313 CYC:12494
> F7D9  30 01     BMI $F7DC                       A:00 X:78 Y:54 P:03 SP:F9 PPU:109,319 CYC:12496
> F7DB  60        RTS                             A:00 X:78 Y:54 P:03 SP:F9 PPU:109,325 CYC:12498
> E220  C8        INY                             A:00 X:78 Y:54 P:03 SP:FB PPU:110,  2 CYC:12504
> E221  A9 AA     LDA #$AA                        A:00 X:78 Y:55 P:01 SP:FB PPU:110,  8 CYC:12506
> E223  8D 78 06  STA $0678 = 00                  A:AA X:78 Y:55 P:81 SP:FB PPU:110, 14 CYC:12508
> E226  20 DF F7  JSR $F7DF                       A:AA X:78 Y:55 P:81 SP:FB PPU:110, 26 CYC:12512
> F7DF  18        CLC                             A:AA X:78 Y:55 P:81 SP:F9 PPU:110, 44 CYC:12518
> F7E0  24 01     BIT $01 = FF                    A:AA X:78 Y:55 P:80 SP:F9 PPU:110, 50 CYC:12520
> F7E2  A9 55     LDA #$55                        A:AA X:78 Y:55 P:C0 SP:F9 PPU:110, 59 CYC:12523
> F7E4  60        RTS                             A:55 X:78 Y:55 P:40 SP:F9 PPU:110, 65 CYC:12525
> E229  3D 00 06  AND $0600,X                     A:55 X:78 Y:55 P:40 SP:FB PPU:110, 83 CYC:12531
> E22C  20 E5 F7  JSR $F7E5                       A:00 X:78 Y:55 P:42 SP:FB PPU:110, 95 CYC:12535
> F7E5  D0 07     BNE $F7EE                       A:00 X:78 Y:55 P:42 SP:F9 PPU:110,113 CYC:12541
> F7E7  50 05     BVC $F7EE                       A:00 X:78 Y:55 P:42 SP:F9 PPU:110,119 CYC:12543
> F7E9  B0 03     BCS $F7EE                       A:00 X:78 Y:55 P:42 SP:F9 PPU:110,125 CYC:12545
> F7EB  30 01     BMI $F7EE                       A:00 X:78 Y:55 P:42 SP:F9 PPU:110,131 CYC:12547
> F7ED  60        RTS                             A:00 X:78 Y:55 P:42 SP:F9 PPU:110,137 CYC:12549
> E22F  C8        INY                             A:00 X:78 Y:55 P:42 SP:FB PPU:110,155 CYC:12555
> E230  A9 EF     LDA #$EF                        A:00 X:78 Y:56 P:40 SP:FB PPU:110,161 CYC:12557
> E232  8D 78 06  STA $0678 = AA                  A:EF X:78 Y:56 P:C0 SP:FB PPU:110,167 CYC:12559
> E235  20 F1 F7  JSR $F7F1                       A:EF X:78 Y:56 P:C0 SP:FB PPU:110,179 CYC:12563
> F7F1  38        SEC                             A:EF X:78 Y:56 P:C0 SP:F9 PPU:110,197 CYC:12569
> F7F2  B8        CLV                             A:EF X:78 Y:56 P:C1 SP:F9 PPU:110,203 CYC:12571
> F7F3  A9 F8     LDA #$F8                        A:EF X:78 Y:56 P:81 SP:F9 PPU:110,209 CYC:12573
> F7F5  60        RTS                             A:F8 X:78 Y:56 P:81 SP:F9 PPU:110,215 CYC:12575
> E238  3D 00 06  AND $0600,X                     A:F8 X:78 Y:56 P:81 SP:FB PPU:110,233 CYC:12581
> E23B  20 F6 F7  JSR $F7F6                       A:E8 X:78 Y:56 P:81 SP:FB PPU:110,245 CYC:12585
> F7F6  90 09     BCC $F801                       A:E8 X:78 Y:56 P:81 SP:F9 PPU:110,263 CYC:12591
> F7F8  10 07     BPL $F801                       A:E8 X:78 Y:56 P:81 SP:F9 PPU:110,269 CYC:12593
> F7FA  C9 E8     CMP #$E8                        A:E8 X:78 Y:56 P:81 SP:F9 PPU:110,275 CYC:12595
> F7FC  D0 03     BNE $F801                       A:E8 X:78 Y:56 P:03 SP:F9 PPU:110,281 CYC:12597
> F7FE  70 01     BVS $F801                       A:E8 X:78 Y:56 P:03 SP:F9 PPU:110,287 CYC:12599
> F800  60        RTS                             A:E8 X:78 Y:56 P:03 SP:F9 PPU:110,293 CYC:12601
> E23E  C8        INY                             A:E8 X:78 Y:56 P:03 SP:FB PPU:110,311 CYC:12607
> E23F  A9 AA     LDA #$AA                        A:E8 X:78 Y:57 P:01 SP:FB PPU:110,317 CYC:12609
> E241  8D 78 06  STA $0678 = EF                  A:AA X:78 Y:57 P:81 SP:FB PPU:110,323 CYC:12611
> E244  20 04 F8  JSR $F804                       A:AA X:78 Y:57 P:81 SP:FB PPU:110,335 CYC:12615
> F804  18        CLC                             A:AA X:78 Y:57 P:81 SP:F9 PPU:111, 12 CYC:12621
> F805  24 01     BIT $01 = FF                    A:AA X:78 Y:57 P:80 SP:F9 PPU:111, 18 CYC:12623
> F807  A9 5F     LDA #$5F                        A:AA X:78 Y:57 P:C0 SP:F9 PPU:111, 27 CYC:12626
> F809  60        RTS                             A:5F X:78 Y:57 P:40 SP:F9 PPU:111, 33 CYC:12628
> E247  5D 00 06  EOR $0600,X                     A:5F X:78 Y:57 P:40 SP:FB PPU:111, 51 CYC:12634
> E24A  20 0A F8  JSR $F80A                       A:F5 X:78 Y:57 P:C0 SP:FB PPU:111, 63 CYC:12638
> F80A  B0 09     BCS $F815                       A:F5 X:78 Y:57 P:C0 SP:F9 PPU:111, 81 CYC:12644
> F80C  10 07     BPL $F815                       A:F5 X:78 Y:57 P:C0 SP:F9 PPU:111, 87 CYC:12646
> F80E  C9 F5     CMP #$F5                        A:F5 X:78 Y:57 P:C0 SP:F9 PPU:111, 93 CYC:12648
> F810  D0 03     BNE $F815                       A:F5 X:78 Y:57 P:43 SP:F9 PPU:111, 99 CYC:12650
> F812  50 01     BVC $F815                       A:F5 X:78 Y:57 P:43 SP:F9 PPU:111,105 CYC:12652
> F814  60        RTS                             A:F5 X:78 Y:57 P:43 SP:F9 PPU:111,111 CYC:12654
> E24D  C8        INY                             A:F5 X:78 Y:57 P:43 SP:FB PPU:111,129 CYC:12660
> E24E  A9 70     LDA #$70                        A:F5 X:78 Y:58 P:41 SP:FB PPU:111,135 CYC:12662
> E250  8D 78 06  STA $0678 = AA                  A:70 X:78 Y:58 P:41 SP:FB PPU:111,141 CYC:12664
> E253  20 18 F8  JSR $F818                       A:70 X:78 Y:58 P:41 SP:FB PPU:111,153 CYC:12668
> F818  38        SEC                             A:70 X:78 Y:58 P:41 SP:F9 PPU:111,171 CYC:12674
> F819  B8        CLV                             A:70 X:78 Y:58 P:41 SP:F9 PPU:111,177 CYC:12676
> F81A  A9 70     LDA #$70                        A:70 X:78 Y:58 P:01 SP:F9 PPU:111,183 CYC:12678
> F81C  60        RTS                             A:70 X:78 Y:58 P:01 SP:F9 PPU:111,189 CYC:12680
> E256  5D 00 06  EOR $0600,X                     A:70 X:78 Y:58 P:01 SP:FB PPU:111,207 CYC:12686
> E259  20 1D F8  JSR $F81D                       A:00 X:78 Y:58 P:03 SP:FB PPU:111,219 CYC:12690
> F81D  D0 07     BNE $F826                       A:00 X:78 Y:58 P:03 SP:F9 PPU:111,237 CYC:12696
> F81F  70 05     BVS $F826                       A:00 X:78 Y:58 P:03 SP:F9 PPU:111,243 CYC:12698
> F821  90 03     BCC $F826                       A:00 X:78 Y:58 P:03 SP:F9 PPU:111,249 CYC:12700
> F823  30 01     BMI $F826                       A:00 X:78 Y:58 P:03 SP:F9 PPU:111,255 CYC:12702
> F825  60        RTS                             A:00 X:78 Y:58 P:03 SP:F9 PPU:111,261 CYC:12704
> E25C  C8        INY                             A:00 X:78 Y:58 P:03 SP:FB PPU:111,279 CYC:12710
> E25D  A9 69     LDA #$69                        A:00 X:78 Y:59 P:01 SP:FB PPU:111,285 CYC:12712
> E25F  8D 78 06  STA $0678 = 70                  A:69 X:78 Y:59 P:01 SP:FB PPU:111,291 CYC:12714
> E262  20 29 F8  JSR $F829                       A:69 X:78 Y:59 P:01 SP:FB PPU:111,303 CYC:12718
> F829  18        CLC                             A:69 X:78 Y:59 P:01 SP:F9 PPU:111,321 CYC:12724
> F82A  24 01     BIT $01 = FF                    A:69 X:78 Y:59 P:00 SP:F9 PPU:111,327 CYC:12726
> F82C  A9 00     LDA #$00                        A:69 X:78 Y:59 P:C0 SP:F9 PPU:111,336 CYC:12729
> F82E  60        RTS                             A:00 X:78 Y:59 P:42 SP:F9 PPU:112,  1 CYC:12731
> E265  7D 00 06  ADC $0600,X                     A:00 X:78 Y:59 P:42 SP:FB PPU:112, 19 CYC:12737
> E268  20 2F F8  JSR $F82F                       A:69 X:78 Y:59 P:00 SP:FB PPU:112, 31 CYC:12741
> F82F  30 09     BMI $F83A                       A:69 X:78 Y:59 P:00 SP:F9 PPU:112, 49 CYC:12747
> F831  B0 07     BCS $F83A                       A:69 X:78 Y:59 P:00 SP:F9 PPU:112, 55 CYC:12749
> F833  C9 69     CMP #$69                        A:69 X:78 Y:59 P:00 SP:F9 PPU:112, 61 CYC:12751
> F835  D0 03     BNE $F83A                       A:69 X:78 Y:59 P:03 SP:F9 PPU:112, 67 CYC:12753
> F837  70 01     BVS $F83A                       A:69 X:78 Y:59 P:03 SP:F9 PPU:112, 73 CYC:12755
> F839  60        RTS                             A:69 X:78 Y:59 P:03 SP:F9 PPU:112, 79 CYC:12757
> E26B  C8        INY                             A:69 X:78 Y:59 P:03 SP:FB PPU:112, 97 CYC:12763
> E26C  20 3D F8  JSR $F83D                       A:69 X:78 Y:5A P:01 SP:FB PPU:112,103 CYC:12765
> F83D  38        SEC                             A:69 X:78 Y:5A P:01 SP:F9 PPU:112,121 CYC:12771
> F83E  24 01     BIT $01 = FF                    A:69 X:78 Y:5A P:01 SP:F9 PPU:112,127 CYC:12773
> F840  A9 00     LDA #$00                        A:69 X:78 Y:5A P:C1 SP:F9 PPU:112,136 CYC:12776
> F842  60        RTS                             A:00 X:78 Y:5A P:43 SP:F9 PPU:112,142 CYC:12778
> E26F  7D 00 06  ADC $0600,X                     A:00 X:78 Y:5A P:43 SP:FB PPU:112,160 CYC:12784
> E272  20 43 F8  JSR $F843                       A:6A X:78 Y:5A P:00 SP:FB PPU:112,172 CYC:12788
> F843  30 09     BMI $F84E                       A:6A X:78 Y:5A P:00 SP:F9 PPU:112,190 CYC:12794
> F845  B0 07     BCS $F84E                       A:6A X:78 Y:5A P:00 SP:F9 PPU:112,196 CYC:12796
> F847  C9 6A     CMP #$6A                        A:6A X:78 Y:5A P:00 SP:F9 PPU:112,202 CYC:12798
> F849  D0 03     BNE $F84E                       A:6A X:78 Y:5A P:03 SP:F9 PPU:112,208 CYC:12800
> F84B  70 01     BVS $F84E                       A:6A X:78 Y:5A P:03 SP:F9 PPU:112,214 CYC:12802
> F84D  60        RTS                             A:6A X:78 Y:5A P:03 SP:F9 PPU:112,220 CYC:12804
> E275  C8        INY                             A:6A X:78 Y:5A P:03 SP:FB PPU:112,238 CYC:12810
> E276  A9 7F     LDA #$7F                        A:6A X:78 Y:5B P:01 SP:FB PPU:112,244 CYC:12812
> E278  8D 78 06  STA $0678 = 69                  A:7F X:78 Y:5B P:01 SP:FB PPU:112,250 CYC:12814
> E27B  20 51 F8  JSR $F851                       A:7F X:78 Y:5B P:01 SP:FB PPU:112,262 CYC:12818
> F851  38        SEC                             A:7F X:78 Y:5B P:01 SP:F9 PPU:112,280 CYC:12824
> F852  B8        CLV                             A:7F X:78 Y:5B P:01 SP:F9 PPU:112,286 CYC:12826
> F853  A9 7F     LDA #$7F                        A:7F X:78 Y:5B P:01 SP:F9 PPU:112,292 CYC:12828
> F855  60        RTS                             A:7F X:78 Y:5B P:01 SP:F9 PPU:112,298 CYC:12830
> E27E  7D 00 06  ADC $0600,X                     A:7F X:78 Y:5B P:01 SP:FB PPU:112,316 CYC:12836
> E281  20 56 F8  JSR $F856                       A:FF X:78 Y:5B P:C0 SP:FB PPU:112,328 CYC:12840
> F856  10 09     BPL $F861                       A:FF X:78 Y:5B P:C0 SP:F9 PPU:113,  5 CYC:12846
> F858  B0 07     BCS $F861                       A:FF X:78 Y:5B P:C0 SP:F9 PPU:113, 11 CYC:12848
> F85A  C9 FF     CMP #$FF                        A:FF X:78 Y:5B P:C0 SP:F9 PPU:113, 17 CYC:12850
> F85C  D0 03     BNE $F861                       A:FF X:78 Y:5B P:43 SP:F9 PPU:113, 23 CYC:12852
> F85E  50 01     BVC $F861                       A:FF X:78 Y:5B P:43 SP:F9 PPU:113, 29 CYC:12854
> F860  60        RTS                             A:FF X:78 Y:5B P:43 SP:F9 PPU:113, 35 CYC:12856
> E284  C8        INY                             A:FF X:78 Y:5B P:43 SP:FB PPU:113, 53 CYC:12862
> E285  A9 80     LDA #$80                        A:FF X:78 Y:5C P:41 SP:FB PPU:113, 59 CYC:12864
> E287  8D 78 06  STA $0678 = 7F                  A:80 X:78 Y:5C P:C1 SP:FB PPU:113, 65 CYC:12866
> E28A  20 64 F8  JSR $F864                       A:80 X:78 Y:5C P:C1 SP:FB PPU:113, 77 CYC:12870
> F864  18        CLC                             A:80 X:78 Y:5C P:C1 SP:F9 PPU:113, 95 CYC:12876
> F865  24 01     BIT $01 = FF                    A:80 X:78 Y:5C P:C0 SP:F9 PPU:113,101 CYC:12878
> F867  A9 7F     LDA #$7F                        A:80 X:78 Y:5C P:C0 SP:F9 PPU:113,110 CYC:12881
> F869  60        RTS                             A:7F X:78 Y:5C P:40 SP:F9 PPU:113,116 CYC:12883
> E28D  7D 00 06  ADC $0600,X                     A:7F X:78 Y:5C P:40 SP:FB PPU:113,134 CYC:12889
> E290  20 6A F8  JSR $F86A                       A:FF X:78 Y:5C P:80 SP:FB PPU:113,146 CYC:12893
> F86A  10 09     BPL $F875                       A:FF X:78 Y:5C P:80 SP:F9 PPU:113,164 CYC:12899
> F86C  B0 07     BCS $F875                       A:FF X:78 Y:5C P:80 SP:F9 PPU:113,170 CYC:12901
> F86E  C9 FF     CMP #$FF                        A:FF X:78 Y:5C P:80 SP:F9 PPU:113,176 CYC:12903
> F870  D0 03     BNE $F875                       A:FF X:78 Y:5C P:03 SP:F9 PPU:113,182 CYC:12905
> F872  70 01     BVS $F875                       A:FF X:78 Y:5C P:03 SP:F9 PPU:113,188 CYC:12907
> F874  60        RTS                             A:FF X:78 Y:5C P:03 SP:F9 PPU:113,194 CYC:12909
> E293  C8        INY                             A:FF X:78 Y:5C P:03 SP:FB PPU:113,212 CYC:12915
> E294  20 78 F8  JSR $F878                       A:FF X:78 Y:5D P:01 SP:FB PPU:113,218 CYC:12917
> F878  38        SEC                             A:FF X:78 Y:5D P:01 SP:F9 PPU:113,236 CYC:12923
> F879  B8        CLV                             A:FF X:78 Y:5D P:01 SP:F9 PPU:113,242 CYC:12925
> F87A  A9 7F     LDA #$7F                        A:FF X:78 Y:5D P:01 SP:F9 PPU:113,248 CYC:12927
> F87C  60        RTS                             A:7F X:78 Y:5D P:01 SP:F9 PPU:113,254 CYC:12929
> E297  7D 00 06  ADC $0600,X                     A:7F X:78 Y:5D P:01 SP:FB PPU:113,272 CYC:12935
> E29A  20 7D F8  JSR $F87D                       A:00 X:78 Y:5D P:03 SP:FB PPU:113,284 CYC:12939
> F87D  D0 07     BNE $F886                       A:00 X:78 Y:5D P:03 SP:F9 PPU:113,302 CYC:12945
> F87F  30 05     BMI $F886                       A:00 X:78 Y:5D P:03 SP:F9 PPU:113,308 CYC:12947
> F881  70 03     BVS $F886                       A:00 X:78 Y:5D P:03 SP:F9 PPU:113,314 CYC:12949
> F883  90 01     BCC $F886                       A:00 X:78 Y:5D P:03 SP:F9 PPU:113,320 CYC:12951
> F885  60        RTS                             A:00 X:78 Y:5D P:03 SP:F9 PPU:113,326 CYC:12953
> E29D  C8        INY                             A:00 X:78 Y:5D P:03 SP:FB PPU:114,  3 CYC:12959
> E29E  A9 40     LDA #$40                        A:00 X:78 Y:5E P:01 SP:FB PPU:114,  9 CYC:12961
> E2A0  8D 78 06  STA $0678 = 80                  A:40 X:78 Y:5E P:01 SP:FB PPU:114, 15 CYC:12963
> E2A3  20 89 F8  JSR $F889                       A:40 X:78 Y:5E P:01 SP:FB PPU:114, 27 CYC:12967
> F889  24 01     BIT $01 = FF                    A:40 X:78 Y:5E P:01 SP:F9 PPU:114, 45 CYC:12973
> F88B  A9 40     LDA #$40                        A:40 X:78 Y:5E P:C1 SP:F9 PPU:114, 54 CYC:12976
> F88D  60        RTS                             A:40 X:78 Y:5E P:41 SP:F9 PPU:114, 60 CYC:12978
> E2A6  DD 00 06  CMP $0600,X                     A:40 X:78 Y:5E P:41 SP:FB PPU:114, 78 CYC:12984
> E2A9  20 8E F8  JSR $F88E                       A:40 X:78 Y:5E P:43 SP:FB PPU:114, 90 CYC:12988
> F88E  30 07     BMI $F897                       A:40 X:78 Y:5E P:43 SP:F9 PPU:114,108 CYC:12994
> F890  90 05     BCC $F897                       A:40 X:78 Y:5E P:43 SP:F9 PPU:114,114 CYC:12996
> F892  D0 03     BNE $F897                       A:40 X:78 Y:5E P:43 SP:F9 PPU:114,120 CYC:12998
> F894  50 01     BVC $F897                       A:40 X:78 Y:5E P:43 SP:F9 PPU:114,126 CYC:13000
> F896  60        RTS                             A:40 X:78 Y:5E P:43 SP:F9 PPU:114,132 CYC:13002
> E2AC  C8        INY                             A:40 X:78 Y:5E P:43 SP:FB PPU:114,150 CYC:13008
> E2AD  48        PHA                             A:40 X:78 Y:5F P:41 SP:FB PPU:114,156 CYC:13010
> E2AE  A9 3F     LDA #$3F                        A:40 X:78 Y:5F P:41 SP:FA PPU:114,165 CYC:13013
> E2B0  8D 78 06  STA $0678 = 40                  A:3F X:78 Y:5F P:41 SP:FA PPU:114,171 CYC:13015
> E2B3  68        PLA                             A:3F X:78 Y:5F P:41 SP:FA PPU:114,183 CYC:13019
> E2B4  20 9A F8  JSR $F89A                       A:40 X:78 Y:5F P:41 SP:FB PPU:114,195 CYC:13023
> F89A  B8        CLV                             A:40 X:78 Y:5F P:41 SP:F9 PPU:114,213 CYC:13029
> F89B  60        RTS                             A:40 X:78 Y:5F P:01 SP:F9 PPU:114,219 CYC:13031
> E2B7  DD 00 06  CMP $0600,X                     A:40 X:78 Y:5F P:01 SP:FB PPU:114,237 CYC:13037
> E2BA  20 9C F8  JSR $F89C                       A:40 X:78 Y:5F P:01 SP:FB PPU:114,249 CYC:13041
> F89C  F0 07     BEQ $F8A5                       A:40 X:78 Y:5F P:01 SP:F9 PPU:114,267 CYC:13047
> F89E  30 05     BMI $F8A5                       A:40 X:78 Y:5F P:01 SP:F9 PPU:114,273 CYC:13049
> F8A0  90 03     BCC $F8A5                       A:40 X:78 Y:5F P:01 SP:F9 PPU:114,279 CYC:13051
> F8A2  70 01     BVS $F8A5                       A:40 X:78 Y:5F P:01 SP:F9 PPU:114,285 CYC:13053
> F8A4  60        RTS                             A:40 X:78 Y:5F P:01 SP:F9 PPU:114,291 CYC:13055
> E2BD  C8        INY                             A:40 X:78 Y:5F P:01 SP:FB PPU:114,309 CYC:13061
> E2BE  48        PHA                             A:40 X:78 Y:60 P:01 SP:FB PPU:114,315 CYC:13063
> E2BF  A9 41     LDA #$41                        A:40 X:78 Y:60 P:01 SP:FA PPU:114,324 CYC:13066
> E2C1  8D 78 06  STA $0678 = 3F                  A:41 X:78 Y:60 P:01 SP:FA PPU:114,330 CYC:13068
> E2C4  68        PLA                             A:41 X:78 Y:60 P:01 SP:FA PPU:115,  1 CYC:13072
> E2C5  DD 00 06  CMP $0600,X                     A:40 X:78 Y:60 P:01 SP:FB PPU:115, 13 CYC:13076
> E2C8  20 A8 F8  JSR $F8A8                       A:40 X:78 Y:60 P:80 SP:FB PPU:115, 25 CYC:13080
> F8A8  F0 05     BEQ $F8AF                       A:40 X:78 Y:60 P:80 SP:F9 PPU:115, 43 CYC:13086
> F8AA  10 03     BPL $F8AF                       A:40 X:78 Y:60 P:80 SP:F9 PPU:115, 49 CYC:13088
> F8AC  10 01     BPL $F8AF                       A:40 X:78 Y:60 P:80 SP:F9 PPU:115, 55 CYC:13090
> F8AE  60        RTS                             A:40 X:78 Y:60 P:80 SP:F9 PPU:115, 61 CYC:13092
> E2CB  C8        INY                             A:40 X:78 Y:60 P:80 SP:FB PPU:115, 79 CYC:13098
> E2CC  48        PHA                             A:40 X:78 Y:61 P:00 SP:FB PPU:115, 85 CYC:13100
> E2CD  A9 00     LDA #$00                        A:40 X:78 Y:61 P:00 SP:FA PPU:115, 94 CYC:13103
> E2CF  8D 78 06  STA $0678 = 41                  A:00 X:78 Y:61 P:02 SP:FA PPU:115,100 CYC:13105
> E2D2  68        PLA                             A:00 X:78 Y:61 P:02 SP:FA PPU:115,112 CYC:13109
> E2D3  20 B2 F8  JSR $F8B2                       A:40 X:78 Y:61 P:00 SP:FB PPU:115,124 CYC:13113
> F8B2  A9 80     LDA #$80                        A:40 X:78 Y:61 P:00 SP:F9 PPU:115,142 CYC:13119
> F8B4  60        RTS                             A:80 X:78 Y:61 P:80 SP:F9 PPU:115,148 CYC:13121
> E2D6  DD 00 06  CMP $0600,X                     A:80 X:78 Y:61 P:80 SP:FB PPU:115,166 CYC:13127
> E2D9  20 B5 F8  JSR $F8B5                       A:80 X:78 Y:61 P:81 SP:FB PPU:115,178 CYC:13131
> F8B5  F0 05     BEQ $F8BC                       A:80 X:78 Y:61 P:81 SP:F9 PPU:115,196 CYC:13137
> F8B7  10 03     BPL $F8BC                       A:80 X:78 Y:61 P:81 SP:F9 PPU:115,202 CYC:13139
> F8B9  90 01     BCC $F8BC                       A:80 X:78 Y:61 P:81 SP:F9 PPU:115,208 CYC:13141
> F8BB  60        RTS                             A:80 X:78 Y:61 P:81 SP:F9 PPU:115,214 CYC:13143
> E2DC  C8        INY                             A:80 X:78 Y:61 P:81 SP:FB PPU:115,232 CYC:13149
> E2DD  48        PHA                             A:80 X:78 Y:62 P:01 SP:FB PPU:115,238 CYC:13151
> E2DE  A9 80     LDA #$80                        A:80 X:78 Y:62 P:01 SP:FA PPU:115,247 CYC:13154
> E2E0  8D 78 06  STA $0678 = 00                  A:80 X:78 Y:62 P:81 SP:FA PPU:115,253 CYC:13156
> E2E3  68        PLA                             A:80 X:78 Y:62 P:81 SP:FA PPU:115,265 CYC:13160
> E2E4  DD 00 06  CMP $0600,X                     A:80 X:78 Y:62 P:81 SP:FB PPU:115,277 CYC:13164
> E2E7  20 BF F8  JSR $F8BF                       A:80 X:78 Y:62 P:03 SP:FB PPU:115,289 CYC:13168
> F8BF  D0 05     BNE $F8C6                       A:80 X:78 Y:62 P:03 SP:F9 PPU:115,307 CYC:13174
> F8C1  30 03     BMI $F8C6                       A:80 X:78 Y:62 P:03 SP:F9 PPU:115,313 CYC:13176
> F8C3  90 01     BCC $F8C6                       A:80 X:78 Y:62 P:03 SP:F9 PPU:115,319 CYC:13178
> F8C5  60        RTS                             A:80 X:78 Y:62 P:03 SP:F9 PPU:115,325 CYC:13180
> E2EA  C8        INY                             A:80 X:78 Y:62 P:03 SP:FB PPU:116,  2 CYC:13186
> E2EB  48        PHA                             A:80 X:78 Y:63 P:01 SP:FB PPU:116,  8 CYC:13188
> E2EC  A9 81     LDA #$81                        A:80 X:78 Y:63 P:01 SP:FA PPU:116, 17 CYC:13191
> E2EE  8D 78 06  STA $0678 = 80                  A:81 X:78 Y:63 P:81 SP:FA PPU:116, 23 CYC:13193
> E2F1  68        PLA                             A:81 X:78 Y:63 P:81 SP:FA PPU:116, 35 CYC:13197
> E2F2  DD 00 06  CMP $0600,X                     A:80 X:78 Y:63 P:81 SP:FB PPU:116, 47 CYC:13201
> E2F5  20 C9 F8  JSR $F8C9                       A:80 X:78 Y:63 P:80 SP:FB PPU:116, 59 CYC:13205
> F8C9  B0 05     BCS $F8D0                       A:80 X:78 Y:63 P:80 SP:F9 PPU:116, 77 CYC:13211
> F8CB  F0 03     BEQ $F8D0                       A:80 X:78 Y:63 P:80 SP:F9 PPU:116, 83 CYC:13213
> F8CD  10 01     BPL $F8D0                       A:80 X:78 Y:63 P:80 SP:F9 PPU:116, 89 CYC:13215
> F8CF  60        RTS                             A:80 X:78 Y:63 P:80 SP:F9 PPU:116, 95 CYC:13217
> E2F8  C8        INY                             A:80 X:78 Y:63 P:80 SP:FB PPU:116,113 CYC:13223
> E2F9  48        PHA                             A:80 X:78 Y:64 P:00 SP:FB PPU:116,119 CYC:13225
> E2FA  A9 7F     LDA #$7F                        A:80 X:78 Y:64 P:00 SP:FA PPU:116,128 CYC:13228
> E2FC  8D 78 06  STA $0678 = 81                  A:7F X:78 Y:64 P:00 SP:FA PPU:116,134 CYC:13230
> E2FF  68        PLA                             A:7F X:78 Y:64 P:00 SP:FA PPU:116,146 CYC:13234
> E300  DD 00 06  CMP $0600,X                     A:80 X:78 Y:64 P:80 SP:FB PPU:116,158 CYC:13238
> E303  20 D3 F8  JSR $F8D3                       A:80 X:78 Y:64 P:01 SP:FB PPU:116,170 CYC:13242
> F8D3  90 05     BCC $F8DA                       A:80 X:78 Y:64 P:01 SP:F9 PPU:116,188 CYC:13248
> F8D5  F0 03     BEQ $F8DA                       A:80 X:78 Y:64 P:01 SP:F9 PPU:116,194 CYC:13250
> F8D7  30 01     BMI $F8DA                       A:80 X:78 Y:64 P:01 SP:F9 PPU:116,200 CYC:13252
> F8D9  60        RTS                             A:80 X:78 Y:64 P:01 SP:F9 PPU:116,206 CYC:13254
> E306  C8        INY                             A:80 X:78 Y:64 P:01 SP:FB PPU:116,224 CYC:13260
> E307  A9 40     LDA #$40                        A:80 X:78 Y:65 P:01 SP:FB PPU:116,230 CYC:13262
> E309  8D 78 06  STA $0678 = 7F                  A:40 X:78 Y:65 P:01 SP:FB PPU:116,236 CYC:13264
> E30C  20 31 F9  JSR $F931                       A:40 X:78 Y:65 P:01 SP:FB PPU:116,248 CYC:13268
> F931  24 01     BIT $01 = FF                    A:40 X:78 Y:65 P:01 SP:F9 PPU:116,266 CYC:13274
> F933  A9 40     LDA #$40                        A:40 X:78 Y:65 P:C1 SP:F9 PPU:116,275 CYC:13277
> F935  38        SEC                             A:40 X:78 Y:65 P:41 SP:F9 PPU:116,281 CYC:13279
> F936  60        RTS                             A:40 X:78 Y:65 P:41 SP:F9 PPU:116,287 CYC:13281
> E30F  FD 00 06  SBC $0600,X                     A:40 X:78 Y:65 P:41 SP:FB PPU:116,305 CYC:13287
> E312  20 37 F9  JSR $F937                       A:00 X:78 Y:65 P:03 SP:FB PPU:116,317 CYC:13291
> F937  30 0B     BMI $F944                       A:00 X:78 Y:65 P:03 SP:F9 PPU:116,335 CYC:13297
> F939  90 09     BCC $F944                       A:00 X:78 Y:65 P:03 SP:F9 PPU:117,  0 CYC:13299
> F93B  D0 07     BNE $F944                       A:00 X:78 Y:65 P:03 SP:F9 PPU:117,  6 CYC:13301
> F93D  70 05     BVS $F944                       A:00 X:78 Y:65 P:03 SP:F9 PPU:117, 12 CYC:13303
> F93F  C9 00     CMP #$00                        A:00 X:78 Y:65 P:03 SP:F9 PPU:117, 18 CYC:13305
> F941  D0 01     BNE $F944                       A:00 X:78 Y:65 P:03 SP:F9 PPU:117, 24 CYC:13307
> F943  60        RTS                             A:00 X:78 Y:65 P:03 SP:F9 PPU:117, 30 CYC:13309
> E315  C8        INY                             A:00 X:78 Y:65 P:03 SP:FB PPU:117, 48 CYC:13315
> E316  A9 3F     LDA #$3F                        A:00 X:78 Y:66 P:01 SP:FB PPU:117, 54 CYC:13317
> E318  8D 78 06  STA $0678 = 40                  A:3F X:78 Y:66 P:01 SP:FB PPU:117, 60 CYC:13319
> E31B  20 47 F9  JSR $F947                       A:3F X:78 Y:66 P:01 SP:FB PPU:117, 72 CYC:13323
> F947  B8        CLV                             A:3F X:78 Y:66 P:01 SP:F9 PPU:117, 90 CYC:13329
> F948  38        SEC                             A:3F X:78 Y:66 P:01 SP:F9 PPU:117, 96 CYC:13331
> F949  A9 40     LDA #$40                        A:3F X:78 Y:66 P:01 SP:F9 PPU:117,102 CYC:13333
> F94B  60        RTS                             A:40 X:78 Y:66 P:01 SP:F9 PPU:117,108 CYC:13335
> E31E  FD 00 06  SBC $0600,X                     A:40 X:78 Y:66 P:01 SP:FB PPU:117,126 CYC:13341
> E321  20 4C F9  JSR $F94C                       A:01 X:78 Y:66 P:01 SP:FB PPU:117,138 CYC:13345
> F94C  F0 0B     BEQ $F959                       A:01 X:78 Y:66 P:01 SP:F9 PPU:117,156 CYC:13351
> F94E  30 09     BMI $F959                       A:01 X:78 Y:66 P:01 SP:F9 PPU:117,162 CYC:13353
> F950  90 07     BCC $F959                       A:01 X:78 Y:66 P:01 SP:F9 PPU:117,168 CYC:13355
> F952  70 05     BVS $F959                       A:01 X:78 Y:66 P:01 SP:F9 PPU:117,174 CYC:13357
> F954  C9 01     CMP #$01                        A:01 X:78 Y:66 P:01 SP:F9 PPU:117,180 CYC:13359
> F956  D0 01     BNE $F959                       A:01 X:78 Y:66 P:03 SP:F9 PPU:117,186 CYC:13361
> F958  60        RTS                             A:01 X:78 Y:66 P:03 SP:F9 PPU:117,192 CYC:13363
> E324  C8        INY                             A:01 X:78 Y:66 P:03 SP:FB PPU:117,210 CYC:13369
> E325  A9 41     LDA #$41                        A:01 X:78 Y:67 P:01 SP:FB PPU:117,216 CYC:13371
> E327  8D 78 06  STA $0678 = 3F                  A:41 X:78 Y:67 P:01 SP:FB PPU:117,222 CYC:13373
> E32A  20 5C F9  JSR $F95C                       A:41 X:78 Y:67 P:01 SP:FB PPU:117,234 CYC:13377
> F95C  A9 40     LDA #$40                        A:41 X:78 Y:67 P:01 SP:F9 PPU:117,252 CYC:13383
> F95E  38        SEC                             A:40 X:78 Y:67 P:01 SP:F9 PPU:117,258 CYC:13385
> F95F  24 01     BIT $01 = FF                    A:40 X:78 Y:67 P:01 SP:F9 PPU:117,264 CYC:13387
> F961  60        RTS                             A:40 X:78 Y:67 P:C1 SP:F9 PPU:117,273 CYC:13390
> E32D  FD 00 06  SBC $0600,X                     A:40 X:78 Y:67 P:C1 SP:FB PPU:117,291 CYC:13396
> E330  20 62 F9  JSR $F962                       A:FF X:78 Y:67 P:80 SP:FB PPU:117,303 CYC:13400
> F962  B0 0B     BCS $F96F                       A:FF X:78 Y:67 P:80 SP:F9 PPU:117,321 CYC:13406
> F964  F0 09     BEQ $F96F                       A:FF X:78 Y:67 P:80 SP:F9 PPU:117,327 CYC:13408
> F966  10 07     BPL $F96F                       A:FF X:78 Y:67 P:80 SP:F9 PPU:117,333 CYC:13410
> F968  70 05     BVS $F96F                       A:FF X:78 Y:67 P:80 SP:F9 PPU:117,339 CYC:13412
> F96A  C9 FF     CMP #$FF                        A:FF X:78 Y:67 P:80 SP:F9 PPU:118,  4 CYC:13414
> F96C  D0 01     BNE $F96F                       A:FF X:78 Y:67 P:03 SP:F9 PPU:118, 10 CYC:13416
> F96E  60        RTS                             A:FF X:78 Y:67 P:03 SP:F9 PPU:118, 16 CYC:13418
> E333  C8        INY                             A:FF X:78 Y:67 P:03 SP:FB PPU:118, 34 CYC:13424
> E334  A9 00     LDA #$00                        A:FF X:78 Y:68 P:01 SP:FB PPU:118, 40 CYC:13426
> E336  8D 78 06  STA $0678 = 41                  A:00 X:78 Y:68 P:03 SP:FB PPU:118, 46 CYC:13428
> E339  20 72 F9  JSR $F972                       A:00 X:78 Y:68 P:03 SP:FB PPU:118, 58 CYC:13432
> F972  18        CLC                             A:00 X:78 Y:68 P:03 SP:F9 PPU:118, 76 CYC:13438
> F973  A9 80     LDA #$80                        A:00 X:78 Y:68 P:02 SP:F9 PPU:118, 82 CYC:13440
> F975  60        RTS                             A:80 X:78 Y:68 P:80 SP:F9 PPU:118, 88 CYC:13442
> E33C  FD 00 06  SBC $0600,X                     A:80 X:78 Y:68 P:80 SP:FB PPU:118,106 CYC:13448
> E33F  20 76 F9  JSR $F976                       A:7F X:78 Y:68 P:41 SP:FB PPU:118,118 CYC:13452
> F976  90 05     BCC $F97D                       A:7F X:78 Y:68 P:41 SP:F9 PPU:118,136 CYC:13458
> F978  C9 7F     CMP #$7F                        A:7F X:78 Y:68 P:41 SP:F9 PPU:118,142 CYC:13460
> F97A  D0 01     BNE $F97D                       A:7F X:78 Y:68 P:43 SP:F9 PPU:118,148 CYC:13462
> F97C  60        RTS                             A:7F X:78 Y:68 P:43 SP:F9 PPU:118,154 CYC:13464
> E342  C8        INY                             A:7F X:78 Y:68 P:43 SP:FB PPU:118,172 CYC:13470
> E343  A9 7F     LDA #$7F                        A:7F X:78 Y:69 P:41 SP:FB PPU:118,178 CYC:13472
> E345  8D 78 06  STA $0678 = 00                  A:7F X:78 Y:69 P:41 SP:FB PPU:118,184 CYC:13474
> E348  20 80 F9  JSR $F980                       A:7F X:78 Y:69 P:41 SP:FB PPU:118,196 CYC:13478
> F980  38        SEC                             A:7F X:78 Y:69 P:41 SP:F9 PPU:118,214 CYC:13484
> F981  A9 81     LDA #$81                        A:7F X:78 Y:69 P:41 SP:F9 PPU:118,220 CYC:13486
> F983  60        RTS                             A:81 X:78 Y:69 P:C1 SP:F9 PPU:118,226 CYC:13488
> E34B  FD 00 06  SBC $0600,X                     A:81 X:78 Y:69 P:C1 SP:FB PPU:118,244 CYC:13494
> E34E  20 84 F9  JSR $F984                       A:02 X:78 Y:69 P:41 SP:FB PPU:118,256 CYC:13498
> F984  50 07     BVC $F98D                       A:02 X:78 Y:69 P:41 SP:F9 PPU:118,274 CYC:13504
> F986  90 05     BCC $F98D                       A:02 X:78 Y:69 P:41 SP:F9 PPU:118,280 CYC:13506
> F988  C9 02     CMP #$02                        A:02 X:78 Y:69 P:41 SP:F9 PPU:118,286 CYC:13508
> F98A  D0 01     BNE $F98D                       A:02 X:78 Y:69 P:43 SP:F9 PPU:118,292 CYC:13510
> F98C  60        RTS                             A:02 X:78 Y:69 P:43 SP:F9 PPU:118,298 CYC:13512
> E351  A9 AA     LDA #$AA                        A:02 X:78 Y:69 P:43 SP:FB PPU:118,316 CYC:13518
> E353  8D 33 06  STA $0633 = AA                  A:AA X:78 Y:69 P:C1 SP:FB PPU:118,322 CYC:13520
> E356  A9 BB     LDA #$BB                        A:AA X:78 Y:69 P:C1 SP:FB PPU:118,334 CYC:13524
> E358  8D 89 06  STA $0689 = BB                  A:BB X:78 Y:69 P:C1 SP:FB PPU:118,340 CYC:13526
> E35B  A2 00     LDX #$00                        A:BB X:78 Y:69 P:C1 SP:FB PPU:119, 11 CYC:13530
> E35D  A0 66     LDY #$66                        A:BB X:00 Y:69 P:43 SP:FB PPU:119, 17 CYC:13532
> E35F  24 01     BIT $01 = FF                    A:BB X:00 Y:66 P:41 SP:FB PPU:119, 23 CYC:13534
> E361  38        SEC                             A:BB X:00 Y:66 P:C1 SP:FB PPU:119, 32 CYC:13537
> E362  A9 00     LDA #$00                        A:BB X:00 Y:66 P:C1 SP:FB PPU:119, 38 CYC:13539
> E364  BD 33 06  LDA $0633,X                     A:00 X:00 Y:66 P:43 SP:FB PPU:119, 44 CYC:13541
> E367  10 12     BPL $E37B                       A:AA X:00 Y:66 P:C1 SP:FB PPU:119, 56 CYC:13545
> E369  F0 10     BEQ $E37B                       A:AA X:00 Y:66 P:C1 SP:FB PPU:119, 62 CYC:13547
> E36B  50 0E     BVC $E37B                       A:AA X:00 Y:66 P:C1 SP:FB PPU:119, 68 CYC:13549
> E36D  90 0C     BCC $E37B                       A:AA X:00 Y:66 P:C1 SP:FB PPU:119, 74 CYC:13551
> E36F  C0 66     CPY #$66                        A:AA X:00 Y:66 P:C1 SP:FB PPU:119, 80 CYC:13553
> E371  D0 08     BNE $E37B                       A:AA X:00 Y:66 P:43 SP:FB PPU:119, 86 CYC:13555
> E373  E0 00     CPX #$00                        A:AA X:00 Y:66 P:43 SP:FB PPU:119, 92 CYC:13557
> E375  D0 04     BNE $E37B                       A:AA X:00 Y:66 P:43 SP:FB PPU:119, 98 CYC:13559
> E377  C9 AA     CMP #$AA                        A:AA X:00 Y:66 P:43 SP:FB PPU:119,104 CYC:13561
> E379  F0 04     BEQ $E37F                       A:AA X:00 Y:66 P:43 SP:FB PPU:119,110 CYC:13563
> E37F  A2 8A     LDX #$8A                        A:AA X:00 Y:66 P:43 SP:FB PPU:119,119 CYC:13566
> E381  A0 66     LDY #$66                        A:AA X:8A Y:66 P:C1 SP:FB PPU:119,125 CYC:13568
> E383  B8        CLV                             A:AA X:8A Y:66 P:41 SP:FB PPU:119,131 CYC:13570
> E384  18        CLC                             A:AA X:8A Y:66 P:01 SP:FB PPU:119,137 CYC:13572
> E385  A9 00     LDA #$00                        A:AA X:8A Y:66 P:00 SP:FB PPU:119,143 CYC:13574
> E387  BD FF 05  LDA $05FF,X                     A:00 X:8A Y:66 P:02 SP:FB PPU:119,149 CYC:13576
> E38A  10 12     BPL $E39E                       A:BB X:8A Y:66 P:81 SP:FB PPU:119,164 CYC:13581
> E38C  F0 10     BEQ $E39E                       A:BB X:8A Y:66 P:81 SP:FB PPU:119,170 CYC:13583
> E38E  70 0E     BVS $E39E                       A:BB X:8A Y:66 P:81 SP:FB PPU:119,176 CYC:13585
> E390  B0 0C     BCS $E39E                       A:BB X:8A Y:66 P:81 SP:FB PPU:119,182 CYC:13587
> E39E  A9 6B     LDA #$6B                        A:BB X:8A Y:66 P:81 SP:FB PPU:119,191 CYC:13590
> E3A0  85 00     STA $00 = 52                    A:6B X:8A Y:66 P:01 SP:FB PPU:119,197 CYC:13592
> E3A2  24 01     BIT $01 = FF                    A:6B X:8A Y:66 P:01 SP:FB PPU:119,206 CYC:13595
> E3A4  38        SEC                             A:6B X:8A Y:66 P:C1 SP:FB PPU:119,215 CYC:13598
> E3A5  A9 44     LDA #$44                        A:6B X:8A Y:66 P:C1 SP:FB PPU:119,221 CYC:13600
> E3A7  A2 00     LDX #$00                        A:44 X:8A Y:66 P:41 SP:FB PPU:119,227 CYC:13602
> E3A9  9D 33 06  STA $0633,X                     A:44 X:00 Y:66 P:43 SP:FB PPU:119,233 CYC:13604
> E3AC  AD 33 06  LDA $0633                       A:44 X:00 Y:66 P:01 SP:FB PPU:119,248 CYC:13609
> E3AF  90 1A     BCC $E3CB                       A:AA X:00 Y:66 P:81 SP:FB PPU:119,260 CYC:13613
> E3B1  C9 44     CMP #$44                        A:AA X:00 Y:66 P:81 SP:FB PPU:119,266 CYC:13615
> E3B3  D0 16     BNE $E3CB                       A:AA X:00 Y:66 P:01 SP:FB PPU:119,272 CYC:13617
> E3CB  A9 6C     LDA #$6C                        A:AA X:00 Y:66 P:01 SP:FB PPU:119,281 CYC:13620
> E3CD  85 00     STA $00 = 6B                    A:6C X:00 Y:66 P:01 SP:FB PPU:119,287 CYC:13622
> E3CF  A0 6D     LDY #$6D                        A:6C X:00 Y:66 P:01 SP:FB PPU:119,296 CYC:13625
> E3D1  A2 6D     LDX #$6D                        A:6C X:00 Y:6D P:01 SP:FB PPU:119,302 CYC:13627
> E3D3  20 90 F9  JSR $F990                       A:6C X:6D Y:6D P:01 SP:FB PPU:119,308 CYC:13629
> F990  A2 55     LDX #$55                        A:6C X:6D Y:6D P:01 SP:F9 PPU:119,326 CYC:13635
> F992  A9 FF     LDA #$FF                        A:6C X:55 Y:6D P:01 SP:F9 PPU:119,332 CYC:13637
> F994  85 01     STA $01 = FF                    A:FF X:55 Y:6D P:81 SP:F9 PPU:119,338 CYC:13639
> F996  EA        NOP                             A:FF X:55 Y:6D P:81 SP:F9 PPU:120,  6 CYC:13642
> F997  24 01     BIT $01 = FF                    A:FF X:55 Y:6D P:81 SP:F9 PPU:120, 12 CYC:13644
> F999  38        SEC                             A:FF X:55 Y:6D P:C1 SP:F9 PPU:120, 21 CYC:13647
> F99A  A9 01     LDA #$01                        A:FF X:55 Y:6D P:C1 SP:F9 PPU:120, 27 CYC:13649
> F99C  60        RTS                             A:01 X:55 Y:6D P:41 SP:F9 PPU:120, 33 CYC:13651
> E3D6  9D 00 06  STA $0600,X                     A:01 X:55 Y:6D P:41 SP:FB PPU:120, 51 CYC:13657
> E3D9  5E 00 06  LSR $0600,X                     A:01 X:55 Y:6D P:01 SP:FB PPU:120, 66 CYC:13662
> E3DC  BD 00 06  LDA $0600,X                     A:01 X:55 Y:6D P:02 SP:FB PPU:120, 78 CYC:13666
> E3DF  20 9D F9  JSR $F99D                       A:00 X:55 Y:6D P:02 SP:FB PPU:120, 90 CYC:13670
> F99D  90 1B     BCC $F9BA                       A:00 X:55 Y:6D P:02 SP:F9 PPU:120,108 CYC:13676
> F9BA  84 00     STY $00 = 6C                    A:00 X:55 Y:6D P:02 SP:F9 PPU:120,117 CYC:13679
> F9BC  60        RTS                             A:00 X:55 Y:6D P:02 SP:F9 PPU:120,126 CYC:13682
> E3E2  C8        INY                             A:00 X:55 Y:6D P:02 SP:FB PPU:120,144 CYC:13688
> E3E3  9D 00 06  STA $0600,X                     A:00 X:55 Y:6E P:00 SP:FB PPU:120,150 CYC:13690
> E3E6  5E 00 06  LSR $0600,X                     A:00 X:55 Y:6E P:00 SP:FB PPU:120,165 CYC:13695
> E3E9  BD 00 06  LDA $0600,X                     A:00 X:55 Y:6E P:02 SP:FB PPU:120,177 CYC:13699
> E3EC  20 AD F9  JSR $F9AD                       A:00 X:55 Y:6E P:02 SP:FB PPU:120,189 CYC:13703
> F9AD  B0 0B     BCS $F9BA                       A:00 X:55 Y:6E P:02 SP:F9 PPU:120,207 CYC:13709
> F9AF  F0 09     BEQ $F9BA                       A:00 X:55 Y:6E P:02 SP:F9 PPU:120,213 CYC:13711
> F9BA  84 00     STY $00 = 6D                    A:00 X:55 Y:6E P:02 SP:F9 PPU:120,222 CYC:13714
> F9BC  60        RTS                             A:00 X:55 Y:6E P:02 SP:F9 PPU:120,231 CYC:13717
> E3EF  C8        INY                             A:00 X:55 Y:6E P:02 SP:FB PPU:120,249 CYC:13723
> E3F0  20 BD F9  JSR $F9BD                       A:00 X:55 Y:6F P:00 SP:FB PPU:120,255 CYC:13725
> F9BD  24 01     BIT $01 = FF                    A:00 X:55 Y:6F P:00 SP:F9 PPU:120,273 CYC:13731
> F9BF  38        SEC                             A:00 X:55 Y:6F P:C2 SP:F9 PPU:120,282 CYC:13734
> F9C0  A9 80     LDA #$80                        A:00 X:55 Y:6F P:C3 SP:F9 PPU:120,288 CYC:13736
> F9C2  60        RTS                             A:80 X:55 Y:6F P:C1 SP:F9 PPU:120,294 CYC:13738
> E3F3  9D 00 06  STA $0600,X                     A:80 X:55 Y:6F P:C1 SP:FB PPU:120,312 CYC:13744
> E3F6  1E 00 06  ASL $0600,X                     A:80 X:55 Y:6F P:01 SP:FB PPU:120,327 CYC:13749
> E3F9  BD 00 06  LDA $0600,X                     A:80 X:55 Y:6F P:00 SP:FB PPU:121,  7 CYC:13756
> E3FC  20 C3 F9  JSR $F9C3                       A:00 X:55 Y:6F P:02 SP:FB PPU:121, 19 CYC:13760
> F9C3  90 1C     BCC $F9E1                       A:00 X:55 Y:6F P:02 SP:F9 PPU:121, 37 CYC:13766
> F9E1  84 00     STY $00 = 6E                    A:00 X:55 Y:6F P:02 SP:F9 PPU:121, 46 CYC:13769
> F9E3  60        RTS                             A:00 X:55 Y:6F P:02 SP:F9 PPU:121, 55 CYC:13772
> E3FF  C8        INY                             A:00 X:55 Y:6F P:02 SP:FB PPU:121, 73 CYC:13778
> E400  9D 00 06  STA $0600,X                     A:00 X:55 Y:70 P:00 SP:FB PPU:121, 79 CYC:13780
> E403  1E 00 06  ASL $0600,X                     A:00 X:55 Y:70 P:00 SP:FB PPU:121, 94 CYC:13785
> E406  BD 00 06  LDA $0600,X                     A:00 X:55 Y:70 P:00 SP:FB PPU:121,115 CYC:13792
> E409  20 D4 F9  JSR $F9D4                       A:00 X:55 Y:70 P:02 SP:FB PPU:121,127 CYC:13796
> F9D4  B0 0B     BCS $F9E1                       A:00 X:55 Y:70 P:02 SP:F9 PPU:121,145 CYC:13802
> F9D6  F0 09     BEQ $F9E1                       A:00 X:55 Y:70 P:02 SP:F9 PPU:121,151 CYC:13804
> F9E1  84 00     STY $00 = 6F                    A:00 X:55 Y:70 P:02 SP:F9 PPU:121,160 CYC:13807
> F9E3  60        RTS                             A:00 X:55 Y:70 P:02 SP:F9 PPU:121,169 CYC:13810
> E40C  C8        INY                             A:00 X:55 Y:70 P:02 SP:FB PPU:121,187 CYC:13816
> E40D  20 E4 F9  JSR $F9E4                       A:00 X:55 Y:71 P:00 SP:FB PPU:121,193 CYC:13818
> F9E4  24 01     BIT $01 = FF                    A:00 X:55 Y:71 P:00 SP:F9 PPU:121,211 CYC:13824
> F9E6  38        SEC                             A:00 X:55 Y:71 P:C2 SP:F9 PPU:121,220 CYC:13827
> F9E7  A9 01     LDA #$01                        A:00 X:55 Y:71 P:C3 SP:F9 PPU:121,226 CYC:13829
> F9E9  60        RTS                             A:01 X:55 Y:71 P:41 SP:F9 PPU:121,232 CYC:13831
> E410  9D 00 06  STA $0600,X                     A:01 X:55 Y:71 P:41 SP:FB PPU:121,250 CYC:13837
> E413  7E 00 06  ROR $0600,X                     A:01 X:55 Y:71 P:01 SP:FB PPU:121,265 CYC:13842
> E416  BD 00 06  LDA $0600,X                     A:01 X:55 Y:71 P:80 SP:FB PPU:121,286 CYC:13849
> E419  20 EA F9  JSR $F9EA                       A:00 X:55 Y:71 P:02 SP:FB PPU:121,298 CYC:13853
> F9EA  90 1C     BCC $FA08                       A:00 X:55 Y:71 P:02 SP:F9 PPU:121,316 CYC:13859
> FA08  84 00     STY $00 = 70                    A:00 X:55 Y:71 P:03 SP:F9 PPU:121,328 CYC:13863
> FA0A  24 01     BIT $01 = FF                    A:00 X:55 Y:71 P:03 SP:F9 PPU:121,337 CYC:13866
> FA0C  38        SEC                             A:00 X:55 Y:71 P:C3 SP:F9 PPU:122,  5 CYC:13869
> FA0D  A9 80     LDA #$80                        A:00 X:55 Y:71 P:C3 SP:F9 PPU:122, 11 CYC:13871
> FA0F  60        RTS                             A:80 X:55 Y:71 P:C1 SP:F9 PPU:122, 17 CYC:13873
> E41C  C8        INY                             A:80 X:55 Y:71 P:C1 SP:FB PPU:122, 35 CYC:13879
> E41D  9D 00 06  STA $0600,X                     A:80 X:55 Y:72 P:41 SP:FB PPU:122, 41 CYC:13881
> E420  7E 00 06  ROR $0600,X                     A:80 X:55 Y:72 P:01 SP:FB PPU:122, 56 CYC:13886
> E423  BD 00 06  LDA $0600,X                     A:80 X:55 Y:72 P:80 SP:FB PPU:122, 77 CYC:13893
> E426  20 FB F9  JSR $F9FB                       A:00 X:55 Y:72 P:02 SP:FB PPU:122, 89 CYC:13897
> F9FB  90 0B     BCC $FA08                       A:00 X:55 Y:72 P:02 SP:F9 PPU:122,107 CYC:13903
> FA08  84 00     STY $00 = 71                    A:00 X:55 Y:72 P:03 SP:F9 PPU:122,119 CYC:13907
> FA0A  24 01     BIT $01 = FF                    A:00 X:55 Y:72 P:03 SP:F9 PPU:122,128 CYC:13910
> FA0C  38        SEC                             A:00 X:55 Y:72 P:C3 SP:F9 PPU:122,137 CYC:13913
> FA0D  A9 80     LDA #$80                        A:00 X:55 Y:72 P:C3 SP:F9 PPU:122,143 CYC:13915
> FA0F  60        RTS                             A:80 X:55 Y:72 P:C1 SP:F9 PPU:122,149 CYC:13917
> E429  C8        INY                             A:80 X:55 Y:72 P:C1 SP:FB PPU:122,167 CYC:13923
> E42A  20 0A FA  JSR $FA0A                       A:80 X:55 Y:73 P:41 SP:FB PPU:122,173 CYC:13925
> FA0A  24 01     BIT $01 = FF                    A:80 X:55 Y:73 P:41 SP:F9 PPU:122,191 CYC:13931
> FA0C  38        SEC                             A:80 X:55 Y:73 P:C1 SP:F9 PPU:122,200 CYC:13934
> FA0D  A9 80     LDA #$80                        A:80 X:55 Y:73 P:C1 SP:F9 PPU:122,206 CYC:13936
> FA0F  60        RTS                             A:80 X:55 Y:73 P:C1 SP:F9 PPU:122,212 CYC:13938
> E42D  9D 00 06  STA $0600,X                     A:80 X:55 Y:73 P:C1 SP:FB PPU:122,230 CYC:13944
> E430  3E 00 06  ROL $0600,X                     A:80 X:55 Y:73 P:01 SP:FB PPU:122,245 CYC:13949
> E433  BD 00 06  LDA $0600,X                     A:80 X:55 Y:73 P:81 SP:FB PPU:122,266 CYC:13956
> E436  20 10 FA  JSR $FA10                       A:00 X:55 Y:73 P:03 SP:FB PPU:122,278 CYC:13960
> FA10  90 1C     BCC $FA2E                       A:00 X:55 Y:73 P:03 SP:F9 PPU:122,296 CYC:13966
> FA12  F0 1A     BEQ $FA2E                       A:00 X:55 Y:73 P:03 SP:F9 PPU:122,302 CYC:13968
> FA2E  84 00     STY $00 = 72                    A:00 X:55 Y:73 P:03 SP:F9 PPU:122,311 CYC:13971
> FA30  60        RTS                             A:00 X:55 Y:73 P:03 SP:F9 PPU:122,320 CYC:13974
> E439  C8        INY                             A:00 X:55 Y:73 P:03 SP:FB PPU:122,338 CYC:13980
> E43A  9D 00 06  STA $0600,X                     A:00 X:55 Y:74 P:01 SP:FB PPU:123,  3 CYC:13982
> E43D  3E 00 06  ROL $0600,X                     A:00 X:55 Y:74 P:01 SP:FB PPU:123, 18 CYC:13987
> E440  BD 00 06  LDA $0600,X                     A:00 X:55 Y:74 P:01 SP:FB PPU:123, 39 CYC:13994
> E443  20 21 FA  JSR $FA21                       A:00 X:55 Y:74 P:03 SP:FB PPU:123, 51 CYC:13998
> FA21  B0 0B     BCS $FA2E                       A:00 X:55 Y:74 P:03 SP:F9 PPU:123, 69 CYC:14004
> FA2E  84 00     STY $00 = 73                    A:00 X:55 Y:74 P:03 SP:F9 PPU:123, 78 CYC:14007
> FA30  60        RTS                             A:00 X:55 Y:74 P:03 SP:F9 PPU:123, 87 CYC:14010
> E446  A9 FF     LDA #$FF                        A:00 X:55 Y:74 P:03 SP:FB PPU:123,105 CYC:14016
> E448  9D 00 06  STA $0600,X                     A:FF X:55 Y:74 P:81 SP:FB PPU:123,111 CYC:14018
> E44B  85 01     STA $01 = FF                    A:FF X:55 Y:74 P:01 SP:FB PPU:123,126 CYC:14023
> E44D  24 01     BIT $01 = FF                    A:FF X:55 Y:74 P:01 SP:FB PPU:123,135 CYC:14026
> E44F  38        SEC                             A:FF X:55 Y:74 P:C1 SP:FB PPU:123,144 CYC:14029
> E450  FE 00 06  INC  $0600,X                     A:FF X:55 Y:74 P:C1 SP:FB PPU:123,150 CYC:14031
> E453  D0 0D     BNE $E462                       A:FF X:55 Y:74 P:01 SP:FB PPU:123,171 CYC:14038
> E462  A9 75     LDA #$75                        A:FF X:55 Y:74 P:01 SP:FB PPU:123,180 CYC:14041
> E464  85 00     STA $00 = 74                    A:75 X:55 Y:74 P:01 SP:FB PPU:123,186 CYC:14043
> E466  A9 7F     LDA #$7F                        A:75 X:55 Y:74 P:01 SP:FB PPU:123,195 CYC:14046
> E468  9D 00 06  STA $0600,X                     A:7F X:55 Y:74 P:01 SP:FB PPU:123,201 CYC:14048
> E46B  B8        CLV                             A:7F X:55 Y:74 P:01 SP:FB PPU:123,216 CYC:14053
> E46C  18        CLC                             A:7F X:55 Y:74 P:01 SP:FB PPU:123,222 CYC:14055
> E46D  FE 00 06  INC  $0600,X                     A:7F X:55 Y:74 P:00 SP:FB PPU:123,228 CYC:14057
> E470  F0 0D     BEQ $E47F                       A:7F X:55 Y:74 P:00 SP:FB PPU:123,249 CYC:14064
> E472  10 0B     BPL $E47F                       A:7F X:55 Y:74 P:00 SP:FB PPU:123,255 CYC:14066
> E47F  A9 76     LDA #$76                        A:7F X:55 Y:74 P:00 SP:FB PPU:123,264 CYC:14069
> E481  85 00     STA $00 = 75                    A:76 X:55 Y:74 P:00 SP:FB PPU:123,270 CYC:14071
> E483  A9 00     LDA #$00                        A:76 X:55 Y:74 P:00 SP:FB PPU:123,279 CYC:14074
> E485  9D 00 06  STA $0600,X                     A:00 X:55 Y:74 P:02 SP:FB PPU:123,285 CYC:14076
> E488  24 01     BIT $01 = FF                    A:00 X:55 Y:74 P:00 SP:FB PPU:123,300 CYC:14081
> E48A  38        SEC                             A:00 X:55 Y:74 P:C2 SP:FB PPU:123,309 CYC:14084
> E48B  DE 00 06  DEC $0600,X                     A:00 X:55 Y:74 P:C3 SP:FB PPU:123,315 CYC:14086
> E48E  F0 0D     BEQ $E49D                       A:00 X:55 Y:74 P:01 SP:FB PPU:123,336 CYC:14093
> E490  10 0B     BPL $E49D                       A:00 X:55 Y:74 P:01 SP:FB PPU:124,  1 CYC:14095
> E49D  A9 77     LDA #$77                        A:00 X:55 Y:74 P:01 SP:FB PPU:124, 10 CYC:14098
> E49F  85 00     STA $00 = 76                    A:77 X:55 Y:74 P:01 SP:FB PPU:124, 16 CYC:14100
> E4A1  A9 80     LDA #$80                        A:77 X:55 Y:74 P:01 SP:FB PPU:124, 25 CYC:14103
> E4A3  9D 00 06  STA $0600,X                     A:80 X:55 Y:74 P:81 SP:FB PPU:124, 31 CYC:14105
> E4A6  B8        CLV                             A:80 X:55 Y:74 P:01 SP:FB PPU:124, 46 CYC:14110
> E4A7  18        CLC                             A:80 X:55 Y:74 P:01 SP:FB PPU:124, 52 CYC:14112
> E4A8  DE 00 06  DEC $0600,X                     A:80 X:55 Y:74 P:00 SP:FB PPU:124, 58 CYC:14114
> E4AB  F0 0D     BEQ $E4BA                       A:80 X:55 Y:74 P:02 SP:FB PPU:124, 79 CYC:14121
> E4BA  A9 78     LDA #$78                        A:80 X:55 Y:74 P:02 SP:FB PPU:124, 88 CYC:14124
> E4BC  85 00     STA $00 = 77                    A:78 X:55 Y:74 P:00 SP:FB PPU:124, 94 CYC:14126
> E4BE  A9 01     LDA #$01                        A:78 X:55 Y:74 P:00 SP:FB PPU:124,103 CYC:14129
> E4C0  9D 00 06  STA $0600,X                     A:01 X:55 Y:74 P:00 SP:FB PPU:124,109 CYC:14131
> E4C3  DE 00 06  DEC $0600,X                     A:01 X:55 Y:74 P:00 SP:FB PPU:124,124 CYC:14136
> E4C6  F0 04     BEQ $E4CC                       A:01 X:55 Y:74 P:80 SP:FB PPU:124,145 CYC:14143
> E4C8  A9 79     LDA #$79                        A:01 X:55 Y:74 P:80 SP:FB PPU:124,151 CYC:14145
> E4CA  85 00     STA $00 = 78                    A:79 X:55 Y:74 P:00 SP:FB PPU:124,157 CYC:14147
> E4CC  A9 33     LDA #$33                        A:79 X:55 Y:74 P:00 SP:FB PPU:124,166 CYC:14150
> E4CE  8D 78 06  STA $0678 = 7F                  A:33 X:55 Y:74 P:00 SP:FB PPU:124,172 CYC:14152
> E4D1  A9 44     LDA #$44                        A:33 X:55 Y:74 P:00 SP:FB PPU:124,184 CYC:14156
> E4D3  A0 78     LDY #$78                        A:44 X:55 Y:74 P:00 SP:FB PPU:124,190 CYC:14158
> E4D5  A2 00     LDX #$00                        A:44 X:55 Y:78 P:00 SP:FB PPU:124,196 CYC:14160
> E4D7  38        SEC                             A:44 X:00 Y:78 P:02 SP:FB PPU:124,202 CYC:14162
> E4D8  24 01     BIT $01 = FF                    A:44 X:00 Y:78 P:03 SP:FB PPU:124,208 CYC:14164
> E4DA  BE 00 06  LDX $0600,Y                     A:44 X:00 Y:78 P:C1 SP:FB PPU:124,217 CYC:14167
> E4DD  90 12     BCC $E4F1                       A:44 X:00 Y:78 P:03 SP:FB PPU:124,232 CYC:14172
> E4DF  50 10     BVC $E4F1                       A:44 X:00 Y:78 P:03 SP:FB PPU:124,238 CYC:14174
> E4F1  A9 7A     LDA #$7A                        A:44 X:00 Y:78 P:03 SP:FB PPU:124,247 CYC:14177
> E4F3  85 00     STA $00 = 79                    A:7A X:00 Y:78 P:01 SP:FB PPU:124,253 CYC:14179
> E4F5  A9 97     LDA #$97                        A:7A X:00 Y:78 P:01 SP:FB PPU:124,262 CYC:14182
> E4F7  8D 7F 06  STA $067F = 00                  A:97 X:00 Y:78 P:81 SP:FB PPU:124,268 CYC:14184
> E4FA  A9 47     LDA #$47                        A:97 X:00 Y:78 P:81 SP:FB PPU:124,280 CYC:14188
> E4FC  A0 FF     LDY #$FF                        A:47 X:00 Y:78 P:01 SP:FB PPU:124,286 CYC:14190
> E4FE  A2 00     LDX #$00                        A:47 X:00 Y:FF P:81 SP:FB PPU:124,292 CYC:14192
> E500  18        CLC                             A:47 X:00 Y:FF P:03 SP:FB PPU:124,298 CYC:14194
> E501  B8        CLV                             A:47 X:00 Y:FF P:02 SP:FB PPU:124,304 CYC:14196
> E502  BE 80 05  LDX $0580,Y                     A:47 X:00 Y:FF P:02 SP:FB PPU:124,310 CYC:14198
> E505  B0 12     BCS $E519                       A:47 X:00 Y:FF P:03 SP:FB PPU:124,328 CYC:14204
> E519  A9 7B     LDA #$7B                        A:47 X:00 Y:FF P:03 SP:FB PPU:124,337 CYC:14207
> E51B  85 00     STA $00 = 7A                    A:7B X:00 Y:FF P:01 SP:FB PPU:125,  2 CYC:14209
> E51D  60        RTS                             A:7B X:00 Y:FF P:01 SP:FB PPU:125, 11 CYC:14212
> C62F  20 A3 C6  JSR $C6A3                       A:7B X:00 Y:FF P:01 SP:FD PPU:125, 29 CYC:14218
> C6A3  A0 4E     LDY #$4E                        A:7B X:00 Y:FF P:01 SP:FB PPU:125, 47 CYC:14224
> C6A5  A9 FF     LDA #$FF                        A:7B X:00 Y:4E P:01 SP:FB PPU:125, 53 CYC:14226
> C6A7  85 01     STA $01 = FF                    A:FF X:00 Y:4E P:81 SP:FB PPU:125, 59 CYC:14228
> C6A9  20 B0 C6  JSR $C6B0                       A:FF X:00 Y:4E P:81 SP:FB PPU:125, 68 CYC:14231
> C6B0  A9 FF     LDA #$FF                        A:FF X:00 Y:4E P:81 SP:F9 PPU:125, 86 CYC:14237
> C6B2  48        PHA                             A:FF X:00 Y:4E P:81 SP:F9 PPU:125, 92 CYC:14239
> C6B3  A9 AA     LDA #$AA                        A:FF X:00 Y:4E P:81 SP:F8 PPU:125,101 CYC:14242
> C6B5  D0 05     BNE $C6BC                       A:AA X:00 Y:4E P:81 SP:F8 PPU:125,107 CYC:14244
> C6BC  28        PLP                             A:AA X:00 Y:4E P:81 SP:F8 PPU:125,116 CYC:14247
> C6BD  04        NOP                             A:AA X:00 Y:4E P:EF SP:F9 PPU:125,128 CYC:14251
> C6BE  A9 44     LDA #$44                        A:AA X:00 Y:4E P:EF SP:F9 PPU:125,134 CYC:14253
> C6C0  A9 64     LDA #$64                        A:44 X:00 Y:4E P:6D SP:F9 PPU:125,140 CYC:14255
> C6C2  A9 EA     LDA #$EA                        A:64 X:00 Y:4E P:6D SP:F9 PPU:125,146 CYC:14257
> C6C4  EA        NOP                             A:EA X:00 Y:4E P:ED SP:F9 PPU:125,152 CYC:14259
> C6C5  EA        NOP                             A:EA X:00 Y:4E P:ED SP:F9 PPU:125,158 CYC:14261
> C6C6  EA        NOP                             A:EA X:00 Y:4E P:ED SP:F9 PPU:125,164 CYC:14263
> C6C7  08        PHP                             A:EA X:00 Y:4E P:ED SP:F9 PPU:125,170 CYC:14265
> C6C8  48        PHA                             A:EA X:00 Y:4E P:ED SP:F8 PPU:125,179 CYC:14268
> C6C9  0C        NOP                             A:EA X:00 Y:4E P:ED SP:F7 PPU:125,188 CYC:14271
> C6CA  A9 A9     LDA #$A9                        A:EA X:00 Y:4E P:ED SP:F7 PPU:125,194 CYC:14273
> C6CC  EA        NOP                             A:A9 X:00 Y:4E P:ED SP:F7 PPU:125,200 CYC:14275
> C6CD  EA        NOP                             A:A9 X:00 Y:4E P:ED SP:F7 PPU:125,206 CYC:14277
> C6CE  EA        NOP                             A:A9 X:00 Y:4E P:ED SP:F7 PPU:125,212 CYC:14279
> C6CF  EA        NOP                             A:A9 X:00 Y:4E P:ED SP:F7 PPU:125,218 CYC:14281
> C6D0  08        PHP                             A:A9 X:00 Y:4E P:ED SP:F7 PPU:125,224 CYC:14283
> C6D1  48        PHA                             A:A9 X:00 Y:4E P:ED SP:F6 PPU:125,233 CYC:14286
> C6D2  14        NOP                             A:A9 X:00 Y:4E P:ED SP:F5 PPU:125,242 CYC:14289
> C6D3  A9 34     LDA #$34                        A:A9 X:00 Y:4E P:ED SP:F5 PPU:125,248 CYC:14291
> C6D5  A9 54     LDA #$54                        A:34 X:00 Y:4E P:6D SP:F5 PPU:125,254 CYC:14293
> C6D7  A9 74     LDA #$74                        A:54 X:00 Y:4E P:6D SP:F5 PPU:125,260 CYC:14295
> C6D9  A9 D4     LDA #$D4                        A:74 X:00 Y:4E P:6D SP:F5 PPU:125,266 CYC:14297
> C6DB  A9 F4     LDA #$F4                        A:D4 X:00 Y:4E P:ED SP:F5 PPU:125,272 CYC:14299
> C6DD  A9 EA     LDA #$EA                        A:F4 X:00 Y:4E P:ED SP:F5 PPU:125,278 CYC:14301
> C6DF  EA        NOP                             A:EA X:00 Y:4E P:ED SP:F5 PPU:125,284 CYC:14303
> C6E0  EA        NOP                             A:EA X:00 Y:4E P:ED SP:F5 PPU:125,290 CYC:14305
> C6E1  EA        NOP                             A:EA X:00 Y:4E P:ED SP:F5 PPU:125,296 CYC:14307
> C6E2  08        PHP                             A:EA X:00 Y:4E P:ED SP:F5 PPU:125,302 CYC:14309
> C6E3  48        PHA                             A:EA X:00 Y:4E P:ED SP:F4 PPU:125,311 CYC:14312
> C6E4  1A        NOP                             A:EA X:00 Y:4E P:ED SP:F3 PPU:125,320 CYC:14315
> C6E5  3A        NOP                             A:EA X:00 Y:4E P:ED SP:F3 PPU:125,326 CYC:14317
> C6E6  5A        NOP                             A:EA X:00 Y:4E P:ED SP:F3 PPU:125,332 CYC:14319
> C6E7  7A        NOP                             A:EA X:00 Y:4E P:ED SP:F3 PPU:125,338 CYC:14321
> C6E8  DA        NOP                             A:EA X:00 Y:4E P:ED SP:F3 PPU:126,  3 CYC:14323
> C6E9  FA        NOP                             A:EA X:00 Y:4E P:ED SP:F3 PPU:126,  9 CYC:14325
> C6EA  80        NOP                             A:EA X:00 Y:4E P:ED SP:F3 PPU:126, 15 CYC:14327
> C6EB  89        NOP                             A:EA X:00 Y:4E P:ED SP:F3 PPU:126, 21 CYC:14329
> C6EC  EA        NOP                             A:EA X:00 Y:4E P:ED SP:F3 PPU:126, 27 CYC:14331
> C6ED  EA        NOP                             A:EA X:00 Y:4E P:ED SP:F3 PPU:126, 33 CYC:14333
> C6EE  EA        NOP                             A:EA X:00 Y:4E P:ED SP:F3 PPU:126, 39 CYC:14335
> C6EF  EA        NOP                             A:EA X:00 Y:4E P:ED SP:F3 PPU:126, 45 CYC:14337
> C6F0  08        PHP                             A:EA X:00 Y:4E P:ED SP:F3 PPU:126, 51 CYC:14339
> C6F1  48        PHA                             A:EA X:00 Y:4E P:ED SP:F2 PPU:126, 60 CYC:14342
> C6F2  1C        NOP                             A:EA X:00 Y:4E P:ED SP:F1 PPU:126, 69 CYC:14345
> C6F3  A9 A9     LDA #$A9                        A:EA X:00 Y:4E P:ED SP:F1 PPU:126, 75 CYC:14347
> C6F5  3C        NOP                             A:A9 X:00 Y:4E P:ED SP:F1 PPU:126, 81 CYC:14349
> C6F6  A9 A9     LDA #$A9                        A:A9 X:00 Y:4E P:ED SP:F1 PPU:126, 87 CYC:14351
> C6F8  5C        NOP                             A:A9 X:00 Y:4E P:ED SP:F1 PPU:126, 93 CYC:14353
> C6F9  A9 A9     LDA #$A9                        A:A9 X:00 Y:4E P:ED SP:F1 PPU:126, 99 CYC:14355
> C6FB  7C        NOP                             A:A9 X:00 Y:4E P:ED SP:F1 PPU:126,105 CYC:14357
> C6FC  A9 A9     LDA #$A9                        A:A9 X:00 Y:4E P:ED SP:F1 PPU:126,111 CYC:14359
> C6FE  DC        NOP                             A:A9 X:00 Y:4E P:ED SP:F1 PPU:126,117 CYC:14361
> C6FF  A9 A9     LDA #$A9                        A:A9 X:00 Y:4E P:ED SP:F1 PPU:126,123 CYC:14363
> C701  FC        NOP                             A:A9 X:00 Y:4E P:ED SP:F1 PPU:126,129 CYC:14365
> C702  A9 A9     LDA #$A9                        A:A9 X:00 Y:4E P:ED SP:F1 PPU:126,135 CYC:14367
> C704  EA        NOP                             A:A9 X:00 Y:4E P:ED SP:F1 PPU:126,141 CYC:14369
> C705  EA        NOP                             A:A9 X:00 Y:4E P:ED SP:F1 PPU:126,147 CYC:14371
> C706  EA        NOP                             A:A9 X:00 Y:4E P:ED SP:F1 PPU:126,153 CYC:14373
> C707  EA        NOP                             A:A9 X:00 Y:4E P:ED SP:F1 PPU:126,159 CYC:14375
> C708  08        PHP                             A:A9 X:00 Y:4E P:ED SP:F1 PPU:126,165 CYC:14377
> C709  48        PHA                             A:A9 X:00 Y:4E P:ED SP:F0 PPU:126,174 CYC:14380
> C70A  A2 05     LDX #$05                        A:A9 X:00 Y:4E P:ED SP:EF PPU:126,183 CYC:14383
> C70C  68        PLA                             A:A9 X:05 Y:4E P:6D SP:EF PPU:126,189 CYC:14385
> C70D  C9 55     CMP #$55                        A:A9 X:05 Y:4E P:ED SP:F0 PPU:126,201 CYC:14389
> C70F  F0 0A     BEQ $C71B                       A:A9 X:05 Y:4E P:6D SP:F0 PPU:126,207 CYC:14391
> C711  C9 AA     CMP #$AA                        A:A9 X:05 Y:4E P:6D SP:F0 PPU:126,213 CYC:14393
> C713  F0 06     BEQ $C71B                       A:A9 X:05 Y:4E P:EC SP:F0 PPU:126,219 CYC:14395
> C715  68        PLA                             A:A9 X:05 Y:4E P:EC SP:F0 PPU:126,225 CYC:14397
> C716  84 00     STY $00 = 7B                    A:FD X:05 Y:4E P:EC SP:F1 PPU:126,237 CYC:14401
> C718  4C 28 C7  JMP $C728                       A:FD X:05 Y:4E P:EC SP:F1 PPU:126,246 CYC:14404
> C728  C8        INY                             A:FD X:05 Y:4E P:EC SP:F1 PPU:126,255 CYC:14407
> C729  CA        DEX                             A:FD X:05 Y:4F P:6C SP:F1 PPU:126,261 CYC:14409
> C72A  D0 E0     BNE $C80C                       A:FD X:04 Y:4F P:6C SP:F1 PPU:126,267 CYC:14411
> C70C  68        PLA                             A:FD X:04 Y:4F P:6C SP:F1 PPU:126,276 CYC:14414
> C70D  C9 55     CMP #$55                        A:EA X:04 Y:4F P:EC SP:F2 PPU:126,288 CYC:14418
> C70F  F0 0A     BEQ $C71B                       A:EA X:04 Y:4F P:ED SP:F2 PPU:126,294 CYC:14420
> C711  C9 AA     CMP #$AA                        A:EA X:04 Y:4F P:ED SP:F2 PPU:126,300 CYC:14422
> C713  F0 06     BEQ $C71B                       A:EA X:04 Y:4F P:6D SP:F2 PPU:126,306 CYC:14424
> C715  68        PLA                             A:EA X:04 Y:4F P:6D SP:F2 PPU:126,312 CYC:14426
> C716  84 00     STY $00 = 4E                    A:FD X:04 Y:4F P:ED SP:F3 PPU:126,324 CYC:14430
> C718  4C 28 C7  JMP $C728                       A:FD X:04 Y:4F P:ED SP:F3 PPU:126,333 CYC:14433
> C728  C8        INY                             A:FD X:04 Y:4F P:ED SP:F3 PPU:127,  1 CYC:14436
> C729  CA        DEX                             A:FD X:04 Y:50 P:6D SP:F3 PPU:127,  7 CYC:14438
> C72A  D0 E0     BNE $C80C                       A:FD X:03 Y:50 P:6D SP:F3 PPU:127, 13 CYC:14440
> C70C  68        PLA                             A:FD X:03 Y:50 P:6D SP:F3 PPU:127, 22 CYC:14443
> C70D  C9 55     CMP #$55                        A:EA X:03 Y:50 P:ED SP:F4 PPU:127, 34 CYC:14447
> C70F  F0 0A     BEQ $C71B                       A:EA X:03 Y:50 P:ED SP:F4 PPU:127, 40 CYC:14449
> C711  C9 AA     CMP #$AA                        A:EA X:03 Y:50 P:ED SP:F4 PPU:127, 46 CYC:14451
> C713  F0 06     BEQ $C71B                       A:EA X:03 Y:50 P:6D SP:F4 PPU:127, 52 CYC:14453
> C715  68        PLA                             A:EA X:03 Y:50 P:6D SP:F4 PPU:127, 58 CYC:14455
> C716  84 00     STY $00 = 4F                    A:FD X:03 Y:50 P:ED SP:F5 PPU:127, 70 CYC:14459
> C718  4C 28 C7  JMP $C728                       A:FD X:03 Y:50 P:ED SP:F5 PPU:127, 79 CYC:14462
> C728  C8        INY                             A:FD X:03 Y:50 P:ED SP:F5 PPU:127, 88 CYC:14465
> C729  CA        DEX                             A:FD X:03 Y:51 P:6D SP:F5 PPU:127, 94 CYC:14467
> C72A  D0 E0     BNE $C80C                       A:FD X:02 Y:51 P:6D SP:F5 PPU:127,100 CYC:14469
> C70C  68        PLA                             A:FD X:02 Y:51 P:6D SP:F5 PPU:127,109 CYC:14472
> C70D  C9 55     CMP #$55                        A:A9 X:02 Y:51 P:ED SP:F6 PPU:127,121 CYC:14476
> C70F  F0 0A     BEQ $C71B                       A:A9 X:02 Y:51 P:6D SP:F6 PPU:127,127 CYC:14478
> C711  C9 AA     CMP #$AA                        A:A9 X:02 Y:51 P:6D SP:F6 PPU:127,133 CYC:14480
> C713  F0 06     BEQ $C71B                       A:A9 X:02 Y:51 P:EC SP:F6 PPU:127,139 CYC:14482
> C715  68        PLA                             A:A9 X:02 Y:51 P:EC SP:F6 PPU:127,145 CYC:14484
> C716  84 00     STY $00 = 50                    A:FD X:02 Y:51 P:EC SP:F7 PPU:127,157 CYC:14488
> C718  4C 28 C7  JMP $C728                       A:FD X:02 Y:51 P:EC SP:F7 PPU:127,166 CYC:14491
> C728  C8        INY                             A:FD X:02 Y:51 P:EC SP:F7 PPU:127,175 CYC:14494
> C729  CA        DEX                             A:FD X:02 Y:52 P:6C SP:F7 PPU:127,181 CYC:14496
> C72A  D0 E0     BNE $C80C                       A:FD X:01 Y:52 P:6C SP:F7 PPU:127,187 CYC:14498
> C70C  68        PLA                             A:FD X:01 Y:52 P:6C SP:F7 PPU:127,196 CYC:14501
> C70D  C9 55     CMP #$55                        A:EA X:01 Y:52 P:EC SP:F8 PPU:127,208 CYC:14505
> C70F  F0 0A     BEQ $C71B                       A:EA X:01 Y:52 P:ED SP:F8 PPU:127,214 CYC:14507
> C711  C9 AA     CMP #$AA                        A:EA X:01 Y:52 P:ED SP:F8 PPU:127,220 CYC:14509
> C713  F0 06     BEQ $C71B                       A:EA X:01 Y:52 P:6D SP:F8 PPU:127,226 CYC:14511
> C715  68        PLA                             A:EA X:01 Y:52 P:6D SP:F8 PPU:127,232 CYC:14513
> C716  84 00     STY $00 = 51                    A:FD X:01 Y:52 P:ED SP:F9 PPU:127,244 CYC:14517
> C718  4C 28 C7  JMP $C728                       A:FD X:01 Y:52 P:ED SP:F9 PPU:127,253 CYC:14520
> C728  C8        INY                             A:FD X:01 Y:52 P:ED SP:F9 PPU:127,262 CYC:14523
> C729  CA        DEX                             A:FD X:01 Y:53 P:6D SP:F9 PPU:127,268 CYC:14525
> C72A  D0 E0     BNE $C80C                       A:FD X:00 Y:53 P:6F SP:F9 PPU:127,274 CYC:14527
> C72C  60        RTS                             A:FD X:00 Y:53 P:6F SP:F9 PPU:127,280 CYC:14529
> C6AC  20 B7 C6  JSR $C6B7                       A:FD X:00 Y:53 P:6F SP:FB PPU:127,298 CYC:14535
> C6B7  A9 34     LDA #$34                        A:FD X:00 Y:53 P:6F SP:F9 PPU:127,316 CYC:14541
> C6B9  48        PHA                             A:34 X:00 Y:53 P:6D SP:F9 PPU:127,322 CYC:14543
> C6BA  A9 55     LDA #$55                        A:34 X:00 Y:53 P:6D SP:F8 PPU:127,331 CYC:14546
> C6BC  28        PLP                             A:55 X:00 Y:53 P:6D SP:F8 PPU:127,337 CYC:14548
> C6BD  04        NOP                             A:55 X:00 Y:53 P:24 SP:F9 PPU:128,  8 CYC:14552
> C6BE  A9 44     LDA #$44                        A:55 X:00 Y:53 P:24 SP:F9 PPU:128, 14 CYC:14554
> C6C0  A9 64     LDA #$64                        A:44 X:00 Y:53 P:24 SP:F9 PPU:128, 20 CYC:14556
> C6C2  A9 EA     LDA #$EA                        A:64 X:00 Y:53 P:24 SP:F9 PPU:128, 26 CYC:14558
> C6C4  EA        NOP                             A:EA X:00 Y:53 P:A4 SP:F9 PPU:128, 32 CYC:14560
> C6C5  EA        NOP                             A:EA X:00 Y:53 P:A4 SP:F9 PPU:128, 38 CYC:14562
> C6C6  EA        NOP                             A:EA X:00 Y:53 P:A4 SP:F9 PPU:128, 44 CYC:14564
> C6C7  08        PHP                             A:EA X:00 Y:53 P:A4 SP:F9 PPU:128, 50 CYC:14566
> C6C8  48        PHA                             A:EA X:00 Y:53 P:A4 SP:F8 PPU:128, 59 CYC:14569
> C6C9  0C        NOP                             A:EA X:00 Y:53 P:A4 SP:F7 PPU:128, 68 CYC:14572
> C6CA  A9 A9     LDA #$A9                        A:EA X:00 Y:53 P:A4 SP:F7 PPU:128, 74 CYC:14574
> C6CC  EA        NOP                             A:A9 X:00 Y:53 P:A4 SP:F7 PPU:128, 80 CYC:14576
> C6CD  EA        NOP                             A:A9 X:00 Y:53 P:A4 SP:F7 PPU:128, 86 CYC:14578
> C6CE  EA        NOP                             A:A9 X:00 Y:53 P:A4 SP:F7 PPU:128, 92 CYC:14580
> C6CF  EA        NOP                             A:A9 X:00 Y:53 P:A4 SP:F7 PPU:128, 98 CYC:14582
> C6D0  08        PHP                             A:A9 X:00 Y:53 P:A4 SP:F7 PPU:128,104 CYC:14584
> C6D1  48        PHA                             A:A9 X:00 Y:53 P:A4 SP:F6 PPU:128,113 CYC:14587
> C6D2  14        NOP                             A:A9 X:00 Y:53 P:A4 SP:F5 PPU:128,122 CYC:14590
> C6D3  A9 34     LDA #$34                        A:A9 X:00 Y:53 P:A4 SP:F5 PPU:128,128 CYC:14592
> C6D5  A9 54     LDA #$54                        A:34 X:00 Y:53 P:24 SP:F5 PPU:128,134 CYC:14594
> C6D7  A9 74     LDA #$74                        A:54 X:00 Y:53 P:24 SP:F5 PPU:128,140 CYC:14596
> C6D9  A9 D4     LDA #$D4                        A:74 X:00 Y:53 P:24 SP:F5 PPU:128,146 CYC:14598
> C6DB  A9 F4     LDA #$F4                        A:D4 X:00 Y:53 P:A4 SP:F5 PPU:128,152 CYC:14600
> C6DD  A9 EA     LDA #$EA                        A:F4 X:00 Y:53 P:A4 SP:F5 PPU:128,158 CYC:14602
> C6DF  EA        NOP                             A:EA X:00 Y:53 P:A4 SP:F5 PPU:128,164 CYC:14604
> C6E0  EA        NOP                             A:EA X:00 Y:53 P:A4 SP:F5 PPU:128,170 CYC:14606
> C6E1  EA        NOP                             A:EA X:00 Y:53 P:A4 SP:F5 PPU:128,176 CYC:14608
> C6E2  08        PHP                             A:EA X:00 Y:53 P:A4 SP:F5 PPU:128,182 CYC:14610
> C6E3  48        PHA                             A:EA X:00 Y:53 P:A4 SP:F4 PPU:128,191 CYC:14613
> C6E4  1A        NOP                             A:EA X:00 Y:53 P:A4 SP:F3 PPU:128,200 CYC:14616
> C6E5  3A        NOP                             A:EA X:00 Y:53 P:A4 SP:F3 PPU:128,206 CYC:14618
> C6E6  5A        NOP                             A:EA X:00 Y:53 P:A4 SP:F3 PPU:128,212 CYC:14620
> C6E7  7A        NOP                             A:EA X:00 Y:53 P:A4 SP:F3 PPU:128,218 CYC:14622
> C6E8  DA        NOP                             A:EA X:00 Y:53 P:A4 SP:F3 PPU:128,224 CYC:14624
> C6E9  FA        NOP                             A:EA X:00 Y:53 P:A4 SP:F3 PPU:128,230 CYC:14626
> C6EA  80        NOP                             A:EA X:00 Y:53 P:A4 SP:F3 PPU:128,236 CYC:14628
> C6EB  89        NOP                             A:EA X:00 Y:53 P:A4 SP:F3 PPU:128,242 CYC:14630
> C6EC  EA        NOP                             A:EA X:00 Y:53 P:A4 SP:F3 PPU:128,248 CYC:14632
> C6ED  EA        NOP                             A:EA X:00 Y:53 P:A4 SP:F3 PPU:128,254 CYC:14634
> C6EE  EA        NOP                             A:EA X:00 Y:53 P:A4 SP:F3 PPU:128,260 CYC:14636
> C6EF  EA        NOP                             A:EA X:00 Y:53 P:A4 SP:F3 PPU:128,266 CYC:14638
> C6F0  08        PHP                             A:EA X:00 Y:53 P:A4 SP:F3 PPU:128,272 CYC:14640
> C6F1  48        PHA                             A:EA X:00 Y:53 P:A4 SP:F2 PPU:128,281 CYC:14643
> C6F2  1C        NOP                             A:EA X:00 Y:53 P:A4 SP:F1 PPU:128,290 CYC:14646
> C6F3  A9 A9     LDA #$A9                        A:EA X:00 Y:53 P:A4 SP:F1 PPU:128,296 CYC:14648
> C6F5  3C        NOP                             A:A9 X:00 Y:53 P:A4 SP:F1 PPU:128,302 CYC:14650
> C6F6  A9 A9     LDA #$A9                        A:A9 X:00 Y:53 P:A4 SP:F1 PPU:128,308 CYC:14652
> C6F8  5C        NOP                             A:A9 X:00 Y:53 P:A4 SP:F1 PPU:128,314 CYC:14654
> C6F9  A9 A9     LDA #$A9                        A:A9 X:00 Y:53 P:A4 SP:F1 PPU:128,320 CYC:14656
> C6FB  7C        NOP                             A:A9 X:00 Y:53 P:A4 SP:F1 PPU:128,326 CYC:14658
> C6FC  A9 A9     LDA #$A9                        A:A9 X:00 Y:53 P:A4 SP:F1 PPU:128,332 CYC:14660
> C6FE  DC        NOP                             A:A9 X:00 Y:53 P:A4 SP:F1 PPU:128,338 CYC:14662
> C6FF  A9 A9     LDA #$A9                        A:A9 X:00 Y:53 P:A4 SP:F1 PPU:129,  3 CYC:14664
> C701  FC        NOP                             A:A9 X:00 Y:53 P:A4 SP:F1 PPU:129,  9 CYC:14666
> C702  A9 A9     LDA #$A9                        A:A9 X:00 Y:53 P:A4 SP:F1 PPU:129, 15 CYC:14668
> C704  EA        NOP                             A:A9 X:00 Y:53 P:A4 SP:F1 PPU:129, 21 CYC:14670
> C705  EA        NOP                             A:A9 X:00 Y:53 P:A4 SP:F1 PPU:129, 27 CYC:14672
> C706  EA        NOP                             A:A9 X:00 Y:53 P:A4 SP:F1 PPU:129, 33 CYC:14674
> C707  EA        NOP                             A:A9 X:00 Y:53 P:A4 SP:F1 PPU:129, 39 CYC:14676
> C708  08        PHP                             A:A9 X:00 Y:53 P:A4 SP:F1 PPU:129, 45 CYC:14678
> C709  48        PHA                             A:A9 X:00 Y:53 P:A4 SP:F0 PPU:129, 54 CYC:14681
> C70A  A2 05     LDX #$05                        A:A9 X:00 Y:53 P:A4 SP:EF PPU:129, 63 CYC:14684
> C70C  68        PLA                             A:A9 X:05 Y:53 P:24 SP:EF PPU:129, 69 CYC:14686
> C70D  C9 55     CMP #$55                        A:A9 X:05 Y:53 P:A4 SP:F0 PPU:129, 81 CYC:14690
> C70F  F0 0A     BEQ $C71B                       A:A9 X:05 Y:53 P:25 SP:F0 PPU:129, 87 CYC:14692
> C711  C9 AA     CMP #$AA                        A:A9 X:05 Y:53 P:25 SP:F0 PPU:129, 93 CYC:14694
> C713  F0 06     BEQ $C71B                       A:A9 X:05 Y:53 P:A4 SP:F0 PPU:129, 99 CYC:14696
> C715  68        PLA                             A:A9 X:05 Y:53 P:A4 SP:F0 PPU:129,105 CYC:14698
> C716  84 00     STY $00 = 52                    A:B4 X:05 Y:53 P:A4 SP:F1 PPU:129,117 CYC:14702
> C718  4C 28 C7  JMP $C728                       A:B4 X:05 Y:53 P:A4 SP:F1 PPU:129,126 CYC:14705
> C728  C8        INY                             A:B4 X:05 Y:53 P:A4 SP:F1 PPU:129,135 CYC:14708
> C729  CA        DEX                             A:B4 X:05 Y:54 P:24 SP:F1 PPU:129,141 CYC:14710
> C72A  D0 E0     BNE $C80C                       A:B4 X:04 Y:54 P:24 SP:F1 PPU:129,147 CYC:14712
> C70C  68        PLA                             A:B4 X:04 Y:54 P:24 SP:F1 PPU:129,156 CYC:14715
> C70D  C9 55     CMP #$55                        A:EA X:04 Y:54 P:A4 SP:F2 PPU:129,168 CYC:14719
> C70F  F0 0A     BEQ $C71B                       A:EA X:04 Y:54 P:A5 SP:F2 PPU:129,174 CYC:14721
> C711  C9 AA     CMP #$AA                        A:EA X:04 Y:54 P:A5 SP:F2 PPU:129,180 CYC:14723
> C713  F0 06     BEQ $C71B                       A:EA X:04 Y:54 P:25 SP:F2 PPU:129,186 CYC:14725
> C715  68        PLA                             A:EA X:04 Y:54 P:25 SP:F2 PPU:129,192 CYC:14727
> C716  84 00     STY $00 = 53                    A:B4 X:04 Y:54 P:A5 SP:F3 PPU:129,204 CYC:14731
> C718  4C 28 C7  JMP $C728                       A:B4 X:04 Y:54 P:A5 SP:F3 PPU:129,213 CYC:14734
> C728  C8        INY                             A:B4 X:04 Y:54 P:A5 SP:F3 PPU:129,222 CYC:14737
> C729  CA        DEX                             A:B4 X:04 Y:55 P:25 SP:F3 PPU:129,228 CYC:14739
> C72A  D0 E0     BNE $C80C                       A:B4 X:03 Y:55 P:25 SP:F3 PPU:129,234 CYC:14741
> C70C  68        PLA                             A:B4 X:03 Y:55 P:25 SP:F3 PPU:129,243 CYC:14744
> C70D  C9 55     CMP #$55                        A:EA X:03 Y:55 P:A5 SP:F4 PPU:129,255 CYC:14748
> C70F  F0 0A     BEQ $C71B                       A:EA X:03 Y:55 P:A5 SP:F4 PPU:129,261 CYC:14750
> C711  C9 AA     CMP #$AA                        A:EA X:03 Y:55 P:A5 SP:F4 PPU:129,267 CYC:14752
> C713  F0 06     BEQ $C71B                       A:EA X:03 Y:55 P:25 SP:F4 PPU:129,273 CYC:14754
> C715  68        PLA                             A:EA X:03 Y:55 P:25 SP:F4 PPU:129,279 CYC:14756
> C716  84 00     STY $00 = 54                    A:B4 X:03 Y:55 P:A5 SP:F5 PPU:129,291 CYC:14760
> C718  4C 28 C7  JMP $C728                       A:B4 X:03 Y:55 P:A5 SP:F5 PPU:129,300 CYC:14763
> C728  C8        INY                             A:B4 X:03 Y:55 P:A5 SP:F5 PPU:129,309 CYC:14766
> C729  CA        DEX                             A:B4 X:03 Y:56 P:25 SP:F5 PPU:129,315 CYC:14768
> C72A  D0 E0     BNE $C80C                       A:B4 X:02 Y:56 P:25 SP:F5 PPU:129,321 CYC:14770
> C70C  68        PLA                             A:B4 X:02 Y:56 P:25 SP:F5 PPU:129,330 CYC:14773
> C70D  C9 55     CMP #$55                        A:A9 X:02 Y:56 P:A5 SP:F6 PPU:130,  1 CYC:14777
> C70F  F0 0A     BEQ $C71B                       A:A9 X:02 Y:56 P:25 SP:F6 PPU:130,  7 CYC:14779
> C711  C9 AA     CMP #$AA                        A:A9 X:02 Y:56 P:25 SP:F6 PPU:130, 13 CYC:14781
> C713  F0 06     BEQ $C71B                       A:A9 X:02 Y:56 P:A4 SP:F6 PPU:130, 19 CYC:14783
> C715  68        PLA                             A:A9 X:02 Y:56 P:A4 SP:F6 PPU:130, 25 CYC:14785
> C716  84 00     STY $00 = 55                    A:B4 X:02 Y:56 P:A4 SP:F7 PPU:130, 37 CYC:14789
> C718  4C 28 C7  JMP $C728                       A:B4 X:02 Y:56 P:A4 SP:F7 PPU:130, 46 CYC:14792
> C728  C8        INY                             A:B4 X:02 Y:56 P:A4 SP:F7 PPU:130, 55 CYC:14795
> C729  CA        DEX                             A:B4 X:02 Y:57 P:24 SP:F7 PPU:130, 61 CYC:14797
> C72A  D0 E0     BNE $C80C                       A:B4 X:01 Y:57 P:24 SP:F7 PPU:130, 67 CYC:14799
> C70C  68        PLA                             A:B4 X:01 Y:57 P:24 SP:F7 PPU:130, 76 CYC:14802
> C70D  C9 55     CMP #$55                        A:EA X:01 Y:57 P:A4 SP:F8 PPU:130, 88 CYC:14806
> C70F  F0 0A     BEQ $C71B                       A:EA X:01 Y:57 P:A5 SP:F8 PPU:130, 94 CYC:14808
> C711  C9 AA     CMP #$AA                        A:EA X:01 Y:57 P:A5 SP:F8 PPU:130,100 CYC:14810
> C713  F0 06     BEQ $C71B                       A:EA X:01 Y:57 P:25 SP:F8 PPU:130,106 CYC:14812
> C715  68        PLA                             A:EA X:01 Y:57 P:25 SP:F8 PPU:130,112 CYC:14814
> C716  84 00     STY $00 = 56                    A:B4 X:01 Y:57 P:A5 SP:F9 PPU:130,124 CYC:14818
> C718  4C 28 C7  JMP $C728                       A:B4 X:01 Y:57 P:A5 SP:F9 PPU:130,133 CYC:14821
> C728  C8        INY                             A:B4 X:01 Y:57 P:A5 SP:F9 PPU:130,142 CYC:14824
> C729  CA        DEX                             A:B4 X:01 Y:58 P:25 SP:F9 PPU:130,148 CYC:14826
> C72A  D0 E0     BNE $C80C                       A:B4 X:00 Y:58 P:27 SP:F9 PPU:130,154 CYC:14828
> C72C  60        RTS                             A:B4 X:00 Y:58 P:27 SP:F9 PPU:130,160 CYC:14830
> C6AF  60        RTS                             A:B4 X:00 Y:58 P:27 SP:FB PPU:130,178 CYC:14836
> C632  20 1E E5  JSR $E51E                       A:B4 X:00 Y:58 P:27 SP:FD PPU:130,196 CYC:14842
> E51E  A9 55     LDA #$55                        A:B4 X:00 Y:58 P:27 SP:FB PPU:130,214 CYC:14848
> E520  8D 80 05  STA $0580 = 00                  A:55 X:00 Y:58 P:25 SP:FB PPU:130,220 CYC:14850
> E523  A9 AA     LDA #$AA                        A:55 X:00 Y:58 P:25 SP:FB PPU:130,232 CYC:14854
> E525  8D 32 04  STA $0432 = 00                  A:AA X:00 Y:58 P:A5 SP:FB PPU:130,238 CYC:14856
> E528  A9 80     LDA #$80                        A:AA X:00 Y:58 P:A5 SP:FB PPU:130,250 CYC:14860
> E52A  85 43     STA $43 = 00                    A:80 X:00 Y:58 P:A5 SP:FB PPU:130,256 CYC:14862
> E52C  A9 05     LDA #$05                        A:80 X:00 Y:58 P:A5 SP:FB PPU:130,265 CYC:14865
> E52E  85 44     STA $44 = 00                    A:05 X:00 Y:58 P:25 SP:FB PPU:130,271 CYC:14867
> E530  A9 32     LDA #$32                        A:05 X:00 Y:58 P:25 SP:FB PPU:130,280 CYC:14870
> E532  85 45     STA $45 = 00                    A:32 X:00 Y:58 P:25 SP:FB PPU:130,286 CYC:14872
> E534  A9 04     LDA #$04                        A:32 X:00 Y:58 P:25 SP:FB PPU:130,295 CYC:14875
> E536  85 46     STA $46 = 00                    A:04 X:00 Y:58 P:25 SP:FB PPU:130,301 CYC:14877
> E538  A2 03     LDX #$03                        A:04 X:00 Y:58 P:25 SP:FB PPU:130,310 CYC:14880
> E53A  A0 77     LDY #$77                        A:04 X:03 Y:58 P:25 SP:FB PPU:130,316 CYC:14882
> E53C  A9 FF     LDA #$FF                        A:04 X:03 Y:77 P:25 SP:FB PPU:130,322 CYC:14884
> E53E  85 01     STA $01 = FF                    A:FF X:03 Y:77 P:A5 SP:FB PPU:130,328 CYC:14886
> E540  24 01     BIT $01 = FF                    A:FF X:03 Y:77 P:A5 SP:FB PPU:130,337 CYC:14889
> E542  38        SEC                             A:FF X:03 Y:77 P:E5 SP:FB PPU:131,  5 CYC:14892
> E543  A9 00     LDA #$00                        A:FF X:03 Y:77 P:E5 SP:FB PPU:131, 11 CYC:14894
> E545  A3        NOP                             A:00 X:03 Y:77 P:67 SP:FB PPU:131, 17 CYC:14896
> E546  40        RTI                             A:00 X:03 Y:77 P:67 SP:FB PPU:131, 23 CYC:14898
> 00C6  00        BRK                             A:00 X:03 Y:77 P:24 SP:FE PPU:131, 41 CYC:14904
> 00C7  C5F4  40        RTI                             A:00 X:03 Y:77 P:24 SP:FB PPU:131, 62 CYC:14911
> 00C8  00        BRK                             A:00 X:03 Y:77 P:24 SP:FE PPU:131, 80 CYC:14917
> 00C9  C5F4  40        RTI                             A:00 X:03 Y:77 P:24 SP:FB PPU:131,101 CYC:14924
> 00CA  00        BRK                             A:00 X:03 Y:77 P:24 SP:FE PPU:131,119 CYC:14930
> 00CB  C5F4  40        RTI                             A:00 X:03 Y:77 P:24 SP:FB PPU:131,140 CYC:14937
> 00CC  00        BRK                             A:00 X:03 Y:77 P:24 SP:FE PPU:131,158 CYC:14943
> 00CD  C5F4  40        RTI                             A:00 X:03 Y:77 P:24 SP:FB PPU:131,179 CYC:14950
> 00CE  00        BRK                             A:00 X:03 Y:77 P:24 SP:FE PPU:131,197 CYC:14956
> 00CF  C5F4  40        RTI                             A:00 X:03 Y:77 P:24 SP:FB PPU:131,218 CYC:14963
> 00D0  00        BRK                             A:00 X:03 Y:77 P:24 SP:FE PPU:131,236 CYC:14969
> 00D1  C5F4  40        RTI                             A:00 X:03 Y:77 P:24 SP:FB PPU:131,257 CYC:14976
> 00D2  00        BRK                             A:00 X:03 Y:77 P:24 SP:FE PPU:131,275 CYC:14982
> 00D3  C5F4  40        RTI                             A:00 X:03 Y:77 P:24 SP:FB PPU:131,296 CYC:14989
> 00D4  00        BRK                             A:00 X:03 Y:77 P:24 SP:FE PPU:131,314 CYC:14995
> 00D5  C5F4  40        RTI                             A:00 X:03 Y:77 P:24 SP:FB PPU:131,335 CYC:15002
> 00D6  00        BRK                             A:00 X:03 Y:77 P:24 SP:FE PPU:132, 12 CYC:15008
> 00D7  C5F4  40        RTI                             A:00 X:03 Y:77 P:24 SP:FB PPU:132, 33 CYC:15015
> 00D8  00        BRK                             A:00 X:03 Y:77 P:24 SP:FE PPU:132, 51 CYC:15021
> 00D9  C5F4  40        RTI                             A:00 X:03 Y:77 P:24 SP:FB PPU:132, 72 CYC:15028
> 00DA  00        BRK                             A:00 X:03 Y:77 P:24 SP:FE PPU:132, 90 CYC:15034
> 00DB  C5F4  40        RTI                             A:00 X:03 Y:77 P:24 SP:FB PPU:132,111 CYC:15041
> 00DC  00        BRK                             A:00 X:03 Y:77 P:24 SP:FE PPU:132,129 CYC:15047
> 00DD  C5F4  40        RTI                             A:00 X:03 Y:77 P:24 SP:FB PPU:132,150 CYC:15054
> 00DE  00        BRK                             A:00 X:03 Y:77 P:24 SP:FE PPU:132,168 CYC:15060
> 00DF  C5F4  40        RTI                             A:00 X:03 Y:77 P:24 SP:FB PPU:132,189 CYC:15067
> 00E0  00        BRK                             A:00 X:03 Y:77 P:24 SP:FE PPU:132,207 CYC:15073
> 00E1  C5F4  40        RTI                             A:00 X:03 Y:77 P:24 SP:FB PPU:132,228 CYC:15080
> 00E2  00        BRK                             A:00 X:03 Y:77 P:24 SP:FE PPU:132,246 CYC:15086
> 00E3  C5F4  40        RTI                             A:00 X:03 Y:77 P:24 SP:FB PPU:132,267 CYC:15093
> 00E4  00        BRK                             A:00 X:03 Y:77 P:24 SP:FE PPU:132,285 CYC:15099
> 00E5  C5F4  40        RTI                             A:00 X:03 Y:77 P:24 SP:FB PPU:132,306 CYC:15106
> 00E6  00        BRK                             A:00 X:03 Y:77 P:24 SP:FE PPU:132,324 CYC:15112
> 00E7  C5F4  40        RTI                             A:00 X:03 Y:77 P:24 SP:FB PPU:133,  4 CYC:15119
> 00E8  00        BRK                             A:00 X:03 Y:77 P:24 SP:FE PPU:133, 22 CYC:15125
> 00E9  C5F4  40        RTI                             A:00 X:03 Y:77 P:24 SP:FB PPU:133, 43 CYC:15132
> 00EA  00        BRK                             A:00 X:03 Y:77 P:24 SP:FE PPU:133, 61 CYC:15138
> 00EB  C5F4  40        RTI                             A:00 X:03 Y:77 P:24 SP:FB PPU:133, 82 CYC:15145
> 00EC  00        BRK                             A:00 X:03 Y:77 P:24 SP:FE PPU:133,100 CYC:15151
> 00ED  C5F4  40        RTI                             A:00 X:03 Y:77 P:24 SP:FB PPU:133,121 CYC:15158
> 00EE  00        BRK                             A:00 X:03 Y:77 P:24 SP:FE PPU:133,139 CYC:15164
> 00EF  C5F4  40        RTI                             A:00 X:03 Y:77 P:24 SP:FB PPU:133,160 CYC:15171
> 00F0  00        BRK                             A:00 X:03 Y:77 P:24 SP:FE PPU:133,178 CYC:15177
> 00F1  C5F4  40        RTI                             A:00 X:03 Y:77 P:24 SP:FB PPU:133,199 CYC:15184
> 00F2  00        BRK                             A:00 X:03 Y:77 P:24 SP:FE PPU:133,217 CYC:15190
> 00F3  C5F4  40        RTI                             A:00 X:03 Y:77 P:24 SP:FB PPU:133,238 CYC:15197
> 00F4  00        BRK                             A:00 X:03 Y:77 P:24 SP:FE PPU:133,256 CYC:15203
> 00F5  C5F4  40        RTI                             A:00 X:03 Y:77 P:24 SP:FB PPU:133,277 CYC:15210
> 00F6  00        BRK                             A:00 X:03 Y:77 P:24 SP:FE PPU:133,295 CYC:15216
> 00F7  C5F4  40        RTI                             A:00 X:03 Y:77 P:24 SP:FB PPU:133,316 CYC:15223
> 00F8  00        BRK                             A:00 X:03 Y:77 P:24 SP:FE PPU:133,334 CYC:15229
> 00F9  C5F4  40        RTI                             A:00 X:03 Y:77 P:24 SP:FB PPU:134, 14 CYC:15236
> 00FA  00        BRK                             A:00 X:03 Y:77 P:24 SP:FE PPU:134, 32 CYC:15242
> 00FB  C5F4  40        RTI                             A:00 X:03 Y:77 P:24 SP:FB PPU:134, 53 CYC:15249
> 00FC  00        BRK                             A:00 X:03 Y:77 P:24 SP:FE PPU:134, 71 CYC:15255
> 00FD  C5F4  40        RTI                             A:00 X:03 Y:77 P:24 SP:FB PPU:134, 92 CYC:15262
> 00FE  00        BRK                             A:00 X:03 Y:77 P:24 SP:FE PPU:134,110 CYC:15268
> 00FF  C5F4  40        RTI                             A:00 X:03 Y:77 P:24 SP:FB PPU:134,131 CYC:15275
> 0100  A9 55     LDA #$55                        A:00 X:03 Y:77 P:24 SP:FE PPU:134,149 CYC:15281
> 0102  60        RTS                             A:55 X:03 Y:77 P:24 SP:FE PPU:134,155 CYC:15283
> A901  EA        NOP                             A:55 X:03 Y:77 P:24 SP:00 PPU:134,173 CYC:15289
> A902  EA        NOP                             A:55 X:03 Y:77 P:24 SP:00 PPU:134,179 CYC:15291
> A903  EA        NOP                             A:55 X:03 Y:77 P:24 SP:00 PPU:134,185 CYC:15293
> A904  EA        NOP                             A:55 X:03 Y:77 P:24 SP:00 PPU:134,191 CYC:15295
> A905  20 76 F9  JSR $F976                       A:55 X:03 Y:77 P:24 SP:00 PPU:134,197 CYC:15297
> F976  90 05     BCC $F97D                       A:55 X:03 Y:77 P:24 SP:FE PPU:134,215 CYC:15303
> F97D  84 00     STY $00 = 57                    A:55 X:03 Y:77 P:24 SP:FE PPU:134,224 CYC:15306
> F97F  60        RTS                             A:55 X:03 Y:77 P:24 SP:FE PPU:134,233 CYC:15309
> A908  C8        INY                             A:55 X:03 Y:77 P:24 SP:00 PPU:134,251 CYC:15315
> A909  20 80 F9  JSR $F980                       A:55 X:03 Y:78 P:24 SP:00 PPU:134,257 CYC:15317
> F980  38        SEC                             A:55 X:03 Y:78 P:24 SP:FE PPU:134,275 CYC:15323
> F981  A9 81     LDA #$81                        A:55 X:03 Y:78 P:25 SP:FE PPU:134,281 CYC:15325
> F983  60        RTS                             A:81 X:03 Y:78 P:A5 SP:FE PPU:134,287 CYC:15327
> A90C  EB        NOP                             A:81 X:03 Y:78 P:A5 SP:00 PPU:134,305 CYC:15333
> A90D  7F        NOP                             A:81 X:03 Y:78 P:A5 SP:00 PPU:134,311 CYC:15335
> A90E  EA        NOP                             A:81 X:03 Y:78 P:A5 SP:00 PPU:134,317 CYC:15337
> A90F  EA        NOP                             A:81 X:03 Y:78 P:A5 SP:00 PPU:134,323 CYC:15339
> A910  EA        NOP                             A:81 X:03 Y:78 P:A5 SP:00 PPU:134,329 CYC:15341
> A911  EA        NOP                             A:81 X:03 Y:78 P:A5 SP:00 PPU:134,335 CYC:15343
> A912  20 84 F9  JSR $F984                       A:81 X:03 Y:78 P:A5 SP:00 PPU:135,  0 CYC:15345
> F984  50 07     BVC $F98D                       A:81 X:03 Y:78 P:A5 SP:FE PPU:135, 18 CYC:15351
> F98D  84 00     STY $00 = 77                    A:81 X:03 Y:78 P:A5 SP:FE PPU:135, 27 CYC:15354
> F98F  60        RTS                             A:81 X:03 Y:78 P:A5 SP:FE PPU:135, 36 CYC:15357
> A915  60        RTS                             A:81 X:03 Y:78 P:A5 SP:00 PPU:135, 54 CYC:15363
> 6056  00        BRK                             A:81 X:03 Y:78 P:A5 SP:02 PPU:135, 72 CYC:15369
> 6057  C5F4  40        RTI                             A:81 X:03 Y:78 P:A5 SP:FF PPU:135, 93 CYC:15376
> 6058  00        BRK                             A:81 X:03 Y:78 P:A5 SP:02 PPU:135,111 CYC:15382
> 6059  C5F4  40        RTI                             A:81 X:03 Y:78 P:A5 SP:FF PPU:135,132 CYC:15389
> 605A  00        BRK                             A:81 X:03 Y:78 P:A5 SP:02 PPU:135,150 CYC:15395
> 605B  C5F4  40        RTI                             A:81 X:03 Y:78 P:A5 SP:FF PPU:135,171 CYC:15402
> 605C  00        BRK                             A:81 X:03 Y:78 P:A5 SP:02 PPU:135,189 CYC:15408
> 605D  C5F4  40        RTI                             A:81 X:03 Y:78 P:A5 SP:FF PPU:135,210 CYC:15415
> 605E  00        BRK                             A:81 X:03 Y:78 P:A5 SP:02 PPU:135,228 CYC:15421
> 605F  C5F4  40        RTI                             A:81 X:03 Y:78 P:A5 SP:FF PPU:135,249 CYC:15428
> 6060  00        BRK                             A:81 X:03 Y:78 P:A5 SP:02 PPU:135,267 CYC:15434
> 6061  C5F4  40        RTI                             A:81 X:03 Y:78 P:A5 SP:FF PPU:135,288 CYC:15441
> 6062  00        BRK                             A:81 X:03 Y:78 P:A5 SP:02 PPU:135,306 CYC:15447
> 6063  C5F4  40        RTI                             A:81 X:03 Y:78 P:A5 SP:FF PPU:135,327 CYC:15454
> 6064  00        BRK                             A:81 X:03 Y:78 P:A5 SP:02 PPU:136,  4 CYC:15460
> 6065  C5F4  40        RTI                             A:81 X:03 Y:78 P:A5 SP:FF PPU:136, 25 CYC:15467
> 6066  00        BRK                             A:81 X:03 Y:78 P:A5 SP:02 PPU:136, 43 CYC:15473
> 6067  C5F4  40        RTI                             A:81 X:03 Y:78 P:A5 SP:FF PPU:136, 64 CYC:15480
> 6068  00        BRK                             A:81 X:03 Y:78 P:A5 SP:02 PPU:136, 82 CYC:15486
> 6069  C5F4  40        RTI                             A:81 X:03 Y:78 P:A5 SP:FF PPU:136,103 CYC:15493
> 606A  00        BRK                             A:81 X:03 Y:78 P:A5 SP:02 PPU:136,121 CYC:15499
> 606B  C5F4  40        RTI                             A:81 X:03 Y:78 P:A5 SP:FF PPU:136,142 CYC:15506
> 606C  00        BRK                             A:81 X:03 Y:78 P:A5 SP:02 PPU:136,160 CYC:15512
> 606D  C5F4  40        RTI                             A:81 X:03 Y:78 P:A5 SP:FF PPU:136,181 CYC:15519
> 606E  00        BRK                             A:81 X:03 Y:78 P:A5 SP:02 PPU:136,199 CYC:15525
> 606F  C5F4  40        RTI                             A:81 X:03 Y:78 P:A5 SP:FF PPU:136,220 CYC:15532
> 6070  00        BRK                             A:81 X:03 Y:78 P:A5 SP:02 PPU:136,238 CYC:15538
> 6071  C5F4  40        RTI                             A:81 X:03 Y:78 P:A5 SP:FF PPU:136,259 CYC:15545
> 6072  00        BRK                             A:81 X:03 Y:78 P:A5 SP:02 PPU:136,277 CYC:15551
> 6073  C5F4  40        RTI                             A:81 X:03 Y:78 P:A5 SP:FF PPU:136,298 CYC:15558
> 6074  00        BRK                             A:81 X:03 Y:78 P:A5 SP:02 PPU:136,316 CYC:15564
> 6075  C5F4  40        RTI                             A:81 X:03 Y:78 P:A5 SP:FF PPU:136,337 CYC:15571
> 6076  00        BRK                             A:81 X:03 Y:78 P:A5 SP:02 PPU:137, 14 CYC:15577
> 6077  C5F4  40        RTI                             A:81 X:03 Y:78 P:A5 SP:FF PPU:137, 35 CYC:15584
> 6078  00        BRK                             A:81 X:03 Y:78 P:A5 SP:02 PPU:137, 53 CYC:15590
> 6079  C5F4  40        RTI                             A:81 X:03 Y:78 P:A5 SP:FF PPU:137, 74 CYC:15597
> 607A  00        BRK                             A:81 X:03 Y:78 P:A5 SP:02 PPU:137, 92 CYC:15603
> 607B  C5F4  40        RTI                             A:81 X:03 Y:78 P:A5 SP:FF PPU:137,113 CYC:15610
> 607C  00        BRK                             A:81 X:03 Y:78 P:A5 SP:02 PPU:137,131 CYC:15616
> 607D  C5F4  40        RTI                             A:81 X:03 Y:78 P:A5 SP:FF PPU:137,152 CYC:15623
> 607E  00        BRK                             A:81 X:03 Y:78 P:A5 SP:02 PPU:137,170 CYC:15629
> 607F  C5F4  40        RTI                             A:81 X:03 Y:78 P:A5 SP:FF PPU:137,191 CYC:15636
> 6080  00        BRK                             A:81 X:03 Y:78 P:A5 SP:02 PPU:137,209 CYC:15642
> 6081  C5F4  40        RTI                             A:81 X:03 Y:78 P:A5 SP:FF PPU:137,230 CYC:15649
> 6082  00        BRK                             A:81 X:03 Y:78 P:A5 SP:02 PPU:137,248 CYC:15655
> 6083  C5F4  40        RTI                             A:81 X:03 Y:78 P:A5 SP:FF PPU:137,269 CYC:15662
> 6084  00        BRK                             A:81 X:03 Y:78 P:A5 SP:02 PPU:137,287 CYC:15668
> 6085  C5F4  40        RTI                             A:81 X:03 Y:78 P:A5 SP:FF PPU:137,308 CYC:15675
> 6086  00        BRK                             A:81 X:03 Y:78 P:A5 SP:02 PPU:137,326 CYC:15681
> 6087  C5F4  40        RTI                             A:81 X:03 Y:78 P:A5 SP:FF PPU:138,  6 CYC:15688
> 6088  00        BRK                             A:81 X:03 Y:78 P:A5 SP:02 PPU:138, 24 CYC:15694
> 6089  C5F4  40        RTI                             A:81 X:03 Y:78 P:A5 SP:FF PPU:138, 45 CYC:15701
> 608A  00        BRK                             A:81 X:03 Y:78 P:A5 SP:02 PPU:138, 63 CYC:15707
> 608B  C5F4  40        RTI                             A:81 X:03 Y:78 P:A5 SP:FF PPU:138, 84 CYC:15714
> 608C  00        BRK                             A:81 X:03 Y:78 P:A5 SP:02 PPU:138,102 CYC:15720
> 608D  C5F4  40        RTI                             A:81 X:03 Y:78 P:A5 SP:FF PPU:138,123 CYC:15727
> 608E  00        BRK                             A:81 X:03 Y:78 P:A5 SP:02 PPU:138,141 CYC:15733
> 608F  C5F4  40        RTI                             A:81 X:03 Y:78 P:A5 SP:FF PPU:138,162 CYC:15740
> 6090  00        BRK                             A:81 X:03 Y:78 P:A5 SP:02 PPU:138,180 CYC:15746
> 6091  C5F4  40        RTI                             A:81 X:03 Y:78 P:A5 SP:FF PPU:138,201 CYC:15753
> 6092  00        BRK                             A:81 X:03 Y:78 P:A5 SP:02 PPU:138,219 CYC:15759
> 6093  C5F4  40        RTI                             A:81 X:03 Y:78 P:A5 SP:FF PPU:138,240 CYC:15766
> 6094  00        BRK                             A:81 X:03 Y:78 P:A5 SP:02 PPU:138,258 CYC:15772
> 6095  C5F4  40        RTI                             A:81 X:03 Y:78 P:A5 SP:FF PPU:138,279 CYC:15779
> 6096  00        BRK                             A:81 X:03 Y:78 P:A5 SP:02 PPU:138,297 CYC:15785
> 6097  C5F4  40        RTI                             A:81 X:03 Y:78 P:A5 SP:FF PPU:138,318 CYC:15792
> 6098  00        BRK                             A:81 X:03 Y:78 P:A5 SP:02 PPU:138,336 CYC:15798
> 6099  C5F4  40        RTI                             A:81 X:03 Y:78 P:A5 SP:FF PPU:139, 16 CYC:15805
> 609A  00        BRK                             A:81 X:03 Y:78 P:A5 SP:02 PPU:139, 34 CYC:15811
> 609B  C5F4  40        RTI                             A:81 X:03 Y:78 P:A5 SP:FF PPU:139, 55 CYC:15818
> 609C  00        BRK                             A:81 X:03 Y:78 P:A5 SP:02 PPU:139, 73 CYC:15824
> 609D  C5F4  40        RTI                             A:81 X:03 Y:78 P:A5 SP:FF PPU:139, 94 CYC:15831
> 609E  00        BRK                             A:81 X:03 Y:78 P:A5 SP:02 PPU:139,112 CYC:15837
> 609F  C5F4  40        RTI                             A:81 X:03 Y:78 P:A5 SP:FF PPU:139,133 CYC:15844
> 60A0  00        BRK                             A:81 X:03 Y:78 P:A5 SP:02 PPU:139,151 CYC:15850
> 60A1  C5F4  40        RTI                             A:81 X:03 Y:78 P:A5 SP:FF PPU:139,172 CYC:15857
> 60A2  00        BRK                             A:81 X:03 Y:78 P:A5 SP:02 PPU:139,190 CYC:15863
> 60A3  C5F4  40        RTI                             A:81 X:03 Y:78 P:A5 SP:FF PPU:139,211 CYC:15870
> 60A4  00        BRK                             A:81 X:03 Y:78 P:A5 SP:02 PPU:139,229 CYC:15876
> 60A5  C5F4  40        RTI                             A:81 X:03 Y:78 P:A5 SP:FF PPU:139,250 CYC:15883
> 60A6  00        BRK                             A:81 X:03 Y:78 P:A5 SP:02 PPU:139,268 CYC:15889
> 60A7  C5F4  40        RTI                             A:81 X:03 Y:78 P:A5 SP:FF PPU:139,289 CYC:15896
> 60A8  00        BRK                             A:81 X:03 Y:78 P:A5 SP:02 PPU:139,307 CYC:15902
> 60A9  C5F4  40        RTI                             A:81 X:03 Y:78 P:A5 SP:FF PPU:139,328 CYC:15909
> 60AA  00        BRK                             A:81 X:03 Y:78 P:A5 SP:02 PPU:140,  5 CYC:15915
> 60AB  C5F4  40        RTI                             A:81 X:03 Y:78 P:A5 SP:FF PPU:140, 26 CYC:15922
> 60AC  00        BRK                             A:81 X:03 Y:78 P:A5 SP:02 PPU:140, 44 CYC:15928
> 60AD  C5F4  40        RTI                             A:81 X:03 Y:78 P:A5 SP:FF PPU:140, 65 CYC:15935
> 60AE  00        BRK                             A:81 X:03 Y:78 P:A5 SP:02 PPU:140, 83 CYC:15941
> 60AF  C5F4  40        RTI                             A:81 X:03 Y:78 P:A5 SP:FF PPU:140,104 CYC:15948
> 60B0  00        BRK                             A:81 X:03 Y:78 P:A5 SP:02 PPU:140,122 CYC:15954
> 60B1  C5F4  40        RTI                             A:81 X:03 Y:78 P:A5 SP:FF PPU:140,143 CYC:15961
> 60B2  00        BRK                             A:81 X:03 Y:78 P:A5 SP:02 PPU:140,161 CYC:15967
> 60B3  C5F4  40        RTI                             A:81 X:03 Y:78 P:A5 SP:FF PPU:140,182 CYC:15974
> 60B4  00        BRK                             A:81 X:03 Y:78 P:A5 SP:02 PPU:140,200 CYC:15980
> 60B5  C5F4  40        RTI                             A:81 X:03 Y:78 P:A5 SP:FF PPU:140,221 CYC:15987
> 60B6  00        BRK                             A:81 X:03 Y:78 P:A5 SP:02 PPU:140,239 CYC:15993
> 60B7  C5F4  40        RTI                             A:81 X:03 Y:78 P:A5 SP:FF PPU:140,260 CYC:16000
> 60B8  00        BRK                             A:81 X:03 Y:78 P:A5 SP:02 PPU:140,278 CYC:16006
> 60B9  C5F4  40        RTI                             A:81 X:03 Y:78 P:A5 SP:FF PPU:140,299 CYC:16013
> 60BA  00        BRK                             A:81 X:03 Y:78 P:A5 SP:02 PPU:140,317 CYC:16019
> 60BB  C5F4  40        RTI                             A:81 X:03 Y:78 P:A5 SP:FF PPU:140,338 CYC:16026
> 60BC  00        BRK                             A:81 X:03 Y:78 P:A5 SP:02 PPU:141, 15 CYC:16032
> 60BD  C5F4  40        RTI                             A:81 X:03 Y:78 P:A5 SP:FF PPU:141, 36 CYC:16039
> 60BE  00        BRK                             A:81 X:03 Y:78 P:A5 SP:02 PPU:141, 54 CYC:16045
> 60BF  C5F4  40        RTI                             A:81 X:03 Y:78 P:A5 SP:FF PPU:141, 75 CYC:16052
> 60C0  00        BRK                             A:81 X:03 Y:78 P:A5 SP:02 PPU:141, 93 CYC:16058
> 60C1  C5F4  40        RTI                             A:81 X:03 Y:78 P:A5 SP:FF PPU:141,114 CYC:16065
> 60C2  00        BRK                             A:81 X:03 Y:78 P:A5 SP:02 PPU:141,132 CYC:16071
> 60C3  C5F4  40        RTI                             A:81 X:03 Y:78 P:A5 SP:FF PPU:141,153 CYC:16078
> 60C4  00        BRK                             A:81 X:03 Y:78 P:A5 SP:02 PPU:141,171 CYC:16084
> 60C5  C5F4  40        RTI                             A:81 X:03 Y:78 P:A5 SP:FF PPU:141,192 CYC:16091
> 60C6  00        BRK                             A:81 X:03 Y:78 P:A5 SP:02 PPU:141,210 CYC:16097
> 60C7  C5F4  40        RTI                             A:81 X:03 Y:78 P:A5 SP:FF PPU:141,231 CYC:16104
> 60C8  00        BRK                             A:81 X:03 Y:78 P:A5 SP:02 PPU:141,249 CYC:16110
> 60C9  C5F4  40        RTI                             A:81 X:03 Y:78 P:A5 SP:FF PPU:141,270 CYC:16117
> 60CA  00        BRK                             A:81 X:03 Y:78 P:A5 SP:02 PPU:141,288 CYC:16123
> 60CB  C5F4  40        RTI                             A:81 X:03 Y:78 P:A5 SP:FF PPU:141,309 CYC:16130
> 60CC  00        BRK                             A:81 X:03 Y:78 P:A5 SP:02 PPU:141,327 CYC:16136
> 60CD  C5F4  40        RTI                             A:81 X:03 Y:78 P:A5 SP:FF PPU:142,  7 CYC:16143
> 60CE  00        BRK                             A:81 X:03 Y:78 P:A5 SP:02 PPU:142, 25 CYC:16149
> 60CF  C5F4  40        RTI                             A:81 X:03 Y:78 P:A5 SP:FF PPU:142, 46 CYC:16156
> 60D0  00        BRK                             A:81 X:03 Y:78 P:A5 SP:02 PPU:142, 64 CYC:16162
> 60D1  C5F4  40        RTI                             A:81 X:03 Y:78 P:A5 SP:FF PPU:142, 85 CYC:16169
> 60D2  00        BRK                             A:81 X:03 Y:78 P:A5 SP:02 PPU:142,103 CYC:16175
> 60D3  C5F4  40        RTI                             A:81 X:03 Y:78 P:A5 SP:FF PPU:142,124 CYC:16182
> 60D4  00        BRK                             A:81 X:03 Y:78 P:A5 SP:02 PPU:142,142 CYC:16188
> 60D5  C5F4  40        RTI                             A:81 X:03 Y:78 P:A5 SP:FF PPU:142,163 CYC:16195
> 60D6  00        BRK                             A:81 X:03 Y:78 P:A5 SP:02 PPU:142,181 CYC:16201
> 60D7  C5F4  40        RTI                             A:81 X:03 Y:78 P:A5 SP:FF PPU:142,202 CYC:16208
> 60D8  00        BRK                             A:81 X:03 Y:78 P:A5 SP:02 PPU:142,220 CYC:16214
> 60D9  C5F4  40        RTI                             A:81 X:03 Y:78 P:A5 SP:FF PPU:142,241 CYC:16221
> 60DA  00        BRK                             A:81 X:03 Y:78 P:A5 SP:02 PPU:142,259 CYC:16227
> 60DB  C5F4  40        RTI                             A:81 X:03 Y:78 P:A5 SP:FF PPU:142,280 CYC:16234
> 60DC  00        BRK                             A:81 X:03 Y:78 P:A5 SP:02 PPU:142,298 CYC:16240
> 60DD  C5F4  40        RTI                             A:81 X:03 Y:78 P:A5 SP:FF PPU:142,319 CYC:16247
> 60DE  00        BRK                             A:81 X:03 Y:78 P:A5 SP:02 PPU:142,337 CYC:16253
> 60DF  C5F4  40        RTI                             A:81 X:03 Y:78 P:A5 SP:FF PPU:143, 17 CYC:16260
> 60E0  00        BRK                             A:81 X:03 Y:78 P:A5 SP:02 PPU:143, 35 CYC:16266
> 60E1  C5F4  40        RTI                             A:81 X:03 Y:78 P:A5 SP:FF PPU:143, 56 CYC:16273
> 60E2  00        BRK                             A:81 X:03 Y:78 P:A5 SP:02 PPU:143, 74 CYC:16279
> 60E3  C5F4  40        RTI                             A:81 X:03 Y:78 P:A5 SP:FF PPU:143, 95 CYC:16286
> 60E4  00        BRK                             A:81 X:03 Y:78 P:A5 SP:02 PPU:143,113 CYC:16292
> 60E5  C5F4  40        RTI                             A:81 X:03 Y:78 P:A5 SP:FF PPU:143,134 CYC:16299
> 60E6  00        BRK                             A:81 X:03 Y:78 P:A5 SP:02 PPU:143,152 CYC:16305
> 60E7  C5F4  40        RTI                             A:81 X:03 Y:78 P:A5 SP:FF PPU:143,173 CYC:16312
> 60E8  00        BRK                             A:81 X:03 Y:78 P:A5 SP:02 PPU:143,191 CYC:16318
> 60E9  C5F4  40        RTI                             A:81 X:03 Y:78 P:A5 SP:FF PPU:143,212 CYC:16325
> 60EA  00        BRK                             A:81 X:03 Y:78 P:A5 SP:02 PPU:143,230 CYC:16331
> 60EB  C5F4  40        RTI                             A:81 X:03 Y:78 P:A5 SP:FF PPU:143,251 CYC:16338
> 60EC  00        BRK                             A:81 X:03 Y:78 P:A5 SP:02 PPU:143,269 CYC:16344
> 60ED  C5F4  40        RTI                             A:81 X:03 Y:78 P:A5 SP:FF PPU:143,290 CYC:16351
> 60EE  00        BRK                             A:81 X:03 Y:78 P:A5 SP:02 PPU:143,308 CYC:16357
> 60EF  C5F4  40        RTI                             A:81 X:03 Y:78 P:A5 SP:FF PPU:143,329 CYC:16364
> 60F0  00        BRK                             A:81 X:03 Y:78 P:A5 SP:02 PPU:144,  6 CYC:16370
> 60F1  C5F4  40        RTI                             A:81 X:03 Y:78 P:A5 SP:FF PPU:144, 27 CYC:16377
> 60F2  00        BRK                             A:81 X:03 Y:78 P:A5 SP:02 PPU:144, 45 CYC:16383
> 60F3  C5F4  40        RTI                             A:81 X:03 Y:78 P:A5 SP:FF PPU:144, 66 CYC:16390
> 60F4  00        BRK                             A:81 X:03 Y:78 P:A5 SP:02 PPU:144, 84 CYC:16396
> 60F5  C5F4  40        RTI                             A:81 X:03 Y:78 P:A5 SP:FF PPU:144,105 CYC:16403
> 60F6  00        BRK                             A:81 X:03 Y:78 P:A5 SP:02 PPU:144,123 CYC:16409
> 60F7  C5F4  40        RTI                             A:81 X:03 Y:78 P:A5 SP:FF PPU:144,144 CYC:16416
> 60F8  00        BRK                             A:81 X:03 Y:78 P:A5 SP:02 PPU:144,162 CYC:16422
> 60F9  C5F4  40        RTI                             A:81 X:03 Y:78 P:A5 SP:FF PPU:144,183 CYC:16429
> 60FA  00        BRK                             A:81 X:03 Y:78 P:A5 SP:02 PPU:144,201 CYC:16435
> 60FB  C5F4  40        RTI                             A:81 X:03 Y:78 P:A5 SP:FF PPU:144,222 CYC:16442
> 60FC  00        BRK                             A:81 X:03 Y:78 P:A5 SP:02 PPU:144,240 CYC:16448
> 60FD  C5F4  40        RTI                             A:81 X:03 Y:78 P:A5 SP:FF PPU:144,261 CYC:16455
> 60FE  00        BRK                             A:81 X:03 Y:78 P:A5 SP:02 PPU:144,279 CYC:16461
> 60FF  C5F4  40        RTI                             A:81 X:03 Y:78 P:A5 SP:FF PPU:144,300 CYC:16468
> 6100  00        BRK                             A:81 X:03 Y:78 P:A5 SP:02 PPU:144,318 CYC:16474
> 6101  C5F4  40        RTI                             A:81 X:03 Y:78 P:A5 SP:FF PPU:144,339 CYC:16481
> 6102  00        BRK                             A:81 X:03 Y:78 P:A5 SP:02 PPU:145, 16 CYC:16487
> 6103  C5F4  40        RTI                             A:81 X:03 Y:78 P:A5 SP:FF PPU:145, 37 CYC:16494
> 6104  00        BRK                             A:81 X:03 Y:78 P:A5 SP:02 PPU:145, 55 CYC:16500
> 6105  C5F4  40        RTI                             A:81 X:03 Y:78 P:A5 SP:FF PPU:145, 76 CYC:16507
> 6106  00        BRK                             A:81 X:03 Y:78 P:A5 SP:02 PPU:145, 94 CYC:16513
> 6107  C5F4  40        RTI                             A:81 X:03 Y:78 P:A5 SP:FF PPU:145,115 CYC:16520
> 6108  00        BRK                             A:81 X:03 Y:78 P:A5 SP:02 PPU:145,133 CYC:16526
> 6109  C5F4  40        RTI                             A:81 X:03 Y:78 P:A5 SP:FF PPU:145,154 CYC:16533
> 610A  00        BRK                             A:81 X:03 Y:78 P:A5 SP:02 PPU:145,172 CYC:16539
> 610B  C5F4  40        RTI                             A:81 X:03 Y:78 P:A5 SP:FF PPU:145,193 CYC:16546
> 610C  00        BRK                             A:81 X:03 Y:78 P:A5 SP:02 PPU:145,211 CYC:16552
> 610D  C5F4  40        RTI                             A:81 X:03 Y:78 P:A5 SP:FF PPU:145,232 CYC:16559
> 610E  00        BRK                             A:81 X:03 Y:78 P:A5 SP:02 PPU:145,250 CYC:16565
> 610F  C5F4  40        RTI                             A:81 X:03 Y:78 P:A5 SP:FF PPU:145,271 CYC:16572
> 6110  00        BRK                             A:81 X:03 Y:78 P:A5 SP:02 PPU:145,289 CYC:16578
> 6111  C5F4  40        RTI                             A:81 X:03 Y:78 P:A5 SP:FF PPU:145,310 CYC:16585
> 6112  00        BRK                             A:81 X:03 Y:78 P:A5 SP:02 PPU:145,328 CYC:16591
> 6113  C5F4  40        RTI                             A:81 X:03 Y:78 P:A5 SP:FF PPU:146,  8 CYC:16598
> 6114  00        BRK                             A:81 X:03 Y:78 P:A5 SP:02 PPU:146, 26 CYC:16604
> 6115  C5F4  40        RTI                             A:81 X:03 Y:78 P:A5 SP:FF PPU:146, 47 CYC:16611
> 6116  00        BRK                             A:81 X:03 Y:78 P:A5 SP:02 PPU:146, 65 CYC:16617
> 6117  C5F4  40        RTI                             A:81 X:03 Y:78 P:A5 SP:FF PPU:146, 86 CYC:16624
> 6118  00        BRK                             A:81 X:03 Y:78 P:A5 SP:02 PPU:146,104 CYC:16630
> 6119  C5F4  40        RTI                             A:81 X:03 Y:78 P:A5 SP:FF PPU:146,125 CYC:16637
> 611A  00        BRK                             A:81 X:03 Y:78 P:A5 SP:02 PPU:146,143 CYC:16643
> 611B  C5F4  40        RTI                             A:81 X:03 Y:78 P:A5 SP:FF PPU:146,164 CYC:16650
> 611C  00        BRK                             A:81 X:03 Y:78 P:A5 SP:02 PPU:146,182 CYC:16656
> 611D  C5F4  40        RTI                             A:81 X:03 Y:78 P:A5 SP:FF PPU:146,203 CYC:16663
> 611E  00        BRK                             A:81 X:03 Y:78 P:A5 SP:02 PPU:146,221 CYC:16669
> 611F  C5F4  40        RTI                             A:81 X:03 Y:78 P:A5 SP:FF PPU:146,242 CYC:16676
> 6120  00        BRK                             A:81 X:03 Y:78 P:A5 SP:02 PPU:146,260 CYC:16682
> 6121  C5F4  40        RTI                             A:81 X:03 Y:78 P:A5 SP:FF PPU:146,281 CYC:16689
> 6122  00        BRK                             A:81 X:03 Y:78 P:A5 SP:02 PPU:146,299 CYC:16695
> 6123  C5F4  40        RTI                             A:81 X:03 Y:78 P:A5 SP:FF PPU:146,320 CYC:16702
> 6124  00        BRK                             A:81 X:03 Y:78 P:A5 SP:02 PPU:146,338 CYC:16708
> 6125  C5F4  40        RTI                             A:81 X:03 Y:78 P:A5 SP:FF PPU:147, 18 CYC:16715
> 6126  00        BRK                             A:81 X:03 Y:78 P:A5 SP:02 PPU:147, 36 CYC:16721
> 6127  C5F4  40        RTI                             A:81 X:03 Y:78 P:A5 SP:FF PPU:147, 57 CYC:16728
> 6128  00        BRK                             A:81 X:03 Y:78 P:A5 SP:02 PPU:147, 75 CYC:16734
> 6129  C5F4  40        RTI                             A:81 X:03 Y:78 P:A5 SP:FF PPU:147, 96 CYC:16741
> 612A  00        BRK                             A:81 X:03 Y:78 P:A5 SP:02 PPU:147,114 CYC:16747
> 612B  C5F4  40        RTI                             A:81 X:03 Y:78 P:A5 SP:FF PPU:147,135 CYC:16754
> 612C  00        BRK                             A:81 X:03 Y:78 P:A5 SP:02 PPU:147,153 CYC:16760
> 612D  C5F4  40        RTI                             A:81 X:03 Y:78 P:A5 SP:FF PPU:147,174 CYC:16767
> 612E  00        BRK                             A:81 X:03 Y:78 P:A5 SP:02 PPU:147,192 CYC:16773
> 612F  C5F4  40        RTI                             A:81 X:03 Y:78 P:A5 SP:FF PPU:147,213 CYC:16780
> 6130  00        BRK                             A:81 X:03 Y:78 P:A5 SP:02 PPU:147,231 CYC:16786
> 6131  C5F4  40        RTI                             A:81 X:03 Y:78 P:A5 SP:FF PPU:147,252 CYC:16793
> 6132  00        BRK                             A:81 X:03 Y:78 P:A5 SP:02 PPU:147,270 CYC:16799
> 6133  C5F4  40        RTI                             A:81 X:03 Y:78 P:A5 SP:FF PPU:147,291 CYC:16806
> 6134  00        BRK                             A:81 X:03 Y:78 P:A5 SP:02 PPU:147,309 CYC:16812
> 6135  C5F4  40        RTI                             A:81 X:03 Y:78 P:A5 SP:FF PPU:147,330 CYC:16819
> 6136  00        BRK                             A:81 X:03 Y:78 P:A5 SP:02 PPU:148,  7 CYC:16825
> 6137  C5F4  40        RTI                             A:81 X:03 Y:78 P:A5 SP:FF PPU:148, 28 CYC:16832
> 6138  00        BRK                             A:81 X:03 Y:78 P:A5 SP:02 PPU:148, 46 CYC:16838
> 6139  C5F4  40        RTI                             A:81 X:03 Y:78 P:A5 SP:FF PPU:148, 67 CYC:16845
> 613A  00        BRK                             A:81 X:03 Y:78 P:A5 SP:02 PPU:148, 85 CYC:16851
> 613B  C5F4  40        RTI                             A:81 X:03 Y:78 P:A5 SP:FF PPU:148,106 CYC:16858
> 613C  00        BRK                             A:81 X:03 Y:78 P:A5 SP:02 PPU:148,124 CYC:16864
> 613D  C5F4  40        RTI                             A:81 X:03 Y:78 P:A5 SP:FF PPU:148,145 CYC:16871
> 613E  00        BRK                             A:81 X:03 Y:78 P:A5 SP:02 PPU:148,163 CYC:16877
> 613F  C5F4  40        RTI                             A:81 X:03 Y:78 P:A5 SP:FF PPU:148,184 CYC:16884
> 6140  00        BRK                             A:81 X:03 Y:78 P:A5 SP:02 PPU:148,202 CYC:16890
> 6141  C5F4  40        RTI                             A:81 X:03 Y:78 P:A5 SP:FF PPU:148,223 CYC:16897
> 6142  00        BRK                             A:81 X:03 Y:78 P:A5 SP:02 PPU:148,241 CYC:16903
> 6143  C5F4  40        RTI                             A:81 X:03 Y:78 P:A5 SP:FF PPU:148,262 CYC:16910
> 6144  00        BRK                             A:81 X:03 Y:78 P:A5 SP:02 PPU:148,280 CYC:16916
> 6145  C5F4  40        RTI                             A:81 X:03 Y:78 P:A5 SP:FF PPU:148,301 CYC:16923
> 6146  00        BRK                             A:81 X:03 Y:78 P:A5 SP:02 PPU:148,319 CYC:16929
> 6147  C5F4  40        RTI                             A:81 X:03 Y:78 P:A5 SP:FF PPU:148,340 CYC:16936
> 6148  00        BRK                             A:81 X:03 Y:78 P:A5 SP:02 PPU:149, 17 CYC:16942
> 6149  C5F4  40        RTI                             A:81 X:03 Y:78 P:A5 SP:FF PPU:149, 38 CYC:16949
> 614A  00        BRK                             A:81 X:03 Y:78 P:A5 SP:02 PPU:149, 56 CYC:16955
> 614B  C5F4  40        RTI                             A:81 X:03 Y:78 P:A5 SP:FF PPU:149, 77 CYC:16962
> 614C  00        BRK                             A:81 X:03 Y:78 P:A5 SP:02 PPU:149, 95 CYC:16968
> 614D  C5F4  40        RTI                             A:81 X:03 Y:78 P:A5 SP:FF PPU:149,116 CYC:16975
> 614E  00        BRK                             A:81 X:03 Y:78 P:A5 SP:02 PPU:149,134 CYC:16981
> 614F  C5F4  40        RTI                             A:81 X:03 Y:78 P:A5 SP:FF PPU:149,155 CYC:16988
> 6150  00        BRK                             A:81 X:03 Y:78 P:A5 SP:02 PPU:149,173 CYC:16994
> 6151  C5F4  40        RTI                             A:81 X:03 Y:78 P:A5 SP:FF PPU:149,194 CYC:17001
> 6152  00        BRK                             A:81 X:03 Y:78 P:A5 SP:02 PPU:149,212 CYC:17007
> 6153  C5F4  40        RTI                             A:81 X:03 Y:78 P:A5 SP:FF PPU:149,233 CYC:17014
> 6154  00        BRK                             A:81 X:03 Y:78 P:A5 SP:02 PPU:149,251 CYC:17020
> 6155  C5F4  40        RTI                             A:81 X:03 Y:78 P:A5 SP:FF PPU:149,272 CYC:17027
> 6156  00        BRK                             A:81 X:03 Y:78 P:A5 SP:02 PPU:149,290 CYC:17033
> 6157  C5F4  40        RTI                             A:81 X:03 Y:78 P:A5 SP:FF PPU:149,311 CYC:17040
> 6158  00        BRK                             A:81 X:03 Y:78 P:A5 SP:02 PPU:149,329 CYC:17046
> 6159  C5F4  40        RTI                             A:81 X:03 Y:78 P:A5 SP:FF PPU:150,  9 CYC:17053
> 615A  00        BRK                             A:81 X:03 Y:78 P:A5 SP:02 PPU:150, 27 CYC:17059
> 615B  C5F4  40        RTI                             A:81 X:03 Y:78 P:A5 SP:FF PPU:150, 48 CYC:17066
> 615C  00        BRK                             A:81 X:03 Y:78 P:A5 SP:02 PPU:150, 66 CYC:17072
> 615D  C5F4  40        RTI                             A:81 X:03 Y:78 P:A5 SP:FF PPU:150, 87 CYC:17079
> 615E  00        BRK                             A:81 X:03 Y:78 P:A5 SP:02 PPU:150,105 CYC:17085
> 615F  C5F4  40        RTI                             A:81 X:03 Y:78 P:A5 SP:FF PPU:150,126 CYC:17092
> 6160  00        BRK                             A:81 X:03 Y:78 P:A5 SP:02 PPU:150,144 CYC:17098
> 6161  C5F4  40        RTI                             A:81 X:03 Y:78 P:A5 SP:FF PPU:150,165 CYC:17105
> 6162  00        BRK                             A:81 X:03 Y:78 P:A5 SP:02 PPU:150,183 CYC:17111
> 6163  C5F4  40        RTI                             A:81 X:03 Y:78 P:A5 SP:FF PPU:150,204 CYC:17118
> 6164  00        BRK                             A:81 X:03 Y:78 P:A5 SP:02 PPU:150,222 CYC:17124
> 6165  C5F4  40        RTI                             A:81 X:03 Y:78 P:A5 SP:FF PPU:150,243 CYC:17131
> 6166  00        BRK                             A:81 X:03 Y:78 P:A5 SP:02 PPU:150,261 CYC:17137
> 6167  C5F4  40        RTI                             A:81 X:03 Y:78 P:A5 SP:FF PPU:150,282 CYC:17144
> 6168  00        BRK                             A:81 X:03 Y:78 P:A5 SP:02 PPU:150,300 CYC:17150
> 6169  C5F4  40        RTI                             A:81 X:03 Y:78 P:A5 SP:FF PPU:150,321 CYC:17157
> 616A  00        BRK                             A:81 X:03 Y:78 P:A5 SP:02 PPU:150,339 CYC:17163
> 616B  C5F4  40        RTI                             A:81 X:03 Y:78 P:A5 SP:FF PPU:151, 19 CYC:17170
> 616C  00        BRK                             A:81 X:03 Y:78 P:A5 SP:02 PPU:151, 37 CYC:17176
> 616D  C5F4  40        RTI                             A:81 X:03 Y:78 P:A5 SP:FF PPU:151, 58 CYC:17183
> 616E  00        BRK                             A:81 X:03 Y:78 P:A5 SP:02 PPU:151, 76 CYC:17189
> 616F  C5F4  40        RTI                             A:81 X:03 Y:78 P:A5 SP:FF PPU:151, 97 CYC:17196
> 6170  00        BRK                             A:81 X:03 Y:78 P:A5 SP:02 PPU:151,115 CYC:17202
> 6171  C5F4  40        RTI                             A:81 X:03 Y:78 P:A5 SP:FF PPU:151,136 CYC:17209
> 6172  00        BRK                             A:81 X:03 Y:78 P:A5 SP:02 PPU:151,154 CYC:17215
> 6173  C5F4  40        RTI                             A:81 X:03 Y:78 P:A5 SP:FF PPU:151,175 CYC:17222
> 6174  00        BRK                             A:81 X:03 Y:78 P:A5 SP:02 PPU:151,193 CYC:17228
> 6175  C5F4  40        RTI                             A:81 X:03 Y:78 P:A5 SP:FF PPU:151,214 CYC:17235
> 6176  00        BRK                             A:81 X:03 Y:78 P:A5 SP:02 PPU:151,232 CYC:17241
> 6177  C5F4  40        RTI                             A:81 X:03 Y:78 P:A5 SP:FF PPU:151,253 CYC:17248
> 6178  00        BRK                             A:81 X:03 Y:78 P:A5 SP:02 PPU:151,271 CYC:17254
> 6179  C5F4  40        RTI                             A:81 X:03 Y:78 P:A5 SP:FF PPU:151,292 CYC:17261
> 617A  00        BRK                             A:81 X:03 Y:78 P:A5 SP:02 PPU:151,310 CYC:17267
> 617B  C5F4  40        RTI                             A:81 X:03 Y:78 P:A5 SP:FF PPU:151,331 CYC:17274
> 617C  00        BRK                             A:81 X:03 Y:78 P:A5 SP:02 PPU:152,  8 CYC:17280
> 617D  C5F4  40        RTI                             A:81 X:03 Y:78 P:A5 SP:FF PPU:152, 29 CYC:17287
> 617E  00        BRK                             A:81 X:03 Y:78 P:A5 SP:02 PPU:152, 47 CYC:17293
> 617F  C5F4  40        RTI                             A:81 X:03 Y:78 P:A5 SP:FF PPU:152, 68 CYC:17300
> 6180  00        BRK                             A:81 X:03 Y:78 P:A5 SP:02 PPU:152, 86 CYC:17306
> 6181  C5F4  40        RTI                             A:81 X:03 Y:78 P:A5 SP:FF PPU:152,107 CYC:17313
> 6182  00        BRK                             A:81 X:03 Y:78 P:A5 SP:02 PPU:152,125 CYC:17319
> 6183  C5F4  40        RTI                             A:81 X:03 Y:78 P:A5 SP:FF PPU:152,146 CYC:17326
> 6184  00        BRK                             A:81 X:03 Y:78 P:A5 SP:02 PPU:152,164 CYC:17332
> 6185  C5F4  40        RTI                             A:81 X:03 Y:78 P:A5 SP:FF PPU:152,185 CYC:17339
> 6186  00        BRK                             A:81 X:03 Y:78 P:A5 SP:02 PPU:152,203 CYC:17345
> 6187  C5F4  40        RTI                             A:81 X:03 Y:78 P:A5 SP:FF PPU:152,224 CYC:17352
> 6188  00        BRK                             A:81 X:03 Y:78 P:A5 SP:02 PPU:152,242 CYC:17358
> 6189  C5F4  40        RTI                             A:81 X:03 Y:78 P:A5 SP:FF PPU:152,263 CYC:17365
> 618A  00        BRK                             A:81 X:03 Y:78 P:A5 SP:02 PPU:152,281 CYC:17371
> 618B  C5F4  40        RTI                             A:81 X:03 Y:78 P:A5 SP:FF PPU:152,302 CYC:17378
> 618C  00        BRK                             A:81 X:03 Y:78 P:A5 SP:02 PPU:152,320 CYC:17384
> 618D  C5F4  40        RTI                             A:81 X:03 Y:78 P:A5 SP:FF PPU:153,  0 CYC:17391
> 618E  00        BRK                             A:81 X:03 Y:78 P:A5 SP:02 PPU:153, 18 CYC:17397
> 618F  C5F4  40        RTI                             A:81 X:03 Y:78 P:A5 SP:FF PPU:153, 39 CYC:17404
> 6190  00        BRK                             A:81 X:03 Y:78 P:A5 SP:02 PPU:153, 57 CYC:17410
> 6191  C5F4  40        RTI                             A:81 X:03 Y:78 P:A5 SP:FF PPU:153, 78 CYC:17417
> 6192  00        BRK                             A:81 X:03 Y:78 P:A5 SP:02 PPU:153, 96 CYC:17423
> 6193  C5F4  40        RTI                             A:81 X:03 Y:78 P:A5 SP:FF PPU:153,117 CYC:17430
> 6194  00        BRK                             A:81 X:03 Y:78 P:A5 SP:02 PPU:153,135 CYC:17436
> 6195  C5F4  40        RTI                             A:81 X:03 Y:78 P:A5 SP:FF PPU:153,156 CYC:17443
> 6196  00        BRK                             A:81 X:03 Y:78 P:A5 SP:02 PPU:153,174 CYC:17449
> 6197  C5F4  40        RTI                             A:81 X:03 Y:78 P:A5 SP:FF PPU:153,195 CYC:17456
> 6198  00        BRK                             A:81 X:03 Y:78 P:A5 SP:02 PPU:153,213 CYC:17462
> 6199  C5F4  40        RTI                             A:81 X:03 Y:78 P:A5 SP:FF PPU:153,234 CYC:17469
> 619A  00        BRK                             A:81 X:03 Y:78 P:A5 SP:02 PPU:153,252 CYC:17475
> 619B  C5F4  40        RTI                             A:81 X:03 Y:78 P:A5 SP:FF PPU:153,273 CYC:17482
> 619C  00        BRK                             A:81 X:03 Y:78 P:A5 SP:02 PPU:153,291 CYC:17488
> 619D  C5F4  40        RTI                             A:81 X:03 Y:78 P:A5 SP:FF PPU:153,312 CYC:17495
> 619E  00        BRK                             A:81 X:03 Y:78 P:A5 SP:02 PPU:153,330 CYC:17501
> 619F  C5F4  40        RTI                             A:81 X:03 Y:78 P:A5 SP:FF PPU:154, 10 CYC:17508
> 61A0  00        BRK                             A:81 X:03 Y:78 P:A5 SP:02 PPU:154, 28 CYC:17514
> 61A1  C5F4  40        RTI                             A:81 X:03 Y:78 P:A5 SP:FF PPU:154, 49 CYC:17521
> 61A2  00        BRK                             A:81 X:03 Y:78 P:A5 SP:02 PPU:154, 67 CYC:17527
> 61A3  C5F4  40        RTI                             A:81 X:03 Y:78 P:A5 SP:FF PPU:154, 88 CYC:17534
> 61A4  00        BRK                             A:81 X:03 Y:78 P:A5 SP:02 PPU:154,106 CYC:17540
> 61A5  C5F4  40        RTI                             A:81 X:03 Y:78 P:A5 SP:FF PPU:154,127 CYC:17547
> 61A6  00        BRK                             A:81 X:03 Y:78 P:A5 SP:02 PPU:154,145 CYC:17553
> 61A7  C5F4  40        RTI                             A:81 X:03 Y:78 P:A5 SP:FF PPU:154,166 CYC:17560
> 61A8  00        BRK                             A:81 X:03 Y:78 P:A5 SP:02 PPU:154,184 CYC:17566
> 61A9  C5F4  40        RTI                             A:81 X:03 Y:78 P:A5 SP:FF PPU:154,205 CYC:17573
> 61AA  00        BRK                             A:81 X:03 Y:78 P:A5 SP:02 PPU:154,223 CYC:17579
> 61AB  C5F4  40        RTI                             A:81 X:03 Y:78 P:A5 SP:FF PPU:154,244 CYC:17586
> 61AC  00        BRK                             A:81 X:03 Y:78 P:A5 SP:02 PPU:154,262 CYC:17592
> 61AD  C5F4  40        RTI                             A:81 X:03 Y:78 P:A5 SP:FF PPU:154,283 CYC:17599
> 61AE  00        BRK                             A:81 X:03 Y:78 P:A5 SP:02 PPU:154,301 CYC:17605
> 61AF  C5F4  40        RTI                             A:81 X:03 Y:78 P:A5 SP:FF PPU:154,322 CYC:17612
> 61B0  00        BRK                             A:81 X:03 Y:78 P:A5 SP:02 PPU:154,340 CYC:17618
> 61B1  C5F4  40        RTI                             A:81 X:03 Y:78 P:A5 SP:FF PPU:155, 20 CYC:17625
> 61B2  00        BRK                             A:81 X:03 Y:78 P:A5 SP:02 PPU:155, 38 CYC:17631
> 61B3  C5F4  40        RTI                             A:81 X:03 Y:78 P:A5 SP:FF PPU:155, 59 CYC:17638
> 61B4  00        BRK                             A:81 X:03 Y:78 P:A5 SP:02 PPU:155, 77 CYC:17644
> 61B5  C5F4  40        RTI                             A:81 X:03 Y:78 P:A5 SP:FF PPU:155, 98 CYC:17651
> 61B6  00        BRK                             A:81 X:03 Y:78 P:A5 SP:02 PPU:155,116 CYC:17657
> 61B7  C5F4  40        RTI                             A:81 X:03 Y:78 P:A5 SP:FF PPU:155,137 CYC:17664
> 61B8  00        BRK                             A:81 X:03 Y:78 P:A5 SP:02 PPU:155,155 CYC:17670
> 61B9  C5F4  40        RTI                             A:81 X:03 Y:78 P:A5 SP:FF PPU:155,176 CYC:17677
> 61BA  00        BRK                             A:81 X:03 Y:78 P:A5 SP:02 PPU:155,194 CYC:17683
> 61BB  C5F4  40        RTI                             A:81 X:03 Y:78 P:A5 SP:FF PPU:155,215 CYC:17690
> 61BC  00        BRK                             A:81 X:03 Y:78 P:A5 SP:02 PPU:155,233 CYC:17696
> 61BD  C5F4  40        RTI                             A:81 X:03 Y:78 P:A5 SP:FF PPU:155,254 CYC:17703
> 61BE  00        BRK                             A:81 X:03 Y:78 P:A5 SP:02 PPU:155,272 CYC:17709
> 61BF  C5F4  40        RTI                             A:81 X:03 Y:78 P:A5 SP:FF PPU:155,293 CYC:17716
> 61C0  00        BRK                             A:81 X:03 Y:78 P:A5 SP:02 PPU:155,311 CYC:17722
> 61C1  C5F4  40        RTI                             A:81 X:03 Y:78 P:A5 SP:FF PPU:155,332 CYC:17729
> 61C2  00        BRK                             A:81 X:03 Y:78 P:A5 SP:02 PPU:156,  9 CYC:17735
> 61C3  C5F4  40        RTI                             A:81 X:03 Y:78 P:A5 SP:FF PPU:156, 30 CYC:17742
> 61C4  00        BRK                             A:81 X:03 Y:78 P:A5 SP:02 PPU:156, 48 CYC:17748
> 61C5  C5F4  40        RTI                             A:81 X:03 Y:78 P:A5 SP:FF PPU:156, 69 CYC:17755
> 61C6  00        BRK                             A:81 X:03 Y:78 P:A5 SP:02 PPU:156, 87 CYC:17761
> 61C7  C5F4  40        RTI                             A:81 X:03 Y:78 P:A5 SP:FF PPU:156,108 CYC:17768
> 61C8  00        BRK                             A:81 X:03 Y:78 P:A5 SP:02 PPU:156,126 CYC:17774
> 61C9  C5F4  40        RTI                             A:81 X:03 Y:78 P:A5 SP:FF PPU:156,147 CYC:17781
> 61CA  00        BRK                             A:81 X:03 Y:78 P:A5 SP:02 PPU:156,165 CYC:17787
> 61CB  C5F4  40        RTI                             A:81 X:03 Y:78 P:A5 SP:FF PPU:156,186 CYC:17794
> 61CC  00        BRK                             A:81 X:03 Y:78 P:A5 SP:02 PPU:156,204 CYC:17800
> 61CD  C5F4  40        RTI                             A:81 X:03 Y:78 P:A5 SP:FF PPU:156,225 CYC:17807
> 61CE  00        BRK                             A:81 X:03 Y:78 P:A5 SP:02 PPU:156,243 CYC:17813
> 61CF  C5F4  40        RTI                             A:81 X:03 Y:78 P:A5 SP:FF PPU:156,264 CYC:17820
> 61D0  00        BRK                             A:81 X:03 Y:78 P:A5 SP:02 PPU:156,282 CYC:17826
> 61D1  C5F4  40        RTI                             A:81 X:03 Y:78 P:A5 SP:FF PPU:156,303 CYC:17833
> 61D2  00        BRK                             A:81 X:03 Y:78 P:A5 SP:02 PPU:156,321 CYC:17839
> 61D3  C5F4  40        RTI                             A:81 X:03 Y:78 P:A5 SP:FF PPU:157,  1 CYC:17846
> 61D4  00        BRK                             A:81 X:03 Y:78 P:A5 SP:02 PPU:157, 19 CYC:17852
> 61D5  C5F4  40        RTI                             A:81 X:03 Y:78 P:A5 SP:FF PPU:157, 40 CYC:17859
> 61D6  00        BRK                             A:81 X:03 Y:78 P:A5 SP:02 PPU:157, 58 CYC:17865
> 61D7  C5F4  40        RTI                             A:81 X:03 Y:78 P:A5 SP:FF PPU:157, 79 CYC:17872
> 61D8  00        BRK                             A:81 X:03 Y:78 P:A5 SP:02 PPU:157, 97 CYC:17878
> 61D9  C5F4  40        RTI                             A:81 X:03 Y:78 P:A5 SP:FF PPU:157,118 CYC:17885
> 61DA  00        BRK                             A:81 X:03 Y:78 P:A5 SP:02 PPU:157,136 CYC:17891
> 61DB  C5F4  40        RTI                             A:81 X:03 Y:78 P:A5 SP:FF PPU:157,157 CYC:17898
> 61DC  00        BRK                             A:81 X:03 Y:78 P:A5 SP:02 PPU:157,175 CYC:17904
> 61DD  C5F4  40        RTI                             A:81 X:03 Y:78 P:A5 SP:FF PPU:157,196 CYC:17911
> 61DE  00        BRK                             A:81 X:03 Y:78 P:A5 SP:02 PPU:157,214 CYC:17917
> 61DF  C5F4  40        RTI                             A:81 X:03 Y:78 P:A5 SP:FF PPU:157,235 CYC:17924
> 61E0  00        BRK                             A:81 X:03 Y:78 P:A5 SP:02 PPU:157,253 CYC:17930
> 61E1  C5F4  40        RTI                             A:81 X:03 Y:78 P:A5 SP:FF PPU:157,274 CYC:17937
> 61E2  00        BRK                             A:81 X:03 Y:78 P:A5 SP:02 PPU:157,292 CYC:17943
> 61E3  C5F4  40        RTI                             A:81 X:03 Y:78 P:A5 SP:FF PPU:157,313 CYC:17950
> 61E4  00        BRK                             A:81 X:03 Y:78 P:A5 SP:02 PPU:157,331 CYC:17956
> 61E5  C5F4  40        RTI                             A:81 X:03 Y:78 P:A5 SP:FF PPU:158, 11 CYC:17963
> 61E6  00        BRK                             A:81 X:03 Y:78 P:A5 SP:02 PPU:158, 29 CYC:17969
> 61E7  C5F4  40        RTI                             A:81 X:03 Y:78 P:A5 SP:FF PPU:158, 50 CYC:17976
> 61E8  00        BRK                             A:81 X:03 Y:78 P:A5 SP:02 PPU:158, 68 CYC:17982
> 61E9  C5F4  40        RTI                             A:81 X:03 Y:78 P:A5 SP:FF PPU:158, 89 CYC:17989
> 61EA  00        BRK                             A:81 X:03 Y:78 P:A5 SP:02 PPU:158,107 CYC:17995
> 61EB  C5F4  40        RTI                             A:81 X:03 Y:78 P:A5 SP:FF PPU:158,128 CYC:18002
> 61EC  00        BRK                             A:81 X:03 Y:78 P:A5 SP:02 PPU:158,146 CYC:18008
> 61ED  C5F4  40        RTI                             A:81 X:03 Y:78 P:A5 SP:FF PPU:158,167 CYC:18015
> 61EE  00        BRK                             A:81 X:03 Y:78 P:A5 SP:02 PPU:158,185 CYC:18021
> 61EF  C5F4  40        RTI                             A:81 X:03 Y:78 P:A5 SP:FF PPU:158,206 CYC:18028
> 61F0  00        BRK                             A:81 X:03 Y:78 P:A5 SP:02 PPU:158,224 CYC:18034
> 61F1  C5F4  40        RTI                             A:81 X:03 Y:78 P:A5 SP:FF PPU:158,245 CYC:18041
> 61F2  00        BRK                             A:81 X:03 Y:78 P:A5 SP:02 PPU:158,263 CYC:18047
> 61F3  C5F4  40        RTI                             A:81 X:03 Y:78 P:A5 SP:FF PPU:158,284 CYC:18054
> 61F4  00        BRK                             A:81 X:03 Y:78 P:A5 SP:02 PPU:158,302 CYC:18060
> 61F5  C5F4  40        RTI                             A:81 X:03 Y:78 P:A5 SP:FF PPU:158,323 CYC:18067
> 61F6  00        BRK                             A:81 X:03 Y:78 P:A5 SP:02 PPU:159,  0 CYC:18073
> 61F7  C5F4  40        RTI                             A:81 X:03 Y:78 P:A5 SP:FF PPU:159, 21 CYC:18080
> 61F8  00        BRK                             A:81 X:03 Y:78 P:A5 SP:02 PPU:159, 39 CYC:18086
> 61F9  C5F4  40        RTI                             A:81 X:03 Y:78 P:A5 SP:FF PPU:159, 60 CYC:18093
> 61FA  00        BRK                             A:81 X:03 Y:78 P:A5 SP:02 PPU:159, 78 CYC:18099
> 61FB  C5F4  40        RTI                             A:81 X:03 Y:78 P:A5 SP:FF PPU:159, 99 CYC:18106
> 61FC  00        BRK                             A:81 X:03 Y:78 P:A5 SP:02 PPU:159,117 CYC:18112
> 61FD  C5F4  40        RTI                             A:81 X:03 Y:78 P:A5 SP:FF PPU:159,138 CYC:18119
> 61FE  00        BRK                             A:81 X:03 Y:78 P:A5 SP:02 PPU:159,156 CYC:18125
> 61FF  C5F4  40        RTI                             A:81 X:03 Y:78 P:A5 SP:FF PPU:159,177 CYC:18132
> 6200  00        BRK                             A:81 X:03 Y:78 P:A5 SP:02 PPU:159,195 CYC:18138
> 6201  C5F4  40        RTI                             A:81 X:03 Y:78 P:A5 SP:FF PPU:159,216 CYC:18145
> 6202  00        BRK                             A:81 X:03 Y:78 P:A5 SP:02 PPU:159,234 CYC:18151
> 6203  C5F4  40        RTI                             A:81 X:03 Y:78 P:A5 SP:FF PPU:159,255 CYC:18158
> 6204  00        BRK                             A:81 X:03 Y:78 P:A5 SP:02 PPU:159,273 CYC:18164
> 6205  C5F4  40        RTI                             A:81 X:03 Y:78 P:A5 SP:FF PPU:159,294 CYC:18171
> 6206  00        BRK                             A:81 X:03 Y:78 P:A5 SP:02 PPU:159,312 CYC:18177
> 6207  C5F4  40        RTI                             A:81 X:03 Y:78 P:A5 SP:FF PPU:159,333 CYC:18184
> 6208  00        BRK                             A:81 X:03 Y:78 P:A5 SP:02 PPU:160, 10 CYC:18190
> 6209  C5F4  40        RTI                             A:81 X:03 Y:78 P:A5 SP:FF PPU:160, 31 CYC:18197
> 620A  00        BRK                             A:81 X:03 Y:78 P:A5 SP:02 PPU:160, 49 CYC:18203
> 620B  C5F4  40        RTI                             A:81 X:03 Y:78 P:A5 SP:FF PPU:160, 70 CYC:18210
> 620C  00        BRK                             A:81 X:03 Y:78 P:A5 SP:02 PPU:160, 88 CYC:18216
> 620D  C5F4  40        RTI                             A:81 X:03 Y:78 P:A5 SP:FF PPU:160,109 CYC:18223
> 620E  00        BRK                             A:81 X:03 Y:78 P:A5 SP:02 PPU:160,127 CYC:18229
> 620F  C5F4  40        RTI                             A:81 X:03 Y:78 P:A5 SP:FF PPU:160,148 CYC:18236
> 6210  00        BRK                             A:81 X:03 Y:78 P:A5 SP:02 PPU:160,166 CYC:18242
> 6211  C5F4  40        RTI                             A:81 X:03 Y:78 P:A5 SP:FF PPU:160,187 CYC:18249
> 6212  00        BRK                             A:81 X:03 Y:78 P:A5 SP:02 PPU:160,205 CYC:18255
> 6213  C5F4  40        RTI                             A:81 X:03 Y:78 P:A5 SP:FF PPU:160,226 CYC:18262
> 6214  00        BRK                             A:81 X:03 Y:78 P:A5 SP:02 PPU:160,244 CYC:18268
> 6215  C5F4  40        RTI                             A:81 X:03 Y:78 P:A5 SP:FF PPU:160,265 CYC:18275
> 6216  00        BRK                             A:81 X:03 Y:78 P:A5 SP:02 PPU:160,283 CYC:18281
> 6217  C5F4  40        RTI                             A:81 X:03 Y:78 P:A5 SP:FF PPU:160,304 CYC:18288
> 6218  00        BRK                             A:81 X:03 Y:78 P:A5 SP:02 PPU:160,322 CYC:18294
> 6219  C5F4  40        RTI                             A:81 X:03 Y:78 P:A5 SP:FF PPU:161,  2 CYC:18301
> 621A  00        BRK                             A:81 X:03 Y:78 P:A5 SP:02 PPU:161, 20 CYC:18307
> 621B  C5F4  40        RTI                             A:81 X:03 Y:78 P:A5 SP:FF PPU:161, 41 CYC:18314
> 621C  00        BRK                             A:81 X:03 Y:78 P:A5 SP:02 PPU:161, 59 CYC:18320
> 621D  C5F4  40        RTI                             A:81 X:03 Y:78 P:A5 SP:FF PPU:161, 80 CYC:18327
> 621E  00        BRK                             A:81 X:03 Y:78 P:A5 SP:02 PPU:161, 98 CYC:18333
> 621F  C5F4  40        RTI                             A:81 X:03 Y:78 P:A5 SP:FF PPU:161,119 CYC:18340
> 6220  00        BRK                             A:81 X:03 Y:78 P:A5 SP:02 PPU:161,137 CYC:18346
> 6221  C5F4  40        RTI                             A:81 X:03 Y:78 P:A5 SP:FF PPU:161,158 CYC:18353
> 6222  00        BRK                             A:81 X:03 Y:78 P:A5 SP:02 PPU:161,176 CYC:18359
> 6223  C5F4  40        RTI                             A:81 X:03 Y:78 P:A5 SP:FF PPU:161,197 CYC:18366
> 6224  00        BRK                             A:81 X:03 Y:78 P:A5 SP:02 PPU:161,215 CYC:18372
> 6225  C5F4  40        RTI                             A:81 X:03 Y:78 P:A5 SP:FF PPU:161,236 CYC:18379
> 6226  00        BRK                             A:81 X:03 Y:78 P:A5 SP:02 PPU:161,254 CYC:18385
> 6227  C5F4  40        RTI                             A:81 X:03 Y:78 P:A5 SP:FF PPU:161,275 CYC:18392
> 6228  00        BRK                             A:81 X:03 Y:78 P:A5 SP:02 PPU:161,293 CYC:18398
> 6229  C5F4  40        RTI                             A:81 X:03 Y:78 P:A5 SP:FF PPU:161,314 CYC:18405
> 622A  00        BRK                             A:81 X:03 Y:78 P:A5 SP:02 PPU:161,332 CYC:18411
> 622B  C5F4  40        RTI                             A:81 X:03 Y:78 P:A5 SP:FF PPU:162, 12 CYC:18418
> 622C  00        BRK                             A:81 X:03 Y:78 P:A5 SP:02 PPU:162, 30 CYC:18424
> 622D  C5F4  40        RTI                             A:81 X:03 Y:78 P:A5 SP:FF PPU:162, 51 CYC:18431
> 622E  00        BRK                             A:81 X:03 Y:78 P:A5 SP:02 PPU:162, 69 CYC:18437
> 622F  C5F4  40        RTI                             A:81 X:03 Y:78 P:A5 SP:FF PPU:162, 90 CYC:18444
> 6230  00        BRK                             A:81 X:03 Y:78 P:A5 SP:02 PPU:162,108 CYC:18450
> 6231  C5F4  40        RTI                             A:81 X:03 Y:78 P:A5 SP:FF PPU:162,129 CYC:18457
> 6232  00        BRK                             A:81 X:03 Y:78 P:A5 SP:02 PPU:162,147 CYC:18463
> 6233  C5F4  40        RTI                             A:81 X:03 Y:78 P:A5 SP:FF PPU:162,168 CYC:18470
> 6234  00        BRK                             A:81 X:03 Y:78 P:A5 SP:02 PPU:162,186 CYC:18476
> 6235  C5F4  40        RTI                             A:81 X:03 Y:78 P:A5 SP:FF PPU:162,207 CYC:18483
> 6236  00        BRK                             A:81 X:03 Y:78 P:A5 SP:02 PPU:162,225 CYC:18489
> 6237  C5F4  40        RTI                             A:81 X:03 Y:78 P:A5 SP:FF PPU:162,246 CYC:18496
> 6238  00        BRK                             A:81 X:03 Y:78 P:A5 SP:02 PPU:162,264 CYC:18502
> 6239  C5F4  40        RTI                             A:81 X:03 Y:78 P:A5 SP:FF PPU:162,285 CYC:18509
> 623A  00        BRK                             A:81 X:03 Y:78 P:A5 SP:02 PPU:162,303 CYC:18515
> 623B  C5F4  40        RTI                             A:81 X:03 Y:78 P:A5 SP:FF PPU:162,324 CYC:18522
> 623C  00        BRK                             A:81 X:03 Y:78 P:A5 SP:02 PPU:163,  1 CYC:18528
> 623D  C5F4  40        RTI                             A:81 X:03 Y:78 P:A5 SP:FF PPU:163, 22 CYC:18535
> 623E  00        BRK                             A:81 X:03 Y:78 P:A5 SP:02 PPU:163, 40 CYC:18541
> 623F  C5F4  40        RTI                             A:81 X:03 Y:78 P:A5 SP:FF PPU:163, 61 CYC:18548
> 6240  00        BRK                             A:81 X:03 Y:78 P:A5 SP:02 PPU:163, 79 CYC:18554
> 6241  C5F4  40        RTI                             A:81 X:03 Y:78 P:A5 SP:FF PPU:163,100 CYC:18561
> 6242  00        BRK                             A:81 X:03 Y:78 P:A5 SP:02 PPU:163,118 CYC:18567
> 6243  C5F4  40        RTI                             A:81 X:03 Y:78 P:A5 SP:FF PPU:163,139 CYC:18574
> 6244  00        BRK                             A:81 X:03 Y:78 P:A5 SP:02 PPU:163,157 CYC:18580
> 6245  C5F4  40        RTI                             A:81 X:03 Y:78 P:A5 SP:FF PPU:163,178 CYC:18587
> 6246  00        BRK                             A:81 X:03 Y:78 P:A5 SP:02 PPU:163,196 CYC:18593
> 6247  C5F4  40        RTI                             A:81 X:03 Y:78 P:A5 SP:FF PPU:163,217 CYC:18600
> 6248  00        BRK                             A:81 X:03 Y:78 P:A5 SP:02 PPU:163,235 CYC:18606
> 6249  C5F4  40        RTI                             A:81 X:03 Y:78 P:A5 SP:FF PPU:163,256 CYC:18613
> 624A  00        BRK                             A:81 X:03 Y:78 P:A5 SP:02 PPU:163,274 CYC:18619
> 624B  C5F4  40        RTI                             A:81 X:03 Y:78 P:A5 SP:FF PPU:163,295 CYC:18626
> 624C  00        BRK                             A:81 X:03 Y:78 P:A5 SP:02 PPU:163,313 CYC:18632
> 624D  C5F4  40        RTI                             A:81 X:03 Y:78 P:A5 SP:FF PPU:163,334 CYC:18639
> 624E  00        BRK                             A:81 X:03 Y:78 P:A5 SP:02 PPU:164, 11 CYC:18645
> 624F  C5F4  40        RTI                             A:81 X:03 Y:78 P:A5 SP:FF PPU:164, 32 CYC:18652
> 6250  00        BRK                             A:81 X:03 Y:78 P:A5 SP:02 PPU:164, 50 CYC:18658
> 6251  C5F4  40        RTI                             A:81 X:03 Y:78 P:A5 SP:FF PPU:164, 71 CYC:18665
> 6252  00        BRK                             A:81 X:03 Y:78 P:A5 SP:02 PPU:164, 89 CYC:18671
> 6253  C5F4  40        RTI                             A:81 X:03 Y:78 P:A5 SP:FF PPU:164,110 CYC:18678
> 6254  00        BRK                             A:81 X:03 Y:78 P:A5 SP:02 PPU:164,128 CYC:18684
> 6255  C5F4  40        RTI                             A:81 X:03 Y:78 P:A5 SP:FF PPU:164,149 CYC:18691
> 6256  00        BRK                             A:81 X:03 Y:78 P:A5 SP:02 PPU:164,167 CYC:18697
> 6257  C5F4  40        RTI                             A:81 X:03 Y:78 P:A5 SP:FF PPU:164,188 CYC:18704
> 6258  00        BRK                             A:81 X:03 Y:78 P:A5 SP:02 PPU:164,206 CYC:18710
> 6259  C5F4  40        RTI                             A:81 X:03 Y:78 P:A5 SP:FF PPU:164,227 CYC:18717
> 625A  00        BRK                             A:81 X:03 Y:78 P:A5 SP:02 PPU:164,245 CYC:18723
> 625B  C5F4  40        RTI                             A:81 X:03 Y:78 P:A5 SP:FF PPU:164,266 CYC:18730
> 625C  00        BRK                             A:81 X:03 Y:78 P:A5 SP:02 PPU:164,284 CYC:18736
> 625D  C5F4  40        RTI                             A:81 X:03 Y:78 P:A5 SP:FF PPU:164,305 CYC:18743
> 625E  00        BRK                             A:81 X:03 Y:78 P:A5 SP:02 PPU:164,323 CYC:18749
> 625F  C5F4  40        RTI                             A:81 X:03 Y:78 P:A5 SP:FF PPU:165,  3 CYC:18756
> 6260  00        BRK                             A:81 X:03 Y:78 P:A5 SP:02 PPU:165, 21 CYC:18762
> 6261  C5F4  40        RTI                             A:81 X:03 Y:78 P:A5 SP:FF PPU:165, 42 CYC:18769
> 6262  00        BRK                             A:81 X:03 Y:78 P:A5 SP:02 PPU:165, 60 CYC:18775
> 6263  C5F4  40        RTI                             A:81 X:03 Y:78 P:A5 SP:FF PPU:165, 81 CYC:18782
> 6264  00        BRK                             A:81 X:03 Y:78 P:A5 SP:02 PPU:165, 99 CYC:18788
> 6265  C5F4  40        RTI                             A:81 X:03 Y:78 P:A5 SP:FF PPU:165,120 CYC:18795
> 6266  00        BRK                             A:81 X:03 Y:78 P:A5 SP:02 PPU:165,138 CYC:18801
> 6267  C5F4  40        RTI                             A:81 X:03 Y:78 P:A5 SP:FF PPU:165,159 CYC:18808
> 6268  00        BRK                             A:81 X:03 Y:78 P:A5 SP:02 PPU:165,177 CYC:18814
> 6269  C5F4  40        RTI                             A:81 X:03 Y:78 P:A5 SP:FF PPU:165,198 CYC:18821
> 626A  00        BRK                             A:81 X:03 Y:78 P:A5 SP:02 PPU:165,216 CYC:18827
> 626B  C5F4  40        RTI                             A:81 X:03 Y:78 P:A5 SP:FF PPU:165,237 CYC:18834
> 626C  00        BRK                             A:81 X:03 Y:78 P:A5 SP:02 PPU:165,255 CYC:18840
> 626D  C5F4  40        RTI                             A:81 X:03 Y:78 P:A5 SP:FF PPU:165,276 CYC:18847
> 626E  00        BRK                             A:81 X:03 Y:78 P:A5 SP:02 PPU:165,294 CYC:18853
> 626F  C5F4  40        RTI                             A:81 X:03 Y:78 P:A5 SP:FF PPU:165,315 CYC:18860
> 6270  00        BRK                             A:81 X:03 Y:78 P:A5 SP:02 PPU:165,333 CYC:18866
> 6271  C5F4  40        RTI                             A:81 X:03 Y:78 P:A5 SP:FF PPU:166, 13 CYC:18873
> 6272  00        BRK                             A:81 X:03 Y:78 P:A5 SP:02 PPU:166, 31 CYC:18879
> 6273  C5F4  40        RTI                             A:81 X:03 Y:78 P:A5 SP:FF PPU:166, 52 CYC:18886
> 6274  00        BRK                             A:81 X:03 Y:78 P:A5 SP:02 PPU:166, 70 CYC:18892
> 6275  C5F4  40        RTI                             A:81 X:03 Y:78 P:A5 SP:FF PPU:166, 91 CYC:18899
> 6276  00        BRK                             A:81 X:03 Y:78 P:A5 SP:02 PPU:166,109 CYC:18905
> 6277  C5F4  40        RTI                             A:81 X:03 Y:78 P:A5 SP:FF PPU:166,130 CYC:18912
> 6278  00        BRK                             A:81 X:03 Y:78 P:A5 SP:02 PPU:166,148 CYC:18918
> 6279  C5F4  40        RTI                             A:81 X:03 Y:78 P:A5 SP:FF PPU:166,169 CYC:18925
> 627A  00        BRK                             A:81 X:03 Y:78 P:A5 SP:02 PPU:166,187 CYC:18931
> 627B  C5F4  40        RTI                             A:81 X:03 Y:78 P:A5 SP:FF PPU:166,208 CYC:18938
> 627C  00        BRK                             A:81 X:03 Y:78 P:A5 SP:02 PPU:166,226 CYC:18944
> 627D  C5F4  40        RTI                             A:81 X:03 Y:78 P:A5 SP:FF PPU:166,247 CYC:18951
> 627E  00        BRK                             A:81 X:03 Y:78 P:A5 SP:02 PPU:166,265 CYC:18957
> 627F  C5F4  40        RTI                             A:81 X:03 Y:78 P:A5 SP:FF PPU:166,286 CYC:18964
> 6280  00        BRK                             A:81 X:03 Y:78 P:A5 SP:02 PPU:166,304 CYC:18970
> 6281  C5F4  40        RTI                             A:81 X:03 Y:78 P:A5 SP:FF PPU:166,325 CYC:18977
> 6282  00        BRK                             A:81 X:03 Y:78 P:A5 SP:02 PPU:167,  2 CYC:18983
> 6283  C5F4  40        RTI                             A:81 X:03 Y:78 P:A5 SP:FF PPU:167, 23 CYC:18990
> 6284  00        BRK                             A:81 X:03 Y:78 P:A5 SP:02 PPU:167, 41 CYC:18996
> 6285  C5F4  40        RTI                             A:81 X:03 Y:78 P:A5 SP:FF PPU:167, 62 CYC:19003
> 6286  00        BRK                             A:81 X:03 Y:78 P:A5 SP:02 PPU:167, 80 CYC:19009
> 6287  C5F4  40        RTI                             A:81 X:03 Y:78 P:A5 SP:FF PPU:167,101 CYC:19016
> 6288  00        BRK                             A:81 X:03 Y:78 P:A5 SP:02 PPU:167,119 CYC:19022
> 6289  C5F4  40        RTI                             A:81 X:03 Y:78 P:A5 SP:FF PPU:167,140 CYC:19029
> 628A  00        BRK                             A:81 X:03 Y:78 P:A5 SP:02 PPU:167,158 CYC:19035
> 628B  C5F4  40        RTI                             A:81 X:03 Y:78 P:A5 SP:FF PPU:167,179 CYC:19042
> 628C  00        BRK                             A:81 X:03 Y:78 P:A5 SP:02 PPU:167,197 CYC:19048
> 628D  C5F4  40        RTI                             A:81 X:03 Y:78 P:A5 SP:FF PPU:167,218 CYC:19055
> 628E  00        BRK                             A:81 X:03 Y:78 P:A5 SP:02 PPU:167,236 CYC:19061
> 628F  C5F4  40        RTI                             A:81 X:03 Y:78 P:A5 SP:FF PPU:167,257 CYC:19068
> 6290  00        BRK                             A:81 X:03 Y:78 P:A5 SP:02 PPU:167,275 CYC:19074
> 6291  C5F4  40        RTI                             A:81 X:03 Y:78 P:A5 SP:FF PPU:167,296 CYC:19081
> 6292  00        BRK                             A:81 X:03 Y:78 P:A5 SP:02 PPU:167,314 CYC:19087
> 6293  C5F4  40        RTI                             A:81 X:03 Y:78 P:A5 SP:FF PPU:167,335 CYC:19094
> 6294  00        BRK                             A:81 X:03 Y:78 P:A5 SP:02 PPU:168, 12 CYC:19100
> 6295  C5F4  40        RTI                             A:81 X:03 Y:78 P:A5 SP:FF PPU:168, 33 CYC:19107
> 6296  00        BRK                             A:81 X:03 Y:78 P:A5 SP:02 PPU:168, 51 CYC:19113
> 6297  C5F4  40        RTI                             A:81 X:03 Y:78 P:A5 SP:FF PPU:168, 72 CYC:19120
> 6298  00        BRK                             A:81 X:03 Y:78 P:A5 SP:02 PPU:168, 90 CYC:19126
> 6299  C5F4  40        RTI                             A:81 X:03 Y:78 P:A5 SP:FF PPU:168,111 CYC:19133
> 629A  00        BRK                             A:81 X:03 Y:78 P:A5 SP:02 PPU:168,129 CYC:19139
> 629B  C5F4  40        RTI                             A:81 X:03 Y:78 P:A5 SP:FF PPU:168,150 CYC:19146
> 629C  00        BRK                             A:81 X:03 Y:78 P:A5 SP:02 PPU:168,168 CYC:19152
> 629D  C5F4  40        RTI                             A:81 X:03 Y:78 P:A5 SP:FF PPU:168,189 CYC:19159
> 629E  00        BRK                             A:81 X:03 Y:78 P:A5 SP:02 PPU:168,207 CYC:19165
> 629F  C5F4  40        RTI                             A:81 X:03 Y:78 P:A5 SP:FF PPU:168,228 CYC:19172
> 62A0  00        BRK                             A:81 X:03 Y:78 P:A5 SP:02 PPU:168,246 CYC:19178
> 62A1  C5F4  40        RTI                             A:81 X:03 Y:78 P:A5 SP:FF PPU:168,267 CYC:19185
> 62A2  00        BRK                             A:81 X:03 Y:78 P:A5 SP:02 PPU:168,285 CYC:19191
> 62A3  C5F4  40        RTI                             A:81 X:03 Y:78 P:A5 SP:FF PPU:168,306 CYC:19198
> 62A4  00        BRK                             A:81 X:03 Y:78 P:A5 SP:02 PPU:168,324 CYC:19204
> 62A5  C5F4  40        RTI                             A:81 X:03 Y:78 P:A5 SP:FF PPU:169,  4 CYC:19211
> 62A6  00        BRK                             A:81 X:03 Y:78 P:A5 SP:02 PPU:169, 22 CYC:19217
> 62A7  C5F4  40        RTI                             A:81 X:03 Y:78 P:A5 SP:FF PPU:169, 43 CYC:19224
> 62A8  00        BRK                             A:81 X:03 Y:78 P:A5 SP:02 PPU:169, 61 CYC:19230
> 62A9  C5F4  40        RTI                             A:81 X:03 Y:78 P:A5 SP:FF PPU:169, 82 CYC:19237
> 62AA  00        BRK                             A:81 X:03 Y:78 P:A5 SP:02 PPU:169,100 CYC:19243
> 62AB  C5F4  40        RTI                             A:81 X:03 Y:78 P:A5 SP:FF PPU:169,121 CYC:19250
> 62AC  00        BRK                             A:81 X:03 Y:78 P:A5 SP:02 PPU:169,139 CYC:19256
> 62AD  C5F4  40        RTI                             A:81 X:03 Y:78 P:A5 SP:FF PPU:169,160 CYC:19263
> 62AE  00        BRK                             A:81 X:03 Y:78 P:A5 SP:02 PPU:169,178 CYC:19269
> 62AF  C5F4  40        RTI                             A:81 X:03 Y:78 P:A5 SP:FF PPU:169,199 CYC:19276
> 62B0  00        BRK                             A:81 X:03 Y:78 P:A5 SP:02 PPU:169,217 CYC:19282
> 62B1  C5F4  40        RTI                             A:81 X:03 Y:78 P:A5 SP:FF PPU:169,238 CYC:19289
> 62B2  00        BRK                             A:81 X:03 Y:78 P:A5 SP:02 PPU:169,256 CYC:19295
> 62B3  C5F4  40        RTI                             A:81 X:03 Y:78 P:A5 SP:FF PPU:169,277 CYC:19302
> 62B4  00        BRK                             A:81 X:03 Y:78 P:A5 SP:02 PPU:169,295 CYC:19308
> 62B5  C5F4  40        RTI                             A:81 X:03 Y:78 P:A5 SP:FF PPU:169,316 CYC:19315
> 62B6  00        BRK                             A:81 X:03 Y:78 P:A5 SP:02 PPU:169,334 CYC:19321
> 62B7  C5F4  40        RTI                             A:81 X:03 Y:78 P:A5 SP:FF PPU:170, 14 CYC:19328
> 62B8  00        BRK                             A:81 X:03 Y:78 P:A5 SP:02 PPU:170, 32 CYC:19334
> 62B9  C5F4  40        RTI                             A:81 X:03 Y:78 P:A5 SP:FF PPU:170, 53 CYC:19341
> 62BA  00        BRK                             A:81 X:03 Y:78 P:A5 SP:02 PPU:170, 71 CYC:19347
> 62BB  C5F4  40        RTI                             A:81 X:03 Y:78 P:A5 SP:FF PPU:170, 92 CYC:19354
> 62BC  00        BRK                             A:81 X:03 Y:78 P:A5 SP:02 PPU:170,110 CYC:19360
> 62BD  C5F4  40        RTI                             A:81 X:03 Y:78 P:A5 SP:FF PPU:170,131 CYC:19367
> 62BE  00        BRK                             A:81 X:03 Y:78 P:A5 SP:02 PPU:170,149 CYC:19373
> 62BF  C5F4  40        RTI                             A:81 X:03 Y:78 P:A5 SP:FF PPU:170,170 CYC:19380
> 62C0  00        BRK                             A:81 X:03 Y:78 P:A5 SP:02 PPU:170,188 CYC:19386
> 62C1  C5F4  40        RTI                             A:81 X:03 Y:78 P:A5 SP:FF PPU:170,209 CYC:19393
> 62C2  00        BRK                             A:81 X:03 Y:78 P:A5 SP:02 PPU:170,227 CYC:19399
> 62C3  C5F4  40        RTI                             A:81 X:03 Y:78 P:A5 SP:FF PPU:170,248 CYC:19406
> 62C4  00        BRK                             A:81 X:03 Y:78 P:A5 SP:02 PPU:170,266 CYC:19412
> 62C5  C5F4  40        RTI                             A:81 X:03 Y:78 P:A5 SP:FF PPU:170,287 CYC:19419
> 62C6  00        BRK                             A:81 X:03 Y:78 P:A5 SP:02 PPU:170,305 CYC:19425
> 62C7  C5F4  40        RTI                             A:81 X:03 Y:78 P:A5 SP:FF PPU:170,326 CYC:19432
> 62C8  00        BRK                             A:81 X:03 Y:78 P:A5 SP:02 PPU:171,  3 CYC:19438
> 62C9  C5F4  40        RTI                             A:81 X:03 Y:78 P:A5 SP:FF PPU:171, 24 CYC:19445
> 62CA  00        BRK                             A:81 X:03 Y:78 P:A5 SP:02 PPU:171, 42 CYC:19451
> 62CB  C5F4  40        RTI                             A:81 X:03 Y:78 P:A5 SP:FF PPU:171, 63 CYC:19458
> 62CC  00        BRK                             A:81 X:03 Y:78 P:A5 SP:02 PPU:171, 81 CYC:19464
> 62CD  C5F4  40        RTI                             A:81 X:03 Y:78 P:A5 SP:FF PPU:171,102 CYC:19471
> 62CE  00        BRK                             A:81 X:03 Y:78 P:A5 SP:02 PPU:171,120 CYC:19477
> 62CF  C5F4  40        RTI                             A:81 X:03 Y:78 P:A5 SP:FF PPU:171,141 CYC:19484
> 62D0  00        BRK                             A:81 X:03 Y:78 P:A5 SP:02 PPU:171,159 CYC:19490
> 62D1  C5F4  40        RTI                             A:81 X:03 Y:78 P:A5 SP:FF PPU:171,180 CYC:19497
> 62D2  00        BRK                             A:81 X:03 Y:78 P:A5 SP:02 PPU:171,198 CYC:19503
> 62D3  C5F4  40        RTI                             A:81 X:03 Y:78 P:A5 SP:FF PPU:171,219 CYC:19510
> 62D4  00        BRK                             A:81 X:03 Y:78 P:A5 SP:02 PPU:171,237 CYC:19516
> 62D5  C5F4  40        RTI                             A:81 X:03 Y:78 P:A5 SP:FF PPU:171,258 CYC:19523
> 62D6  00        BRK                             A:81 X:03 Y:78 P:A5 SP:02 PPU:171,276 CYC:19529
> 62D7  C5F4  40        RTI                             A:81 X:03 Y:78 P:A5 SP:FF PPU:171,297 CYC:19536
> 62D8  00        BRK                             A:81 X:03 Y:78 P:A5 SP:02 PPU:171,315 CYC:19542
> 62D9  C5F4  40        RTI                             A:81 X:03 Y:78 P:A5 SP:FF PPU:171,336 CYC:19549
> 62DA  00        BRK                             A:81 X:03 Y:78 P:A5 SP:02 PPU:172, 13 CYC:19555
> 62DB  C5F4  40        RTI                             A:81 X:03 Y:78 P:A5 SP:FF PPU:172, 34 CYC:19562
> 62DC  00        BRK                             A:81 X:03 Y:78 P:A5 SP:02 PPU:172, 52 CYC:19568
> 62DD  C5F4  40        RTI                             A:81 X:03 Y:78 P:A5 SP:FF PPU:172, 73 CYC:19575
> 62DE  00        BRK                             A:81 X:03 Y:78 P:A5 SP:02 PPU:172, 91 CYC:19581
> 62DF  C5F4  40        RTI                             A:81 X:03 Y:78 P:A5 SP:FF PPU:172,112 CYC:19588
> 62E0  00        BRK                             A:81 X:03 Y:78 P:A5 SP:02 PPU:172,130 CYC:19594
> 62E1  C5F4  40        RTI                             A:81 X:03 Y:78 P:A5 SP:FF PPU:172,151 CYC:19601
> 62E2  00        BRK                             A:81 X:03 Y:78 P:A5 SP:02 PPU:172,169 CYC:19607
> 62E3  C5F4  40        RTI                             A:81 X:03 Y:78 P:A5 SP:FF PPU:172,190 CYC:19614
> 62E4  00        BRK                             A:81 X:03 Y:78 P:A5 SP:02 PPU:172,208 CYC:19620
> 62E5  C5F4  40        RTI                             A:81 X:03 Y:78 P:A5 SP:FF PPU:172,229 CYC:19627
> 62E6  00        BRK                             A:81 X:03 Y:78 P:A5 SP:02 PPU:172,247 CYC:19633
> 62E7  C5F4  40        RTI                             A:81 X:03 Y:78 P:A5 SP:FF PPU:172,268 CYC:19640
> 62E8  00        BRK                             A:81 X:03 Y:78 P:A5 SP:02 PPU:172,286 CYC:19646
> 62E9  C5F4  40        RTI                             A:81 X:03 Y:78 P:A5 SP:FF PPU:172,307 CYC:19653
> 62EA  00        BRK                             A:81 X:03 Y:78 P:A5 SP:02 PPU:172,325 CYC:19659
> 62EB  C5F4  40        RTI                             A:81 X:03 Y:78 P:A5 SP:FF PPU:173,  5 CYC:19666
> 62EC  00        BRK                             A:81 X:03 Y:78 P:A5 SP:02 PPU:173, 23 CYC:19672
> 62ED  C5F4  40        RTI                             A:81 X:03 Y:78 P:A5 SP:FF PPU:173, 44 CYC:19679
> 62EE  00        BRK                             A:81 X:03 Y:78 P:A5 SP:02 PPU:173, 62 CYC:19685
> 62EF  C5F4  40        RTI                             A:81 X:03 Y:78 P:A5 SP:FF PPU:173, 83 CYC:19692
> 62F0  00        BRK                             A:81 X:03 Y:78 P:A5 SP:02 PPU:173,101 CYC:19698
> 62F1  C5F4  40        RTI                             A:81 X:03 Y:78 P:A5 SP:FF PPU:173,122 CYC:19705
> 62F2  00        BRK                             A:81 X:03 Y:78 P:A5 SP:02 PPU:173,140 CYC:19711
> 62F3  C5F4  40        RTI                             A:81 X:03 Y:78 P:A5 SP:FF PPU:173,161 CYC:19718
> 62F4  00        BRK                             A:81 X:03 Y:78 P:A5 SP:02 PPU:173,179 CYC:19724
> 62F5  C5F4  40        RTI                             A:81 X:03 Y:78 P:A5 SP:FF PPU:173,200 CYC:19731
> 62F6  00        BRK                             A:81 X:03 Y:78 P:A5 SP:02 PPU:173,218 CYC:19737
> 62F7  C5F4  40        RTI                             A:81 X:03 Y:78 P:A5 SP:FF PPU:173,239 CYC:19744
> 62F8  00        BRK                             A:81 X:03 Y:78 P:A5 SP:02 PPU:173,257 CYC:19750
> 62F9  C5F4  40        RTI                             A:81 X:03 Y:78 P:A5 SP:FF PPU:173,278 CYC:19757
> 62FA  00        BRK                             A:81 X:03 Y:78 P:A5 SP:02 PPU:173,296 CYC:19763
> 62FB  C5F4  40        RTI                             A:81 X:03 Y:78 P:A5 SP:FF PPU:173,317 CYC:19770
> 62FC  00        BRK                             A:81 X:03 Y:78 P:A5 SP:02 PPU:173,335 CYC:19776
> 62FD  C5F4  40        RTI                             A:81 X:03 Y:78 P:A5 SP:FF PPU:174, 15 CYC:19783
> 62FE  00        BRK                             A:81 X:03 Y:78 P:A5 SP:02 PPU:174, 33 CYC:19789
> 62FF  C5F4  40        RTI                             A:81 X:03 Y:78 P:A5 SP:FF PPU:174, 54 CYC:19796
> 6300  00        BRK                             A:81 X:03 Y:78 P:A5 SP:02 PPU:174, 72 CYC:19802
> 6301  C5F4  40        RTI                             A:81 X:03 Y:78 P:A5 SP:FF PPU:174, 93 CYC:19809
> 6302  00        BRK                             A:81 X:03 Y:78 P:A5 SP:02 PPU:174,111 CYC:19815
> 6303  C5F4  40        RTI                             A:81 X:03 Y:78 P:A5 SP:FF PPU:174,132 CYC:19822
> 6304  00        BRK                             A:81 X:03 Y:78 P:A5 SP:02 PPU:174,150 CYC:19828
> 6305  C5F4  40        RTI                             A:81 X:03 Y:78 P:A5 SP:FF PPU:174,171 CYC:19835
> 6306  00        BRK                             A:81 X:03 Y:78 P:A5 SP:02 PPU:174,189 CYC:19841
> 6307  C5F4  40        RTI                             A:81 X:03 Y:78 P:A5 SP:FF PPU:174,210 CYC:19848
> 6308  00        BRK                             A:81 X:03 Y:78 P:A5 SP:02 PPU:174,228 CYC:19854
> 6309  C5F4  40        RTI                             A:81 X:03 Y:78 P:A5 SP:FF PPU:174,249 CYC:19861
> 630A  00        BRK                             A:81 X:03 Y:78 P:A5 SP:02 PPU:174,267 CYC:19867
> 630B  C5F4  40        RTI                             A:81 X:03 Y:78 P:A5 SP:FF PPU:174,288 CYC:19874
> 630C  00        BRK                             A:81 X:03 Y:78 P:A5 SP:02 PPU:174,306 CYC:19880
> 630D  C5F4  40        RTI                             A:81 X:03 Y:78 P:A5 SP:FF PPU:174,327 CYC:19887
> 630E  00        BRK                             A:81 X:03 Y:78 P:A5 SP:02 PPU:175,  4 CYC:19893
> 630F  C5F4  40        RTI                             A:81 X:03 Y:78 P:A5 SP:FF PPU:175, 25 CYC:19900
> 6310  00        BRK                             A:81 X:03 Y:78 P:A5 SP:02 PPU:175, 43 CYC:19906
> 6311  C5F4  40        RTI                             A:81 X:03 Y:78 P:A5 SP:FF PPU:175, 64 CYC:19913
> 6312  00        BRK                             A:81 X:03 Y:78 P:A5 SP:02 PPU:175, 82 CYC:19919
> 6313  C5F4  40        RTI                             A:81 X:03 Y:78 P:A5 SP:FF PPU:175,103 CYC:19926
> 6314  00        BRK                             A:81 X:03 Y:78 P:A5 SP:02 PPU:175,121 CYC:19932
> 6315  C5F4  40        RTI                             A:81 X:03 Y:78 P:A5 SP:FF PPU:175,142 CYC:19939
> 6316  00        BRK                             A:81 X:03 Y:78 P:A5 SP:02 PPU:175,160 CYC:19945
> 6317  C5F4  40        RTI                             A:81 X:03 Y:78 P:A5 SP:FF PPU:175,181 CYC:19952
> 6318  00        BRK                             A:81 X:03 Y:78 P:A5 SP:02 PPU:175,199 CYC:19958
> 6319  C5F4  40        RTI                             A:81 X:03 Y:78 P:A5 SP:FF PPU:175,220 CYC:19965
> 631A  00        BRK                             A:81 X:03 Y:78 P:A5 SP:02 PPU:175,238 CYC:19971
> 631B  C5F4  40        RTI                             A:81 X:03 Y:78 P:A5 SP:FF PPU:175,259 CYC:19978
> 631C  00        BRK                             A:81 X:03 Y:78 P:A5 SP:02 PPU:175,277 CYC:19984
> 631D  C5F4  40        RTI                             A:81 X:03 Y:78 P:A5 SP:FF PPU:175,298 CYC:19991
> 631E  00        BRK                             A:81 X:03 Y:78 P:A5 SP:02 PPU:175,316 CYC:19997
> 631F  C5F4  40        RTI                             A:81 X:03 Y:78 P:A5 SP:FF PPU:175,337 CYC:20004
> 6320  00        BRK                             A:81 X:03 Y:78 P:A5 SP:02 PPU:176, 14 CYC:20010
> 6321  C5F4  40        RTI                             A:81 X:03 Y:78 P:A5 SP:FF PPU:176, 35 CYC:20017
> 6322  00        BRK                             A:81 X:03 Y:78 P:A5 SP:02 PPU:176, 53 CYC:20023
> 6323  C5F4  40        RTI                             A:81 X:03 Y:78 P:A5 SP:FF PPU:176, 74 CYC:20030
> 6324  00        BRK                             A:81 X:03 Y:78 P:A5 SP:02 PPU:176, 92 CYC:20036
> 6325  C5F4  40        RTI                             A:81 X:03 Y:78 P:A5 SP:FF PPU:176,113 CYC:20043
> 6326  00        BRK                             A:81 X:03 Y:78 P:A5 SP:02 PPU:176,131 CYC:20049
> 6327  C5F4  40        RTI                             A:81 X:03 Y:78 P:A5 SP:FF PPU:176,152 CYC:20056
> 6328  00        BRK                             A:81 X:03 Y:78 P:A5 SP:02 PPU:176,170 CYC:20062
> 6329  C5F4  40        RTI                             A:81 X:03 Y:78 P:A5 SP:FF PPU:176,191 CYC:20069
> 632A  00        BRK                             A:81 X:03 Y:78 P:A5 SP:02 PPU:176,209 CYC:20075
> 632B  C5F4  40        RTI                             A:81 X:03 Y:78 P:A5 SP:FF PPU:176,230 CYC:20082
> 632C  00        BRK                             A:81 X:03 Y:78 P:A5 SP:02 PPU:176,248 CYC:20088
> 632D  C5F4  40        RTI                             A:81 X:03 Y:78 P:A5 SP:FF PPU:176,269 CYC:20095
> 632E  00        BRK                             A:81 X:03 Y:78 P:A5 SP:02 PPU:176,287 CYC:20101
> 632F  C5F4  40        RTI                             A:81 X:03 Y:78 P:A5 SP:FF PPU:176,308 CYC:20108
> 6330  00        BRK                             A:81 X:03 Y:78 P:A5 SP:02 PPU:176,326 CYC:20114
> 6331  C5F4  40        RTI                             A:81 X:03 Y:78 P:A5 SP:FF PPU:177,  6 CYC:20121
> 6332  00        BRK                             A:81 X:03 Y:78 P:A5 SP:02 PPU:177, 24 CYC:20127
> 6333  C5F4  40        RTI                             A:81 X:03 Y:78 P:A5 SP:FF PPU:177, 45 CYC:20134
> 6334  00        BRK                             A:81 X:03 Y:78 P:A5 SP:02 PPU:177, 63 CYC:20140
> 6335  C5F4  40        RTI                             A:81 X:03 Y:78 P:A5 SP:FF PPU:177, 84 CYC:20147
> 6336  00        BRK                             A:81 X:03 Y:78 P:A5 SP:02 PPU:177,102 CYC:20153
> 6337  C5F4  40        RTI                             A:81 X:03 Y:78 P:A5 SP:FF PPU:177,123 CYC:20160
> 6338  00        BRK                             A:81 X:03 Y:78 P:A5 SP:02 PPU:177,141 CYC:20166
> 6339  C5F4  40        RTI                             A:81 X:03 Y:78 P:A5 SP:FF PPU:177,162 CYC:20173
> 633A  00        BRK                             A:81 X:03 Y:78 P:A5 SP:02 PPU:177,180 CYC:20179
> 633B  C5F4  40        RTI                             A:81 X:03 Y:78 P:A5 SP:FF PPU:177,201 CYC:20186
> 633C  00        BRK                             A:81 X:03 Y:78 P:A5 SP:02 PPU:177,219 CYC:20192
> 633D  C5F4  40        RTI                             A:81 X:03 Y:78 P:A5 SP:FF PPU:177,240 CYC:20199
> 633E  00        BRK                             A:81 X:03 Y:78 P:A5 SP:02 PPU:177,258 CYC:20205
> 633F  C5F4  40        RTI                             A:81 X:03 Y:78 P:A5 SP:FF PPU:177,279 CYC:20212
> 6340  00        BRK                             A:81 X:03 Y:78 P:A5 SP:02 PPU:177,297 CYC:20218
> 6341  C5F4  40        RTI                             A:81 X:03 Y:78 P:A5 SP:FF PPU:177,318 CYC:20225
> 6342  00        BRK                             A:81 X:03 Y:78 P:A5 SP:02 PPU:177,336 CYC:20231
> 6343  C5F4  40        RTI                             A:81 X:03 Y:78 P:A5 SP:FF PPU:178, 16 CYC:20238
> 6344  00        BRK                             A:81 X:03 Y:78 P:A5 SP:02 PPU:178, 34 CYC:20244
> 6345  C5F4  40        RTI                             A:81 X:03 Y:78 P:A5 SP:FF PPU:178, 55 CYC:20251
> 6346  00        BRK                             A:81 X:03 Y:78 P:A5 SP:02 PPU:178, 73 CYC:20257
> 6347  C5F4  40        RTI                             A:81 X:03 Y:78 P:A5 SP:FF PPU:178, 94 CYC:20264
> 6348  00        BRK                             A:81 X:03 Y:78 P:A5 SP:02 PPU:178,112 CYC:20270
> 6349  C5F4  40        RTI                             A:81 X:03 Y:78 P:A5 SP:FF PPU:178,133 CYC:20277
> 634A  00        BRK                             A:81 X:03 Y:78 P:A5 SP:02 PPU:178,151 CYC:20283
> 634B  C5F4  40        RTI                             A:81 X:03 Y:78 P:A5 SP:FF PPU:178,172 CYC:20290
> 634C  00        BRK                             A:81 X:03 Y:78 P:A5 SP:02 PPU:178,190 CYC:20296
> 634D  C5F4  40        RTI                             A:81 X:03 Y:78 P:A5 SP:FF PPU:178,211 CYC:20303
> 634E  00        BRK                             A:81 X:03 Y:78 P:A5 SP:02 PPU:178,229 CYC:20309
> 634F  C5F4  40        RTI                             A:81 X:03 Y:78 P:A5 SP:FF PPU:178,250 CYC:20316
> 6350  00        BRK                             A:81 X:03 Y:78 P:A5 SP:02 PPU:178,268 CYC:20322
> 6351  C5F4  40        RTI                             A:81 X:03 Y:78 P:A5 SP:FF PPU:178,289 CYC:20329
> 6352  00        BRK                             A:81 X:03 Y:78 P:A5 SP:02 PPU:178,307 CYC:20335
> 6353  C5F4  40        RTI                             A:81 X:03 Y:78 P:A5 SP:FF PPU:178,328 CYC:20342
> 6354  00        BRK                             A:81 X:03 Y:78 P:A5 SP:02 PPU:179,  5 CYC:20348
> 6355  C5F4  40        RTI                             A:81 X:03 Y:78 P:A5 SP:FF PPU:179, 26 CYC:20355
> 6356  00        BRK                             A:81 X:03 Y:78 P:A5 SP:02 PPU:179, 44 CYC:20361
> 6357  C5F4  40        RTI                             A:81 X:03 Y:78 P:A5 SP:FF PPU:179, 65 CYC:20368
> 6358  00        BRK                             A:81 X:03 Y:78 P:A5 SP:02 PPU:179, 83 CYC:20374
> 6359  C5F4  40        RTI                             A:81 X:03 Y:78 P:A5 SP:FF PPU:179,104 CYC:20381
> 635A  00        BRK                             A:81 X:03 Y:78 P:A5 SP:02 PPU:179,122 CYC:20387
> 635B  C5F4  40        RTI                             A:81 X:03 Y:78 P:A5 SP:FF PPU:179,143 CYC:20394
> 635C  00        BRK                             A:81 X:03 Y:78 P:A5 SP:02 PPU:179,161 CYC:20400
> 635D  C5F4  40        RTI                             A:81 X:03 Y:78 P:A5 SP:FF PPU:179,182 CYC:20407
> 635E  00        BRK                             A:81 X:03 Y:78 P:A5 SP:02 PPU:179,200 CYC:20413
> 635F  C5F4  40        RTI                             A:81 X:03 Y:78 P:A5 SP:FF PPU:179,221 CYC:20420
> 6360  00        BRK                             A:81 X:03 Y:78 P:A5 SP:02 PPU:179,239 CYC:20426
> 6361  C5F4  40        RTI                             A:81 X:03 Y:78 P:A5 SP:FF PPU:179,260 CYC:20433
> 6362  00        BRK                             A:81 X:03 Y:78 P:A5 SP:02 PPU:179,278 CYC:20439
> 6363  C5F4  40        RTI                             A:81 X:03 Y:78 P:A5 SP:FF PPU:179,299 CYC:20446
> 6364  00        BRK                             A:81 X:03 Y:78 P:A5 SP:02 PPU:179,317 CYC:20452
> 6365  C5F4  40        RTI                             A:81 X:03 Y:78 P:A5 SP:FF PPU:179,338 CYC:20459
> 6366  00        BRK                             A:81 X:03 Y:78 P:A5 SP:02 PPU:180, 15 CYC:20465
> 6367  C5F4  40        RTI                             A:81 X:03 Y:78 P:A5 SP:FF PPU:180, 36 CYC:20472
> 6368  00        BRK                             A:81 X:03 Y:78 P:A5 SP:02 PPU:180, 54 CYC:20478
> 6369  C5F4  40        RTI                             A:81 X:03 Y:78 P:A5 SP:FF PPU:180, 75 CYC:20485
> 636A  00        BRK                             A:81 X:03 Y:78 P:A5 SP:02 PPU:180, 93 CYC:20491
> 636B  C5F4  40        RTI                             A:81 X:03 Y:78 P:A5 SP:FF PPU:180,114 CYC:20498
> 636C  00        BRK                             A:81 X:03 Y:78 P:A5 SP:02 PPU:180,132 CYC:20504
> 636D  C5F4  40        RTI                             A:81 X:03 Y:78 P:A5 SP:FF PPU:180,153 CYC:20511
> 636E  00        BRK                             A:81 X:03 Y:78 P:A5 SP:02 PPU:180,171 CYC:20517
> 636F  C5F4  40        RTI                             A:81 X:03 Y:78 P:A5 SP:FF PPU:180,192 CYC:20524
> 6370  00        BRK                             A:81 X:03 Y:78 P:A5 SP:02 PPU:180,210 CYC:20530
> 6371  C5F4  40        RTI                             A:81 X:03 Y:78 P:A5 SP:FF PPU:180,231 CYC:20537
> 6372  00        BRK                             A:81 X:03 Y:78 P:A5 SP:02 PPU:180,249 CYC:20543
> 6373  C5F4  40        RTI                             A:81 X:03 Y:78 P:A5 SP:FF PPU:180,270 CYC:20550
> 6374  00        BRK                             A:81 X:03 Y:78 P:A5 SP:02 PPU:180,288 CYC:20556
> 6375  C5F4  40        RTI                             A:81 X:03 Y:78 P:A5 SP:FF PPU:180,309 CYC:20563
> 6376  00        BRK                             A:81 X:03 Y:78 P:A5 SP:02 PPU:180,327 CYC:20569
> 6377  C5F4  40        RTI                             A:81 X:03 Y:78 P:A5 SP:FF PPU:181,  7 CYC:20576
> 6378  00        BRK                             A:81 X:03 Y:78 P:A5 SP:02 PPU:181, 25 CYC:20582
> 6379  C5F4  40        RTI                             A:81 X:03 Y:78 P:A5 SP:FF PPU:181, 46 CYC:20589
> 637A  00        BRK                             A:81 X:03 Y:78 P:A5 SP:02 PPU:181, 64 CYC:20595
> 637B  C5F4  40        RTI                             A:81 X:03 Y:78 P:A5 SP:FF PPU:181, 85 CYC:20602
> 637C  00        BRK                             A:81 X:03 Y:78 P:A5 SP:02 PPU:181,103 CYC:20608
> 637D  C5F4  40        RTI                             A:81 X:03 Y:78 P:A5 SP:FF PPU:181,124 CYC:20615
> 637E  00        BRK                             A:81 X:03 Y:78 P:A5 SP:02 PPU:181,142 CYC:20621
> 637F  C5F4  40        RTI                             A:81 X:03 Y:78 P:A5 SP:FF PPU:181,163 CYC:20628
> 6380  00        BRK                             A:81 X:03 Y:78 P:A5 SP:02 PPU:181,181 CYC:20634
> 6381  C5F4  40        RTI                             A:81 X:03 Y:78 P:A5 SP:FF PPU:181,202 CYC:20641
> 6382  00        BRK                             A:81 X:03 Y:78 P:A5 SP:02 PPU:181,220 CYC:20647
> 6383  C5F4  40        RTI                             A:81 X:03 Y:78 P:A5 SP:FF PPU:181,241 CYC:20654
> 6384  00        BRK                             A:81 X:03 Y:78 P:A5 SP:02 PPU:181,259 CYC:20660
> 6385  C5F4  40        RTI                             A:81 X:03 Y:78 P:A5 SP:FF PPU:181,280 CYC:20667
> 6386  00        BRK                             A:81 X:03 Y:78 P:A5 SP:02 PPU:181,298 CYC:20673
> 6387  C5F4  40        RTI                             A:81 X:03 Y:78 P:A5 SP:FF PPU:181,319 CYC:20680
> 6388  00        BRK                             A:81 X:03 Y:78 P:A5 SP:02 PPU:181,337 CYC:20686
> 6389  C5F4  40        RTI                             A:81 X:03 Y:78 P:A5 SP:FF PPU:182, 17 CYC:20693
> 638A  00        BRK                             A:81 X:03 Y:78 P:A5 SP:02 PPU:182, 35 CYC:20699
> 638B  C5F4  40        RTI                             A:81 X:03 Y:78 P:A5 SP:FF PPU:182, 56 CYC:20706
> 638C  00        BRK                             A:81 X:03 Y:78 P:A5 SP:02 PPU:182, 74 CYC:20712
> 638D  C5F4  40        RTI                             A:81 X:03 Y:78 P:A5 SP:FF PPU:182, 95 CYC:20719
> 638E  00        BRK                             A:81 X:03 Y:78 P:A5 SP:02 PPU:182,113 CYC:20725
> 638F  C5F4  40        RTI                             A:81 X:03 Y:78 P:A5 SP:FF PPU:182,134 CYC:20732
> 6390  00        BRK                             A:81 X:03 Y:78 P:A5 SP:02 PPU:182,152 CYC:20738
> 6391  C5F4  40        RTI                             A:81 X:03 Y:78 P:A5 SP:FF PPU:182,173 CYC:20745
> 6392  00        BRK                             A:81 X:03 Y:78 P:A5 SP:02 PPU:182,191 CYC:20751
> 6393  C5F4  40        RTI                             A:81 X:03 Y:78 P:A5 SP:FF PPU:182,212 CYC:20758
> 6394  00        BRK                             A:81 X:03 Y:78 P:A5 SP:02 PPU:182,230 CYC:20764
> 6395  C5F4  40        RTI                             A:81 X:03 Y:78 P:A5 SP:FF PPU:182,251 CYC:20771
> 6396  00        BRK                             A:81 X:03 Y:78 P:A5 SP:02 PPU:182,269 CYC:20777
> 6397  C5F4  40        RTI                             A:81 X:03 Y:78 P:A5 SP:FF PPU:182,290 CYC:20784
> 6398  00        BRK                             A:81 X:03 Y:78 P:A5 SP:02 PPU:182,308 CYC:20790
> 6399  C5F4  40        RTI                             A:81 X:03 Y:78 P:A5 SP:FF PPU:182,329 CYC:20797
> 639A  00        BRK                             A:81 X:03 Y:78 P:A5 SP:02 PPU:183,  6 CYC:20803
> 639B  C5F4  40        RTI                             A:81 X:03 Y:78 P:A5 SP:FF PPU:183, 27 CYC:20810
> 639C  00        BRK                             A:81 X:03 Y:78 P:A5 SP:02 PPU:183, 45 CYC:20816
> 639D  C5F4  40        RTI                             A:81 X:03 Y:78 P:A5 SP:FF PPU:183, 66 CYC:20823
> 639E  00        BRK                             A:81 X:03 Y:78 P:A5 SP:02 PPU:183, 84 CYC:20829
> 639F  C5F4  40        RTI                             A:81 X:03 Y:78 P:A5 SP:FF PPU:183,105 CYC:20836
> 63A0  00        BRK                             A:81 X:03 Y:78 P:A5 SP:02 PPU:183,123 CYC:20842
> 63A1  C5F4  40        RTI                             A:81 X:03 Y:78 P:A5 SP:FF PPU:183,144 CYC:20849
> 63A2  00        BRK                             A:81 X:03 Y:78 P:A5 SP:02 PPU:183,162 CYC:20855
> 63A3  C5F4  40        RTI                             A:81 X:03 Y:78 P:A5 SP:FF PPU:183,183 CYC:20862
> 63A4  00        BRK                             A:81 X:03 Y:78 P:A5 SP:02 PPU:183,201 CYC:20868
> 63A5  C5F4  40        RTI                             A:81 X:03 Y:78 P:A5 SP:FF PPU:183,222 CYC:20875
> 63A6  00        BRK                             A:81 X:03 Y:78 P:A5 SP:02 PPU:183,240 CYC:20881
> 63A7  C5F4  40        RTI                             A:81 X:03 Y:78 P:A5 SP:FF PPU:183,261 CYC:20888
> 63A8  00        BRK                             A:81 X:03 Y:78 P:A5 SP:02 PPU:183,279 CYC:20894
> 63A9  C5F4  40        RTI                             A:81 X:03 Y:78 P:A5 SP:FF PPU:183,300 CYC:20901
> 63AA  00        BRK                             A:81 X:03 Y:78 P:A5 SP:02 PPU:183,318 CYC:20907
> 63AB  C5F4  40        RTI                             A:81 X:03 Y:78 P:A5 SP:FF PPU:183,339 CYC:20914
> 63AC  00        BRK                             A:81 X:03 Y:78 P:A5 SP:02 PPU:184, 16 CYC:20920
> 63AD  C5F4  40        RTI                             A:81 X:03 Y:78 P:A5 SP:FF PPU:184, 37 CYC:20927
> 63AE  00        BRK                             A:81 X:03 Y:78 P:A5 SP:02 PPU:184, 55 CYC:20933
> 63AF  C5F4  40        RTI                             A:81 X:03 Y:78 P:A5 SP:FF PPU:184, 76 CYC:20940
> 63B0  00        BRK                             A:81 X:03 Y:78 P:A5 SP:02 PPU:184, 94 CYC:20946
> 63B1  C5F4  40        RTI                             A:81 X:03 Y:78 P:A5 SP:FF PPU:184,115 CYC:20953
> 63B2  00        BRK                             A:81 X:03 Y:78 P:A5 SP:02 PPU:184,133 CYC:20959
> 63B3  C5F4  40        RTI                             A:81 X:03 Y:78 P:A5 SP:FF PPU:184,154 CYC:20966
> 63B4  00        BRK                             A:81 X:03 Y:78 P:A5 SP:02 PPU:184,172 CYC:20972
> 63B5  C5F4  40        RTI                             A:81 X:03 Y:78 P:A5 SP:FF PPU:184,193 CYC:20979
> 63B6  00        BRK                             A:81 X:03 Y:78 P:A5 SP:02 PPU:184,211 CYC:20985
> 63B7  C5F4  40        RTI                             A:81 X:03 Y:78 P:A5 SP:FF PPU:184,232 CYC:20992
> 63B8  00        BRK                             A:81 X:03 Y:78 P:A5 SP:02 PPU:184,250 CYC:20998
> 63B9  C5F4  40        RTI                             A:81 X:03 Y:78 P:A5 SP:FF PPU:184,271 CYC:21005
> 63BA  00        BRK                             A:81 X:03 Y:78 P:A5 SP:02 PPU:184,289 CYC:21011
> 63BB  C5F4  40        RTI                             A:81 X:03 Y:78 P:A5 SP:FF PPU:184,310 CYC:21018
> 63BC  00        BRK                             A:81 X:03 Y:78 P:A5 SP:02 PPU:184,328 CYC:21024
> 63BD  C5F4  40        RTI                             A:81 X:03 Y:78 P:A5 SP:FF PPU:185,  8 CYC:21031
> 63BE  00        BRK                             A:81 X:03 Y:78 P:A5 SP:02 PPU:185, 26 CYC:21037
> 63BF  C5F4  40        RTI                             A:81 X:03 Y:78 P:A5 SP:FF PPU:185, 47 CYC:21044
> 63C0  00        BRK                             A:81 X:03 Y:78 P:A5 SP:02 PPU:185, 65 CYC:21050
> 63C1  C5F4  40        RTI                             A:81 X:03 Y:78 P:A5 SP:FF PPU:185, 86 CYC:21057
> 63C2  00        BRK                             A:81 X:03 Y:78 P:A5 SP:02 PPU:185,104 CYC:21063
> 63C3  C5F4  40        RTI                             A:81 X:03 Y:78 P:A5 SP:FF PPU:185,125 CYC:21070
> 63C4  00        BRK                             A:81 X:03 Y:78 P:A5 SP:02 PPU:185,143 CYC:21076
> 63C5  C5F4  40        RTI                             A:81 X:03 Y:78 P:A5 SP:FF PPU:185,164 CYC:21083
> 63C6  00        BRK                             A:81 X:03 Y:78 P:A5 SP:02 PPU:185,182 CYC:21089
> 63C7  C5F4  40        RTI                             A:81 X:03 Y:78 P:A5 SP:FF PPU:185,203 CYC:21096
> 63C8  00        BRK                             A:81 X:03 Y:78 P:A5 SP:02 PPU:185,221 CYC:21102
> 63C9  C5F4  40        RTI                             A:81 X:03 Y:78 P:A5 SP:FF PPU:185,242 CYC:21109
> 63CA  00        BRK                             A:81 X:03 Y:78 P:A5 SP:02 PPU:185,260 CYC:21115
> 63CB  C5F4  40        RTI                             A:81 X:03 Y:78 P:A5 SP:FF PPU:185,281 CYC:21122
> 63CC  00        BRK                             A:81 X:03 Y:78 P:A5 SP:02 PPU:185,299 CYC:21128
> 63CD  C5F4  40        RTI                             A:81 X:03 Y:78 P:A5 SP:FF PPU:185,320 CYC:21135
> 63CE  00        BRK                             A:81 X:03 Y:78 P:A5 SP:02 PPU:185,338 CYC:21141
> 63CF  C5F4  40        RTI                             A:81 X:03 Y:78 P:A5 SP:FF PPU:186, 18 CYC:21148
> 63D0  00        BRK                             A:81 X:03 Y:78 P:A5 SP:02 PPU:186, 36 CYC:21154
> 63D1  C5F4  40        RTI                             A:81 X:03 Y:78 P:A5 SP:FF PPU:186, 57 CYC:21161
> 63D2  00        BRK                             A:81 X:03 Y:78 P:A5 SP:02 PPU:186, 75 CYC:21167
> 63D3  C5F4  40        RTI                             A:81 X:03 Y:78 P:A5 SP:FF PPU:186, 96 CYC:21174
> 63D4  00        BRK                             A:81 X:03 Y:78 P:A5 SP:02 PPU:186,114 CYC:21180
> 63D5  C5F4  40        RTI                             A:81 X:03 Y:78 P:A5 SP:FF PPU:186,135 CYC:21187
> 63D6  00        BRK                             A:81 X:03 Y:78 P:A5 SP:02 PPU:186,153 CYC:21193
> 63D7  C5F4  40        RTI                             A:81 X:03 Y:78 P:A5 SP:FF PPU:186,174 CYC:21200
> 63D8  00        BRK                             A:81 X:03 Y:78 P:A5 SP:02 PPU:186,192 CYC:21206
> 63D9  C5F4  40        RTI                             A:81 X:03 Y:78 P:A5 SP:FF PPU:186,213 CYC:21213
> 63DA  00        BRK                             A:81 X:03 Y:78 P:A5 SP:02 PPU:186,231 CYC:21219
> 63DB  C5F4  40        RTI                             A:81 X:03 Y:78 P:A5 SP:FF PPU:186,252 CYC:21226
> 63DC  00        BRK                             A:81 X:03 Y:78 P:A5 SP:02 PPU:186,270 CYC:21232
> 63DD  C5F4  40        RTI                             A:81 X:03 Y:78 P:A5 SP:FF PPU:186,291 CYC:21239
> 63DE  00        BRK                             A:81 X:03 Y:78 P:A5 SP:02 PPU:186,309 CYC:21245
> 63DF  C5F4  40        RTI                             A:81 X:03 Y:78 P:A5 SP:FF PPU:186,330 CYC:21252
> 63E0  00        BRK                             A:81 X:03 Y:78 P:A5 SP:02 PPU:187,  7 CYC:21258
> 63E1  C5F4  40        RTI                             A:81 X:03 Y:78 P:A5 SP:FF PPU:187, 28 CYC:21265
> 63E2  00        BRK                             A:81 X:03 Y:78 P:A5 SP:02 PPU:187, 46 CYC:21271
> 63E3  C5F4  40        RTI                             A:81 X:03 Y:78 P:A5 SP:FF PPU:187, 67 CYC:21278
> 63E4  00        BRK                             A:81 X:03 Y:78 P:A5 SP:02 PPU:187, 85 CYC:21284
> 63E5  C5F4  40        RTI                             A:81 X:03 Y:78 P:A5 SP:FF PPU:187,106 CYC:21291
> 63E6  00        BRK                             A:81 X:03 Y:78 P:A5 SP:02 PPU:187,124 CYC:21297
> 63E7  C5F4  40        RTI                             A:81 X:03 Y:78 P:A5 SP:FF PPU:187,145 CYC:21304
> 63E8  00        BRK                             A:81 X:03 Y:78 P:A5 SP:02 PPU:187,163 CYC:21310
> 63E9  C5F4  40        RTI                             A:81 X:03 Y:78 P:A5 SP:FF PPU:187,184 CYC:21317
> 63EA  00        BRK                             A:81 X:03 Y:78 P:A5 SP:02 PPU:187,202 CYC:21323
> 63EB  C5F4  40        RTI                             A:81 X:03 Y:78 P:A5 SP:FF PPU:187,223 CYC:21330
> 63EC  00        BRK                             A:81 X:03 Y:78 P:A5 SP:02 PPU:187,241 CYC:21336
> 63ED  C5F4  40        RTI                             A:81 X:03 Y:78 P:A5 SP:FF PPU:187,262 CYC:21343
> 63EE  00        BRK                             A:81 X:03 Y:78 P:A5 SP:02 PPU:187,280 CYC:21349
> 63EF  C5F4  40        RTI                             A:81 X:03 Y:78 P:A5 SP:FF PPU:187,301 CYC:21356
> 63F0  00        BRK                             A:81 X:03 Y:78 P:A5 SP:02 PPU:187,319 CYC:21362
> 63F1  C5F4  40        RTI                             A:81 X:03 Y:78 P:A5 SP:FF PPU:187,340 CYC:21369
> 63F2  00        BRK                             A:81 X:03 Y:78 P:A5 SP:02 PPU:188, 17 CYC:21375
> 63F3  C5F4  40        RTI                             A:81 X:03 Y:78 P:A5 SP:FF PPU:188, 38 CYC:21382
> 63F4  00        BRK                             A:81 X:03 Y:78 P:A5 SP:02 PPU:188, 56 CYC:21388
> 63F5  C5F4  40        RTI                             A:81 X:03 Y:78 P:A5 SP:FF PPU:188, 77 CYC:21395
> 63F6  00        BRK                             A:81 X:03 Y:78 P:A5 SP:02 PPU:188, 95 CYC:21401
> 63F7  C5F4  40        RTI                             A:81 X:03 Y:78 P:A5 SP:FF PPU:188,116 CYC:21408
> 63F8  00        BRK                             A:81 X:03 Y:78 P:A5 SP:02 PPU:188,134 CYC:21414
> 63F9  C5F4  40        RTI                             A:81 X:03 Y:78 P:A5 SP:FF PPU:188,155 CYC:21421
> 63FA  00        BRK                             A:81 X:03 Y:78 P:A5 SP:02 PPU:188,173 CYC:21427
> 63FB  C5F4  40        RTI                             A:81 X:03 Y:78 P:A5 SP:FF PPU:188,194 CYC:21434
> 63FC  00        BRK                             A:81 X:03 Y:78 P:A5 SP:02 PPU:188,212 CYC:21440
> 63FD  C5F4  40        RTI                             A:81 X:03 Y:78 P:A5 SP:FF PPU:188,233 CYC:21447
> 63FE  00        BRK                             A:81 X:03 Y:78 P:A5 SP:02 PPU:188,251 CYC:21453
> 63FF  C5F4  40        RTI                             A:81 X:03 Y:78 P:A5 SP:FF PPU:188,272 CYC:21460
> 6400  00        BRK                             A:81 X:03 Y:78 P:A5 SP:02 PPU:188,290 CYC:21466
> 6401  C5F4  40        RTI                             A:81 X:03 Y:78 P:A5 SP:FF PPU:188,311 CYC:21473
> 6402  00        BRK                             A:81 X:03 Y:78 P:A5 SP:02 PPU:188,329 CYC:21479
> 6403  C5F4  40        RTI                             A:81 X:03 Y:78 P:A5 SP:FF PPU:189,  9 CYC:21486
> 6404  00        BRK                             A:81 X:03 Y:78 P:A5 SP:02 PPU:189, 27 CYC:21492
> 6405  C5F4  40        RTI                             A:81 X:03 Y:78 P:A5 SP:FF PPU:189, 48 CYC:21499
> 6406  00        BRK                             A:81 X:03 Y:78 P:A5 SP:02 PPU:189, 66 CYC:21505
> 6407  C5F4  40        RTI                             A:81 X:03 Y:78 P:A5 SP:FF PPU:189, 87 CYC:21512
> 6408  00        BRK                             A:81 X:03 Y:78 P:A5 SP:02 PPU:189,105 CYC:21518
> 6409  C5F4  40        RTI                             A:81 X:03 Y:78 P:A5 SP:FF PPU:189,126 CYC:21525
> 640A  00        BRK                             A:81 X:03 Y:78 P:A5 SP:02 PPU:189,144 CYC:21531
> 640B  C5F4  40        RTI                             A:81 X:03 Y:78 P:A5 SP:FF PPU:189,165 CYC:21538
> 640C  00        BRK                             A:81 X:03 Y:78 P:A5 SP:02 PPU:189,183 CYC:21544
> 640D  C5F4  40        RTI                             A:81 X:03 Y:78 P:A5 SP:FF PPU:189,204 CYC:21551
> 640E  00        BRK                             A:81 X:03 Y:78 P:A5 SP:02 PPU:189,222 CYC:21557
> 640F  C5F4  40        RTI                             A:81 X:03 Y:78 P:A5 SP:FF PPU:189,243 CYC:21564
> 6410  00        BRK                             A:81 X:03 Y:78 P:A5 SP:02 PPU:189,261 CYC:21570
> 6411  C5F4  40        RTI                             A:81 X:03 Y:78 P:A5 SP:FF PPU:189,282 CYC:21577
> 6412  00        BRK                             A:81 X:03 Y:78 P:A5 SP:02 PPU:189,300 CYC:21583
> 6413  C5F4  40        RTI                             A:81 X:03 Y:78 P:A5 SP:FF PPU:189,321 CYC:21590
> 6414  00        BRK                             A:81 X:03 Y:78 P:A5 SP:02 PPU:189,339 CYC:21596
> 6415  C5F4  40        RTI                             A:81 X:03 Y:78 P:A5 SP:FF PPU:190, 19 CYC:21603
> 6416  00        BRK                             A:81 X:03 Y:78 P:A5 SP:02 PPU:190, 37 CYC:21609
> 6417  C5F4  40        RTI                             A:81 X:03 Y:78 P:A5 SP:FF PPU:190, 58 CYC:21616
> 6418  00        BRK                             A:81 X:03 Y:78 P:A5 SP:02 PPU:190, 76 CYC:21622
> 6419  C5F4  40        RTI                             A:81 X:03 Y:78 P:A5 SP:FF PPU:190, 97 CYC:21629
> 641A  00        BRK                             A:81 X:03 Y:78 P:A5 SP:02 PPU:190,115 CYC:21635
> 641B  C5F4  40        RTI                             A:81 X:03 Y:78 P:A5 SP:FF PPU:190,136 CYC:21642
> 641C  00        BRK                             A:81 X:03 Y:78 P:A5 SP:02 PPU:190,154 CYC:21648
> 641D  C5F4  40        RTI                             A:81 X:03 Y:78 P:A5 SP:FF PPU:190,175 CYC:21655
> 641E  00        BRK                             A:81 X:03 Y:78 P:A5 SP:02 PPU:190,193 CYC:21661
> 641F  C5F4  40        RTI                             A:81 X:03 Y:78 P:A5 SP:FF PPU:190,214 CYC:21668
> 6420  00        BRK                             A:81 X:03 Y:78 P:A5 SP:02 PPU:190,232 CYC:21674
> 6421  C5F4  40        RTI                             A:81 X:03 Y:78 P:A5 SP:FF PPU:190,253 CYC:21681
> 6422  00        BRK                             A:81 X:03 Y:78 P:A5 SP:02 PPU:190,271 CYC:21687
> 6423  C5F4  40        RTI                             A:81 X:03 Y:78 P:A5 SP:FF PPU:190,292 CYC:21694
> 6424  00        BRK                             A:81 X:03 Y:78 P:A5 SP:02 PPU:190,310 CYC:21700
> 6425  C5F4  40        RTI                             A:81 X:03 Y:78 P:A5 SP:FF PPU:190,331 CYC:21707
> 6426  00        BRK                             A:81 X:03 Y:78 P:A5 SP:02 PPU:191,  8 CYC:21713
> 6427  C5F4  40        RTI                             A:81 X:03 Y:78 P:A5 SP:FF PPU:191, 29 CYC:21720
> 6428  00        BRK                             A:81 X:03 Y:78 P:A5 SP:02 PPU:191, 47 CYC:21726
> 6429  C5F4  40        RTI                             A:81 X:03 Y:78 P:A5 SP:FF PPU:191, 68 CYC:21733
> 642A  00        BRK                             A:81 X:03 Y:78 P:A5 SP:02 PPU:191, 86 CYC:21739
> 642B  C5F4  40        RTI                             A:81 X:03 Y:78 P:A5 SP:FF PPU:191,107 CYC:21746
> 642C  00        BRK                             A:81 X:03 Y:78 P:A5 SP:02 PPU:191,125 CYC:21752
> 642D  C5F4  40        RTI                             A:81 X:03 Y:78 P:A5 SP:FF PPU:191,146 CYC:21759
> 642E  00        BRK                             A:81 X:03 Y:78 P:A5 SP:02 PPU:191,164 CYC:21765
> 642F  C5F4  40        RTI                             A:81 X:03 Y:78 P:A5 SP:FF PPU:191,185 CYC:21772
> 6430  00        BRK                             A:81 X:03 Y:78 P:A5 SP:02 PPU:191,203 CYC:21778
> 6431  C5F4  40        RTI                             A:81 X:03 Y:78 P:A5 SP:FF PPU:191,224 CYC:21785
> 6432  00        BRK                             A:81 X:03 Y:78 P:A5 SP:02 PPU:191,242 CYC:21791
> 6433  C5F4  40        RTI                             A:81 X:03 Y:78 P:A5 SP:FF PPU:191,263 CYC:21798
> 6434  00        BRK                             A:81 X:03 Y:78 P:A5 SP:02 PPU:191,281 CYC:21804
> 6435  C5F4  40        RTI                             A:81 X:03 Y:78 P:A5 SP:FF PPU:191,302 CYC:21811
> 6436  00        BRK                             A:81 X:03 Y:78 P:A5 SP:02 PPU:191,320 CYC:21817
> 6437  C5F4  40        RTI                             A:81 X:03 Y:78 P:A5 SP:FF PPU:192,  0 CYC:21824
> 6438  00        BRK                             A:81 X:03 Y:78 P:A5 SP:02 PPU:192, 18 CYC:21830
> 6439  C5F4  40        RTI                             A:81 X:03 Y:78 P:A5 SP:FF PPU:192, 39 CYC:21837
> 643A  00        BRK                             A:81 X:03 Y:78 P:A5 SP:02 PPU:192, 57 CYC:21843
> 643B  C5F4  40        RTI                             A:81 X:03 Y:78 P:A5 SP:FF PPU:192, 78 CYC:21850
> 643C  00        BRK                             A:81 X:03 Y:78 P:A5 SP:02 PPU:192, 96 CYC:21856
> 643D  C5F4  40        RTI                             A:81 X:03 Y:78 P:A5 SP:FF PPU:192,117 CYC:21863
> 643E  00        BRK                             A:81 X:03 Y:78 P:A5 SP:02 PPU:192,135 CYC:21869
> 643F  C5F4  40        RTI                             A:81 X:03 Y:78 P:A5 SP:FF PPU:192,156 CYC:21876
> 6440  00        BRK                             A:81 X:03 Y:78 P:A5 SP:02 PPU:192,174 CYC:21882
> 6441  C5F4  40        RTI                             A:81 X:03 Y:78 P:A5 SP:FF PPU:192,195 CYC:21889
> 6442  00        BRK                             A:81 X:03 Y:78 P:A5 SP:02 PPU:192,213 CYC:21895
> 6443  C5F4  40        RTI                             A:81 X:03 Y:78 P:A5 SP:FF PPU:192,234 CYC:21902
> 6444  00        BRK                             A:81 X:03 Y:78 P:A5 SP:02 PPU:192,252 CYC:21908
> 6445  C5F4  40        RTI                             A:81 X:03 Y:78 P:A5 SP:FF PPU:192,273 CYC:21915
> 6446  00        BRK                             A:81 X:03 Y:78 P:A5 SP:02 PPU:192,291 CYC:21921
> 6447  C5F4  40        RTI                             A:81 X:03 Y:78 P:A5 SP:FF PPU:192,312 CYC:21928
> 6448  00        BRK                             A:81 X:03 Y:78 P:A5 SP:02 PPU:192,330 CYC:21934
> 6449  C5F4  40        RTI                             A:81 X:03 Y:78 P:A5 SP:FF PPU:193, 10 CYC:21941
> 644A  00        BRK                             A:81 X:03 Y:78 P:A5 SP:02 PPU:193, 28 CYC:21947
> 644B  C5F4  40        RTI                             A:81 X:03 Y:78 P:A5 SP:FF PPU:193, 49 CYC:21954
> 644C  00        BRK                             A:81 X:03 Y:78 P:A5 SP:02 PPU:193, 67 CYC:21960
> 644D  C5F4  40        RTI                             A:81 X:03 Y:78 P:A5 SP:FF PPU:193, 88 CYC:21967
> 644E  00        BRK                             A:81 X:03 Y:78 P:A5 SP:02 PPU:193,106 CYC:21973
> 644F  C5F4  40        RTI                             A:81 X:03 Y:78 P:A5 SP:FF PPU:193,127 CYC:21980
> 6450  00        BRK                             A:81 X:03 Y:78 P:A5 SP:02 PPU:193,145 CYC:21986
> 6451  C5F4  40        RTI                             A:81 X:03 Y:78 P:A5 SP:FF PPU:193,166 CYC:21993
> 6452  00        BRK                             A:81 X:03 Y:78 P:A5 SP:02 PPU:193,184 CYC:21999
> 6453  C5F4  40        RTI                             A:81 X:03 Y:78 P:A5 SP:FF PPU:193,205 CYC:22006
> 6454  00        BRK                             A:81 X:03 Y:78 P:A5 SP:02 PPU:193,223 CYC:22012
> 6455  C5F4  40        RTI                             A:81 X:03 Y:78 P:A5 SP:FF PPU:193,244 CYC:22019
> 6456  00        BRK                             A:81 X:03 Y:78 P:A5 SP:02 PPU:193,262 CYC:22025
> 6457  C5F4  40        RTI                             A:81 X:03 Y:78 P:A5 SP:FF PPU:193,283 CYC:22032
> 6458  00        BRK                             A:81 X:03 Y:78 P:A5 SP:02 PPU:193,301 CYC:22038
> 6459  C5F4  40        RTI                             A:81 X:03 Y:78 P:A5 SP:FF PPU:193,322 CYC:22045
> 645A  00        BRK                             A:81 X:03 Y:78 P:A5 SP:02 PPU:193,340 CYC:22051
> 645B  C5F4  40        RTI                             A:81 X:03 Y:78 P:A5 SP:FF PPU:194, 20 CYC:22058
> 645C  00        BRK                             A:81 X:03 Y:78 P:A5 SP:02 PPU:194, 38 CYC:22064
> 645D  C5F4  40        RTI                             A:81 X:03 Y:78 P:A5 SP:FF PPU:194, 59 CYC:22071
> 645E  00        BRK                             A:81 X:03 Y:78 P:A5 SP:02 PPU:194, 77 CYC:22077
> 645F  C5F4  40        RTI                             A:81 X:03 Y:78 P:A5 SP:FF PPU:194, 98 CYC:22084
> 6460  00        BRK                             A:81 X:03 Y:78 P:A5 SP:02 PPU:194,116 CYC:22090
> 6461  C5F4  40        RTI                             A:81 X:03 Y:78 P:A5 SP:FF PPU:194,137 CYC:22097
> 6462  00        BRK                             A:81 X:03 Y:78 P:A5 SP:02 PPU:194,155 CYC:22103
> 6463  C5F4  40        RTI                             A:81 X:03 Y:78 P:A5 SP:FF PPU:194,176 CYC:22110
> 6464  00        BRK                             A:81 X:03 Y:78 P:A5 SP:02 PPU:194,194 CYC:22116
> 6465  C5F4  40        RTI                             A:81 X:03 Y:78 P:A5 SP:FF PPU:194,215 CYC:22123
> 6466  00        BRK                             A:81 X:03 Y:78 P:A5 SP:02 PPU:194,233 CYC:22129
> 6467  C5F4  40        RTI                             A:81 X:03 Y:78 P:A5 SP:FF PPU:194,254 CYC:22136
> 6468  00        BRK                             A:81 X:03 Y:78 P:A5 SP:02 PPU:194,272 CYC:22142
> 6469  C5F4  40        RTI                             A:81 X:03 Y:78 P:A5 SP:FF PPU:194,293 CYC:22149
> 646A  00        BRK                             A:81 X:03 Y:78 P:A5 SP:02 PPU:194,311 CYC:22155
> 646B  C5F4  40        RTI                             A:81 X:03 Y:78 P:A5 SP:FF PPU:194,332 CYC:22162
> 646C  00        BRK                             A:81 X:03 Y:78 P:A5 SP:02 PPU:195,  9 CYC:22168
> 646D  C5F4  40        RTI                             A:81 X:03 Y:78 P:A5 SP:FF PPU:195, 30 CYC:22175
> 646E  00        BRK                             A:81 X:03 Y:78 P:A5 SP:02 PPU:195, 48 CYC:22181
> 646F  C5F4  40        RTI                             A:81 X:03 Y:78 P:A5 SP:FF PPU:195, 69 CYC:22188
> 6470  00        BRK                             A:81 X:03 Y:78 P:A5 SP:02 PPU:195, 87 CYC:22194
> 6471  C5F4  40        RTI                             A:81 X:03 Y:78 P:A5 SP:FF PPU:195,108 CYC:22201
> 6472  00        BRK                             A:81 X:03 Y:78 P:A5 SP:02 PPU:195,126 CYC:22207
> 6473  C5F4  40        RTI                             A:81 X:03 Y:78 P:A5 SP:FF PPU:195,147 CYC:22214
> 6474  00        BRK                             A:81 X:03 Y:78 P:A5 SP:02 PPU:195,165 CYC:22220
> 6475  C5F4  40        RTI                             A:81 X:03 Y:78 P:A5 SP:FF PPU:195,186 CYC:22227
> 6476  00        BRK                             A:81 X:03 Y:78 P:A5 SP:02 PPU:195,204 CYC:22233
> 6477  C5F4  40        RTI                             A:81 X:03 Y:78 P:A5 SP:FF PPU:195,225 CYC:22240
> 6478  00        BRK                             A:81 X:03 Y:78 P:A5 SP:02 PPU:195,243 CYC:22246
> 6479  C5F4  40        RTI                             A:81 X:03 Y:78 P:A5 SP:FF PPU:195,264 CYC:22253
> 647A  00        BRK                             A:81 X:03 Y:78 P:A5 SP:02 PPU:195,282 CYC:22259
> 647B  C5F4  40        RTI                             A:81 X:03 Y:78 P:A5 SP:FF PPU:195,303 CYC:22266
> 647C  00        BRK                             A:81 X:03 Y:78 P:A5 SP:02 PPU:195,321 CYC:22272
> 647D  C5F4  40        RTI                             A:81 X:03 Y:78 P:A5 SP:FF PPU:196,  1 CYC:22279
> 647E  00        BRK                             A:81 X:03 Y:78 P:A5 SP:02 PPU:196, 19 CYC:22285
> 647F  C5F4  40        RTI                             A:81 X:03 Y:78 P:A5 SP:FF PPU:196, 40 CYC:22292
> 6480  00        BRK                             A:81 X:03 Y:78 P:A5 SP:02 PPU:196, 58 CYC:22298
> 6481  C5F4  40        RTI                             A:81 X:03 Y:78 P:A5 SP:FF PPU:196, 79 CYC:22305
> 6482  00        BRK                             A:81 X:03 Y:78 P:A5 SP:02 PPU:196, 97 CYC:22311
> 6483  C5F4  40        RTI                             A:81 X:03 Y:78 P:A5 SP:FF PPU:196,118 CYC:22318
> 6484  00        BRK                             A:81 X:03 Y:78 P:A5 SP:02 PPU:196,136 CYC:22324
> 6485  C5F4  40        RTI                             A:81 X:03 Y:78 P:A5 SP:FF PPU:196,157 CYC:22331
> 6486  00        BRK                             A:81 X:03 Y:78 P:A5 SP:02 PPU:196,175 CYC:22337
> 6487  C5F4  40        RTI                             A:81 X:03 Y:78 P:A5 SP:FF PPU:196,196 CYC:22344
> 6488  00        BRK                             A:81 X:03 Y:78 P:A5 SP:02 PPU:196,214 CYC:22350
> 6489  C5F4  40        RTI                             A:81 X:03 Y:78 P:A5 SP:FF PPU:196,235 CYC:22357
> 648A  00        BRK                             A:81 X:03 Y:78 P:A5 SP:02 PPU:196,253 CYC:22363
> 648B  C5F4  40        RTI                             A:81 X:03 Y:78 P:A5 SP:FF PPU:196,274 CYC:22370
> 648C  00        BRK                             A:81 X:03 Y:78 P:A5 SP:02 PPU:196,292 CYC:22376
> 648D  C5F4  40        RTI                             A:81 X:03 Y:78 P:A5 SP:FF PPU:196,313 CYC:22383
> 648E  00        BRK                             A:81 X:03 Y:78 P:A5 SP:02 PPU:196,331 CYC:22389
> 648F  C5F4  40        RTI                             A:81 X:03 Y:78 P:A5 SP:FF PPU:197, 11 CYC:22396
> 6490  00        BRK                             A:81 X:03 Y:78 P:A5 SP:02 PPU:197, 29 CYC:22402
> 6491  C5F4  40        RTI                             A:81 X:03 Y:78 P:A5 SP:FF PPU:197, 50 CYC:22409
> 6492  00        BRK                             A:81 X:03 Y:78 P:A5 SP:02 PPU:197, 68 CYC:22415
> 6493  C5F4  40        RTI                             A:81 X:03 Y:78 P:A5 SP:FF PPU:197, 89 CYC:22422
> 6494  00        BRK                             A:81 X:03 Y:78 P:A5 SP:02 PPU:197,107 CYC:22428
> 6495  C5F4  40        RTI                             A:81 X:03 Y:78 P:A5 SP:FF PPU:197,128 CYC:22435
> 6496  00        BRK                             A:81 X:03 Y:78 P:A5 SP:02 PPU:197,146 CYC:22441
> 6497  C5F4  40        RTI                             A:81 X:03 Y:78 P:A5 SP:FF PPU:197,167 CYC:22448
> 6498  00        BRK                             A:81 X:03 Y:78 P:A5 SP:02 PPU:197,185 CYC:22454
> 6499  C5F4  40        RTI                             A:81 X:03 Y:78 P:A5 SP:FF PPU:197,206 CYC:22461
> 649A  00        BRK                             A:81 X:03 Y:78 P:A5 SP:02 PPU:197,224 CYC:22467
> 649B  C5F4  40        RTI                             A:81 X:03 Y:78 P:A5 SP:FF PPU:197,245 CYC:22474
> 649C  00        BRK                             A:81 X:03 Y:78 P:A5 SP:02 PPU:197,263 CYC:22480
> 649D  C5F4  40        RTI                             A:81 X:03 Y:78 P:A5 SP:FF PPU:197,284 CYC:22487
> 649E  00        BRK                             A:81 X:03 Y:78 P:A5 SP:02 PPU:197,302 CYC:22493
> 649F  C5F4  40        RTI                             A:81 X:03 Y:78 P:A5 SP:FF PPU:197,323 CYC:22500
> 64A0  00        BRK                             A:81 X:03 Y:78 P:A5 SP:02 PPU:198,  0 CYC:22506
> 64A1  C5F4  40        RTI                             A:81 X:03 Y:78 P:A5 SP:FF PPU:198, 21 CYC:22513
> 64A2  00        BRK                             A:81 X:03 Y:78 P:A5 SP:02 PPU:198, 39 CYC:22519
> 64A3  C5F4  40        RTI                             A:81 X:03 Y:78 P:A5 SP:FF PPU:198, 60 CYC:22526
> 64A4  00        BRK                             A:81 X:03 Y:78 P:A5 SP:02 PPU:198, 78 CYC:22532
> 64A5  C5F4  40        RTI                             A:81 X:03 Y:78 P:A5 SP:FF PPU:198, 99 CYC:22539
> 64A6  00        BRK                             A:81 X:03 Y:78 P:A5 SP:02 PPU:198,117 CYC:22545
> 64A7  C5F4  40        RTI                             A:81 X:03 Y:78 P:A5 SP:FF PPU:198,138 CYC:22552
> 64A8  00        BRK                             A:81 X:03 Y:78 P:A5 SP:02 PPU:198,156 CYC:22558
> 64A9  C5F4  40        RTI                             A:81 X:03 Y:78 P:A5 SP:FF PPU:198,177 CYC:22565
> 64AA  00        BRK                             A:81 X:03 Y:78 P:A5 SP:02 PPU:198,195 CYC:22571
> 64AB  C5F4  40        RTI                             A:81 X:03 Y:78 P:A5 SP:FF PPU:198,216 CYC:22578
> 64AC  00        BRK                             A:81 X:03 Y:78 P:A5 SP:02 PPU:198,234 CYC:22584
> 64AD  C5F4  40        RTI                             A:81 X:03 Y:78 P:A5 SP:FF PPU:198,255 CYC:22591
> 64AE  00        BRK                             A:81 X:03 Y:78 P:A5 SP:02 PPU:198,273 CYC:22597
> 64AF  C5F4  40        RTI                             A:81 X:03 Y:78 P:A5 SP:FF PPU:198,294 CYC:22604
> 64B0  00        BRK                             A:81 X:03 Y:78 P:A5 SP:02 PPU:198,312 CYC:22610
> 64B1  C5F4  40        RTI                             A:81 X:03 Y:78 P:A5 SP:FF PPU:198,333 CYC:22617
> 64B2  00        BRK                             A:81 X:03 Y:78 P:A5 SP:02 PPU:199, 10 CYC:22623
> 64B3  C5F4  40        RTI                             A:81 X:03 Y:78 P:A5 SP:FF PPU:199, 31 CYC:22630
> 64B4  00        BRK                             A:81 X:03 Y:78 P:A5 SP:02 PPU:199, 49 CYC:22636
> 64B5  C5F4  40        RTI                             A:81 X:03 Y:78 P:A5 SP:FF PPU:199, 70 CYC:22643
> 64B6  00        BRK                             A:81 X:03 Y:78 P:A5 SP:02 PPU:199, 88 CYC:22649
> 64B7  C5F4  40        RTI                             A:81 X:03 Y:78 P:A5 SP:FF PPU:199,109 CYC:22656
> 64B8  00        BRK                             A:81 X:03 Y:78 P:A5 SP:02 PPU:199,127 CYC:22662
> 64B9  C5F4  40        RTI                             A:81 X:03 Y:78 P:A5 SP:FF PPU:199,148 CYC:22669
> 64BA  00        BRK                             A:81 X:03 Y:78 P:A5 SP:02 PPU:199,166 CYC:22675
> 64BB  C5F4  40        RTI                             A:81 X:03 Y:78 P:A5 SP:FF PPU:199,187 CYC:22682
> 64BC  00        BRK                             A:81 X:03 Y:78 P:A5 SP:02 PPU:199,205 CYC:22688
> 64BD  C5F4  40        RTI                             A:81 X:03 Y:78 P:A5 SP:FF PPU:199,226 CYC:22695
> 64BE  00        BRK                             A:81 X:03 Y:78 P:A5 SP:02 PPU:199,244 CYC:22701
> 64BF  C5F4  40        RTI                             A:81 X:03 Y:78 P:A5 SP:FF PPU:199,265 CYC:22708
> 64C0  00        BRK                             A:81 X:03 Y:78 P:A5 SP:02 PPU:199,283 CYC:22714
> 64C1  C5F4  40        RTI                             A:81 X:03 Y:78 P:A5 SP:FF PPU:199,304 CYC:22721
> 64C2  00        BRK                             A:81 X:03 Y:78 P:A5 SP:02 PPU:199,322 CYC:22727
> 64C3  C5F4  40        RTI                             A:81 X:03 Y:78 P:A5 SP:FF PPU:200,  2 CYC:22734
> 64C4  00        BRK                             A:81 X:03 Y:78 P:A5 SP:02 PPU:200, 20 CYC:22740
> 64C5  C5F4  40        RTI                             A:81 X:03 Y:78 P:A5 SP:FF PPU:200, 41 CYC:22747
> 64C6  00        BRK                             A:81 X:03 Y:78 P:A5 SP:02 PPU:200, 59 CYC:22753
> 64C7  C5F4  40        RTI                             A:81 X:03 Y:78 P:A5 SP:FF PPU:200, 80 CYC:22760
> 64C8  00        BRK                             A:81 X:03 Y:78 P:A5 SP:02 PPU:200, 98 CYC:22766
> 64C9  C5F4  40        RTI                             A:81 X:03 Y:78 P:A5 SP:FF PPU:200,119 CYC:22773
> 64CA  00        BRK                             A:81 X:03 Y:78 P:A5 SP:02 PPU:200,137 CYC:22779
> 64CB  C5F4  40        RTI                             A:81 X:03 Y:78 P:A5 SP:FF PPU:200,158 CYC:22786
> 64CC  00        BRK                             A:81 X:03 Y:78 P:A5 SP:02 PPU:200,176 CYC:22792
> 64CD  C5F4  40        RTI                             A:81 X:03 Y:78 P:A5 SP:FF PPU:200,197 CYC:22799
> 64CE  00        BRK                             A:81 X:03 Y:78 P:A5 SP:02 PPU:200,215 CYC:22805
> 64CF  C5F4  40        RTI                             A:81 X:03 Y:78 P:A5 SP:FF PPU:200,236 CYC:22812
> 64D0  00        BRK                             A:81 X:03 Y:78 P:A5 SP:02 PPU:200,254 CYC:22818
> 64D1  C5F4  40        RTI                             A:81 X:03 Y:78 P:A5 SP:FF PPU:200,275 CYC:22825
> 64D2  00        BRK                             A:81 X:03 Y:78 P:A5 SP:02 PPU:200,293 CYC:22831
> 64D3  C5F4  40        RTI                             A:81 X:03 Y:78 P:A5 SP:FF PPU:200,314 CYC:22838
> 64D4  00        BRK                             A:81 X:03 Y:78 P:A5 SP:02 PPU:200,332 CYC:22844
> 64D5  C5F4  40        RTI                             A:81 X:03 Y:78 P:A5 SP:FF PPU:201, 12 CYC:22851
> 64D6  00        BRK                             A:81 X:03 Y:78 P:A5 SP:02 PPU:201, 30 CYC:22857
> 64D7  C5F4  40        RTI                             A:81 X:03 Y:78 P:A5 SP:FF PPU:201, 51 CYC:22864
> 64D8  00        BRK                             A:81 X:03 Y:78 P:A5 SP:02 PPU:201, 69 CYC:22870
> 64D9  C5F4  40        RTI                             A:81 X:03 Y:78 P:A5 SP:FF PPU:201, 90 CYC:22877
> 64DA  00        BRK                             A:81 X:03 Y:78 P:A5 SP:02 PPU:201,108 CYC:22883
> 64DB  C5F4  40        RTI                             A:81 X:03 Y:78 P:A5 SP:FF PPU:201,129 CYC:22890
> 64DC  00        BRK                             A:81 X:03 Y:78 P:A5 SP:02 PPU:201,147 CYC:22896
> 64DD  C5F4  40        RTI                             A:81 X:03 Y:78 P:A5 SP:FF PPU:201,168 CYC:22903
> 64DE  00        BRK                             A:81 X:03 Y:78 P:A5 SP:02 PPU:201,186 CYC:22909
> 64DF  C5F4  40        RTI                             A:81 X:03 Y:78 P:A5 SP:FF PPU:201,207 CYC:22916
> 64E0  00        BRK                             A:81 X:03 Y:78 P:A5 SP:02 PPU:201,225 CYC:22922
> 64E1  C5F4  40        RTI                             A:81 X:03 Y:78 P:A5 SP:FF PPU:201,246 CYC:22929
> 64E2  00        BRK                             A:81 X:03 Y:78 P:A5 SP:02 PPU:201,264 CYC:22935
> 64E3  C5F4  40        RTI                             A:81 X:03 Y:78 P:A5 SP:FF PPU:201,285 CYC:22942
> 64E4  00        BRK                             A:81 X:03 Y:78 P:A5 SP:02 PPU:201,303 CYC:22948
> 64E5  C5F4  40        RTI                             A:81 X:03 Y:78 P:A5 SP:FF PPU:201,324 CYC:22955
> 64E6  00        BRK                             A:81 X:03 Y:78 P:A5 SP:02 PPU:202,  1 CYC:22961
> 64E7  C5F4  40        RTI                             A:81 X:03 Y:78 P:A5 SP:FF PPU:202, 22 CYC:22968
> 64E8  00        BRK                             A:81 X:03 Y:78 P:A5 SP:02 PPU:202, 40 CYC:22974
> 64E9  C5F4  40        RTI                             A:81 X:03 Y:78 P:A5 SP:FF PPU:202, 61 CYC:22981
> 64EA  00        BRK                             A:81 X:03 Y:78 P:A5 SP:02 PPU:202, 79 CYC:22987
> 64EB  C5F4  40        RTI                             A:81 X:03 Y:78 P:A5 SP:FF PPU:202,100 CYC:22994
> 64EC  00        BRK                             A:81 X:03 Y:78 P:A5 SP:02 PPU:202,118 CYC:23000
> 64ED  C5F4  40        RTI                             A:81 X:03 Y:78 P:A5 SP:FF PPU:202,139 CYC:23007
> 64EE  00        BRK                             A:81 X:03 Y:78 P:A5 SP:02 PPU:202,157 CYC:23013
> 64EF  C5F4  40        RTI                             A:81 X:03 Y:78 P:A5 SP:FF PPU:202,178 CYC:23020
> 64F0  00        BRK                             A:81 X:03 Y:78 P:A5 SP:02 PPU:202,196 CYC:23026
> 64F1  C5F4  40        RTI                             A:81 X:03 Y:78 P:A5 SP:FF PPU:202,217 CYC:23033
> 64F2  00        BRK                             A:81 X:03 Y:78 P:A5 SP:02 PPU:202,235 CYC:23039
> 64F3  C5F4  40        RTI                             A:81 X:03 Y:78 P:A5 SP:FF PPU:202,256 CYC:23046
> 64F4  00        BRK                             A:81 X:03 Y:78 P:A5 SP:02 PPU:202,274 CYC:23052
> 64F5  C5F4  40        RTI                             A:81 X:03 Y:78 P:A5 SP:FF PPU:202,295 CYC:23059
> 64F6  00        BRK                             A:81 X:03 Y:78 P:A5 SP:02 PPU:202,313 CYC:23065
> 64F7  C5F4  40        RTI                             A:81 X:03 Y:78 P:A5 SP:FF PPU:202,334 CYC:23072
> 64F8  00        BRK                             A:81 X:03 Y:78 P:A5 SP:02 PPU:203, 11 CYC:23078
> 64F9  C5F4  40        RTI                             A:81 X:03 Y:78 P:A5 SP:FF PPU:203, 32 CYC:23085
> 64FA  00        BRK                             A:81 X:03 Y:78 P:A5 SP:02 PPU:203, 50 CYC:23091
> 64FB  C5F4  40        RTI                             A:81 X:03 Y:78 P:A5 SP:FF PPU:203, 71 CYC:23098
> 64FC  00        BRK                             A:81 X:03 Y:78 P:A5 SP:02 PPU:203, 89 CYC:23104
> 64FD  C5F4  40        RTI                             A:81 X:03 Y:78 P:A5 SP:FF PPU:203,110 CYC:23111
> 64FE  00        BRK                             A:81 X:03 Y:78 P:A5 SP:02 PPU:203,128 CYC:23117
> 64FF  C5F4  40        RTI                             A:81 X:03 Y:78 P:A5 SP:FF PPU:203,149 CYC:23124
> 6500  00        BRK                             A:81 X:03 Y:78 P:A5 SP:02 PPU:203,167 CYC:23130
> 6501  C5F4  40        RTI                             A:81 X:03 Y:78 P:A5 SP:FF PPU:203,188 CYC:23137
> 6502  00        BRK                             A:81 X:03 Y:78 P:A5 SP:02 PPU:203,206 CYC:23143
> 6503  C5F4  40        RTI                             A:81 X:03 Y:78 P:A5 SP:FF PPU:203,227 CYC:23150
> 6504  00        BRK                             A:81 X:03 Y:78 P:A5 SP:02 PPU:203,245 CYC:23156
> 6505  C5F4  40        RTI                             A:81 X:03 Y:78 P:A5 SP:FF PPU:203,266 CYC:23163
> 6506  00        BRK                             A:81 X:03 Y:78 P:A5 SP:02 PPU:203,284 CYC:23169
> 6507  C5F4  40        RTI                             A:81 X:03 Y:78 P:A5 SP:FF PPU:203,305 CYC:23176
> 6508  00        BRK                             A:81 X:03 Y:78 P:A5 SP:02 PPU:203,323 CYC:23182
> 6509  C5F4  40        RTI                             A:81 X:03 Y:78 P:A5 SP:FF PPU:204,  3 CYC:23189
> 650A  00        BRK                             A:81 X:03 Y:78 P:A5 SP:02 PPU:204, 21 CYC:23195
> 650B  C5F4  40        RTI                             A:81 X:03 Y:78 P:A5 SP:FF PPU:204, 42 CYC:23202
> 650C  00        BRK                             A:81 X:03 Y:78 P:A5 SP:02 PPU:204, 60 CYC:23208
> 650D  C5F4  40        RTI                             A:81 X:03 Y:78 P:A5 SP:FF PPU:204, 81 CYC:23215
> 650E  00        BRK                             A:81 X:03 Y:78 P:A5 SP:02 PPU:204, 99 CYC:23221
> 650F  C5F4  40        RTI                             A:81 X:03 Y:78 P:A5 SP:FF PPU:204,120 CYC:23228
> 6510  00        BRK                             A:81 X:03 Y:78 P:A5 SP:02 PPU:204,138 CYC:23234
> 6511  C5F4  40        RTI                             A:81 X:03 Y:78 P:A5 SP:FF PPU:204,159 CYC:23241
> 6512  00        BRK                             A:81 X:03 Y:78 P:A5 SP:02 PPU:204,177 CYC:23247
> 6513  C5F4  40        RTI                             A:81 X:03 Y:78 P:A5 SP:FF PPU:204,198 CYC:23254
> 6514  00        BRK                             A:81 X:03 Y:78 P:A5 SP:02 PPU:204,216 CYC:23260
> 6515  C5F4  40        RTI                             A:81 X:03 Y:78 P:A5 SP:FF PPU:204,237 CYC:23267
> 6516  00        BRK                             A:81 X:03 Y:78 P:A5 SP:02 PPU:204,255 CYC:23273
> 6517  C5F4  40        RTI                             A:81 X:03 Y:78 P:A5 SP:FF PPU:204,276 CYC:23280
> 6518  00        BRK                             A:81 X:03 Y:78 P:A5 SP:02 PPU:204,294 CYC:23286
> 6519  C5F4  40        RTI                             A:81 X:03 Y:78 P:A5 SP:FF PPU:204,315 CYC:23293
> 651A  00        BRK                             A:81 X:03 Y:78 P:A5 SP:02 PPU:204,333 CYC:23299
> 651B  C5F4  40        RTI                             A:81 X:03 Y:78 P:A5 SP:FF PPU:205, 13 CYC:23306
> 651C  00        BRK                             A:81 X:03 Y:78 P:A5 SP:02 PPU:205, 31 CYC:23312
> 651D  C5F4  40        RTI                             A:81 X:03 Y:78 P:A5 SP:FF PPU:205, 52 CYC:23319
> 651E  00        BRK                             A:81 X:03 Y:78 P:A5 SP:02 PPU:205, 70 CYC:23325
> 651F  C5F4  40        RTI                             A:81 X:03 Y:78 P:A5 SP:FF PPU:205, 91 CYC:23332
> 6520  00        BRK                             A:81 X:03 Y:78 P:A5 SP:02 PPU:205,109 CYC:23338
> 6521  C5F4  40        RTI                             A:81 X:03 Y:78 P:A5 SP:FF PPU:205,130 CYC:23345
> 6522  00        BRK                             A:81 X:03 Y:78 P:A5 SP:02 PPU:205,148 CYC:23351
> 6523  C5F4  40        RTI                             A:81 X:03 Y:78 P:A5 SP:FF PPU:205,169 CYC:23358
> 6524  00        BRK                             A:81 X:03 Y:78 P:A5 SP:02 PPU:205,187 CYC:23364
> 6525  C5F4  40        RTI                             A:81 X:03 Y:78 P:A5 SP:FF PPU:205,208 CYC:23371
> 6526  00        BRK                             A:81 X:03 Y:78 P:A5 SP:02 PPU:205,226 CYC:23377
> 6527  C5F4  40        RTI                             A:81 X:03 Y:78 P:A5 SP:FF PPU:205,247 CYC:23384
> 6528  00        BRK                             A:81 X:03 Y:78 P:A5 SP:02 PPU:205,265 CYC:23390
> 6529  C5F4  40        RTI                             A:81 X:03 Y:78 P:A5 SP:FF PPU:205,286 CYC:23397
> 652A  00        BRK                             A:81 X:03 Y:78 P:A5 SP:02 PPU:205,304 CYC:23403
> 652B  C5F4  40        RTI                             A:81 X:03 Y:78 P:A5 SP:FF PPU:205,325 CYC:23410
> 652C  00        BRK                             A:81 X:03 Y:78 P:A5 SP:02 PPU:206,  2 CYC:23416
> 652D  C5F4  40        RTI                             A:81 X:03 Y:78 P:A5 SP:FF PPU:206, 23 CYC:23423
> 652E  00        BRK                             A:81 X:03 Y:78 P:A5 SP:02 PPU:206, 41 CYC:23429
> 652F  C5F4  40        RTI                             A:81 X:03 Y:78 P:A5 SP:FF PPU:206, 62 CYC:23436
> 6530  00        BRK                             A:81 X:03 Y:78 P:A5 SP:02 PPU:206, 80 CYC:23442
> 6531  C5F4  40        RTI                             A:81 X:03 Y:78 P:A5 SP:FF PPU:206,101 CYC:23449
> 6532  00        BRK                             A:81 X:03 Y:78 P:A5 SP:02 PPU:206,119 CYC:23455
> 6533  C5F4  40        RTI                             A:81 X:03 Y:78 P:A5 SP:FF PPU:206,140 CYC:23462
> 6534  00        BRK                             A:81 X:03 Y:78 P:A5 SP:02 PPU:206,158 CYC:23468
> 6535  C5F4  40        RTI                             A:81 X:03 Y:78 P:A5 SP:FF PPU:206,179 CYC:23475
> 6536  00        BRK                             A:81 X:03 Y:78 P:A5 SP:02 PPU:206,197 CYC:23481
> 6537  C5F4  40        RTI                             A:81 X:03 Y:78 P:A5 SP:FF PPU:206,218 CYC:23488
> 6538  00        BRK                             A:81 X:03 Y:78 P:A5 SP:02 PPU:206,236 CYC:23494
> 6539  C5F4  40        RTI                             A:81 X:03 Y:78 P:A5 SP:FF PPU:206,257 CYC:23501
> 653A  00        BRK                             A:81 X:03 Y:78 P:A5 SP:02 PPU:206,275 CYC:23507
> 653B  C5F4  40        RTI                             A:81 X:03 Y:78 P:A5 SP:FF PPU:206,296 CYC:23514
> 653C  00        BRK                             A:81 X:03 Y:78 P:A5 SP:02 PPU:206,314 CYC:23520
> 653D  C5F4  40        RTI                             A:81 X:03 Y:78 P:A5 SP:FF PPU:206,335 CYC:23527
> 653E  00        BRK                             A:81 X:03 Y:78 P:A5 SP:02 PPU:207, 12 CYC:23533
> 653F  C5F4  40        RTI                             A:81 X:03 Y:78 P:A5 SP:FF PPU:207, 33 CYC:23540
> 6540  00        BRK                             A:81 X:03 Y:78 P:A5 SP:02 PPU:207, 51 CYC:23546
> 6541  C5F4  40        RTI                             A:81 X:03 Y:78 P:A5 SP:FF PPU:207, 72 CYC:23553
> 6542  00        BRK                             A:81 X:03 Y:78 P:A5 SP:02 PPU:207, 90 CYC:23559
> 6543  C5F4  40        RTI                             A:81 X:03 Y:78 P:A5 SP:FF PPU:207,111 CYC:23566
> 6544  00        BRK                             A:81 X:03 Y:78 P:A5 SP:02 PPU:207,129 CYC:23572
> 6545  C5F4  40        RTI                             A:81 X:03 Y:78 P:A5 SP:FF PPU:207,150 CYC:23579
> 6546  00        BRK                             A:81 X:03 Y:78 P:A5 SP:02 PPU:207,168 CYC:23585
> 6547  C5F4  40        RTI                             A:81 X:03 Y:78 P:A5 SP:FF PPU:207,189 CYC:23592
> 6548  00        BRK                             A:81 X:03 Y:78 P:A5 SP:02 PPU:207,207 CYC:23598
> 6549  C5F4  40        RTI                             A:81 X:03 Y:78 P:A5 SP:FF PPU:207,228 CYC:23605
> 654A  00        BRK                             A:81 X:03 Y:78 P:A5 SP:02 PPU:207,246 CYC:23611
> 654B  C5F4  40        RTI                             A:81 X:03 Y:78 P:A5 SP:FF PPU:207,267 CYC:23618
> 654C  00        BRK                             A:81 X:03 Y:78 P:A5 SP:02 PPU:207,285 CYC:23624
> 654D  C5F4  40        RTI                             A:81 X:03 Y:78 P:A5 SP:FF PPU:207,306 CYC:23631
> 654E  00        BRK                             A:81 X:03 Y:78 P:A5 SP:02 PPU:207,324 CYC:23637
> 654F  C5F4  40        RTI                             A:81 X:03 Y:78 P:A5 SP:FF PPU:208,  4 CYC:23644
> 6550  00        BRK                             A:81 X:03 Y:78 P:A5 SP:02 PPU:208, 22 CYC:23650
> 6551  C5F4  40        RTI                             A:81 X:03 Y:78 P:A5 SP:FF PPU:208, 43 CYC:23657
> 6552  00        BRK                             A:81 X:03 Y:78 P:A5 SP:02 PPU:208, 61 CYC:23663
> 6553  C5F4  40        RTI                             A:81 X:03 Y:78 P:A5 SP:FF PPU:208, 82 CYC:23670
> 6554  00        BRK                             A:81 X:03 Y:78 P:A5 SP:02 PPU:208,100 CYC:23676
> 6555  C5F4  40        RTI                             A:81 X:03 Y:78 P:A5 SP:FF PPU:208,121 CYC:23683
> 6556  00        BRK                             A:81 X:03 Y:78 P:A5 SP:02 PPU:208,139 CYC:23689
> 6557  C5F4  40        RTI                             A:81 X:03 Y:78 P:A5 SP:FF PPU:208,160 CYC:23696
> 6558  00        BRK                             A:81 X:03 Y:78 P:A5 SP:02 PPU:208,178 CYC:23702
> 6559  C5F4  40        RTI                             A:81 X:03 Y:78 P:A5 SP:FF PPU:208,199 CYC:23709
> 655A  00        BRK                             A:81 X:03 Y:78 P:A5 SP:02 PPU:208,217 CYC:23715
> 655B  C5F4  40        RTI                             A:81 X:03 Y:78 P:A5 SP:FF PPU:208,238 CYC:23722
> 655C  00        BRK                             A:81 X:03 Y:78 P:A5 SP:02 PPU:208,256 CYC:23728
> 655D  C5F4  40        RTI                             A:81 X:03 Y:78 P:A5 SP:FF PPU:208,277 CYC:23735
> 655E  00        BRK                             A:81 X:03 Y:78 P:A5 SP:02 PPU:208,295 CYC:23741
> 655F  C5F4  40        RTI                             A:81 X:03 Y:78 P:A5 SP:FF PPU:208,316 CYC:23748
> 6560  00        BRK                             A:81 X:03 Y:78 P:A5 SP:02 PPU:208,334 CYC:23754
> 6561  C5F4  40        RTI                             A:81 X:03 Y:78 P:A5 SP:FF PPU:209, 14 CYC:23761
> 6562  00        BRK                             A:81 X:03 Y:78 P:A5 SP:02 PPU:209, 32 CYC:23767
> 6563  C5F4  40        RTI                             A:81 X:03 Y:78 P:A5 SP:FF PPU:209, 53 CYC:23774
> 6564  00        BRK                             A:81 X:03 Y:78 P:A5 SP:02 PPU:209, 71 CYC:23780
> 6565  C5F4  40        RTI                             A:81 X:03 Y:78 P:A5 SP:FF PPU:209, 92 CYC:23787
> 6566  00        BRK                             A:81 X:03 Y:78 P:A5 SP:02 PPU:209,110 CYC:23793
> 6567  C5F4  40        RTI                             A:81 X:03 Y:78 P:A5 SP:FF PPU:209,131 CYC:23800
> 6568  00        BRK                             A:81 X:03 Y:78 P:A5 SP:02 PPU:209,149 CYC:23806
> 6569  C5F4  40        RTI                             A:81 X:03 Y:78 P:A5 SP:FF PPU:209,170 CYC:23813
> 656A  00        BRK                             A:81 X:03 Y:78 P:A5 SP:02 PPU:209,188 CYC:23819
> 656B  C5F4  40        RTI                             A:81 X:03 Y:78 P:A5 SP:FF PPU:209,209 CYC:23826
> 656C  00        BRK                             A:81 X:03 Y:78 P:A5 SP:02 PPU:209,227 CYC:23832
> 656D  C5F4  40        RTI                             A:81 X:03 Y:78 P:A5 SP:FF PPU:209,248 CYC:23839
> 656E  00        BRK                             A:81 X:03 Y:78 P:A5 SP:02 PPU:209,266 CYC:23845
> 656F  C5F4  40        RTI                             A:81 X:03 Y:78 P:A5 SP:FF PPU:209,287 CYC:23852
> 6570  00        BRK                             A:81 X:03 Y:78 P:A5 SP:02 PPU:209,305 CYC:23858
> 6571  C5F4  40        RTI                             A:81 X:03 Y:78 P:A5 SP:FF PPU:209,326 CYC:23865
> 6572  00        BRK                             A:81 X:03 Y:78 P:A5 SP:02 PPU:210,  3 CYC:23871
> 6573  C5F4  40        RTI                             A:81 X:03 Y:78 P:A5 SP:FF PPU:210, 24 CYC:23878
> 6574  00        BRK                             A:81 X:03 Y:78 P:A5 SP:02 PPU:210, 42 CYC:23884
> 6575  C5F4  40        RTI                             A:81 X:03 Y:78 P:A5 SP:FF PPU:210, 63 CYC:23891
> 6576  00        BRK                             A:81 X:03 Y:78 P:A5 SP:02 PPU:210, 81 CYC:23897
> 6577  C5F4  40        RTI                             A:81 X:03 Y:78 P:A5 SP:FF PPU:210,102 CYC:23904
> 6578  00        BRK                             A:81 X:03 Y:78 P:A5 SP:02 PPU:210,120 CYC:23910
> 6579  C5F4  40        RTI                             A:81 X:03 Y:78 P:A5 SP:FF PPU:210,141 CYC:23917
> 657A  00        BRK                             A:81 X:03 Y:78 P:A5 SP:02 PPU:210,159 CYC:23923
> 657B  C5F4  40        RTI                             A:81 X:03 Y:78 P:A5 SP:FF PPU:210,180 CYC:23930
> 657C  00        BRK                             A:81 X:03 Y:78 P:A5 SP:02 PPU:210,198 CYC:23936
> 657D  C5F4  40        RTI                             A:81 X:03 Y:78 P:A5 SP:FF PPU:210,219 CYC:23943
> 657E  00        BRK                             A:81 X:03 Y:78 P:A5 SP:02 PPU:210,237 CYC:23949
> 657F  C5F4  40        RTI                             A:81 X:03 Y:78 P:A5 SP:FF PPU:210,258 CYC:23956
> 6580  00        BRK                             A:81 X:03 Y:78 P:A5 SP:02 PPU:210,276 CYC:23962
> 6581  C5F4  40        RTI                             A:81 X:03 Y:78 P:A5 SP:FF PPU:210,297 CYC:23969
> 6582  00        BRK                             A:81 X:03 Y:78 P:A5 SP:02 PPU:210,315 CYC:23975
> 6583  C5F4  40        RTI                             A:81 X:03 Y:78 P:A5 SP:FF PPU:210,336 CYC:23982
> 6584  00        BRK                             A:81 X:03 Y:78 P:A5 SP:02 PPU:211, 13 CYC:23988
> 6585  C5F4  40        RTI                             A:81 X:03 Y:78 P:A5 SP:FF PPU:211, 34 CYC:23995
> 6586  00        BRK                             A:81 X:03 Y:78 P:A5 SP:02 PPU:211, 52 CYC:24001
> 6587  C5F4  40        RTI                             A:81 X:03 Y:78 P:A5 SP:FF PPU:211, 73 CYC:24008
> 6588  00        BRK                             A:81 X:03 Y:78 P:A5 SP:02 PPU:211, 91 CYC:24014
> 6589  C5F4  40        RTI                             A:81 X:03 Y:78 P:A5 SP:FF PPU:211,112 CYC:24021
> 658A  00        BRK                             A:81 X:03 Y:78 P:A5 SP:02 PPU:211,130 CYC:24027
> 658B  C5F4  40        RTI                             A:81 X:03 Y:78 P:A5 SP:FF PPU:211,151 CYC:24034
> 658C  00        BRK                             A:81 X:03 Y:78 P:A5 SP:02 PPU:211,169 CYC:24040
> 658D  C5F4  40        RTI                             A:81 X:03 Y:78 P:A5 SP:FF PPU:211,190 CYC:24047
> 658E  00        BRK                             A:81 X:03 Y:78 P:A5 SP:02 PPU:211,208 CYC:24053
> 658F  C5F4  40        RTI                             A:81 X:03 Y:78 P:A5 SP:FF PPU:211,229 CYC:24060
> 6590  00        BRK                             A:81 X:03 Y:78 P:A5 SP:02 PPU:211,247 CYC:24066
> 6591  C5F4  40        RTI                             A:81 X:03 Y:78 P:A5 SP:FF PPU:211,268 CYC:24073
> 6592  00        BRK                             A:81 X:03 Y:78 P:A5 SP:02 PPU:211,286 CYC:24079
> 6593  C5F4  40        RTI                             A:81 X:03 Y:78 P:A5 SP:FF PPU:211,307 CYC:24086
> 6594  00        BRK                             A:81 X:03 Y:78 P:A5 SP:02 PPU:211,325 CYC:24092
> 6595  C5F4  40        RTI                             A:81 X:03 Y:78 P:A5 SP:FF PPU:212,  5 CYC:24099
> 6596  00        BRK                             A:81 X:03 Y:78 P:A5 SP:02 PPU:212, 23 CYC:24105
> 6597  C5F4  40        RTI                             A:81 X:03 Y:78 P:A5 SP:FF PPU:212, 44 CYC:24112
> 6598  00        BRK                             A:81 X:03 Y:78 P:A5 SP:02 PPU:212, 62 CYC:24118
> 6599  C5F4  40        RTI                             A:81 X:03 Y:78 P:A5 SP:FF PPU:212, 83 CYC:24125
> 659A  00        BRK                             A:81 X:03 Y:78 P:A5 SP:02 PPU:212,101 CYC:24131
> 659B  C5F4  40        RTI                             A:81 X:03 Y:78 P:A5 SP:FF PPU:212,122 CYC:24138
> 659C  00        BRK                             A:81 X:03 Y:78 P:A5 SP:02 PPU:212,140 CYC:24144
> 659D  C5F4  40        RTI                             A:81 X:03 Y:78 P:A5 SP:FF PPU:212,161 CYC:24151
> 659E  00        BRK                             A:81 X:03 Y:78 P:A5 SP:02 PPU:212,179 CYC:24157
> 659F  C5F4  40        RTI                             A:81 X:03 Y:78 P:A5 SP:FF PPU:212,200 CYC:24164
> 65A0  00        BRK                             A:81 X:03 Y:78 P:A5 SP:02 PPU:212,218 CYC:24170
> 65A1  C5F4  40        RTI                             A:81 X:03 Y:78 P:A5 SP:FF PPU:212,239 CYC:24177
> 65A2  00        BRK                             A:81 X:03 Y:78 P:A5 SP:02 PPU:212,257 CYC:24183
> 65A3  C5F4  40        RTI                             A:81 X:03 Y:78 P:A5 SP:FF PPU:212,278 CYC:24190
> 65A4  00        BRK                             A:81 X:03 Y:78 P:A5 SP:02 PPU:212,296 CYC:24196
> 65A5  C5F4  40        RTI                             A:81 X:03 Y:78 P:A5 SP:FF PPU:212,317 CYC:24203
> 65A6  00        BRK                             A:81 X:03 Y:78 P:A5 SP:02 PPU:212,335 CYC:24209
> 65A7  C5F4  40        RTI                             A:81 X:03 Y:78 P:A5 SP:FF PPU:213, 15 CYC:24216
> 65A8  00        BRK                             A:81 X:03 Y:78 P:A5 SP:02 PPU:213, 33 CYC:24222
> 65A9  C5F4  40        RTI                             A:81 X:03 Y:78 P:A5 SP:FF PPU:213, 54 CYC:24229
> 65AA  00        BRK                             A:81 X:03 Y:78 P:A5 SP:02 PPU:213, 72 CYC:24235
> 65AB  C5F4  40        RTI                             A:81 X:03 Y:78 P:A5 SP:FF PPU:213, 93 CYC:24242
> 65AC  00        BRK                             A:81 X:03 Y:78 P:A5 SP:02 PPU:213,111 CYC:24248
> 65AD  C5F4  40        RTI                             A:81 X:03 Y:78 P:A5 SP:FF PPU:213,132 CYC:24255
> 65AE  00        BRK                             A:81 X:03 Y:78 P:A5 SP:02 PPU:213,150 CYC:24261
> 65AF  C5F4  40        RTI                             A:81 X:03 Y:78 P:A5 SP:FF PPU:213,171 CYC:24268
> 65B0  00        BRK                             A:81 X:03 Y:78 P:A5 SP:02 PPU:213,189 CYC:24274
> 65B1  C5F4  40        RTI                             A:81 X:03 Y:78 P:A5 SP:FF PPU:213,210 CYC:24281
> 65B2  00        BRK                             A:81 X:03 Y:78 P:A5 SP:02 PPU:213,228 CYC:24287
> 65B3  C5F4  40        RTI                             A:81 X:03 Y:78 P:A5 SP:FF PPU:213,249 CYC:24294
> 65B4  00        BRK                             A:81 X:03 Y:78 P:A5 SP:02 PPU:213,267 CYC:24300
> 65B5  C5F4  40        RTI                             A:81 X:03 Y:78 P:A5 SP:FF PPU:213,288 CYC:24307
> 65B6  00        BRK                             A:81 X:03 Y:78 P:A5 SP:02 PPU:213,306 CYC:24313
> 65B7  C5F4  40        RTI                             A:81 X:03 Y:78 P:A5 SP:FF PPU:213,327 CYC:24320
> 65B8  00        BRK                             A:81 X:03 Y:78 P:A5 SP:02 PPU:214,  4 CYC:24326
> 65B9  C5F4  40        RTI                             A:81 X:03 Y:78 P:A5 SP:FF PPU:214, 25 CYC:24333
> 65BA  00        BRK                             A:81 X:03 Y:78 P:A5 SP:02 PPU:214, 43 CYC:24339
> 65BB  C5F4  40        RTI                             A:81 X:03 Y:78 P:A5 SP:FF PPU:214, 64 CYC:24346
> 65BC  00        BRK                             A:81 X:03 Y:78 P:A5 SP:02 PPU:214, 82 CYC:24352
> 65BD  C5F4  40        RTI                             A:81 X:03 Y:78 P:A5 SP:FF PPU:214,103 CYC:24359
> 65BE  00        BRK                             A:81 X:03 Y:78 P:A5 SP:02 PPU:214,121 CYC:24365
> 65BF  C5F4  40        RTI                             A:81 X:03 Y:78 P:A5 SP:FF PPU:214,142 CYC:24372
> 65C0  00        BRK                             A:81 X:03 Y:78 P:A5 SP:02 PPU:214,160 CYC:24378
> 65C1  C5F4  40        RTI                             A:81 X:03 Y:78 P:A5 SP:FF PPU:214,181 CYC:24385
> 65C2  00        BRK                             A:81 X:03 Y:78 P:A5 SP:02 PPU:214,199 CYC:24391
> 65C3  C5F4  40        RTI                             A:81 X:03 Y:78 P:A5 SP:FF PPU:214,220 CYC:24398
> 65C4  00        BRK                             A:81 X:03 Y:78 P:A5 SP:02 PPU:214,238 CYC:24404
> 65C5  C5F4  40        RTI                             A:81 X:03 Y:78 P:A5 SP:FF PPU:214,259 CYC:24411
> 65C6  00        BRK                             A:81 X:03 Y:78 P:A5 SP:02 PPU:214,277 CYC:24417
> 65C7  C5F4  40        RTI                             A:81 X:03 Y:78 P:A5 SP:FF PPU:214,298 CYC:24424
> 65C8  00        BRK                             A:81 X:03 Y:78 P:A5 SP:02 PPU:214,316 CYC:24430
> 65C9  C5F4  40        RTI                             A:81 X:03 Y:78 P:A5 SP:FF PPU:214,337 CYC:24437
> 65CA  00        BRK                             A:81 X:03 Y:78 P:A5 SP:02 PPU:215, 14 CYC:24443
> 65CB  C5F4  40        RTI                             A:81 X:03 Y:78 P:A5 SP:FF PPU:215, 35 CYC:24450
> 65CC  00        BRK                             A:81 X:03 Y:78 P:A5 SP:02 PPU:215, 53 CYC:24456
> 65CD  C5F4  40        RTI                             A:81 X:03 Y:78 P:A5 SP:FF PPU:215, 74 CYC:24463
> 65CE  00        BRK                             A:81 X:03 Y:78 P:A5 SP:02 PPU:215, 92 CYC:24469
> 65CF  C5F4  40        RTI                             A:81 X:03 Y:78 P:A5 SP:FF PPU:215,113 CYC:24476
> 65D0  00        BRK                             A:81 X:03 Y:78 P:A5 SP:02 PPU:215,131 CYC:24482
> 65D1  C5F4  40        RTI                             A:81 X:03 Y:78 P:A5 SP:FF PPU:215,152 CYC:24489
> 65D2  00        BRK                             A:81 X:03 Y:78 P:A5 SP:02 PPU:215,170 CYC:24495
> 65D3  C5F4  40        RTI                             A:81 X:03 Y:78 P:A5 SP:FF PPU:215,191 CYC:24502
> 65D4  00        BRK                             A:81 X:03 Y:78 P:A5 SP:02 PPU:215,209 CYC:24508
> 65D5  C5F4  40        RTI                             A:81 X:03 Y:78 P:A5 SP:FF PPU:215,230 CYC:24515
> 65D6  00        BRK                             A:81 X:03 Y:78 P:A5 SP:02 PPU:215,248 CYC:24521
> 65D7  C5F4  40        RTI                             A:81 X:03 Y:78 P:A5 SP:FF PPU:215,269 CYC:24528
> 65D8  00        BRK                             A:81 X:03 Y:78 P:A5 SP:02 PPU:215,287 CYC:24534
> 65D9  C5F4  40        RTI                             A:81 X:03 Y:78 P:A5 SP:FF PPU:215,308 CYC:24541
> 65DA  00        BRK                             A:81 X:03 Y:78 P:A5 SP:02 PPU:215,326 CYC:24547
> 65DB  C5F4  40        RTI                             A:81 X:03 Y:78 P:A5 SP:FF PPU:216,  6 CYC:24554
> 65DC  00        BRK                             A:81 X:03 Y:78 P:A5 SP:02 PPU:216, 24 CYC:24560
> 65DD  C5F4  40        RTI                             A:81 X:03 Y:78 P:A5 SP:FF PPU:216, 45 CYC:24567
> 65DE  00        BRK                             A:81 X:03 Y:78 P:A5 SP:02 PPU:216, 63 CYC:24573
> 65DF  C5F4  40        RTI                             A:81 X:03 Y:78 P:A5 SP:FF PPU:216, 84 CYC:24580
> 65E0  00        BRK                             A:81 X:03 Y:78 P:A5 SP:02 PPU:216,102 CYC:24586
> 65E1  C5F4  40        RTI                             A:81 X:03 Y:78 P:A5 SP:FF PPU:216,123 CYC:24593
> 65E2  00        BRK                             A:81 X:03 Y:78 P:A5 SP:02 PPU:216,141 CYC:24599
> 65E3  C5F4  40        RTI                             A:81 X:03 Y:78 P:A5 SP:FF PPU:216,162 CYC:24606
> 65E4  00        BRK                             A:81 X:03 Y:78 P:A5 SP:02 PPU:216,180 CYC:24612
> 65E5  C5F4  40        RTI                             A:81 X:03 Y:78 P:A5 SP:FF PPU:216,201 CYC:24619
> 65E6  00        BRK                             A:81 X:03 Y:78 P:A5 SP:02 PPU:216,219 CYC:24625
> 65E7  C5F4  40        RTI                             A:81 X:03 Y:78 P:A5 SP:FF PPU:216,240 CYC:24632
> 65E8  00        BRK                             A:81 X:03 Y:78 P:A5 SP:02 PPU:216,258 CYC:24638
> 65E9  C5F4  40        RTI                             A:81 X:03 Y:78 P:A5 SP:FF PPU:216,279 CYC:24645
> 65EA  00        BRK                             A:81 X:03 Y:78 P:A5 SP:02 PPU:216,297 CYC:24651
> 65EB  C5F4  40        RTI                             A:81 X:03 Y:78 P:A5 SP:FF PPU:216,318 CYC:24658
> 65EC  00        BRK                             A:81 X:03 Y:78 P:A5 SP:02 PPU:216,336 CYC:24664
> 65ED  C5F4  40        RTI                             A:81 X:03 Y:78 P:A5 SP:FF PPU:217, 16 CYC:24671
> 65EE  00        BRK                             A:81 X:03 Y:78 P:A5 SP:02 PPU:217, 34 CYC:24677
> 65EF  C5F4  40        RTI                             A:81 X:03 Y:78 P:A5 SP:FF PPU:217, 55 CYC:24684
> 65F0  00        BRK                             A:81 X:03 Y:78 P:A5 SP:02 PPU:217, 73 CYC:24690
> 65F1  C5F4  40        RTI                             A:81 X:03 Y:78 P:A5 SP:FF PPU:217, 94 CYC:24697
> 65F2  00        BRK                             A:81 X:03 Y:78 P:A5 SP:02 PPU:217,112 CYC:24703
> 65F3  C5F4  40        RTI                             A:81 X:03 Y:78 P:A5 SP:FF PPU:217,133 CYC:24710
> 65F4  00        BRK                             A:81 X:03 Y:78 P:A5 SP:02 PPU:217,151 CYC:24716
> 65F5  C5F4  40        RTI                             A:81 X:03 Y:78 P:A5 SP:FF PPU:217,172 CYC:24723
> 65F6  00        BRK                             A:81 X:03 Y:78 P:A5 SP:02 PPU:217,190 CYC:24729
> 65F7  C5F4  40        RTI                             A:81 X:03 Y:78 P:A5 SP:FF PPU:217,211 CYC:24736
> 65F8  00        BRK                             A:81 X:03 Y:78 P:A5 SP:02 PPU:217,229 CYC:24742
> 65F9  C5F4  40        RTI                             A:81 X:03 Y:78 P:A5 SP:FF PPU:217,250 CYC:24749
> 65FA  00        BRK                             A:81 X:03 Y:78 P:A5 SP:02 PPU:217,268 CYC:24755
> 65FB  C5F4  40        RTI                             A:81 X:03 Y:78 P:A5 SP:FF PPU:217,289 CYC:24762
> 65FC  00        BRK                             A:81 X:03 Y:78 P:A5 SP:02 PPU:217,307 CYC:24768
> 65FD  C5F4  40        RTI                             A:81 X:03 Y:78 P:A5 SP:FF PPU:217,328 CYC:24775
> 65FE  00        BRK                             A:81 X:03 Y:78 P:A5 SP:02 PPU:218,  5 CYC:24781
> 65FF  C5F4  40        RTI                             A:81 X:03 Y:78 P:A5 SP:FF PPU:218, 26 CYC:24788
> 6600  00        BRK                             A:81 X:03 Y:78 P:A5 SP:02 PPU:218, 44 CYC:24794
> 6601  C5F4  40        RTI                             A:81 X:03 Y:78 P:A5 SP:FF PPU:218, 65 CYC:24801
> 6602  00        BRK                             A:81 X:03 Y:78 P:A5 SP:02 PPU:218, 83 CYC:24807
> 6603  C5F4  40        RTI                             A:81 X:03 Y:78 P:A5 SP:FF PPU:218,104 CYC:24814
> 6604  00        BRK                             A:81 X:03 Y:78 P:A5 SP:02 PPU:218,122 CYC:24820
> 6605  C5F4  40        RTI                             A:81 X:03 Y:78 P:A5 SP:FF PPU:218,143 CYC:24827
> 6606  00        BRK                             A:81 X:03 Y:78 P:A5 SP:02 PPU:218,161 CYC:24833
> 6607  C5F4  40        RTI                             A:81 X:03 Y:78 P:A5 SP:FF PPU:218,182 CYC:24840
> 6608  00        BRK                             A:81 X:03 Y:78 P:A5 SP:02 PPU:218,200 CYC:24846
> 6609  C5F4  40        RTI                             A:81 X:03 Y:78 P:A5 SP:FF PPU:218,221 CYC:24853
> 660A  00        BRK                             A:81 X:03 Y:78 P:A5 SP:02 PPU:218,239 CYC:24859
> 660B  C5F4  40        RTI                             A:81 X:03 Y:78 P:A5 SP:FF PPU:218,260 CYC:24866
> 660C  00        BRK                             A:81 X:03 Y:78 P:A5 SP:02 PPU:218,278 CYC:24872
> 660D  C5F4  40        RTI                             A:81 X:03 Y:78 P:A5 SP:FF PPU:218,299 CYC:24879
> 660E  00        BRK                             A:81 X:03 Y:78 P:A5 SP:02 PPU:218,317 CYC:24885
> 660F  C5F4  40        RTI                             A:81 X:03 Y:78 P:A5 SP:FF PPU:218,338 CYC:24892
> 6610  00        BRK                             A:81 X:03 Y:78 P:A5 SP:02 PPU:219, 15 CYC:24898
> 6611  C5F4  40        RTI                             A:81 X:03 Y:78 P:A5 SP:FF PPU:219, 36 CYC:24905
> 6612  00        BRK                             A:81 X:03 Y:78 P:A5 SP:02 PPU:219, 54 CYC:24911
> 6613  C5F4  40        RTI                             A:81 X:03 Y:78 P:A5 SP:FF PPU:219, 75 CYC:24918
> 6614  00        BRK                             A:81 X:03 Y:78 P:A5 SP:02 PPU:219, 93 CYC:24924
> 6615  C5F4  40        RTI                             A:81 X:03 Y:78 P:A5 SP:FF PPU:219,114 CYC:24931
> 6616  00        BRK                             A:81 X:03 Y:78 P:A5 SP:02 PPU:219,132 CYC:24937
> 6617  C5F4  40        RTI                             A:81 X:03 Y:78 P:A5 SP:FF PPU:219,153 CYC:24944
> 6618  00        BRK                             A:81 X:03 Y:78 P:A5 SP:02 PPU:219,171 CYC:24950
> 6619  C5F4  40        RTI                             A:81 X:03 Y:78 P:A5 SP:FF PPU:219,192 CYC:24957
> 661A  00        BRK                             A:81 X:03 Y:78 P:A5 SP:02 PPU:219,210 CYC:24963
> 661B  C5F4  40        RTI                             A:81 X:03 Y:78 P:A5 SP:FF PPU:219,231 CYC:24970
> 661C  00        BRK                             A:81 X:03 Y:78 P:A5 SP:02 PPU:219,249 CYC:24976
> 661D  C5F4  40        RTI                             A:81 X:03 Y:78 P:A5 SP:FF PPU:219,270 CYC:24983
> 661E  00        BRK                             A:81 X:03 Y:78 P:A5 SP:02 PPU:219,288 CYC:24989
> 661F  C5F4  40        RTI                             A:81 X:03 Y:78 P:A5 SP:FF PPU:219,309 CYC:24996
> 6620  00        BRK                             A:81 X:03 Y:78 P:A5 SP:02 PPU:219,327 CYC:25002
> 6621  C5F4  40        RTI                             A:81 X:03 Y:78 P:A5 SP:FF PPU:220,  7 CYC:25009
> 6622  00        BRK                             A:81 X:03 Y:78 P:A5 SP:02 PPU:220, 25 CYC:25015
> 6623  C5F4  40        RTI                             A:81 X:03 Y:78 P:A5 SP:FF PPU:220, 46 CYC:25022
> 6624  00        BRK                             A:81 X:03 Y:78 P:A5 SP:02 PPU:220, 64 CYC:25028
> 6625  C5F4  40        RTI                             A:81 X:03 Y:78 P:A5 SP:FF PPU:220, 85 CYC:25035
> 6626  00        BRK                             A:81 X:03 Y:78 P:A5 SP:02 PPU:220,103 CYC:25041
> 6627  C5F4  40        RTI                             A:81 X:03 Y:78 P:A5 SP:FF PPU:220,124 CYC:25048
> 6628  00        BRK                             A:81 X:03 Y:78 P:A5 SP:02 PPU:220,142 CYC:25054
> 6629  C5F4  40        RTI                             A:81 X:03 Y:78 P:A5 SP:FF PPU:220,163 CYC:25061
> 662A  00        BRK                             A:81 X:03 Y:78 P:A5 SP:02 PPU:220,181 CYC:25067
> 662B  C5F4  40        RTI                             A:81 X:03 Y:78 P:A5 SP:FF PPU:220,202 CYC:25074
> 662C  00        BRK                             A:81 X:03 Y:78 P:A5 SP:02 PPU:220,220 CYC:25080
> 662D  C5F4  40        RTI                             A:81 X:03 Y:78 P:A5 SP:FF PPU:220,241 CYC:25087
> 662E  00        BRK                             A:81 X:03 Y:78 P:A5 SP:02 PPU:220,259 CYC:25093
> 662F  C5F4  40        RTI                             A:81 X:03 Y:78 P:A5 SP:FF PPU:220,280 CYC:25100
> 6630  00        BRK                             A:81 X:03 Y:78 P:A5 SP:02 PPU:220,298 CYC:25106
> 6631  C5F4  40        RTI                             A:81 X:03 Y:78 P:A5 SP:FF PPU:220,319 CYC:25113
> 6632  00        BRK                             A:81 X:03 Y:78 P:A5 SP:02 PPU:220,337 CYC:25119
> 6633  C5F4  40        RTI                             A:81 X:03 Y:78 P:A5 SP:FF PPU:221, 17 CYC:25126
> 6634  00        BRK                             A:81 X:03 Y:78 P:A5 SP:02 PPU:221, 35 CYC:25132
> 6635  C5F4  40        RTI                             A:81 X:03 Y:78 P:A5 SP:FF PPU:221, 56 CYC:25139
> 6636  00        BRK                             A:81 X:03 Y:78 P:A5 SP:02 PPU:221, 74 CYC:25145
> 6637  C5F4  40        RTI                             A:81 X:03 Y:78 P:A5 SP:FF PPU:221, 95 CYC:25152
> 6638  00        BRK                             A:81 X:03 Y:78 P:A5 SP:02 PPU:221,113 CYC:25158
> 6639  C5F4  40        RTI                             A:81 X:03 Y:78 P:A5 SP:FF PPU:221,134 CYC:25165
> 663A  00        BRK                             A:81 X:03 Y:78 P:A5 SP:02 PPU:221,152 CYC:25171
> 663B  C5F4  40        RTI                             A:81 X:03 Y:78 P:A5 SP:FF PPU:221,173 CYC:25178
> 663C  00        BRK                             A:81 X:03 Y:78 P:A5 SP:02 PPU:221,191 CYC:25184
> 663D  C5F4  40        RTI                             A:81 X:03 Y:78 P:A5 SP:FF PPU:221,212 CYC:25191
> 663E  00        BRK                             A:81 X:03 Y:78 P:A5 SP:02 PPU:221,230 CYC:25197
> 663F  C5F4  40        RTI                             A:81 X:03 Y:78 P:A5 SP:FF PPU:221,251 CYC:25204
> 6640  00        BRK                             A:81 X:03 Y:78 P:A5 SP:02 PPU:221,269 CYC:25210
> 6641  C5F4  40        RTI                             A:81 X:03 Y:78 P:A5 SP:FF PPU:221,290 CYC:25217
> 6642  00        BRK                             A:81 X:03 Y:78 P:A5 SP:02 PPU:221,308 CYC:25223
> 6643  C5F4  40        RTI                             A:81 X:03 Y:78 P:A5 SP:FF PPU:221,329 CYC:25230
> 6644  00        BRK                             A:81 X:03 Y:78 P:A5 SP:02 PPU:222,  6 CYC:25236
> 6645  C5F4  40        RTI                             A:81 X:03 Y:78 P:A5 SP:FF PPU:222, 27 CYC:25243
> 6646  00        BRK                             A:81 X:03 Y:78 P:A5 SP:02 PPU:222, 45 CYC:25249
> 6647  C5F4  40        RTI                             A:81 X:03 Y:78 P:A5 SP:FF PPU:222, 66 CYC:25256
> 6648  00        BRK                             A:81 X:03 Y:78 P:A5 SP:02 PPU:222, 84 CYC:25262
> 6649  C5F4  40        RTI                             A:81 X:03 Y:78 P:A5 SP:FF PPU:222,105 CYC:25269
> 664A  00        BRK                             A:81 X:03 Y:78 P:A5 SP:02 PPU:222,123 CYC:25275
> 664B  C5F4  40        RTI                             A:81 X:03 Y:78 P:A5 SP:FF PPU:222,144 CYC:25282
> 664C  00        BRK                             A:81 X:03 Y:78 P:A5 SP:02 PPU:222,162 CYC:25288
> 664D  C5F4  40        RTI                             A:81 X:03 Y:78 P:A5 SP:FF PPU:222,183 CYC:25295
> 664E  00        BRK                             A:81 X:03 Y:78 P:A5 SP:02 PPU:222,201 CYC:25301
> 664F  C5F4  40        RTI                             A:81 X:03 Y:78 P:A5 SP:FF PPU:222,222 CYC:25308
> 6650  00        BRK                             A:81 X:03 Y:78 P:A5 SP:02 PPU:222,240 CYC:25314
> 6651  C5F4  40        RTI                             A:81 X:03 Y:78 P:A5 SP:FF PPU:222,261 CYC:25321
> 6652  00        BRK                             A:81 X:03 Y:78 P:A5 SP:02 PPU:222,279 CYC:25327
> 6653  C5F4  40        RTI                             A:81 X:03 Y:78 P:A5 SP:FF PPU:222,300 CYC:25334
> 6654  00        BRK                             A:81 X:03 Y:78 P:A5 SP:02 PPU:222,318 CYC:25340
> 6655  C5F4  40        RTI                             A:81 X:03 Y:78 P:A5 SP:FF PPU:222,339 CYC:25347
> 6656  00        BRK                             A:81 X:03 Y:78 P:A5 SP:02 PPU:223, 16 CYC:25353
> 6657  C5F4  40        RTI                             A:81 X:03 Y:78 P:A5 SP:FF PPU:223, 37 CYC:25360
> 6658  00        BRK                             A:81 X:03 Y:78 P:A5 SP:02 PPU:223, 55 CYC:25366
> 6659  C5F4  40        RTI                             A:81 X:03 Y:78 P:A5 SP:FF PPU:223, 76 CYC:25373
> 665A  00        BRK                             A:81 X:03 Y:78 P:A5 SP:02 PPU:223, 94 CYC:25379
> 665B  C5F4  40        RTI                             A:81 X:03 Y:78 P:A5 SP:FF PPU:223,115 CYC:25386
> 665C  00        BRK                             A:81 X:03 Y:78 P:A5 SP:02 PPU:223,133 CYC:25392
> 665D  C5F4  40        RTI                             A:81 X:03 Y:78 P:A5 SP:FF PPU:223,154 CYC:25399
> 665E  00        BRK                             A:81 X:03 Y:78 P:A5 SP:02 PPU:223,172 CYC:25405
> 665F  C5F4  40        RTI                             A:81 X:03 Y:78 P:A5 SP:FF PPU:223,193 CYC:25412
> 6660  00        BRK                             A:81 X:03 Y:78 P:A5 SP:02 PPU:223,211 CYC:25418
> 6661  C5F4  40        RTI                             A:81 X:03 Y:78 P:A5 SP:FF PPU:223,232 CYC:25425
> 6662  00        BRK                             A:81 X:03 Y:78 P:A5 SP:02 PPU:223,250 CYC:25431
> 6663  C5F4  40        RTI                             A:81 X:03 Y:78 P:A5 SP:FF PPU:223,271 CYC:25438
> 6664  00        BRK                             A:81 X:03 Y:78 P:A5 SP:02 PPU:223,289 CYC:25444
> 6665  C5F4  40        RTI                             A:81 X:03 Y:78 P:A5 SP:FF PPU:223,310 CYC:25451
> 6666  00        BRK                             A:81 X:03 Y:78 P:A5 SP:02 PPU:223,328 CYC:25457
> 6667  C5F4  40        RTI                             A:81 X:03 Y:78 P:A5 SP:FF PPU:224,  8 CYC:25464
> 6668  00        BRK                             A:81 X:03 Y:78 P:A5 SP:02 PPU:224, 26 CYC:25470
> 6669  C5F4  40        RTI                             A:81 X:03 Y:78 P:A5 SP:FF PPU:224, 47 CYC:25477
> 666A  00        BRK                             A:81 X:03 Y:78 P:A5 SP:02 PPU:224, 65 CYC:25483
> 666B  C5F4  40        RTI                             A:81 X:03 Y:78 P:A5 SP:FF PPU:224, 86 CYC:25490
> 666C  00        BRK                             A:81 X:03 Y:78 P:A5 SP:02 PPU:224,104 CYC:25496
> 666D  C5F4  40        RTI                             A:81 X:03 Y:78 P:A5 SP:FF PPU:224,125 CYC:25503
> 666E  00        BRK                             A:81 X:03 Y:78 P:A5 SP:02 PPU:224,143 CYC:25509
> 666F  C5F4  40        RTI                             A:81 X:03 Y:78 P:A5 SP:FF PPU:224,164 CYC:25516
> 6670  00        BRK                             A:81 X:03 Y:78 P:A5 SP:02 PPU:224,182 CYC:25522
> 6671  C5F4  40        RTI                             A:81 X:03 Y:78 P:A5 SP:FF PPU:224,203 CYC:25529
> 6672  00        BRK                             A:81 X:03 Y:78 P:A5 SP:02 PPU:224,221 CYC:25535
> 6673  C5F4  40        RTI                             A:81 X:03 Y:78 P:A5 SP:FF PPU:224,242 CYC:25542
> 6674  00        BRK                             A:81 X:03 Y:78 P:A5 SP:02 PPU:224,260 CYC:25548
> 6675  C5F4  40        RTI                             A:81 X:03 Y:78 P:A5 SP:FF PPU:224,281 CYC:25555
> 6676  00        BRK                             A:81 X:03 Y:78 P:A5 SP:02 PPU:224,299 CYC:25561
> 6677  C5F4  40        RTI                             A:81 X:03 Y:78 P:A5 SP:FF PPU:224,320 CYC:25568
> 6678  00        BRK                             A:81 X:03 Y:78 P:A5 SP:02 PPU:224,338 CYC:25574
> 6679  C5F4  40        RTI                             A:81 X:03 Y:78 P:A5 SP:FF PPU:225, 18 CYC:25581
> 667A  00        BRK                             A:81 X:03 Y:78 P:A5 SP:02 PPU:225, 36 CYC:25587
> 667B  C5F4  40        RTI                             A:81 X:03 Y:78 P:A5 SP:FF PPU:225, 57 CYC:25594
> 667C  00        BRK                             A:81 X:03 Y:78 P:A5 SP:02 PPU:225, 75 CYC:25600
> 667D  C5F4  40        RTI                             A:81 X:03 Y:78 P:A5 SP:FF PPU:225, 96 CYC:25607
> 667E  00        BRK                             A:81 X:03 Y:78 P:A5 SP:02 PPU:225,114 CYC:25613
> 667F  C5F4  40        RTI                             A:81 X:03 Y:78 P:A5 SP:FF PPU:225,135 CYC:25620
> 6680  00        BRK                             A:81 X:03 Y:78 P:A5 SP:02 PPU:225,153 CYC:25626
> 6681  C5F4  40        RTI                             A:81 X:03 Y:78 P:A5 SP:FF PPU:225,174 CYC:25633
> 6682  00        BRK                             A:81 X:03 Y:78 P:A5 SP:02 PPU:225,192 CYC:25639
> 6683  C5F4  40        RTI                             A:81 X:03 Y:78 P:A5 SP:FF PPU:225,213 CYC:25646
> 6684  00        BRK                             A:81 X:03 Y:78 P:A5 SP:02 PPU:225,231 CYC:25652
> 6685  C5F4  40        RTI                             A:81 X:03 Y:78 P:A5 SP:FF PPU:225,252 CYC:25659
> 6686  00        BRK                             A:81 X:03 Y:78 P:A5 SP:02 PPU:225,270 CYC:25665
> 6687  C5F4  40        RTI                             A:81 X:03 Y:78 P:A5 SP:FF PPU:225,291 CYC:25672
> 6688  00        BRK                             A:81 X:03 Y:78 P:A5 SP:02 PPU:225,309 CYC:25678
> 6689  C5F4  40        RTI                             A:81 X:03 Y:78 P:A5 SP:FF PPU:225,330 CYC:25685
> 668A  00        BRK                             A:81 X:03 Y:78 P:A5 SP:02 PPU:226,  7 CYC:25691
> 668B  C5F4  40        RTI                             A:81 X:03 Y:78 P:A5 SP:FF PPU:226, 28 CYC:25698
> 668C  00        BRK                             A:81 X:03 Y:78 P:A5 SP:02 PPU:226, 46 CYC:25704
> 668D  C5F4  40        RTI                             A:81 X:03 Y:78 P:A5 SP:FF PPU:226, 67 CYC:25711
> 668E  00        BRK                             A:81 X:03 Y:78 P:A5 SP:02 PPU:226, 85 CYC:25717
> 668F  C5F4  40        RTI                             A:81 X:03 Y:78 P:A5 SP:FF PPU:226,106 CYC:25724
> 6690  00        BRK                             A:81 X:03 Y:78 P:A5 SP:02 PPU:226,124 CYC:25730
> 6691  C5F4  40        RTI                             A:81 X:03 Y:78 P:A5 SP:FF PPU:226,145 CYC:25737
> 6692  00        BRK                             A:81 X:03 Y:78 P:A5 SP:02 PPU:226,163 CYC:25743
> 6693  C5F4  40        RTI                             A:81 X:03 Y:78 P:A5 SP:FF PPU:226,184 CYC:25750
> 6694  00        BRK                             A:81 X:03 Y:78 P:A5 SP:02 PPU:226,202 CYC:25756
> 6695  C5F4  40        RTI                             A:81 X:03 Y:78 P:A5 SP:FF PPU:226,223 CYC:25763
> 6696  00        BRK                             A:81 X:03 Y:78 P:A5 SP:02 PPU:226,241 CYC:25769
> 6697  C5F4  40        RTI                             A:81 X:03 Y:78 P:A5 SP:FF PPU:226,262 CYC:25776
> 6698  00        BRK                             A:81 X:03 Y:78 P:A5 SP:02 PPU:226,280 CYC:25782
> 6699  C5F4  40        RTI                             A:81 X:03 Y:78 P:A5 SP:FF PPU:226,301 CYC:25789
> 669A  00        BRK                             A:81 X:03 Y:78 P:A5 SP:02 PPU:226,319 CYC:25795
> 669B  C5F4  40        RTI                             A:81 X:03 Y:78 P:A5 SP:FF PPU:226,340 CYC:25802
> 669C  00        BRK                             A:81 X:03 Y:78 P:A5 SP:02 PPU:227, 17 CYC:25808
> 669D  C5F4  40        RTI                             A:81 X:03 Y:78 P:A5 SP:FF PPU:227, 38 CYC:25815
> 669E  00        BRK                             A:81 X:03 Y:78 P:A5 SP:02 PPU:227, 56 CYC:25821
> 669F  C5F4  40        RTI                             A:81 X:03 Y:78 P:A5 SP:FF PPU:227, 77 CYC:25828
> 66A0  00        BRK                             A:81 X:03 Y:78 P:A5 SP:02 PPU:227, 95 CYC:25834
> 66A1  C5F4  40        RTI                             A:81 X:03 Y:78 P:A5 SP:FF PPU:227,116 CYC:25841
> 66A2  00        BRK                             A:81 X:03 Y:78 P:A5 SP:02 PPU:227,134 CYC:25847
> 66A3  C5F4  40        RTI                             A:81 X:03 Y:78 P:A5 SP:FF PPU:227,155 CYC:25854
> 66A4  00        BRK                             A:81 X:03 Y:78 P:A5 SP:02 PPU:227,173 CYC:25860
> 66A5  C5F4  40        RTI                             A:81 X:03 Y:78 P:A5 SP:FF PPU:227,194 CYC:25867
> 66A6  00        BRK                             A:81 X:03 Y:78 P:A5 SP:02 PPU:227,212 CYC:25873
> 66A7  C5F4  40        RTI                             A:81 X:03 Y:78 P:A5 SP:FF PPU:227,233 CYC:25880
> 66A8  00        BRK                             A:81 X:03 Y:78 P:A5 SP:02 PPU:227,251 CYC:25886
> 66A9  C5F4  40        RTI                             A:81 X:03 Y:78 P:A5 SP:FF PPU:227,272 CYC:25893
> 66AA  00        BRK                             A:81 X:03 Y:78 P:A5 SP:02 PPU:227,290 CYC:25899
> 66AB  C5F4  40        RTI                             A:81 X:03 Y:78 P:A5 SP:FF PPU:227,311 CYC:25906
> 66AC  00        BRK                             A:81 X:03 Y:78 P:A5 SP:02 PPU:227,329 CYC:25912
> 66AD  C5F4  40        RTI                             A:81 X:03 Y:78 P:A5 SP:FF PPU:228,  9 CYC:25919
> 66AE  00        BRK                             A:81 X:03 Y:78 P:A5 SP:02 PPU:228, 27 CYC:25925
> 66AF  C5F4  40        RTI                             A:81 X:03 Y:78 P:A5 SP:FF PPU:228, 48 CYC:25932
> 66B0  00        BRK                             A:81 X:03 Y:78 P:A5 SP:02 PPU:228, 66 CYC:25938
> 66B1  C5F4  40        RTI                             A:81 X:03 Y:78 P:A5 SP:FF PPU:228, 87 CYC:25945
> 66B2  00        BRK                             A:81 X:03 Y:78 P:A5 SP:02 PPU:228,105 CYC:25951
> 66B3  C5F4  40        RTI                             A:81 X:03 Y:78 P:A5 SP:FF PPU:228,126 CYC:25958
> 66B4  00        BRK                             A:81 X:03 Y:78 P:A5 SP:02 PPU:228,144 CYC:25964
> 66B5  C5F4  40        RTI                             A:81 X:03 Y:78 P:A5 SP:FF PPU:228,165 CYC:25971
> 66B6  00        BRK                             A:81 X:03 Y:78 P:A5 SP:02 PPU:228,183 CYC:25977
> 66B7  C5F4  40        RTI                             A:81 X:03 Y:78 P:A5 SP:FF PPU:228,204 CYC:25984
> 66B8  00        BRK                             A:81 X:03 Y:78 P:A5 SP:02 PPU:228,222 CYC:25990
> 66B9  C5F4  40        RTI                             A:81 X:03 Y:78 P:A5 SP:FF PPU:228,243 CYC:25997
> 66BA  00        BRK                             A:81 X:03 Y:78 P:A5 SP:02 PPU:228,261 CYC:26003
> 66BB  C5F4  40        RTI                             A:81 X:03 Y:78 P:A5 SP:FF PPU:228,282 CYC:26010
> 66BC  00        BRK                             A:81 X:03 Y:78 P:A5 SP:02 PPU:228,300 CYC:26016
> 66BD  C5F4  40        RTI                             A:81 X:03 Y:78 P:A5 SP:FF PPU:228,321 CYC:26023
> 66BE  00        BRK                             A:81 X:03 Y:78 P:A5 SP:02 PPU:228,339 CYC:26029
> 66BF  C5F4  40        RTI                             A:81 X:03 Y:78 P:A5 SP:FF PPU:229, 19 CYC:26036
> 66C0  00        BRK                             A:81 X:03 Y:78 P:A5 SP:02 PPU:229, 37 CYC:26042
> 66C1  C5F4  40        RTI                             A:81 X:03 Y:78 P:A5 SP:FF PPU:229, 58 CYC:26049
> 66C2  00        BRK                             A:81 X:03 Y:78 P:A5 SP:02 PPU:229, 76 CYC:26055
> 66C3  C5F4  40        RTI                             A:81 X:03 Y:78 P:A5 SP:FF PPU:229, 97 CYC:26062
> 66C4  00        BRK                             A:81 X:03 Y:78 P:A5 SP:02 PPU:229,115 CYC:26068
> 66C5  C5F4  40        RTI                             A:81 X:03 Y:78 P:A5 SP:FF PPU:229,136 CYC:26075
> 66C6  00        BRK                             A:81 X:03 Y:78 P:A5 SP:02 PPU:229,154 CYC:26081
> 66C7  C5F4  40        RTI                             A:81 X:03 Y:78 P:A5 SP:FF PPU:229,175 CYC:26088
> 66C8  00        BRK                             A:81 X:03 Y:78 P:A5 SP:02 PPU:229,193 CYC:26094
> 66C9  C5F4  40        RTI                             A:81 X:03 Y:78 P:A5 SP:FF PPU:229,214 CYC:26101
> 66CA  00        BRK                             A:81 X:03 Y:78 P:A5 SP:02 PPU:229,232 CYC:26107
> 66CB  C5F4  40        RTI                             A:81 X:03 Y:78 P:A5 SP:FF PPU:229,253 CYC:26114
> 66CC  00        BRK                             A:81 X:03 Y:78 P:A5 SP:02 PPU:229,271 CYC:26120
> 66CD  C5F4  40        RTI                             A:81 X:03 Y:78 P:A5 SP:FF PPU:229,292 CYC:26127
> 66CE  00        BRK                             A:81 X:03 Y:78 P:A5 SP:02 PPU:229,310 CYC:26133
> 66CF  C5F4  40        RTI                             A:81 X:03 Y:78 P:A5 SP:FF PPU:229,331 CYC:26140
> 66D0  00        BRK                             A:81 X:03 Y:78 P:A5 SP:02 PPU:230,  8 CYC:26146
> 66D1  C5F4  40        RTI                             A:81 X:03 Y:78 P:A5 SP:FF PPU:230, 29 CYC:26153
> 66D2  00        BRK                             A:81 X:03 Y:78 P:A5 SP:02 PPU:230, 47 CYC:26159
> 66D3  C5F4  40        RTI                             A:81 X:03 Y:78 P:A5 SP:FF PPU:230, 68 CYC:26166
> 66D4  00        BRK                             A:81 X:03 Y:78 P:A5 SP:02 PPU:230, 86 CYC:26172
> 66D5  C5F4  40        RTI                             A:81 X:03 Y:78 P:A5 SP:FF PPU:230,107 CYC:26179
> 66D6  00        BRK                             A:81 X:03 Y:78 P:A5 SP:02 PPU:230,125 CYC:26185
> 66D7  C5F4  40        RTI                             A:81 X:03 Y:78 P:A5 SP:FF PPU:230,146 CYC:26192
> 66D8  00        BRK                             A:81 X:03 Y:78 P:A5 SP:02 PPU:230,164 CYC:26198
> 66D9  C5F4  40        RTI                             A:81 X:03 Y:78 P:A5 SP:FF PPU:230,185 CYC:26205
> 66DA  00        BRK                             A:81 X:03 Y:78 P:A5 SP:02 PPU:230,203 CYC:26211
> 66DB  C5F4  40        RTI                             A:81 X:03 Y:78 P:A5 SP:FF PPU:230,224 CYC:26218
> 66DC  00        BRK                             A:81 X:03 Y:78 P:A5 SP:02 PPU:230,242 CYC:26224
> 66DD  C5F4  40        RTI                             A:81 X:03 Y:78 P:A5 SP:FF PPU:230,263 CYC:26231
> 66DE  00        BRK                             A:81 X:03 Y:78 P:A5 SP:02 PPU:230,281 CYC:26237
> 66DF  C5F4  40        RTI                             A:81 X:03 Y:78 P:A5 SP:FF PPU:230,302 CYC:26244
> 66E0  00        BRK                             A:81 X:03 Y:78 P:A5 SP:02 PPU:230,320 CYC:26250
> 66E1  C5F4  40        RTI                             A:81 X:03 Y:78 P:A5 SP:FF PPU:231,  0 CYC:26257
> 66E2  00        BRK                             A:81 X:03 Y:78 P:A5 SP:02 PPU:231, 18 CYC:26263
> 66E3  C5F4  40        RTI                             A:81 X:03 Y:78 P:A5 SP:FF PPU:231, 39 CYC:26270
> 66E4  00        BRK                             A:81 X:03 Y:78 P:A5 SP:02 PPU:231, 57 CYC:26276
> 66E5  C5F4  40        RTI                             A:81 X:03 Y:78 P:A5 SP:FF PPU:231, 78 CYC:26283
> 66E6  00        BRK                             A:81 X:03 Y:78 P:A5 SP:02 PPU:231, 96 CYC:26289
> 66E7  C5F4  40        RTI                             A:81 X:03 Y:78 P:A5 SP:FF PPU:231,117 CYC:26296
> 66E8  00        BRK                             A:81 X:03 Y:78 P:A5 SP:02 PPU:231,135 CYC:26302
> 66E9  C5F4  40        RTI                             A:81 X:03 Y:78 P:A5 SP:FF PPU:231,156 CYC:26309
> 66EA  00        BRK                             A:81 X:03 Y:78 P:A5 SP:02 PPU:231,174 CYC:26315
> 66EB  C5F4  40        RTI                             A:81 X:03 Y:78 P:A5 SP:FF PPU:231,195 CYC:26322
> 66EC  00        BRK                             A:81 X:03 Y:78 P:A5 SP:02 PPU:231,213 CYC:26328
> 66ED  C5F4  40        RTI                             A:81 X:03 Y:78 P:A5 SP:FF PPU:231,234 CYC:26335
> 66EE  00        BRK                             A:81 X:03 Y:78 P:A5 SP:02 PPU:231,252 CYC:26341
> 66EF  C5F4  40        RTI                             A:81 X:03 Y:78 P:A5 SP:FF PPU:231,273 CYC:26348
> 66F0  00        BRK                             A:81 X:03 Y:78 P:A5 SP:02 PPU:231,291 CYC:26354
> 66F1  C5F4  40        RTI                             A:81 X:03 Y:78 P:A5 SP:FF PPU:231,312 CYC:26361
> 66F2  00        BRK                             A:81 X:03 Y:78 P:A5 SP:02 PPU:231,330 CYC:26367
> 66F3  C5F4  40        RTI                             A:81 X:03 Y:78 P:A5 SP:FF PPU:232, 10 CYC:26374
> 66F4  00        BRK                             A:81 X:03 Y:78 P:A5 SP:02 PPU:232, 28 CYC:26380
> 66F5  C5F4  40        RTI                             A:81 X:03 Y:78 P:A5 SP:FF PPU:232, 49 CYC:26387
> 66F6  00        BRK                             A:81 X:03 Y:78 P:A5 SP:02 PPU:232, 67 CYC:26393
> 66F7  C5F4  40        RTI                             A:81 X:03 Y:78 P:A5 SP:FF PPU:232, 88 CYC:26400
> 66F8  00        BRK                             A:81 X:03 Y:78 P:A5 SP:02 PPU:232,106 CYC:26406
> 66F9  C5F4  40        RTI                             A:81 X:03 Y:78 P:A5 SP:FF PPU:232,127 CYC:26413
> 66FA  00        BRK                             A:81 X:03 Y:78 P:A5 SP:02 PPU:232,145 CYC:26419
> 66FB  C5F4  40        RTI                             A:81 X:03 Y:78 P:A5 SP:FF PPU:232,166 CYC:26426
> 66FC  00        BRK                             A:81 X:03 Y:78 P:A5 SP:02 PPU:232,184 CYC:26432
> 66FD  C5F4  40        RTI                             A:81 X:03 Y:78 P:A5 SP:FF PPU:232,205 CYC:26439
> 66FE  00        BRK                             A:81 X:03 Y:78 P:A5 SP:02 PPU:232,223 CYC:26445
> 66FF  C5F4  40        RTI                             A:81 X:03 Y:78 P:A5 SP:FF PPU:232,244 CYC:26452
> 6700  00        BRK                             A:81 X:03 Y:78 P:A5 SP:02 PPU:232,262 CYC:26458
> 6701  C5F4  40        RTI                             A:81 X:03 Y:78 P:A5 SP:FF PPU:232,283 CYC:26465
> 6702  00        BRK                             A:81 X:03 Y:78 P:A5 SP:02 PPU:232,301 CYC:26471
> 6703  C5F4  40        RTI                             A:81 X:03 Y:78 P:A5 SP:FF PPU:232,322 CYC:26478
> 6704  00        BRK                             A:81 X:03 Y:78 P:A5 SP:02 PPU:232,340 CYC:26484
> 6705  C5F4  40        RTI                             A:81 X:03 Y:78 P:A5 SP:FF PPU:233, 20 CYC:26491
> 6706  00        BRK                             A:81 X:03 Y:78 P:A5 SP:02 PPU:233, 38 CYC:26497
> 6707  C5F4  40        RTI                             A:81 X:03 Y:78 P:A5 SP:FF PPU:233, 59 CYC:26504
> 6708  00        BRK                             A:81 X:03 Y:78 P:A5 SP:02 PPU:233, 77 CYC:26510
> 6709  C5F4  40        RTI                             A:81 X:03 Y:78 P:A5 SP:FF PPU:233, 98 CYC:26517
> 670A  00        BRK                             A:81 X:03 Y:78 P:A5 SP:02 PPU:233,116 CYC:26523
> 670B  C5F4  40        RTI                             A:81 X:03 Y:78 P:A5 SP:FF PPU:233,137 CYC:26530
> 670C  00        BRK                             A:81 X:03 Y:78 P:A5 SP:02 PPU:233,155 CYC:26536
> 670D  C5F4  40        RTI                             A:81 X:03 Y:78 P:A5 SP:FF PPU:233,176 CYC:26543
> 670E  00        BRK                             A:81 X:03 Y:78 P:A5 SP:02 PPU:233,194 CYC:26549
> 670F  C5F4  40        RTI                             A:81 X:03 Y:78 P:A5 SP:FF PPU:233,215 CYC:26556
> 6710  00        BRK                             A:81 X:03 Y:78 P:A5 SP:02 PPU:233,233 CYC:26562
> 6711  C5F4  40        RTI                             A:81 X:03 Y:78 P:A5 SP:FF PPU:233,254 CYC:26569
> 6712  00        BRK                             A:81 X:03 Y:78 P:A5 SP:02 PPU:233,272 CYC:26575
> 6713  C5F4  40        RTI                             A:81 X:03 Y:78 P:A5 SP:FF PPU:233,293 CYC:26582
> 6714  00        BRK                             A:81 X:03 Y:78 P:A5 SP:02 PPU:233,311 CYC:26588
> 6715  C5F4  40        RTI                             A:81 X:03 Y:78 P:A5 SP:FF PPU:233,332 CYC:26595
> 6716  00        BRK                             A:81 X:03 Y:78 P:A5 SP:02 PPU:234,  9 CYC:26601
> 6717  C5F4  40        RTI                             A:81 X:03 Y:78 P:A5 SP:FF PPU:234, 30 CYC:26608
> 6718  00        BRK                             A:81 X:03 Y:78 P:A5 SP:02 PPU:234, 48 CYC:26614
> 6719  C5F4  40        RTI                             A:81 X:03 Y:78 P:A5 SP:FF PPU:234, 69 CYC:26621
> 671A  00        BRK                             A:81 X:03 Y:78 P:A5 SP:02 PPU:234, 87 CYC:26627
> 671B  C5F4  40        RTI                             A:81 X:03 Y:78 P:A5 SP:FF PPU:234,108 CYC:26634
> 671C  00        BRK                             A:81 X:03 Y:78 P:A5 SP:02 PPU:234,126 CYC:26640
> 671D  C5F4  40        RTI                             A:81 X:03 Y:78 P:A5 SP:FF PPU:234,147 CYC:26647
> 671E  00        BRK                             A:81 X:03 Y:78 P:A5 SP:02 PPU:234,165 CYC:26653
> 671F  C5F4  40        RTI                             A:81 X:03 Y:78 P:A5 SP:FF PPU:234,186 CYC:26660
> 6720  00        BRK                             A:81 X:03 Y:78 P:A5 SP:02 PPU:234,204 CYC:26666
> 6721  C5F4  40        RTI                             A:81 X:03 Y:78 P:A5 SP:FF PPU:234,225 CYC:26673
> 6722  00        BRK                             A:81 X:03 Y:78 P:A5 SP:02 PPU:234,243 CYC:26679
> 6723  C5F4  40        RTI                             A:81 X:03 Y:78 P:A5 SP:FF PPU:234,264 CYC:26686
> 6724  00        BRK                             A:81 X:03 Y:78 P:A5 SP:02 PPU:234,282 CYC:26692
> 6725  C5F4  40        RTI                             A:81 X:03 Y:78 P:A5 SP:FF PPU:234,303 CYC:26699
> 6726  00        BRK                             A:81 X:03 Y:78 P:A5 SP:02 PPU:234,321 CYC:26705
> 6727  C5F4  40        RTI                             A:81 X:03 Y:78 P:A5 SP:FF PPU:235,  1 CYC:26712
> 6728  00        BRK                             A:81 X:03 Y:78 P:A5 SP:02 PPU:235, 19 CYC:26718
> 6729  C5F4  40        RTI                             A:81 X:03 Y:78 P:A5 SP:FF PPU:235, 40 CYC:26725
> 672A  00        BRK                             A:81 X:03 Y:78 P:A5 SP:02 PPU:235, 58 CYC:26731
> 672B  C5F4  40        RTI                             A:81 X:03 Y:78 P:A5 SP:FF PPU:235, 79 CYC:26738
> 672C  00        BRK                             A:81 X:03 Y:78 P:A5 SP:02 PPU:235, 97 CYC:26744
> 672D  C5F4  40        RTI                             A:81 X:03 Y:78 P:A5 SP:FF PPU:235,118 CYC:26751
> 672E  00        BRK                             A:81 X:03 Y:78 P:A5 SP:02 PPU:235,136 CYC:26757
> 672F  C5F4  40        RTI                             A:81 X:03 Y:78 P:A5 SP:FF PPU:235,157 CYC:26764
> 6730  00        BRK                             A:81 X:03 Y:78 P:A5 SP:02 PPU:235,175 CYC:26770
> 6731  C5F4  40        RTI                             A:81 X:03 Y:78 P:A5 SP:FF PPU:235,196 CYC:26777
> 6732  00        BRK                             A:81 X:03 Y:78 P:A5 SP:02 PPU:235,214 CYC:26783
> 6733  C5F4  40        RTI                             A:81 X:03 Y:78 P:A5 SP:FF PPU:235,235 CYC:26790
> 6734  00        BRK                             A:81 X:03 Y:78 P:A5 SP:02 PPU:235,253 CYC:26796
> 6735  C5F4  40        RTI                             A:81 X:03 Y:78 P:A5 SP:FF PPU:235,274 CYC:26803
> 6736  00        BRK                             A:81 X:03 Y:78 P:A5 SP:02 PPU:235,292 CYC:26809
> 6737  C5F4  40        RTI                             A:81 X:03 Y:78 P:A5 SP:FF PPU:235,313 CYC:26816
> 6738  00        BRK                             A:81 X:03 Y:78 P:A5 SP:02 PPU:235,331 CYC:26822
> 6739  C5F4  40        RTI                             A:81 X:03 Y:78 P:A5 SP:FF PPU:236, 11 CYC:26829
> 673A  00        BRK                             A:81 X:03 Y:78 P:A5 SP:02 PPU:236, 29 CYC:26835
> 673B  C5F4  40        RTI                             A:81 X:03 Y:78 P:A5 SP:FF PPU:236, 50 CYC:26842
> 673C  00        BRK                             A:81 X:03 Y:78 P:A5 SP:02 PPU:236, 68 CYC:26848
> 673D  C5F4  40        RTI                             A:81 X:03 Y:78 P:A5 SP:FF PPU:236, 89 CYC:26855
> 673E  00        BRK                             A:81 X:03 Y:78 P:A5 SP:02 PPU:236,107 CYC:26861
> 673F  C5F4  40        RTI                             A:81 X:03 Y:78 P:A5 SP:FF PPU:236,128 CYC:26868
> 6740  00        BRK                             A:81 X:03 Y:78 P:A5 SP:02 PPU:236,146 CYC:26874
> 6741  C5F4  40        RTI                             A:81 X:03 Y:78 P:A5 SP:FF PPU:236,167 CYC:26881
> 6742  00        BRK                             A:81 X:03 Y:78 P:A5 SP:02 PPU:236,185 CYC:26887
> 6743  C5F4  40        RTI                             A:81 X:03 Y:78 P:A5 SP:FF PPU:236,206 CYC:26894
> 6744  00        BRK                             A:81 X:03 Y:78 P:A5 SP:02 PPU:236,224 CYC:26900
> 6745  C5F4  40        RTI                             A:81 X:03 Y:78 P:A5 SP:FF PPU:236,245 CYC:26907
> 6746  00        BRK                             A:81 X:03 Y:78 P:A5 SP:02 PPU:236,263 CYC:26913
> 6747  C5F4  40        RTI                             A:81 X:03 Y:78 P:A5 SP:FF PPU:236,284 CYC:26920
> 6748  00        BRK                             A:81 X:03 Y:78 P:A5 SP:02 PPU:236,302 CYC:26926
> 6749  C5F4  40        RTI                             A:81 X:03 Y:78 P:A5 SP:FF PPU:236,323 CYC:26933
> 674A  00        BRK                             A:81 X:03 Y:78 P:A5 SP:02 PPU:237,  0 CYC:26939
> 674B  C5F4  40        RTI                             A:81 X:03 Y:78 P:A5 SP:FF PPU:237, 21 CYC:26946
> 674C  00        BRK                             A:81 X:03 Y:78 P:A5 SP:02 PPU:237, 39 CYC:26952
> 674D  C5F4  40        RTI                             A:81 X:03 Y:78 P:A5 SP:FF PPU:237, 60 CYC:26959
> 674E  00        BRK                             A:81 X:03 Y:78 P:A5 SP:02 PPU:237, 78 CYC:26965
> 674F  C5F4  40        RTI                             A:81 X:03 Y:78 P:A5 SP:FF PPU:237, 99 CYC:26972
> 6750  00        BRK                             A:81 X:03 Y:78 P:A5 SP:02 PPU:237,117 CYC:26978
> 6751  C5F4  40        RTI                             A:81 X:03 Y:78 P:A5 SP:FF PPU:237,138 CYC:26985
> 6752  00        BRK                             A:81 X:03 Y:78 P:A5 SP:02 PPU:237,156 CYC:26991
> 6753  C5F4  40        RTI                             A:81 X:03 Y:78 P:A5 SP:FF PPU:237,177 CYC:26998
> 6754  00        BRK                             A:81 X:03 Y:78 P:A5 SP:02 PPU:237,195 CYC:27004
> 6755  C5F4  40        RTI                             A:81 X:03 Y:78 P:A5 SP:FF PPU:237,216 CYC:27011
> 6756  00        BRK                             A:81 X:03 Y:78 P:A5 SP:02 PPU:237,234 CYC:27017
> 6757  C5F4  40        RTI                             A:81 X:03 Y:78 P:A5 SP:FF PPU:237,255 CYC:27024
> 6758  00        BRK                             A:81 X:03 Y:78 P:A5 SP:02 PPU:237,273 CYC:27030
> 6759  C5F4  40        RTI                             A:81 X:03 Y:78 P:A5 SP:FF PPU:237,294 CYC:27037
> 675A  00        BRK                             A:81 X:03 Y:78 P:A5 SP:02 PPU:237,312 CYC:27043
> 675B  C5F4  40        RTI                             A:81 X:03 Y:78 P:A5 SP:FF PPU:237,333 CYC:27050
> 675C  00        BRK                             A:81 X:03 Y:78 P:A5 SP:02 PPU:238, 10 CYC:27056
> 675D  C5F4  40        RTI                             A:81 X:03 Y:78 P:A5 SP:FF PPU:238, 31 CYC:27063
> 675E  00        BRK                             A:81 X:03 Y:78 P:A5 SP:02 PPU:238, 49 CYC:27069
> 675F  C5F4  40        RTI                             A:81 X:03 Y:78 P:A5 SP:FF PPU:238, 70 CYC:27076
> 6760  00        BRK                             A:81 X:03 Y:78 P:A5 SP:02 PPU:238, 88 CYC:27082
> 6761  C5F4  40        RTI                             A:81 X:03 Y:78 P:A5 SP:FF PPU:238,109 CYC:27089
> 6762  00        BRK                             A:81 X:03 Y:78 P:A5 SP:02 PPU:238,127 CYC:27095
> 6763  C5F4  40        RTI                             A:81 X:03 Y:78 P:A5 SP:FF PPU:238,148 CYC:27102
> 6764  00        BRK                             A:81 X:03 Y:78 P:A5 SP:02 PPU:238,166 CYC:27108
> 6765  C5F4  40        RTI                             A:81 X:03 Y:78 P:A5 SP:FF PPU:238,187 CYC:27115
> 6766  00        BRK                             A:81 X:03 Y:78 P:A5 SP:02 PPU:238,205 CYC:27121
> 6767  C5F4  40        RTI                             A:81 X:03 Y:78 P:A5 SP:FF PPU:238,226 CYC:27128
> 6768  00        BRK                             A:81 X:03 Y:78 P:A5 SP:02 PPU:238,244 CYC:27134
> 6769  C5F4  40        RTI                             A:81 X:03 Y:78 P:A5 SP:FF PPU:238,265 CYC:27141
> 676A  00        BRK                             A:81 X:03 Y:78 P:A5 SP:02 PPU:238,283 CYC:27147
> 676B  C5F4  40        RTI                             A:81 X:03 Y:78 P:A5 SP:FF PPU:238,304 CYC:27154
> 676C  00        BRK                             A:81 X:03 Y:78 P:A5 SP:02 PPU:238,322 CYC:27160
> 676D  C5F4  40        RTI                             A:81 X:03 Y:78 P:A5 SP:FF PPU:239,  2 CYC:27167
> 676E  00        BRK                             A:81 X:03 Y:78 P:A5 SP:02 PPU:239, 20 CYC:27173
> 676F  C5F4  40        RTI                             A:81 X:03 Y:78 P:A5 SP:FF PPU:239, 41 CYC:27180
> 6770  00        BRK                             A:81 X:03 Y:78 P:A5 SP:02 PPU:239, 59 CYC:27186
> 6771  C5F4  40        RTI                             A:81 X:03 Y:78 P:A5 SP:FF PPU:239, 80 CYC:27193
> 6772  00        BRK                             A:81 X:03 Y:78 P:A5 SP:02 PPU:239, 98 CYC:27199
> 6773  C5F4  40        RTI                             A:81 X:03 Y:78 P:A5 SP:FF PPU:239,119 CYC:27206
> 6774  00        BRK                             A:81 X:03 Y:78 P:A5 SP:02 PPU:239,137 CYC:27212
> 6775  C5F4  40        RTI                             A:81 X:03 Y:78 P:A5 SP:FF PPU:239,158 CYC:27219
> 6776  00        BRK                             A:81 X:03 Y:78 P:A5 SP:02 PPU:239,176 CYC:27225
> 6777  C5F4  40        RTI                             A:81 X:03 Y:78 P:A5 SP:FF PPU:239,197 CYC:27232
> 6778  00        BRK                             A:81 X:03 Y:78 P:A5 SP:02 PPU:239,215 CYC:27238
> 6779  C5F4  40        RTI                             A:81 X:03 Y:78 P:A5 SP:FF PPU:239,236 CYC:27245
> 677A  00        BRK                             A:81 X:03 Y:78 P:A5 SP:02 PPU:239,254 CYC:27251
> 677B  C5F4  40        RTI                             A:81 X:03 Y:78 P:A5 SP:FF PPU:239,275 CYC:27258
> 677C  00        BRK                             A:81 X:03 Y:78 P:A5 SP:02 PPU:239,293 CYC:27264
> 677D  C5F4  40        RTI                             A:81 X:03 Y:78 P:A5 SP:FF PPU:239,314 CYC:27271
> 677E  00        BRK                             A:81 X:03 Y:78 P:A5 SP:02 PPU:239,332 CYC:27277
> 677F  C5F4  40        RTI                             A:81 X:03 Y:78 P:A5 SP:FF PPU:240, 12 CYC:27284
> 6780  00        BRK                             A:81 X:03 Y:78 P:A5 SP:02 PPU:240, 30 CYC:27290
> 6781  C5F4  40        RTI                             A:81 X:03 Y:78 P:A5 SP:FF PPU:240, 51 CYC:27297
> 6782  00        BRK                             A:81 X:03 Y:78 P:A5 SP:02 PPU:240, 69 CYC:27303
> 6783  C5F4  40        RTI                             A:81 X:03 Y:78 P:A5 SP:FF PPU:240, 90 CYC:27310
> 6784  00        BRK                             A:81 X:03 Y:78 P:A5 SP:02 PPU:240,108 CYC:27316
> 6785  C5F4  40        RTI                             A:81 X:03 Y:78 P:A5 SP:FF PPU:240,129 CYC:27323
> 6786  00        BRK                             A:81 X:03 Y:78 P:A5 SP:02 PPU:240,147 CYC:27329
> 6787  C5F4  40        RTI                             A:81 X:03 Y:78 P:A5 SP:FF PPU:240,168 CYC:27336
> 6788  00        BRK                             A:81 X:03 Y:78 P:A5 SP:02 PPU:240,186 CYC:27342
> 6789  C5F4  40        RTI                             A:81 X:03 Y:78 P:A5 SP:FF PPU:240,207 CYC:27349
> 678A  00        BRK                             A:81 X:03 Y:78 P:A5 SP:02 PPU:240,225 CYC:27355
> 678B  C5F4  40        RTI                             A:81 X:03 Y:78 P:A5 SP:FF PPU:240,246 CYC:27362
> 678C  00        BRK                             A:81 X:03 Y:78 P:A5 SP:02 PPU:240,264 CYC:27368
> 678D  C5F4  40        RTI                             A:81 X:03 Y:78 P:A5 SP:FF PPU:240,285 CYC:27375
> 678E  00        BRK                             A:81 X:03 Y:78 P:A5 SP:02 PPU:240,303 CYC:27381
> 678F  C5F4  40        RTI                             A:81 X:03 Y:78 P:A5 SP:FF PPU:240,324 CYC:27388
> 6790  00        BRK                             A:81 X:03 Y:78 P:A5 SP:02 PPU:241,  1 CYC:27394
> 6791  C5F4  40        RTI                             A:81 X:03 Y:78 P:A5 SP:FF PPU:241, 22 CYC:27401
> 6792  00        BRK                             A:81 X:03 Y:78 P:A5 SP:02 PPU:241, 40 CYC:27407
> 6793  C5F4  40        RTI                             A:81 X:03 Y:78 P:A5 SP:FF PPU:241, 61 CYC:27414
> 6794  00        BRK                             A:81 X:03 Y:78 P:A5 SP:02 PPU:241, 79 CYC:27420
> 6795  C5F4  40        RTI                             A:81 X:03 Y:78 P:A5 SP:FF PPU:241,100 CYC:27427
> 6796  00        BRK                             A:81 X:03 Y:78 P:A5 SP:02 PPU:241,118 CYC:27433
> 6797  C5F4  40        RTI                             A:81 X:03 Y:78 P:A5 SP:FF PPU:241,139 CYC:27440
> 6798  00        BRK                             A:81 X:03 Y:78 P:A5 SP:02 PPU:241,157 CYC:27446
> 6799  C5F4  40        RTI                             A:81 X:03 Y:78 P:A5 SP:FF PPU:241,178 CYC:27453
> 679A  00        BRK                             A:81 X:03 Y:78 P:A5 SP:02 PPU:241,196 CYC:27459
> 679B  C5F4  40        RTI                             A:81 X:03 Y:78 P:A5 SP:FF PPU:241,217 CYC:27466
> 679C  00        BRK                             A:81 X:03 Y:78 P:A5 SP:02 PPU:241,235 CYC:27472
> 679D  C5F4  40        RTI                             A:81 X:03 Y:78 P:A5 SP:FF PPU:241,256 CYC:27479
> 679E  00        BRK                             A:81 X:03 Y:78 P:A5 SP:02 PPU:241,274 CYC:27485
> 679F  C5F4  40        RTI                             A:81 X:03 Y:78 P:A5 SP:FF PPU:241,295 CYC:27492
> 67A0  00        BRK                             A:81 X:03 Y:78 P:A5 SP:02 PPU:241,313 CYC:27498
> 67A1  C5F4  40        RTI                             A:81 X:03 Y:78 P:A5 SP:FF PPU:241,334 CYC:27505
> 67A2  00        BRK                             A:81 X:03 Y:78 P:A5 SP:02 PPU:242, 11 CYC:27511
> 67A3  C5F4  40        RTI                             A:81 X:03 Y:78 P:A5 SP:FF PPU:242, 32 CYC:27518
> 67A4  00        BRK                             A:81 X:03 Y:78 P:A5 SP:02 PPU:242, 50 CYC:27524
> 67A5  C5F4  40        RTI                             A:81 X:03 Y:78 P:A5 SP:FF PPU:242, 71 CYC:27531
> 67A6  00        BRK                             A:81 X:03 Y:78 P:A5 SP:02 PPU:242, 89 CYC:27537
> 67A7  C5F4  40        RTI                             A:81 X:03 Y:78 P:A5 SP:FF PPU:242,110 CYC:27544
> 67A8  00        BRK                             A:81 X:03 Y:78 P:A5 SP:02 PPU:242,128 CYC:27550
> 67A9  C5F4  40        RTI                             A:81 X:03 Y:78 P:A5 SP:FF PPU:242,149 CYC:27557
> 67AA  00        BRK                             A:81 X:03 Y:78 P:A5 SP:02 PPU:242,167 CYC:27563
> 67AB  C5F4  40        RTI                             A:81 X:03 Y:78 P:A5 SP:FF PPU:242,188 CYC:27570
> 67AC  00        BRK                             A:81 X:03 Y:78 P:A5 SP:02 PPU:242,206 CYC:27576
> 67AD  C5F4  40        RTI                             A:81 X:03 Y:78 P:A5 SP:FF PPU:242,227 CYC:27583
> 67AE  00        BRK                             A:81 X:03 Y:78 P:A5 SP:02 PPU:242,245 CYC:27589
> 67AF  C5F4  40        RTI                             A:81 X:03 Y:78 P:A5 SP:FF PPU:242,266 CYC:27596
> 67B0  00        BRK                             A:81 X:03 Y:78 P:A5 SP:02 PPU:242,284 CYC:27602
> 67B1  C5F4  40        RTI                             A:81 X:03 Y:78 P:A5 SP:FF PPU:242,305 CYC:27609
> 67B2  00        BRK                             A:81 X:03 Y:78 P:A5 SP:02 PPU:242,323 CYC:27615
> 67B3  C5F4  40        RTI                             A:81 X:03 Y:78 P:A5 SP:FF PPU:243,  3 CYC:27622
> 67B4  00        BRK                             A:81 X:03 Y:78 P:A5 SP:02 PPU:243, 21 CYC:27628
> 67B5  C5F4  40        RTI                             A:81 X:03 Y:78 P:A5 SP:FF PPU:243, 42 CYC:27635
> 67B6  00        BRK                             A:81 X:03 Y:78 P:A5 SP:02 PPU:243, 60 CYC:27641
> 67B7  C5F4  40        RTI                             A:81 X:03 Y:78 P:A5 SP:FF PPU:243, 81 CYC:27648
> 67B8  00        BRK                             A:81 X:03 Y:78 P:A5 SP:02 PPU:243, 99 CYC:27654
> 67B9  C5F4  40        RTI                             A:81 X:03 Y:78 P:A5 SP:FF PPU:243,120 CYC:27661
> 67BA  00        BRK                             A:81 X:03 Y:78 P:A5 SP:02 PPU:243,138 CYC:27667
> 67BB  C5F4  40        RTI                             A:81 X:03 Y:78 P:A5 SP:FF PPU:243,159 CYC:27674
> 67BC  00        BRK                             A:81 X:03 Y:78 P:A5 SP:02 PPU:243,177 CYC:27680
> 67BD  C5F4  40        RTI                             A:81 X:03 Y:78 P:A5 SP:FF PPU:243,198 CYC:27687
> 67BE  00        BRK                             A:81 X:03 Y:78 P:A5 SP:02 PPU:243,216 CYC:27693
> 67BF  C5F4  40        RTI                             A:81 X:03 Y:78 P:A5 SP:FF PPU:243,237 CYC:27700
> 67C0  00        BRK                             A:81 X:03 Y:78 P:A5 SP:02 PPU:243,255 CYC:27706
> 67C1  C5F4  40        RTI                             A:81 X:03 Y:78 P:A5 SP:FF PPU:243,276 CYC:27713
> 67C2  00        BRK                             A:81 X:03 Y:78 P:A5 SP:02 PPU:243,294 CYC:27719
> 67C3  C5F4  40        RTI                             A:81 X:03 Y:78 P:A5 SP:FF PPU:243,315 CYC:27726
> 67C4  00        BRK                             A:81 X:03 Y:78 P:A5 SP:02 PPU:243,333 CYC:27732
> 67C5  C5F4  40        RTI                             A:81 X:03 Y:78 P:A5 SP:FF PPU:244, 13 CYC:27739
> 67C6  00        BRK                             A:81 X:03 Y:78 P:A5 SP:02 PPU:244, 31 CYC:27745
> 67C7  C5F4  40        RTI                             A:81 X:03 Y:78 P:A5 SP:FF PPU:244, 52 CYC:27752
> 67C8  00        BRK                             A:81 X:03 Y:78 P:A5 SP:02 PPU:244, 70 CYC:27758
> 67C9  C5F4  40        RTI                             A:81 X:03 Y:78 P:A5 SP:FF PPU:244, 91 CYC:27765
> 67CA  00        BRK                             A:81 X:03 Y:78 P:A5 SP:02 PPU:244,109 CYC:27771
> 67CB  C5F4  40        RTI                             A:81 X:03 Y:78 P:A5 SP:FF PPU:244,130 CYC:27778
> 67CC  00        BRK                             A:81 X:03 Y:78 P:A5 SP:02 PPU:244,148 CYC:27784
> 67CD  C5F4  40        RTI                             A:81 X:03 Y:78 P:A5 SP:FF PPU:244,169 CYC:27791
> 67CE  00        BRK                             A:81 X:03 Y:78 P:A5 SP:02 PPU:244,187 CYC:27797
> 67CF  C5F4  40        RTI                             A:81 X:03 Y:78 P:A5 SP:FF PPU:244,208 CYC:27804
> 67D0  00        BRK                             A:81 X:03 Y:78 P:A5 SP:02 PPU:244,226 CYC:27810
> 67D1  C5F4  40        RTI                             A:81 X:03 Y:78 P:A5 SP:FF PPU:244,247 CYC:27817
> 67D2  00        BRK                             A:81 X:03 Y:78 P:A5 SP:02 PPU:244,265 CYC:27823
> 67D3  C5F4  40        RTI                             A:81 X:03 Y:78 P:A5 SP:FF PPU:244,286 CYC:27830
> 67D4  00        BRK                             A:81 X:03 Y:78 P:A5 SP:02 PPU:244,304 CYC:27836
> 67D5  C5F4  40        RTI                             A:81 X:03 Y:78 P:A5 SP:FF PPU:244,325 CYC:27843
> 67D6  00        BRK                             A:81 X:03 Y:78 P:A5 SP:02 PPU:245,  2 CYC:27849
> 67D7  C5F4  40        RTI                             A:81 X:03 Y:78 P:A5 SP:FF PPU:245, 23 CYC:27856
> 67D8  00        BRK                             A:81 X:03 Y:78 P:A5 SP:02 PPU:245, 41 CYC:27862
> 67D9  C5F4  40        RTI                             A:81 X:03 Y:78 P:A5 SP:FF PPU:245, 62 CYC:27869
> 67DA  00        BRK                             A:81 X:03 Y:78 P:A5 SP:02 PPU:245, 80 CYC:27875
> 67DB  C5F4  40        RTI                             A:81 X:03 Y:78 P:A5 SP:FF PPU:245,101 CYC:27882
> 67DC  00        BRK                             A:81 X:03 Y:78 P:A5 SP:02 PPU:245,119 CYC:27888
> 67DD  C5F4  40        RTI                             A:81 X:03 Y:78 P:A5 SP:FF PPU:245,140 CYC:27895
> 67DE  00        BRK                             A:81 X:03 Y:78 P:A5 SP:02 PPU:245,158 CYC:27901
> 67DF  C5F4  40        RTI                             A:81 X:03 Y:78 P:A5 SP:FF PPU:245,179 CYC:27908
> 67E0  00        BRK                             A:81 X:03 Y:78 P:A5 SP:02 PPU:245,197 CYC:27914
> 67E1  C5F4  40        RTI                             A:81 X:03 Y:78 P:A5 SP:FF PPU:245,218 CYC:27921
> 67E2  00        BRK                             A:81 X:03 Y:78 P:A5 SP:02 PPU:245,236 CYC:27927
> 67E3  C5F4  40        RTI                             A:81 X:03 Y:78 P:A5 SP:FF PPU:245,257 CYC:27934
> 67E4  00        BRK                             A:81 X:03 Y:78 P:A5 SP:02 PPU:245,275 CYC:27940
> 67E5  C5F4  40        RTI                             A:81 X:03 Y:78 P:A5 SP:FF PPU:245,296 CYC:27947
> 67E6  00        BRK                             A:81 X:03 Y:78 P:A5 SP:02 PPU:245,314 CYC:27953
> 67E7  C5F4  40        RTI                             A:81 X:03 Y:78 P:A5 SP:FF PPU:245,335 CYC:27960
> 67E8  00        BRK                             A:81 X:03 Y:78 P:A5 SP:02 PPU:246, 12 CYC:27966
> 67E9  C5F4  40        RTI                             A:81 X:03 Y:78 P:A5 SP:FF PPU:246, 33 CYC:27973
> 67EA  00        BRK                             A:81 X:03 Y:78 P:A5 SP:02 PPU:246, 51 CYC:27979
> 67EB  C5F4  40        RTI                             A:81 X:03 Y:78 P:A5 SP:FF PPU:246, 72 CYC:27986
> 67EC  00        BRK                             A:81 X:03 Y:78 P:A5 SP:02 PPU:246, 90 CYC:27992
> 67ED  C5F4  40        RTI                             A:81 X:03 Y:78 P:A5 SP:FF PPU:246,111 CYC:27999
> 67EE  00        BRK                             A:81 X:03 Y:78 P:A5 SP:02 PPU:246,129 CYC:28005
> 67EF  C5F4  40        RTI                             A:81 X:03 Y:78 P:A5 SP:FF PPU:246,150 CYC:28012
> 67F0  00        BRK                             A:81 X:03 Y:78 P:A5 SP:02 PPU:246,168 CYC:28018
> 67F1  C5F4  40        RTI                             A:81 X:03 Y:78 P:A5 SP:FF PPU:246,189 CYC:28025
> 67F2  00        BRK                             A:81 X:03 Y:78 P:A5 SP:02 PPU:246,207 CYC:28031
> 67F3  C5F4  40        RTI                             A:81 X:03 Y:78 P:A5 SP:FF PPU:246,228 CYC:28038
> 67F4  00        BRK                             A:81 X:03 Y:78 P:A5 SP:02 PPU:246,246 CYC:28044
> 67F5  C5F4  40        RTI                             A:81 X:03 Y:78 P:A5 SP:FF PPU:246,267 CYC:28051
> 67F6  00        BRK                             A:81 X:03 Y:78 P:A5 SP:02 PPU:246,285 CYC:28057
> 67F7  C5F4  40        RTI                             A:81 X:03 Y:78 P:A5 SP:FF PPU:246,306 CYC:28064
> 67F8  00        BRK                             A:81 X:03 Y:78 P:A5 SP:02 PPU:246,324 CYC:28070
> 67F9  C5F4  40        RTI                             A:81 X:03 Y:78 P:A5 SP:FF PPU:247,  4 CYC:28077
> 67FA  00        BRK                             A:81 X:03 Y:78 P:A5 SP:02 PPU:247, 22 CYC:28083
> 67FB  C5F4  40        RTI                             A:81 X:03 Y:78 P:A5 SP:FF PPU:247, 43 CYC:28090
> 67FC  00        BRK                             A:81 X:03 Y:78 P:A5 SP:02 PPU:247, 61 CYC:28096
> 67FD  C5F4  40        RTI                             A:81 X:03 Y:78 P:A5 SP:FF PPU:247, 82 CYC:28103
> 67FE  00        BRK                             A:81 X:03 Y:78 P:A5 SP:02 PPU:247,100 CYC:28109
> 67FF  C5F4  40        RTI                             A:81 X:03 Y:78 P:A5 SP:FF PPU:247,121 CYC:28116
> 6800  00        BRK                             A:81 X:03 Y:78 P:A5 SP:02 PPU:247,139 CYC:28122
> 6801  C5F4  40        RTI                             A:81 X:03 Y:78 P:A5 SP:FF PPU:247,160 CYC:28129
> 6802  00        BRK                             A:81 X:03 Y:78 P:A5 SP:02 PPU:247,178 CYC:28135
> 6803  C5F4  40        RTI                             A:81 X:03 Y:78 P:A5 SP:FF PPU:247,199 CYC:28142
> 6804  00        BRK                             A:81 X:03 Y:78 P:A5 SP:02 PPU:247,217 CYC:28148
> 6805  C5F4  40        RTI                             A:81 X:03 Y:78 P:A5 SP:FF PPU:247,238 CYC:28155
> 6806  00        BRK                             A:81 X:03 Y:78 P:A5 SP:02 PPU:247,256 CYC:28161
> 6807  C5F4  40        RTI                             A:81 X:03 Y:78 P:A5 SP:FF PPU:247,277 CYC:28168
> 6808  00        BRK                             A:81 X:03 Y:78 P:A5 SP:02 PPU:247,295 CYC:28174
> 6809  C5F4  40        RTI                             A:81 X:03 Y:78 P:A5 SP:FF PPU:247,316 CYC:28181
> 680A  00        BRK                             A:81 X:03 Y:78 P:A5 SP:02 PPU:247,334 CYC:28187
> 680B  C5F4  40        RTI                             A:81 X:03 Y:78 P:A5 SP:FF PPU:248, 14 CYC:28194
> 680C  00        BRK                             A:81 X:03 Y:78 P:A5 SP:02 PPU:248, 32 CYC:28200
> 680D  C5F4  40        RTI                             A:81 X:03 Y:78 P:A5 SP:FF PPU:248, 53 CYC:28207
> 680E  00        BRK                             A:81 X:03 Y:78 P:A5 SP:02 PPU:248, 71 CYC:28213
> 680F  C5F4  40        RTI                             A:81 X:03 Y:78 P:A5 SP:FF PPU:248, 92 CYC:28220
> 6810  00        BRK                             A:81 X:03 Y:78 P:A5 SP:02 PPU:248,110 CYC:28226
> 6811  C5F4  40        RTI                             A:81 X:03 Y:78 P:A5 SP:FF PPU:248,131 CYC:28233
> 6812  00        BRK                             A:81 X:03 Y:78 P:A5 SP:02 PPU:248,149 CYC:28239
> 6813  C5F4  40        RTI                             A:81 X:03 Y:78 P:A5 SP:FF PPU:248,170 CYC:28246
> 6814  00        BRK                             A:81 X:03 Y:78 P:A5 SP:02 PPU:248,188 CYC:28252
> 6815  C5F4  40        RTI                             A:81 X:03 Y:78 P:A5 SP:FF PPU:248,209 CYC:28259
> 6816  00        BRK                             A:81 X:03 Y:78 P:A5 SP:02 PPU:248,227 CYC:28265
> 6817  C5F4  40        RTI                             A:81 X:03 Y:78 P:A5 SP:FF PPU:248,248 CYC:28272
> 6818  00        BRK                             A:81 X:03 Y:78 P:A5 SP:02 PPU:248,266 CYC:28278
> 6819  C5F4  40        RTI                             A:81 X:03 Y:78 P:A5 SP:FF PPU:248,287 CYC:28285
> 681A  00        BRK                             A:81 X:03 Y:78 P:A5 SP:02 PPU:248,305 CYC:28291
> 681B  C5F4  40        RTI                             A:81 X:03 Y:78 P:A5 SP:FF PPU:248,326 CYC:28298
> 681C  00        BRK                             A:81 X:03 Y:78 P:A5 SP:02 PPU:249,  3 CYC:28304
> 681D  C5F4  40        RTI                             A:81 X:03 Y:78 P:A5 SP:FF PPU:249, 24 CYC:28311
> 681E  00        BRK                             A:81 X:03 Y:78 P:A5 SP:02 PPU:249, 42 CYC:28317
> 681F  C5F4  40        RTI                             A:81 X:03 Y:78 P:A5 SP:FF PPU:249, 63 CYC:28324
> 6820  00        BRK                             A:81 X:03 Y:78 P:A5 SP:02 PPU:249, 81 CYC:28330
> 6821  C5F4  40        RTI                             A:81 X:03 Y:78 P:A5 SP:FF PPU:249,102 CYC:28337
> 6822  00        BRK                             A:81 X:03 Y:78 P:A5 SP:02 PPU:249,120 CYC:28343
> 6823  C5F4  40        RTI                             A:81 X:03 Y:78 P:A5 SP:FF PPU:249,141 CYC:28350
> 6824  00        BRK                             A:81 X:03 Y:78 P:A5 SP:02 PPU:249,159 CYC:28356
> 6825  C5F4  40        RTI                             A:81 X:03 Y:78 P:A5 SP:FF PPU:249,180 CYC:28363
> 6826  00        BRK                             A:81 X:03 Y:78 P:A5 SP:02 PPU:249,198 CYC:28369
> 6827  C5F4  40        RTI                             A:81 X:03 Y:78 P:A5 SP:FF PPU:249,219 CYC:28376
> 6828  00        BRK                             A:81 X:03 Y:78 P:A5 SP:02 PPU:249,237 CYC:28382
> 6829  C5F4  40        RTI                             A:81 X:03 Y:78 P:A5 SP:FF PPU:249,258 CYC:28389
> 682A  00        BRK                             A:81 X:03 Y:78 P:A5 SP:02 PPU:249,276 CYC:28395
> 682B  C5F4  40        RTI                             A:81 X:03 Y:78 P:A5 SP:FF PPU:249,297 CYC:28402
> 682C  00        BRK                             A:81 X:03 Y:78 P:A5 SP:02 PPU:249,315 CYC:28408
> 682D  C5F4  40        RTI                             A:81 X:03 Y:78 P:A5 SP:FF PPU:249,336 CYC:28415
> 682E  00        BRK                             A:81 X:03 Y:78 P:A5 SP:02 PPU:250, 13 CYC:28421
> 682F  C5F4  40        RTI                             A:81 X:03 Y:78 P:A5 SP:FF PPU:250, 34 CYC:28428
> 6830  00        BRK                             A:81 X:03 Y:78 P:A5 SP:02 PPU:250, 52 CYC:28434
> 6831  C5F4  40        RTI                             A:81 X:03 Y:78 P:A5 SP:FF PPU:250, 73 CYC:28441
> 6832  00        BRK                             A:81 X:03 Y:78 P:A5 SP:02 PPU:250, 91 CYC:28447
> 6833  C5F4  40        RTI                             A:81 X:03 Y:78 P:A5 SP:FF PPU:250,112 CYC:28454
> 6834  00        BRK                             A:81 X:03 Y:78 P:A5 SP:02 PPU:250,130 CYC:28460
> 6835  C5F4  40        RTI                             A:81 X:03 Y:78 P:A5 SP:FF PPU:250,151 CYC:28467
> 6836  00        BRK                             A:81 X:03 Y:78 P:A5 SP:02 PPU:250,169 CYC:28473
> 6837  C5F4  40        RTI                             A:81 X:03 Y:78 P:A5 SP:FF PPU:250,190 CYC:28480
> 6838  00        BRK                             A:81 X:03 Y:78 P:A5 SP:02 PPU:250,208 CYC:28486
> 6839  C5F4  40        RTI                             A:81 X:03 Y:78 P:A5 SP:FF PPU:250,229 CYC:28493
> 683A  00        BRK                             A:81 X:03 Y:78 P:A5 SP:02 PPU:250,247 CYC:28499
> 683B  C5F4  40        RTI                             A:81 X:03 Y:78 P:A5 SP:FF PPU:250,268 CYC:28506
> 683C  00        BRK                             A:81 X:03 Y:78 P:A5 SP:02 PPU:250,286 CYC:28512
> 683D  C5F4  40        RTI                             A:81 X:03 Y:78 P:A5 SP:FF PPU:250,307 CYC:28519
> 683E  00        BRK                             A:81 X:03 Y:78 P:A5 SP:02 PPU:250,325 CYC:28525
> 683F  C5F4  40        RTI                             A:81 X:03 Y:78 P:A5 SP:FF PPU:251,  5 CYC:28532
> 6840  00        BRK                             A:81 X:03 Y:78 P:A5 SP:02 PPU:251, 23 CYC:28538
> 6841  C5F4  40        RTI                             A:81 X:03 Y:78 P:A5 SP:FF PPU:251, 44 CYC:28545
> 6842  00        BRK                             A:81 X:03 Y:78 P:A5 SP:02 PPU:251, 62 CYC:28551
> 6843  C5F4  40        RTI                             A:81 X:03 Y:78 P:A5 SP:FF PPU:251, 83 CYC:28558
> 6844  00        BRK                             A:81 X:03 Y:78 P:A5 SP:02 PPU:251,101 CYC:28564
> 6845  C5F4  40        RTI                             A:81 X:03 Y:78 P:A5 SP:FF PPU:251,122 CYC:28571
> 6846  00        BRK                             A:81 X:03 Y:78 P:A5 SP:02 PPU:251,140 CYC:28577
> 6847  C5F4  40        RTI                             A:81 X:03 Y:78 P:A5 SP:FF PPU:251,161 CYC:28584
> 6848  00        BRK                             A:81 X:03 Y:78 P:A5 SP:02 PPU:251,179 CYC:28590
> 6849  C5F4  40        RTI                             A:81 X:03 Y:78 P:A5 SP:FF PPU:251,200 CYC:28597
> 684A  00        BRK                             A:81 X:03 Y:78 P:A5 SP:02 PPU:251,218 CYC:28603
> 684B  C5F4  40        RTI                             A:81 X:03 Y:78 P:A5 SP:FF PPU:251,239 CYC:28610
> 684C  00        BRK                             A:81 X:03 Y:78 P:A5 SP:02 PPU:251,257 CYC:28616
> 684D  C5F4  40        RTI                             A:81 X:03 Y:78 P:A5 SP:FF PPU:251,278 CYC:28623
> 684E  00        BRK                             A:81 X:03 Y:78 P:A5 SP:02 PPU:251,296 CYC:28629
> 684F  C5F4  40        RTI                             A:81 X:03 Y:78 P:A5 SP:FF PPU:251,317 CYC:28636
> 6850  00        BRK                             A:81 X:03 Y:78 P:A5 SP:02 PPU:251,335 CYC:28642
> 6851  C5F4  40        RTI                             A:81 X:03 Y:78 P:A5 SP:FF PPU:252, 15 CYC:28649
> 6852  00        BRK                             A:81 X:03 Y:78 P:A5 SP:02 PPU:252, 33 CYC:28655
> 6853  C5F4  40        RTI                             A:81 X:03 Y:78 P:A5 SP:FF PPU:252, 54 CYC:28662
> 6854  00        BRK                             A:81 X:03 Y:78 P:A5 SP:02 PPU:252, 72 CYC:28668
> 6855  C5F4  40        RTI                             A:81 X:03 Y:78 P:A5 SP:FF PPU:252, 93 CYC:28675
> 6856  00        BRK                             A:81 X:03 Y:78 P:A5 SP:02 PPU:252,111 CYC:28681
> 6857  C5F4  40        RTI                             A:81 X:03 Y:78 P:A5 SP:FF PPU:252,132 CYC:28688
> 6858  00        BRK                             A:81 X:03 Y:78 P:A5 SP:02 PPU:252,150 CYC:28694
> 6859  C5F4  40        RTI                             A:81 X:03 Y:78 P:A5 SP:FF PPU:252,171 CYC:28701
> 685A  00        BRK                             A:81 X:03 Y:78 P:A5 SP:02 PPU:252,189 CYC:28707
> 685B  C5F4  40        RTI                             A:81 X:03 Y:78 P:A5 SP:FF PPU:252,210 CYC:28714
> 685C  00        BRK                             A:81 X:03 Y:78 P:A5 SP:02 PPU:252,228 CYC:28720
> 685D  C5F4  40        RTI                             A:81 X:03 Y:78 P:A5 SP:FF PPU:252,249 CYC:28727
> 685E  00        BRK                             A:81 X:03 Y:78 P:A5 SP:02 PPU:252,267 CYC:28733
> 685F  C5F4  40        RTI                             A:81 X:03 Y:78 P:A5 SP:FF PPU:252,288 CYC:28740
> 6860  00        BRK                             A:81 X:03 Y:78 P:A5 SP:02 PPU:252,306 CYC:28746
> 6861  C5F4  40        RTI                             A:81 X:03 Y:78 P:A5 SP:FF PPU:252,327 CYC:28753
> 6862  00        BRK                             A:81 X:03 Y:78 P:A5 SP:02 PPU:253,  4 CYC:28759
> 6863  C5F4  40        RTI                             A:81 X:03 Y:78 P:A5 SP:FF PPU:253, 25 CYC:28766
> 6864  00        BRK                             A:81 X:03 Y:78 P:A5 SP:02 PPU:253, 43 CYC:28772
> 6865  C5F4  40        RTI                             A:81 X:03 Y:78 P:A5 SP:FF PPU:253, 64 CYC:28779
> 6866  00        BRK                             A:81 X:03 Y:78 P:A5 SP:02 PPU:253, 82 CYC:28785
> 6867  C5F4  40        RTI                             A:81 X:03 Y:78 P:A5 SP:FF PPU:253,103 CYC:28792
> 6868  00        BRK                             A:81 X:03 Y:78 P:A5 SP:02 PPU:253,121 CYC:28798
> 6869  C5F4  40        RTI                             A:81 X:03 Y:78 P:A5 SP:FF PPU:253,142 CYC:28805
> 686A  00        BRK                             A:81 X:03 Y:78 P:A5 SP:02 PPU:253,160 CYC:28811
> 686B  C5F4  40        RTI                             A:81 X:03 Y:78 P:A5 SP:FF PPU:253,181 CYC:28818
> 686C  00        BRK                             A:81 X:03 Y:78 P:A5 SP:02 PPU:253,199 CYC:28824
> 686D  C5F4  40        RTI                             A:81 X:03 Y:78 P:A5 SP:FF PPU:253,220 CYC:28831
> 686E  00        BRK                             A:81 X:03 Y:78 P:A5 SP:02 PPU:253,238 CYC:28837
> 686F  C5F4  40        RTI                             A:81 X:03 Y:78 P:A5 SP:FF PPU:253,259 CYC:28844
> 6870  00        BRK                             A:81 X:03 Y:78 P:A5 SP:02 PPU:253,277 CYC:28850
> 6871  C5F4  40        RTI                             A:81 X:03 Y:78 P:A5 SP:FF PPU:253,298 CYC:28857
> 6872  00        BRK                             A:81 X:03 Y:78 P:A5 SP:02 PPU:253,316 CYC:28863
> 6873  C5F4  40        RTI                             A:81 X:03 Y:78 P:A5 SP:FF PPU:253,337 CYC:28870
> 6874  00        BRK                             A:81 X:03 Y:78 P:A5 SP:02 PPU:254, 14 CYC:28876
> 6875  C5F4  40        RTI                             A:81 X:03 Y:78 P:A5 SP:FF PPU:254, 35 CYC:28883
> 6876  00        BRK                             A:81 X:03 Y:78 P:A5 SP:02 PPU:254, 53 CYC:28889
> 6877  C5F4  40        RTI                             A:81 X:03 Y:78 P:A5 SP:FF PPU:254, 74 CYC:28896
> 6878  00        BRK                             A:81 X:03 Y:78 P:A5 SP:02 PPU:254, 92 CYC:28902
> 6879  C5F4  40        RTI                             A:81 X:03 Y:78 P:A5 SP:FF PPU:254,113 CYC:28909
> 687A  00        BRK                             A:81 X:03 Y:78 P:A5 SP:02 PPU:254,131 CYC:28915
> 687B  C5F4  40        RTI                             A:81 X:03 Y:78 P:A5 SP:FF PPU:254,152 CYC:28922
> 687C  00        BRK                             A:81 X:03 Y:78 P:A5 SP:02 PPU:254,170 CYC:28928
> 687D  C5F4  40        RTI                             A:81 X:03 Y:78 P:A5 SP:FF PPU:254,191 CYC:28935
> 687E  00        BRK                             A:81 X:03 Y:78 P:A5 SP:02 PPU:254,209 CYC:28941
> 687F  C5F4  40        RTI                             A:81 X:03 Y:78 P:A5 SP:FF PPU:254,230 CYC:28948
> 6880  00        BRK                             A:81 X:03 Y:78 P:A5 SP:02 PPU:254,248 CYC:28954
> 6881  C5F4  40        RTI                             A:81 X:03 Y:78 P:A5 SP:FF PPU:254,269 CYC:28961
> 6882  00        BRK                             A:81 X:03 Y:78 P:A5 SP:02 PPU:254,287 CYC:28967
> 6883  C5F4  40        RTI                             A:81 X:03 Y:78 P:A5 SP:FF PPU:254,308 CYC:28974
> 6884  00        BRK                             A:81 X:03 Y:78 P:A5 SP:02 PPU:254,326 CYC:28980
> 6885  C5F4  40        RTI                             A:81 X:03 Y:78 P:A5 SP:FF PPU:255,  6 CYC:28987
> 6886  00        BRK                             A:81 X:03 Y:78 P:A5 SP:02 PPU:255, 24 CYC:28993
> 6887  C5F4  40        RTI                             A:81 X:03 Y:78 P:A5 SP:FF PPU:255, 45 CYC:29000
> 6888  00        BRK                             A:81 X:03 Y:78 P:A5 SP:02 PPU:255, 63 CYC:29006
> 6889  C5F4  40        RTI                             A:81 X:03 Y:78 P:A5 SP:FF PPU:255, 84 CYC:29013
> 688A  00        BRK                             A:81 X:03 Y:78 P:A5 SP:02 PPU:255,102 CYC:29019
> 688B  C5F4  40        RTI                             A:81 X:03 Y:78 P:A5 SP:FF PPU:255,123 CYC:29026
> 688C  00        BRK                             A:81 X:03 Y:78 P:A5 SP:02 PPU:255,141 CYC:29032
> 688D  C5F4  40        RTI                             A:81 X:03 Y:78 P:A5 SP:FF PPU:255,162 CYC:29039
> 688E  00        BRK                             A:81 X:03 Y:78 P:A5 SP:02 PPU:255,180 CYC:29045
> 688F  C5F4  40        RTI                             A:81 X:03 Y:78 P:A5 SP:FF PPU:255,201 CYC:29052
> 6890  00        BRK                             A:81 X:03 Y:78 P:A5 SP:02 PPU:255,219 CYC:29058
> 6891  C5F4  40        RTI                             A:81 X:03 Y:78 P:A5 SP:FF PPU:255,240 CYC:29065
> 6892  00        BRK                             A:81 X:03 Y:78 P:A5 SP:02 PPU:255,258 CYC:29071
> 6893  C5F4  40        RTI                             A:81 X:03 Y:78 P:A5 SP:FF PPU:255,279 CYC:29078
> 6894  00        BRK                             A:81 X:03 Y:78 P:A5 SP:02 PPU:255,297 CYC:29084
> 6895  C5F4  40        RTI                             A:81 X:03 Y:78 P:A5 SP:FF PPU:255,318 CYC:29091
> 6896  00        BRK                             A:81 X:03 Y:78 P:A5 SP:02 PPU:255,336 CYC:29097
> 6897  C5F4  40        RTI                             A:81 X:03 Y:78 P:A5 SP:FF PPU:256, 16 CYC:29104
> 6898  00        BRK                             A:81 X:03 Y:78 P:A5 SP:02 PPU:256, 34 CYC:29110
> 6899  C5F4  40        RTI                             A:81 X:03 Y:78 P:A5 SP:FF PPU:256, 55 CYC:29117
> 689A  00        BRK                             A:81 X:03 Y:78 P:A5 SP:02 PPU:256, 73 CYC:29123
> 689B  C5F4  40        RTI                             A:81 X:03 Y:78 P:A5 SP:FF PPU:256, 94 CYC:29130
> 689C  00        BRK                             A:81 X:03 Y:78 P:A5 SP:02 PPU:256,112 CYC:29136
> 689D  C5F4  40        RTI                             A:81 X:03 Y:78 P:A5 SP:FF PPU:256,133 CYC:29143
> 689E  00        BRK                             A:81 X:03 Y:78 P:A5 SP:02 PPU:256,151 CYC:29149
> 689F  C5F4  40        RTI                             A:81 X:03 Y:78 P:A5 SP:FF PPU:256,172 CYC:29156
> 68A0  00        BRK                             A:81 X:03 Y:78 P:A5 SP:02 PPU:256,190 CYC:29162
> 68A1  C5F4  40        RTI                             A:81 X:03 Y:78 P:A5 SP:FF PPU:256,211 CYC:29169
> 68A2  00        BRK                             A:81 X:03 Y:78 P:A5 SP:02 PPU:256,229 CYC:29175
> 68A3  C5F4  40        RTI                             A:81 X:03 Y:78 P:A5 SP:FF PPU:256,250 CYC:29182
> 68A4  00        BRK                             A:81 X:03 Y:78 P:A5 SP:02 PPU:256,268 CYC:29188
> 68A5  C5F4  40        RTI                             A:81 X:03 Y:78 P:A5 SP:FF PPU:256,289 CYC:29195
> 68A6  00        BRK                             A:81 X:03 Y:78 P:A5 SP:02 PPU:256,307 CYC:29201
> 68A7  C5F4  40        RTI                             A:81 X:03 Y:78 P:A5 SP:FF PPU:256,328 CYC:29208
> 68A8  00        BRK                             A:81 X:03 Y:78 P:A5 SP:02 PPU:257,  5 CYC:29214
> 68A9  C5F4  40        RTI                             A:81 X:03 Y:78 P:A5 SP:FF PPU:257, 26 CYC:29221
> 68AA  00        BRK                             A:81 X:03 Y:78 P:A5 SP:02 PPU:257, 44 CYC:29227
> 68AB  C5F4  40        RTI                             A:81 X:03 Y:78 P:A5 SP:FF PPU:257, 65 CYC:29234
> 68AC  00        BRK                             A:81 X:03 Y:78 P:A5 SP:02 PPU:257, 83 CYC:29240
> 68AD  C5F4  40        RTI                             A:81 X:03 Y:78 P:A5 SP:FF PPU:257,104 CYC:29247
> 68AE  00        BRK                             A:81 X:03 Y:78 P:A5 SP:02 PPU:257,122 CYC:29253
> 68AF  C5F4  40        RTI                             A:81 X:03 Y:78 P:A5 SP:FF PPU:257,143 CYC:29260
> 68B0  00        BRK                             A:81 X:03 Y:78 P:A5 SP:02 PPU:257,161 CYC:29266
> 68B1  C5F4  40        RTI                             A:81 X:03 Y:78 P:A5 SP:FF PPU:257,182 CYC:29273
> 68B2  00        BRK                             A:81 X:03 Y:78 P:A5 SP:02 PPU:257,200 CYC:29279
> 68B3  C5F4  40        RTI                             A:81 X:03 Y:78 P:A5 SP:FF PPU:257,221 CYC:29286
> 68B4  00        BRK                             A:81 X:03 Y:78 P:A5 SP:02 PPU:257,239 CYC:29292
> 68B5  C5F4  40        RTI                             A:81 X:03 Y:78 P:A5 SP:FF PPU:257,260 CYC:29299
> 68B6  00        BRK                             A:81 X:03 Y:78 P:A5 SP:02 PPU:257,278 CYC:29305
> 68B7  C5F4  40        RTI                             A:81 X:03 Y:78 P:A5 SP:FF PPU:257,299 CYC:29312
> 68B8  00        BRK                             A:81 X:03 Y:78 P:A5 SP:02 PPU:257,317 CYC:29318
> 68B9  C5F4  40        RTI                             A:81 X:03 Y:78 P:A5 SP:FF PPU:257,338 CYC:29325
> 68BA  00        BRK                             A:81 X:03 Y:78 P:A5 SP:02 PPU:258, 15 CYC:29331
> 68BB  C5F4  40        RTI                             A:81 X:03 Y:78 P:A5 SP:FF PPU:258, 36 CYC:29338
> 68BC  00        BRK                             A:81 X:03 Y:78 P:A5 SP:02 PPU:258, 54 CYC:29344
> 68BD  C5F4  40        RTI                             A:81 X:03 Y:78 P:A5 SP:FF PPU:258, 75 CYC:29351
> 68BE  00        BRK                             A:81 X:03 Y:78 P:A5 SP:02 PPU:258, 93 CYC:29357
> 68BF  C5F4  40        RTI                             A:81 X:03 Y:78 P:A5 SP:FF PPU:258,114 CYC:29364
> 68C0  00        BRK                             A:81 X:03 Y:78 P:A5 SP:02 PPU:258,132 CYC:29370
> 68C1  C5F4  40        RTI                             A:81 X:03 Y:78 P:A5 SP:FF PPU:258,153 CYC:29377
> 68C2  00        BRK                             A:81 X:03 Y:78 P:A5 SP:02 PPU:258,171 CYC:29383
> 68C3  C5F4  40        RTI                             A:81 X:03 Y:78 P:A5 SP:FF PPU:258,192 CYC:29390
> 68C4  00        BRK                             A:81 X:03 Y:78 P:A5 SP:02 PPU:258,210 CYC:29396
> 68C5  C5F4  40        RTI                             A:81 X:03 Y:78 P:A5 SP:FF PPU:258,231 CYC:29403
> 68C6  00        BRK                             A:81 X:03 Y:78 P:A5 SP:02 PPU:258,249 CYC:29409
> 68C7  C5F4  40        RTI                             A:81 X:03 Y:78 P:A5 SP:FF PPU:258,270 CYC:29416
> 68C8  00        BRK                             A:81 X:03 Y:78 P:A5 SP:02 PPU:258,288 CYC:29422
> 68C9  C5F4  40        RTI                             A:81 X:03 Y:78 P:A5 SP:FF PPU:258,309 CYC:29429
> 68CA  00        BRK                             A:81 X:03 Y:78 P:A5 SP:02 PPU:258,327 CYC:29435
> 68CB  C5F4  40        RTI                             A:81 X:03 Y:78 P:A5 SP:FF PPU:259,  7 CYC:29442
> 68CC  00        BRK                             A:81 X:03 Y:78 P:A5 SP:02 PPU:259, 25 CYC:29448
> 68CD  C5F4  40        RTI                             A:81 X:03 Y:78 P:A5 SP:FF PPU:259, 46 CYC:29455
> 68CE  00        BRK                             A:81 X:03 Y:78 P:A5 SP:02 PPU:259, 64 CYC:29461
> 68CF  C5F4  40        RTI                             A:81 X:03 Y:78 P:A5 SP:FF PPU:259, 85 CYC:29468
> 68D0  00        BRK                             A:81 X:03 Y:78 P:A5 SP:02 PPU:259,103 CYC:29474
> 68D1  C5F4  40        RTI                             A:81 X:03 Y:78 P:A5 SP:FF PPU:259,124 CYC:29481
> 68D2  00        BRK                             A:81 X:03 Y:78 P:A5 SP:02 PPU:259,142 CYC:29487
> 68D3  C5F4  40        RTI                             A:81 X:03 Y:78 P:A5 SP:FF PPU:259,163 CYC:29494
> 68D4  00        BRK                             A:81 X:03 Y:78 P:A5 SP:02 PPU:259,181 CYC:29500
> 68D5  C5F4  40        RTI                             A:81 X:03 Y:78 P:A5 SP:FF PPU:259,202 CYC:29507
> 68D6  00        BRK                             A:81 X:03 Y:78 P:A5 SP:02 PPU:259,220 CYC:29513
> 68D7  C5F4  40        RTI                             A:81 X:03 Y:78 P:A5 SP:FF PPU:259,241 CYC:29520
> 68D8  00        BRK                             A:81 X:03 Y:78 P:A5 SP:02 PPU:259,259 CYC:29526
> 68D9  C5F4  40        RTI                             A:81 X:03 Y:78 P:A5 SP:FF PPU:259,280 CYC:29533
> 68DA  00        BRK                             A:81 X:03 Y:78 P:A5 SP:02 PPU:259,298 CYC:29539
> 68DB  C5F4  40        RTI                             A:81 X:03 Y:78 P:A5 SP:FF PPU:259,319 CYC:29546
> 68DC  00        BRK                             A:81 X:03 Y:78 P:A5 SP:02 PPU:259,337 CYC:29552
> 68DD  C5F4  40        RTI                             A:81 X:03 Y:78 P:A5 SP:FF PPU:260, 17 CYC:29559
> 68DE  00        BRK                             A:81 X:03 Y:78 P:A5 SP:02 PPU:260, 35 CYC:29565
> 68DF  C5F4  40        RTI                             A:81 X:03 Y:78 P:A5 SP:FF PPU:260, 56 CYC:29572
> 68E0  00        BRK                             A:81 X:03 Y:78 P:A5 SP:02 PPU:260, 74 CYC:29578
> 68E1  C5F4  40        RTI                             A:81 X:03 Y:78 P:A5 SP:FF PPU:260, 95 CYC:29585
> 68E2  00        BRK                             A:81 X:03 Y:78 P:A5 SP:02 PPU:260,113 CYC:29591
> 68E3  C5F4  40        RTI                             A:81 X:03 Y:78 P:A5 SP:FF PPU:260,134 CYC:29598
> 68E4  00        BRK                             A:81 X:03 Y:78 P:A5 SP:02 PPU:260,152 CYC:29604
> 68E5  C5F4  40        RTI                             A:81 X:03 Y:78 P:A5 SP:FF PPU:260,173 CYC:29611
> 68E6  00        BRK                             A:81 X:03 Y:78 P:A5 SP:02 PPU:260,191 CYC:29617
> 68E7  C5F4  40        RTI                             A:81 X:03 Y:78 P:A5 SP:FF PPU:260,212 CYC:29624
> 68E8  00        BRK                             A:81 X:03 Y:78 P:A5 SP:02 PPU:260,230 CYC:29630
> 68E9  C5F4  40        RTI                             A:81 X:03 Y:78 P:A5 SP:FF PPU:260,251 CYC:29637
> 68EA  00        BRK                             A:81 X:03 Y:78 P:A5 SP:02 PPU:260,269 CYC:29643
> 68EB  C5F4  40        RTI                             A:81 X:03 Y:78 P:A5 SP:FF PPU:260,290 CYC:29650
> 68EC  00        BRK                             A:81 X:03 Y:78 P:A5 SP:02 PPU:260,308 CYC:29656
> 68ED  C5F4  40        RTI                             A:81 X:03 Y:78 P:A5 SP:FF PPU:260,329 CYC:29663
> 68EE  00        BRK                             A:81 X:03 Y:78 P:A5 SP:02 PPU:261,  6 CYC:29669
> 68EF  C5F4  40        RTI                             A:81 X:03 Y:78 P:A5 SP:FF PPU:261, 27 CYC:29676
> 68F0  00        BRK                             A:81 X:03 Y:78 P:A5 SP:02 PPU:261, 45 CYC:29682
> 68F1  C5F4  40        RTI                             A:81 X:03 Y:78 P:A5 SP:FF PPU:261, 66 CYC:29689
> 68F2  00        BRK                             A:81 X:03 Y:78 P:A5 SP:02 PPU:261, 84 CYC:29695
> 68F3  
\ No newline at end of file
